2019-12-13 16:48:09,588 : kivy : Factory: 184 symbols loaded
2019-12-13 16:48:09,679 : kivy : Image: Providers: img_tex, img_dds, img_sdl2, img_pil, img_gif (img_ffpyplayer ignored)
2019-12-13 16:48:09,727 : kivy : VideoGstplayer: Using Gstreamer 1.16.0.0
2019-12-13 16:48:09,727 : kivy : Video: Provider: gstplayer
2019-12-13 16:48:09,787 : kivy : Loading MPF-MC controller
2019-12-13 16:48:09,787 : mpfmc : Mission Pinball Framework Media Controller v0.53.0-dev.15
2019-12-13 16:48:09,787 : mpfmc : Mission Pinball Framework Game Engine v0.53.0-dev.68
2019-12-13 16:48:09,787 : mpfmc : Machine path: D:\mpf\wows\wows
2019-12-13 16:48:09,788 : ConfigProcessor : Config file in cache changed: D:\mpf\wows\wows\config\config
2019-12-13 16:48:09,789 : ConfigProcessor : Loading config from file c:\users\schol\appdata\local\programs\python\python36\lib\site-packages\mpfmc\mcconfig.yaml.
2019-12-13 16:48:09,832 : ConfigProcessor : Loading config: c:\users\schol\appdata\local\programs\python\python36\lib\site-packages\mpfmc\mcconfig.yaml
2019-12-13 16:48:09,840 : ConfigProcessor : Loading config from file D:\mpf\wows\wows\config\config.
2019-12-13 16:48:09,924 : ConfigProcessor : Loading config: D:\mpf\wows\wows\config\config
2019-12-13 16:48:09,926 : ConfigProcessor : Config file cache created: C:\Users\schol\AppData\Local\Temp\31418c17c7947b0b26bf3ae2a4803514.mpf_cache
2019-12-13 16:48:09,927 : mpfmc : Starting clock at 60.0Hz
2019-12-13 16:48:09,938 : kivy : Text: Provider: sdl2
2019-12-13 16:48:09,971 : kivy : Window: Provider: sdl2
2019-12-13 16:48:10,295 : kivy : GL: Using the "OpenGL" graphics system
2019-12-13 16:48:10,298 : kivy : GL: GLEW initialization succeeded
2019-12-13 16:48:10,299 : kivy : GL: Backend used <glew>
2019-12-13 16:48:10,299 : kivy : GL: OpenGL version <b'4.6.0 NVIDIA 432.00'>
2019-12-13 16:48:10,299 : kivy : GL: OpenGL vendor <b'NVIDIA Corporation'>
2019-12-13 16:48:10,299 : kivy : GL: OpenGL renderer <b'GeForce GTX 1060 6GB/PCIe/SSE2'>
2019-12-13 16:48:10,299 : kivy : GL: OpenGL parsed version: 4, 6
2019-12-13 16:48:10,299 : kivy : GL: Shading version <b'4.60 NVIDIA'>
2019-12-13 16:48:10,299 : kivy : GL: Texture max size <32768>
2019-12-13 16:48:10,299 : kivy : GL: Texture max units <32>
2019-12-13 16:48:10,315 : kivy : Window: auto add sdl2 input provider
2019-12-13 16:48:10,315 : kivy : Window: virtual keyboard not allowed, single mode, not docked
2019-12-13 16:48:10,322 : SoundSystem : SoundSystem: Using default 'sound_system' settings
2019-12-13 16:48:10,478 : AudioInterface : Initialized
2019-12-13 16:48:10,479 : SoundSystem : No audio tracks are specified in your machine config file. a track named 'default' has been created.
2019-12-13 16:48:10,480 : kivy : Base: Start application main loop
2019-12-13 16:48:10,481 : EventManager : Event: ======'display_window_initialized'====== Args={}
2019-12-13 16:48:10,481 : EventManager : Event: ======'display_dmd_initialized'====== Args={}
2019-12-13 16:48:10,513 : mpfmc : Display: Setting 'dmd' as default display
2019-12-13 16:48:10,519 : EventManager : Event: ======'displays_initialized'====== Args={}
2019-12-13 16:48:10,520 : EventManager : Event: ======'slide_window_blank_created'====== Args={}
2019-12-13 16:48:10,520 : EventManager : Event: ======'display_window_ready'====== Args={}
2019-12-13 16:48:10,520 : EventManager : Event: ======'slide_dmd_blank_created'====== Args={}
2019-12-13 16:48:10,520 : EventManager : Event: ======'display_dmd_ready'====== Args={}
2019-12-13 16:48:10,528 : EventManager : Event: ======'init_phase_1'====== Args={}
2019-12-13 16:48:10,531 : EventManager : Event: ======'mc_ready'====== Args={}
2019-12-13 16:48:10,531 : EventManager : Event: ======'init_phase_2'====== Args={}
2019-12-13 16:48:10,532 : ConfigProcessor : Loading config from cache: C:\Users\schol\AppData\Local\Temp\e8c0a02b20549d458f541dd443ff3ce4.mpf_cache
2019-12-13 16:48:10,537 : ConfigProcessor : Loading config from cache: C:\Users\schol\AppData\Local\Temp\d5fd805c5432c1441bf01a6268536a3d.mpf_cache
2019-12-13 16:48:10,537 : ConfigProcessor : Loading config from cache: C:\Users\schol\AppData\Local\Temp\a327e3a062200f866ce963b9d13b0dd9.mpf_cache
2019-12-13 16:48:10,538 : ConfigProcessor : Loading config from cache: C:\Users\schol\AppData\Local\Temp\5c4497fcd69d1d656c4b69a28e44c490.mpf_cache
2019-12-13 16:48:10,538 : EventManager : Event: ======'init_phase_3'====== Args={}
2019-12-13 16:48:10,538 : AssetManager : Registering Asset: C_Prog100, File: C_Prog100.jpg, Default Group: default, Final Config: {'load': 'preload', 'file': 'D:\\mpf\\wows\\wows\\images\\C_Prog100.jpg'}
2019-12-13 16:48:10,539 : AssetManager : Registering Asset: mode_7_shot_made, File: mode_7_shot_made.gif, Default Group: default, Final Config: {'load': 'preload', 'file': 'D:\\mpf\\wows\\wows\\modes\\mode_7\\images\\mode_7_shot_made.gif'}
2019-12-13 16:48:10,539 : EventManager : Event: ======'init_phase_4'====== Args={}
2019-12-13 16:48:10,539 : EventManager : Event: ======'init_phase_5'====== Args={}
2019-12-13 16:48:10,604 : EventManager : Event: ======'loading_assets'====== Args={'total': 2, 'loaded': 1, 'remaining': 1, 'percent': 50}
2019-12-13 16:48:10,604 : AssetManager : Loading assets: 1/2 (50%)
2019-12-13 16:48:10,604 : EventManager : Event: ======'loading_assets'====== Args={'total': 2, 'loaded': 2, 'remaining': 0, 'percent': 100}
2019-12-13 16:48:10,604 : AssetManager : Asset loading took: 0.12524104118347168
2019-12-13 16:48:10,604 : EventManager : Event: ======'asset_loading_complete'====== Args={}
2019-12-13 16:48:10,604 : AssetManager : Loading assets: 2/2 (100%)
2019-12-13 16:48:10,604 : EventManager : Event: ======'init_done'====== Args={}
2019-12-13 16:48:10,604 : MPF-MC BCP Server : Starting up on localhost port 5050
2019-12-13 16:48:10,607 : MPF-MC BCP Server : Waiting for a connection...
2019-12-13 16:48:10,607 : mpfmc : SlidePlayer: Play called with settings={'slides': {welcome_slide-None-None: {'target': 'window', 'priority': None, 'background_color': [0.0, 0.0, 0.0, 1.0], 'show': True, 'force': False, 'expire': None, 'slide': None, 'tokens': {}, 'action': 'play', 'transition': None, 'transition_out': None}}}
2019-12-13 16:48:10,610 : kivy : GL: NPOT texture support is available
2019-12-13 16:48:10,621 : EventManager : Event: ======'slide_welcome_slide_created'====== Args={}
2019-12-13 16:48:10,629 : EventManager : Event: ======'slide_welcome_slide_active'====== Args={}
2019-12-13 16:48:10,683 : EventManager : Event: ======'client_disconnected'====== Args={'host': '127.0.0.1', 'port': 5050}
2019-12-13 16:48:11,714 : MPF-MC BCP Server : Received connection from: 127.0.0.1:62258
2019-12-13 16:48:11,717 : EventManager : Event: ======'client_connected'====== Args={'host': '127.0.0.1', 'port': 62258}
2019-12-13 16:48:11,734 : EventManager : Event: ======'machine_var_credits_string'====== Args={'value': 'FREE PLAY', 'prev_value': None, 'change': True}
2019-12-13 16:48:11,734 : EventManager : Event: ======'machine_var_player1_score'====== Args={'value': 0, 'prev_value': None, 'change': True}
2019-12-13 16:48:11,734 : EventManager : Event: ======'machine_var_mpf_version'====== Args={'value': 'MPF v0.53.0-dev.68', 'prev_value': None, 'change': True}
2019-12-13 16:48:11,734 : EventManager : Event: ======'machine_var_mpf_extended_version'====== Args={'value': 'MPF v0.53.0-dev.68, Config version:5, Show version: 5, BCP version:1.1', 'prev_value': None, 'change': True}
2019-12-13 16:48:11,734 : EventManager : Event: ======'machine_var_python_version'====== Args={'value': '3.6.4', 'prev_value': None, 'change': True}
2019-12-13 16:48:11,734 : EventManager : Event: ======'machine_var_platform'====== Args={'value': 'Windows-10-10.0.18362-SP0', 'prev_value': None, 'change': True}
2019-12-13 16:48:11,734 : EventManager : Event: ======'machine_var_platform_system'====== Args={'value': 'Windows', 'prev_value': None, 'change': True}
2019-12-13 16:48:11,734 : EventManager : Event: ======'machine_var_platform_release'====== Args={'value': '10', 'prev_value': None, 'change': True}
2019-12-13 16:48:11,734 : EventManager : Event: ======'machine_var_platform_version'====== Args={'value': '10.0.18362', 'prev_value': None, 'change': True}
2019-12-13 16:48:11,735 : EventManager : Event: ======'machine_var_platform_machine'====== Args={'value': 'AMD64', 'prev_value': None, 'change': True}
2019-12-13 16:48:11,735 : EventManager : Event: ======'machine_var_mc_version'====== Args={'value': 'MPF-MC v0.53.0-dev.15', 'prev_value': None, 'change': True}
2019-12-13 16:48:11,735 : EventManager : Event: ======'machine_var_mc_extended_version'====== Args={'value': 'MPF-MC v0.53.0-dev.15 (config_version=5, BCP v1.1, Requires MPF v0.53.0-dev.51)', 'prev_value': None, 'change': True}
2019-12-13 16:48:11,735 : EventManager : Event: ======'machine_var_master_volume'====== Args={'value': 0.5, 'prev_value': None, 'change': True}
2019-12-13 16:48:11,784 : EventManager : Event: ======'machine_var_audits_events_game_ended'====== Args={'value': 1, 'prev_value': None, 'change': True}
2019-12-13 16:48:11,784 : EventManager : Event: ======'machine_var_audits_events_game_started'====== Args={'value': 111, 'prev_value': None, 'change': True}
2019-12-13 16:48:11,784 : EventManager : Event: ======'machine_var_audits_player_score'====== Args={'value': {'average': 0.0, 'top': [0], 'total': 1}, 'prev_value': None, 'change': True}
2019-12-13 16:48:11,784 : EventManager : Event: ======'machine_var_audits_switches_s_bumper_1'====== Args={'value': 0, 'prev_value': None, 'change': True}
2019-12-13 16:48:11,784 : EventManager : Event: ======'machine_var_audits_switches_s_bumper_2'====== Args={'value': 0, 'prev_value': None, 'change': True}
2019-12-13 16:48:11,784 : EventManager : Event: ======'machine_var_audits_switches_s_bumper_3'====== Args={'value': 0, 'prev_value': None, 'change': True}
2019-12-13 16:48:11,784 : EventManager : Event: ======'machine_var_audits_switches_s_center_ramp'====== Args={'value': 0, 'prev_value': None, 'change': True}
2019-12-13 16:48:11,784 : EventManager : Event: ======'machine_var_audits_switches_s_citadel'====== Args={'value': 0, 'prev_value': None, 'change': True}
2019-12-13 16:48:11,801 : EventManager : Event: ======'machine_var_audits_switches_s_citadel_lock'====== Args={'value': 0, 'prev_value': None, 'change': True}
2019-12-13 16:48:11,801 : EventManager : Event: ======'machine_var_audits_switches_s_detonation'====== Args={'value': 0, 'prev_value': None, 'change': True}
2019-12-13 16:48:11,801 : EventManager : Event: ======'machine_var_audits_switches_s_dmg_1'====== Args={'value': 362, 'prev_value': None, 'change': True}
2019-12-13 16:48:11,801 : EventManager : Event: ======'machine_var_audits_switches_s_dmg_2'====== Args={'value': 3, 'prev_value': None, 'change': True}
2019-12-13 16:48:11,801 : EventManager : Event: ======'machine_var_audits_switches_s_dmg_3'====== Args={'value': 3, 'prev_value': None, 'change': True}
2019-12-13 16:48:11,801 : EventManager : Event: ======'machine_var_audits_switches_s_dmg_4'====== Args={'value': 1, 'prev_value': None, 'change': True}
2019-12-13 16:48:11,801 : EventManager : Event: ======'machine_var_audits_switches_s_dmg_5'====== Args={'value': 1, 'prev_value': None, 'change': True}
2019-12-13 16:48:11,801 : EventManager : Event: ======'machine_var_audits_switches_s_dmg_6'====== Args={'value': 1, 'prev_value': None, 'change': True}
2019-12-13 16:48:11,801 : EventManager : Event: ======'machine_var_audits_switches_s_dmg_7'====== Args={'value': 1, 'prev_value': None, 'change': True}
2019-12-13 16:48:11,801 : EventManager : Event: ======'machine_var_audits_switches_s_drop_target'====== Args={'value': 0, 'prev_value': None, 'change': True}
2019-12-13 16:48:11,801 : EventManager : Event: ======'machine_var_audits_switches_s_jet_hole'====== Args={'value': 0, 'prev_value': None, 'change': True}
2019-12-13 16:48:11,801 : EventManager : Event: ======'machine_var_audits_switches_s_jet_lane'====== Args={'value': 0, 'prev_value': None, 'change': True}
2019-12-13 16:48:11,801 : EventManager : Event: ======'machine_var_audits_switches_s_kickback'====== Args={'value': 0, 'prev_value': None, 'change': True}
2019-12-13 16:48:11,802 : EventManager : Event: ======'machine_var_audits_switches_s_kickback_target_2'====== Args={'value': 0, 'prev_value': None, 'change': True}
2019-12-13 16:48:11,802 : EventManager : Event: ======'machine_var_audits_switches_s_kickback_target_3'====== Args={'value': 2, 'prev_value': None, 'change': True}
2019-12-13 16:48:11,802 : EventManager : Event: ======'machine_var_audits_switches_s_kickback_terget_1'====== Args={'value': 0, 'prev_value': None, 'change': True}
2019-12-13 16:48:11,802 : EventManager : Event: ======'machine_var_audits_switches_s_left_flipper'====== Args={'value': 45, 'prev_value': None, 'change': True}
2019-12-13 16:48:11,802 : EventManager : Event: ======'machine_var_audits_switches_s_left_hole'====== Args={'value': 0, 'prev_value': None, 'change': True}
2019-12-13 16:48:11,802 : EventManager : Event: ======'machine_var_audits_switches_s_left_inlane'====== Args={'value': 0, 'prev_value': None, 'change': True}
2019-12-13 16:48:11,802 : EventManager : Event: ======'machine_var_audits_switches_s_left_loop_made'====== Args={'value': 3, 'prev_value': None, 'change': True}
2019-12-13 16:48:11,802 : EventManager : Event: ======'machine_var_audits_switches_s_left_loop_pre'====== Args={'value': 0, 'prev_value': None, 'change': True}
2019-12-13 16:48:11,802 : EventManager : Event: ======'machine_var_audits_switches_s_left_mid_inlane'====== Args={'value': 0, 'prev_value': None, 'change': True}
2019-12-13 16:48:11,802 : EventManager : Event: ======'machine_var_audits_switches_s_left_outlane'====== Args={'value': 0, 'prev_value': None, 'change': True}
2019-12-13 16:48:11,802 : EventManager : Event: ======'machine_var_audits_switches_s_left_ramp_made'====== Args={'value': 0, 'prev_value': None, 'change': True}
2019-12-13 16:48:11,802 : EventManager : Event: ======'machine_var_audits_switches_s_left_ramp_pre'====== Args={'value': 0, 'prev_value': None, 'change': True}
2019-12-13 16:48:11,802 : EventManager : Event: ======'machine_var_audits_switches_s_left_slingshot'====== Args={'value': 0, 'prev_value': None, 'change': True}
2019-12-13 16:48:11,802 : EventManager : Event: ======'machine_var_audits_switches_s_lock_1'====== Args={'value': 0, 'prev_value': None, 'change': True}
2019-12-13 16:48:11,802 : EventManager : Event: ======'machine_var_audits_switches_s_lock_2'====== Args={'value': 0, 'prev_value': None, 'change': True}
2019-12-13 16:48:11,803 : EventManager : Event: ======'machine_var_audits_switches_s_lock_3'====== Args={'value': 0, 'prev_value': None, 'change': True}
2019-12-13 16:48:11,803 : EventManager : Event: ======'machine_var_audits_switches_s_main_hole'====== Args={'value': 18, 'prev_value': None, 'change': True}
2019-12-13 16:48:11,803 : EventManager : Event: ======'machine_var_audits_switches_s_pen_1'====== Args={'value': 1, 'prev_value': None, 'change': True}
2019-12-13 16:48:11,803 : EventManager : Event: ======'machine_var_audits_switches_s_pen_2'====== Args={'value': 1, 'prev_value': None, 'change': True}
2019-12-13 16:48:11,803 : EventManager : Event: ======'machine_var_audits_switches_s_pen_3'====== Args={'value': 0, 'prev_value': None, 'change': True}
2019-12-13 16:48:11,803 : EventManager : Event: ======'machine_var_audits_switches_s_pen_4'====== Args={'value': 1, 'prev_value': None, 'change': True}
2019-12-13 16:48:11,803 : EventManager : Event: ======'machine_var_audits_switches_s_pen_5'====== Args={'value': 0, 'prev_value': None, 'change': True}
2019-12-13 16:48:11,803 : EventManager : Event: ======'machine_var_audits_switches_s_pen_6'====== Args={'value': 1, 'prev_value': None, 'change': True}
2019-12-13 16:48:11,803 : EventManager : Event: ======'machine_var_audits_switches_s_plunger'====== Args={'value': 122, 'prev_value': None, 'change': True}
2019-12-13 16:48:11,803 : EventManager : Event: ======'machine_var_audits_switches_s_plunger_button'====== Args={'value': 2, 'prev_value': None, 'change': True}
2019-12-13 16:48:11,803 : EventManager : Event: ======'machine_var_audits_switches_s_ricochet_1'====== Args={'value': 24, 'prev_value': None, 'change': True}
2019-12-13 16:48:11,803 : EventManager : Event: ======'machine_var_audits_switches_s_ricochet_2'====== Args={'value': 7, 'prev_value': None, 'change': True}
2019-12-13 16:48:11,803 : EventManager : Event: ======'machine_var_audits_switches_s_ricochet_3'====== Args={'value': 2, 'prev_value': None, 'change': True}
2019-12-13 16:48:11,803 : EventManager : Event: ======'machine_var_audits_switches_s_ricochet_4'====== Args={'value': 5, 'prev_value': None, 'change': True}
2019-12-13 16:48:11,803 : EventManager : Event: ======'machine_var_audits_switches_s_ricochet_5'====== Args={'value': 5, 'prev_value': None, 'change': True}
2019-12-13 16:48:11,803 : EventManager : Event: ======'machine_var_audits_switches_s_right_flipper'====== Args={'value': 101, 'prev_value': None, 'change': True}
2019-12-13 16:48:11,804 : EventManager : Event: ======'machine_var_audits_switches_s_right_hole'====== Args={'value': 1, 'prev_value': None, 'change': True}
2019-12-13 16:48:11,804 : EventManager : Event: ======'machine_var_audits_switches_s_right_inlane'====== Args={'value': 0, 'prev_value': None, 'change': True}
2019-12-13 16:48:11,804 : EventManager : Event: ======'machine_var_audits_switches_s_right_outlane'====== Args={'value': 0, 'prev_value': None, 'change': True}
2019-12-13 16:48:11,804 : EventManager : Event: ======'machine_var_audits_switches_s_right_ramp_made'====== Args={'value': 0, 'prev_value': None, 'change': True}
2019-12-13 16:48:11,804 : EventManager : Event: ======'machine_var_audits_switches_s_right_ramp_pre'====== Args={'value': 0, 'prev_value': None, 'change': True}
2019-12-13 16:48:11,804 : EventManager : Event: ======'machine_var_audits_switches_s_right_slingshot'====== Args={'value': 0, 'prev_value': None, 'change': True}
2019-12-13 16:48:11,804 : EventManager : Event: ======'machine_var_audits_switches_s_side_hole'====== Args={'value': 2, 'prev_value': None, 'change': True}
2019-12-13 16:48:11,804 : EventManager : Event: ======'machine_var_audits_switches_s_side_ramp_made'====== Args={'value': 0, 'prev_value': None, 'change': True}
2019-12-13 16:48:11,804 : EventManager : Event: ======'machine_var_audits_switches_s_side_ramp_pre'====== Args={'value': 0, 'prev_value': None, 'change': True}
2019-12-13 16:48:11,804 : EventManager : Event: ======'machine_var_audits_switches_s_start'====== Args={'value': 7, 'prev_value': None, 'change': True}
2019-12-13 16:48:11,804 : EventManager : Event: ======'machine_var_audits_switches_s_torpedo'====== Args={'value': 12, 'prev_value': None, 'change': True}
2019-12-13 16:48:11,804 : EventManager : Event: ======'machine_var_audits_switches_s_trough1'====== Args={'value': 6, 'prev_value': None, 'change': True}
2019-12-13 16:48:11,804 : EventManager : Event: ======'machine_var_audits_switches_s_trough2'====== Args={'value': 0, 'prev_value': None, 'change': True}
2019-12-13 16:48:11,804 : EventManager : Event: ======'machine_var_audits_switches_s_trough3'====== Args={'value': 0, 'prev_value': None, 'change': True}
2019-12-13 16:48:11,804 : EventManager : Event: ======'machine_var_audits_switches_s_trough4'====== Args={'value': 0, 'prev_value': None, 'change': True}
2019-12-13 16:48:11,804 : EventManager : Event: ======'machine_var_audits_switches_s_trough5'====== Args={'value': 0, 'prev_value': None, 'change': True}
2019-12-13 16:48:11,805 : EventManager : Event: ======'machine_var_audits_switches_s_trough6'====== Args={'value': 1, 'prev_value': None, 'change': True}
2019-12-13 16:48:11,805 : EventManager : Event: ======'machine_var_audits_switches_s_trough_jam'====== Args={'value': 0, 'prev_value': None, 'change': True}
2019-12-13 16:48:11,834 : EventManager : Event: ======'slides_play'====== Args={'settings': {'welcome_slide': {'target': 'window', 'background_color': [0.0, 0.0, 0.0, 1.0], 'priority': None, 'show': True, 'force': False, 'expire': None, 'slide': None, 'tokens': {}, 'action': 'play'}}, 'context': '_global', 'calling_context': 'init_done', 'priority': 0}
2019-12-13 16:48:11,834 : EventManager : Event: ======'mc_reset_phase_1'====== Args={}
2019-12-13 16:48:11,834 : mpfmc : SlidePlayer: Play called with settings={'welcome_slide': {'target': 'window', 'background_color': [0.0, 0.0, 0.0, 1.0], 'priority': None, 'show': True, 'force': False, 'expire': None, 'slide': None, 'tokens': {}, 'action': 'play'}}
2019-12-13 16:48:11,836 : EventManager : Event: ======'slide_welcome_slide_removed'====== Args={}
2019-12-13 16:48:11,845 : EventManager : Event: ======'slide_welcome_slide_created'====== Args={}
2019-12-13 16:48:11,846 : EventManager : Event: ======'mc_reset_phase_2'====== Args={}
2019-12-13 16:48:11,846 : EventManager : Event: ======'mc_reset_phase_3'====== Args={}
2019-12-13 16:48:11,846 : EventManager : Event: ======'mc_reset_complete'====== Args={}
2019-12-13 16:48:11,847 : EventManager : Event: ======'slide_welcome_slide_active'====== Args={}
2019-12-13 16:48:11,858 : EventManager : Event: ======'slides_play'====== Args={'settings': {'attract_started': {'target': 'window', 'background_color': [0.0, 0.0, 0.0, 1.0], 'priority': None, 'show': True, 'force': False, 'expire': None, 'slide': None, 'tokens': {}, 'action': 'play'}}, 'context': '_global', 'calling_context': 'mode_attract_started', 'priority': 0}
2019-12-13 16:48:11,858 : mpfmc : SlidePlayer: Play called with settings={'attract_started': {'target': 'window', 'background_color': [0.0, 0.0, 0.0, 1.0], 'priority': None, 'show': True, 'force': False, 'expire': None, 'slide': None, 'tokens': {}, 'action': 'play'}}
2019-12-13 16:48:11,870 : EventManager : Event: ======'slide_attract_started_created'====== Args={}
2019-12-13 16:48:11,881 : EventManager : Event: ======'slide_attract_started_active'====== Args={}
2019-12-13 16:48:15,101 : EventManager : Event: ======'game_started'====== Args={}
2019-12-13 16:48:15,117 : EventManager : Event: ======'player_added'====== Args={'player': <Player 1>, 'num': 1}
2019-12-13 16:48:15,117 : EventManager : Event: ======'player_index'====== Args={'value': 0, 'prev_value': 0, 'change': 0, 'player_num': 1}
2019-12-13 16:48:15,117 : EventManager : Event: ======'player_number'====== Args={'value': 1, 'prev_value': 1, 'change': 0, 'player_num': 1}
2019-12-13 16:48:15,117 : EventManager : Event: ======'player_score'====== Args={'value': 0, 'prev_value': 0, 'change': 0, 'player_num': 1}
2019-12-13 16:48:15,117 : EventManager : Event: ======'player_ReceivedDMG'====== Args={'value': 1, 'prev_value': 0, 'change': 1, 'player_num': 1}
2019-12-13 16:48:15,117 : EventManager : Event: ======'player_DMGValue'====== Args={'value': 10000000, 'prev_value': 0, 'change': 10000000, 'player_num': 1}
2019-12-13 16:48:15,117 : EventManager : Event: ======'player_m1shotmade'====== Args={'value': 0, 'prev_value': 0, 'change': 0, 'player_num': 1}
2019-12-13 16:48:15,117 : EventManager : Event: ======'player_m2shotmade'====== Args={'value': 0, 'prev_value': 0, 'change': 0, 'player_num': 1}
2019-12-13 16:48:15,118 : EventManager : Event: ======'player_m3shotmade'====== Args={'value': 0, 'prev_value': 0, 'change': 0, 'player_num': 1}
2019-12-13 16:48:15,118 : EventManager : Event: ======'player_m4shotmade'====== Args={'value': 0, 'prev_value': 0, 'change': 0, 'player_num': 1}
2019-12-13 16:48:15,118 : EventManager : Event: ======'player_m5shotmade'====== Args={'value': 0, 'prev_value': 0, 'change': 0, 'player_num': 1}
2019-12-13 16:48:15,118 : EventManager : Event: ======'player_m6shotmade'====== Args={'value': 0, 'prev_value': 0, 'change': 0, 'player_num': 1}
2019-12-13 16:48:15,118 : EventManager : Event: ======'player_m7shotmade'====== Args={'value': 0, 'prev_value': 0, 'change': 0, 'player_num': 1}
2019-12-13 16:48:15,118 : EventManager : Event: ======'player_m8shotmade'====== Args={'value': 0, 'prev_value': 0, 'change': 0, 'player_num': 1}
2019-12-13 16:48:15,118 : EventManager : Event: ======'player_m9shotmade'====== Args={'value': 0, 'prev_value': 0, 'change': 0, 'player_num': 1}
2019-12-13 16:48:15,134 : EventManager : Event: ======'player_ball'====== Args={'value': 1, 'prev_value': 0, 'change': 1, 'player_num': 1}
2019-12-13 16:48:15,134 : EventManager : Event: ======'player_turn_start'====== Args={'number': 1, 'player': <Player 1>}
2019-12-13 16:48:15,151 : EventManager : Event: ======'slides_play'====== Args={'settings': {'widgets': {'widgets': [{'type': 'text', 'text': '(score)', 'number_grouping': True, 'min_digits': 2, 'font_size': 30, 'color': [1.0, 0.0, 0.0, 1], '_default_settings': ['type', 'text', 'number_grouping', 'min_digits', 'font_size', 'color'], 'x': None, 'y': None, 'anchor_x': 'center', 'anchor_y': 'center', 'round_anchor_x': None, 'round_anchor_y': None, 'opacity': 1.0, 'z': 0, 'reset_animations_events': {}, 'style': [], 'adjust_top': 0, 'adjust_bottom': 0, 'adjust_left': 0, 'adjust_right': 0, 'expire': None, 'key': None, 'widget': None, 'events_when_added': [], 'events_when_removed': [], 'bitmap_font': False, 'font_kerning': True, 'bold': False, 'italic': False, 'halign': 'center', 'valign': 'middle', 'rotation': 0, 'scale': 1.0, 'casing': None, 'animations': None}, {'type': 'text', 'text': 'PLAYER (number)', 'y': '0', 'x': '0', 'font_size': 8, 'anchor_x': 'left', 'anchor_y': 'bottom', 'color': [0.0, 0.0, 1.0, 1], '_default_settings': ['type', 'text', 'y', 'x', 'font_size', 'anchor_x', 'anchor_y', 'color'], 'round_anchor_x': None, 'round_anchor_y': None, 'opacity': 1.0, 'z': 0, 'reset_animations_events': {}, 'style': [], 'adjust_top': 0, 'adjust_bottom': 0, 'adjust_left': 0, 'adjust_right': 0, 'expire': None, 'key': None, 'widget': None, 'events_when_added': [], 'events_when_removed': [], 'bitmap_font': False, 'font_kerning': True, 'bold': False, 'italic': False, 'number_grouping': False, 'min_digits': 0, 'halign': 'center', 'valign': 'middle', 'rotation': 0, 'scale': 1.0, 'casing': None, 'animations': None}, {'type': 'text', 'text': 'BALL (ball)', 'y': '0', 'x': 'right-10', 'anchor_x': 'right', 'anchor_y': 'bottom', 'font_size': 8, 'color': [0.0, 0.5019607843137255, 0.0, 1], '_default_settings': ['type', 'text', 'y', 'x', 'anchor_x', 'anchor_y', 'font_size', 'color'], 'round_anchor_x': None, 'round_anchor_y': None, 'opacity': 1.0, 'z': 0, 'reset_animations_events': {}, 'style': [], 'adjust_top': 0, 'adjust_bottom': 0, 'adjust_left': 0, 'adjust_right': 0, 'expire': None, 'key': None, 'widget': None, 'events_when_added': [], 'events_when_removed': [], 'bitmap_font': False, 'font_kerning': True, 'bold': False, 'italic': False, 'number_grouping': False, 'min_digits': 0, 'halign': 'center', 'valign': 'middle', 'rotation': 0, 'scale': 1.0, 'casing': None, 'animations': None}], 'target': None, 'background_color': [0.0, 0.0, 0.0, 1.0], 'priority': None, 'show': True, 'force': False, 'expire': None, 'slide': None, 'tokens': {}, 'action': 'play'}}, 'context': 'base', 'calling_context': 'mode_base_started', 'priority': 100, 'queue': '<QueuedEvent>', 'player': 1, 'ball': 1, 'balls_remaining': 2, 'is_extra_ball': False}
2019-12-13 16:48:15,151 : mpfmc : SlidePlayer: Play called with settings={'widgets': {'widgets': [{'type': 'text', 'text': '(score)', 'number_grouping': True, 'min_digits': 2, 'font_size': 30, 'color': [1.0, 0.0, 0.0, 1], '_default_settings': ['type', 'text', 'number_grouping', 'min_digits', 'font_size', 'color'], 'x': None, 'y': None, 'anchor_x': 'center', 'anchor_y': 'center', 'round_anchor_x': None, 'round_anchor_y': None, 'opacity': 1.0, 'z': 0, 'reset_animations_events': {}, 'style': [], 'adjust_top': 0, 'adjust_bottom': 0, 'adjust_left': 0, 'adjust_right': 0, 'expire': None, 'key': None, 'widget': None, 'events_when_added': [], 'events_when_removed': [], 'bitmap_font': False, 'font_kerning': True, 'bold': False, 'italic': False, 'halign': 'center', 'valign': 'middle', 'rotation': 0, 'scale': 1.0, 'casing': None, 'animations': None}, {'type': 'text', 'text': 'PLAYER (number)', 'y': '0', 'x': '0', 'font_size': 8, 'anchor_x': 'left', 'anchor_y': 'bottom', 'color': [0.0, 0.0, 1.0, 1], '_default_settings': ['type', 'text', 'y', 'x', 'font_size', 'anchor_x', 'anchor_y', 'color'], 'round_anchor_x': None, 'round_anchor_y': None, 'opacity': 1.0, 'z': 0, 'reset_animations_events': {}, 'style': [], 'adjust_top': 0, 'adjust_bottom': 0, 'adjust_left': 0, 'adjust_right': 0, 'expire': None, 'key': None, 'widget': None, 'events_when_added': [], 'events_when_removed': [], 'bitmap_font': False, 'font_kerning': True, 'bold': False, 'italic': False, 'number_grouping': False, 'min_digits': 0, 'halign': 'center', 'valign': 'middle', 'rotation': 0, 'scale': 1.0, 'casing': None, 'animations': None}, {'type': 'text', 'text': 'BALL (ball)', 'y': '0', 'x': 'right-10', 'anchor_x': 'right', 'anchor_y': 'bottom', 'font_size': 8, 'color': [0.0, 0.5019607843137255, 0.0, 1], '_default_settings': ['type', 'text', 'y', 'x', 'anchor_x', 'anchor_y', 'font_size', 'color'], 'round_anchor_x': None, 'round_anchor_y': None, 'opacity': 1.0, 'z': 0, 'reset_animations_events': {}, 'style': [], 'adjust_top': 0, 'adjust_bottom': 0, 'adjust_left': 0, 'adjust_right': 0, 'expire': None, 'key': None, 'widget': None, 'events_when_added': [], 'events_when_removed': [], 'bitmap_font': False, 'font_kerning': True, 'bold': False, 'italic': False, 'number_grouping': False, 'min_digits': 0, 'halign': 'center', 'valign': 'middle', 'rotation': 0, 'scale': 1.0, 'casing': None, 'animations': None}], 'target': None, 'background_color': [0.0, 0.0, 0.0, 1.0], 'priority': None, 'show': True, 'force': False, 'expire': None, 'slide': None, 'tokens': {}, 'action': 'play'}}
2019-12-13 16:48:15,156 : EventManager : Event: ======'slide_base.slide_player-mode_base_started_created'====== Args={}
2019-12-13 16:48:15,158 : EventManager : Event: ======'slide_base.slide_player-mode_base_started_active'====== Args={}
2019-12-13 16:48:15,284 : EventManager : Event: ======'machine_var_audits_switches_s_plunger'====== Args={'value': 123, 'prev_value': 122, 'change': 1}
2019-12-13 16:48:16,150 : EventManager : Event: ======'player_mode_7_mode_countdown_tick'====== Args={'value': 29, 'prev_value': 0, 'change': 29, 'player_num': 1}
2019-12-13 16:48:17,151 : EventManager : Event: ======'player_mode_7_mode_countdown_tick'====== Args={'value': 28, 'prev_value': 29, 'change': -1, 'player_num': 1}
2019-12-13 16:48:17,501 : EventManager : Event: ======'machine_var_audits_switches_s_torpedo'====== Args={'value': 13, 'prev_value': 12, 'change': 1}
2019-12-13 16:48:17,501 : EventManager : Event: ======'slides_play'====== Args={'settings': {'mode_7_shot_made_slide_1': {'widgets': [{'type': 'image', 'image': 'mode_7_shot_made', '_default_settings': ['type', 'image'], 'x': None, 'y': None, 'anchor_x': 'center', 'anchor_y': 'center', 'round_anchor_x': None, 'round_anchor_y': None, 'opacity': 1.0, 'z': 0, 'reset_animations_events': {}, 'color': [1.0, 1.0, 1.0, 1.0], 'style': [], 'adjust_top': 0, 'adjust_bottom': 0, 'adjust_left': 0, 'adjust_right': 0, 'expire': None, 'key': None, 'widget': None, 'events_when_added': [], 'events_when_removed': [], 'fps': 10, 'loops': -1, 'auto_play': True, 'start_frame': 0, 'rotation': 0, 'scale': 1.0, 'animations': None}], 'target': None, 'background_color': [0.0, 0.0, 0.0, 1.0], 'priority': None, 'show': True, 'force': False, 'expire': None, 'slide': None, 'tokens': {}, 'action': 'play'}}, 'context': 'show_1', 'calling_context': 0, 'priority': 300, 'show_tokens': {}, 'start_time': 187234.468}
2019-12-13 16:48:17,501 : EventManager : Event: ======'player_m7value'====== Args={'value': 2500000, 'prev_value': 0, 'change': 2500000, 'player_num': 1}
2019-12-13 16:48:17,501 : EventManager : Event: ======'player_score'====== Args={'value': 2500000, 'prev_value': 0, 'change': 2500000, 'player_num': 1}
2019-12-13 16:48:17,501 : EventManager : Event: ======'player_m7shotmade'====== Args={'value': 1, 'prev_value': 0, 'change': 1, 'player_num': 1}
2019-12-13 16:48:17,501 : mpfmc : SlidePlayer: Play called with settings={'mode_7_shot_made_slide_1': {'widgets': [{'type': 'image', 'image': 'mode_7_shot_made', '_default_settings': ['type', 'image'], 'x': None, 'y': None, 'anchor_x': 'center', 'anchor_y': 'center', 'round_anchor_x': None, 'round_anchor_y': None, 'opacity': 1.0, 'z': 0, 'reset_animations_events': {}, 'color': [1.0, 1.0, 1.0, 1.0], 'style': [], 'adjust_top': 0, 'adjust_bottom': 0, 'adjust_left': 0, 'adjust_right': 0, 'expire': None, 'key': None, 'widget': None, 'events_when_added': [], 'events_when_removed': [], 'fps': 10, 'loops': -1, 'auto_play': True, 'start_frame': 0, 'rotation': 0, 'scale': 1.0, 'animations': None}], 'target': None, 'background_color': [0.0, 0.0, 0.0, 1.0], 'priority': None, 'show': True, 'force': False, 'expire': None, 'slide': None, 'tokens': {}, 'action': 'play'}}
2019-12-13 16:48:17,503 : EventManager : Event: ======'slide_mode_7_shot_made_slide_1_created'====== Args={}
2019-12-13 16:48:17,505 : EventManager : Event: ======'slide_mode_7_shot_made_slide_1_active'====== Args={}
2019-12-13 16:48:18,151 : EventManager : Event: ======'player_mode_7_mode_countdown_tick'====== Args={'value': 27, 'prev_value': 28, 'change': -1, 'player_num': 1}
2019-12-13 16:48:18,601 : EventManager : Event: ======'slides_play'====== Args={'settings': {'mode_7_shot_made_slide_2': {'widgets': [{'type': 'text', 'text': '(m7value)', 'number_grouping': True, 'min_digits': 2, 'font_size': 30, '_default_settings': ['type', 'text', 'number_grouping', 'min_digits', 'font_size'], 'x': None, 'y': None, 'anchor_x': 'center', 'anchor_y': 'center', 'round_anchor_x': None, 'round_anchor_y': None, 'opacity': 1.0, 'z': 0, 'reset_animations_events': {}, 'color': [1.0, 1.0, 1.0, 1.0], 'style': [], 'adjust_top': 0, 'adjust_bottom': 0, 'adjust_left': 0, 'adjust_right': 0, 'expire': None, 'key': None, 'widget': None, 'events_when_added': [], 'events_when_removed': [], 'bitmap_font': False, 'font_kerning': True, 'bold': False, 'italic': False, 'halign': 'center', 'valign': 'middle', 'rotation': 0, 'scale': 1.0, 'casing': None, 'animations': None}], 'target': None, 'background_color': [0.0, 0.0, 0.0, 1.0], 'priority': None, 'show': True, 'force': False, 'expire': None, 'slide': None, 'tokens': {}, 'action': 'play'}}, 'context': 'show_1', 'calling_context': 1, 'priority': 300, 'show_tokens': {}, 'start_time': 187235.568}
2019-12-13 16:48:18,601 : mpfmc : SlidePlayer: Play called with settings={'mode_7_shot_made_slide_2': {'widgets': [{'type': 'text', 'text': '(m7value)', 'number_grouping': True, 'min_digits': 2, 'font_size': 30, '_default_settings': ['type', 'text', 'number_grouping', 'min_digits', 'font_size'], 'x': None, 'y': None, 'anchor_x': 'center', 'anchor_y': 'center', 'round_anchor_x': None, 'round_anchor_y': None, 'opacity': 1.0, 'z': 0, 'reset_animations_events': {}, 'color': [1.0, 1.0, 1.0, 1.0], 'style': [], 'adjust_top': 0, 'adjust_bottom': 0, 'adjust_left': 0, 'adjust_right': 0, 'expire': None, 'key': None, 'widget': None, 'events_when_added': [], 'events_when_removed': [], 'bitmap_font': False, 'font_kerning': True, 'bold': False, 'italic': False, 'halign': 'center', 'valign': 'middle', 'rotation': 0, 'scale': 1.0, 'casing': None, 'animations': None}], 'target': None, 'background_color': [0.0, 0.0, 0.0, 1.0], 'priority': None, 'show': True, 'force': False, 'expire': None, 'slide': None, 'tokens': {}, 'action': 'play'}}
2019-12-13 16:48:18,603 : EventManager : Event: ======'slide_mode_7_shot_made_slide_2_created'====== Args={}
2019-12-13 16:48:18,604 : EventManager : Event: ======'slide_mode_7_shot_made_slide_2_active'====== Args={}
2019-12-13 16:48:19,133 : EventManager : Event: ======'player_mode_7_mode_countdown_tick'====== Args={'value': 26, 'prev_value': 27, 'change': -1, 'player_num': 1}
2019-12-13 16:48:20,133 : EventManager : Event: ======'player_mode_7_mode_countdown_tick'====== Args={'value': 25, 'prev_value': 26, 'change': -1, 'player_num': 1}
2019-12-13 16:48:20,234 : EventManager : Event: ======'machine_var_audits_switches_s_torpedo'====== Args={'value': 14, 'prev_value': 13, 'change': 1}
2019-12-13 16:48:20,234 : EventManager : Event: ======'slides_clear'====== Args={'context': 'show_1'}
2019-12-13 16:48:20,234 : EventManager : Event: ======'slides_play'====== Args={'settings': {'mode_7_shot_made_slide_1': {'widgets': [{'type': 'image', 'image': 'mode_7_shot_made', '_default_settings': ['type', 'image'], 'x': None, 'y': None, 'anchor_x': 'center', 'anchor_y': 'center', 'round_anchor_x': None, 'round_anchor_y': None, 'opacity': 1.0, 'z': 0, 'reset_animations_events': {}, 'color': [1.0, 1.0, 1.0, 1.0], 'style': [], 'adjust_top': 0, 'adjust_bottom': 0, 'adjust_left': 0, 'adjust_right': 0, 'expire': None, 'key': None, 'widget': None, 'events_when_added': [], 'events_when_removed': [], 'fps': 10, 'loops': -1, 'auto_play': True, 'start_frame': 0, 'rotation': 0, 'scale': 1.0, 'animations': None}], 'target': None, 'background_color': [0.0, 0.0, 0.0, 1.0], 'priority': None, 'show': True, 'force': False, 'expire': None, 'slide': None, 'tokens': {}, 'action': 'play'}}, 'context': 'show_2', 'calling_context': 0, 'priority': 300, 'show_tokens': {}, 'start_time': 187237.203}
2019-12-13 16:48:20,234 : EventManager : Event: ======'player_score'====== Args={'value': 5000000, 'prev_value': 2500000, 'change': 2500000, 'player_num': 1}
2019-12-13 16:48:20,234 : EventManager : Event: ======'player_m7shotmade'====== Args={'value': 2, 'prev_value': 1, 'change': 1, 'player_num': 1}
2019-12-13 16:48:20,235 : EventManager : Event: ======'slide_mode_7_shot_made_slide_1_removed'====== Args={}
2019-12-13 16:48:20,236 : EventManager : Event: ======'slide_mode_7_shot_made_slide_2_removed'====== Args={}
2019-12-13 16:48:20,236 : mpfmc : SlidePlayer: Play called with settings={'mode_7_shot_made_slide_1': {'widgets': [{'type': 'image', 'image': 'mode_7_shot_made', '_default_settings': ['type', 'image'], 'x': None, 'y': None, 'anchor_x': 'center', 'anchor_y': 'center', 'round_anchor_x': None, 'round_anchor_y': None, 'opacity': 1.0, 'z': 0, 'reset_animations_events': {}, 'color': [1.0, 1.0, 1.0, 1.0], 'style': [], 'adjust_top': 0, 'adjust_bottom': 0, 'adjust_left': 0, 'adjust_right': 0, 'expire': None, 'key': None, 'widget': None, 'events_when_added': [], 'events_when_removed': [], 'fps': 10, 'loops': -1, 'auto_play': True, 'start_frame': 0, 'rotation': 0, 'scale': 1.0, 'animations': None}], 'target': None, 'background_color': [0.0, 0.0, 0.0, 1.0], 'priority': None, 'show': True, 'force': False, 'expire': None, 'slide': None, 'tokens': {}, 'action': 'play'}}
2019-12-13 16:48:20,238 : EventManager : Event: ======'slide_mode_7_shot_made_slide_1_created'====== Args={}
2019-12-13 16:48:20,239 : EventManager : Event: ======'slide_mode_7_shot_made_slide_1_active'====== Args={}
2019-12-13 16:48:21,150 : EventManager : Event: ======'player_mode_7_mode_countdown_tick'====== Args={'value': 24, 'prev_value': 25, 'change': -1, 'player_num': 1}
2019-12-13 16:48:21,334 : EventManager : Event: ======'slides_play'====== Args={'settings': {'mode_7_shot_made_slide_2': {'widgets': [{'type': 'text', 'text': '(m7value)', 'number_grouping': True, 'min_digits': 2, 'font_size': 30, '_default_settings': ['type', 'text', 'number_grouping', 'min_digits', 'font_size'], 'x': None, 'y': None, 'anchor_x': 'center', 'anchor_y': 'center', 'round_anchor_x': None, 'round_anchor_y': None, 'opacity': 1.0, 'z': 0, 'reset_animations_events': {}, 'color': [1.0, 1.0, 1.0, 1.0], 'style': [], 'adjust_top': 0, 'adjust_bottom': 0, 'adjust_left': 0, 'adjust_right': 0, 'expire': None, 'key': None, 'widget': None, 'events_when_added': [], 'events_when_removed': [], 'bitmap_font': False, 'font_kerning': True, 'bold': False, 'italic': False, 'halign': 'center', 'valign': 'middle', 'rotation': 0, 'scale': 1.0, 'casing': None, 'animations': None}], 'target': None, 'background_color': [0.0, 0.0, 0.0, 1.0], 'priority': None, 'show': True, 'force': False, 'expire': None, 'slide': None, 'tokens': {}, 'action': 'play'}}, 'context': 'show_2', 'calling_context': 1, 'priority': 300, 'show_tokens': {}, 'start_time': 187238.303}
2019-12-13 16:48:21,334 : mpfmc : SlidePlayer: Play called with settings={'mode_7_shot_made_slide_2': {'widgets': [{'type': 'text', 'text': '(m7value)', 'number_grouping': True, 'min_digits': 2, 'font_size': 30, '_default_settings': ['type', 'text', 'number_grouping', 'min_digits', 'font_size'], 'x': None, 'y': None, 'anchor_x': 'center', 'anchor_y': 'center', 'round_anchor_x': None, 'round_anchor_y': None, 'opacity': 1.0, 'z': 0, 'reset_animations_events': {}, 'color': [1.0, 1.0, 1.0, 1.0], 'style': [], 'adjust_top': 0, 'adjust_bottom': 0, 'adjust_left': 0, 'adjust_right': 0, 'expire': None, 'key': None, 'widget': None, 'events_when_added': [], 'events_when_removed': [], 'bitmap_font': False, 'font_kerning': True, 'bold': False, 'italic': False, 'halign': 'center', 'valign': 'middle', 'rotation': 0, 'scale': 1.0, 'casing': None, 'animations': None}], 'target': None, 'background_color': [0.0, 0.0, 0.0, 1.0], 'priority': None, 'show': True, 'force': False, 'expire': None, 'slide': None, 'tokens': {}, 'action': 'play'}}
2019-12-13 16:48:21,336 : EventManager : Event: ======'slide_mode_7_shot_made_slide_2_created'====== Args={}
2019-12-13 16:48:21,338 : EventManager : Event: ======'slide_mode_7_shot_made_slide_2_active'====== Args={}
2019-12-13 16:48:22,151 : EventManager : Event: ======'player_mode_7_mode_countdown_tick'====== Args={'value': 23, 'prev_value': 24, 'change': -1, 'player_num': 1}
2019-12-13 16:48:23,134 : EventManager : Event: ======'player_mode_7_mode_countdown_tick'====== Args={'value': 22, 'prev_value': 23, 'change': -1, 'player_num': 1}
2019-12-13 16:48:23,318 : EventManager : Event: ======'slides_clear'====== Args={'context': 'show_2'}
2019-12-13 16:48:23,319 : EventManager : Event: ======'slide_mode_7_shot_made_slide_1_removed'====== Args={}
2019-12-13 16:48:23,319 : EventManager : Event: ======'slide_mode_7_shot_made_slide_2_removed'====== Args={}
2019-12-13 16:48:23,320 : EventManager : Event: ======'slide_base.slide_player-mode_base_started_active'====== Args={}
2019-12-13 16:48:23,867 : EventManager : Event: ======'machine_var_audits_switches_s_torpedo'====== Args={'value': 15, 'prev_value': 14, 'change': 1}
2019-12-13 16:48:23,868 : EventManager : Event: ======'slides_play'====== Args={'settings': {'mode_7_shot_made_slide_1': {'widgets': [{'type': 'image', 'image': 'mode_7_shot_made', '_default_settings': ['type', 'image'], 'x': None, 'y': None, 'anchor_x': 'center', 'anchor_y': 'center', 'round_anchor_x': None, 'round_anchor_y': None, 'opacity': 1.0, 'z': 0, 'reset_animations_events': {}, 'color': [1.0, 1.0, 1.0, 1.0], 'style': [], 'adjust_top': 0, 'adjust_bottom': 0, 'adjust_left': 0, 'adjust_right': 0, 'expire': None, 'key': None, 'widget': None, 'events_when_added': [], 'events_when_removed': [], 'fps': 10, 'loops': -1, 'auto_play': True, 'start_frame': 0, 'rotation': 0, 'scale': 1.0, 'animations': None}], 'target': None, 'background_color': [0.0, 0.0, 0.0, 1.0], 'priority': None, 'show': True, 'force': False, 'expire': None, 'slide': None, 'tokens': {}, 'action': 'play'}}, 'context': 'show_3', 'calling_context': 0, 'priority': 300, 'show_tokens': {}, 'start_time': 187240.828}
2019-12-13 16:48:23,868 : EventManager : Event: ======'player_score'====== Args={'value': 7500000, 'prev_value': 5000000, 'change': 2500000, 'player_num': 1}
2019-12-13 16:48:23,868 : EventManager : Event: ======'player_m7shotmade'====== Args={'value': 3, 'prev_value': 2, 'change': 1, 'player_num': 1}
2019-12-13 16:48:23,868 : mpfmc : SlidePlayer: Play called with settings={'mode_7_shot_made_slide_1': {'widgets': [{'type': 'image', 'image': 'mode_7_shot_made', '_default_settings': ['type', 'image'], 'x': None, 'y': None, 'anchor_x': 'center', 'anchor_y': 'center', 'round_anchor_x': None, 'round_anchor_y': None, 'opacity': 1.0, 'z': 0, 'reset_animations_events': {}, 'color': [1.0, 1.0, 1.0, 1.0], 'style': [], 'adjust_top': 0, 'adjust_bottom': 0, 'adjust_left': 0, 'adjust_right': 0, 'expire': None, 'key': None, 'widget': None, 'events_when_added': [], 'events_when_removed': [], 'fps': 10, 'loops': -1, 'auto_play': True, 'start_frame': 0, 'rotation': 0, 'scale': 1.0, 'animations': None}], 'target': None, 'background_color': [0.0, 0.0, 0.0, 1.0], 'priority': None, 'show': True, 'force': False, 'expire': None, 'slide': None, 'tokens': {}, 'action': 'play'}}
2019-12-13 16:48:23,871 : EventManager : Event: ======'slide_mode_7_shot_made_slide_1_created'====== Args={}
2019-12-13 16:48:23,872 : EventManager : Event: ======'slide_mode_7_shot_made_slide_1_active'====== Args={}
2019-12-13 16:48:24,135 : EventManager : Event: ======'player_mode_7_mode_countdown_tick'====== Args={'value': 21, 'prev_value': 22, 'change': -1, 'player_num': 1}
2019-12-13 16:48:24,968 : EventManager : Event: ======'slides_play'====== Args={'settings': {'mode_7_shot_made_slide_2': {'widgets': [{'type': 'text', 'text': '(m7value)', 'number_grouping': True, 'min_digits': 2, 'font_size': 30, '_default_settings': ['type', 'text', 'number_grouping', 'min_digits', 'font_size'], 'x': None, 'y': None, 'anchor_x': 'center', 'anchor_y': 'center', 'round_anchor_x': None, 'round_anchor_y': None, 'opacity': 1.0, 'z': 0, 'reset_animations_events': {}, 'color': [1.0, 1.0, 1.0, 1.0], 'style': [], 'adjust_top': 0, 'adjust_bottom': 0, 'adjust_left': 0, 'adjust_right': 0, 'expire': None, 'key': None, 'widget': None, 'events_when_added': [], 'events_when_removed': [], 'bitmap_font': False, 'font_kerning': True, 'bold': False, 'italic': False, 'halign': 'center', 'valign': 'middle', 'rotation': 0, 'scale': 1.0, 'casing': None, 'animations': None}], 'target': None, 'background_color': [0.0, 0.0, 0.0, 1.0], 'priority': None, 'show': True, 'force': False, 'expire': None, 'slide': None, 'tokens': {}, 'action': 'play'}}, 'context': 'show_3', 'calling_context': 1, 'priority': 300, 'show_tokens': {}, 'start_time': 187241.928}
2019-12-13 16:48:24,968 : mpfmc : SlidePlayer: Play called with settings={'mode_7_shot_made_slide_2': {'widgets': [{'type': 'text', 'text': '(m7value)', 'number_grouping': True, 'min_digits': 2, 'font_size': 30, '_default_settings': ['type', 'text', 'number_grouping', 'min_digits', 'font_size'], 'x': None, 'y': None, 'anchor_x': 'center', 'anchor_y': 'center', 'round_anchor_x': None, 'round_anchor_y': None, 'opacity': 1.0, 'z': 0, 'reset_animations_events': {}, 'color': [1.0, 1.0, 1.0, 1.0], 'style': [], 'adjust_top': 0, 'adjust_bottom': 0, 'adjust_left': 0, 'adjust_right': 0, 'expire': None, 'key': None, 'widget': None, 'events_when_added': [], 'events_when_removed': [], 'bitmap_font': False, 'font_kerning': True, 'bold': False, 'italic': False, 'halign': 'center', 'valign': 'middle', 'rotation': 0, 'scale': 1.0, 'casing': None, 'animations': None}], 'target': None, 'background_color': [0.0, 0.0, 0.0, 1.0], 'priority': None, 'show': True, 'force': False, 'expire': None, 'slide': None, 'tokens': {}, 'action': 'play'}}
2019-12-13 16:48:24,970 : EventManager : Event: ======'slide_mode_7_shot_made_slide_2_created'====== Args={}
2019-12-13 16:48:24,971 : EventManager : Event: ======'slide_mode_7_shot_made_slide_2_active'====== Args={}
2019-12-13 16:48:25,151 : EventManager : Event: ======'player_mode_7_mode_countdown_tick'====== Args={'value': 20, 'prev_value': 21, 'change': -1, 'player_num': 1}
2019-12-13 16:48:26,135 : EventManager : Event: ======'player_mode_7_mode_countdown_tick'====== Args={'value': 19, 'prev_value': 20, 'change': -1, 'player_num': 1}
2019-12-13 16:48:26,967 : EventManager : Event: ======'slides_clear'====== Args={'context': 'show_3'}
2019-12-13 16:48:26,968 : EventManager : Event: ======'slide_mode_7_shot_made_slide_1_removed'====== Args={}
2019-12-13 16:48:26,969 : EventManager : Event: ======'slide_mode_7_shot_made_slide_2_removed'====== Args={}
2019-12-13 16:48:26,970 : EventManager : Event: ======'slide_base.slide_player-mode_base_started_active'====== Args={}
2019-12-13 16:48:27,151 : EventManager : Event: ======'player_mode_7_mode_countdown_tick'====== Args={'value': 18, 'prev_value': 19, 'change': -1, 'player_num': 1}
2019-12-13 16:48:27,385 : EventManager : Event: ======'machine_var_audits_switches_s_torpedo'====== Args={'value': 16, 'prev_value': 15, 'change': 1}
2019-12-13 16:48:27,386 : EventManager : Event: ======'slides_play'====== Args={'settings': {'mode_7_shot_made_slide_1': {'widgets': [{'type': 'image', 'image': 'mode_7_shot_made', '_default_settings': ['type', 'image'], 'x': None, 'y': None, 'anchor_x': 'center', 'anchor_y': 'center', 'round_anchor_x': None, 'round_anchor_y': None, 'opacity': 1.0, 'z': 0, 'reset_animations_events': {}, 'color': [1.0, 1.0, 1.0, 1.0], 'style': [], 'adjust_top': 0, 'adjust_bottom': 0, 'adjust_left': 0, 'adjust_right': 0, 'expire': None, 'key': None, 'widget': None, 'events_when_added': [], 'events_when_removed': [], 'fps': 10, 'loops': -1, 'auto_play': True, 'start_frame': 0, 'rotation': 0, 'scale': 1.0, 'animations': None}], 'target': None, 'background_color': [0.0, 0.0, 0.0, 1.0], 'priority': None, 'show': True, 'force': False, 'expire': None, 'slide': None, 'tokens': {}, 'action': 'play'}}, 'context': 'show_4', 'calling_context': 0, 'priority': 300, 'show_tokens': {}, 'start_time': 187244.343}
2019-12-13 16:48:27,386 : EventManager : Event: ======'player_score'====== Args={'value': 10000000, 'prev_value': 7500000, 'change': 2500000, 'player_num': 1}
2019-12-13 16:48:27,386 : EventManager : Event: ======'player_m7shotmade'====== Args={'value': 4, 'prev_value': 3, 'change': 1, 'player_num': 1}
2019-12-13 16:48:27,386 : EventManager : Event: ======'player_m7value'====== Args={'value': 10000000, 'prev_value': 2500000, 'change': 7500000, 'player_num': 1}
2019-12-13 16:48:27,386 : EventManager : Event: ======'player_score'====== Args={'value': 20000000, 'prev_value': 10000000, 'change': 10000000, 'player_num': 1}
2019-12-13 16:48:27,386 : EventManager : Event: ======'player_m7shotmade'====== Args={'value': 5, 'prev_value': 4, 'change': 1, 'player_num': 1}
2019-12-13 16:48:27,386 : mpfmc : SlidePlayer: Play called with settings={'mode_7_shot_made_slide_1': {'widgets': [{'type': 'image', 'image': 'mode_7_shot_made', '_default_settings': ['type', 'image'], 'x': None, 'y': None, 'anchor_x': 'center', 'anchor_y': 'center', 'round_anchor_x': None, 'round_anchor_y': None, 'opacity': 1.0, 'z': 0, 'reset_animations_events': {}, 'color': [1.0, 1.0, 1.0, 1.0], 'style': [], 'adjust_top': 0, 'adjust_bottom': 0, 'adjust_left': 0, 'adjust_right': 0, 'expire': None, 'key': None, 'widget': None, 'events_when_added': [], 'events_when_removed': [], 'fps': 10, 'loops': -1, 'auto_play': True, 'start_frame': 0, 'rotation': 0, 'scale': 1.0, 'animations': None}], 'target': None, 'background_color': [0.0, 0.0, 0.0, 1.0], 'priority': None, 'show': True, 'force': False, 'expire': None, 'slide': None, 'tokens': {}, 'action': 'play'}}
2019-12-13 16:48:27,388 : EventManager : Event: ======'slide_mode_7_shot_made_slide_1_created'====== Args={}
2019-12-13 16:48:27,389 : EventManager : Event: ======'slide_mode_7_shot_made_slide_1_active'====== Args={}
2019-12-13 16:48:28,152 : EventManager : Event: ======'player_mode_7_mode_countdown_tick'====== Args={'value': 17, 'prev_value': 18, 'change': -1, 'player_num': 1}
2019-12-13 16:48:28,468 : EventManager : Event: ======'slides_play'====== Args={'settings': {'mode_7_shot_made_slide_2': {'widgets': [{'type': 'text', 'text': '(m7value)', 'number_grouping': True, 'min_digits': 2, 'font_size': 30, '_default_settings': ['type', 'text', 'number_grouping', 'min_digits', 'font_size'], 'x': None, 'y': None, 'anchor_x': 'center', 'anchor_y': 'center', 'round_anchor_x': None, 'round_anchor_y': None, 'opacity': 1.0, 'z': 0, 'reset_animations_events': {}, 'color': [1.0, 1.0, 1.0, 1.0], 'style': [], 'adjust_top': 0, 'adjust_bottom': 0, 'adjust_left': 0, 'adjust_right': 0, 'expire': None, 'key': None, 'widget': None, 'events_when_added': [], 'events_when_removed': [], 'bitmap_font': False, 'font_kerning': True, 'bold': False, 'italic': False, 'halign': 'center', 'valign': 'middle', 'rotation': 0, 'scale': 1.0, 'casing': None, 'animations': None}], 'target': None, 'background_color': [0.0, 0.0, 0.0, 1.0], 'priority': None, 'show': True, 'force': False, 'expire': None, 'slide': None, 'tokens': {}, 'action': 'play'}}, 'context': 'show_4', 'calling_context': 1, 'priority': 300, 'show_tokens': {}, 'start_time': 187245.443}
2019-12-13 16:48:28,468 : mpfmc : SlidePlayer: Play called with settings={'mode_7_shot_made_slide_2': {'widgets': [{'type': 'text', 'text': '(m7value)', 'number_grouping': True, 'min_digits': 2, 'font_size': 30, '_default_settings': ['type', 'text', 'number_grouping', 'min_digits', 'font_size'], 'x': None, 'y': None, 'anchor_x': 'center', 'anchor_y': 'center', 'round_anchor_x': None, 'round_anchor_y': None, 'opacity': 1.0, 'z': 0, 'reset_animations_events': {}, 'color': [1.0, 1.0, 1.0, 1.0], 'style': [], 'adjust_top': 0, 'adjust_bottom': 0, 'adjust_left': 0, 'adjust_right': 0, 'expire': None, 'key': None, 'widget': None, 'events_when_added': [], 'events_when_removed': [], 'bitmap_font': False, 'font_kerning': True, 'bold': False, 'italic': False, 'halign': 'center', 'valign': 'middle', 'rotation': 0, 'scale': 1.0, 'casing': None, 'animations': None}], 'target': None, 'background_color': [0.0, 0.0, 0.0, 1.0], 'priority': None, 'show': True, 'force': False, 'expire': None, 'slide': None, 'tokens': {}, 'action': 'play'}}
2019-12-13 16:48:28,470 : EventManager : Event: ======'slide_mode_7_shot_made_slide_2_created'====== Args={}
2019-12-13 16:48:28,471 : EventManager : Event: ======'slide_mode_7_shot_made_slide_2_active'====== Args={}
2019-12-13 16:48:29,151 : EventManager : Event: ======'player_mode_7_mode_countdown_tick'====== Args={'value': 16, 'prev_value': 17, 'change': -1, 'player_num': 1}
2019-12-13 16:48:30,135 : EventManager : Event: ======'player_mode_7_mode_countdown_tick'====== Args={'value': 15, 'prev_value': 16, 'change': -1, 'player_num': 1}
2019-12-13 16:48:30,468 : EventManager : Event: ======'slides_clear'====== Args={'context': 'show_4'}
2019-12-13 16:48:30,468 : EventManager : Event: ======'slide_mode_7_shot_made_slide_1_removed'====== Args={}
2019-12-13 16:48:30,469 : EventManager : Event: ======'slide_mode_7_shot_made_slide_2_removed'====== Args={}
2019-12-13 16:48:30,470 : EventManager : Event: ======'slide_base.slide_player-mode_base_started_active'====== Args={}
2019-12-13 16:48:31,151 : EventManager : Event: ======'player_mode_7_mode_countdown_tick'====== Args={'value': 14, 'prev_value': 15, 'change': -1, 'player_num': 1}
2019-12-13 16:48:31,236 : kivy : WindowSDL: exiting mainloop and closing.
2019-12-13 16:48:31,314 : kivy : Base: Leaving application in progress...
2019-12-13 16:48:31,314 : mpfmc : Stopping...
2019-12-13 16:48:31,315 : EventManager : Event: ======'shutdown'====== Args={}
2019-12-13 16:48:31,315 : mpfmc : Loop rate 59.42 Hz
2019-12-13 16:48:31,315 : kivy : MC run loop ended.
2019-12-13 16:48:31,315 : kivy : Stopping child threads... (3 remaining)
2019-12-13 16:48:31,443 : mpfmc : Stopping...
2019-12-13 16:48:31,444 : EventManager : Event: ======'shutdown'====== Args={}
2019-12-13 16:48:31,444 : mpfmc : Loop rate 59.05 Hz
2019-12-13 16:48:31,470 : MPF-MC BCP Server : Stopping BCP sending thread
2019-12-13 16:48:31,618 : kivy : All child threads stopped.
