2019-11-13 20:52:26,715 : kivy : Factory: 184 symbols loaded
2019-11-13 20:52:26,810 : kivy : Image: Providers: img_tex, img_dds, img_sdl2, img_pil, img_gif (img_ffpyplayer ignored)
2019-11-13 20:52:26,860 : kivy : VideoGstplayer: Using Gstreamer 1.16.0.0
2019-11-13 20:52:26,860 : kivy : Video: Provider: gstplayer
2019-11-13 20:52:26,926 : kivy : Loading MPF-MC controller
2019-11-13 20:52:26,927 : mpfmc : Mission Pinball Framework Media Controller v0.53.0-dev.15
2019-11-13 20:52:26,927 : mpfmc : Mission Pinball Framework Game Engine v0.53.0-dev.67
2019-11-13 20:52:26,927 : mpfmc : Machine path: D:\mpf\wows\wows
2019-11-13 20:52:26,929 : ConfigProcessor : Config file in cache changed: D:\mpf\wows\wows\config\config
2019-11-13 20:52:26,929 : ConfigProcessor : Loading config from file c:\users\schol\appdata\local\programs\python\python36\lib\site-packages\mpfmc\mcconfig.yaml.
2019-11-13 20:52:26,974 : ConfigProcessor : Loading config: c:\users\schol\appdata\local\programs\python\python36\lib\site-packages\mpfmc\mcconfig.yaml
2019-11-13 20:52:26,981 : ConfigProcessor : Loading config from file D:\mpf\wows\wows\config\config.
2019-11-13 20:52:27,002 : ConfigProcessor : Loading config: D:\mpf\wows\wows\config\config
2019-11-13 20:52:27,003 : ConfigProcessor : Config file cache created: C:\Users\schol\AppData\Local\Temp\31418c17c7947b0b26bf3ae2a4803514.mpf_cache
2019-11-13 20:52:27,003 : mpfmc : Starting clock at 60.0Hz
2019-11-13 20:52:27,015 : kivy : Text: Provider: sdl2
2019-11-13 20:52:27,049 : kivy : Window: Provider: sdl2
2019-11-13 20:52:27,394 : kivy : GL: Using the "OpenGL" graphics system
2019-11-13 20:52:27,397 : kivy : GL: GLEW initialization succeeded
2019-11-13 20:52:27,397 : kivy : GL: Backend used <glew>
2019-11-13 20:52:27,397 : kivy : GL: OpenGL version <b'4.6.0 NVIDIA 388.13'>
2019-11-13 20:52:27,397 : kivy : GL: OpenGL vendor <b'NVIDIA Corporation'>
2019-11-13 20:52:27,398 : kivy : GL: OpenGL renderer <b'GeForce GTX 1060 6GB/PCIe/SSE2'>
2019-11-13 20:52:27,398 : kivy : GL: OpenGL parsed version: 4, 6
2019-11-13 20:52:27,398 : kivy : GL: Shading version <b'4.60 NVIDIA'>
2019-11-13 20:52:27,398 : kivy : GL: Texture max size <32768>
2019-11-13 20:52:27,398 : kivy : GL: Texture max units <32>
2019-11-13 20:52:27,413 : kivy : Window: auto add sdl2 input provider
2019-11-13 20:52:27,413 : kivy : Window: virtual keyboard not allowed, single mode, not docked
2019-11-13 20:52:27,420 : SoundSystem : SoundSystem: Using default 'sound_system' settings
2019-11-13 20:52:27,577 : AudioInterface : Initialized
2019-11-13 20:52:27,578 : SoundSystem : No audio tracks are specified in your machine config file. a track named 'default' has been created.
2019-11-13 20:52:27,579 : kivy : Base: Start application main loop
2019-11-13 20:52:27,580 : EventManager : Event: ======'display_window_initialized'====== Args={}
2019-11-13 20:52:27,616 : mpfmc : Display: Setting 'window' as default display
2019-11-13 20:52:27,622 : EventManager : Event: ======'displays_initialized'====== Args={}
2019-11-13 20:52:27,623 : EventManager : Event: ======'slide_window_blank_created'====== Args={}
2019-11-13 20:52:27,623 : EventManager : Event: ======'display_window_ready'====== Args={}
2019-11-13 20:52:27,631 : EventManager : Event: ======'init_phase_1'====== Args={}
2019-11-13 20:52:27,634 : EventManager : Event: ======'mc_ready'====== Args={}
2019-11-13 20:52:27,635 : EventManager : Event: ======'init_phase_2'====== Args={}
2019-11-13 20:52:27,635 : ConfigProcessor : Loading config from cache: C:\Users\schol\AppData\Local\Temp\d5fd805c5432c1441bf01a6268536a3d.mpf_cache
2019-11-13 20:52:27,636 : ConfigProcessor : Loading config from cache: C:\Users\schol\AppData\Local\Temp\5c4497fcd69d1d656c4b69a28e44c490.mpf_cache
2019-11-13 20:52:27,636 : EventManager : Event: ======'init_phase_3'====== Args={}
2019-11-13 20:52:27,636 : EventManager : Event: ======'init_phase_4'====== Args={}
2019-11-13 20:52:27,637 : EventManager : Event: ======'init_phase_5'====== Args={}
2019-11-13 20:52:27,637 : EventManager : Event: ======'init_done'====== Args={}
2019-11-13 20:52:27,637 : MPF-MC BCP Server : Starting up on localhost port 5050
2019-11-13 20:52:27,639 : MPF-MC BCP Server : Waiting for a connection...
2019-11-13 20:52:27,639 : mpfmc : SlidePlayer: Play called with settings={'slides': {welcome_slide-None-None: {'priority': None, 'target': None, 'tokens': {}, 'expire': None, 'show': True, 'action': 'play', 'force': False, 'slide': None, 'background_color': [0.0, 0.0, 0.0, 1.0], 'transition': None, 'transition_out': None}}}
2019-11-13 20:52:27,643 : kivy : GL: NPOT texture support is available
2019-11-13 20:52:27,645 : EventManager : Event: ======'slide_welcome_slide_created'====== Args={}
2019-11-13 20:52:27,647 : EventManager : Event: ======'slide_welcome_slide_active'====== Args={}
2019-11-13 20:52:27,695 : EventManager : Event: ======'client_disconnected'====== Args={'host': '127.0.0.1', 'port': 5050}
2019-11-13 20:52:29,109 : MPF-MC BCP Server : Received connection from: 127.0.0.1:52688
2019-11-13 20:52:29,110 : EventManager : Event: ======'client_connected'====== Args={'host': '127.0.0.1', 'port': 52688}
2019-11-13 20:52:29,134 : EventManager : Event: ======'machine_var_credits_string'====== Args={'value': 'FREE PLAY', 'prev_value': None, 'change': True}
2019-11-13 20:52:29,134 : EventManager : Event: ======'machine_var_mpf_version'====== Args={'value': 'MPF v0.53.0-dev.67', 'prev_value': None, 'change': True}
2019-11-13 20:52:29,134 : EventManager : Event: ======'machine_var_mpf_extended_version'====== Args={'value': 'MPF v0.53.0-dev.67, Config version:5, Show version: 5, BCP version:1.1', 'prev_value': None, 'change': True}
2019-11-13 20:52:29,134 : EventManager : Event: ======'machine_var_python_version'====== Args={'value': '3.6.4', 'prev_value': None, 'change': True}
2019-11-13 20:52:29,134 : EventManager : Event: ======'machine_var_platform'====== Args={'value': 'Windows-10-10.0.18362-SP0', 'prev_value': None, 'change': True}
2019-11-13 20:52:29,134 : EventManager : Event: ======'machine_var_platform_system'====== Args={'value': 'Windows', 'prev_value': None, 'change': True}
2019-11-13 20:52:29,134 : EventManager : Event: ======'machine_var_platform_release'====== Args={'value': '10', 'prev_value': None, 'change': True}
2019-11-13 20:52:29,134 : EventManager : Event: ======'machine_var_platform_version'====== Args={'value': '10.0.18362', 'prev_value': None, 'change': True}
2019-11-13 20:52:29,134 : EventManager : Event: ======'machine_var_platform_machine'====== Args={'value': 'AMD64', 'prev_value': None, 'change': True}
2019-11-13 20:52:29,134 : EventManager : Event: ======'machine_var_mc_version'====== Args={'value': 'MPF-MC v0.53.0-dev.15', 'prev_value': None, 'change': True}
2019-11-13 20:52:29,134 : EventManager : Event: ======'machine_var_mc_extended_version'====== Args={'value': 'MPF-MC v0.53.0-dev.15 (config_version=5, BCP v1.1, Requires MPF v0.53.0-dev.51)', 'prev_value': None, 'change': True}
2019-11-13 20:52:29,134 : EventManager : Event: ======'machine_var_master_volume'====== Args={'value': 0.5, 'prev_value': None, 'change': True}
2019-11-13 20:52:29,160 : EventManager : Event: ======'machine_var_audits_switches_s_left_flipper'====== Args={'value': 0, 'prev_value': None, 'change': True}
2019-11-13 20:52:29,160 : EventManager : Event: ======'machine_var_audits_switches_s_right_flipper'====== Args={'value': 0, 'prev_value': None, 'change': True}
2019-11-13 20:52:29,160 : EventManager : Event: ======'machine_var_audits_switches_s_trough1'====== Args={'value': 0, 'prev_value': None, 'change': True}
2019-11-13 20:52:29,160 : EventManager : Event: ======'machine_var_audits_switches_s_trough2'====== Args={'value': 0, 'prev_value': None, 'change': True}
2019-11-13 20:52:29,160 : EventManager : Event: ======'machine_var_audits_switches_s_trough3'====== Args={'value': 0, 'prev_value': None, 'change': True}
2019-11-13 20:52:29,160 : EventManager : Event: ======'machine_var_audits_switches_s_trough4'====== Args={'value': 0, 'prev_value': None, 'change': True}
2019-11-13 20:52:29,160 : EventManager : Event: ======'machine_var_audits_switches_s_trough5'====== Args={'value': 0, 'prev_value': None, 'change': True}
2019-11-13 20:52:29,160 : EventManager : Event: ======'machine_var_audits_switches_s_trough6'====== Args={'value': 0, 'prev_value': None, 'change': True}
2019-11-13 20:52:29,160 : EventManager : Event: ======'machine_var_audits_switches_s_trough_jam'====== Args={'value': 0, 'prev_value': None, 'change': True}
2019-11-13 20:52:29,160 : EventManager : Event: ======'machine_var_audits_switches_s_plunger'====== Args={'value': 0, 'prev_value': None, 'change': True}
2019-11-13 20:52:29,160 : EventManager : Event: ======'machine_var_audits_switches_s_start'====== Args={'value': 0, 'prev_value': None, 'change': True}
2019-11-13 20:52:29,160 : EventManager : Event: ======'machine_var_audits_switches_s_right_inlane'====== Args={'value': 0, 'prev_value': None, 'change': True}
2019-11-13 20:52:29,160 : EventManager : Event: ======'machine_var_audits_player_score'====== Args={'value': {'top': [], 'average': 0, 'total': 0}, 'prev_value': None, 'change': True}
2019-11-13 20:52:29,185 : EventManager : Event: ======'slides_play'====== Args={'settings': {'welcome_slide': {'target': None, 'priority': None, 'tokens': {}, 'expire': None, 'show': True, 'action': 'play', 'force': False, 'slide': None, 'background_color': [0.0, 0.0, 0.0, 1.0]}}, 'context': '_global', 'calling_context': 'init_done', 'priority': 0}
2019-11-13 20:52:29,185 : EventManager : Event: ======'mc_reset_phase_1'====== Args={}
2019-11-13 20:52:29,185 : mpfmc : SlidePlayer: Play called with settings={'welcome_slide': {'target': None, 'priority': None, 'tokens': {}, 'expire': None, 'show': True, 'action': 'play', 'force': False, 'slide': None, 'background_color': [0.0, 0.0, 0.0, 1.0]}}
2019-11-13 20:52:29,186 : EventManager : Event: ======'slide_welcome_slide_removed'====== Args={}
2019-11-13 20:52:29,188 : EventManager : Event: ======'slide_welcome_slide_created'====== Args={}
2019-11-13 20:52:29,188 : EventManager : Event: ======'mc_reset_phase_2'====== Args={}
2019-11-13 20:52:29,188 : EventManager : Event: ======'mc_reset_phase_3'====== Args={}
2019-11-13 20:52:29,188 : EventManager : Event: ======'mc_reset_complete'====== Args={}
2019-11-13 20:52:29,189 : EventManager : Event: ======'slide_welcome_slide_active'====== Args={}
2019-11-13 20:52:29,196 : EventManager : Event: ======'slides_play'====== Args={'settings': {'attract_started': {'target': None, 'priority': None, 'tokens': {}, 'expire': None, 'show': True, 'action': 'play', 'force': False, 'slide': None, 'background_color': [0.0, 0.0, 0.0, 1.0]}}, 'context': '_global', 'calling_context': 'mode_attract_started', 'priority': 0}
2019-11-13 20:52:29,196 : mpfmc : SlidePlayer: Play called with settings={'attract_started': {'target': None, 'priority': None, 'tokens': {}, 'expire': None, 'show': True, 'action': 'play', 'force': False, 'slide': None, 'background_color': [0.0, 0.0, 0.0, 1.0]}}
2019-11-13 20:52:29,199 : EventManager : Event: ======'slide_attract_started_created'====== Args={}
2019-11-13 20:52:29,200 : EventManager : Event: ======'slide_attract_started_active'====== Args={}
2019-11-13 20:52:38,971 : kivy : WindowSDL: exiting mainloop and closing.
2019-11-13 20:52:39,078 : kivy : Base: Leaving application in progress...
2019-11-13 20:52:39,078 : mpfmc : Stopping...
2019-11-13 20:52:39,078 : EventManager : Event: ======'shutdown'====== Args={}
2019-11-13 20:52:39,078 : mpfmc : Loop rate 80.01 Hz
2019-11-13 20:52:39,078 : kivy : MC run loop ended.
2019-11-13 20:52:39,078 : kivy : Stopping child threads... (3 remaining)
2019-11-13 20:52:39,653 : mpfmc : Stopping...
2019-11-13 20:52:39,653 : EventManager : Event: ======'shutdown'====== Args={}
2019-11-13 20:52:39,654 : mpfmc : Loop rate 76.19 Hz
2019-11-13 20:52:39,665 : MPF-MC BCP Server : Stopping BCP sending thread
2019-11-13 20:52:39,681 : kivy : All child threads stopped.
