2019-11-13 18:36:12,624 : INFO : Machine : Mission Pinball Framework Core Engine v0.53.0-dev.67
2019-11-13 18:36:12,624 : INFO : Machine : Command line arguments: {'no_load_cache': False, 'create_config_cache': True, 'bcp': True, 'configfile': ['config.yaml'], 'mpfconfigfile': 'c:\\users\\schol\\appdata\\local\\programs\\python\\python36\\lib\\site-packages\\mpf\\mpfconfig.yaml', 'force_assets_load': False, 'jsonlogging': False, 'logfile': 'logs\\2019-11-13-18-36-12-mpf-DESKTOP-FPTMTCL.log', 'pause': False, 'production': False, 'text_ui': True, 'loglevel': 10, 'consoleloglevel': 20, 'force_platform': None, 'syslog_address': None, 'mc_file_name': None, 'no_sound': False}
2019-11-13 18:36:12,624 : INFO : Machine : MPF path: c:\users\schol\appdata\local\programs\python\python36\lib\site-packages\mpf
2019-11-13 18:36:12,624 : INFO : Machine : Machine path: D:\mpf\wows\wows
2019-11-13 18:36:12,624 : INFO : Machine : Platform: win32
2019-11-13 18:36:12,624 : INFO : Machine : Python executable location: c:\users\schol\appdata\local\programs\python\python36\python.exe
2019-11-13 18:36:12,624 : INFO : Machine : Python version: 3.6.4 (64-bit)
2019-11-13 18:36:12,624 : INFO : Machine : Machine config file #1: config.yaml
2019-11-13 18:36:12,625 : INFO : ConfigProcessor : Loading config from cache: C:\Users\schol\AppData\Local\Temp\9eb68d3894805241b8cf789ebd176e3c.mpf_cache
2019-11-13 18:36:12,626 : DEBUG : asyncio : Using selector: SelectSelector
2019-11-13 18:36:12,627 : INFO : Machine : Initialise MPF.
2019-11-13 18:36:12,646 : DEBUG : Smart Virtual Platform : Configuring smart_virtual hardware interface.
2019-11-13 18:36:12,710 : DEBUG : asciimatics.screen : Processing key: d
2019-11-13 18:36:12,897 : INFO : EventManager : Event: ======'machine_var_credits_string'====== Args={'value': 'FREE PLAY', 'prev_value': None, 'change': True}
2019-11-13 18:36:12,932 : INFO : EventManager : Event: ======'machine_var_mpf_version'====== Args={'value': 'MPF v0.53.0-dev.67', 'prev_value': None, 'change': True}
2019-11-13 18:36:12,932 : INFO : EventManager : Event: ======'machine_var_mpf_extended_version'====== Args={'value': 'MPF v0.53.0-dev.67, Config version:5, Show version: 5, BCP version:1.1', 'prev_value': None, 'change': True}
2019-11-13 18:36:12,932 : INFO : EventManager : Event: ======'machine_var_python_version'====== Args={'value': '3.6.4', 'prev_value': None, 'change': True}
2019-11-13 18:36:12,933 : INFO : EventManager : Event: ======'machine_var_platform'====== Args={'value': 'Windows-10-10.0.18362-SP0', 'prev_value': None, 'change': True}
2019-11-13 18:36:12,933 : INFO : EventManager : Event: ======'machine_var_platform_system'====== Args={'value': 'Windows', 'prev_value': None, 'change': True}
2019-11-13 18:36:12,933 : INFO : EventManager : Event: ======'machine_var_platform_release'====== Args={'value': '10', 'prev_value': None, 'change': True}
2019-11-13 18:36:12,933 : INFO : EventManager : Event: ======'machine_var_platform_version'====== Args={'value': '10.0.18362', 'prev_value': None, 'change': True}
2019-11-13 18:36:12,933 : INFO : EventManager : Event: ======'machine_var_platform_machine'====== Args={'value': 'AMD64', 'prev_value': None, 'change': True}
2019-11-13 18:36:12,933 : INFO : EventManager : Event: ======'init_phase_1'====== Args={}
2019-11-13 18:36:12,966 : INFO : ConfigProcessor : Loading config from cache: C:\Users\schol\AppData\Local\Temp\d5fd805c5432c1441bf01a6268536a3d.mpf_cache
2019-11-13 18:36:12,972 : DEBUG : ModeController : Loaded mode attract
2019-11-13 18:36:12,972 : INFO : ConfigProcessor : Loading config from cache: C:\Users\schol\AppData\Local\Temp\5c4497fcd69d1d656c4b69a28e44c490.mpf_cache
2019-11-13 18:36:12,977 : DEBUG : ModeController : Loaded mode game
2019-11-13 18:36:12,983 : INFO : EventManager : Event: ======'init_phase_2'====== Args={}
2019-11-13 18:36:12,983 : INFO : SwitchController : Found active switch: ('2', <Platform.SmartVirtual>)
2019-11-13 18:36:12,983 : INFO : SwitchController : Found active switch: ('3', <Platform.SmartVirtual>)
2019-11-13 18:36:12,983 : INFO : SwitchController : Found active switch: ('4', <Platform.SmartVirtual>)
2019-11-13 18:36:12,983 : INFO : SwitchController : Found active switch: ('5', <Platform.SmartVirtual>)
2019-11-13 18:36:12,983 : INFO : SwitchController : Found active switch: ('6', <Platform.SmartVirtual>)
2019-11-13 18:36:12,983 : INFO : SwitchController : Found active switch: ('7', <Platform.SmartVirtual>)
2019-11-13 18:36:12,984 : INFO : EventManager : Event: ======'bcp_connection_attempt'====== Args={'name': 'local_display', 'host': 'localhost', 'port': 5050}
2019-11-13 18:36:12,986 : INFO : BCPClientSocket : Connecting BCP to 'local_display' at localhost:5050...
2019-11-13 18:36:13,713 : DEBUG : asciimatics.screen : Processing mouse: 69, 41
2019-11-13 18:36:13,713 : DEBUG : asciimatics.widgets : New event: MouseEvent (0, 18) 0
2019-11-13 18:36:15,003 : INFO : BCPClientSocket : Connected BCP to 'local_display' localhost:5050
2019-11-13 18:36:15,004 : INFO : EventManager : Event: ======'bcp_clients_connected'====== Args={}
2019-11-13 18:36:15,050 : INFO : EventManager : Event: ======'machine_var_mc_version'====== Args={'value': 'MPF-MC v0.53.0-dev.15', 'prev_value': None, 'change': True}
2019-11-13 18:36:15,050 : INFO : EventManager : Event: ======'machine_var_mc_extended_version'====== Args={'value': 'MPF-MC v0.53.0-dev.15 (config_version=5, BCP v1.1, Requires MPF v0.53.0-dev.51)', 'prev_value': None, 'change': True}
2019-11-13 18:36:15,062 : INFO : EventManager : Event: ======'machine_var_master_volume'====== Args={'value': 0.5, 'prev_value': None, 'change': True}
2019-11-13 18:36:15,079 : DEBUG : Machine : "info_lights:" section not found in machine configuration, so the Info Lights plugin will not be used.
2019-11-13 18:36:15,079 : DEBUG : Machine : "switch_player:" section not found in machine configuration, so the Switch Playerplugin will not be used.
2019-11-13 18:36:15,080 : DEBUG : Machine : "osc_plugin:" section not found in machine configuration, so the OSCplugin will not be used.
2019-11-13 18:36:15,080 : INFO : EventManager : Event: ======'init_phase_3'====== Args={}
2019-11-13 18:36:15,082 : INFO : EventManager : Event: ======'init_phase_4'====== Args={}
2019-11-13 18:36:15,083 : INFO : EventManager : Event: ======'machine_var_audits_switches_s_left_flipper'====== Args={'value': 0, 'prev_value': None, 'change': True}
2019-11-13 18:36:15,084 : INFO : EventManager : Event: ======'machine_var_audits_switches_s_right_flipper'====== Args={'value': 0, 'prev_value': None, 'change': True}
2019-11-13 18:36:15,084 : INFO : EventManager : Event: ======'machine_var_audits_switches_s_trough1'====== Args={'value': 0, 'prev_value': None, 'change': True}
2019-11-13 18:36:15,084 : INFO : EventManager : Event: ======'machine_var_audits_switches_s_trough2'====== Args={'value': 0, 'prev_value': None, 'change': True}
2019-11-13 18:36:15,084 : INFO : EventManager : Event: ======'machine_var_audits_switches_s_trough3'====== Args={'value': 0, 'prev_value': None, 'change': True}
2019-11-13 18:36:15,084 : INFO : EventManager : Event: ======'machine_var_audits_switches_s_trough4'====== Args={'value': 0, 'prev_value': None, 'change': True}
2019-11-13 18:36:15,084 : INFO : EventManager : Event: ======'machine_var_audits_switches_s_trough5'====== Args={'value': 0, 'prev_value': None, 'change': True}
2019-11-13 18:36:15,084 : INFO : EventManager : Event: ======'machine_var_audits_switches_s_trough6'====== Args={'value': 0, 'prev_value': None, 'change': True}
2019-11-13 18:36:15,085 : INFO : EventManager : Event: ======'machine_var_audits_switches_s_trough_jam'====== Args={'value': 0, 'prev_value': None, 'change': True}
2019-11-13 18:36:15,085 : INFO : EventManager : Event: ======'machine_var_audits_switches_s_plunger'====== Args={'value': 0, 'prev_value': None, 'change': True}
2019-11-13 18:36:15,085 : INFO : EventManager : Event: ======'machine_var_audits_player_score'====== Args={'value': {'top': [], 'average': 0, 'total': 0}, 'prev_value': None, 'change': True}
2019-11-13 18:36:15,085 : INFO : EventManager : Event: ======'init_phase_5'====== Args={}
2019-11-13 18:36:15,097 : INFO : EventManager : Event: ======'init_done'====== Args={}
2019-11-13 18:36:15,098 : INFO : EventManager : Event: ======'machine_reset_phase_1'====== Args={}
2019-11-13 18:36:15,111 : INFO : EventManager : Event: ======'slide_welcome_slide_removed'====== Args={'_from_bcp': True}
2019-11-13 18:36:15,113 : INFO : EventManager : Event: ======'slide_welcome_slide_created'====== Args={'_from_bcp': True}
2019-11-13 18:36:15,114 : INFO : EventManager : Event: ======'machine_reset_phase_2'====== Args={}
2019-11-13 18:36:15,114 : INFO : EventManager : Event: ======'machine_reset_phase_3'====== Args={}
2019-11-13 18:36:15,115 : INFO : EventManager : Event: ======'reset_complete'====== Args={}
2019-11-13 18:36:15,115 : INFO : EventManager : Event: ======'slide_welcome_slide_active'====== Args={'_from_bcp': True}
2019-11-13 18:36:15,115 : INFO : EventManager : Event: ======'mode_attract_will_start'====== Args={}
2019-11-13 18:36:15,116 : INFO : EventManager : Event: ======'mode_attract_starting'====== Args={}
2019-11-13 18:36:15,116 : INFO : Mode.attract : Started. Priority: 10
2019-11-13 18:36:15,116 : INFO : EventManager : Event: ======'mode_attract_started'====== Args={}
2019-11-13 18:36:15,116 : INFO : EventManager : Event: ======'collecting_balls_complete'====== Args={}
2019-11-13 18:36:15,136 : INFO : EventManager : Event: ======'slide_attract_started_created'====== Args={'_from_bcp': True}
2019-11-13 18:36:15,136 : INFO : EventManager : Event: ======'slide_attract_started_active'====== Args={'_from_bcp': True}
2019-11-13 18:36:15,136 : INFO : Machine : Starting the main run loop.
2019-11-13 18:44:36,698 : DEBUG : asciimatics.screen : Processing mouse: 183, 15
2019-11-13 18:44:36,698 : DEBUG : asciimatics.widgets : New event: MouseEvent (183, 15) 0
2019-11-13 18:44:36,704 : INFO : Machine : Shutting down...
2019-11-13 18:44:36,704 : INFO : EventManager : Event: ======'shutdown'====== Args={}
2019-11-13 18:44:36,706 : INFO : root : MPF run loop ended.
