2019-12-20 18:38:24,154 : INFO : Machine : Mission Pinball Framework Core Engine v0.53.0-dev.68
2019-12-20 18:38:24,154 : INFO : Machine : Command line arguments: {'no_load_cache': False, 'create_config_cache': True, 'bcp': True, 'configfile': ['config.yaml'], 'mpfconfigfile': 'c:\\users\\schol\\appdata\\local\\programs\\python\\python36\\lib\\site-packages\\mpf\\mpfconfig.yaml', 'force_assets_load': False, 'jsonlogging': False, 'logfile': 'logs\\2019-12-20-18-38-24-mpf-DESKTOP-FPTMTCL.log', 'pause': False, 'production': False, 'text_ui': True, 'loglevel': 15, 'consoleloglevel': 20, 'force_platform': 'smart_virtual', 'syslog_address': None, 'mc_file_name': None, 'no_sound': False}
2019-12-20 18:38:24,155 : INFO : Machine : MPF path: c:\users\schol\appdata\local\programs\python\python36\lib\site-packages\mpf
2019-12-20 18:38:24,155 : INFO : Machine : Machine path: D:\mpf\wows\wows
2019-12-20 18:38:24,155 : INFO : Machine : Platform: win32
2019-12-20 18:38:24,155 : INFO : Machine : Python executable location: c:\users\schol\appdata\local\programs\python\python36\python.exe
2019-12-20 18:38:24,155 : INFO : Machine : Python version: 3.6.4 (64-bit)
2019-12-20 18:38:24,155 : INFO : Machine : Machine config file #1: config.yaml
2019-12-20 18:38:24,156 : INFO : ConfigProcessor : Loading config from cache: C:\Users\schol\AppData\Local\Temp\9eb68d3894805241b8cf789ebd176e3c.mpf_cache
2019-12-20 18:38:24,157 : INFO : Machine : Initialise MPF.
2019-12-20 18:38:24,368 : INFO : EventManager : Event: ======'machine_var_credits_string'====== Args={'value': 'FREE PLAY', 'prev_value': None, 'change': True}
2019-12-20 18:38:24,403 : INFO : EventManager : Event: ======'machine_var_player1_score'====== Args={'value': 0, 'prev_value': None, 'change': True}
2019-12-20 18:38:24,403 : INFO : EventManager : Event: ======'machine_var_mpf_version'====== Args={'value': 'MPF v0.53.0-dev.68', 'prev_value': None, 'change': True}
2019-12-20 18:38:24,403 : INFO : EventManager : Event: ======'machine_var_mpf_extended_version'====== Args={'value': 'MPF v0.53.0-dev.68, Config version:5, Show version: 5, BCP version:1.1', 'prev_value': None, 'change': True}
2019-12-20 18:38:24,403 : INFO : EventManager : Event: ======'machine_var_python_version'====== Args={'value': '3.6.4', 'prev_value': None, 'change': True}
2019-12-20 18:38:24,404 : INFO : EventManager : Event: ======'machine_var_platform'====== Args={'value': 'Windows-10-10.0.18362-SP0', 'prev_value': None, 'change': True}
2019-12-20 18:38:24,404 : INFO : EventManager : Event: ======'machine_var_platform_system'====== Args={'value': 'Windows', 'prev_value': None, 'change': True}
2019-12-20 18:38:24,404 : INFO : EventManager : Event: ======'machine_var_platform_release'====== Args={'value': '10', 'prev_value': None, 'change': True}
2019-12-20 18:38:24,404 : INFO : EventManager : Event: ======'machine_var_platform_version'====== Args={'value': '10.0.18362', 'prev_value': None, 'change': True}
2019-12-20 18:38:24,404 : INFO : EventManager : Event: ======'machine_var_platform_machine'====== Args={'value': 'AMD64', 'prev_value': None, 'change': True}
2019-12-20 18:38:24,404 : INFO : EventManager : Event: ======'init_phase_1'====== Args={}
2019-12-20 18:38:24,436 : WARNING : ConfigProcessor : Config file in cache changed: D:\mpf\wows\wows\modes\mode_lit\config\mode_lit.yaml
2019-12-20 18:38:24,436 : INFO : ConfigProcessor : Loading config from file D:\mpf\wows\wows\modes\mode_lit\config\mode_lit.yaml.
2019-12-20 18:38:24,457 : INFO : ConfigProcessor : Loading config: D:\mpf\wows\wows\modes\mode_lit\config\mode_lit.yaml
2019-12-20 18:38:24,458 : INFO : ConfigProcessor : Config file cache created: C:\Users\schol\AppData\Local\Temp\bb4559fa659cc8b2de1dccf407dfe109.mpf_cache
2019-12-20 18:38:24,460 : INFO : ConfigProcessor : Loading config from cache: C:\Users\schol\AppData\Local\Temp\5c4497fcd69d1d656c4b69a28e44c490.mpf_cache
2019-12-20 18:38:24,465 : INFO : ConfigProcessor : Loading config from cache: C:\Users\schol\AppData\Local\Temp\d5fd805c5432c1441bf01a6268536a3d.mpf_cache
2019-12-20 18:38:24,469 : INFO : ConfigProcessor : Loading config from cache: C:\Users\schol\AppData\Local\Temp\e8c0a02b20549d458f541dd443ff3ce4.mpf_cache
2019-12-20 18:38:24,471 : INFO : ConfigProcessor : Loading config from cache: C:\Users\schol\AppData\Local\Temp\a327e3a062200f866ce963b9d13b0dd9.mpf_cache
2019-12-20 18:38:24,496 : INFO : EventManager : Event: ======'init_phase_2'====== Args={}
2019-12-20 18:38:24,496 : INFO : SwitchController : Found active switch: ('2', <Platform.SmartVirtual>)
2019-12-20 18:38:24,497 : INFO : SwitchController : Found active switch: ('3', <Platform.SmartVirtual>)
2019-12-20 18:38:24,497 : INFO : SwitchController : Found active switch: ('4', <Platform.SmartVirtual>)
2019-12-20 18:38:24,497 : INFO : SwitchController : Found active switch: ('5', <Platform.SmartVirtual>)
2019-12-20 18:38:24,497 : INFO : SwitchController : Found active switch: ('6', <Platform.SmartVirtual>)
2019-12-20 18:38:24,497 : INFO : SwitchController : Found active switch: ('7', <Platform.SmartVirtual>)
2019-12-20 18:38:24,501 : INFO : EventManager : Event: ======'bcp_connection_attempt'====== Args={'name': 'local_display', 'host': 'localhost', 'port': 5050}
2019-12-20 18:38:24,502 : INFO : BCPClientSocket : Connecting BCP to 'local_display' at localhost:5050...
2019-12-20 18:38:26,518 : INFO : BCPClientSocket : Connected BCP to 'local_display' localhost:5050
2019-12-20 18:38:26,519 : INFO : EventManager : Event: ======'bcp_clients_connected'====== Args={}
2019-12-20 18:38:26,530 : INFO : EventManager : Event: ======'machine_var_mc_version'====== Args={'value': 'MPF-MC v0.53.0-dev.15', 'prev_value': None, 'change': True}
2019-12-20 18:38:26,530 : INFO : EventManager : Event: ======'machine_var_mc_extended_version'====== Args={'value': 'MPF-MC v0.53.0-dev.15 (config_version=5, BCP v1.1, Requires MPF v0.53.0-dev.51)', 'prev_value': None, 'change': True}
2019-12-20 18:38:26,532 : INFO : EventManager : Event: ======'machine_var_master_volume'====== Args={'value': 0.5, 'prev_value': None, 'change': True}
2019-12-20 18:38:26,576 : INFO : EventManager : Event: ======'init_phase_3'====== Args={}
2019-12-20 18:38:26,576 : INFO : AssetManager : Registering Asset: sh_mode_1_shot_made, File: sh_mode_1_shot_made.yaml, Default Group: default, Final Config: {'load': 'preload', 'file': 'D:\\mpf\\wows\\wows\\shows\\sh_mode_1_shot_made.yaml'}
2019-12-20 18:38:26,576 : INFO : AssetManager : Registering Asset: sh_mode_3_shot_made, File: sh_mode_3_shot_made.yaml, Default Group: default, Final Config: {'load': 'preload', 'file': 'D:\\mpf\\wows\\wows\\shows\\sh_mode_3_shot_made.yaml'}
2019-12-20 18:38:26,576 : INFO : AssetManager : Registering Asset: sh_mode_4_shot_made, File: sh_mode_4_shot_made.yaml, Default Group: default, Final Config: {'load': 'preload', 'file': 'D:\\mpf\\wows\\wows\\shows\\sh_mode_4_shot_made.yaml'}
2019-12-20 18:38:26,576 : INFO : AssetManager : Registering Asset: sh_mode_5_shot_made, File: sh_mode_5_shot_made.yaml, Default Group: default, Final Config: {'load': 'preload', 'file': 'D:\\mpf\\wows\\wows\\shows\\sh_mode_5_shot_made.yaml'}
2019-12-20 18:38:26,576 : INFO : AssetManager : Registering Asset: sh_mode_6_shot_made, File: sh_mode_6_shot_made.yaml, Default Group: default, Final Config: {'load': 'preload', 'file': 'D:\\mpf\\wows\\wows\\shows\\sh_mode_6_shot_made.yaml'}
2019-12-20 18:38:26,577 : INFO : AssetManager : Registering Asset: sh_mode_7_shot_made, File: sh_mode_7_shot_made.yaml, Default Group: default, Final Config: {'load': 'preload', 'file': 'D:\\mpf\\wows\\wows\\shows\\sh_mode_7_shot_made.yaml'}
2019-12-20 18:38:26,577 : INFO : AssetManager : Registering Asset: sh_mode_8_shot_made, File: sh_mode_8_shot_made.yaml, Default Group: default, Final Config: {'load': 'preload', 'file': 'D:\\mpf\\wows\\wows\\shows\\sh_mode_8_shot_made.yaml'}
2019-12-20 18:38:26,577 : INFO : AssetManager : Registering Asset: sh_mode_9_shot_made, File: sh_mode_9_shot_made.yaml, Default Group: default, Final Config: {'load': 'preload', 'file': 'D:\\mpf\\wows\\wows\\shows\\sh_mode_9_shot_made.yaml'}
2019-12-20 18:38:26,577 : INFO : ConfigProcessor : Loading config from cache: C:\Users\schol\AppData\Local\Temp\fa28a7c1718d90985f3e4cefea80239e.mpf_cache
2019-12-20 18:38:26,578 : INFO : EventManager : Event: ======'loading_assets'====== Args={'total': 8, 'loaded': 1, 'remaining': 7, 'percent': 12}
2019-12-20 18:38:26,579 : INFO : AssetManager : Loading assets: 1/8 (12%)
2019-12-20 18:38:26,579 : INFO : ConfigProcessor : Loading config from cache: C:\Users\schol\AppData\Local\Temp\f6dbec64362ae75428d089e347941373.mpf_cache
2019-12-20 18:38:26,580 : INFO : ConfigProcessor : Loading config from cache: C:\Users\schol\AppData\Local\Temp\5aa628c14aa154dfb15021c5214d5a91.mpf_cache
2019-12-20 18:38:26,580 : INFO : ConfigProcessor : Loading config from cache: C:\Users\schol\AppData\Local\Temp\bb674406373b52cc08ce19eabd999f1b.mpf_cache
2019-12-20 18:38:26,581 : INFO : ConfigProcessor : Loading config from cache: C:\Users\schol\AppData\Local\Temp\6ae24fe62db4b583aff12ea3eacd4fa6.mpf_cache
2019-12-20 18:38:26,583 : INFO : ConfigProcessor : Loading config from cache: C:\Users\schol\AppData\Local\Temp\54c04bd7a4d06db01b2fc76c006496f6.mpf_cache
2019-12-20 18:38:26,584 : INFO : ConfigProcessor : Loading config from cache: C:\Users\schol\AppData\Local\Temp\f590db5de6399d7f749784fe170f3ae0.mpf_cache
2019-12-20 18:38:26,585 : INFO : ConfigProcessor : Loading config from cache: C:\Users\schol\AppData\Local\Temp\721240ba9418a47ba91cdee1e7095efb.mpf_cache
2019-12-20 18:38:26,586 : INFO : EventManager : Event: ======'loading_assets'====== Args={'total': 8, 'loaded': 8, 'remaining': 0, 'percent': 100}
2019-12-20 18:38:26,586 : INFO : AssetManager : Asset loading took: 2.234628200531006
2019-12-20 18:38:26,586 : INFO : EventManager : Event: ======'asset_loading_complete'====== Args={}
2019-12-20 18:38:26,586 : INFO : AssetManager : Loading assets: 8/8 (100%)
2019-12-20 18:38:26,586 : ERROR : asyncio : Exception in callback EventManager._done(<Task finishe...chine-wide",)>)
handle: <Handle EventManager._done(<Task finishe...chine-wide",)>)>
Traceback (most recent call last):
  File "c:\users\schol\appdata\local\programs\python\python36\lib\asyncio\events.py", line 145, in _run
    self._callback(*self._args)
  File "c:\users\schol\appdata\local\programs\python\python36\lib\site-packages\mpf\core\events.py", line 695, in _done
    future.result()
  File "c:\users\schol\appdata\local\programs\python\python36\lib\site-packages\mpf\core\events.py", line 612, in _run_handlers_sequential
    handler.callback(queue=queue, **merged_kwargs)
  File "c:\users\schol\appdata\local\programs\python\python36\lib\site-packages\mpf\core\show_controller.py", line 41, in _initialize
    self._process_config_shows_section(self.machine.config['shows'])
  File "c:\users\schol\appdata\local\programs\python\python36\lib\site-packages\mpf\core\show_controller.py", line 53, in _process_config_shows_section
    self.register_show(show, settings)
  File "c:\users\schol\appdata\local\programs\python\python36\lib\site-packages\mpf\core\show_controller.py", line 60, in register_show
    " shared machine-wide".format(name))
ValueError: Show named 'flash' was just registered, but there's already a show with that name. Shows are shared machine-wide
2019-12-20 18:38:26,596 : INFO : Machine : Starting the main run loop.
2019-12-20 18:38:26,599 : INFO : Machine : Shutting down...
2019-12-20 18:38:26,599 : INFO : EventManager : Event: ======'shutdown'====== Args={}
2019-12-20 18:38:26,601 : ERROR : Machine : Runtime Exception
Traceback (most recent call last):
  File "c:\users\schol\appdata\local\programs\python\python36\lib\site-packages\mpf\core\machine.py", line 765, in _run_loop
    raise self._exception['exception']
  File "c:\users\schol\appdata\local\programs\python\python36\lib\asyncio\events.py", line 145, in _run
    self._callback(*self._args)
  File "c:\users\schol\appdata\local\programs\python\python36\lib\site-packages\mpf\core\events.py", line 695, in _done
    future.result()
  File "c:\users\schol\appdata\local\programs\python\python36\lib\site-packages\mpf\core\events.py", line 612, in _run_handlers_sequential
    handler.callback(queue=queue, **merged_kwargs)
  File "c:\users\schol\appdata\local\programs\python\python36\lib\site-packages\mpf\core\show_controller.py", line 41, in _initialize
    self._process_config_shows_section(self.machine.config['shows'])
  File "c:\users\schol\appdata\local\programs\python\python36\lib\site-packages\mpf\core\show_controller.py", line 53, in _process_config_shows_section
    self.register_show(show, settings)
  File "c:\users\schol\appdata\local\programs\python\python36\lib\site-packages\mpf\core\show_controller.py", line 60, in register_show
    " shared machine-wide".format(name))
ValueError: Show named 'flash' was just registered, but there's already a show with that name. Shows are shared machine-wide
2019-12-20 18:38:26,602 : INFO : root : MPF run loop ended.
