2019-11-13 21:38:35,055 : kivy : Factory: 184 symbols loaded
2019-11-13 21:38:35,171 : kivy : Image: Providers: img_tex, img_dds, img_sdl2, img_pil, img_gif (img_ffpyplayer ignored)
2019-11-13 21:38:35,245 : kivy : VideoGstplayer: Using Gstreamer 1.16.0.0
2019-11-13 21:38:35,245 : kivy : Video: Provider: gstplayer
2019-11-13 21:38:35,328 : kivy : Loading MPF-MC controller
2019-11-13 21:38:35,328 : mpfmc : Mission Pinball Framework Media Controller v0.53.0-dev.15
2019-11-13 21:38:35,329 : mpfmc : Mission Pinball Framework Game Engine v0.53.0-dev.68
2019-11-13 21:38:35,329 : mpfmc : Machine path: D:\mpf\wows\wows
2019-11-13 21:38:35,331 : ConfigProcessor : Config file in cache changed: D:\mpf\wows\wows\config\config
2019-11-13 21:38:35,332 : ConfigProcessor : Loading config from file c:\users\schol\appdata\local\programs\python\python36\lib\site-packages\mpfmc\mcconfig.yaml.
2019-11-13 21:38:35,388 : ConfigProcessor : Loading config: c:\users\schol\appdata\local\programs\python\python36\lib\site-packages\mpfmc\mcconfig.yaml
2019-11-13 21:38:35,395 : ConfigProcessor : Loading config from file D:\mpf\wows\wows\config\config.
2019-11-13 21:38:35,417 : ConfigProcessor : Loading config: D:\mpf\wows\wows\config\config
2019-11-13 21:38:35,418 : ConfigProcessor : Config file cache created: C:\Users\schol\AppData\Local\Temp\31418c17c7947b0b26bf3ae2a4803514.mpf_cache
2019-11-13 21:38:35,418 : mpfmc : Starting clock at 60.0Hz
2019-11-13 21:38:35,430 : kivy : Text: Provider: sdl2
2019-11-13 21:38:35,471 : kivy : Window: Provider: sdl2
2019-11-13 21:38:35,847 : kivy : GL: Using the "OpenGL" graphics system
2019-11-13 21:38:35,855 : kivy : GL: GLEW initialization succeeded
2019-11-13 21:38:35,855 : kivy : GL: Backend used <glew>
2019-11-13 21:38:35,855 : kivy : GL: OpenGL version <b'4.6.0 NVIDIA 388.13'>
2019-11-13 21:38:35,855 : kivy : GL: OpenGL vendor <b'NVIDIA Corporation'>
2019-11-13 21:38:35,855 : kivy : GL: OpenGL renderer <b'GeForce GTX 1060 6GB/PCIe/SSE2'>
2019-11-13 21:38:35,855 : kivy : GL: OpenGL parsed version: 4, 6
2019-11-13 21:38:35,855 : kivy : GL: Shading version <b'4.60 NVIDIA'>
2019-11-13 21:38:35,855 : kivy : GL: Texture max size <32768>
2019-11-13 21:38:35,855 : kivy : GL: Texture max units <32>
2019-11-13 21:38:35,874 : kivy : Window: auto add sdl2 input provider
2019-11-13 21:38:35,874 : kivy : Window: virtual keyboard not allowed, single mode, not docked
2019-11-13 21:38:35,881 : SoundSystem : SoundSystem: Using default 'sound_system' settings
2019-11-13 21:38:36,063 : AudioInterface : Initialized
2019-11-13 21:38:36,063 : SoundSystem : No audio tracks are specified in your machine config file. a track named 'default' has been created.
2019-11-13 21:38:36,065 : kivy : Base: Start application main loop
2019-11-13 21:38:36,066 : EventManager : Event: ======'display_window_initialized'====== Args={}
2019-11-13 21:38:36,110 : mpfmc : Display: Setting 'window' as default display
2019-11-13 21:38:36,116 : EventManager : Event: ======'displays_initialized'====== Args={}
2019-11-13 21:38:36,118 : EventManager : Event: ======'slide_window_blank_created'====== Args={}
2019-11-13 21:38:36,118 : EventManager : Event: ======'display_window_ready'====== Args={}
2019-11-13 21:38:36,127 : EventManager : Event: ======'init_phase_1'====== Args={}
2019-11-13 21:38:36,130 : EventManager : Event: ======'mc_ready'====== Args={}
2019-11-13 21:38:36,130 : EventManager : Event: ======'init_phase_2'====== Args={}
2019-11-13 21:38:36,131 : ConfigProcessor : Loading config from cache: C:\Users\schol\AppData\Local\Temp\d5fd805c5432c1441bf01a6268536a3d.mpf_cache
2019-11-13 21:38:36,132 : ConfigProcessor : Loading config from cache: C:\Users\schol\AppData\Local\Temp\5c4497fcd69d1d656c4b69a28e44c490.mpf_cache
2019-11-13 21:38:36,132 : EventManager : Event: ======'init_phase_3'====== Args={}
2019-11-13 21:38:36,133 : EventManager : Event: ======'init_phase_4'====== Args={}
2019-11-13 21:38:36,133 : EventManager : Event: ======'init_phase_5'====== Args={}
2019-11-13 21:38:36,133 : EventManager : Event: ======'init_done'====== Args={}
2019-11-13 21:38:36,133 : MPF-MC BCP Server : Starting up on localhost port 5050
2019-11-13 21:38:36,136 : MPF-MC BCP Server : Waiting for a connection...
2019-11-13 21:38:36,136 : mpfmc : SlidePlayer: Play called with settings={'slides': {welcome_slide-None-None: {'priority': None, 'target': None, 'background_color': [0.0, 0.0, 0.0, 1.0], 'show': True, 'force': False, 'expire': None, 'slide': None, 'tokens': {}, 'action': 'play', 'transition': None, 'transition_out': None}}}
2019-11-13 21:38:36,140 : kivy : GL: NPOT texture support is available
2019-11-13 21:38:36,142 : EventManager : Event: ======'slide_welcome_slide_created'====== Args={}
2019-11-13 21:38:36,144 : EventManager : Event: ======'slide_welcome_slide_active'====== Args={}
2019-11-13 21:38:36,182 : EventManager : Event: ======'client_disconnected'====== Args={'host': '127.0.0.1', 'port': 5050}
2019-11-13 21:38:37,375 : MPF-MC BCP Server : Received connection from: 127.0.0.1:51568
2019-11-13 21:38:37,377 : EventManager : Event: ======'client_connected'====== Args={'host': '127.0.0.1', 'port': 51568}
2019-11-13 21:38:37,389 : EventManager : Event: ======'machine_var_credits_string'====== Args={'value': 'FREE PLAY', 'prev_value': None, 'change': True}
2019-11-13 21:38:37,389 : EventManager : Event: ======'machine_var_mpf_version'====== Args={'value': 'MPF v0.53.0-dev.68', 'prev_value': None, 'change': True}
2019-11-13 21:38:37,389 : EventManager : Event: ======'machine_var_mpf_extended_version'====== Args={'value': 'MPF v0.53.0-dev.68, Config version:5, Show version: 5, BCP version:1.1', 'prev_value': None, 'change': True}
2019-11-13 21:38:37,389 : EventManager : Event: ======'machine_var_python_version'====== Args={'value': '3.6.4', 'prev_value': None, 'change': True}
2019-11-13 21:38:37,389 : EventManager : Event: ======'machine_var_platform'====== Args={'value': 'Windows-10-10.0.18362-SP0', 'prev_value': None, 'change': True}
2019-11-13 21:38:37,389 : EventManager : Event: ======'machine_var_platform_system'====== Args={'value': 'Windows', 'prev_value': None, 'change': True}
2019-11-13 21:38:37,389 : EventManager : Event: ======'machine_var_platform_release'====== Args={'value': '10', 'prev_value': None, 'change': True}
2019-11-13 21:38:37,389 : EventManager : Event: ======'machine_var_platform_version'====== Args={'value': '10.0.18362', 'prev_value': None, 'change': True}
2019-11-13 21:38:37,389 : EventManager : Event: ======'machine_var_platform_machine'====== Args={'value': 'AMD64', 'prev_value': None, 'change': True}
2019-11-13 21:38:37,389 : EventManager : Event: ======'machine_var_mc_version'====== Args={'value': 'MPF-MC v0.53.0-dev.15', 'prev_value': None, 'change': True}
2019-11-13 21:38:37,389 : EventManager : Event: ======'machine_var_mc_extended_version'====== Args={'value': 'MPF-MC v0.53.0-dev.15 (config_version=5, BCP v1.1, Requires MPF v0.53.0-dev.51)', 'prev_value': None, 'change': True}
2019-11-13 21:38:37,390 : EventManager : Event: ======'machine_var_master_volume'====== Args={'value': 0.5, 'prev_value': None, 'change': True}
2019-11-13 21:38:37,415 : EventManager : Event: ======'machine_var_audits_switches_s_left_flipper'====== Args={'value': 0, 'prev_value': None, 'change': True}
2019-11-13 21:38:37,415 : EventManager : Event: ======'machine_var_audits_switches_s_right_flipper'====== Args={'value': 0, 'prev_value': None, 'change': True}
2019-11-13 21:38:37,415 : EventManager : Event: ======'machine_var_audits_switches_s_trough1'====== Args={'value': 0, 'prev_value': None, 'change': True}
2019-11-13 21:38:37,415 : EventManager : Event: ======'machine_var_audits_switches_s_trough2'====== Args={'value': 0, 'prev_value': None, 'change': True}
2019-11-13 21:38:37,416 : EventManager : Event: ======'machine_var_audits_switches_s_trough3'====== Args={'value': 0, 'prev_value': None, 'change': True}
2019-11-13 21:38:37,416 : EventManager : Event: ======'machine_var_audits_switches_s_trough4'====== Args={'value': 0, 'prev_value': None, 'change': True}
2019-11-13 21:38:37,416 : EventManager : Event: ======'machine_var_audits_switches_s_trough5'====== Args={'value': 0, 'prev_value': None, 'change': True}
2019-11-13 21:38:37,416 : EventManager : Event: ======'machine_var_audits_switches_s_trough6'====== Args={'value': 0, 'prev_value': None, 'change': True}
2019-11-13 21:38:37,416 : EventManager : Event: ======'machine_var_audits_switches_s_trough_jam'====== Args={'value': 0, 'prev_value': None, 'change': True}
2019-11-13 21:38:37,416 : EventManager : Event: ======'machine_var_audits_switches_s_plunger'====== Args={'value': 0, 'prev_value': None, 'change': True}
2019-11-13 21:38:37,416 : EventManager : Event: ======'machine_var_audits_switches_s_start'====== Args={'value': 0, 'prev_value': None, 'change': True}
2019-11-13 21:38:37,416 : EventManager : Event: ======'machine_var_audits_switches_s_right_inlane'====== Args={'value': 0, 'prev_value': None, 'change': True}
2019-11-13 21:38:37,416 : EventManager : Event: ======'machine_var_audits_player_score'====== Args={'value': {'top': [], 'average': 0, 'total': 0}, 'prev_value': None, 'change': True}
2019-11-13 21:38:37,440 : EventManager : Event: ======'slides_play'====== Args={'settings': {'welcome_slide': {'target': None, 'background_color': [0.0, 0.0, 0.0, 1.0], 'priority': None, 'show': True, 'force': False, 'expire': None, 'slide': None, 'tokens': {}, 'action': 'play'}}, 'context': '_global', 'calling_context': 'init_done', 'priority': 0}
2019-11-13 21:38:37,440 : EventManager : Event: ======'mc_reset_phase_1'====== Args={}
2019-11-13 21:38:37,440 : mpfmc : SlidePlayer: Play called with settings={'welcome_slide': {'target': None, 'background_color': [0.0, 0.0, 0.0, 1.0], 'priority': None, 'show': True, 'force': False, 'expire': None, 'slide': None, 'tokens': {}, 'action': 'play'}}
2019-11-13 21:38:37,441 : EventManager : Event: ======'slide_welcome_slide_removed'====== Args={}
2019-11-13 21:38:37,443 : EventManager : Event: ======'slide_welcome_slide_created'====== Args={}
2019-11-13 21:38:37,444 : EventManager : Event: ======'mc_reset_phase_2'====== Args={}
2019-11-13 21:38:37,444 : EventManager : Event: ======'mc_reset_phase_3'====== Args={}
2019-11-13 21:38:37,444 : EventManager : Event: ======'mc_reset_complete'====== Args={}
2019-11-13 21:38:37,444 : EventManager : Event: ======'slide_welcome_slide_active'====== Args={}
2019-11-13 21:38:37,451 : EventManager : Event: ======'slides_play'====== Args={'settings': {'attract_started': {'target': None, 'background_color': [0.0, 0.0, 0.0, 1.0], 'priority': None, 'show': True, 'force': False, 'expire': None, 'slide': None, 'tokens': {}, 'action': 'play'}}, 'context': '_global', 'calling_context': 'mode_attract_started', 'priority': 0}
2019-11-13 21:38:37,451 : mpfmc : SlidePlayer: Play called with settings={'attract_started': {'target': None, 'background_color': [0.0, 0.0, 0.0, 1.0], 'priority': None, 'show': True, 'force': False, 'expire': None, 'slide': None, 'tokens': {}, 'action': 'play'}}
2019-11-13 21:38:37,454 : EventManager : Event: ======'slide_attract_started_created'====== Args={}
2019-11-13 21:38:37,455 : EventManager : Event: ======'slide_attract_started_active'====== Args={}
2019-11-13 21:39:29,240 : kivy : WindowSDL: exiting mainloop and closing.
2019-11-13 21:39:29,344 : kivy : Base: Leaving application in progress...
2019-11-13 21:39:29,344 : mpfmc : Stopping...
2019-11-13 21:39:29,344 : EventManager : Event: ======'shutdown'====== Args={}
2019-11-13 21:39:29,344 : mpfmc : Loop rate 80.07 Hz
2019-11-13 21:39:29,344 : kivy : MC run loop ended.
2019-11-13 21:39:29,344 : kivy : Stopping child threads... (3 remaining)
2019-11-13 21:39:29,866 : mpfmc : Stopping...
2019-11-13 21:39:29,866 : EventManager : Event: ======'shutdown'====== Args={}
2019-11-13 21:39:29,866 : mpfmc : Loop rate 79.29 Hz
2019-11-13 21:39:29,877 : MPF-MC BCP Server : Stopping BCP sending thread
2019-11-13 21:39:30,153 : kivy : All child threads stopped.
