2019-11-13 16:10:12,630 : kivy : Factory: 184 symbols loaded
2019-11-13 16:10:12,721 : kivy : Image: Providers: img_tex, img_dds, img_sdl2, img_pil, img_gif (img_ffpyplayer ignored)
2019-11-13 16:10:12,779 : kivy : VideoGstplayer: Using Gstreamer 1.16.0.0
2019-11-13 16:10:12,779 : kivy : Video: Provider: gstplayer
2019-11-13 16:10:12,841 : kivy : Loading MPF-MC controller
2019-11-13 16:10:12,842 : mpfmc : Mission Pinball Framework Media Controller v0.53.0-dev.15
2019-11-13 16:10:12,843 : mpfmc : Mission Pinball Framework Game Engine v0.53.0-dev.67
2019-11-13 16:10:12,846 : mpfmc : Machine path: D:\mpf\wows\wows
2019-11-13 16:10:12,847 : ConfigProcessor : Config file in cache changed: D:\mpf\wows\wows\config\config
2019-11-13 16:10:12,847 : ConfigProcessor : Loading config from file c:\users\schol\appdata\local\programs\python\python36\lib\site-packages\mpfmc\mcconfig.yaml.
2019-11-13 16:10:12,892 : ConfigProcessor : Loading config: c:\users\schol\appdata\local\programs\python\python36\lib\site-packages\mpfmc\mcconfig.yaml
2019-11-13 16:10:12,900 : ConfigProcessor : Loading config from file D:\mpf\wows\wows\config\config.
2019-11-13 16:10:12,908 : ConfigProcessor : Loading config: D:\mpf\wows\wows\config\config
2019-11-13 16:10:12,909 : ConfigProcessor : Config file cache created: C:\Users\schol\AppData\Local\Temp\31418c17c7947b0b26bf3ae2a4803514.mpf_cache
2019-11-13 16:10:12,909 : mpfmc : Starting clock at 60.0Hz
2019-11-13 16:10:12,921 : kivy : Text: Provider: sdl2
2019-11-13 16:10:12,958 : kivy : Window: Provider: sdl2
2019-11-13 16:10:13,275 : kivy : GL: Using the "OpenGL" graphics system
2019-11-13 16:10:13,279 : kivy : GL: GLEW initialization succeeded
2019-11-13 16:10:13,279 : kivy : GL: Backend used <glew>
2019-11-13 16:10:13,280 : kivy : GL: OpenGL version <b'4.6.0 NVIDIA 388.13'>
2019-11-13 16:10:13,280 : kivy : GL: OpenGL vendor <b'NVIDIA Corporation'>
2019-11-13 16:10:13,280 : kivy : GL: OpenGL renderer <b'GeForce GTX 1060 6GB/PCIe/SSE2'>
2019-11-13 16:10:13,280 : kivy : GL: OpenGL parsed version: 4, 6
2019-11-13 16:10:13,281 : kivy : GL: Shading version <b'4.60 NVIDIA'>
2019-11-13 16:10:13,281 : kivy : GL: Texture max size <32768>
2019-11-13 16:10:13,281 : kivy : GL: Texture max units <32>
2019-11-13 16:10:13,297 : kivy : Window: auto add sdl2 input provider
2019-11-13 16:10:13,298 : kivy : Window: virtual keyboard not allowed, single mode, not docked
2019-11-13 16:10:13,306 : SoundSystem : SoundSystem: Using default 'sound_system' settings
2019-11-13 16:10:13,483 : AudioInterface : Initialized
2019-11-13 16:10:13,483 : SoundSystem : No audio tracks are specified in your machine config file. a track named 'default' has been created.
2019-11-13 16:10:13,486 : kivy : Base: Start application main loop
2019-11-13 16:10:13,487 : EventManager : Event: ======'display_default_initialized'====== Args={}
2019-11-13 16:10:13,520 : mpfmc : Display: Setting 'default' as default display
2019-11-13 16:10:13,526 : EventManager : Event: ======'displays_initialized'====== Args={}
2019-11-13 16:10:13,527 : EventManager : Event: ======'slide_default_blank_created'====== Args={}
2019-11-13 16:10:13,528 : EventManager : Event: ======'display_default_ready'====== Args={}
2019-11-13 16:10:13,537 : EventManager : Event: ======'init_phase_1'====== Args={}
2019-11-13 16:10:13,539 : EventManager : Event: ======'mc_ready'====== Args={}
2019-11-13 16:10:13,539 : EventManager : Event: ======'init_phase_2'====== Args={}
2019-11-13 16:10:13,540 : ConfigProcessor : Loading config from cache: C:\Users\schol\AppData\Local\Temp\5c4497fcd69d1d656c4b69a28e44c490.mpf_cache
2019-11-13 16:10:13,541 : ConfigProcessor : Loading config from cache: C:\Users\schol\AppData\Local\Temp\d5fd805c5432c1441bf01a6268536a3d.mpf_cache
2019-11-13 16:10:13,542 : EventManager : Event: ======'init_phase_3'====== Args={}
2019-11-13 16:10:13,543 : EventManager : Event: ======'init_phase_4'====== Args={}
2019-11-13 16:10:13,543 : EventManager : Event: ======'init_phase_5'====== Args={}
2019-11-13 16:10:13,543 : EventManager : Event: ======'init_done'====== Args={}
2019-11-13 16:10:15,995 : kivy : WindowSDL: exiting mainloop and closing.
2019-11-13 16:10:16,094 : kivy : Base: Leaving application in progress...
2019-11-13 16:10:16,095 : mpfmc : Stopping...
2019-11-13 16:10:16,096 : EventManager : Event: ======'shutdown'====== Args={}
2019-11-13 16:10:16,097 : mpfmc : Loop rate 76.24 Hz
2019-11-13 16:10:16,097 : kivy : MC run loop ended.
2019-11-13 16:10:16,097 : kivy : Stopping child threads... (1 remaining)
2019-11-13 16:10:16,498 : kivy : All child threads stopped.
