2019-11-13 18:58:36,629 : kivy : Factory: 184 symbols loaded
2019-11-13 18:58:36,724 : kivy : Image: Providers: img_tex, img_dds, img_sdl2, img_pil, img_gif (img_ffpyplayer ignored)
2019-11-13 18:58:36,775 : kivy : VideoGstplayer: Using Gstreamer 1.16.0.0
2019-11-13 18:58:36,775 : kivy : Video: Provider: gstplayer
2019-11-13 18:58:36,839 : kivy : Loading MPF-MC controller
2019-11-13 18:58:36,840 : mpfmc : Mission Pinball Framework Media Controller v0.53.0-dev.15
2019-11-13 18:58:36,840 : mpfmc : Mission Pinball Framework Game Engine v0.53.0-dev.67
2019-11-13 18:58:36,840 : mpfmc : Machine path: D:\mpf\wows\wows
2019-11-13 18:58:36,841 : ConfigProcessor : Config file in cache changed: D:\mpf\wows\wows\config\config
2019-11-13 18:58:36,841 : ConfigProcessor : Loading config from file c:\users\schol\appdata\local\programs\python\python36\lib\site-packages\mpfmc\mcconfig.yaml.
2019-11-13 18:58:36,888 : ConfigProcessor : Loading config: c:\users\schol\appdata\local\programs\python\python36\lib\site-packages\mpfmc\mcconfig.yaml
2019-11-13 18:58:36,895 : ConfigProcessor : Loading config from file D:\mpf\wows\wows\config\config.
2019-11-13 18:58:36,915 : ConfigProcessor : Loading config: D:\mpf\wows\wows\config\config
2019-11-13 18:58:36,916 : ConfigProcessor : Config file cache created: C:\Users\schol\AppData\Local\Temp\31418c17c7947b0b26bf3ae2a4803514.mpf_cache
2019-11-13 18:58:36,916 : mpfmc : Starting clock at 60.0Hz
2019-11-13 18:58:36,928 : kivy : Text: Provider: sdl2
2019-11-13 18:58:36,964 : kivy : Window: Provider: sdl2
2019-11-13 18:58:37,308 : kivy : GL: Using the "OpenGL" graphics system
2019-11-13 18:58:37,312 : kivy : GL: GLEW initialization succeeded
2019-11-13 18:58:37,312 : kivy : GL: Backend used <glew>
2019-11-13 18:58:37,312 : kivy : GL: OpenGL version <b'4.6.0 NVIDIA 388.13'>
2019-11-13 18:58:37,312 : kivy : GL: OpenGL vendor <b'NVIDIA Corporation'>
2019-11-13 18:58:37,312 : kivy : GL: OpenGL renderer <b'GeForce GTX 1060 6GB/PCIe/SSE2'>
2019-11-13 18:58:37,312 : kivy : GL: OpenGL parsed version: 4, 6
2019-11-13 18:58:37,312 : kivy : GL: Shading version <b'4.60 NVIDIA'>
2019-11-13 18:58:37,312 : kivy : GL: Texture max size <32768>
2019-11-13 18:58:37,313 : kivy : GL: Texture max units <32>
2019-11-13 18:58:37,328 : kivy : Window: auto add sdl2 input provider
2019-11-13 18:58:37,328 : kivy : Window: virtual keyboard not allowed, single mode, not docked
2019-11-13 18:58:37,336 : SoundSystem : SoundSystem: Using default 'sound_system' settings
2019-11-13 18:58:37,595 : AudioInterface : Initialized
2019-11-13 18:58:37,596 : SoundSystem : No audio tracks are specified in your machine config file. a track named 'default' has been created.
2019-11-13 18:58:37,598 : kivy : Base: Start application main loop
2019-11-13 18:58:37,598 : EventManager : Event: ======'display_window_initialized'====== Args={}
2019-11-13 18:58:37,641 : mpfmc : Display: Setting 'window' as default display
2019-11-13 18:58:37,647 : EventManager : Event: ======'displays_initialized'====== Args={}
2019-11-13 18:58:37,647 : EventManager : Event: ======'slide_window_blank_created'====== Args={}
2019-11-13 18:58:37,647 : EventManager : Event: ======'display_window_ready'====== Args={}
2019-11-13 18:58:37,656 : EventManager : Event: ======'init_phase_1'====== Args={}
2019-11-13 18:58:37,660 : EventManager : Event: ======'mc_ready'====== Args={}
2019-11-13 18:58:37,660 : EventManager : Event: ======'init_phase_2'====== Args={}
2019-11-13 18:58:37,660 : ConfigProcessor : Loading config from cache: C:\Users\schol\AppData\Local\Temp\d5fd805c5432c1441bf01a6268536a3d.mpf_cache
2019-11-13 18:58:37,661 : ConfigProcessor : Loading config from cache: C:\Users\schol\AppData\Local\Temp\5c4497fcd69d1d656c4b69a28e44c490.mpf_cache
2019-11-13 18:58:37,661 : EventManager : Event: ======'init_phase_3'====== Args={}
2019-11-13 18:58:37,662 : EventManager : Event: ======'init_phase_4'====== Args={}
2019-11-13 18:58:37,662 : EventManager : Event: ======'init_phase_5'====== Args={}
2019-11-13 18:58:37,662 : EventManager : Event: ======'init_done'====== Args={}
2019-11-13 18:58:37,662 : mpfmc : SlidePlayer: Play called with settings={'slides': {welcome_slide-None-None: {'priority': None, 'target': None, 'tokens': {}, 'expire': None, 'show': True, 'action': 'play', 'force': False, 'slide': None, 'background_color': [0.0, 0.0, 0.0, 1.0], 'transition': None, 'transition_out': None}}}
2019-11-13 18:58:37,666 : kivy : GL: NPOT texture support is available
2019-11-13 18:58:37,667 : EventManager : Event: ======'slide_welcome_slide_created'====== Args={}
2019-11-13 18:58:37,670 : EventManager : Event: ======'slide_welcome_slide_active'====== Args={}
2019-11-13 18:58:51,186 : kivy : WindowSDL: exiting mainloop and closing.
2019-11-13 18:58:51,285 : kivy : Base: Leaving application in progress...
2019-11-13 18:58:51,286 : mpfmc : Stopping...
2019-11-13 18:58:51,286 : EventManager : Event: ======'shutdown'====== Args={}
2019-11-13 18:58:51,286 : mpfmc : Loop rate 80.57 Hz
2019-11-13 18:58:51,286 : kivy : MC run loop ended.
2019-11-13 18:58:51,286 : kivy : Stopping child threads... (1 remaining)
2019-11-13 18:58:51,688 : kivy : All child threads stopped.
