2019-11-16 12:06:41,918 : kivy : Factory: 184 symbols loaded
2019-11-16 12:06:42,020 : kivy : Image: Providers: img_tex, img_dds, img_sdl2, img_pil, img_gif (img_ffpyplayer ignored)
2019-11-16 12:06:42,076 : kivy : VideoGstplayer: Using Gstreamer 1.16.0.0
2019-11-16 12:06:42,076 : kivy : Video: Provider: gstplayer
2019-11-16 12:06:42,144 : kivy : Loading MPF-MC controller
2019-11-16 12:06:42,145 : mpfmc : Mission Pinball Framework Media Controller v0.53.0-dev.15
2019-11-16 12:06:42,145 : mpfmc : Mission Pinball Framework Game Engine v0.53.0-dev.68
2019-11-16 12:06:42,145 : mpfmc : Machine path: D:\mpf\wows\wows
2019-11-16 12:06:42,146 : ConfigProcessor : Config file in cache changed: D:\mpf\wows\wows\config\config
2019-11-16 12:06:42,147 : ConfigProcessor : Loading config from file c:\users\schol\appdata\local\programs\python\python36\lib\site-packages\mpfmc\mcconfig.yaml.
2019-11-16 12:06:42,192 : ConfigProcessor : Loading config: c:\users\schol\appdata\local\programs\python\python36\lib\site-packages\mpfmc\mcconfig.yaml
2019-11-16 12:06:42,200 : ConfigProcessor : Loading config from file D:\mpf\wows\wows\config\config.
2019-11-16 12:06:42,249 : ConfigProcessor : Loading config: D:\mpf\wows\wows\config\config
2019-11-16 12:06:42,251 : ConfigProcessor : Config file cache created: C:\Users\schol\AppData\Local\Temp\31418c17c7947b0b26bf3ae2a4803514.mpf_cache
2019-11-16 12:06:42,251 : mpfmc : Starting clock at 60.0Hz
2019-11-16 12:06:42,263 : kivy : Text: Provider: sdl2
2019-11-16 12:06:42,303 : kivy : Window: Provider: sdl2
2019-11-16 12:06:42,671 : kivy : GL: Using the "OpenGL" graphics system
2019-11-16 12:06:42,675 : kivy : GL: GLEW initialization succeeded
2019-11-16 12:06:42,675 : kivy : GL: Backend used <glew>
2019-11-16 12:06:42,675 : kivy : GL: OpenGL version <b'4.6.0 NVIDIA 388.13'>
2019-11-16 12:06:42,675 : kivy : GL: OpenGL vendor <b'NVIDIA Corporation'>
2019-11-16 12:06:42,675 : kivy : GL: OpenGL renderer <b'GeForce GTX 1060 6GB/PCIe/SSE2'>
2019-11-16 12:06:42,675 : kivy : GL: OpenGL parsed version: 4, 6
2019-11-16 12:06:42,675 : kivy : GL: Shading version <b'4.60 NVIDIA'>
2019-11-16 12:06:42,675 : kivy : GL: Texture max size <32768>
2019-11-16 12:06:42,676 : kivy : GL: Texture max units <32>
2019-11-16 12:06:42,692 : kivy : Window: auto add sdl2 input provider
2019-11-16 12:06:42,692 : kivy : Window: virtual keyboard not allowed, single mode, not docked
2019-11-16 12:06:42,701 : SoundSystem : SoundSystem: Using default 'sound_system' settings
2019-11-16 12:06:42,873 : AudioInterface : Initialized
2019-11-16 12:06:42,873 : SoundSystem : No audio tracks are specified in your machine config file. a track named 'default' has been created.
2019-11-16 12:06:42,875 : kivy : Base: Start application main loop
2019-11-16 12:06:42,875 : EventManager : Event: ======'display_window_initialized'====== Args={}
2019-11-16 12:06:42,917 : mpfmc : Display: Setting 'window' as default display
2019-11-16 12:06:42,921 : EventManager : Event: ======'displays_initialized'====== Args={}
2019-11-16 12:06:42,923 : EventManager : Event: ======'slide_window_blank_created'====== Args={}
2019-11-16 12:06:42,923 : EventManager : Event: ======'display_window_ready'====== Args={}
2019-11-16 12:06:42,932 : EventManager : Event: ======'init_phase_1'====== Args={}
2019-11-16 12:06:42,935 : EventManager : Event: ======'mc_ready'====== Args={}
2019-11-16 12:06:42,935 : EventManager : Event: ======'init_phase_2'====== Args={}
2019-11-16 12:06:42,936 : ConfigProcessor : Loading config from cache: C:\Users\schol\AppData\Local\Temp\d5fd805c5432c1441bf01a6268536a3d.mpf_cache
2019-11-16 12:06:42,936 : ConfigProcessor : Loading config from cache: C:\Users\schol\AppData\Local\Temp\5c4497fcd69d1d656c4b69a28e44c490.mpf_cache
2019-11-16 12:06:42,937 : EventManager : Event: ======'init_phase_3'====== Args={}
2019-11-16 12:06:42,937 : EventManager : Event: ======'init_phase_4'====== Args={}
2019-11-16 12:06:42,937 : EventManager : Event: ======'init_phase_5'====== Args={}
2019-11-16 12:06:42,937 : EventManager : Event: ======'init_done'====== Args={}
2019-11-16 12:06:42,937 : MPF-MC BCP Server : Starting up on localhost port 5050
2019-11-16 12:06:42,940 : MPF-MC BCP Server : Waiting for a connection...
2019-11-16 12:06:42,940 : mpfmc : SlidePlayer: Play called with settings={'slides': {welcome_slide-None-None: {'priority': None, 'target': None, 'background_color': [0.0, 0.0, 0.0, 1.0], 'show': True, 'force': False, 'expire': None, 'slide': None, 'tokens': {}, 'action': 'play', 'transition': None, 'transition_out': None}}}
2019-11-16 12:06:42,944 : kivy : GL: NPOT texture support is available
2019-11-16 12:06:42,946 : EventManager : Event: ======'slide_welcome_slide_created'====== Args={}
2019-11-16 12:06:42,948 : EventManager : Event: ======'slide_welcome_slide_active'====== Args={}
2019-11-16 12:06:42,988 : EventManager : Event: ======'client_disconnected'====== Args={'host': '127.0.0.1', 'port': 5050}
2019-11-16 12:06:44,049 : MPF-MC BCP Server : Received connection from: 127.0.0.1:51388
2019-11-16 12:06:44,061 : EventManager : Event: ======'client_connected'====== Args={'host': '127.0.0.1', 'port': 51388}
2019-11-16 12:06:44,073 : EventManager : Event: ======'machine_var_credits_string'====== Args={'value': 'FREE PLAY', 'prev_value': None, 'change': True}
2019-11-16 12:06:44,073 : EventManager : Event: ======'machine_var_mpf_version'====== Args={'value': 'MPF v0.53.0-dev.68', 'prev_value': None, 'change': True}
2019-11-16 12:06:44,073 : EventManager : Event: ======'machine_var_mpf_extended_version'====== Args={'value': 'MPF v0.53.0-dev.68, Config version:5, Show version: 5, BCP version:1.1', 'prev_value': None, 'change': True}
2019-11-16 12:06:44,073 : EventManager : Event: ======'machine_var_python_version'====== Args={'value': '3.6.4', 'prev_value': None, 'change': True}
2019-11-16 12:06:44,073 : EventManager : Event: ======'machine_var_platform'====== Args={'value': 'Windows-10-10.0.18362-SP0', 'prev_value': None, 'change': True}
2019-11-16 12:06:44,073 : EventManager : Event: ======'machine_var_platform_system'====== Args={'value': 'Windows', 'prev_value': None, 'change': True}
2019-11-16 12:06:44,073 : EventManager : Event: ======'machine_var_platform_release'====== Args={'value': '10', 'prev_value': None, 'change': True}
2019-11-16 12:06:44,073 : EventManager : Event: ======'machine_var_platform_version'====== Args={'value': '10.0.18362', 'prev_value': None, 'change': True}
2019-11-16 12:06:44,073 : EventManager : Event: ======'machine_var_platform_machine'====== Args={'value': 'AMD64', 'prev_value': None, 'change': True}
2019-11-16 12:06:44,073 : EventManager : Event: ======'machine_var_mc_version'====== Args={'value': 'MPF-MC v0.53.0-dev.15', 'prev_value': None, 'change': True}
2019-11-16 12:06:44,074 : EventManager : Event: ======'machine_var_mc_extended_version'====== Args={'value': 'MPF-MC v0.53.0-dev.15 (config_version=5, BCP v1.1, Requires MPF v0.53.0-dev.51)', 'prev_value': None, 'change': True}
2019-11-16 12:06:44,074 : EventManager : Event: ======'machine_var_master_volume'====== Args={'value': 0.5, 'prev_value': None, 'change': True}
2019-11-16 12:06:44,098 : EventManager : Event: ======'machine_var_audits_switches_s_left_flipper'====== Args={'value': 0, 'prev_value': None, 'change': True}
2019-11-16 12:06:44,098 : EventManager : Event: ======'machine_var_audits_switches_s_right_flipper'====== Args={'value': 0, 'prev_value': None, 'change': True}
2019-11-16 12:06:44,098 : EventManager : Event: ======'machine_var_audits_switches_s_trough1'====== Args={'value': 0, 'prev_value': None, 'change': True}
2019-11-16 12:06:44,098 : EventManager : Event: ======'machine_var_audits_switches_s_trough2'====== Args={'value': 0, 'prev_value': None, 'change': True}
2019-11-16 12:06:44,098 : EventManager : Event: ======'machine_var_audits_switches_s_trough3'====== Args={'value': 0, 'prev_value': None, 'change': True}
2019-11-16 12:06:44,098 : EventManager : Event: ======'machine_var_audits_switches_s_trough4'====== Args={'value': 0, 'prev_value': None, 'change': True}
2019-11-16 12:06:44,098 : EventManager : Event: ======'machine_var_audits_switches_s_trough5'====== Args={'value': 0, 'prev_value': None, 'change': True}
2019-11-16 12:06:44,099 : EventManager : Event: ======'machine_var_audits_switches_s_trough6'====== Args={'value': 0, 'prev_value': None, 'change': True}
2019-11-16 12:06:44,099 : EventManager : Event: ======'machine_var_audits_switches_s_trough_jam'====== Args={'value': 0, 'prev_value': None, 'change': True}
2019-11-16 12:06:44,099 : EventManager : Event: ======'machine_var_audits_switches_s_plunger'====== Args={'value': 0, 'prev_value': None, 'change': True}
2019-11-16 12:06:44,099 : EventManager : Event: ======'machine_var_audits_switches_s_start'====== Args={'value': 0, 'prev_value': None, 'change': True}
2019-11-16 12:06:44,099 : EventManager : Event: ======'machine_var_audits_switches_s_right_inlane'====== Args={'value': 0, 'prev_value': None, 'change': True}
2019-11-16 12:06:44,099 : EventManager : Event: ======'machine_var_audits_switches_s_right_outlane'====== Args={'value': 0, 'prev_value': None, 'change': True}
2019-11-16 12:06:44,099 : EventManager : Event: ======'machine_var_audits_switches_s_left_inlane'====== Args={'value': 0, 'prev_value': None, 'change': True}
2019-11-16 12:06:44,099 : EventManager : Event: ======'machine_var_audits_switches_s_left_mid_inlane'====== Args={'value': 0, 'prev_value': None, 'change': True}
2019-11-16 12:06:44,099 : EventManager : Event: ======'machine_var_audits_switches_s_left_outlane'====== Args={'value': 0, 'prev_value': None, 'change': True}
2019-11-16 12:06:44,099 : EventManager : Event: ======'machine_var_audits_switches_s_kickback'====== Args={'value': 0, 'prev_value': None, 'change': True}
2019-11-16 12:06:44,099 : EventManager : Event: ======'machine_var_audits_switches_s_right_slingshot'====== Args={'value': 0, 'prev_value': None, 'change': True}
2019-11-16 12:06:44,099 : EventManager : Event: ======'machine_var_audits_switches_s_left_slingshot'====== Args={'value': 0, 'prev_value': None, 'change': True}
2019-11-16 12:06:44,100 : EventManager : Event: ======'machine_var_audits_switches_s_kickback_terget_1'====== Args={'value': 0, 'prev_value': None, 'change': True}
2019-11-16 12:06:44,100 : EventManager : Event: ======'machine_var_audits_switches_s_kickback_target_2'====== Args={'value': 0, 'prev_value': None, 'change': True}
2019-11-16 12:06:44,100 : EventManager : Event: ======'machine_var_audits_switches_s_kickback_target_3'====== Args={'value': 0, 'prev_value': None, 'change': True}
2019-11-16 12:06:44,100 : EventManager : Event: ======'machine_var_audits_switches_s_lock_1'====== Args={'value': 0, 'prev_value': None, 'change': True}
2019-11-16 12:06:44,100 : EventManager : Event: ======'machine_var_audits_switches_s_lock_2'====== Args={'value': 0, 'prev_value': None, 'change': True}
2019-11-16 12:06:44,100 : EventManager : Event: ======'machine_var_audits_switches_s_lock_3'====== Args={'value': 0, 'prev_value': None, 'change': True}
2019-11-16 12:06:44,100 : EventManager : Event: ======'machine_var_audits_switches_s_dmg_1'====== Args={'value': 0, 'prev_value': None, 'change': True}
2019-11-16 12:06:44,100 : EventManager : Event: ======'machine_var_audits_switches_s_dmg_2'====== Args={'value': 0, 'prev_value': None, 'change': True}
2019-11-16 12:06:44,100 : EventManager : Event: ======'machine_var_audits_switches_s_dmg_3'====== Args={'value': 0, 'prev_value': None, 'change': True}
2019-11-16 12:06:44,100 : EventManager : Event: ======'machine_var_audits_switches_s_dmg_4'====== Args={'value': 0, 'prev_value': None, 'change': True}
2019-11-16 12:06:44,100 : EventManager : Event: ======'machine_var_audits_switches_s_dmg_5'====== Args={'value': 0, 'prev_value': None, 'change': True}
2019-11-16 12:06:44,100 : EventManager : Event: ======'machine_var_audits_switches_s_dmg_6'====== Args={'value': 0, 'prev_value': None, 'change': True}
2019-11-16 12:06:44,101 : EventManager : Event: ======'machine_var_audits_switches_s_dmg_7'====== Args={'value': 0, 'prev_value': None, 'change': True}
2019-11-16 12:06:44,101 : EventManager : Event: ======'machine_var_audits_switches_s_ricochet_1'====== Args={'value': 0, 'prev_value': None, 'change': True}
2019-11-16 12:06:44,101 : EventManager : Event: ======'machine_var_audits_switches_s_ricochet_2'====== Args={'value': 0, 'prev_value': None, 'change': True}
2019-11-16 12:06:44,101 : EventManager : Event: ======'machine_var_audits_switches_s_ricochet_3'====== Args={'value': 0, 'prev_value': None, 'change': True}
2019-11-16 12:06:44,101 : EventManager : Event: ======'machine_var_audits_switches_s_ricochet_4'====== Args={'value': 0, 'prev_value': None, 'change': True}
2019-11-16 12:06:44,101 : EventManager : Event: ======'machine_var_audits_switches_s_ricochet_5'====== Args={'value': 0, 'prev_value': None, 'change': True}
2019-11-16 12:06:44,101 : EventManager : Event: ======'machine_var_audits_switches_s_pen_1'====== Args={'value': 0, 'prev_value': None, 'change': True}
2019-11-16 12:06:44,101 : EventManager : Event: ======'machine_var_audits_switches_s_pen_2'====== Args={'value': 0, 'prev_value': None, 'change': True}
2019-11-16 12:06:44,101 : EventManager : Event: ======'machine_var_audits_switches_s_pen_3'====== Args={'value': 0, 'prev_value': None, 'change': True}
2019-11-16 12:06:44,101 : EventManager : Event: ======'machine_var_audits_switches_s_pen_4'====== Args={'value': 0, 'prev_value': None, 'change': True}
2019-11-16 12:06:44,101 : EventManager : Event: ======'machine_var_audits_switches_s_pen_5'====== Args={'value': 0, 'prev_value': None, 'change': True}
2019-11-16 12:06:44,102 : EventManager : Event: ======'machine_var_audits_switches_s_pen_6'====== Args={'value': 0, 'prev_value': None, 'change': True}
2019-11-16 12:06:44,102 : EventManager : Event: ======'machine_var_audits_switches_s_bumper_1'====== Args={'value': 0, 'prev_value': None, 'change': True}
2019-11-16 12:06:44,102 : EventManager : Event: ======'machine_var_audits_switches_s_bumper_2'====== Args={'value': 0, 'prev_value': None, 'change': True}
2019-11-16 12:06:44,102 : EventManager : Event: ======'machine_var_audits_switches_s_bumper_3'====== Args={'value': 0, 'prev_value': None, 'change': True}
2019-11-16 12:06:44,102 : EventManager : Event: ======'machine_var_audits_switches_s_torpedo'====== Args={'value': 0, 'prev_value': None, 'change': True}
2019-11-16 12:06:44,102 : EventManager : Event: ======'machine_var_audits_switches_s_drop_target'====== Args={'value': 0, 'prev_value': None, 'change': True}
2019-11-16 12:06:44,102 : EventManager : Event: ======'machine_var_audits_switches_s_citadel_lock'====== Args={'value': 0, 'prev_value': None, 'change': True}
2019-11-16 12:06:44,102 : EventManager : Event: ======'machine_var_audits_switches_s_detonation'====== Args={'value': 0, 'prev_value': None, 'change': True}
2019-11-16 12:06:44,102 : EventManager : Event: ======'machine_var_audits_switches_s_left_loop_pre'====== Args={'value': 0, 'prev_value': None, 'change': True}
2019-11-16 12:06:44,102 : EventManager : Event: ======'machine_var_audits_switches_s_left_loop_made'====== Args={'value': 0, 'prev_value': None, 'change': True}
2019-11-16 12:06:44,103 : EventManager : Event: ======'machine_var_audits_switches_s_left_ramp_pre'====== Args={'value': 0, 'prev_value': None, 'change': True}
2019-11-16 12:06:44,103 : EventManager : Event: ======'machine_var_audits_switches_s_left_ramp_made'====== Args={'value': 0, 'prev_value': None, 'change': True}
2019-11-16 12:06:44,103 : EventManager : Event: ======'machine_var_audits_switches_s_side_ramp_pre'====== Args={'value': 0, 'prev_value': None, 'change': True}
2019-11-16 12:06:44,103 : EventManager : Event: ======'machine_var_audits_switches_s_side_ramp_made'====== Args={'value': 0, 'prev_value': None, 'change': True}
2019-11-16 12:06:44,103 : EventManager : Event: ======'machine_var_audits_switches_s_center_ramp'====== Args={'value': 0, 'prev_value': None, 'change': True}
2019-11-16 12:06:44,103 : EventManager : Event: ======'machine_var_audits_switches_s_right_ramp_pre'====== Args={'value': 0, 'prev_value': None, 'change': True}
2019-11-16 12:06:44,103 : EventManager : Event: ======'machine_var_audits_switches_s_right_ramp_made'====== Args={'value': 0, 'prev_value': None, 'change': True}
2019-11-16 12:06:44,103 : EventManager : Event: ======'machine_var_audits_switches_s_left_hole'====== Args={'value': 0, 'prev_value': None, 'change': True}
2019-11-16 12:06:44,103 : EventManager : Event: ======'machine_var_audits_switches_s_right_hole'====== Args={'value': 0, 'prev_value': None, 'change': True}
2019-11-16 12:06:44,103 : EventManager : Event: ======'machine_var_audits_switches_s_main_hole'====== Args={'value': 0, 'prev_value': None, 'change': True}
2019-11-16 12:06:44,104 : EventManager : Event: ======'machine_var_audits_switches_s_side_hole'====== Args={'value': 0, 'prev_value': None, 'change': True}
2019-11-16 12:06:44,104 : EventManager : Event: ======'machine_var_audits_switches_s_jet_hole'====== Args={'value': 0, 'prev_value': None, 'change': True}
2019-11-16 12:06:44,104 : EventManager : Event: ======'machine_var_audits_switches_s_citadel'====== Args={'value': 0, 'prev_value': None, 'change': True}
2019-11-16 12:06:44,104 : EventManager : Event: ======'machine_var_audits_switches_s_jet_lane'====== Args={'value': 0, 'prev_value': None, 'change': True}
2019-11-16 12:06:44,110 : EventManager : Event: ======'machine_var_audits_player_score'====== Args={'value': {'top': [], 'average': 0, 'total': 0}, 'prev_value': None, 'change': True}
2019-11-16 12:06:44,135 : EventManager : Event: ======'slides_play'====== Args={'settings': {'welcome_slide': {'target': None, 'background_color': [0.0, 0.0, 0.0, 1.0], 'priority': None, 'show': True, 'force': False, 'expire': None, 'slide': None, 'tokens': {}, 'action': 'play'}}, 'context': '_global', 'calling_context': 'init_done', 'priority': 0}
2019-11-16 12:06:44,135 : mpfmc : SlidePlayer: Play called with settings={'welcome_slide': {'target': None, 'background_color': [0.0, 0.0, 0.0, 1.0], 'priority': None, 'show': True, 'force': False, 'expire': None, 'slide': None, 'tokens': {}, 'action': 'play'}}
2019-11-16 12:06:44,136 : EventManager : Event: ======'slide_welcome_slide_removed'====== Args={}
2019-11-16 12:06:44,138 : EventManager : Event: ======'slide_welcome_slide_created'====== Args={}
2019-11-16 12:06:44,139 : EventManager : Event: ======'slide_welcome_slide_active'====== Args={}
2019-11-16 12:06:44,145 : EventManager : Event: ======'mc_reset_phase_1'====== Args={}
2019-11-16 12:06:44,145 : EventManager : Event: ======'mc_reset_phase_2'====== Args={}
2019-11-16 12:06:44,145 : EventManager : Event: ======'mc_reset_phase_3'====== Args={}
2019-11-16 12:06:44,145 : EventManager : Event: ======'mc_reset_complete'====== Args={}
2019-11-16 12:06:44,156 : EventManager : Event: ======'slides_play'====== Args={'settings': {'attract_started': {'target': None, 'background_color': [0.0, 0.0, 0.0, 1.0], 'priority': None, 'show': True, 'force': False, 'expire': None, 'slide': None, 'tokens': {}, 'action': 'play'}}, 'context': '_global', 'calling_context': 'mode_attract_started', 'priority': 0}
2019-11-16 12:06:44,156 : mpfmc : SlidePlayer: Play called with settings={'attract_started': {'target': None, 'background_color': [0.0, 0.0, 0.0, 1.0], 'priority': None, 'show': True, 'force': False, 'expire': None, 'slide': None, 'tokens': {}, 'action': 'play'}}
2019-11-16 12:06:44,162 : EventManager : Event: ======'slide_attract_started_created'====== Args={}
2019-11-16 12:06:44,163 : EventManager : Event: ======'slide_attract_started_active'====== Args={}
2019-11-16 12:12:41,354 : kivy : WindowSDL: exiting mainloop and closing.
2019-11-16 12:12:41,455 : kivy : Base: Leaving application in progress...
2019-11-16 12:12:41,455 : mpfmc : Stopping...
2019-11-16 12:12:41,455 : EventManager : Event: ======'shutdown'====== Args={}
2019-11-16 12:12:41,455 : mpfmc : Loop rate 80.62 Hz
2019-11-16 12:12:41,455 : kivy : MC run loop ended.
2019-11-16 12:12:41,455 : kivy : Stopping child threads... (3 remaining)
2019-11-16 12:12:41,725 : mpfmc : Stopping...
2019-11-16 12:12:41,725 : EventManager : Event: ======'shutdown'====== Args={}
2019-11-16 12:12:41,725 : mpfmc : Loop rate 80.55 Hz
2019-11-16 12:12:41,732 : MPF-MC BCP Server : Stopping BCP sending thread
2019-11-16 12:12:42,159 : kivy : All child threads stopped.
