2019-11-19 23:24:57,257 : INFO : Machine : Mission Pinball Framework Core Engine v0.53.0-dev.68
2019-11-19 23:24:57,257 : INFO : Machine : Command line arguments: {'no_load_cache': False, 'create_config_cache': True, 'bcp': True, 'configfile': ['config.yaml'], 'mpfconfigfile': 'c:\\users\\schol\\appdata\\local\\programs\\python\\python36\\lib\\site-packages\\mpf\\mpfconfig.yaml', 'force_assets_load': False, 'jsonlogging': False, 'logfile': 'logs\\2019-11-19-23-24-57-mpf-DESKTOP-FPTMTCL.log', 'pause': False, 'production': False, 'text_ui': True, 'loglevel': 15, 'consoleloglevel': 20, 'force_platform': 'smart_virtual', 'syslog_address': None, 'mc_file_name': None, 'no_sound': False}
2019-11-19 23:24:57,257 : INFO : Machine : MPF path: c:\users\schol\appdata\local\programs\python\python36\lib\site-packages\mpf
2019-11-19 23:24:57,257 : INFO : Machine : Machine path: D:\mpf\wows\wows
2019-11-19 23:24:57,257 : INFO : Machine : Platform: win32
2019-11-19 23:24:57,257 : INFO : Machine : Python executable location: c:\users\schol\appdata\local\programs\python\python36\python.exe
2019-11-19 23:24:57,257 : INFO : Machine : Python version: 3.6.4 (64-bit)
2019-11-19 23:24:57,257 : INFO : Machine : Machine config file #1: config.yaml
2019-11-19 23:24:57,258 : INFO : ConfigProcessor : Loading config from cache: C:\Users\schol\AppData\Local\Temp\9eb68d3894805241b8cf789ebd176e3c.mpf_cache
2019-11-19 23:24:57,288 : INFO : Machine : Initialise MPF.
2019-11-19 23:24:57,568 : INFO : EventManager : Event: ======'machine_var_credits_string'====== Args={'value': 'FREE PLAY', 'prev_value': None, 'change': True}
2019-11-19 23:24:57,607 : INFO : EventManager : Event: ======'machine_var_player1_score'====== Args={'value': 0, 'prev_value': None, 'change': True}
2019-11-19 23:24:57,607 : INFO : EventManager : Event: ======'machine_var_mpf_version'====== Args={'value': 'MPF v0.53.0-dev.68', 'prev_value': None, 'change': True}
2019-11-19 23:24:57,607 : INFO : EventManager : Event: ======'machine_var_mpf_extended_version'====== Args={'value': 'MPF v0.53.0-dev.68, Config version:5, Show version: 5, BCP version:1.1', 'prev_value': None, 'change': True}
2019-11-19 23:24:57,607 : INFO : EventManager : Event: ======'machine_var_python_version'====== Args={'value': '3.6.4', 'prev_value': None, 'change': True}
2019-11-19 23:24:57,607 : INFO : EventManager : Event: ======'machine_var_platform'====== Args={'value': 'Windows-10-10.0.18362-SP0', 'prev_value': None, 'change': True}
2019-11-19 23:24:57,607 : INFO : EventManager : Event: ======'machine_var_platform_system'====== Args={'value': 'Windows', 'prev_value': None, 'change': True}
2019-11-19 23:24:57,607 : INFO : EventManager : Event: ======'machine_var_platform_release'====== Args={'value': '10', 'prev_value': None, 'change': True}
2019-11-19 23:24:57,607 : INFO : EventManager : Event: ======'machine_var_platform_version'====== Args={'value': '10.0.18362', 'prev_value': None, 'change': True}
2019-11-19 23:24:57,607 : INFO : EventManager : Event: ======'machine_var_platform_machine'====== Args={'value': 'AMD64', 'prev_value': None, 'change': True}
2019-11-19 23:24:57,607 : INFO : EventManager : Event: ======'init_phase_1'====== Args={}
2019-11-19 23:24:57,639 : INFO : ConfigProcessor : Loading config from cache: C:\Users\schol\AppData\Local\Temp\a327e3a062200f866ce963b9d13b0dd9.mpf_cache
2019-11-19 23:24:57,642 : INFO : ConfigProcessor : Loading config from cache: C:\Users\schol\AppData\Local\Temp\bb4559fa659cc8b2de1dccf407dfe109.mpf_cache
2019-11-19 23:24:57,646 : INFO : ConfigProcessor : Loading config from cache: C:\Users\schol\AppData\Local\Temp\d5fd805c5432c1441bf01a6268536a3d.mpf_cache
2019-11-19 23:24:57,650 : INFO : ConfigProcessor : Loading config from cache: C:\Users\schol\AppData\Local\Temp\5c4497fcd69d1d656c4b69a28e44c490.mpf_cache
2019-11-19 23:24:57,675 : INFO : EventManager : Event: ======'init_phase_2'====== Args={}
2019-11-19 23:24:57,676 : INFO : SwitchController : Found active switch: ('2', <Platform.SmartVirtual>)
2019-11-19 23:24:57,676 : INFO : SwitchController : Found active switch: ('3', <Platform.SmartVirtual>)
2019-11-19 23:24:57,676 : INFO : SwitchController : Found active switch: ('4', <Platform.SmartVirtual>)
2019-11-19 23:24:57,676 : INFO : SwitchController : Found active switch: ('5', <Platform.SmartVirtual>)
2019-11-19 23:24:57,676 : INFO : SwitchController : Found active switch: ('6', <Platform.SmartVirtual>)
2019-11-19 23:24:57,676 : INFO : SwitchController : Found active switch: ('7', <Platform.SmartVirtual>)
2019-11-19 23:24:57,680 : INFO : EventManager : Event: ======'bcp_connection_attempt'====== Args={'name': 'local_display', 'host': 'localhost', 'port': 5050}
2019-11-19 23:24:57,681 : INFO : BCPClientSocket : Connecting BCP to 'local_display' at localhost:5050...
2019-11-19 23:24:59,696 : INFO : BCPClientSocket : Connected BCP to 'local_display' localhost:5050
2019-11-19 23:24:59,697 : INFO : EventManager : Event: ======'bcp_clients_connected'====== Args={}
2019-11-19 23:24:59,707 : INFO : EventManager : Event: ======'machine_var_mc_version'====== Args={'value': 'MPF-MC v0.53.0-dev.15', 'prev_value': None, 'change': True}
2019-11-19 23:24:59,708 : INFO : EventManager : Event: ======'machine_var_mc_extended_version'====== Args={'value': 'MPF-MC v0.53.0-dev.15 (config_version=5, BCP v1.1, Requires MPF v0.53.0-dev.51)', 'prev_value': None, 'change': True}
2019-11-19 23:24:59,709 : INFO : EventManager : Event: ======'machine_var_master_volume'====== Args={'value': 0.5, 'prev_value': None, 'change': True}
2019-11-19 23:24:59,748 : INFO : EventManager : Event: ======'init_phase_3'====== Args={}
2019-11-19 23:24:59,750 : INFO : EventManager : Event: ======'init_phase_4'====== Args={}
2019-11-19 23:24:59,751 : INFO : EventManager : Event: ======'machine_var_audits_events_game_ended'====== Args={'value': 1, 'prev_value': None, 'change': True}
2019-11-19 23:24:59,751 : INFO : EventManager : Event: ======'machine_var_audits_events_game_started'====== Args={'value': 13, 'prev_value': None, 'change': True}
2019-11-19 23:24:59,751 : INFO : EventManager : Event: ======'machine_var_audits_player_score'====== Args={'value': {'average': 0.0, 'top': [0], 'total': 1}, 'prev_value': None, 'change': True}
2019-11-19 23:24:59,752 : INFO : EventManager : Event: ======'machine_var_audits_switches_s_bumper_1'====== Args={'value': 0, 'prev_value': None, 'change': True}
2019-11-19 23:24:59,752 : INFO : EventManager : Event: ======'machine_var_audits_switches_s_bumper_2'====== Args={'value': 0, 'prev_value': None, 'change': True}
2019-11-19 23:24:59,752 : INFO : EventManager : Event: ======'machine_var_audits_switches_s_bumper_3'====== Args={'value': 0, 'prev_value': None, 'change': True}
2019-11-19 23:24:59,752 : INFO : EventManager : Event: ======'machine_var_audits_switches_s_center_ramp'====== Args={'value': 0, 'prev_value': None, 'change': True}
2019-11-19 23:24:59,753 : INFO : EventManager : Event: ======'machine_var_audits_switches_s_citadel'====== Args={'value': 0, 'prev_value': None, 'change': True}
2019-11-19 23:24:59,753 : INFO : EventManager : Event: ======'machine_var_audits_switches_s_citadel_lock'====== Args={'value': 0, 'prev_value': None, 'change': True}
2019-11-19 23:24:59,753 : INFO : EventManager : Event: ======'machine_var_audits_switches_s_detonation'====== Args={'value': 0, 'prev_value': None, 'change': True}
2019-11-19 23:24:59,753 : INFO : EventManager : Event: ======'machine_var_audits_switches_s_dmg_1'====== Args={'value': 0, 'prev_value': None, 'change': True}
2019-11-19 23:24:59,753 : INFO : EventManager : Event: ======'machine_var_audits_switches_s_dmg_2'====== Args={'value': 0, 'prev_value': None, 'change': True}
2019-11-19 23:24:59,754 : INFO : EventManager : Event: ======'machine_var_audits_switches_s_dmg_3'====== Args={'value': 0, 'prev_value': None, 'change': True}
2019-11-19 23:24:59,754 : INFO : EventManager : Event: ======'machine_var_audits_switches_s_dmg_4'====== Args={'value': 0, 'prev_value': None, 'change': True}
2019-11-19 23:24:59,755 : INFO : EventManager : Event: ======'machine_var_audits_switches_s_dmg_5'====== Args={'value': 0, 'prev_value': None, 'change': True}
2019-11-19 23:24:59,755 : INFO : EventManager : Event: ======'machine_var_audits_switches_s_dmg_6'====== Args={'value': 0, 'prev_value': None, 'change': True}
2019-11-19 23:24:59,755 : INFO : EventManager : Event: ======'machine_var_audits_switches_s_dmg_7'====== Args={'value': 0, 'prev_value': None, 'change': True}
2019-11-19 23:24:59,755 : INFO : EventManager : Event: ======'machine_var_audits_switches_s_drop_target'====== Args={'value': 0, 'prev_value': None, 'change': True}
2019-11-19 23:24:59,755 : INFO : EventManager : Event: ======'machine_var_audits_switches_s_jet_hole'====== Args={'value': 0, 'prev_value': None, 'change': True}
2019-11-19 23:24:59,756 : INFO : EventManager : Event: ======'machine_var_audits_switches_s_jet_lane'====== Args={'value': 0, 'prev_value': None, 'change': True}
2019-11-19 23:24:59,756 : INFO : EventManager : Event: ======'machine_var_audits_switches_s_kickback'====== Args={'value': 0, 'prev_value': None, 'change': True}
2019-11-19 23:24:59,756 : INFO : EventManager : Event: ======'machine_var_audits_switches_s_kickback_target_2'====== Args={'value': 0, 'prev_value': None, 'change': True}
2019-11-19 23:24:59,756 : INFO : EventManager : Event: ======'machine_var_audits_switches_s_kickback_target_3'====== Args={'value': 0, 'prev_value': None, 'change': True}
2019-11-19 23:24:59,757 : INFO : EventManager : Event: ======'machine_var_audits_switches_s_kickback_terget_1'====== Args={'value': 0, 'prev_value': None, 'change': True}
2019-11-19 23:24:59,757 : INFO : EventManager : Event: ======'machine_var_audits_switches_s_left_flipper'====== Args={'value': 0, 'prev_value': None, 'change': True}
2019-11-19 23:24:59,757 : INFO : EventManager : Event: ======'machine_var_audits_switches_s_left_hole'====== Args={'value': 0, 'prev_value': None, 'change': True}
2019-11-19 23:24:59,757 : INFO : EventManager : Event: ======'machine_var_audits_switches_s_left_inlane'====== Args={'value': 0, 'prev_value': None, 'change': True}
2019-11-19 23:24:59,757 : INFO : EventManager : Event: ======'machine_var_audits_switches_s_left_loop_made'====== Args={'value': 0, 'prev_value': None, 'change': True}
2019-11-19 23:24:59,758 : INFO : EventManager : Event: ======'machine_var_audits_switches_s_left_loop_pre'====== Args={'value': 0, 'prev_value': None, 'change': True}
2019-11-19 23:24:59,758 : INFO : EventManager : Event: ======'machine_var_audits_switches_s_left_mid_inlane'====== Args={'value': 0, 'prev_value': None, 'change': True}
2019-11-19 23:24:59,758 : INFO : EventManager : Event: ======'machine_var_audits_switches_s_left_outlane'====== Args={'value': 0, 'prev_value': None, 'change': True}
2019-11-19 23:24:59,758 : INFO : EventManager : Event: ======'machine_var_audits_switches_s_left_ramp_made'====== Args={'value': 0, 'prev_value': None, 'change': True}
2019-11-19 23:24:59,758 : INFO : EventManager : Event: ======'machine_var_audits_switches_s_left_ramp_pre'====== Args={'value': 0, 'prev_value': None, 'change': True}
2019-11-19 23:24:59,759 : INFO : EventManager : Event: ======'machine_var_audits_switches_s_left_slingshot'====== Args={'value': 0, 'prev_value': None, 'change': True}
2019-11-19 23:24:59,759 : INFO : EventManager : Event: ======'machine_var_audits_switches_s_lock_1'====== Args={'value': 0, 'prev_value': None, 'change': True}
2019-11-19 23:24:59,759 : INFO : EventManager : Event: ======'machine_var_audits_switches_s_lock_2'====== Args={'value': 0, 'prev_value': None, 'change': True}
2019-11-19 23:24:59,759 : INFO : EventManager : Event: ======'machine_var_audits_switches_s_lock_3'====== Args={'value': 0, 'prev_value': None, 'change': True}
2019-11-19 23:24:59,759 : INFO : EventManager : Event: ======'machine_var_audits_switches_s_main_hole'====== Args={'value': 0, 'prev_value': None, 'change': True}
2019-11-19 23:24:59,760 : INFO : EventManager : Event: ======'machine_var_audits_switches_s_pen_1'====== Args={'value': 0, 'prev_value': None, 'change': True}
2019-11-19 23:24:59,760 : INFO : EventManager : Event: ======'machine_var_audits_switches_s_pen_2'====== Args={'value': 0, 'prev_value': None, 'change': True}
2019-11-19 23:24:59,760 : INFO : EventManager : Event: ======'machine_var_audits_switches_s_pen_3'====== Args={'value': 0, 'prev_value': None, 'change': True}
2019-11-19 23:24:59,761 : INFO : EventManager : Event: ======'machine_var_audits_switches_s_pen_4'====== Args={'value': 0, 'prev_value': None, 'change': True}
2019-11-19 23:24:59,761 : INFO : EventManager : Event: ======'machine_var_audits_switches_s_pen_5'====== Args={'value': 0, 'prev_value': None, 'change': True}
2019-11-19 23:24:59,761 : INFO : EventManager : Event: ======'machine_var_audits_switches_s_pen_6'====== Args={'value': 0, 'prev_value': None, 'change': True}
2019-11-19 23:24:59,761 : INFO : EventManager : Event: ======'machine_var_audits_switches_s_plunger'====== Args={'value': 18, 'prev_value': None, 'change': True}
2019-11-19 23:24:59,762 : INFO : EventManager : Event: ======'machine_var_audits_switches_s_plunger_button'====== Args={'value': 0, 'prev_value': None, 'change': True}
2019-11-19 23:24:59,762 : INFO : EventManager : Event: ======'machine_var_audits_switches_s_ricochet_1'====== Args={'value': 0, 'prev_value': None, 'change': True}
2019-11-19 23:24:59,762 : INFO : EventManager : Event: ======'machine_var_audits_switches_s_ricochet_2'====== Args={'value': 0, 'prev_value': None, 'change': True}
2019-11-19 23:24:59,762 : INFO : EventManager : Event: ======'machine_var_audits_switches_s_ricochet_3'====== Args={'value': 0, 'prev_value': None, 'change': True}
2019-11-19 23:24:59,763 : INFO : EventManager : Event: ======'machine_var_audits_switches_s_ricochet_4'====== Args={'value': 0, 'prev_value': None, 'change': True}
2019-11-19 23:24:59,763 : INFO : EventManager : Event: ======'machine_var_audits_switches_s_ricochet_5'====== Args={'value': 0, 'prev_value': None, 'change': True}
2019-11-19 23:24:59,764 : INFO : EventManager : Event: ======'machine_var_audits_switches_s_right_flipper'====== Args={'value': 18, 'prev_value': None, 'change': True}
2019-11-19 23:24:59,764 : INFO : EventManager : Event: ======'machine_var_audits_switches_s_right_hole'====== Args={'value': 0, 'prev_value': None, 'change': True}
2019-11-19 23:24:59,764 : INFO : EventManager : Event: ======'machine_var_audits_switches_s_right_inlane'====== Args={'value': 0, 'prev_value': None, 'change': True}
2019-11-19 23:24:59,764 : INFO : EventManager : Event: ======'machine_var_audits_switches_s_right_outlane'====== Args={'value': 0, 'prev_value': None, 'change': True}
2019-11-19 23:24:59,765 : INFO : EventManager : Event: ======'machine_var_audits_switches_s_right_ramp_made'====== Args={'value': 0, 'prev_value': None, 'change': True}
2019-11-19 23:24:59,765 : INFO : EventManager : Event: ======'machine_var_audits_switches_s_right_ramp_pre'====== Args={'value': 0, 'prev_value': None, 'change': True}
2019-11-19 23:24:59,765 : INFO : EventManager : Event: ======'machine_var_audits_switches_s_right_slingshot'====== Args={'value': 0, 'prev_value': None, 'change': True}
2019-11-19 23:24:59,766 : INFO : EventManager : Event: ======'machine_var_audits_switches_s_side_hole'====== Args={'value': 0, 'prev_value': None, 'change': True}
2019-11-19 23:24:59,766 : INFO : EventManager : Event: ======'machine_var_audits_switches_s_side_ramp_made'====== Args={'value': 0, 'prev_value': None, 'change': True}
2019-11-19 23:24:59,766 : INFO : EventManager : Event: ======'machine_var_audits_switches_s_side_ramp_pre'====== Args={'value': 0, 'prev_value': None, 'change': True}
2019-11-19 23:24:59,766 : INFO : EventManager : Event: ======'machine_var_audits_switches_s_start'====== Args={'value': 3, 'prev_value': None, 'change': True}
2019-11-19 23:24:59,767 : INFO : EventManager : Event: ======'machine_var_audits_switches_s_torpedo'====== Args={'value': 0, 'prev_value': None, 'change': True}
2019-11-19 23:24:59,767 : INFO : EventManager : Event: ======'machine_var_audits_switches_s_trough1'====== Args={'value': 4, 'prev_value': None, 'change': True}
2019-11-19 23:24:59,767 : INFO : EventManager : Event: ======'machine_var_audits_switches_s_trough2'====== Args={'value': 0, 'prev_value': None, 'change': True}
2019-11-19 23:24:59,767 : INFO : EventManager : Event: ======'machine_var_audits_switches_s_trough3'====== Args={'value': 0, 'prev_value': None, 'change': True}
2019-11-19 23:24:59,768 : INFO : EventManager : Event: ======'machine_var_audits_switches_s_trough4'====== Args={'value': 0, 'prev_value': None, 'change': True}
2019-11-19 23:24:59,768 : INFO : EventManager : Event: ======'machine_var_audits_switches_s_trough5'====== Args={'value': 0, 'prev_value': None, 'change': True}
2019-11-19 23:24:59,769 : INFO : EventManager : Event: ======'machine_var_audits_switches_s_trough6'====== Args={'value': 1, 'prev_value': None, 'change': True}
2019-11-19 23:24:59,769 : INFO : EventManager : Event: ======'machine_var_audits_switches_s_trough_jam'====== Args={'value': 0, 'prev_value': None, 'change': True}
2019-11-19 23:24:59,769 : INFO : EventManager : Event: ======'init_phase_5'====== Args={}
2019-11-19 23:24:59,799 : INFO : EventManager : Event: ======'init_done'====== Args={}
2019-11-19 23:24:59,800 : INFO : EventManager : Event: ======'machine_reset_phase_1'====== Args={}
2019-11-19 23:24:59,803 : INFO : EventManager : Event: ======'slide_welcome_slide_removed'====== Args={'_from_bcp': True}
2019-11-19 23:24:59,814 : INFO : EventManager : Event: ======'slide_welcome_slide_created'====== Args={'_from_bcp': True}
2019-11-19 23:24:59,815 : INFO : EventManager : Event: ======'slide_welcome_slide_active'====== Args={'_from_bcp': True}
2019-11-19 23:24:59,815 : INFO : EventManager : Event: ======'machine_reset_phase_2'====== Args={}
2019-11-19 23:24:59,815 : INFO : EventManager : Event: ======'machine_reset_phase_3'====== Args={}
2019-11-19 23:24:59,815 : INFO : EventManager : Event: ======'reset_complete'====== Args={}
2019-11-19 23:24:59,816 : INFO : EventManager : Event: ======'mode_attract_will_start'====== Args={}
2019-11-19 23:24:59,816 : INFO : EventManager : Event: ======'mode_attract_starting'====== Args={}
2019-11-19 23:24:59,816 : INFO : Mode.attract : Started. Priority: 10
2019-11-19 23:24:59,817 : INFO : EventManager : Event: ======'mode_attract_started'====== Args={}
2019-11-19 23:24:59,817 : INFO : EventManager : Event: ======'collecting_balls_complete'====== Args={}
2019-11-19 23:24:59,847 : INFO : Machine : Starting the main run loop.
2019-11-19 23:24:59,862 : INFO : EventManager : Event: ======'slide_attract_started_created'====== Args={'_from_bcp': True}
2019-11-19 23:24:59,868 : INFO : EventManager : Event: ======'slide_attract_started_active'====== Args={'_from_bcp': True}
2019-11-19 23:25:00,470 : INFO : BcpServer : New client connected.
2019-11-19 23:25:05,731 : INFO : SwitchController : <<<<<<< 's_start' active >>>>>>>
2019-11-19 23:25:05,778 : INFO : SwitchController : <<<<<<< 's_start' inactive >>>>>>>
2019-11-19 23:25:05,778 : INFO : EventManager : Event: ======'request_to_start_game'====== Args={}
2019-11-19 23:25:05,779 : INFO : EventManager : Event: ======'game_start'====== Args={'buttons': [], 'hold_time': 0.046999999991385266}
2019-11-19 23:25:05,779 : INFO : EventManager : Event: ======'mode_game_will_start'====== Args={'buttons': [], 'hold_time': 0.046999999991385266}
2019-11-19 23:25:05,779 : INFO : EventManager : Event: ======'mode_game_starting'====== Args={'buttons': [], 'hold_time': 0.046999999991385266}
2019-11-19 23:25:05,779 : INFO : EventManager : Event: ======'mode_attract_will_stop'====== Args={}
2019-11-19 23:25:05,780 : INFO : EventManager : Event: ======'mode_attract_stopping'====== Args={}
2019-11-19 23:25:05,780 : INFO : Mode.attract : Stopped.
2019-11-19 23:25:05,780 : INFO : EventManager : Event: ======'mode_attract_stopped'====== Args={}
2019-11-19 23:25:05,780 : INFO : EventManager : Event: ======'clear'====== Args={'key': 'attract'}
2019-11-19 23:25:05,780 : INFO : Mode.game : Started. Priority: 20
2019-11-19 23:25:05,780 : INFO : EventManager : Event: ======'mode_game_started'====== Args={'buttons': [], 'hold_time': 0.046999999991385266}
2019-11-19 23:25:05,795 : INFO : EventManager : Event: ======'game_will_start'====== Args={}
2019-11-19 23:25:05,795 : INFO : EventManager : Event: ======'game_starting'====== Args={'game': <Mode.game>}
2019-11-19 23:25:05,796 : INFO : EventManager : Event: ======'player_add_request'====== Args={}
2019-11-19 23:25:05,796 : INFO : EventManager : Event: ======'player_will_add'====== Args={'number': 1}
2019-11-19 23:25:05,796 : INFO : EventManager : Event: ======'player_adding'====== Args={'player': <Player 1>, 'number': 1}
2019-11-19 23:25:05,796 : INFO : EventManager : Event: ======'player_added'====== Args={'player': <Player 1>, 'num': 1}
2019-11-19 23:25:05,796 : INFO : Mode.game : Player added successfully. Total players: 1
2019-11-19 23:25:05,797 : INFO : EventManager : Event: ======'player_index'====== Args={'value': 0, 'prev_value': 0, 'change': 0, 'player_num': 1}
2019-11-19 23:25:05,797 : INFO : EventManager : Event: ======'player_number'====== Args={'value': 1, 'prev_value': 1, 'change': 0, 'player_num': 1}
2019-11-19 23:25:05,798 : INFO : EventManager : Event: ======'player_score'====== Args={'value': 0, 'prev_value': 0, 'change': 0, 'player_num': 1}
2019-11-19 23:25:05,798 : INFO : EventManager : Event: ======'game_started'====== Args={}
2019-11-19 23:25:05,813 : INFO : EventManager : Event: ======'player_turn_will_start'====== Args={'player': <Player 1>, 'number': 1}
2019-11-19 23:25:05,814 : INFO : EventManager : Event: ======'player_turn_starting'====== Args={'player': <Player 1>, 'number': 1}
2019-11-19 23:25:05,814 : INFO : EventManager : Event: ======'player_ball'====== Args={'value': 1, 'prev_value': 0, 'change': 1, 'player_num': 1}
2019-11-19 23:25:05,814 : INFO : EventManager : Event: ======'player_turn_started'====== Args={'player': <Player 1>, 'number': 1}
2019-11-19 23:25:05,815 : INFO : EventManager : Event: ======'ball_will_start'====== Args={'player': 1, 'ball': 1, 'balls_remaining': 2, 'is_extra_ball': False}
2019-11-19 23:25:05,838 : INFO : EventManager : Event: ======'ball_starting'====== Args={'player': 1, 'ball': 1, 'balls_remaining': 2, 'is_extra_ball': False}
2019-11-19 23:25:05,838 : INFO : EventManager : Event: ======'mode_mode_lit_will_start'====== Args={'queue': <QueuedEvent>, 'player': 1, 'ball': 1, 'balls_remaining': 2, 'is_extra_ball': False}
2019-11-19 23:25:05,839 : INFO : EventManager : Event: ======'mode_mode_lit_starting'====== Args={'queue': <QueuedEvent>, 'player': 1, 'ball': 1, 'balls_remaining': 2, 'is_extra_ball': False}
2019-11-19 23:25:05,839 : INFO : EventManager : Event: ======'mode_base_will_start'====== Args={'queue': <QueuedEvent>, 'player': 1, 'ball': 1, 'balls_remaining': 2, 'is_extra_ball': False}
2019-11-19 23:25:05,840 : INFO : EventManager : Event: ======'mode_base_starting'====== Args={'queue': <QueuedEvent>, 'player': 1, 'ball': 1, 'balls_remaining': 2, 'is_extra_ball': False}
2019-11-19 23:25:05,840 : INFO : Mode.base : Started. Priority: 100
2019-11-19 23:25:05,840 : INFO : EventManager : Event: ======'mode_base_started'====== Args={'queue': <QueuedEvent>, 'player': 1, 'ball': 1, 'balls_remaining': 2, 'is_extra_ball': False}
2019-11-19 23:25:05,840 : INFO : Mode.mode_lit : Started. Priority: 120
2019-11-19 23:25:05,840 : INFO : EventManager : Event: ======'mode_mode_lit_started'====== Args={'queue': <QueuedEvent>, 'player': 1, 'ball': 1, 'balls_remaining': 2, 'is_extra_ball': False}
2019-11-19 23:25:05,841 : INFO : EventManager : Event: ======'mode_lit_Mode1_highlighted'====== Args={'direction': None}
2019-11-19 23:25:05,841 : INFO : EventManager : Event: ======'balls_in_play'====== Args={'balls': 1}
2019-11-19 23:25:05,841 : INFO : EventManager : Event: ======'ball_started'====== Args={'player': 1, 'ball': 1, 'balls_remaining': 2, 'is_extra_ball': False}
2019-11-19 23:25:05,878 : INFO : EventManager : Event: ======'single_player_ball_started'====== Args={}
2019-11-19 23:25:05,879 : INFO : EventManager : Event: ======'slide_base.slide_player-mode_base_started_created'====== Args={'_from_bcp': True}
2019-11-19 23:25:05,879 : INFO : EventManager : Event: ======'slide_base.slide_player-mode_base_started_active'====== Args={'_from_bcp': True}
2019-11-19 23:25:05,879 : INFO : EventManager : Event: ======'balldevice_balls_available'====== Args={}
2019-11-19 23:25:05,880 : INFO : EventManager : Event: ======'balldevice_bd_trough_ball_eject_attempt'====== Args={'balls': 1, 'target': <ball_device.bd_plunger>, 'source': <ball_device.bd_trough>, 'mechanical_eject': True, 'num_attempts': 0}
2019-11-19 23:25:05,880 : INFO : ball_device.bd_trough : Ejecting ball to <ball_device.bd_plunger>
2019-11-19 23:25:05,881 : INFO : EventManager : Event: ======'balldevice_bd_trough_ejecting_ball'====== Args={'balls': 1, 'target': <ball_device.bd_plunger>, 'source': <ball_device.bd_trough>, 'mechanical_eject': True, 'num_attempts': 0}
2019-11-19 23:25:05,881 : INFO : coil.c_trough_eject : Pulsing Driver for 20ms (1.0 pulse_power)
2019-11-19 23:25:05,882 : INFO : SwitchController : <<<<<<< 's_trough1' inactive >>>>>>>
2019-11-19 23:25:05,978 : INFO : SwitchController : <<<<<<< 's_plunger' active >>>>>>>
2019-11-19 23:25:05,978 : INFO : EventManager : Event: ======'machine_var_audits_switches_s_plunger'====== Args={'value': 19, 'prev_value': 18, 'change': 1}
2019-11-19 23:25:06,284 : INFO : EventManager : Event: ======'balldevice_bd_plunger_ball_enter'====== Args={'new_balls': 1, 'unclaimed_balls': 0, 'new_available_balls': 0, 'device': <ball_device.bd_plunger>}
2019-11-19 23:25:06,284 : INFO : EventManager : Event: ======'balldevice_bd_plunger_ball_entered'====== Args={'new_balls': 0, 'device': <ball_device.bd_plunger>}
2019-11-19 23:25:06,285 : INFO : EventManager : Event: ======'balldevice_bd_plunger_ball_count_changed'====== Args={'balls': 1}
2019-11-19 23:25:06,285 : INFO : EventManager : Event: ======'balldevice_bd_trough_ball_eject_success'====== Args={'balls': 1, 'target': <ball_device.bd_plunger>}
2019-11-19 23:25:06,285 : INFO : EventManager : Event: ======'balldevice_bd_trough_ball_count_changed'====== Args={'balls': 4}
2019-11-19 23:25:06,286 : INFO : EventManager : Event: ======'balldevice_bd_plunger_ball_eject_attempt'====== Args={'balls': 1, 'target': <playfield.playfield>, 'source': <ball_device.bd_plunger>, 'mechanical_eject': True, 'num_attempts': 0}
2019-11-19 23:25:06,286 : INFO : ball_device.bd_plunger : Ejecting ball to <playfield.playfield>
2019-11-19 23:25:06,287 : INFO : EventManager : Event: ======'balldevice_bd_plunger_ejecting_ball'====== Args={'balls': 1, 'target': <playfield.playfield>, 'source': <ball_device.bd_plunger>, 'mechanical_eject': True, 'num_attempts': 0}
2019-11-19 23:25:11,408 : INFO : SwitchController : <<<<<<< 's_plunger' inactive >>>>>>>
2019-11-19 23:25:11,495 : INFO : SwitchController : <<<<<<< 's_plunger' active >>>>>>>
2019-11-19 23:25:11,495 : INFO : EventManager : Event: ======'machine_var_audits_switches_s_plunger'====== Args={'value': 20, 'prev_value': 19, 'change': 1}
2019-11-19 23:25:13,134 : INFO : SwitchController : <<<<<<< 's_plunger' inactive >>>>>>>
2019-11-19 23:25:14,515 : INFO : EventManager : Event: ======'balldevice_bd_plunger_ball_eject_success'====== Args={'balls': 1, 'target': <playfield.playfield>}
2019-11-19 23:25:14,515 : INFO : EventManager : Event: ======'balldevice_playfield_ball_enter'====== Args={'new_balls': 1, 'unclaimed_balls': 1, 'device': <playfield.playfield>}
2019-11-19 23:25:14,515 : INFO : EventManager : Event: ======'playfield_ball_count_change'====== Args={'balls': 1, 'change': 1}
2019-11-19 23:25:14,516 : INFO : EventManager : Event: ======'balldevice_bd_plunger_ball_count_changed'====== Args={'balls': 0}
2019-11-19 23:25:14,615 : INFO : SwitchController : <<<<<<< 's_plunger' active >>>>>>>
2019-11-19 23:25:14,615 : INFO : EventManager : Event: ======'machine_var_audits_switches_s_plunger'====== Args={'value': 21, 'prev_value': 20, 'change': 1}
2019-11-19 23:25:14,922 : INFO : EventManager : Event: ======'balldevice_bd_plunger_ball_count_changed'====== Args={'balls': 1}
2019-11-19 23:25:14,922 : INFO : EventManager : Event: ======'balldevice_captured_from_playfield'====== Args={'balls': 1}
2019-11-19 23:25:14,923 : INFO : EventManager : Event: ======'sw_playfield_active'====== Args={'balls': 1}
2019-11-19 23:25:14,923 : INFO : EventManager : Event: ======'playfield_ball_count_change'====== Args={'balls': 0, 'change': -1}
2019-11-19 23:25:14,923 : INFO : EventManager : Event: ======'balldevice_bd_plunger_ball_enter'====== Args={'new_balls': 1, 'unclaimed_balls': 1, 'new_available_balls': 1, 'device': <ball_device.bd_plunger>}
2019-11-19 23:25:14,924 : INFO : EventManager : Event: ======'balldevice_balls_available'====== Args={}
2019-11-19 23:25:14,924 : INFO : EventManager : Event: ======'balldevice_balls_available'====== Args={}
2019-11-19 23:25:14,924 : INFO : EventManager : Event: ======'balldevice_bd_plunger_ball_entered'====== Args={'new_balls': 1, 'device': <ball_device.bd_plunger>}
2019-11-19 23:25:14,925 : INFO : EventManager : Event: ======'balldevice_bd_plunger_ball_eject_attempt'====== Args={'balls': 1, 'target': <playfield.playfield>, 'source': <ball_device.bd_plunger>, 'mechanical_eject': False, 'num_attempts': 0}
2019-11-19 23:25:14,925 : INFO : ball_device.bd_plunger : Ejecting ball to <playfield.playfield>
2019-11-19 23:25:14,925 : INFO : EventManager : Event: ======'balldevice_bd_plunger_ejecting_ball'====== Args={'balls': 1, 'target': <playfield.playfield>, 'source': <ball_device.bd_plunger>, 'mechanical_eject': False, 'num_attempts': 0}
2019-11-19 23:25:14,926 : INFO : coil.c_plunger : Pulsing Driver for 10ms (1.0 pulse_power)
2019-11-19 23:25:14,926 : INFO : SwitchController : <<<<<<< 's_plunger' inactive >>>>>>>
2019-11-19 23:25:17,443 : INFO : SwitchController : <<<<<<< 's_plunger_button' active >>>>>>>
2019-11-19 23:25:17,443 : INFO : EventManager : Event: ======'machine_var_audits_switches_s_plunger_button'====== Args={'value': 1, 'prev_value': 0, 'change': 1}
2019-11-19 23:25:17,528 : INFO : SwitchController : <<<<<<< 's_plunger_button' inactive >>>>>>>
2019-11-19 23:25:18,048 : INFO : EventManager : Event: ======'balldevice_bd_plunger_ball_eject_success'====== Args={'balls': 1, 'target': <playfield.playfield>}
2019-11-19 23:25:18,048 : INFO : EventManager : Event: ======'balldevice_playfield_ball_enter'====== Args={'new_balls': 1, 'unclaimed_balls': 1, 'device': <playfield.playfield>}
2019-11-19 23:25:18,048 : INFO : EventManager : Event: ======'playfield_ball_count_change'====== Args={'balls': 1, 'change': 1}
2019-11-19 23:25:18,049 : INFO : EventManager : Event: ======'balldevice_bd_plunger_ball_count_changed'====== Args={'balls': 0}
2019-11-19 23:25:22,826 : INFO : SwitchController : <<<<<<< 's_kickback_target_3' active >>>>>>>
2019-11-19 23:25:22,826 : INFO : EventManager : Event: ======'machine_var_audits_switches_s_kickback_target_3'====== Args={'value': 1, 'prev_value': 0, 'change': 1}
2019-11-19 23:25:22,917 : INFO : SwitchController : <<<<<<< 's_kickback_target_3' inactive >>>>>>>
2019-11-19 23:25:24,442 : INFO : SwitchController : <<<<<<< 's_kickback_target_3' active >>>>>>>
2019-11-19 23:25:24,442 : INFO : EventManager : Event: ======'machine_var_audits_switches_s_kickback_target_3'====== Args={'value': 2, 'prev_value': 1, 'change': 1}
2019-11-19 23:25:24,520 : INFO : SwitchController : <<<<<<< 's_kickback_target_3' inactive >>>>>>>
2019-11-19 23:25:33,942 : INFO : SwitchController : <<<<<<< 's_right_flipper' active >>>>>>>
2019-11-19 23:25:33,942 : INFO : EventManager : Event: ======'machine_var_audits_switches_s_right_flipper'====== Args={'value': 19, 'prev_value': 18, 'change': 1}
2019-11-19 23:25:34,032 : INFO : SwitchController : <<<<<<< 's_right_flipper' inactive >>>>>>>
2019-11-19 23:25:36,979 : INFO : SwitchController : <<<<<<< 's_left_flipper' active >>>>>>>
2019-11-19 23:25:36,979 : INFO : EventManager : Event: ======'machine_var_audits_switches_s_left_flipper'====== Args={'value': 1, 'prev_value': 0, 'change': 1}
2019-11-19 23:25:37,053 : INFO : SwitchController : <<<<<<< 's_left_flipper' inactive >>>>>>>
2019-11-19 23:25:39,193 : INFO : SwitchController : <<<<<<< 's_left_flipper' active >>>>>>>
2019-11-19 23:25:39,193 : INFO : EventManager : Event: ======'machine_var_audits_switches_s_left_flipper'====== Args={'value': 2, 'prev_value': 1, 'change': 1}
2019-11-19 23:25:39,287 : INFO : SwitchController : <<<<<<< 's_left_flipper' inactive >>>>>>>
2019-11-19 23:25:41,002 : INFO : SwitchController : <<<<<<< 's_left_flipper' active >>>>>>>
2019-11-19 23:25:41,002 : INFO : EventManager : Event: ======'machine_var_audits_switches_s_left_flipper'====== Args={'value': 3, 'prev_value': 2, 'change': 1}
2019-11-19 23:25:41,156 : INFO : SwitchController : <<<<<<< 's_left_flipper' inactive >>>>>>>
2019-11-19 23:25:41,540 : INFO : SwitchController : <<<<<<< 's_left_flipper' active >>>>>>>
2019-11-19 23:25:41,540 : INFO : EventManager : Event: ======'machine_var_audits_switches_s_left_flipper'====== Args={'value': 4, 'prev_value': 3, 'change': 1}
2019-11-19 23:25:41,627 : INFO : SwitchController : <<<<<<< 's_left_flipper' inactive >>>>>>>
2019-11-19 23:25:42,077 : INFO : SwitchController : <<<<<<< 's_left_flipper' active >>>>>>>
2019-11-19 23:25:42,077 : INFO : EventManager : Event: ======'machine_var_audits_switches_s_left_flipper'====== Args={'value': 5, 'prev_value': 4, 'change': 1}
2019-11-19 23:25:42,185 : INFO : SwitchController : <<<<<<< 's_left_flipper' inactive >>>>>>>
2019-11-19 23:25:42,565 : INFO : SwitchController : <<<<<<< 's_left_flipper' active >>>>>>>
2019-11-19 23:25:42,566 : INFO : EventManager : Event: ======'machine_var_audits_switches_s_left_flipper'====== Args={'value': 6, 'prev_value': 5, 'change': 1}
2019-11-19 23:25:42,670 : INFO : SwitchController : <<<<<<< 's_left_flipper' inactive >>>>>>>
2019-11-19 23:25:43,087 : INFO : SwitchController : <<<<<<< 's_left_flipper' active >>>>>>>
2019-11-19 23:25:43,087 : INFO : EventManager : Event: ======'machine_var_audits_switches_s_left_flipper'====== Args={'value': 7, 'prev_value': 6, 'change': 1}
2019-11-19 23:25:43,167 : INFO : SwitchController : <<<<<<< 's_left_flipper' inactive >>>>>>>
2019-11-19 23:25:43,559 : INFO : SwitchController : <<<<<<< 's_left_flipper' active >>>>>>>
2019-11-19 23:25:43,560 : INFO : EventManager : Event: ======'machine_var_audits_switches_s_left_flipper'====== Args={'value': 8, 'prev_value': 7, 'change': 1}
2019-11-19 23:25:43,606 : INFO : SwitchController : <<<<<<< 's_left_flipper' inactive >>>>>>>
2019-11-19 23:25:43,972 : INFO : SwitchController : <<<<<<< 's_left_flipper' active >>>>>>>
2019-11-19 23:25:43,973 : INFO : EventManager : Event: ======'machine_var_audits_switches_s_left_flipper'====== Args={'value': 9, 'prev_value': 8, 'change': 1}
2019-11-19 23:25:44,051 : INFO : SwitchController : <<<<<<< 's_left_flipper' inactive >>>>>>>
2019-11-19 23:25:44,381 : INFO : SwitchController : <<<<<<< 's_left_flipper' active >>>>>>>
2019-11-19 23:25:44,381 : INFO : EventManager : Event: ======'machine_var_audits_switches_s_left_flipper'====== Args={'value': 10, 'prev_value': 9, 'change': 1}
2019-11-19 23:25:44,461 : INFO : SwitchController : <<<<<<< 's_left_flipper' inactive >>>>>>>
2019-11-19 23:25:44,867 : INFO : SwitchController : <<<<<<< 's_left_flipper' active >>>>>>>
2019-11-19 23:25:44,867 : INFO : EventManager : Event: ======'machine_var_audits_switches_s_left_flipper'====== Args={'value': 11, 'prev_value': 10, 'change': 1}
2019-11-19 23:25:44,921 : INFO : SwitchController : <<<<<<< 's_left_flipper' inactive >>>>>>>
2019-11-19 23:25:45,300 : INFO : SwitchController : <<<<<<< 's_left_flipper' active >>>>>>>
2019-11-19 23:25:45,300 : INFO : EventManager : Event: ======'machine_var_audits_switches_s_left_flipper'====== Args={'value': 12, 'prev_value': 11, 'change': 1}
2019-11-19 23:25:45,372 : INFO : SwitchController : <<<<<<< 's_left_flipper' inactive >>>>>>>
2019-11-19 23:25:45,666 : INFO : SwitchController : <<<<<<< 's_left_flipper' active >>>>>>>
2019-11-19 23:25:45,666 : INFO : EventManager : Event: ======'machine_var_audits_switches_s_left_flipper'====== Args={'value': 13, 'prev_value': 12, 'change': 1}
2019-11-19 23:25:45,727 : INFO : SwitchController : <<<<<<< 's_left_flipper' inactive >>>>>>>
2019-11-19 23:25:46,160 : INFO : SwitchController : <<<<<<< 's_left_flipper' active >>>>>>>
2019-11-19 23:25:46,160 : INFO : EventManager : Event: ======'machine_var_audits_switches_s_left_flipper'====== Args={'value': 14, 'prev_value': 13, 'change': 1}
2019-11-19 23:25:46,226 : INFO : SwitchController : <<<<<<< 's_left_flipper' inactive >>>>>>>
2019-11-19 23:25:46,758 : INFO : SwitchController : <<<<<<< 's_left_flipper' active >>>>>>>
2019-11-19 23:25:46,759 : INFO : EventManager : Event: ======'machine_var_audits_switches_s_left_flipper'====== Args={'value': 15, 'prev_value': 14, 'change': 1}
2019-11-19 23:25:46,845 : INFO : SwitchController : <<<<<<< 's_left_flipper' inactive >>>>>>>
2019-11-19 23:25:49,384 : INFO : SwitchController : <<<<<<< 's_right_flipper' active >>>>>>>
2019-11-19 23:25:49,385 : INFO : EventManager : Event: ======'machine_var_audits_switches_s_right_flipper'====== Args={'value': 20, 'prev_value': 19, 'change': 1}
2019-11-19 23:25:49,470 : INFO : SwitchController : <<<<<<< 's_right_flipper' inactive >>>>>>>
2019-11-19 23:25:49,795 : INFO : SwitchController : <<<<<<< 's_right_flipper' active >>>>>>>
2019-11-19 23:25:49,795 : INFO : EventManager : Event: ======'machine_var_audits_switches_s_right_flipper'====== Args={'value': 21, 'prev_value': 20, 'change': 1}
2019-11-19 23:25:49,887 : INFO : SwitchController : <<<<<<< 's_right_flipper' inactive >>>>>>>
2019-11-19 23:25:50,159 : INFO : SwitchController : <<<<<<< 's_right_flipper' active >>>>>>>
2019-11-19 23:25:50,159 : INFO : EventManager : Event: ======'machine_var_audits_switches_s_right_flipper'====== Args={'value': 22, 'prev_value': 21, 'change': 1}
2019-11-19 23:25:50,263 : INFO : SwitchController : <<<<<<< 's_right_flipper' inactive >>>>>>>
2019-11-19 23:25:50,568 : INFO : SwitchController : <<<<<<< 's_right_flipper' active >>>>>>>
2019-11-19 23:25:50,568 : INFO : EventManager : Event: ======'machine_var_audits_switches_s_right_flipper'====== Args={'value': 23, 'prev_value': 22, 'change': 1}
2019-11-19 23:25:50,670 : INFO : SwitchController : <<<<<<< 's_right_flipper' inactive >>>>>>>
2019-11-19 23:25:50,916 : INFO : SwitchController : <<<<<<< 's_right_flipper' active >>>>>>>
2019-11-19 23:25:50,917 : INFO : EventManager : Event: ======'machine_var_audits_switches_s_right_flipper'====== Args={'value': 24, 'prev_value': 23, 'change': 1}
2019-11-19 23:25:50,990 : INFO : SwitchController : <<<<<<< 's_right_flipper' inactive >>>>>>>
2019-11-19 23:25:53,132 : INFO : SwitchController : <<<<<<< 's_right_flipper' active >>>>>>>
2019-11-19 23:25:53,132 : INFO : EventManager : Event: ======'machine_var_audits_switches_s_right_flipper'====== Args={'value': 25, 'prev_value': 24, 'change': 1}
2019-11-19 23:25:53,200 : INFO : SwitchController : <<<<<<< 's_right_flipper' inactive >>>>>>>
2019-11-19 23:25:53,470 : INFO : SwitchController : <<<<<<< 's_right_flipper' active >>>>>>>
2019-11-19 23:25:53,470 : INFO : EventManager : Event: ======'machine_var_audits_switches_s_right_flipper'====== Args={'value': 26, 'prev_value': 25, 'change': 1}
2019-11-19 23:25:53,552 : INFO : SwitchController : <<<<<<< 's_right_flipper' inactive >>>>>>>
2019-11-19 23:25:53,705 : INFO : SwitchController : <<<<<<< 's_right_flipper' active >>>>>>>
2019-11-19 23:25:53,705 : INFO : EventManager : Event: ======'machine_var_audits_switches_s_right_flipper'====== Args={'value': 27, 'prev_value': 26, 'change': 1}
2019-11-19 23:25:53,802 : INFO : SwitchController : <<<<<<< 's_right_flipper' inactive >>>>>>>
2019-11-19 23:25:53,917 : INFO : SwitchController : <<<<<<< 's_right_flipper' active >>>>>>>
2019-11-19 23:25:53,918 : INFO : EventManager : Event: ======'machine_var_audits_switches_s_right_flipper'====== Args={'value': 28, 'prev_value': 27, 'change': 1}
2019-11-19 23:25:53,975 : INFO : SwitchController : <<<<<<< 's_right_flipper' inactive >>>>>>>
2019-11-19 23:25:54,301 : INFO : SwitchController : <<<<<<< 's_right_flipper' active >>>>>>>
2019-11-19 23:25:54,301 : INFO : EventManager : Event: ======'machine_var_audits_switches_s_right_flipper'====== Args={'value': 29, 'prev_value': 28, 'change': 1}
2019-11-19 23:25:54,359 : INFO : SwitchController : <<<<<<< 's_right_flipper' inactive >>>>>>>
2019-11-19 23:25:54,526 : INFO : SwitchController : <<<<<<< 's_right_flipper' active >>>>>>>
2019-11-19 23:25:54,526 : INFO : EventManager : Event: ======'machine_var_audits_switches_s_right_flipper'====== Args={'value': 30, 'prev_value': 29, 'change': 1}
2019-11-19 23:25:54,561 : INFO : SwitchController : <<<<<<< 's_right_flipper' inactive >>>>>>>
2019-11-19 23:25:54,697 : INFO : SwitchController : <<<<<<< 's_right_flipper' active >>>>>>>
2019-11-19 23:25:54,697 : INFO : EventManager : Event: ======'machine_var_audits_switches_s_right_flipper'====== Args={'value': 31, 'prev_value': 30, 'change': 1}
2019-11-19 23:25:54,773 : INFO : SwitchController : <<<<<<< 's_right_flipper' inactive >>>>>>>
2019-11-19 23:25:54,888 : INFO : SwitchController : <<<<<<< 's_right_flipper' active >>>>>>>
2019-11-19 23:25:54,888 : INFO : EventManager : Event: ======'machine_var_audits_switches_s_right_flipper'====== Args={'value': 32, 'prev_value': 31, 'change': 1}
2019-11-19 23:25:54,958 : INFO : SwitchController : <<<<<<< 's_right_flipper' inactive >>>>>>>
2019-11-19 23:25:55,093 : INFO : SwitchController : <<<<<<< 's_right_flipper' active >>>>>>>
2019-11-19 23:25:55,093 : INFO : EventManager : Event: ======'machine_var_audits_switches_s_right_flipper'====== Args={'value': 33, 'prev_value': 32, 'change': 1}
2019-11-19 23:25:55,133 : INFO : SwitchController : <<<<<<< 's_right_flipper' inactive >>>>>>>
2019-11-19 23:25:55,280 : INFO : SwitchController : <<<<<<< 's_right_flipper' active >>>>>>>
2019-11-19 23:25:55,280 : INFO : EventManager : Event: ======'machine_var_audits_switches_s_right_flipper'====== Args={'value': 34, 'prev_value': 33, 'change': 1}
2019-11-19 23:25:55,323 : INFO : SwitchController : <<<<<<< 's_right_flipper' inactive >>>>>>>
2019-11-19 23:25:55,462 : INFO : SwitchController : <<<<<<< 's_right_flipper' active >>>>>>>
2019-11-19 23:25:55,462 : INFO : EventManager : Event: ======'machine_var_audits_switches_s_right_flipper'====== Args={'value': 35, 'prev_value': 34, 'change': 1}
2019-11-19 23:25:55,524 : INFO : SwitchController : <<<<<<< 's_right_flipper' inactive >>>>>>>
2019-11-19 23:25:55,645 : INFO : SwitchController : <<<<<<< 's_right_flipper' active >>>>>>>
2019-11-19 23:25:55,645 : INFO : EventManager : Event: ======'machine_var_audits_switches_s_right_flipper'====== Args={'value': 36, 'prev_value': 35, 'change': 1}
2019-11-19 23:25:55,701 : INFO : SwitchController : <<<<<<< 's_right_flipper' inactive >>>>>>>
2019-11-19 23:25:55,813 : INFO : SwitchController : <<<<<<< 's_right_flipper' active >>>>>>>
2019-11-19 23:25:55,813 : INFO : EventManager : Event: ======'machine_var_audits_switches_s_right_flipper'====== Args={'value': 37, 'prev_value': 36, 'change': 1}
2019-11-19 23:25:55,879 : INFO : SwitchController : <<<<<<< 's_right_flipper' inactive >>>>>>>
2019-11-19 23:25:55,989 : INFO : SwitchController : <<<<<<< 's_right_flipper' active >>>>>>>
2019-11-19 23:25:55,989 : INFO : EventManager : Event: ======'machine_var_audits_switches_s_right_flipper'====== Args={'value': 38, 'prev_value': 37, 'change': 1}
2019-11-19 23:25:56,053 : INFO : SwitchController : <<<<<<< 's_right_flipper' inactive >>>>>>>
2019-11-19 23:25:56,160 : INFO : SwitchController : <<<<<<< 's_right_flipper' active >>>>>>>
2019-11-19 23:25:56,161 : INFO : EventManager : Event: ======'machine_var_audits_switches_s_right_flipper'====== Args={'value': 39, 'prev_value': 38, 'change': 1}
2019-11-19 23:25:56,247 : INFO : SwitchController : <<<<<<< 's_right_flipper' inactive >>>>>>>
2019-11-19 23:25:56,345 : INFO : SwitchController : <<<<<<< 's_right_flipper' active >>>>>>>
2019-11-19 23:25:56,345 : INFO : EventManager : Event: ======'machine_var_audits_switches_s_right_flipper'====== Args={'value': 40, 'prev_value': 39, 'change': 1}
2019-11-19 23:25:56,434 : INFO : SwitchController : <<<<<<< 's_right_flipper' inactive >>>>>>>
2019-11-19 23:25:56,521 : INFO : SwitchController : <<<<<<< 's_right_flipper' active >>>>>>>
2019-11-19 23:25:56,522 : INFO : EventManager : Event: ======'machine_var_audits_switches_s_right_flipper'====== Args={'value': 41, 'prev_value': 40, 'change': 1}
2019-11-19 23:25:56,620 : INFO : SwitchController : <<<<<<< 's_right_flipper' inactive >>>>>>>
2019-11-19 23:25:59,081 : INFO : Machine : Shutting down...
2019-11-19 23:25:59,081 : INFO : EventManager : Event: ======'shutdown'====== Args={}
2019-11-19 23:25:59,085 : INFO : root : MPF run loop ended.
