2019-12-20 16:05:05,721 : INFO : root : Loading MPF Monitor
2019-12-20 16:05:06,056 : INFO : Core : Looking for MPF at localhost:5051
2019-12-20 16:05:35,052 : INFO : BCP Client : Connected to MPF
2019-12-20 16:07:49,053 : INFO : BCP Client : Connected to MPF
2019-12-20 17:44:29,893 : INFO : BCP Client : Connected to MPF
2019-12-20 18:02:18,390 : INFO : BCP Client : Connected to MPF
2019-12-20 18:05:33,900 : INFO : BCP Client : Connected to MPF
2019-12-20 18:11:50,899 : INFO : BCP Client : Connected to MPF
2019-12-20 18:15:28,898 : INFO : BCP Client : Connected to MPF
2019-12-20 18:18:56,890 : INFO : BCP Client : Connected to MPF
2019-12-20 18:40:09,398 : INFO : BCP Client : Connected to MPF
2019-12-20 18:41:08,402 : INFO : BCP Client : Connected to MPF
2019-12-20 18:42:36,394 : INFO : BCP Client : Connected to MPF
2019-12-20 18:43:41,903 : INFO : BCP Client : Connected to MPF
2019-12-20 18:47:06,906 : INFO : BCP Client : Connected to MPF
2019-12-20 18:47:50,900 : INFO : BCP Client : Connected to MPF
2019-12-20 18:48:22,396 : INFO : BCP Client : Connected to MPF
2019-12-20 18:48:45,890 : INFO : BCP Client : Connected to MPF
2019-12-20 18:50:55,890 : INFO : BCP Client : Connected to MPF
2019-12-20 18:55:21,393 : INFO : BCP Client : Connected to MPF
2019-12-20 18:55:54,890 : INFO : BCP Client : Connected to MPF
2019-12-20 19:02:00,894 : INFO : BCP Client : Connected to MPF
2019-12-20 19:02:50,891 : INFO : BCP Client : Connected to MPF
2019-12-20 19:04:08,891 : INFO : BCP Client : Connected to MPF
2019-12-20 19:05:37,892 : INFO : BCP Client : Connected to MPF
2019-12-21 11:41:25,567 : INFO : root : MPF Monitor run loop ended.
2019-12-21 11:41:25,600 : INFO : root : Stopping child threads... (0 remaining)
2019-12-21 11:41:25,604 : INFO : root : All child threads stopped.
