2019-11-13 18:36:12,868 : kivy : Factory: 184 symbols loaded
2019-11-13 18:36:12,871 : kivy : Cache: register <kv.lang> with limit=None, timeout=None
2019-11-13 18:36:12,945 : kivy : Cache: register <kv.image> with limit=None, timeout=60
2019-11-13 18:36:12,946 : kivy : Cache: register <kv.atlas> with limit=None, timeout=None
2019-11-13 18:36:12,962 : kivy : Image: Providers: img_tex, img_dds, img_sdl2, img_pil, img_gif (img_ffpyplayer ignored)
2019-11-13 18:36:12,962 : kivy : Cache: register <kv.texture> with limit=1000, timeout=60
2019-11-13 18:36:12,962 : kivy : Cache: register <kv.shader> with limit=1000, timeout=3600
2019-11-13 18:36:13,012 : kivy : VideoGstplayer: Using Gstreamer 1.16.0.0
2019-11-13 18:36:13,013 : kivy : Video: Provider: gstplayer
2019-11-13 18:36:13,075 : kivy : Loading MPF-MC controller
2019-11-13 18:36:13,075 : mpfmc : Mission Pinball Framework Media Controller v0.53.0-dev.15
2019-11-13 18:36:13,075 : mpfmc : Mission Pinball Framework Game Engine v0.53.0-dev.67
2019-11-13 18:36:13,075 : mpfmc : Machine path: D:\mpf\wows\wows
2019-11-13 18:36:13,076 : ConfigProcessor : Config file in cache changed: D:\mpf\wows\wows\config\config
2019-11-13 18:36:13,076 : ConfigProcessor : Loading config from file c:\users\schol\appdata\local\programs\python\python36\lib\site-packages\mpfmc\mcconfig.yaml.
2019-11-13 18:36:13,076 : YAML File Interface : Loading file: c:\users\schol\appdata\local\programs\python\python36\lib\site-packages\mpfmc\mcconfig.yaml
2019-11-13 18:36:13,120 : ConfigProcessor : Loading config: c:\users\schol\appdata\local\programs\python\python36\lib\site-packages\mpfmc\mcconfig.yaml
2019-11-13 18:36:13,127 : ConfigProcessor : Loading config from file D:\mpf\wows\wows\config\config.
2019-11-13 18:36:13,127 : YAML File Interface : Loading file: D:\mpf\wows\wows\config\config.yaml
2019-11-13 18:36:13,143 : ConfigProcessor : Loading config: D:\mpf\wows\wows\config\config
2019-11-13 18:36:13,144 : ConfigProcessor : Config file cache created: C:\Users\schol\AppData\Local\Temp\31418c17c7947b0b26bf3ae2a4803514.mpf_cache
2019-11-13 18:36:13,144 : mpfmc : Starting clock at 60.0Hz
2019-11-13 18:36:13,156 : kivy : Text: Provider: sdl2
2019-11-13 18:36:13,192 : kivy : Window: Provider: sdl2
2019-11-13 18:36:13,531 : kivy : GL: Using the "OpenGL" graphics system
2019-11-13 18:36:13,534 : kivy : GL: GLEW initialization succeeded
2019-11-13 18:36:13,535 : kivy : GL: available extensions: b'GL_AMD_multi_draw_indirect GL_AMD_seamless_cubemap_per_texture GL_AMD_vertex_shader_viewport_index GL_AMD_vertex_shader_layer GL_ARB_arrays_of_arrays GL_ARB_base_instance GL_ARB_bindless_texture GL_ARB_blend_func_extended GL_ARB_buffer_storage GL_ARB_clear_buffer_object GL_ARB_clear_texture GL_ARB_clip_control GL_ARB_color_buffer_float GL_ARB_compatibility GL_ARB_compressed_texture_pixel_storage GL_ARB_conservative_depth GL_ARB_compute_shader GL_ARB_compute_variable_group_size GL_ARB_conditional_render_inverted GL_ARB_copy_buffer GL_ARB_copy_image GL_ARB_cull_distance GL_ARB_debug_output GL_ARB_depth_buffer_float GL_ARB_depth_clamp GL_ARB_depth_texture GL_ARB_derivative_control GL_ARB_direct_state_access GL_ARB_draw_buffers GL_ARB_draw_buffers_blend GL_ARB_draw_indirect GL_ARB_draw_elements_base_vertex GL_ARB_draw_instanced GL_ARB_enhanced_layouts GL_ARB_ES2_compatibility GL_ARB_ES3_compatibility GL_ARB_ES3_1_compatibility GL_ARB_ES3_2_compatibility GL_ARB_explicit_attrib_location GL_ARB_explicit_uniform_location GL_ARB_fragment_coord_conventions GL_ARB_fragment_layer_viewport GL_ARB_fragment_program GL_ARB_fragment_program_shadow GL_ARB_fragment_shader GL_ARB_fragment_shader_interlock GL_ARB_framebuffer_no_attachments GL_ARB_framebuffer_object GL_ARB_framebuffer_sRGB GL_ARB_geometry_shader4 GL_ARB_get_program_binary GL_ARB_get_texture_sub_image GL_ARB_gl_spirv GL_ARB_gpu_shader5 GL_ARB_gpu_shader_fp64 GL_ARB_gpu_shader_int64 GL_ARB_half_float_pixel GL_ARB_half_float_vertex GL_ARB_imaging GL_ARB_indirect_parameters GL_ARB_instanced_arrays GL_ARB_internalformat_query GL_ARB_internalformat_query2 GL_ARB_invalidate_subdata GL_ARB_map_buffer_alignment GL_ARB_map_buffer_range GL_ARB_multi_bind GL_ARB_multi_draw_indirect GL_ARB_multisample GL_ARB_multitexture GL_ARB_occlusion_query GL_ARB_occlusion_query2 GL_ARB_parallel_shader_compile GL_ARB_pipeline_statistics_query GL_ARB_pixel_buffer_object GL_ARB_point_parameters GL_ARB_point_sprite GL_ARB_polygon_offset_clamp GL_ARB_post_depth_coverage GL_ARB_program_interface_query GL_ARB_provoking_vertex GL_ARB_query_buffer_object GL_ARB_robust_buffer_access_behavior GL_ARB_robustness GL_ARB_sample_locations GL_ARB_sample_shading GL_ARB_sampler_objects GL_ARB_seamless_cube_map GL_ARB_seamless_cubemap_per_texture GL_ARB_separate_shader_objects GL_ARB_shader_atomic_counter_ops GL_ARB_shader_atomic_counters GL_ARB_shader_ballot GL_ARB_shader_bit_encoding GL_ARB_shader_clock GL_ARB_shader_draw_parameters GL_ARB_shader_group_vote GL_ARB_shader_image_load_store GL_ARB_shader_image_size GL_ARB_shader_objects GL_ARB_shader_precision GL_ARB_shader_storage_buffer_object GL_ARB_shader_subroutine GL_ARB_shader_texture_image_samples GL_ARB_shader_texture_lod GL_ARB_shading_language_100 GL_ARB_shader_viewport_layer_array GL_ARB_shading_language_420pack GL_ARB_shading_language_include GL_ARB_shading_language_packing GL_ARB_shadow GL_ARB_sparse_buffer GL_ARB_sparse_texture GL_ARB_sparse_texture2 GL_ARB_sparse_texture_clamp GL_ARB_spirv_extensions GL_ARB_stencil_texturing GL_ARB_sync GL_ARB_tessellation_shader GL_ARB_texture_barrier GL_ARB_texture_border_clamp GL_ARB_texture_buffer_object GL_ARB_texture_buffer_object_rgb32 GL_ARB_texture_buffer_range GL_ARB_texture_compression GL_ARB_texture_compression_bptc GL_ARB_texture_compression_rgtc GL_ARB_texture_cube_map GL_ARB_texture_cube_map_array GL_ARB_texture_env_add GL_ARB_texture_env_combine GL_ARB_texture_env_crossbar GL_ARB_texture_env_dot3 GL_ARB_texture_filter_anisotropic GL_ARB_texture_filter_minmax GL_ARB_texture_float GL_ARB_texture_gather GL_ARB_texture_mirror_clamp_to_edge GL_ARB_texture_mirrored_repeat GL_ARB_texture_multisample GL_ARB_texture_non_power_of_two GL_ARB_texture_query_levels GL_ARB_texture_query_lod GL_ARB_texture_rectangle GL_ARB_texture_rg GL_ARB_texture_rgb10_a2ui GL_ARB_texture_stencil8 GL_ARB_texture_storage GL_ARB_texture_storage_multisample GL_ARB_texture_swizzle GL_ARB_texture_view GL_ARB_timer_query GL_ARB_transform_feedback2 GL_ARB_transform_feedback3 GL_ARB_transform_feedback_instanced GL_ARB_transform_feedback_overflow_query GL_ARB_transpose_matrix GL_ARB_uniform_buffer_object GL_ARB_vertex_array_bgra GL_ARB_vertex_array_object GL_ARB_vertex_attrib_64bit GL_ARB_vertex_attrib_binding GL_ARB_vertex_buffer_object GL_ARB_vertex_program GL_ARB_vertex_shader GL_ARB_vertex_type_10f_11f_11f_rev GL_ARB_vertex_type_2_10_10_10_rev GL_ARB_viewport_array GL_ARB_window_pos GL_ATI_draw_buffers GL_ATI_texture_float GL_ATI_texture_mirror_once GL_S3_s3tc GL_EXT_texture_env_add GL_EXT_abgr GL_EXT_bgra GL_EXT_bindable_uniform GL_EXT_blend_color GL_EXT_blend_equation_separate GL_EXT_blend_func_separate GL_EXT_blend_minmax GL_EXT_blend_subtract GL_EXT_compiled_vertex_array GL_EXT_Cg_shader GL_EXT_depth_bounds_test GL_EXT_direct_state_access GL_EXT_draw_buffers2 GL_EXT_draw_instanced GL_EXT_draw_range_elements GL_EXT_fog_coord GL_EXT_framebuffer_blit GL_EXT_framebuffer_multisample GL_EXTX_framebuffer_mixed_formats GL_EXT_framebuffer_multisample_blit_scaled GL_EXT_framebuffer_object GL_EXT_framebuffer_sRGB GL_EXT_geometry_shader4 GL_EXT_gpu_program_parameters GL_EXT_gpu_shader4 GL_EXT_multi_draw_arrays GL_EXT_packed_depth_stencil GL_EXT_packed_float GL_EXT_packed_pixels GL_EXT_pixel_buffer_object GL_EXT_point_parameters GL_EXT_polygon_offset_clamp GL_EXT_post_depth_coverage GL_EXT_provoking_vertex GL_EXT_raster_multisample GL_EXT_rescale_normal GL_EXT_secondary_color GL_EXT_separate_shader_objects GL_EXT_separate_specular_color GL_EXT_shader_image_load_formatted GL_EXT_shader_image_load_store GL_EXT_shader_integer_mix GL_EXT_shadow_funcs GL_EXT_sparse_texture2 GL_EXT_stencil_two_side GL_EXT_stencil_wrap GL_EXT_texture3D GL_EXT_texture_array GL_EXT_texture_buffer_object GL_EXT_texture_compression_dxt1 GL_EXT_texture_compression_latc GL_EXT_texture_compression_rgtc GL_EXT_texture_compression_s3tc GL_EXT_texture_cube_map GL_EXT_texture_edge_clamp GL_EXT_texture_env_combine GL_EXT_texture_env_dot3 GL_EXT_texture_filter_anisotropic GL_EXT_texture_filter_minmax GL_EXT_texture_integer GL_EXT_texture_lod GL_EXT_texture_lod_bias GL_EXT_texture_mirror_clamp GL_EXT_texture_object GL_EXT_texture_shared_exponent GL_EXT_texture_sRGB GL_EXT_texture_sRGB_decode GL_EXT_texture_storage GL_EXT_texture_swizzle GL_EXT_timer_query GL_EXT_transform_feedback2 GL_EXT_vertex_array GL_EXT_vertex_array_bgra GL_EXT_vertex_attrib_64bit GL_EXT_window_rectangles GL_EXT_import_sync_object GL_IBM_rasterpos_clip GL_IBM_texture_mirrored_repeat GL_KHR_context_flush_control GL_KHR_debug GL_EXT_memory_object GL_EXT_memory_object_win32 GL_EXT_win32_keyed_mutex GL_KHR_parallel_shader_compile GL_KHR_no_error GL_KHR_robust_buffer_access_behavior GL_KHR_robustness GL_EXT_semaphore GL_EXT_semaphore_win32 GL_KTX_buffer_region GL_NV_alpha_to_coverage_dither_control GL_NV_bindless_multi_draw_indirect GL_NV_bindless_multi_draw_indirect_count GL_NV_bindless_texture GL_NV_blend_equation_advanced GL_NV_blend_equation_advanced_coherent GL_NVX_blend_equation_advanced_multi_draw_buffers GL_NV_blend_minmax_factor GL_NV_blend_square GL_NV_clip_space_w_scaling GL_NV_command_list GL_NV_compute_program5 GL_NV_conditional_render GL_NV_conservative_raster GL_NV_conservative_raster_dilate GL_NV_conservative_raster_pre_snap_triangles GL_NV_copy_depth_to_color GL_NV_copy_image GL_NV_depth_buffer_float GL_NV_depth_clamp GL_NV_draw_texture GL_NV_draw_vulkan_image GL_NV_ES1_1_compatibility GL_NV_ES3_1_compatibility GL_NV_explicit_multisample GL_NV_fence GL_NV_fill_rectangle GL_NV_float_buffer GL_NV_fog_distance GL_NV_fragment_coverage_to_color GL_NV_fragment_program GL_NV_fragment_program_option GL_NV_fragment_program2 GL_NV_fragment_shader_interlock GL_NV_framebuffer_mixed_samples GL_NV_framebuffer_multisample_coverage GL_NV_geometry_shader4 GL_NV_geometry_shader_passthrough GL_NV_gpu_program4 GL_NV_internalformat_sample_query GL_NV_gpu_program4_1 GL_NV_gpu_program5 GL_NV_gpu_program5_mem_extended GL_NV_gpu_program_fp64 GL_NV_gpu_shader5 GL_NV_half_float GL_NV_light_max_exponent GL_NV_multisample_coverage GL_NV_multisample_filter_hint GL_NV_occlusion_query GL_NV_packed_depth_stencil GL_NV_parameter_buffer_object GL_NV_parameter_buffer_object2 GL_NV_path_rendering GL_NV_path_rendering_shared_edge GL_NV_pixel_data_range GL_NV_point_sprite GL_NV_primitive_restart GL_NV_query_resource GL_NV_query_resource_tag GL_NV_register_combiners GL_NV_register_combiners2 GL_NV_sample_locations GL_NV_sample_mask_override_coverage GL_NV_shader_atomic_counters GL_NV_shader_atomic_float GL_NV_shader_atomic_float64 GL_NV_shader_atomic_fp16_vector GL_NV_shader_atomic_int64 GL_NV_shader_buffer_load GL_NV_shader_storage_buffer_object GL_NV_stereo_view_rendering GL_NV_texgen_reflection GL_NV_texture_barrier GL_NV_texture_compression_vtc GL_NV_texture_env_combine4 GL_NV_texture_multisample GL_NV_texture_rectangle GL_NV_texture_rectangle_compressed GL_NV_texture_shader GL_NV_texture_shader2 GL_NV_texture_shader3 GL_NV_transform_feedback GL_NV_transform_feedback2 GL_NV_uniform_buffer_unified_memory GL_NV_vertex_array_range GL_NV_vertex_array_range2 GL_NV_vertex_attrib_integer_64bit GL_NV_vertex_buffer_unified_memory GL_NV_vertex_program GL_NV_vertex_program1_1 GL_NV_vertex_program2 GL_NV_vertex_program2_option GL_NV_vertex_program3 GL_NV_viewport_array2 GL_NV_viewport_swizzle GL_NVX_conditional_render GL_NVX_gpu_memory_info GL_NVX_multigpu_info GL_NVX_nvenc_interop GL_NV_shader_thread_group GL_NV_shader_thread_shuffle GL_KHR_blend_equation_advanced GL_KHR_blend_equation_advanced_coherent GL_SGIS_generate_mipmap GL_SGIS_texture_lod GL_SGIX_depth_texture GL_SGIX_shadow GL_SUN_slice_accum GL_WIN_swap_hint WGL_EXT_swap_control '
2019-11-13 18:36:13,535 : kivy : GL: glShaderBinary is not available
2019-11-13 18:36:13,535 : kivy : GL: Backend used <glew>
2019-11-13 18:36:13,535 : kivy : GL: OpenGL version <b'4.6.0 NVIDIA 388.13'>
2019-11-13 18:36:13,535 : kivy : GL: OpenGL vendor <b'NVIDIA Corporation'>
2019-11-13 18:36:13,535 : kivy : GL: OpenGL renderer <b'GeForce GTX 1060 6GB/PCIe/SSE2'>
2019-11-13 18:36:13,535 : kivy : GL: OpenGL parsed version: 4, 6
2019-11-13 18:36:13,535 : kivy : GL: Shading version <b'4.60 NVIDIA'>
2019-11-13 18:36:13,535 : kivy : GL: Texture max size <32768>
2019-11-13 18:36:13,535 : kivy : GL: Texture max units <32>
2019-11-13 18:36:13,548 : kivy : Shader: Fragment compiled successfully
2019-11-13 18:36:13,548 : kivy : Shader: Vertex compiled successfully
2019-11-13 18:36:13,549 : kivy : ImageSDL2: Load <c:\users\schol\appdata\local\programs\python\python36\lib\site-packages\kivy\data\glsl\default.png>
2019-11-13 18:36:13,550 : kivy : Window: auto add sdl2 input provider
2019-11-13 18:36:13,550 : kivy : Window: virtual keyboard not allowed, single mode, not docked
2019-11-13 18:36:13,558 : mpfmc : Machine path: D:\mpf\wows\wows
2019-11-13 18:36:13,558 : kivy : Resource: add <c:\users\schol\appdata\local\programs\python\python36\lib\site-packages\mpfmc\fonts> in path list
2019-11-13 18:36:13,558 : SoundSystem : Loading the Sound System
2019-11-13 18:36:13,558 : SoundSystem : SoundSystem: Using default 'sound_system' settings
2019-11-13 18:36:13,739 : AudioInterface : Initialized
2019-11-13 18:36:13,739 : AudioInterface : Loaded SDL 2.0.9
2019-11-13 18:36:13,739 : AudioInterface : Loaded SDL_Mixer 2.0.4
2019-11-13 18:36:13,739 : AudioInterface : Loaded GStreamer 1.16.0.0
2019-11-13 18:36:13,739 : AudioInterface : Loaded GLib 2.56.1
2019-11-13 18:36:13,739 : AudioInterface : Settings requested - rate: 44100, channels: 1, buffer: 2048 samples
2019-11-13 18:36:13,739 : AudioInterface : Settings in use - rate: 44100, channels: 2, buffer: 2048 samples (8192 bytes @ 2 bytes per sample)
2019-11-13 18:36:13,739 : Track : Allocated track audio buffer (8192 bytes)
2019-11-13 18:36:13,740 : Track.0.TrackStandard.default : Created Track 0 default with the following settings: simultaneous_sounds = 1, volume = 0.500000
2019-11-13 18:36:13,740 : AudioInterface : The 'default' standard track has successfully been created.
2019-11-13 18:36:13,740 : SoundSystem : No audio tracks are specified in your machine config file. a track named 'default' has been created.
2019-11-13 18:36:13,740 : AudioInterface : Enabling audio playback
2019-11-13 18:36:13,741 : kivy : App: Loading kv <c:\users\schol\appdata\local\programs\python\python36\lib\site-packages\mpfmc\core\mpfmc.kv>
2019-11-13 18:36:13,741 : kivy : App: kv <c:\users\schol\appdata\local\programs\python\python36\lib\site-packages\mpfmc\core\mpfmc.kv> not found
2019-11-13 18:36:13,742 : kivy : Base: Create provider from mouse,multitouch_on_demand
2019-11-13 18:36:13,742 : kivy : Base: Create provider from wm_touch
2019-11-13 18:36:13,742 : kivy : Base: Create provider from wm_pen
2019-11-13 18:36:13,742 : kivy : Base: Start application main loop
2019-11-13 18:36:13,742 : EventManager : Event: ======'display_window_initialized'====== Args={}
2019-11-13 18:36:13,777 : mpfmc : Display: Setting 'window' as default display
2019-11-13 18:36:13,781 : EventManager : Event: ======'displays_initialized'====== Args={}
2019-11-13 18:36:13,782 : EventManager : Event: ======'slide_window_blank_created'====== Args={}
2019-11-13 18:36:13,782 : EventManager : Event: ======'display_window_ready'====== Args={}
2019-11-13 18:36:13,791 : EventManager : Event: ======'init_phase_1'====== Args={}
2019-11-13 18:36:13,794 : EventManager : Event: ======'mc_ready'====== Args={}
2019-11-13 18:36:13,795 : EventManager : Event: ======'init_phase_2'====== Args={}
2019-11-13 18:36:13,795 : ModeController : Found MPF Mode folders: {'attract': 'attract', 'bonus': 'bonus', 'carousel': 'carousel', 'credits': 'credits', 'game': 'game', 'high_score': 'high_score', 'match': 'match', 'service': 'service', 'tilt': 'tilt'}
2019-11-13 18:36:13,795 : ModeController : Found Machine-specific Mode folders: {}
2019-11-13 18:36:13,796 : ConfigProcessor : Loading config from cache: C:\Users\schol\AppData\Local\Temp\5c4497fcd69d1d656c4b69a28e44c490.mpf_cache
2019-11-13 18:36:13,796 : ConfigProcessor : Loading config from cache: C:\Users\schol\AppData\Local\Temp\d5fd805c5432c1441bf01a6268536a3d.mpf_cache
2019-11-13 18:36:13,796 : EventManager : Event: ======'init_phase_3'====== Args={}
2019-11-13 18:36:13,797 : mpfmc : Clearing boot hold assets. Holds remaining: {'init'}
2019-11-13 18:36:13,797 : EventManager : Event: ======'init_phase_4'====== Args={}
2019-11-13 18:36:13,797 : EventManager : Event: ======'init_phase_5'====== Args={}
2019-11-13 18:36:13,797 : mpfmc : Clearing boot hold init. Holds remaining: set()
2019-11-13 18:36:13,797 : EventManager : Event: ======'init_done'====== Args={}
2019-11-13 18:36:13,797 : MPF-MC BCP Server : Starting up on localhost port 5050
2019-11-13 18:36:13,800 : MPF-MC BCP Server : Waiting for a connection...
2019-11-13 18:36:13,800 : mpfmc : SlidePlayer: Play called with settings={'slides': {welcome_slide-None-None: {'priority': None, 'target': None, 'tokens': {}, 'expire': None, 'show': True, 'action': 'play', 'force': False, 'slide': None, 'background_color': [0.0, 0.0, 0.0, 1.0], 'transition': None, 'transition_out': None}}}
2019-11-13 18:36:13,801 : mpfmc : SlidePlayer: Playing slide 'welcome_slide' on target 'window' (Args={'priority': 0, 'tokens': {}, 'expire': None, 'show': True, 'action': 'play', 'force': False, 'slide': None, 'background_color': [0.0, 0.0, 0.0, 1.0], 'transition': None, 'transition_out': None})
2019-11-13 18:36:13,803 : kivy : Resource: add <C:\WINDOWS\Fonts> in path list
2019-11-13 18:36:13,803 : kivy : Resource: add <c:\users\schol\appdata\local\programs\python\python36\lib\site-packages\kivy\data\fonts> in path list
2019-11-13 18:36:13,805 : kivy : GL: NPOT texture support is available
2019-11-13 18:36:13,806 : EventManager : Event: ======'slide_welcome_slide_created'====== Args={}
2019-11-13 18:36:13,808 : EventManager : Event: ======'slide_welcome_slide_active'====== Args={}
2019-11-13 18:36:13,843 : EventManager : Event: ======'client_disconnected'====== Args={'host': '127.0.0.1', 'port': 5050}
2019-11-13 18:36:15,003 : MPF-MC BCP Server : Received connection from: 127.0.0.1:60383
2019-11-13 18:36:15,004 : MPF-MC BCP Server : Received "hello?version=1.1&controller_name=Mission%20Pinball%20Framework&controller_version=0.53.0-dev.67"
2019-11-13 18:36:15,009 : EventManager : Event: ======'client_connected'====== Args={'host': '127.0.0.1', 'port': 60383}
2019-11-13 18:36:15,061 : MPF-MC BCP Server : Received "settings?json={"settings": [["flipper_power", "Flipper power", 1000, "flipper_power", 1.0, {"0.8": "Weak", "1.0": "Normal (default)", "1.2": "Strong"}]]}"
2019-11-13 18:36:15,061 : MPF-MC BCP Server : Received "machine_variable?name=credits_string&value=FREE%20PLAY"
2019-11-13 18:36:15,061 : MPF-MC BCP Server : Received "machine_variable?name=mpf_version&value=MPF%20v0.53.0-dev.67"
2019-11-13 18:36:15,062 : MPF-MC BCP Server : Received "machine_variable?name=mpf_extended_version&value=MPF%20v0.53.0-dev.67%2C%20Config%20version%3A5%2C%20Show%20version%3A%205%2C%20BCP%20version%3A1.1"
2019-11-13 18:36:15,062 : MPF-MC BCP Server : Received "machine_variable?name=python_version&value=3.6.4"
2019-11-13 18:36:15,062 : MPF-MC BCP Server : Received "machine_variable?name=platform&value=Windows-10-10.0.18362-SP0"
2019-11-13 18:36:15,062 : MPF-MC BCP Server : Received "machine_variable?name=platform_system&value=Windows"
2019-11-13 18:36:15,062 : MPF-MC BCP Server : Received "machine_variable?name=platform_release&value=10"
2019-11-13 18:36:15,062 : MPF-MC BCP Server : Received "machine_variable?name=platform_version&value=10.0.18362"
2019-11-13 18:36:15,062 : MPF-MC BCP Server : Received "machine_variable?name=platform_machine&value=AMD64"
2019-11-13 18:36:15,062 : MPF-MC BCP Server : Received "machine_variable?name=mc_version&value=MPF-MC%20v0.53.0-dev.15"
2019-11-13 18:36:15,062 : MPF-MC BCP Server : Received "machine_variable?name=mc_extended_version&value=MPF-MC%20v0.53.0-dev.15%20%28config_version%3D5%2C%20BCP%20v1.1%2C%20Requires%20MPF%20v0.53.0-dev.51%29"
2019-11-13 18:36:15,062 : MPF-MC BCP Server : Received "mode_list?json={"running_modes": []}"
2019-11-13 18:36:15,062 : MPF-MC BCP Server : Received "machine_variable?name=master_volume&value=float:0.5&prev_value=NoneType:&change=bool:True"
2019-11-13 18:36:15,073 : mpfmc : Setting machine_var 'credits_string' to: FREE PLAY, (prior: None, change: True)
2019-11-13 18:36:15,073 : EventManager : Event: ======'machine_var_credits_string'====== Args={'value': 'FREE PLAY', 'prev_value': None, 'change': True}
2019-11-13 18:36:15,073 : mpfmc : Setting machine_var 'mpf_version' to: MPF v0.53.0-dev.67, (prior: None, change: True)
2019-11-13 18:36:15,073 : EventManager : Event: ======'machine_var_mpf_version'====== Args={'value': 'MPF v0.53.0-dev.67', 'prev_value': None, 'change': True}
2019-11-13 18:36:15,073 : mpfmc : Setting machine_var 'mpf_extended_version' to: MPF v0.53.0-dev.67, Config version:5, Show version: 5, BCP version:1.1, (prior: None, change: True)
2019-11-13 18:36:15,073 : EventManager : Event: ======'machine_var_mpf_extended_version'====== Args={'value': 'MPF v0.53.0-dev.67, Config version:5, Show version: 5, BCP version:1.1', 'prev_value': None, 'change': True}
2019-11-13 18:36:15,073 : mpfmc : Setting machine_var 'python_version' to: 3.6.4, (prior: None, change: True)
2019-11-13 18:36:15,073 : EventManager : Event: ======'machine_var_python_version'====== Args={'value': '3.6.4', 'prev_value': None, 'change': True}
2019-11-13 18:36:15,073 : mpfmc : Setting machine_var 'platform' to: Windows-10-10.0.18362-SP0, (prior: None, change: True)
2019-11-13 18:36:15,073 : EventManager : Event: ======'machine_var_platform'====== Args={'value': 'Windows-10-10.0.18362-SP0', 'prev_value': None, 'change': True}
2019-11-13 18:36:15,073 : mpfmc : Setting machine_var 'platform_system' to: Windows, (prior: None, change: True)
2019-11-13 18:36:15,073 : EventManager : Event: ======'machine_var_platform_system'====== Args={'value': 'Windows', 'prev_value': None, 'change': True}
2019-11-13 18:36:15,073 : mpfmc : Setting machine_var 'platform_release' to: 10, (prior: None, change: True)
2019-11-13 18:36:15,074 : EventManager : Event: ======'machine_var_platform_release'====== Args={'value': '10', 'prev_value': None, 'change': True}
2019-11-13 18:36:15,074 : mpfmc : Setting machine_var 'platform_version' to: 10.0.18362, (prior: None, change: True)
2019-11-13 18:36:15,074 : EventManager : Event: ======'machine_var_platform_version'====== Args={'value': '10.0.18362', 'prev_value': None, 'change': True}
2019-11-13 18:36:15,075 : mpfmc : Setting machine_var 'platform_machine' to: AMD64, (prior: None, change: True)
2019-11-13 18:36:15,075 : EventManager : Event: ======'machine_var_platform_machine'====== Args={'value': 'AMD64', 'prev_value': None, 'change': True}
2019-11-13 18:36:15,075 : mpfmc : Setting machine_var 'mc_version' to: MPF-MC v0.53.0-dev.15, (prior: None, change: True)
2019-11-13 18:36:15,075 : EventManager : Event: ======'machine_var_mc_version'====== Args={'value': 'MPF-MC v0.53.0-dev.15', 'prev_value': None, 'change': True}
2019-11-13 18:36:15,075 : mpfmc : Setting machine_var 'mc_extended_version' to: MPF-MC v0.53.0-dev.15 (config_version=5, BCP v1.1, Requires MPF v0.53.0-dev.51), (prior: None, change: True)
2019-11-13 18:36:15,075 : EventManager : Event: ======'machine_var_mc_extended_version'====== Args={'value': 'MPF-MC v0.53.0-dev.15 (config_version=5, BCP v1.1, Requires MPF v0.53.0-dev.51)', 'prev_value': None, 'change': True}
2019-11-13 18:36:15,075 : mpfmc : Setting machine_var 'master_volume' to: 0.5, (prior: None, change: True)
2019-11-13 18:36:15,075 : EventManager : Event: ======'machine_var_master_volume'====== Args={'value': 0.5, 'prev_value': None, 'change': True}
2019-11-13 18:36:15,084 : MPF-MC BCP Server : Received "machine_variable?name=audits_switches_s_left_flipper&value=int:0&prev_value=NoneType:&change=bool:True"
2019-11-13 18:36:15,084 : MPF-MC BCP Server : Received "machine_variable?name=audits_switches_s_right_flipper&value=int:0&prev_value=NoneType:&change=bool:True"
2019-11-13 18:36:15,084 : MPF-MC BCP Server : Received "machine_variable?name=audits_switches_s_trough1&value=int:0&prev_value=NoneType:&change=bool:True"
2019-11-13 18:36:15,084 : MPF-MC BCP Server : Received "machine_variable?name=audits_switches_s_trough2&value=int:0&prev_value=NoneType:&change=bool:True"
2019-11-13 18:36:15,084 : MPF-MC BCP Server : Received "machine_variable?name=audits_switches_s_trough3&value=int:0&prev_value=NoneType:&change=bool:True"
2019-11-13 18:36:15,084 : MPF-MC BCP Server : Received "machine_variable?name=audits_switches_s_trough4&value=int:0&prev_value=NoneType:&change=bool:True"
2019-11-13 18:36:15,084 : MPF-MC BCP Server : Received "machine_variable?name=audits_switches_s_trough5&value=int:0&prev_value=NoneType:&change=bool:True"
2019-11-13 18:36:15,085 : MPF-MC BCP Server : Received "machine_variable?name=audits_switches_s_trough6&value=int:0&prev_value=NoneType:&change=bool:True"
2019-11-13 18:36:15,085 : mpfmc : Setting machine_var 'audits_switches_s_left_flipper' to: 0, (prior: None, change: True)
2019-11-13 18:36:15,085 : EventManager : Event: ======'machine_var_audits_switches_s_left_flipper'====== Args={'value': 0, 'prev_value': None, 'change': True}
2019-11-13 18:36:15,085 : mpfmc : Setting machine_var 'audits_switches_s_right_flipper' to: 0, (prior: None, change: True)
2019-11-13 18:36:15,085 : EventManager : Event: ======'machine_var_audits_switches_s_right_flipper'====== Args={'value': 0, 'prev_value': None, 'change': True}
2019-11-13 18:36:15,085 : mpfmc : Setting machine_var 'audits_switches_s_trough1' to: 0, (prior: None, change: True)
2019-11-13 18:36:15,085 : EventManager : Event: ======'machine_var_audits_switches_s_trough1'====== Args={'value': 0, 'prev_value': None, 'change': True}
2019-11-13 18:36:15,085 : mpfmc : Setting machine_var 'audits_switches_s_trough2' to: 0, (prior: None, change: True)
2019-11-13 18:36:15,085 : EventManager : Event: ======'machine_var_audits_switches_s_trough2'====== Args={'value': 0, 'prev_value': None, 'change': True}
2019-11-13 18:36:15,085 : mpfmc : Setting machine_var 'audits_switches_s_trough3' to: 0, (prior: None, change: True)
2019-11-13 18:36:15,085 : EventManager : Event: ======'machine_var_audits_switches_s_trough3'====== Args={'value': 0, 'prev_value': None, 'change': True}
2019-11-13 18:36:15,085 : mpfmc : Setting machine_var 'audits_switches_s_trough4' to: 0, (prior: None, change: True)
2019-11-13 18:36:15,085 : MPF-MC BCP Server : Received "machine_variable?name=audits_switches_s_trough_jam&value=int:0&prev_value=NoneType:&change=bool:True"
2019-11-13 18:36:15,085 : EventManager : Event: ======'machine_var_audits_switches_s_trough4'====== Args={'value': 0, 'prev_value': None, 'change': True}
2019-11-13 18:36:15,086 : MPF-MC BCP Server : Received "machine_variable?name=audits_switches_s_plunger&value=int:0&prev_value=NoneType:&change=bool:True"
2019-11-13 18:36:15,086 : mpfmc : Setting machine_var 'audits_switches_s_trough5' to: 0, (prior: None, change: True)
2019-11-13 18:36:15,086 : MPF-MC BCP Server : Received "machine_variable?json={"name": "audits_player_score", "value": {"top": [], "average": 0, "total": 0}, "prev_value": null, "change": true}"
2019-11-13 18:36:15,086 : EventManager : Event: ======'machine_var_audits_switches_s_trough5'====== Args={'value': 0, 'prev_value': None, 'change': True}
2019-11-13 18:36:15,086 : mpfmc : Setting machine_var 'audits_switches_s_trough6' to: 0, (prior: None, change: True)
2019-11-13 18:36:15,086 : EventManager : Event: ======'machine_var_audits_switches_s_trough6'====== Args={'value': 0, 'prev_value': None, 'change': True}
2019-11-13 18:36:15,086 : mpfmc : Setting machine_var 'audits_switches_s_trough_jam' to: 0, (prior: None, change: True)
2019-11-13 18:36:15,086 : EventManager : Event: ======'machine_var_audits_switches_s_trough_jam'====== Args={'value': 0, 'prev_value': None, 'change': True}
2019-11-13 18:36:15,086 : mpfmc : Setting machine_var 'audits_switches_s_plunger' to: 0, (prior: None, change: True)
2019-11-13 18:36:15,087 : EventManager : Event: ======'machine_var_audits_switches_s_plunger'====== Args={'value': 0, 'prev_value': None, 'change': True}
2019-11-13 18:36:15,087 : mpfmc : Setting machine_var 'audits_player_score' to: {'top': [], 'average': 0, 'total': 0}, (prior: None, change: True)
2019-11-13 18:36:15,087 : EventManager : Event: ======'machine_var_audits_player_score'====== Args={'value': {'top': [], 'average': 0, 'total': 0}, 'prev_value': None, 'change': True}
2019-11-13 18:36:15,098 : MPF-MC BCP Server : Received "trigger?json={"name": "slides_play", "settings": {"welcome_slide": {"target": null, "priority": null, "tokens": {}, "expire": null, "show": true, "action": "play", "force": false, "slide": null, "background_color": [0.0, 0.0, 0.0, 1.0]}}, "context": "_global", "calling_context": "init_done", "priority": 0}"
2019-11-13 18:36:15,098 : MPF-MC BCP Server : Received "reset"
2019-11-13 18:36:15,109 : EventManager : Event: ======'slides_play'====== Args={'settings': {'welcome_slide': {'target': None, 'priority': None, 'tokens': {}, 'expire': None, 'show': True, 'action': 'play', 'force': False, 'slide': None, 'background_color': [0.0, 0.0, 0.0, 1.0]}}, 'context': '_global', 'calling_context': 'init_done', 'priority': 0}
2019-11-13 18:36:15,109 : EventManager : Event: ======'mc_reset_phase_1'====== Args={}
2019-11-13 18:36:15,109 : mpfmc : SlidePlayer: Play called with settings={'welcome_slide': {'target': None, 'priority': None, 'tokens': {}, 'expire': None, 'show': True, 'action': 'play', 'force': False, 'slide': None, 'background_color': [0.0, 0.0, 0.0, 1.0]}}
2019-11-13 18:36:15,110 : EventManager : Event: ======'slide_welcome_slide_removed'====== Args={}
2019-11-13 18:36:15,110 : mpfmc : SlidePlayer: Playing slide 'welcome_slide' on target 'window' (Args={'priority': 0, 'tokens': {}, 'expire': None, 'show': True, 'action': 'play', 'force': False, 'slide': None, 'background_color': [0.0, 0.0, 0.0, 1.0]})
2019-11-13 18:36:15,112 : EventManager : Event: ======'slide_welcome_slide_created'====== Args={}
2019-11-13 18:36:15,112 : EventManager : Event: ======'mc_reset_phase_2'====== Args={}
2019-11-13 18:36:15,112 : EventManager : Event: ======'mc_reset_phase_3'====== Args={}
2019-11-13 18:36:15,112 : EventManager : Event: ======'mc_reset_complete'====== Args={}
2019-11-13 18:36:15,113 : EventManager : Event: ======'slide_welcome_slide_active'====== Args={}
2019-11-13 18:36:15,116 : MPF-MC BCP Server : Received "mode_start?json={"name": "attract", "running_modes": [["attract", 10]], "priority": 10}"
2019-11-13 18:36:15,116 : MPF-MC BCP Server : Received "trigger?json={"name": "slides_play", "settings": {"attract_started": {"target": null, "priority": null, "tokens": {}, "expire": null, "show": true, "action": "play", "force": false, "slide": null, "background_color": [0.0, 0.0, 0.0, 1.0]}}, "context": "_global", "calling_context": "mode_attract_started", "priority": 0}"
2019-11-13 18:36:15,119 : Mode.attract : Mode Start. Priority: 10
2019-11-13 18:36:15,119 : EventManager : Event: ======'slides_play'====== Args={'settings': {'attract_started': {'target': None, 'priority': None, 'tokens': {}, 'expire': None, 'show': True, 'action': 'play', 'force': False, 'slide': None, 'background_color': [0.0, 0.0, 0.0, 1.0]}}, 'context': '_global', 'calling_context': 'mode_attract_started', 'priority': 0}
2019-11-13 18:36:15,120 : mpfmc : SlidePlayer: Play called with settings={'attract_started': {'target': None, 'priority': None, 'tokens': {}, 'expire': None, 'show': True, 'action': 'play', 'force': False, 'slide': None, 'background_color': [0.0, 0.0, 0.0, 1.0]}}
2019-11-13 18:36:15,120 : mpfmc : SlidePlayer: Playing slide 'attract_started' on target 'window' (Args={'priority': 0, 'tokens': {}, 'expire': None, 'show': True, 'action': 'play', 'force': False, 'slide': None, 'background_color': [0.0, 0.0, 0.0, 1.0]})
2019-11-13 18:36:15,122 : EventManager : Event: ======'slide_attract_started_created'====== Args={}
2019-11-13 18:36:15,126 : EventManager : Event: ======'slide_attract_started_active'====== Args={}
2019-11-13 18:36:15,701 : MPF-MC BCP Server : Received "status_request"
2019-11-13 18:36:16,692 : MPF-MC BCP Server : Received "status_request"
2019-11-13 18:36:17,700 : MPF-MC BCP Server : Received "status_request"
2019-11-13 18:36:18,693 : MPF-MC BCP Server : Received "status_request"
2019-11-13 18:36:19,704 : MPF-MC BCP Server : Received "status_request"
2019-11-13 18:36:20,693 : MPF-MC BCP Server : Received "status_request"
2019-11-13 18:36:21,702 : MPF-MC BCP Server : Received "status_request"
2019-11-13 18:36:22,707 : MPF-MC BCP Server : Received "status_request"
2019-11-13 18:36:23,701 : MPF-MC BCP Server : Received "status_request"
2019-11-13 18:36:24,704 : MPF-MC BCP Server : Received "status_request"
2019-11-13 18:36:25,694 : MPF-MC BCP Server : Received "status_request"
2019-11-13 18:36:26,695 : MPF-MC BCP Server : Received "status_request"
2019-11-13 18:36:27,696 : MPF-MC BCP Server : Received "status_request"
2019-11-13 18:36:28,694 : MPF-MC BCP Server : Received "status_request"
2019-11-13 18:36:29,733 : MPF-MC BCP Server : Received "status_request"
2019-11-13 18:36:30,695 : MPF-MC BCP Server : Received "status_request"
2019-11-13 18:36:31,693 : MPF-MC BCP Server : Received "status_request"
2019-11-13 18:36:32,693 : MPF-MC BCP Server : Received "status_request"
2019-11-13 18:36:33,705 : MPF-MC BCP Server : Received "status_request"
2019-11-13 18:36:34,704 : MPF-MC BCP Server : Received "status_request"
2019-11-13 18:36:35,699 : MPF-MC BCP Server : Received "status_request"
2019-11-13 18:36:36,692 : MPF-MC BCP Server : Received "status_request"
2019-11-13 18:36:37,694 : MPF-MC BCP Server : Received "status_request"
2019-11-13 18:36:38,694 : MPF-MC BCP Server : Received "status_request"
2019-11-13 18:36:39,693 : MPF-MC BCP Server : Received "status_request"
2019-11-13 18:36:40,705 : MPF-MC BCP Server : Received "status_request"
2019-11-13 18:36:41,697 : MPF-MC BCP Server : Received "status_request"
2019-11-13 18:36:42,696 : MPF-MC BCP Server : Received "status_request"
2019-11-13 18:36:43,693 : MPF-MC BCP Server : Received "status_request"
2019-11-13 18:36:44,700 : MPF-MC BCP Server : Received "status_request"
2019-11-13 18:36:45,701 : MPF-MC BCP Server : Received "status_request"
2019-11-13 18:36:46,704 : MPF-MC BCP Server : Received "status_request"
2019-11-13 18:36:47,706 : MPF-MC BCP Server : Received "status_request"
2019-11-13 18:36:48,694 : MPF-MC BCP Server : Received "status_request"
2019-11-13 18:36:49,696 : MPF-MC BCP Server : Received "status_request"
2019-11-13 18:36:50,693 : MPF-MC BCP Server : Received "status_request"
2019-11-13 18:36:51,704 : MPF-MC BCP Server : Received "status_request"
2019-11-13 18:36:52,696 : MPF-MC BCP Server : Received "status_request"
2019-11-13 18:36:53,697 : MPF-MC BCP Server : Received "status_request"
2019-11-13 18:36:54,703 : MPF-MC BCP Server : Received "status_request"
2019-11-13 18:36:55,698 : MPF-MC BCP Server : Received "status_request"
2019-11-13 18:36:56,694 : MPF-MC BCP Server : Received "status_request"
2019-11-13 18:36:57,703 : MPF-MC BCP Server : Received "status_request"
2019-11-13 18:36:58,696 : MPF-MC BCP Server : Received "status_request"
2019-11-13 18:36:59,695 : MPF-MC BCP Server : Received "status_request"
2019-11-13 18:37:00,696 : MPF-MC BCP Server : Received "status_request"
2019-11-13 18:37:01,691 : MPF-MC BCP Server : Received "status_request"
2019-11-13 18:37:02,694 : MPF-MC BCP Server : Received "status_request"
2019-11-13 18:37:03,699 : MPF-MC BCP Server : Received "status_request"
2019-11-13 18:37:04,701 : MPF-MC BCP Server : Received "status_request"
2019-11-13 18:37:05,703 : MPF-MC BCP Server : Received "status_request"
2019-11-13 18:37:06,696 : MPF-MC BCP Server : Received "status_request"
2019-11-13 18:37:07,694 : MPF-MC BCP Server : Received "status_request"
2019-11-13 18:37:08,697 : MPF-MC BCP Server : Received "status_request"
2019-11-13 18:37:09,699 : MPF-MC BCP Server : Received "status_request"
2019-11-13 18:37:10,699 : MPF-MC BCP Server : Received "status_request"
2019-11-13 18:37:11,703 : MPF-MC BCP Server : Received "status_request"
2019-11-13 18:37:12,706 : MPF-MC BCP Server : Received "status_request"
2019-11-13 18:37:13,695 : MPF-MC BCP Server : Received "status_request"
2019-11-13 18:37:14,698 : MPF-MC BCP Server : Received "status_request"
2019-11-13 18:37:15,701 : MPF-MC BCP Server : Received "status_request"
2019-11-13 18:37:16,704 : MPF-MC BCP Server : Received "status_request"
2019-11-13 18:37:17,697 : MPF-MC BCP Server : Received "status_request"
2019-11-13 18:37:18,700 : MPF-MC BCP Server : Received "status_request"
2019-11-13 18:37:19,702 : MPF-MC BCP Server : Received "status_request"
2019-11-13 18:37:20,696 : MPF-MC BCP Server : Received "status_request"
2019-11-13 18:37:21,700 : MPF-MC BCP Server : Received "status_request"
2019-11-13 18:37:22,706 : MPF-MC BCP Server : Received "status_request"
2019-11-13 18:37:23,695 : MPF-MC BCP Server : Received "status_request"
2019-11-13 18:37:24,697 : MPF-MC BCP Server : Received "status_request"
2019-11-13 18:37:25,700 : MPF-MC BCP Server : Received "status_request"
2019-11-13 18:37:26,695 : MPF-MC BCP Server : Received "status_request"
2019-11-13 18:37:27,693 : MPF-MC BCP Server : Received "status_request"
2019-11-13 18:37:28,695 : MPF-MC BCP Server : Received "status_request"
2019-11-13 18:37:29,700 : MPF-MC BCP Server : Received "status_request"
2019-11-13 18:37:30,707 : MPF-MC BCP Server : Received "status_request"
2019-11-13 18:37:31,703 : MPF-MC BCP Server : Received "status_request"
2019-11-13 18:37:32,701 : MPF-MC BCP Server : Received "status_request"
2019-11-13 18:37:33,704 : MPF-MC BCP Server : Received "status_request"
2019-11-13 18:37:34,704 : MPF-MC BCP Server : Received "status_request"
2019-11-13 18:37:35,705 : MPF-MC BCP Server : Received "status_request"
2019-11-13 18:37:36,705 : MPF-MC BCP Server : Received "status_request"
2019-11-13 18:37:37,706 : MPF-MC BCP Server : Received "status_request"
2019-11-13 18:37:38,696 : MPF-MC BCP Server : Received "status_request"
2019-11-13 18:37:39,697 : MPF-MC BCP Server : Received "status_request"
2019-11-13 18:37:40,704 : MPF-MC BCP Server : Received "status_request"
2019-11-13 18:37:41,699 : MPF-MC BCP Server : Received "status_request"
2019-11-13 18:37:42,696 : MPF-MC BCP Server : Received "status_request"
2019-11-13 18:37:43,696 : MPF-MC BCP Server : Received "status_request"
2019-11-13 18:37:44,698 : MPF-MC BCP Server : Received "status_request"
2019-11-13 18:37:45,698 : MPF-MC BCP Server : Received "status_request"
2019-11-13 18:37:46,697 : MPF-MC BCP Server : Received "status_request"
2019-11-13 18:37:47,703 : MPF-MC BCP Server : Received "status_request"
2019-11-13 18:37:48,697 : MPF-MC BCP Server : Received "status_request"
2019-11-13 18:37:49,706 : MPF-MC BCP Server : Received "status_request"
2019-11-13 18:37:50,698 : MPF-MC BCP Server : Received "status_request"
2019-11-13 18:37:51,697 : MPF-MC BCP Server : Received "status_request"
2019-11-13 18:37:52,701 : MPF-MC BCP Server : Received "status_request"
2019-11-13 18:37:53,703 : MPF-MC BCP Server : Received "status_request"
2019-11-13 18:37:54,695 : MPF-MC BCP Server : Received "status_request"
2019-11-13 18:37:55,705 : MPF-MC BCP Server : Received "status_request"
2019-11-13 18:37:56,705 : MPF-MC BCP Server : Received "status_request"
2019-11-13 18:37:57,705 : MPF-MC BCP Server : Received "status_request"
2019-11-13 18:37:58,700 : MPF-MC BCP Server : Received "status_request"
2019-11-13 18:37:59,705 : MPF-MC BCP Server : Received "status_request"
2019-11-13 18:38:00,692 : MPF-MC BCP Server : Received "status_request"
2019-11-13 18:38:01,697 : MPF-MC BCP Server : Received "status_request"
2019-11-13 18:38:02,698 : MPF-MC BCP Server : Received "status_request"
2019-11-13 18:38:03,701 : MPF-MC BCP Server : Received "status_request"
2019-11-13 18:38:04,694 : MPF-MC BCP Server : Received "status_request"
2019-11-13 18:38:05,702 : MPF-MC BCP Server : Received "status_request"
2019-11-13 18:38:06,692 : MPF-MC BCP Server : Received "status_request"
2019-11-13 18:38:07,691 : MPF-MC BCP Server : Received "status_request"
2019-11-13 18:38:08,698 : MPF-MC BCP Server : Received "status_request"
2019-11-13 18:38:09,696 : MPF-MC BCP Server : Received "status_request"
2019-11-13 18:38:10,706 : MPF-MC BCP Server : Received "status_request"
2019-11-13 18:38:11,701 : MPF-MC BCP Server : Received "status_request"
2019-11-13 18:38:12,695 : MPF-MC BCP Server : Received "status_request"
2019-11-13 18:38:13,696 : MPF-MC BCP Server : Received "status_request"
2019-11-13 18:38:14,699 : MPF-MC BCP Server : Received "status_request"
2019-11-13 18:38:15,701 : MPF-MC BCP Server : Received "status_request"
2019-11-13 18:38:16,696 : MPF-MC BCP Server : Received "status_request"
2019-11-13 18:38:17,694 : MPF-MC BCP Server : Received "status_request"
2019-11-13 18:38:18,700 : MPF-MC BCP Server : Received "status_request"
2019-11-13 18:38:19,701 : MPF-MC BCP Server : Received "status_request"
2019-11-13 18:38:20,700 : MPF-MC BCP Server : Received "status_request"
2019-11-13 18:38:21,701 : MPF-MC BCP Server : Received "status_request"
2019-11-13 18:38:22,700 : MPF-MC BCP Server : Received "status_request"
2019-11-13 18:38:23,702 : MPF-MC BCP Server : Received "status_request"
2019-11-13 18:38:24,706 : MPF-MC BCP Server : Received "status_request"
2019-11-13 18:38:25,692 : MPF-MC BCP Server : Received "status_request"
2019-11-13 18:38:26,697 : MPF-MC BCP Server : Received "status_request"
2019-11-13 18:38:27,694 : MPF-MC BCP Server : Received "status_request"
2019-11-13 18:38:28,698 : MPF-MC BCP Server : Received "status_request"
2019-11-13 18:38:29,700 : MPF-MC BCP Server : Received "status_request"
2019-11-13 18:38:30,694 : MPF-MC BCP Server : Received "status_request"
2019-11-13 18:38:31,697 : MPF-MC BCP Server : Received "status_request"
2019-11-13 18:38:32,727 : MPF-MC BCP Server : Received "status_request"
2019-11-13 18:38:33,703 : MPF-MC BCP Server : Received "status_request"
2019-11-13 18:38:34,690 : MPF-MC BCP Server : Received "status_request"
2019-11-13 18:38:35,705 : MPF-MC BCP Server : Received "status_request"
2019-11-13 18:38:36,700 : MPF-MC BCP Server : Received "status_request"
2019-11-13 18:38:37,704 : MPF-MC BCP Server : Received "status_request"
2019-11-13 18:38:38,692 : MPF-MC BCP Server : Received "status_request"
2019-11-13 18:38:39,692 : MPF-MC BCP Server : Received "status_request"
2019-11-13 18:38:40,694 : MPF-MC BCP Server : Received "status_request"
2019-11-13 18:38:41,698 : MPF-MC BCP Server : Received "status_request"
2019-11-13 18:38:42,695 : MPF-MC BCP Server : Received "status_request"
2019-11-13 18:38:43,705 : MPF-MC BCP Server : Received "status_request"
2019-11-13 18:38:44,719 : MPF-MC BCP Server : Received "status_request"
2019-11-13 18:38:45,698 : MPF-MC BCP Server : Received "status_request"
2019-11-13 18:38:46,705 : MPF-MC BCP Server : Received "status_request"
2019-11-13 18:38:47,693 : MPF-MC BCP Server : Received "status_request"
2019-11-13 18:38:48,696 : MPF-MC BCP Server : Received "status_request"
2019-11-13 18:38:49,696 : MPF-MC BCP Server : Received "status_request"
2019-11-13 18:38:50,699 : MPF-MC BCP Server : Received "status_request"
2019-11-13 18:38:51,695 : MPF-MC BCP Server : Received "status_request"
2019-11-13 18:38:52,703 : MPF-MC BCP Server : Received "status_request"
2019-11-13 18:38:53,691 : MPF-MC BCP Server : Received "status_request"
2019-11-13 18:38:54,703 : MPF-MC BCP Server : Received "status_request"
2019-11-13 18:38:55,704 : MPF-MC BCP Server : Received "status_request"
2019-11-13 18:38:56,701 : MPF-MC BCP Server : Received "status_request"
2019-11-13 18:38:57,702 : MPF-MC BCP Server : Received "status_request"
2019-11-13 18:38:58,705 : MPF-MC BCP Server : Received "status_request"
2019-11-13 18:38:59,703 : MPF-MC BCP Server : Received "status_request"
2019-11-13 18:39:00,691 : MPF-MC BCP Server : Received "status_request"
2019-11-13 18:39:01,691 : MPF-MC BCP Server : Received "status_request"
2019-11-13 18:39:02,704 : MPF-MC BCP Server : Received "status_request"
2019-11-13 18:39:03,704 : MPF-MC BCP Server : Received "status_request"
2019-11-13 18:39:04,701 : MPF-MC BCP Server : Received "status_request"
2019-11-13 18:39:05,705 : MPF-MC BCP Server : Received "status_request"
2019-11-13 18:39:06,691 : MPF-MC BCP Server : Received "status_request"
2019-11-13 18:39:07,700 : MPF-MC BCP Server : Received "status_request"
2019-11-13 18:39:08,704 : MPF-MC BCP Server : Received "status_request"
2019-11-13 18:39:09,699 : MPF-MC BCP Server : Received "status_request"
2019-11-13 18:39:10,700 : MPF-MC BCP Server : Received "status_request"
2019-11-13 18:39:11,701 : MPF-MC BCP Server : Received "status_request"
2019-11-13 18:39:12,703 : MPF-MC BCP Server : Received "status_request"
2019-11-13 18:39:13,695 : MPF-MC BCP Server : Received "status_request"
2019-11-13 18:39:14,696 : MPF-MC BCP Server : Received "status_request"
2019-11-13 18:39:15,702 : MPF-MC BCP Server : Received "status_request"
2019-11-13 18:39:16,705 : MPF-MC BCP Server : Received "status_request"
2019-11-13 18:39:17,701 : MPF-MC BCP Server : Received "status_request"
2019-11-13 18:39:18,697 : MPF-MC BCP Server : Received "status_request"
2019-11-13 18:39:19,696 : MPF-MC BCP Server : Received "status_request"
2019-11-13 18:39:20,697 : MPF-MC BCP Server : Received "status_request"
2019-11-13 18:39:21,697 : MPF-MC BCP Server : Received "status_request"
2019-11-13 18:39:22,696 : MPF-MC BCP Server : Received "status_request"
2019-11-13 18:39:23,701 : MPF-MC BCP Server : Received "status_request"
2019-11-13 18:39:24,699 : MPF-MC BCP Server : Received "status_request"
2019-11-13 18:39:25,695 : MPF-MC BCP Server : Received "status_request"
2019-11-13 18:39:26,695 : MPF-MC BCP Server : Received "status_request"
2019-11-13 18:39:27,694 : MPF-MC BCP Server : Received "status_request"
2019-11-13 18:39:28,694 : MPF-MC BCP Server : Received "status_request"
2019-11-13 18:39:29,692 : MPF-MC BCP Server : Received "status_request"
2019-11-13 18:39:30,701 : MPF-MC BCP Server : Received "status_request"
2019-11-13 18:39:31,703 : MPF-MC BCP Server : Received "status_request"
2019-11-13 18:39:32,704 : MPF-MC BCP Server : Received "status_request"
2019-11-13 18:39:33,691 : MPF-MC BCP Server : Received "status_request"
2019-11-13 18:39:34,694 : MPF-MC BCP Server : Received "status_request"
2019-11-13 18:39:35,695 : MPF-MC BCP Server : Received "status_request"
2019-11-13 18:39:36,693 : MPF-MC BCP Server : Received "status_request"
2019-11-13 18:39:37,702 : MPF-MC BCP Server : Received "status_request"
2019-11-13 18:39:38,697 : MPF-MC BCP Server : Received "status_request"
2019-11-13 18:39:39,691 : MPF-MC BCP Server : Received "status_request"
2019-11-13 18:39:40,705 : MPF-MC BCP Server : Received "status_request"
2019-11-13 18:39:41,692 : MPF-MC BCP Server : Received "status_request"
2019-11-13 18:39:42,700 : MPF-MC BCP Server : Received "status_request"
2019-11-13 18:39:43,698 : MPF-MC BCP Server : Received "status_request"
2019-11-13 18:39:44,703 : MPF-MC BCP Server : Received "status_request"
2019-11-13 18:39:45,706 : MPF-MC BCP Server : Received "status_request"
2019-11-13 18:39:46,692 : MPF-MC BCP Server : Received "status_request"
2019-11-13 18:39:47,702 : MPF-MC BCP Server : Received "status_request"
2019-11-13 18:39:48,697 : MPF-MC BCP Server : Received "status_request"
2019-11-13 18:39:49,699 : MPF-MC BCP Server : Received "status_request"
2019-11-13 18:39:50,700 : MPF-MC BCP Server : Received "status_request"
2019-11-13 18:39:51,701 : MPF-MC BCP Server : Received "status_request"
2019-11-13 18:39:52,698 : MPF-MC BCP Server : Received "status_request"
2019-11-13 18:39:53,696 : MPF-MC BCP Server : Received "status_request"
2019-11-13 18:39:54,699 : MPF-MC BCP Server : Received "status_request"
2019-11-13 18:39:55,703 : MPF-MC BCP Server : Received "status_request"
2019-11-13 18:39:56,700 : MPF-MC BCP Server : Received "status_request"
2019-11-13 18:39:57,703 : MPF-MC BCP Server : Received "status_request"
2019-11-13 18:39:58,699 : MPF-MC BCP Server : Received "status_request"
2019-11-13 18:39:59,700 : MPF-MC BCP Server : Received "status_request"
2019-11-13 18:40:00,698 : MPF-MC BCP Server : Received "status_request"
2019-11-13 18:40:01,696 : MPF-MC BCP Server : Received "status_request"
2019-11-13 18:40:02,698 : MPF-MC BCP Server : Received "status_request"
2019-11-13 18:40:03,696 : MPF-MC BCP Server : Received "status_request"
2019-11-13 18:40:04,698 : MPF-MC BCP Server : Received "status_request"
2019-11-13 18:40:05,695 : MPF-MC BCP Server : Received "status_request"
2019-11-13 18:40:06,704 : MPF-MC BCP Server : Received "status_request"
2019-11-13 18:40:07,701 : MPF-MC BCP Server : Received "status_request"
2019-11-13 18:40:08,699 : MPF-MC BCP Server : Received "status_request"
2019-11-13 18:40:09,701 : MPF-MC BCP Server : Received "status_request"
2019-11-13 18:40:10,696 : MPF-MC BCP Server : Received "status_request"
2019-11-13 18:40:11,706 : MPF-MC BCP Server : Received "status_request"
2019-11-13 18:40:12,706 : MPF-MC BCP Server : Received "status_request"
2019-11-13 18:40:13,694 : MPF-MC BCP Server : Received "status_request"
2019-11-13 18:40:14,706 : MPF-MC BCP Server : Received "status_request"
2019-11-13 18:40:15,699 : MPF-MC BCP Server : Received "status_request"
2019-11-13 18:40:16,702 : MPF-MC BCP Server : Received "status_request"
2019-11-13 18:40:17,697 : MPF-MC BCP Server : Received "status_request"
2019-11-13 18:40:18,706 : MPF-MC BCP Server : Received "status_request"
2019-11-13 18:40:19,705 : MPF-MC BCP Server : Received "status_request"
2019-11-13 18:40:20,700 : MPF-MC BCP Server : Received "status_request"
2019-11-13 18:40:21,702 : MPF-MC BCP Server : Received "status_request"
2019-11-13 18:40:22,704 : MPF-MC BCP Server : Received "status_request"
2019-11-13 18:40:23,698 : MPF-MC BCP Server : Received "status_request"
2019-11-13 18:40:24,697 : MPF-MC BCP Server : Received "status_request"
2019-11-13 18:40:25,695 : MPF-MC BCP Server : Received "status_request"
2019-11-13 18:40:26,692 : MPF-MC BCP Server : Received "status_request"
2019-11-13 18:40:27,698 : MPF-MC BCP Server : Received "status_request"
2019-11-13 18:40:28,695 : MPF-MC BCP Server : Received "status_request"
2019-11-13 18:40:29,711 : MPF-MC BCP Server : Received "status_request"
2019-11-13 18:40:30,693 : MPF-MC BCP Server : Received "status_request"
2019-11-13 18:40:31,695 : MPF-MC BCP Server : Received "status_request"
2019-11-13 18:40:32,695 : MPF-MC BCP Server : Received "status_request"
2019-11-13 18:40:33,705 : MPF-MC BCP Server : Received "status_request"
2019-11-13 18:40:34,700 : MPF-MC BCP Server : Received "status_request"
2019-11-13 18:40:35,697 : MPF-MC BCP Server : Received "status_request"
2019-11-13 18:40:36,706 : MPF-MC BCP Server : Received "status_request"
2019-11-13 18:40:37,692 : MPF-MC BCP Server : Received "status_request"
2019-11-13 18:40:38,700 : MPF-MC BCP Server : Received "status_request"
2019-11-13 18:40:39,695 : MPF-MC BCP Server : Received "status_request"
2019-11-13 18:40:40,697 : MPF-MC BCP Server : Received "status_request"
2019-11-13 18:40:41,692 : MPF-MC BCP Server : Received "status_request"
2019-11-13 18:40:42,693 : MPF-MC BCP Server : Received "status_request"
2019-11-13 18:40:43,696 : MPF-MC BCP Server : Received "status_request"
2019-11-13 18:40:44,693 : MPF-MC BCP Server : Received "status_request"
2019-11-13 18:40:45,696 : MPF-MC BCP Server : Received "status_request"
2019-11-13 18:40:46,697 : MPF-MC BCP Server : Received "status_request"
2019-11-13 18:40:47,698 : MPF-MC BCP Server : Received "status_request"
2019-11-13 18:40:48,706 : MPF-MC BCP Server : Received "status_request"
2019-11-13 18:40:49,696 : MPF-MC BCP Server : Received "status_request"
2019-11-13 18:40:50,705 : MPF-MC BCP Server : Received "status_request"
2019-11-13 18:40:51,703 : MPF-MC BCP Server : Received "status_request"
2019-11-13 18:40:52,705 : MPF-MC BCP Server : Received "status_request"
2019-11-13 18:40:53,702 : MPF-MC BCP Server : Received "status_request"
2019-11-13 18:40:54,705 : MPF-MC BCP Server : Received "status_request"
2019-11-13 18:40:55,698 : MPF-MC BCP Server : Received "status_request"
2019-11-13 18:40:56,700 : MPF-MC BCP Server : Received "status_request"
2019-11-13 18:40:57,703 : MPF-MC BCP Server : Received "status_request"
2019-11-13 18:40:58,696 : MPF-MC BCP Server : Received "status_request"
2019-11-13 18:40:59,715 : MPF-MC BCP Server : Received "status_request"
2019-11-13 18:41:00,692 : MPF-MC BCP Server : Received "status_request"
2019-11-13 18:41:01,692 : MPF-MC BCP Server : Received "status_request"
2019-11-13 18:41:02,695 : MPF-MC BCP Server : Received "status_request"
2019-11-13 18:41:03,698 : MPF-MC BCP Server : Received "status_request"
2019-11-13 18:41:04,699 : MPF-MC BCP Server : Received "status_request"
2019-11-13 18:41:05,698 : MPF-MC BCP Server : Received "status_request"
2019-11-13 18:41:06,698 : MPF-MC BCP Server : Received "status_request"
2019-11-13 18:41:07,707 : MPF-MC BCP Server : Received "status_request"
2019-11-13 18:41:08,707 : MPF-MC BCP Server : Received "status_request"
2019-11-13 18:41:09,703 : MPF-MC BCP Server : Received "status_request"
2019-11-13 18:41:10,704 : MPF-MC BCP Server : Received "status_request"
2019-11-13 18:41:11,701 : MPF-MC BCP Server : Received "status_request"
2019-11-13 18:41:12,706 : MPF-MC BCP Server : Received "status_request"
2019-11-13 18:41:13,693 : MPF-MC BCP Server : Received "status_request"
2019-11-13 18:41:14,696 : MPF-MC BCP Server : Received "status_request"
2019-11-13 18:41:15,700 : MPF-MC BCP Server : Received "status_request"
2019-11-13 18:41:16,702 : MPF-MC BCP Server : Received "status_request"
2019-11-13 18:41:17,698 : MPF-MC BCP Server : Received "status_request"
2019-11-13 18:41:18,694 : MPF-MC BCP Server : Received "status_request"
2019-11-13 18:41:19,696 : MPF-MC BCP Server : Received "status_request"
2019-11-13 18:41:20,701 : MPF-MC BCP Server : Received "status_request"
2019-11-13 18:41:21,702 : MPF-MC BCP Server : Received "status_request"
2019-11-13 18:41:22,705 : MPF-MC BCP Server : Received "status_request"
2019-11-13 18:41:23,693 : MPF-MC BCP Server : Received "status_request"
2019-11-13 18:41:24,697 : MPF-MC BCP Server : Received "status_request"
2019-11-13 18:41:25,696 : MPF-MC BCP Server : Received "status_request"
2019-11-13 18:41:26,694 : MPF-MC BCP Server : Received "status_request"
2019-11-13 18:41:27,698 : MPF-MC BCP Server : Received "status_request"
2019-11-13 18:41:28,693 : MPF-MC BCP Server : Received "status_request"
2019-11-13 18:41:29,705 : MPF-MC BCP Server : Received "status_request"
2019-11-13 18:41:30,700 : MPF-MC BCP Server : Received "status_request"
2019-11-13 18:41:31,698 : MPF-MC BCP Server : Received "status_request"
2019-11-13 18:41:32,701 : MPF-MC BCP Server : Received "status_request"
2019-11-13 18:41:33,704 : MPF-MC BCP Server : Received "status_request"
2019-11-13 18:41:34,691 : MPF-MC BCP Server : Received "status_request"
2019-11-13 18:41:35,691 : MPF-MC BCP Server : Received "status_request"
2019-11-13 18:41:36,696 : MPF-MC BCP Server : Received "status_request"
2019-11-13 18:41:37,696 : MPF-MC BCP Server : Received "status_request"
2019-11-13 18:41:38,696 : MPF-MC BCP Server : Received "status_request"
2019-11-13 18:41:39,700 : MPF-MC BCP Server : Received "status_request"
2019-11-13 18:41:40,696 : MPF-MC BCP Server : Received "status_request"
2019-11-13 18:41:41,695 : MPF-MC BCP Server : Received "status_request"
2019-11-13 18:41:42,692 : MPF-MC BCP Server : Received "status_request"
2019-11-13 18:41:43,704 : MPF-MC BCP Server : Received "status_request"
2019-11-13 18:41:44,693 : MPF-MC BCP Server : Received "status_request"
2019-11-13 18:41:45,704 : MPF-MC BCP Server : Received "status_request"
2019-11-13 18:41:46,705 : MPF-MC BCP Server : Received "status_request"
2019-11-13 18:41:47,693 : MPF-MC BCP Server : Received "status_request"
2019-11-13 18:41:48,700 : MPF-MC BCP Server : Received "status_request"
2019-11-13 18:41:49,693 : MPF-MC BCP Server : Received "status_request"
2019-11-13 18:41:50,696 : MPF-MC BCP Server : Received "status_request"
2019-11-13 18:41:51,698 : MPF-MC BCP Server : Received "status_request"
2019-11-13 18:41:52,694 : MPF-MC BCP Server : Received "status_request"
2019-11-13 18:41:53,703 : MPF-MC BCP Server : Received "status_request"
2019-11-13 18:41:54,702 : MPF-MC BCP Server : Received "status_request"
2019-11-13 18:41:55,695 : MPF-MC BCP Server : Received "status_request"
2019-11-13 18:41:56,707 : MPF-MC BCP Server : Received "status_request"
2019-11-13 18:41:57,705 : MPF-MC BCP Server : Received "status_request"
2019-11-13 18:41:58,699 : MPF-MC BCP Server : Received "status_request"
2019-11-13 18:41:59,693 : MPF-MC BCP Server : Received "status_request"
2019-11-13 18:42:00,692 : MPF-MC BCP Server : Received "status_request"
2019-11-13 18:42:01,703 : MPF-MC BCP Server : Received "status_request"
2019-11-13 18:42:02,705 : MPF-MC BCP Server : Received "status_request"
2019-11-13 18:42:03,699 : MPF-MC BCP Server : Received "status_request"
2019-11-13 18:42:04,700 : MPF-MC BCP Server : Received "status_request"
2019-11-13 18:42:05,696 : MPF-MC BCP Server : Received "status_request"
2019-11-13 18:42:06,695 : MPF-MC BCP Server : Received "status_request"
2019-11-13 18:42:07,703 : MPF-MC BCP Server : Received "status_request"
2019-11-13 18:42:08,699 : MPF-MC BCP Server : Received "status_request"
2019-11-13 18:42:09,694 : MPF-MC BCP Server : Received "status_request"
2019-11-13 18:42:10,698 : MPF-MC BCP Server : Received "status_request"
2019-11-13 18:42:11,700 : MPF-MC BCP Server : Received "status_request"
2019-11-13 18:42:12,691 : MPF-MC BCP Server : Received "status_request"
2019-11-13 18:42:13,703 : MPF-MC BCP Server : Received "status_request"
2019-11-13 18:42:14,704 : MPF-MC BCP Server : Received "status_request"
2019-11-13 18:42:15,700 : MPF-MC BCP Server : Received "status_request"
2019-11-13 18:42:16,695 : MPF-MC BCP Server : Received "status_request"
2019-11-13 18:42:17,695 : MPF-MC BCP Server : Received "status_request"
2019-11-13 18:42:18,707 : MPF-MC BCP Server : Received "status_request"
2019-11-13 18:42:19,703 : MPF-MC BCP Server : Received "status_request"
2019-11-13 18:42:20,703 : MPF-MC BCP Server : Received "status_request"
2019-11-13 18:42:21,694 : MPF-MC BCP Server : Received "status_request"
2019-11-13 18:42:22,698 : MPF-MC BCP Server : Received "status_request"
2019-11-13 18:42:23,693 : MPF-MC BCP Server : Received "status_request"
2019-11-13 18:42:24,696 : MPF-MC BCP Server : Received "status_request"
2019-11-13 18:42:25,694 : MPF-MC BCP Server : Received "status_request"
2019-11-13 18:42:26,697 : MPF-MC BCP Server : Received "status_request"
2019-11-13 18:42:27,699 : MPF-MC BCP Server : Received "status_request"
2019-11-13 18:42:28,698 : MPF-MC BCP Server : Received "status_request"
2019-11-13 18:42:29,696 : MPF-MC BCP Server : Received "status_request"
2019-11-13 18:42:30,703 : MPF-MC BCP Server : Received "status_request"
2019-11-13 18:42:31,694 : MPF-MC BCP Server : Received "status_request"
2019-11-13 18:42:32,701 : MPF-MC BCP Server : Received "status_request"
2019-11-13 18:42:33,700 : MPF-MC BCP Server : Received "status_request"
2019-11-13 18:42:34,703 : MPF-MC BCP Server : Received "status_request"
2019-11-13 18:42:35,699 : MPF-MC BCP Server : Received "status_request"
2019-11-13 18:42:36,706 : MPF-MC BCP Server : Received "status_request"
2019-11-13 18:42:37,705 : MPF-MC BCP Server : Received "status_request"
2019-11-13 18:42:38,693 : MPF-MC BCP Server : Received "status_request"
2019-11-13 18:42:39,705 : MPF-MC BCP Server : Received "status_request"
2019-11-13 18:42:40,691 : MPF-MC BCP Server : Received "status_request"
2019-11-13 18:42:41,699 : MPF-MC BCP Server : Received "status_request"
2019-11-13 18:42:42,700 : MPF-MC BCP Server : Received "status_request"
2019-11-13 18:42:43,703 : MPF-MC BCP Server : Received "status_request"
2019-11-13 18:42:44,706 : MPF-MC BCP Server : Received "status_request"
2019-11-13 18:42:45,692 : MPF-MC BCP Server : Received "status_request"
2019-11-13 18:42:46,690 : MPF-MC BCP Server : Received "status_request"
2019-11-13 18:42:47,692 : MPF-MC BCP Server : Received "status_request"
2019-11-13 18:42:48,700 : MPF-MC BCP Server : Received "status_request"
2019-11-13 18:42:49,704 : MPF-MC BCP Server : Received "status_request"
2019-11-13 18:42:50,699 : MPF-MC BCP Server : Received "status_request"
2019-11-13 18:42:51,692 : MPF-MC BCP Server : Received "status_request"
2019-11-13 18:42:52,703 : MPF-MC BCP Server : Received "status_request"
2019-11-13 18:42:53,700 : MPF-MC BCP Server : Received "status_request"
2019-11-13 18:42:54,701 : MPF-MC BCP Server : Received "status_request"
2019-11-13 18:42:55,695 : MPF-MC BCP Server : Received "status_request"
2019-11-13 18:42:56,696 : MPF-MC BCP Server : Received "status_request"
2019-11-13 18:42:57,698 : MPF-MC BCP Server : Received "status_request"
2019-11-13 18:42:58,692 : MPF-MC BCP Server : Received "status_request"
2019-11-13 18:42:59,703 : MPF-MC BCP Server : Received "status_request"
2019-11-13 18:43:00,698 : MPF-MC BCP Server : Received "status_request"
2019-11-13 18:43:01,694 : MPF-MC BCP Server : Received "status_request"
2019-11-13 18:43:02,700 : MPF-MC BCP Server : Received "status_request"
2019-11-13 18:43:03,693 : MPF-MC BCP Server : Received "status_request"
2019-11-13 18:43:04,693 : MPF-MC BCP Server : Received "status_request"
2019-11-13 18:43:05,701 : MPF-MC BCP Server : Received "status_request"
2019-11-13 18:43:06,705 : MPF-MC BCP Server : Received "status_request"
2019-11-13 18:43:07,694 : MPF-MC BCP Server : Received "status_request"
2019-11-13 18:43:08,704 : MPF-MC BCP Server : Received "status_request"
2019-11-13 18:43:09,699 : MPF-MC BCP Server : Received "status_request"
2019-11-13 18:43:10,696 : MPF-MC BCP Server : Received "status_request"
2019-11-13 18:43:11,693 : MPF-MC BCP Server : Received "status_request"
2019-11-13 18:43:12,691 : MPF-MC BCP Server : Received "status_request"
2019-11-13 18:43:13,702 : MPF-MC BCP Server : Received "status_request"
2019-11-13 18:43:14,695 : MPF-MC BCP Server : Received "status_request"
2019-11-13 18:43:15,705 : MPF-MC BCP Server : Received "status_request"
2019-11-13 18:43:16,695 : MPF-MC BCP Server : Received "status_request"
2019-11-13 18:43:17,699 : MPF-MC BCP Server : Received "status_request"
2019-11-13 18:43:18,703 : MPF-MC BCP Server : Received "status_request"
2019-11-13 18:43:19,694 : MPF-MC BCP Server : Received "status_request"
2019-11-13 18:43:20,691 : MPF-MC BCP Server : Received "status_request"
2019-11-13 18:43:21,696 : MPF-MC BCP Server : Received "status_request"
2019-11-13 18:43:22,691 : MPF-MC BCP Server : Received "status_request"
2019-11-13 18:43:23,696 : MPF-MC BCP Server : Received "status_request"
2019-11-13 18:43:24,704 : MPF-MC BCP Server : Received "status_request"
2019-11-13 18:43:25,701 : MPF-MC BCP Server : Received "status_request"
2019-11-13 18:43:26,704 : MPF-MC BCP Server : Received "status_request"
2019-11-13 18:43:27,692 : MPF-MC BCP Server : Received "status_request"
2019-11-13 18:43:28,697 : MPF-MC BCP Server : Received "status_request"
2019-11-13 18:43:29,703 : MPF-MC BCP Server : Received "status_request"
2019-11-13 18:43:30,690 : MPF-MC BCP Server : Received "status_request"
2019-11-13 18:43:31,703 : MPF-MC BCP Server : Received "status_request"
2019-11-13 18:43:32,693 : MPF-MC BCP Server : Received "status_request"
2019-11-13 18:43:33,704 : MPF-MC BCP Server : Received "status_request"
2019-11-13 18:43:34,692 : MPF-MC BCP Server : Received "status_request"
2019-11-13 18:43:35,705 : MPF-MC BCP Server : Received "status_request"
2019-11-13 18:43:36,704 : MPF-MC BCP Server : Received "status_request"
2019-11-13 18:43:37,703 : MPF-MC BCP Server : Received "status_request"
2019-11-13 18:43:38,703 : MPF-MC BCP Server : Received "status_request"
2019-11-13 18:43:39,705 : MPF-MC BCP Server : Received "status_request"
2019-11-13 18:43:40,691 : MPF-MC BCP Server : Received "status_request"
2019-11-13 18:43:41,692 : MPF-MC BCP Server : Received "status_request"
2019-11-13 18:43:42,704 : MPF-MC BCP Server : Received "status_request"
2019-11-13 18:43:43,693 : MPF-MC BCP Server : Received "status_request"
2019-11-13 18:43:44,697 : MPF-MC BCP Server : Received "status_request"
2019-11-13 18:43:45,703 : MPF-MC BCP Server : Received "status_request"
2019-11-13 18:43:46,701 : MPF-MC BCP Server : Received "status_request"
2019-11-13 18:43:47,703 : MPF-MC BCP Server : Received "status_request"
2019-11-13 18:43:48,699 : MPF-MC BCP Server : Received "status_request"
2019-11-13 18:43:49,700 : MPF-MC BCP Server : Received "status_request"
2019-11-13 18:43:50,707 : MPF-MC BCP Server : Received "status_request"
2019-11-13 18:43:51,691 : MPF-MC BCP Server : Received "status_request"
2019-11-13 18:43:52,697 : MPF-MC BCP Server : Received "status_request"
2019-11-13 18:43:53,691 : MPF-MC BCP Server : Received "status_request"
2019-11-13 18:43:54,698 : MPF-MC BCP Server : Received "status_request"
2019-11-13 18:43:55,703 : MPF-MC BCP Server : Received "status_request"
2019-11-13 18:43:56,705 : MPF-MC BCP Server : Received "status_request"
2019-11-13 18:43:57,703 : MPF-MC BCP Server : Received "status_request"
2019-11-13 18:43:58,691 : MPF-MC BCP Server : Received "status_request"
2019-11-13 18:43:59,694 : MPF-MC BCP Server : Received "status_request"
2019-11-13 18:44:00,705 : MPF-MC BCP Server : Received "status_request"
2019-11-13 18:44:01,695 : MPF-MC BCP Server : Received "status_request"
2019-11-13 18:44:02,706 : MPF-MC BCP Server : Received "status_request"
2019-11-13 18:44:03,692 : MPF-MC BCP Server : Received "status_request"
2019-11-13 18:44:04,706 : MPF-MC BCP Server : Received "status_request"
2019-11-13 18:44:05,693 : MPF-MC BCP Server : Received "status_request"
2019-11-13 18:44:06,696 : MPF-MC BCP Server : Received "status_request"
2019-11-13 18:44:07,691 : MPF-MC BCP Server : Received "status_request"
2019-11-13 18:44:08,703 : MPF-MC BCP Server : Received "status_request"
2019-11-13 18:44:09,699 : MPF-MC BCP Server : Received "status_request"
2019-11-13 18:44:10,700 : MPF-MC BCP Server : Received "status_request"
2019-11-13 18:44:11,694 : MPF-MC BCP Server : Received "status_request"
2019-11-13 18:44:12,697 : MPF-MC BCP Server : Received "status_request"
2019-11-13 18:44:13,706 : MPF-MC BCP Server : Received "status_request"
2019-11-13 18:44:14,701 : MPF-MC BCP Server : Received "status_request"
2019-11-13 18:44:15,703 : MPF-MC BCP Server : Received "status_request"
2019-11-13 18:44:16,705 : MPF-MC BCP Server : Received "status_request"
2019-11-13 18:44:17,696 : MPF-MC BCP Server : Received "status_request"
2019-11-13 18:44:18,694 : MPF-MC BCP Server : Received "status_request"
2019-11-13 18:44:19,691 : MPF-MC BCP Server : Received "status_request"
2019-11-13 18:44:20,696 : MPF-MC BCP Server : Received "status_request"
2019-11-13 18:44:21,706 : MPF-MC BCP Server : Received "status_request"
2019-11-13 18:44:22,699 : MPF-MC BCP Server : Received "status_request"
2019-11-13 18:44:23,693 : MPF-MC BCP Server : Received "status_request"
2019-11-13 18:44:24,700 : MPF-MC BCP Server : Received "status_request"
2019-11-13 18:44:25,705 : MPF-MC BCP Server : Received "status_request"
2019-11-13 18:44:26,702 : MPF-MC BCP Server : Received "status_request"
2019-11-13 18:44:27,697 : MPF-MC BCP Server : Received "status_request"
2019-11-13 18:44:28,693 : MPF-MC BCP Server : Received "status_request"
2019-11-13 18:44:29,694 : MPF-MC BCP Server : Received "status_request"
2019-11-13 18:44:30,699 : MPF-MC BCP Server : Received "status_request"
2019-11-13 18:44:31,701 : MPF-MC BCP Server : Received "status_request"
2019-11-13 18:44:32,700 : MPF-MC BCP Server : Received "status_request"
2019-11-13 18:44:33,700 : MPF-MC BCP Server : Received "status_request"
2019-11-13 18:44:34,704 : MPF-MC BCP Server : Received "status_request"
2019-11-13 18:44:35,698 : MPF-MC BCP Server : Received "status_request"
2019-11-13 18:44:36,061 : kivy : WindowSDL: exiting mainloop and closing.
2019-11-13 18:44:36,167 : kivy : Base: Leaving application in progress...
2019-11-13 18:44:36,168 : mpfmc : Stopping...
2019-11-13 18:44:36,168 : EventManager : Event: ======'shutdown'====== Args={}
2019-11-13 18:44:36,168 : AudioInterface : Disabling audio playback
2019-11-13 18:44:36,168 : Track.0.TrackStandard.default : Stopping all sounds and removing any pending sounds from queue
2019-11-13 18:44:36,168 : mpfmc : Loop rate 80.99 Hz
2019-11-13 18:44:36,168 : kivy : MC run loop ended.
2019-11-13 18:44:36,168 : kivy : Stopping child threads... (3 remaining)
2019-11-13 18:44:36,695 : MPF-MC BCP Server : Received "status_request"
2019-11-13 18:44:36,696 : mpfmc : Stopping...
2019-11-13 18:44:36,696 : EventManager : Event: ======'shutdown'====== Args={}
2019-11-13 18:44:36,696 : mpfmc : Loop rate 80.9 Hz
2019-11-13 18:44:36,703 : MPF-MC BCP Server : Stopping BCP sending thread
2019-11-13 18:44:37,071 : kivy : All child threads stopped.
