2019-11-13 16:09:48,269 : kivy : Factory: 184 symbols loaded
2019-11-13 16:09:48,573 : kivy : Image: Providers: img_tex, img_dds, img_sdl2, img_pil, img_gif (img_ffpyplayer ignored)
2019-11-13 16:09:48,845 : kivy : VideoGstplayer: Using Gstreamer 1.16.0.0
2019-11-13 16:09:48,845 : kivy : Video: Provider: gstplayer
2019-11-13 16:09:49,032 : kivy : Loading MPF-MC controller
2019-11-13 16:09:49,033 : mpfmc : Mission Pinball Framework Media Controller v0.53.0-dev.15
2019-11-13 16:09:49,034 : mpfmc : Mission Pinball Framework Game Engine v0.53.0-dev.67
2019-11-13 16:09:49,036 : mpfmc : Machine path: D:\mpf\wows\wows
2019-11-13 16:09:49,037 : ConfigProcessor : Cache file not found: C:\Users\schol\AppData\Local\Temp\31418c17c7947b0b26bf3ae2a4803514.mpf_cache
2019-11-13 16:09:49,038 : ConfigProcessor : Loading config from file c:\users\schol\appdata\local\programs\python\python36\lib\site-packages\mpfmc\mcconfig.yaml.
2019-11-13 16:09:49,089 : ConfigProcessor : Loading config: c:\users\schol\appdata\local\programs\python\python36\lib\site-packages\mpfmc\mcconfig.yaml
2019-11-13 16:09:49,096 : ConfigProcessor : Loading config from file D:\mpf\wows\wows\config\config.
2019-11-13 16:09:49,103 : ConfigProcessor : Loading config: D:\mpf\wows\wows\config\config
2019-11-13 16:09:49,104 : ConfigProcessor : Config file cache created: C:\Users\schol\AppData\Local\Temp\31418c17c7947b0b26bf3ae2a4803514.mpf_cache
2019-11-13 16:09:49,105 : mpfmc : Starting clock at 60.0Hz
2019-11-13 16:09:49,209 : kivy : Text: Provider: sdl2
2019-11-13 16:09:49,299 : kivy : Window: Provider: sdl2
2019-11-13 16:09:49,705 : kivy : GL: Using the "OpenGL" graphics system
2019-11-13 16:09:49,715 : kivy : GL: GLEW initialization succeeded
2019-11-13 16:09:49,716 : kivy : GL: Backend used <glew>
2019-11-13 16:09:49,718 : kivy : GL: OpenGL version <b'4.6.0 NVIDIA 388.13'>
2019-11-13 16:09:49,718 : kivy : GL: OpenGL vendor <b'NVIDIA Corporation'>
2019-11-13 16:09:49,719 : kivy : GL: OpenGL renderer <b'GeForce GTX 1060 6GB/PCIe/SSE2'>
2019-11-13 16:09:49,719 : kivy : GL: OpenGL parsed version: 4, 6
2019-11-13 16:09:49,720 : kivy : GL: Shading version <b'4.60 NVIDIA'>
2019-11-13 16:09:49,720 : kivy : GL: Texture max size <32768>
2019-11-13 16:09:49,721 : kivy : GL: Texture max units <32>
2019-11-13 16:09:49,767 : kivy : Window: auto add sdl2 input provider
2019-11-13 16:09:49,768 : kivy : Window: virtual keyboard not allowed, single mode, not docked
2019-11-13 16:09:49,781 : SoundSystem : SoundSystem: Using default 'sound_system' settings
2019-11-13 16:09:51,632 : AudioInterface : Initialized
2019-11-13 16:09:51,633 : SoundSystem : No audio tracks are specified in your machine config file. a track named 'default' has been created.
2019-11-13 16:09:51,635 : kivy : Base: Start application main loop
2019-11-13 16:09:51,636 : EventManager : Event: ======'display_default_initialized'====== Args={}
2019-11-13 16:09:51,671 : mpfmc : Display: Setting 'default' as default display
2019-11-13 16:09:51,681 : EventManager : Event: ======'displays_initialized'====== Args={}
2019-11-13 16:09:51,682 : EventManager : Event: ======'slide_default_blank_created'====== Args={}
2019-11-13 16:09:51,682 : EventManager : Event: ======'display_default_ready'====== Args={}
2019-11-13 16:09:51,696 : EventManager : Event: ======'init_phase_1'====== Args={}
2019-11-13 16:09:51,698 : EventManager : Event: ======'mc_ready'====== Args={}
2019-11-13 16:09:51,699 : EventManager : Event: ======'init_phase_2'====== Args={}
2019-11-13 16:09:51,700 : ConfigProcessor : Loading config from cache: C:\Users\schol\AppData\Local\Temp\5c4497fcd69d1d656c4b69a28e44c490.mpf_cache
2019-11-13 16:09:51,700 : ConfigProcessor : Loading config from cache: C:\Users\schol\AppData\Local\Temp\d5fd805c5432c1441bf01a6268536a3d.mpf_cache
2019-11-13 16:09:51,701 : EventManager : Event: ======'init_phase_3'====== Args={}
2019-11-13 16:09:51,701 : EventManager : Event: ======'init_phase_4'====== Args={}
2019-11-13 16:09:51,701 : EventManager : Event: ======'init_phase_5'====== Args={}
2019-11-13 16:09:51,702 : EventManager : Event: ======'init_done'====== Args={}
2019-11-13 16:09:51,702 : MPF-MC BCP Server : Starting up on localhost port 5050
2019-11-13 16:09:51,705 : MPF-MC BCP Server : Waiting for a connection...
2019-11-13 16:09:51,740 : EventManager : Event: ======'client_disconnected'====== Args={'host': '127.0.0.1', 'port': 5050}
2019-11-13 16:09:59,298 : kivy : WindowSDL: exiting mainloop and closing.
2019-11-13 16:09:59,377 : kivy : Base: Leaving application in progress...
2019-11-13 16:09:59,378 : mpfmc : Stopping...
2019-11-13 16:09:59,382 : EventManager : Event: ======'shutdown'====== Args={}
2019-11-13 16:09:59,382 : mpfmc : Loop rate 79.9 Hz
2019-11-13 16:09:59,383 : kivy : MC run loop ended.
2019-11-13 16:09:59,383 : kivy : Stopping child threads... (3 remaining)
2019-11-13 16:09:59,710 : MPF-MC BCP Server : Stopping BCP sending thread
2019-11-13 16:09:59,713 : MPF-MC BCP Server : Stopping BCP listener thread
2019-11-13 16:09:59,784 : kivy : All child threads stopped.
