2019-12-13 16:19:00,178 : kivy : Factory: 184 symbols loaded
2019-12-13 16:19:00,291 : kivy : Image: Providers: img_tex, img_dds, img_sdl2, img_pil, img_gif (img_ffpyplayer ignored)
2019-12-13 16:19:00,336 : kivy : VideoGstplayer: Using Gstreamer 1.16.0.0
2019-12-13 16:19:00,336 : kivy : Video: Provider: gstplayer
2019-12-13 16:19:00,396 : kivy : Loading MPF-MC controller
2019-12-13 16:19:00,397 : mpfmc : Mission Pinball Framework Media Controller v0.53.0-dev.15
2019-12-13 16:19:00,397 : mpfmc : Mission Pinball Framework Game Engine v0.53.0-dev.68
2019-12-13 16:19:00,397 : mpfmc : Machine path: D:\mpf\wows\wows
2019-12-13 16:19:00,398 : ConfigProcessor : Config file in cache changed: D:\mpf\wows\wows\config\config
2019-12-13 16:19:00,398 : ConfigProcessor : Loading config from file c:\users\schol\appdata\local\programs\python\python36\lib\site-packages\mpfmc\mcconfig.yaml.
2019-12-13 16:19:00,443 : ConfigProcessor : Loading config: c:\users\schol\appdata\local\programs\python\python36\lib\site-packages\mpfmc\mcconfig.yaml
2019-12-13 16:19:00,450 : ConfigProcessor : Loading config from file D:\mpf\wows\wows\config\config.
2019-12-13 16:19:00,535 : ConfigProcessor : Loading config: D:\mpf\wows\wows\config\config
2019-12-13 16:19:00,537 : ConfigProcessor : Config file cache created: C:\Users\schol\AppData\Local\Temp\31418c17c7947b0b26bf3ae2a4803514.mpf_cache
2019-12-13 16:19:00,538 : mpfmc : Starting clock at 60.0Hz
2019-12-13 16:19:00,550 : kivy : Text: Provider: sdl2
2019-12-13 16:19:00,588 : kivy : Window: Provider: sdl2
2019-12-13 16:19:00,950 : kivy : GL: Using the "OpenGL" graphics system
2019-12-13 16:19:00,955 : kivy : GL: GLEW initialization succeeded
2019-12-13 16:19:00,955 : kivy : GL: Backend used <glew>
2019-12-13 16:19:00,955 : kivy : GL: OpenGL version <b'4.6.0 NVIDIA 432.00'>
2019-12-13 16:19:00,955 : kivy : GL: OpenGL vendor <b'NVIDIA Corporation'>
2019-12-13 16:19:00,955 : kivy : GL: OpenGL renderer <b'GeForce GTX 1060 6GB/PCIe/SSE2'>
2019-12-13 16:19:00,955 : kivy : GL: OpenGL parsed version: 4, 6
2019-12-13 16:19:00,956 : kivy : GL: Shading version <b'4.60 NVIDIA'>
2019-12-13 16:19:00,956 : kivy : GL: Texture max size <32768>
2019-12-13 16:19:00,956 : kivy : GL: Texture max units <32>
2019-12-13 16:19:00,975 : kivy : Window: auto add sdl2 input provider
2019-12-13 16:19:00,975 : kivy : Window: virtual keyboard not allowed, single mode, not docked
2019-12-13 16:19:00,982 : SoundSystem : SoundSystem: Using default 'sound_system' settings
2019-12-13 16:19:01,141 : AudioInterface : Initialized
2019-12-13 16:19:01,141 : SoundSystem : No audio tracks are specified in your machine config file. a track named 'default' has been created.
2019-12-13 16:19:01,143 : kivy : Base: Start application main loop
2019-12-13 16:19:01,143 : EventManager : Event: ======'display_window_initialized'====== Args={}
2019-12-13 16:19:01,143 : EventManager : Event: ======'display_dmd_initialized'====== Args={}
2019-12-13 16:19:01,176 : mpfmc : Display: Setting 'dmd' as default display
2019-12-13 16:19:01,180 : EventManager : Event: ======'displays_initialized'====== Args={}
2019-12-13 16:19:01,182 : EventManager : Event: ======'slide_window_blank_created'====== Args={}
2019-12-13 16:19:01,182 : EventManager : Event: ======'display_window_ready'====== Args={}
2019-12-13 16:19:01,182 : EventManager : Event: ======'slide_dmd_blank_created'====== Args={}
2019-12-13 16:19:01,182 : EventManager : Event: ======'display_dmd_ready'====== Args={}
2019-12-13 16:19:01,190 : EventManager : Event: ======'init_phase_1'====== Args={}
2019-12-13 16:19:01,193 : EventManager : Event: ======'mc_ready'====== Args={}
2019-12-13 16:19:01,193 : EventManager : Event: ======'init_phase_2'====== Args={}
2019-12-13 16:19:01,194 : ConfigProcessor : Loading config from cache: C:\Users\schol\AppData\Local\Temp\e8c0a02b20549d458f541dd443ff3ce4.mpf_cache
2019-12-13 16:19:01,198 : ConfigProcessor : Loading config from cache: C:\Users\schol\AppData\Local\Temp\5c4497fcd69d1d656c4b69a28e44c490.mpf_cache
2019-12-13 16:19:01,198 : ConfigProcessor : Loading config from cache: C:\Users\schol\AppData\Local\Temp\d5fd805c5432c1441bf01a6268536a3d.mpf_cache
2019-12-13 16:19:01,199 : EventManager : Event: ======'init_phase_3'====== Args={}
2019-12-13 16:19:01,199 : AssetManager : Registering Asset: C_Prog100, File: C_Prog100.jpg, Default Group: default, Final Config: {'load': 'preload', 'file': 'D:\\mpf\\wows\\wows\\images\\C_Prog100.jpg'}
2019-12-13 16:19:01,199 : AssetManager : Registering Asset: mode_3_shot_made, File: mode_3_shot_made.gif, Default Group: default, Final Config: {'load': 'preload', 'file': 'D:\\mpf\\wows\\wows\\modes\\mode_7\\images\\mode_3_shot_made.gif'}
2019-12-13 16:19:01,200 : EventManager : Event: ======'init_phase_4'====== Args={}
2019-12-13 16:19:01,200 : EventManager : Event: ======'init_phase_5'====== Args={}
2019-12-13 16:19:01,264 : EventManager : Event: ======'loading_assets'====== Args={'total': 2, 'loaded': 1, 'remaining': 1, 'percent': 50}
2019-12-13 16:19:01,264 : AssetManager : Loading assets: 1/2 (50%)
2019-12-13 16:19:01,264 : EventManager : Event: ======'loading_assets'====== Args={'total': 2, 'loaded': 2, 'remaining': 0, 'percent': 100}
2019-12-13 16:19:01,264 : AssetManager : Asset loading took: 0.12299132347106934
2019-12-13 16:19:01,264 : EventManager : Event: ======'asset_loading_complete'====== Args={}
2019-12-13 16:19:01,264 : AssetManager : Loading assets: 2/2 (100%)
2019-12-13 16:19:01,264 : EventManager : Event: ======'init_done'====== Args={}
2019-12-13 16:19:01,264 : MPF-MC BCP Server : Starting up on localhost port 5050
2019-12-13 16:19:01,267 : MPF-MC BCP Server : Waiting for a connection...
2019-12-13 16:19:01,267 : mpfmc : SlidePlayer: Play called with settings={'slides': {welcome_slide-None-None: {'target': 'window', 'priority': None, 'background_color': [0.0, 0.0, 0.0, 1.0], 'show': True, 'force': False, 'expire': None, 'slide': None, 'tokens': {}, 'action': 'play', 'transition': None, 'transition_out': None}}}
2019-12-13 16:19:01,270 : kivy : GL: NPOT texture support is available
2019-12-13 16:19:01,281 : EventManager : Event: ======'slide_welcome_slide_created'====== Args={}
2019-12-13 16:19:01,292 : EventManager : Event: ======'slide_welcome_slide_active'====== Args={}
2019-12-13 16:19:01,333 : EventManager : Event: ======'client_disconnected'====== Args={'host': '127.0.0.1', 'port': 5050}
2019-12-13 16:19:02,311 : MPF-MC BCP Server : Received connection from: 127.0.0.1:51303
2019-12-13 16:19:02,320 : EventManager : Event: ======'client_connected'====== Args={'host': '127.0.0.1', 'port': 51303}
2019-12-13 16:19:02,336 : EventManager : Event: ======'machine_var_credits_string'====== Args={'value': 'FREE PLAY', 'prev_value': None, 'change': True}
2019-12-13 16:19:02,337 : EventManager : Event: ======'machine_var_player1_score'====== Args={'value': 0, 'prev_value': None, 'change': True}
2019-12-13 16:19:02,337 : EventManager : Event: ======'machine_var_mpf_version'====== Args={'value': 'MPF v0.53.0-dev.68', 'prev_value': None, 'change': True}
2019-12-13 16:19:02,337 : EventManager : Event: ======'machine_var_mpf_extended_version'====== Args={'value': 'MPF v0.53.0-dev.68, Config version:5, Show version: 5, BCP version:1.1', 'prev_value': None, 'change': True}
2019-12-13 16:19:02,337 : EventManager : Event: ======'machine_var_python_version'====== Args={'value': '3.6.4', 'prev_value': None, 'change': True}
2019-12-13 16:19:02,337 : EventManager : Event: ======'machine_var_platform'====== Args={'value': 'Windows-10-10.0.18362-SP0', 'prev_value': None, 'change': True}
2019-12-13 16:19:02,337 : EventManager : Event: ======'machine_var_platform_system'====== Args={'value': 'Windows', 'prev_value': None, 'change': True}
2019-12-13 16:19:02,337 : EventManager : Event: ======'machine_var_platform_release'====== Args={'value': '10', 'prev_value': None, 'change': True}
2019-12-13 16:19:02,337 : EventManager : Event: ======'machine_var_platform_version'====== Args={'value': '10.0.18362', 'prev_value': None, 'change': True}
2019-12-13 16:19:02,337 : EventManager : Event: ======'machine_var_platform_machine'====== Args={'value': 'AMD64', 'prev_value': None, 'change': True}
2019-12-13 16:19:02,337 : EventManager : Event: ======'machine_var_mc_version'====== Args={'value': 'MPF-MC v0.53.0-dev.15', 'prev_value': None, 'change': True}
2019-12-13 16:19:02,337 : EventManager : Event: ======'machine_var_mc_extended_version'====== Args={'value': 'MPF-MC v0.53.0-dev.15 (config_version=5, BCP v1.1, Requires MPF v0.53.0-dev.51)', 'prev_value': None, 'change': True}
2019-12-13 16:19:02,337 : EventManager : Event: ======'machine_var_master_volume'====== Args={'value': 0.5, 'prev_value': None, 'change': True}
2019-12-13 16:19:02,387 : EventManager : Event: ======'machine_var_audits_events_game_ended'====== Args={'value': 1, 'prev_value': None, 'change': True}
2019-12-13 16:19:02,387 : EventManager : Event: ======'machine_var_audits_events_game_started'====== Args={'value': 96, 'prev_value': None, 'change': True}
2019-12-13 16:19:02,387 : EventManager : Event: ======'machine_var_audits_player_score'====== Args={'value': {'average': 0.0, 'top': [0], 'total': 1}, 'prev_value': None, 'change': True}
2019-12-13 16:19:02,387 : EventManager : Event: ======'machine_var_audits_switches_s_bumper_1'====== Args={'value': 0, 'prev_value': None, 'change': True}
2019-12-13 16:19:02,387 : EventManager : Event: ======'machine_var_audits_switches_s_bumper_2'====== Args={'value': 0, 'prev_value': None, 'change': True}
2019-12-13 16:19:02,387 : EventManager : Event: ======'machine_var_audits_switches_s_bumper_3'====== Args={'value': 0, 'prev_value': None, 'change': True}
2019-12-13 16:19:02,387 : EventManager : Event: ======'machine_var_audits_switches_s_center_ramp'====== Args={'value': 0, 'prev_value': None, 'change': True}
2019-12-13 16:19:02,387 : EventManager : Event: ======'machine_var_audits_switches_s_citadel'====== Args={'value': 0, 'prev_value': None, 'change': True}
2019-12-13 16:19:02,387 : EventManager : Event: ======'machine_var_audits_switches_s_citadel_lock'====== Args={'value': 0, 'prev_value': None, 'change': True}
2019-12-13 16:19:02,387 : EventManager : Event: ======'machine_var_audits_switches_s_detonation'====== Args={'value': 0, 'prev_value': None, 'change': True}
2019-12-13 16:19:02,387 : EventManager : Event: ======'machine_var_audits_switches_s_dmg_1'====== Args={'value': 362, 'prev_value': None, 'change': True}
2019-12-13 16:19:02,388 : EventManager : Event: ======'machine_var_audits_switches_s_dmg_2'====== Args={'value': 3, 'prev_value': None, 'change': True}
2019-12-13 16:19:02,388 : EventManager : Event: ======'machine_var_audits_switches_s_dmg_3'====== Args={'value': 3, 'prev_value': None, 'change': True}
2019-12-13 16:19:02,388 : EventManager : Event: ======'machine_var_audits_switches_s_dmg_4'====== Args={'value': 1, 'prev_value': None, 'change': True}
2019-12-13 16:19:02,388 : EventManager : Event: ======'machine_var_audits_switches_s_dmg_5'====== Args={'value': 1, 'prev_value': None, 'change': True}
2019-12-13 16:19:02,388 : EventManager : Event: ======'machine_var_audits_switches_s_dmg_6'====== Args={'value': 1, 'prev_value': None, 'change': True}
2019-12-13 16:19:02,388 : EventManager : Event: ======'machine_var_audits_switches_s_dmg_7'====== Args={'value': 1, 'prev_value': None, 'change': True}
2019-12-13 16:19:02,388 : EventManager : Event: ======'machine_var_audits_switches_s_drop_target'====== Args={'value': 0, 'prev_value': None, 'change': True}
2019-12-13 16:19:02,388 : EventManager : Event: ======'machine_var_audits_switches_s_jet_hole'====== Args={'value': 0, 'prev_value': None, 'change': True}
2019-12-13 16:19:02,388 : EventManager : Event: ======'machine_var_audits_switches_s_jet_lane'====== Args={'value': 0, 'prev_value': None, 'change': True}
2019-12-13 16:19:02,388 : EventManager : Event: ======'machine_var_audits_switches_s_kickback'====== Args={'value': 0, 'prev_value': None, 'change': True}
2019-12-13 16:19:02,388 : EventManager : Event: ======'machine_var_audits_switches_s_kickback_target_2'====== Args={'value': 0, 'prev_value': None, 'change': True}
2019-12-13 16:19:02,388 : EventManager : Event: ======'machine_var_audits_switches_s_kickback_target_3'====== Args={'value': 2, 'prev_value': None, 'change': True}
2019-12-13 16:19:02,389 : EventManager : Event: ======'machine_var_audits_switches_s_kickback_terget_1'====== Args={'value': 0, 'prev_value': None, 'change': True}
2019-12-13 16:19:02,389 : EventManager : Event: ======'machine_var_audits_switches_s_left_flipper'====== Args={'value': 45, 'prev_value': None, 'change': True}
2019-12-13 16:19:02,389 : EventManager : Event: ======'machine_var_audits_switches_s_left_hole'====== Args={'value': 0, 'prev_value': None, 'change': True}
2019-12-13 16:19:02,389 : EventManager : Event: ======'machine_var_audits_switches_s_left_inlane'====== Args={'value': 0, 'prev_value': None, 'change': True}
2019-12-13 16:19:02,389 : EventManager : Event: ======'machine_var_audits_switches_s_left_loop_made'====== Args={'value': 0, 'prev_value': None, 'change': True}
2019-12-13 16:19:02,389 : EventManager : Event: ======'machine_var_audits_switches_s_left_loop_pre'====== Args={'value': 0, 'prev_value': None, 'change': True}
2019-12-13 16:19:02,389 : EventManager : Event: ======'machine_var_audits_switches_s_left_mid_inlane'====== Args={'value': 0, 'prev_value': None, 'change': True}
2019-12-13 16:19:02,389 : EventManager : Event: ======'machine_var_audits_switches_s_left_outlane'====== Args={'value': 0, 'prev_value': None, 'change': True}
2019-12-13 16:19:02,389 : EventManager : Event: ======'machine_var_audits_switches_s_left_ramp_made'====== Args={'value': 0, 'prev_value': None, 'change': True}
2019-12-13 16:19:02,389 : EventManager : Event: ======'machine_var_audits_switches_s_left_ramp_pre'====== Args={'value': 0, 'prev_value': None, 'change': True}
2019-12-13 16:19:02,389 : EventManager : Event: ======'machine_var_audits_switches_s_left_slingshot'====== Args={'value': 0, 'prev_value': None, 'change': True}
2019-12-13 16:19:02,390 : EventManager : Event: ======'machine_var_audits_switches_s_lock_1'====== Args={'value': 0, 'prev_value': None, 'change': True}
2019-12-13 16:19:02,390 : EventManager : Event: ======'machine_var_audits_switches_s_lock_2'====== Args={'value': 0, 'prev_value': None, 'change': True}
2019-12-13 16:19:02,390 : EventManager : Event: ======'machine_var_audits_switches_s_lock_3'====== Args={'value': 0, 'prev_value': None, 'change': True}
2019-12-13 16:19:02,390 : EventManager : Event: ======'machine_var_audits_switches_s_main_hole'====== Args={'value': 9, 'prev_value': None, 'change': True}
2019-12-13 16:19:02,390 : EventManager : Event: ======'machine_var_audits_switches_s_pen_1'====== Args={'value': 1, 'prev_value': None, 'change': True}
2019-12-13 16:19:02,390 : EventManager : Event: ======'machine_var_audits_switches_s_pen_2'====== Args={'value': 1, 'prev_value': None, 'change': True}
2019-12-13 16:19:02,390 : EventManager : Event: ======'machine_var_audits_switches_s_pen_3'====== Args={'value': 0, 'prev_value': None, 'change': True}
2019-12-13 16:19:02,390 : EventManager : Event: ======'machine_var_audits_switches_s_pen_4'====== Args={'value': 1, 'prev_value': None, 'change': True}
2019-12-13 16:19:02,403 : EventManager : Event: ======'machine_var_audits_switches_s_pen_5'====== Args={'value': 0, 'prev_value': None, 'change': True}
2019-12-13 16:19:02,403 : EventManager : Event: ======'machine_var_audits_switches_s_pen_6'====== Args={'value': 1, 'prev_value': None, 'change': True}
2019-12-13 16:19:02,403 : EventManager : Event: ======'machine_var_audits_switches_s_plunger'====== Args={'value': 107, 'prev_value': None, 'change': True}
2019-12-13 16:19:02,404 : EventManager : Event: ======'machine_var_audits_switches_s_plunger_button'====== Args={'value': 2, 'prev_value': None, 'change': True}
2019-12-13 16:19:02,404 : EventManager : Event: ======'machine_var_audits_switches_s_ricochet_1'====== Args={'value': 7, 'prev_value': None, 'change': True}
2019-12-13 16:19:02,404 : EventManager : Event: ======'machine_var_audits_switches_s_ricochet_2'====== Args={'value': 5, 'prev_value': None, 'change': True}
2019-12-13 16:19:02,404 : EventManager : Event: ======'machine_var_audits_switches_s_ricochet_3'====== Args={'value': 1, 'prev_value': None, 'change': True}
2019-12-13 16:19:02,404 : EventManager : Event: ======'machine_var_audits_switches_s_ricochet_4'====== Args={'value': 3, 'prev_value': None, 'change': True}
2019-12-13 16:19:02,404 : EventManager : Event: ======'machine_var_audits_switches_s_ricochet_5'====== Args={'value': 0, 'prev_value': None, 'change': True}
2019-12-13 16:19:02,404 : EventManager : Event: ======'machine_var_audits_switches_s_right_flipper'====== Args={'value': 101, 'prev_value': None, 'change': True}
2019-12-13 16:19:02,404 : EventManager : Event: ======'machine_var_audits_switches_s_right_hole'====== Args={'value': 0, 'prev_value': None, 'change': True}
2019-12-13 16:19:02,404 : EventManager : Event: ======'machine_var_audits_switches_s_right_inlane'====== Args={'value': 0, 'prev_value': None, 'change': True}
2019-12-13 16:19:02,404 : EventManager : Event: ======'machine_var_audits_switches_s_right_outlane'====== Args={'value': 0, 'prev_value': None, 'change': True}
2019-12-13 16:19:02,404 : EventManager : Event: ======'machine_var_audits_switches_s_right_ramp_made'====== Args={'value': 0, 'prev_value': None, 'change': True}
2019-12-13 16:19:02,404 : EventManager : Event: ======'machine_var_audits_switches_s_right_ramp_pre'====== Args={'value': 0, 'prev_value': None, 'change': True}
2019-12-13 16:19:02,404 : EventManager : Event: ======'machine_var_audits_switches_s_right_slingshot'====== Args={'value': 0, 'prev_value': None, 'change': True}
2019-12-13 16:19:02,404 : EventManager : Event: ======'machine_var_audits_switches_s_side_hole'====== Args={'value': 2, 'prev_value': None, 'change': True}
2019-12-13 16:19:02,404 : EventManager : Event: ======'machine_var_audits_switches_s_side_ramp_made'====== Args={'value': 0, 'prev_value': None, 'change': True}
2019-12-13 16:19:02,405 : EventManager : Event: ======'machine_var_audits_switches_s_side_ramp_pre'====== Args={'value': 0, 'prev_value': None, 'change': True}
2019-12-13 16:19:02,405 : EventManager : Event: ======'machine_var_audits_switches_s_start'====== Args={'value': 7, 'prev_value': None, 'change': True}
2019-12-13 16:19:02,405 : EventManager : Event: ======'machine_var_audits_switches_s_torpedo'====== Args={'value': 0, 'prev_value': None, 'change': True}
2019-12-13 16:19:02,405 : EventManager : Event: ======'machine_var_audits_switches_s_trough1'====== Args={'value': 6, 'prev_value': None, 'change': True}
2019-12-13 16:19:02,405 : EventManager : Event: ======'machine_var_audits_switches_s_trough2'====== Args={'value': 0, 'prev_value': None, 'change': True}
2019-12-13 16:19:02,405 : EventManager : Event: ======'machine_var_audits_switches_s_trough3'====== Args={'value': 0, 'prev_value': None, 'change': True}
2019-12-13 16:19:02,405 : EventManager : Event: ======'machine_var_audits_switches_s_trough4'====== Args={'value': 0, 'prev_value': None, 'change': True}
2019-12-13 16:19:02,405 : EventManager : Event: ======'machine_var_audits_switches_s_trough5'====== Args={'value': 0, 'prev_value': None, 'change': True}
2019-12-13 16:19:02,405 : EventManager : Event: ======'machine_var_audits_switches_s_trough6'====== Args={'value': 1, 'prev_value': None, 'change': True}
2019-12-13 16:19:02,405 : EventManager : Event: ======'machine_var_audits_switches_s_trough_jam'====== Args={'value': 0, 'prev_value': None, 'change': True}
2019-12-13 16:19:02,420 : EventManager : Event: ======'slides_play'====== Args={'settings': {'welcome_slide': {'target': 'window', 'background_color': [0.0, 0.0, 0.0, 1.0], 'priority': None, 'show': True, 'force': False, 'expire': None, 'slide': None, 'tokens': {}, 'action': 'play'}}, 'context': '_global', 'calling_context': 'init_done', 'priority': 0}
2019-12-13 16:19:02,420 : EventManager : Event: ======'mc_reset_phase_1'====== Args={}
2019-12-13 16:19:02,420 : mpfmc : SlidePlayer: Play called with settings={'welcome_slide': {'target': 'window', 'background_color': [0.0, 0.0, 0.0, 1.0], 'priority': None, 'show': True, 'force': False, 'expire': None, 'slide': None, 'tokens': {}, 'action': 'play'}}
2019-12-13 16:19:02,421 : EventManager : Event: ======'slide_welcome_slide_removed'====== Args={}
2019-12-13 16:19:02,431 : EventManager : Event: ======'slide_welcome_slide_created'====== Args={}
2019-12-13 16:19:02,431 : EventManager : Event: ======'mc_reset_phase_2'====== Args={}
2019-12-13 16:19:02,431 : EventManager : Event: ======'mc_reset_phase_3'====== Args={}
2019-12-13 16:19:02,431 : EventManager : Event: ======'mc_reset_complete'====== Args={}
2019-12-13 16:19:02,432 : EventManager : Event: ======'slide_welcome_slide_active'====== Args={}
2019-12-13 16:19:02,469 : EventManager : Event: ======'slides_play'====== Args={'settings': {'attract_started': {'target': 'window', 'background_color': [0.0, 0.0, 0.0, 1.0], 'priority': None, 'show': True, 'force': False, 'expire': None, 'slide': None, 'tokens': {}, 'action': 'play'}}, 'context': '_global', 'calling_context': 'mode_attract_started', 'priority': 0}
2019-12-13 16:19:02,469 : mpfmc : SlidePlayer: Play called with settings={'attract_started': {'target': 'window', 'background_color': [0.0, 0.0, 0.0, 1.0], 'priority': None, 'show': True, 'force': False, 'expire': None, 'slide': None, 'tokens': {}, 'action': 'play'}}
2019-12-13 16:19:02,479 : EventManager : Event: ======'slide_attract_started_created'====== Args={}
2019-12-13 16:19:02,488 : EventManager : Event: ======'slide_attract_started_active'====== Args={}
2019-12-13 16:19:05,270 : EventManager : Event: ======'game_started'====== Args={}
2019-12-13 16:19:05,287 : EventManager : Event: ======'player_added'====== Args={'player': <Player 1>, 'num': 1}
2019-12-13 16:19:05,287 : EventManager : Event: ======'player_index'====== Args={'value': 0, 'prev_value': 0, 'change': 0, 'player_num': 1}
2019-12-13 16:19:05,287 : EventManager : Event: ======'player_number'====== Args={'value': 1, 'prev_value': 1, 'change': 0, 'player_num': 1}
2019-12-13 16:19:05,287 : EventManager : Event: ======'player_score'====== Args={'value': 0, 'prev_value': 0, 'change': 0, 'player_num': 1}
2019-12-13 16:19:05,287 : EventManager : Event: ======'player_ReceivedDMG'====== Args={'value': 1, 'prev_value': 0, 'change': 1, 'player_num': 1}
2019-12-13 16:19:05,287 : EventManager : Event: ======'player_DMGValue'====== Args={'value': 10000000, 'prev_value': 0, 'change': 10000000, 'player_num': 1}
2019-12-13 16:19:05,287 : EventManager : Event: ======'player_m1shotmade'====== Args={'value': 0, 'prev_value': 0, 'change': 0, 'player_num': 1}
2019-12-13 16:19:05,287 : EventManager : Event: ======'player_m2shotmade'====== Args={'value': 0, 'prev_value': 0, 'change': 0, 'player_num': 1}
2019-12-13 16:19:05,287 : EventManager : Event: ======'player_m3shotmade'====== Args={'value': 0, 'prev_value': 0, 'change': 0, 'player_num': 1}
2019-12-13 16:19:05,287 : EventManager : Event: ======'player_m4shotmade'====== Args={'value': 0, 'prev_value': 0, 'change': 0, 'player_num': 1}
2019-12-13 16:19:05,287 : EventManager : Event: ======'player_m5shotmade'====== Args={'value': 0, 'prev_value': 0, 'change': 0, 'player_num': 1}
2019-12-13 16:19:05,287 : EventManager : Event: ======'player_m6shotmade'====== Args={'value': 0, 'prev_value': 0, 'change': 0, 'player_num': 1}
2019-12-13 16:19:05,287 : EventManager : Event: ======'player_m7shotmade'====== Args={'value': 0, 'prev_value': 0, 'change': 0, 'player_num': 1}
2019-12-13 16:19:05,288 : EventManager : Event: ======'player_m8shotmade'====== Args={'value': 0, 'prev_value': 0, 'change': 0, 'player_num': 1}
2019-12-13 16:19:05,288 : EventManager : Event: ======'player_m9shotmade'====== Args={'value': 0, 'prev_value': 0, 'change': 0, 'player_num': 1}
2019-12-13 16:19:05,320 : EventManager : Event: ======'player_ball'====== Args={'value': 1, 'prev_value': 0, 'change': 1, 'player_num': 1}
2019-12-13 16:19:05,320 : EventManager : Event: ======'player_turn_start'====== Args={'number': 1, 'player': <Player 1>}
2019-12-13 16:19:05,454 : EventManager : Event: ======'machine_var_audits_switches_s_plunger'====== Args={'value': 108, 'prev_value': 107, 'change': 1}
2019-12-13 16:19:06,320 : EventManager : Event: ======'player_mode_7_mode_countdown_tick'====== Args={'value': 29, 'prev_value': 0, 'change': 29, 'player_num': 1}
2019-12-13 16:19:07,320 : EventManager : Event: ======'player_mode_7_mode_countdown_tick'====== Args={'value': 28, 'prev_value': 29, 'change': -1, 'player_num': 1}
2019-12-13 16:19:07,672 : EventManager : Event: ======'machine_var_audits_switches_s_ricochet_1'====== Args={'value': 8, 'prev_value': 7, 'change': 1}
2019-12-13 16:19:07,672 : EventManager : Event: ======'player_m7value'====== Args={'value': 2500000, 'prev_value': 0, 'change': 2500000, 'player_num': 1}
2019-12-13 16:19:07,672 : EventManager : Event: ======'player_m7shotmade'====== Args={'value': 1, 'prev_value': 0, 'change': 1, 'player_num': 1}
2019-12-13 16:19:08,320 : EventManager : Event: ======'player_mode_7_mode_countdown_tick'====== Args={'value': 27, 'prev_value': 28, 'change': -1, 'player_num': 1}
2019-12-13 16:19:09,320 : EventManager : Event: ======'player_mode_7_mode_countdown_tick'====== Args={'value': 26, 'prev_value': 27, 'change': -1, 'player_num': 1}
2019-12-13 16:19:10,304 : EventManager : Event: ======'player_mode_7_mode_countdown_tick'====== Args={'value': 25, 'prev_value': 26, 'change': -1, 'player_num': 1}
2019-12-13 16:19:10,304 : EventManager : Event: ======'machine_var_audits_switches_s_ricochet_2'====== Args={'value': 6, 'prev_value': 5, 'change': 1}
2019-12-13 16:19:10,304 : EventManager : Event: ======'player_m7shotmade'====== Args={'value': 2, 'prev_value': 1, 'change': 1, 'player_num': 1}
2019-12-13 16:19:11,321 : EventManager : Event: ======'player_mode_7_mode_countdown_tick'====== Args={'value': 24, 'prev_value': 25, 'change': -1, 'player_num': 1}
2019-12-13 16:19:12,154 : EventManager : Event: ======'machine_var_audits_switches_s_ricochet_5'====== Args={'value': 1, 'prev_value': 0, 'change': 1}
2019-12-13 16:19:12,154 : EventManager : Event: ======'player_m7shotmade'====== Args={'value': 3, 'prev_value': 2, 'change': 1, 'player_num': 1}
2019-12-13 16:19:12,322 : EventManager : Event: ======'player_mode_7_mode_countdown_tick'====== Args={'value': 23, 'prev_value': 24, 'change': -1, 'player_num': 1}
2019-12-13 16:19:13,304 : EventManager : Event: ======'player_mode_7_mode_countdown_tick'====== Args={'value': 22, 'prev_value': 23, 'change': -1, 'player_num': 1}
2019-12-13 16:19:13,571 : EventManager : Event: ======'machine_var_audits_switches_s_ricochet_4'====== Args={'value': 4, 'prev_value': 3, 'change': 1}
2019-12-13 16:19:13,571 : EventManager : Event: ======'player_m7value'====== Args={'value': 10000000, 'prev_value': 2500000, 'change': 7500000, 'player_num': 1}
2019-12-13 16:19:13,571 : EventManager : Event: ======'player_m7shotmade'====== Args={'value': 4, 'prev_value': 3, 'change': 1, 'player_num': 1}
2019-12-13 16:19:14,304 : EventManager : Event: ======'player_mode_7_mode_countdown_tick'====== Args={'value': 21, 'prev_value': 22, 'change': -1, 'player_num': 1}
2019-12-13 16:19:14,871 : EventManager : Event: ======'machine_var_audits_switches_s_ricochet_3'====== Args={'value': 2, 'prev_value': 1, 'change': 1}
2019-12-13 16:19:15,321 : EventManager : Event: ======'player_mode_7_mode_countdown_tick'====== Args={'value': 20, 'prev_value': 21, 'change': -1, 'player_num': 1}
2019-12-13 16:19:16,320 : EventManager : Event: ======'player_mode_7_mode_countdown_tick'====== Args={'value': 19, 'prev_value': 20, 'change': -1, 'player_num': 1}
2019-12-13 16:19:17,304 : EventManager : Event: ======'player_mode_7_mode_countdown_tick'====== Args={'value': 18, 'prev_value': 19, 'change': -1, 'player_num': 1}
2019-12-13 16:19:18,321 : EventManager : Event: ======'player_mode_7_mode_countdown_tick'====== Args={'value': 17, 'prev_value': 18, 'change': -1, 'player_num': 1}
2019-12-13 16:19:19,304 : EventManager : Event: ======'player_mode_7_mode_countdown_tick'====== Args={'value': 16, 'prev_value': 17, 'change': -1, 'player_num': 1}
2019-12-13 16:19:20,322 : EventManager : Event: ======'player_mode_7_mode_countdown_tick'====== Args={'value': 15, 'prev_value': 16, 'change': -1, 'player_num': 1}
2019-12-13 16:19:21,321 : EventManager : Event: ======'player_mode_7_mode_countdown_tick'====== Args={'value': 14, 'prev_value': 15, 'change': -1, 'player_num': 1}
2019-12-13 16:19:22,321 : EventManager : Event: ======'player_mode_7_mode_countdown_tick'====== Args={'value': 13, 'prev_value': 14, 'change': -1, 'player_num': 1}
2019-12-13 16:19:23,304 : EventManager : Event: ======'player_mode_7_mode_countdown_tick'====== Args={'value': 12, 'prev_value': 13, 'change': -1, 'player_num': 1}
2019-12-13 16:19:24,322 : EventManager : Event: ======'player_mode_7_mode_countdown_tick'====== Args={'value': 11, 'prev_value': 12, 'change': -1, 'player_num': 1}
2019-12-13 16:19:25,323 : EventManager : Event: ======'player_mode_7_mode_countdown_tick'====== Args={'value': 10, 'prev_value': 11, 'change': -1, 'player_num': 1}
2019-12-13 16:19:26,305 : EventManager : Event: ======'player_mode_7_mode_countdown_tick'====== Args={'value': 9, 'prev_value': 10, 'change': -1, 'player_num': 1}
2019-12-13 16:19:27,323 : EventManager : Event: ======'player_mode_7_mode_countdown_tick'====== Args={'value': 8, 'prev_value': 9, 'change': -1, 'player_num': 1}
2019-12-13 16:19:28,321 : EventManager : Event: ======'player_mode_7_mode_countdown_tick'====== Args={'value': 7, 'prev_value': 8, 'change': -1, 'player_num': 1}
2019-12-13 16:19:29,322 : EventManager : Event: ======'player_mode_7_mode_countdown_tick'====== Args={'value': 6, 'prev_value': 7, 'change': -1, 'player_num': 1}
2019-12-13 16:19:29,794 : kivy : WindowSDL: exiting mainloop and closing.
2019-12-13 16:19:29,872 : kivy : Base: Leaving application in progress...
2019-12-13 16:19:29,872 : mpfmc : Stopping...
2019-12-13 16:19:29,872 : EventManager : Event: ======'shutdown'====== Args={}
2019-12-13 16:19:29,872 : mpfmc : Loop rate 59.45 Hz
2019-12-13 16:19:29,873 : kivy : MC run loop ended.
2019-12-13 16:19:29,873 : kivy : Stopping child threads... (3 remaining)
2019-12-13 16:19:30,021 : mpfmc : Stopping...
2019-12-13 16:19:30,022 : EventManager : Event: ======'shutdown'====== Args={}
2019-12-13 16:19:30,022 : mpfmc : Loop rate 59.14 Hz
2019-12-13 16:19:30,040 : MPF-MC BCP Server : Stopping BCP sending thread
2019-12-13 16:19:30,295 : kivy : All child threads stopped.
