2019-11-13 17:01:44,490 : kivy : Factory: 184 symbols loaded
2019-11-13 17:01:44,587 : kivy : Image: Providers: img_tex, img_dds, img_sdl2, img_pil, img_gif (img_ffpyplayer ignored)
2019-11-13 17:01:44,638 : kivy : VideoGstplayer: Using Gstreamer 1.16.0.0
2019-11-13 17:01:44,638 : kivy : Video: Provider: gstplayer
2019-11-13 17:01:44,701 : kivy : Loading MPF-MC controller
2019-11-13 17:01:44,701 : mpfmc : Mission Pinball Framework Media Controller v0.53.0-dev.15
2019-11-13 17:01:44,701 : mpfmc : Mission Pinball Framework Game Engine v0.53.0-dev.67
2019-11-13 17:01:44,701 : mpfmc : Machine path: D:\mpf\wows\wows
2019-11-13 17:01:44,702 : ConfigProcessor : Config file in cache changed: D:\mpf\wows\wows\config\config
2019-11-13 17:01:44,703 : ConfigProcessor : Loading config from file c:\users\schol\appdata\local\programs\python\python36\lib\site-packages\mpfmc\mcconfig.yaml.
2019-11-13 17:01:44,746 : ConfigProcessor : Loading config: c:\users\schol\appdata\local\programs\python\python36\lib\site-packages\mpfmc\mcconfig.yaml
2019-11-13 17:01:44,753 : ConfigProcessor : Loading config from file D:\mpf\wows\wows\config\config.
2019-11-13 17:01:44,763 : ConfigProcessor : Loading config: D:\mpf\wows\wows\config\config
2019-11-13 17:01:44,764 : ConfigProcessor : Config file cache created: C:\Users\schol\AppData\Local\Temp\31418c17c7947b0b26bf3ae2a4803514.mpf_cache
2019-11-13 17:01:44,764 : mpfmc : Starting clock at 60.0Hz
2019-11-13 17:01:44,776 : kivy : Text: Provider: sdl2
2019-11-13 17:01:44,813 : kivy : Window: Provider: sdl2
2019-11-13 17:01:45,123 : kivy : GL: Using the "OpenGL" graphics system
2019-11-13 17:01:45,126 : kivy : GL: GLEW initialization succeeded
2019-11-13 17:01:45,127 : kivy : GL: Backend used <glew>
2019-11-13 17:01:45,127 : kivy : GL: OpenGL version <b'4.6.0 NVIDIA 388.13'>
2019-11-13 17:01:45,127 : kivy : GL: OpenGL vendor <b'NVIDIA Corporation'>
2019-11-13 17:01:45,127 : kivy : GL: OpenGL renderer <b'GeForce GTX 1060 6GB/PCIe/SSE2'>
2019-11-13 17:01:45,127 : kivy : GL: OpenGL parsed version: 4, 6
2019-11-13 17:01:45,127 : kivy : GL: Shading version <b'4.60 NVIDIA'>
2019-11-13 17:01:45,127 : kivy : GL: Texture max size <32768>
2019-11-13 17:01:45,127 : kivy : GL: Texture max units <32>
2019-11-13 17:01:45,142 : kivy : Window: auto add sdl2 input provider
2019-11-13 17:01:45,142 : kivy : Window: virtual keyboard not allowed, single mode, not docked
2019-11-13 17:01:45,148 : SoundSystem : SoundSystem: Using default 'sound_system' settings
2019-11-13 17:01:45,324 : AudioInterface : Initialized
2019-11-13 17:01:45,324 : SoundSystem : No audio tracks are specified in your machine config file. a track named 'default' has been created.
2019-11-13 17:01:45,326 : kivy : Base: Start application main loop
2019-11-13 17:01:45,326 : EventManager : Event: ======'display_window_initialized'====== Args={}
2019-11-13 17:01:45,360 : mpfmc : Display: Setting 'window' as default display
2019-11-13 17:01:45,365 : EventManager : Event: ======'displays_initialized'====== Args={}
2019-11-13 17:01:45,366 : EventManager : Event: ======'slide_window_blank_created'====== Args={}
2019-11-13 17:01:45,366 : EventManager : Event: ======'display_window_ready'====== Args={}
2019-11-13 17:01:45,374 : EventManager : Event: ======'init_phase_1'====== Args={}
2019-11-13 17:01:45,377 : EventManager : Event: ======'mc_ready'====== Args={}
2019-11-13 17:01:45,377 : EventManager : Event: ======'init_phase_2'====== Args={}
2019-11-13 17:01:45,378 : ConfigProcessor : Loading config from cache: C:\Users\schol\AppData\Local\Temp\d5fd805c5432c1441bf01a6268536a3d.mpf_cache
2019-11-13 17:01:45,378 : ConfigProcessor : Loading config from cache: C:\Users\schol\AppData\Local\Temp\5c4497fcd69d1d656c4b69a28e44c490.mpf_cache
2019-11-13 17:01:45,379 : EventManager : Event: ======'init_phase_3'====== Args={}
2019-11-13 17:01:45,379 : EventManager : Event: ======'init_phase_4'====== Args={}
2019-11-13 17:01:45,379 : EventManager : Event: ======'init_phase_5'====== Args={}
2019-11-13 17:01:45,379 : EventManager : Event: ======'init_done'====== Args={}
2019-11-13 17:01:45,379 : mpfmc : SlidePlayer: Play called with settings={'slides': {welcome_slide-None-None: {'priority': None, 'target': None, 'tokens': {}, 'expire': None, 'show': True, 'action': 'play', 'force': False, 'slide': None, 'background_color': [0.0, 0.0, 0.0, 1.0], 'transition': None, 'transition_out': None}}}
2019-11-13 17:01:45,383 : kivy : GL: NPOT texture support is available
2019-11-13 17:01:45,384 : EventManager : Event: ======'slide_welcome_slide_created'====== Args={}
2019-11-13 17:01:45,387 : EventManager : Event: ======'slide_welcome_slide_active'====== Args={}
2019-11-13 17:03:28,883 : kivy : WindowSDL: exiting mainloop and closing.
2019-11-13 17:03:28,962 : kivy : Base: Leaving application in progress...
2019-11-13 17:03:28,962 : mpfmc : Stopping...
2019-11-13 17:03:28,962 : EventManager : Event: ======'shutdown'====== Args={}
2019-11-13 17:03:28,962 : mpfmc : Loop rate 82.22 Hz
2019-11-13 17:03:28,962 : kivy : MC run loop ended.
2019-11-13 17:03:28,962 : kivy : Stopping child threads... (1 remaining)
2019-11-13 17:03:29,465 : kivy : All child threads stopped.
