2019-11-13 16:58:09,646 : kivy : Factory: 184 symbols loaded
2019-11-13 16:58:09,740 : kivy : Image: Providers: img_tex, img_dds, img_sdl2, img_pil, img_gif (img_ffpyplayer ignored)
2019-11-13 16:58:09,796 : kivy : VideoGstplayer: Using Gstreamer 1.16.0.0
2019-11-13 16:58:09,796 : kivy : Video: Provider: gstplayer
2019-11-13 16:58:09,855 : kivy : Loading MPF-MC controller
2019-11-13 16:58:09,855 : mpfmc : Mission Pinball Framework Media Controller v0.53.0-dev.15
2019-11-13 16:58:09,857 : mpfmc : Mission Pinball Framework Game Engine v0.53.0-dev.67
2019-11-13 16:58:09,859 : mpfmc : Machine path: D:\mpf\wows\wows
2019-11-13 16:58:09,860 : ConfigProcessor : Config file in cache changed: D:\mpf\wows\wows\config\config
2019-11-13 16:58:09,861 : ConfigProcessor : Loading config from file c:\users\schol\appdata\local\programs\python\python36\lib\site-packages\mpfmc\mcconfig.yaml.
2019-11-13 16:58:09,904 : ConfigProcessor : Loading config: c:\users\schol\appdata\local\programs\python\python36\lib\site-packages\mpfmc\mcconfig.yaml
2019-11-13 16:58:09,912 : ConfigProcessor : Loading config from file D:\mpf\wows\wows\config\config.
2019-11-13 16:58:09,921 : ConfigProcessor : Loading config: D:\mpf\wows\wows\config\config
2019-11-13 16:58:09,922 : ConfigProcessor : Config file cache created: C:\Users\schol\AppData\Local\Temp\31418c17c7947b0b26bf3ae2a4803514.mpf_cache
2019-11-13 16:58:09,922 : mpfmc : Starting clock at 60.0Hz
2019-11-13 16:58:09,935 : kivy : Text: Provider: sdl2
2019-11-13 16:58:09,974 : kivy : Window: Provider: sdl2
2019-11-13 16:58:10,309 : kivy : GL: Using the "OpenGL" graphics system
2019-11-13 16:58:10,312 : kivy : GL: GLEW initialization succeeded
2019-11-13 16:58:10,313 : kivy : GL: Backend used <glew>
2019-11-13 16:58:10,313 : kivy : GL: OpenGL version <b'4.6.0 NVIDIA 388.13'>
2019-11-13 16:58:10,313 : kivy : GL: OpenGL vendor <b'NVIDIA Corporation'>
2019-11-13 16:58:10,313 : kivy : GL: OpenGL renderer <b'GeForce GTX 1060 6GB/PCIe/SSE2'>
2019-11-13 16:58:10,314 : kivy : GL: OpenGL parsed version: 4, 6
2019-11-13 16:58:10,314 : kivy : GL: Shading version <b'4.60 NVIDIA'>
2019-11-13 16:58:10,314 : kivy : GL: Texture max size <32768>
2019-11-13 16:58:10,315 : kivy : GL: Texture max units <32>
2019-11-13 16:58:10,331 : kivy : Window: auto add sdl2 input provider
2019-11-13 16:58:10,332 : kivy : Window: virtual keyboard not allowed, single mode, not docked
2019-11-13 16:58:10,341 : SoundSystem : SoundSystem: Using default 'sound_system' settings
2019-11-13 16:58:10,518 : AudioInterface : Initialized
2019-11-13 16:58:10,519 : SoundSystem : No audio tracks are specified in your machine config file. a track named 'default' has been created.
2019-11-13 16:58:10,522 : kivy : Base: Start application main loop
2019-11-13 16:58:10,522 : EventManager : Event: ======'display_window_initialized'====== Args={}
2019-11-13 16:58:10,558 : mpfmc : Display: Setting 'window' as default display
2019-11-13 16:58:10,563 : EventManager : Event: ======'displays_initialized'====== Args={}
2019-11-13 16:58:10,564 : EventManager : Event: ======'slide_window_blank_created'====== Args={}
2019-11-13 16:58:10,565 : EventManager : Event: ======'display_window_ready'====== Args={}
2019-11-13 16:58:10,574 : EventManager : Event: ======'init_phase_1'====== Args={}
2019-11-13 16:58:10,577 : EventManager : Event: ======'mc_ready'====== Args={}
2019-11-13 16:58:10,577 : EventManager : Event: ======'init_phase_2'====== Args={}
2019-11-13 16:58:10,578 : ConfigProcessor : Loading config from cache: C:\Users\schol\AppData\Local\Temp\d5fd805c5432c1441bf01a6268536a3d.mpf_cache
2019-11-13 16:58:10,579 : ConfigProcessor : Loading config from cache: C:\Users\schol\AppData\Local\Temp\5c4497fcd69d1d656c4b69a28e44c490.mpf_cache
2019-11-13 16:58:10,580 : EventManager : Event: ======'init_phase_3'====== Args={}
2019-11-13 16:58:10,581 : EventManager : Event: ======'init_phase_4'====== Args={}
2019-11-13 16:58:10,581 : EventManager : Event: ======'init_phase_5'====== Args={}
2019-11-13 16:58:10,581 : EventManager : Event: ======'init_done'====== Args={}
2019-11-13 16:58:10,582 : mpfmc : SlidePlayer: Play called with settings={'slides': {welcome_slide-None-None: {'priority': None, 'target': None, 'tokens': {}, 'expire': None, 'show': True, 'action': 'play', 'force': False, 'slide': None, 'background_color': [0.0, 0.0, 0.0, 1.0], 'transition': None, 'transition_out': None}}}
2019-11-13 16:58:10,628 : kivy : GL: NPOT texture support is available
2019-11-13 16:58:10,629 : EventManager : Event: ======'slide_welcome_slide_created'====== Args={}
2019-11-13 16:58:10,636 : EventManager : Event: ======'slide_welcome_slide_active'====== Args={}
2019-11-13 16:58:14,798 : kivy : WindowSDL: exiting mainloop and closing.
2019-11-13 16:58:14,875 : kivy : Base: Leaving application in progress...
2019-11-13 16:58:14,875 : mpfmc : Stopping...
2019-11-13 16:58:14,879 : EventManager : Event: ======'shutdown'====== Args={}
2019-11-13 16:58:14,880 : mpfmc : Loop rate 78.01 Hz
2019-11-13 16:58:14,880 : kivy : MC run loop ended.
2019-11-13 16:58:14,880 : kivy : Stopping child threads... (1 remaining)
2019-11-13 16:58:15,585 : kivy : All child threads stopped.
