2019-12-13 11:53:41,748 : kivy : Factory: 184 symbols loaded
2019-12-13 11:53:41,845 : kivy : Image: Providers: img_tex, img_dds, img_sdl2, img_pil, img_gif (img_ffpyplayer ignored)
2019-12-13 11:53:41,894 : kivy : VideoGstplayer: Using Gstreamer 1.16.0.0
2019-12-13 11:53:41,894 : kivy : Video: Provider: gstplayer
2019-12-13 11:53:41,956 : kivy : Loading MPF-MC controller
2019-12-13 11:53:41,956 : mpfmc : Mission Pinball Framework Media Controller v0.53.0-dev.15
2019-12-13 11:53:41,956 : mpfmc : Mission Pinball Framework Game Engine v0.53.0-dev.68
2019-12-13 11:53:41,956 : mpfmc : Machine path: D:\mpf\wows\wows
2019-12-13 11:53:41,957 : ConfigProcessor : Config file in cache changed: D:\mpf\wows\wows\config\config
2019-12-13 11:53:41,958 : ConfigProcessor : Loading config from file c:\users\schol\appdata\local\programs\python\python36\lib\site-packages\mpfmc\mcconfig.yaml.
2019-12-13 11:53:42,002 : ConfigProcessor : Loading config: c:\users\schol\appdata\local\programs\python\python36\lib\site-packages\mpfmc\mcconfig.yaml
2019-12-13 11:53:42,009 : ConfigProcessor : Loading config from file D:\mpf\wows\wows\config\config.
2019-12-13 11:53:42,089 : ConfigProcessor : Loading config: D:\mpf\wows\wows\config\config
2019-12-13 11:53:42,091 : ConfigProcessor : Config file cache created: C:\Users\schol\AppData\Local\Temp\31418c17c7947b0b26bf3ae2a4803514.mpf_cache
2019-12-13 11:53:42,091 : mpfmc : Starting clock at 60.0Hz
2019-12-13 11:53:42,103 : kivy : Text: Provider: sdl2
2019-12-13 11:53:42,137 : kivy : Window: Provider: sdl2
2019-12-13 11:53:42,453 : kivy : GL: Using the "OpenGL" graphics system
2019-12-13 11:53:42,456 : kivy : GL: GLEW initialization succeeded
2019-12-13 11:53:42,456 : kivy : GL: Backend used <glew>
2019-12-13 11:53:42,456 : kivy : GL: OpenGL version <b'4.6.0 NVIDIA 432.00'>
2019-12-13 11:53:42,456 : kivy : GL: OpenGL vendor <b'NVIDIA Corporation'>
2019-12-13 11:53:42,456 : kivy : GL: OpenGL renderer <b'GeForce GTX 1060 6GB/PCIe/SSE2'>
2019-12-13 11:53:42,456 : kivy : GL: OpenGL parsed version: 4, 6
2019-12-13 11:53:42,456 : kivy : GL: Shading version <b'4.60 NVIDIA'>
2019-12-13 11:53:42,456 : kivy : GL: Texture max size <32768>
2019-12-13 11:53:42,456 : kivy : GL: Texture max units <32>
2019-12-13 11:53:42,471 : kivy : Window: auto add sdl2 input provider
2019-12-13 11:53:42,471 : kivy : Window: virtual keyboard not allowed, single mode, not docked
2019-12-13 11:53:42,478 : SoundSystem : SoundSystem: Using default 'sound_system' settings
2019-12-13 11:53:42,633 : AudioInterface : Initialized
2019-12-13 11:53:42,634 : SoundSystem : No audio tracks are specified in your machine config file. a track named 'default' has been created.
2019-12-13 11:53:42,635 : kivy : Base: Start application main loop
2019-12-13 11:53:42,636 : EventManager : Event: ======'display_window_initialized'====== Args={}
2019-12-13 11:53:42,636 : EventManager : Event: ======'display_dmd_initialized'====== Args={}
2019-12-13 11:53:42,672 : mpfmc : Display: Setting 'dmd' as default display
2019-12-13 11:53:42,676 : EventManager : Event: ======'displays_initialized'====== Args={}
2019-12-13 11:53:42,677 : EventManager : Event: ======'slide_window_blank_created'====== Args={}
2019-12-13 11:53:42,677 : EventManager : Event: ======'display_window_ready'====== Args={}
2019-12-13 11:53:42,678 : EventManager : Event: ======'slide_dmd_blank_created'====== Args={}
2019-12-13 11:53:42,678 : EventManager : Event: ======'display_dmd_ready'====== Args={}
2019-12-13 11:53:42,686 : EventManager : Event: ======'init_phase_1'====== Args={}
2019-12-13 11:53:42,689 : EventManager : Event: ======'mc_ready'====== Args={}
2019-12-13 11:53:42,689 : EventManager : Event: ======'init_phase_2'====== Args={}
2019-12-13 11:53:42,690 : ConfigProcessor : Loading config from cache: C:\Users\schol\AppData\Local\Temp\5c4497fcd69d1d656c4b69a28e44c490.mpf_cache
2019-12-13 11:53:42,690 : ConfigProcessor : Loading config from cache: C:\Users\schol\AppData\Local\Temp\ecc9b395424c2990811feee9ed731d4b.mpf_cache
2019-12-13 11:53:42,691 : ConfigProcessor : Loading config from cache: C:\Users\schol\AppData\Local\Temp\d5fd805c5432c1441bf01a6268536a3d.mpf_cache
2019-12-13 11:53:42,691 : EventManager : Event: ======'init_phase_3'====== Args={}
2019-12-13 11:53:42,691 : AssetManager : Registering Asset: C_Prog100, File: C_Prog100.jpg, Default Group: default, Final Config: {'load': 'preload', 'file': 'D:\\mpf\\wows\\wows\\images\\C_Prog100.jpg'}
2019-12-13 11:53:42,692 : AssetManager : Registering Asset: mode_1_shot_made, File: mode_1_shot_made.gif, Default Group: default, Final Config: {'load': 'preload', 'file': 'D:\\mpf\\wows\\wows\\modes\\mode_1\\images\\mode_1_shot_made.gif'}
2019-12-13 11:53:42,692 : EventManager : Event: ======'init_phase_4'====== Args={}
2019-12-13 11:53:42,692 : EventManager : Event: ======'init_phase_5'====== Args={}
2019-12-13 11:53:42,758 : EventManager : Event: ======'loading_assets'====== Args={'total': 2, 'loaded': 1, 'remaining': 1, 'percent': 50}
2019-12-13 11:53:42,758 : AssetManager : Loading assets: 1/2 (50%)
2019-12-13 11:53:42,758 : EventManager : Event: ======'loading_assets'====== Args={'total': 2, 'loaded': 2, 'remaining': 0, 'percent': 100}
2019-12-13 11:53:42,758 : AssetManager : Asset loading took: 0.12392711639404297
2019-12-13 11:53:42,758 : EventManager : Event: ======'asset_loading_complete'====== Args={}
2019-12-13 11:53:42,758 : AssetManager : Loading assets: 2/2 (100%)
2019-12-13 11:53:42,758 : EventManager : Event: ======'init_done'====== Args={}
2019-12-13 11:53:42,758 : MPF-MC BCP Server : Starting up on localhost port 5050
2019-12-13 11:53:42,761 : MPF-MC BCP Server : Waiting for a connection...
2019-12-13 11:53:42,761 : mpfmc : SlidePlayer: Play called with settings={'slides': {welcome_slide-None-None: {'target': 'window', 'priority': None, 'background_color': [0.0, 0.0, 0.0, 1.0], 'show': True, 'force': False, 'expire': None, 'slide': None, 'tokens': {}, 'action': 'play', 'transition': None, 'transition_out': None}}}
2019-12-13 11:53:42,764 : kivy : GL: NPOT texture support is available
2019-12-13 11:53:42,776 : EventManager : Event: ======'slide_welcome_slide_created'====== Args={}
2019-12-13 11:53:42,786 : EventManager : Event: ======'slide_welcome_slide_active'====== Args={}
2019-12-13 11:53:42,830 : EventManager : Event: ======'client_disconnected'====== Args={'host': '127.0.0.1', 'port': 5050}
2019-12-13 11:55:12,690 : kivy : WindowSDL: exiting mainloop and closing.
2019-12-13 11:55:12,769 : kivy : Base: Leaving application in progress...
2019-12-13 11:55:12,769 : mpfmc : Stopping...
2019-12-13 11:55:12,769 : EventManager : Event: ======'shutdown'====== Args={}
2019-12-13 11:55:12,769 : mpfmc : Loop rate 59.81 Hz
2019-12-13 11:55:12,769 : kivy : MC run loop ended.
2019-12-13 11:55:12,770 : kivy : Stopping child threads... (3 remaining)
2019-12-13 11:55:12,803 : MPF-MC BCP Server : Stopping BCP listener thread
2019-12-13 11:55:12,823 : MPF-MC BCP Server : Stopping BCP sending thread
2019-12-13 11:55:12,870 : kivy : All child threads stopped.
