2019-12-13 11:40:27,498 : INFO : root : Loading MPF Monitor
2019-12-13 11:40:27,856 : INFO : Core : Looking for MPF at localhost:5051
2019-12-13 11:41:21,845 : INFO : BCP Client : Connected to MPF
2019-12-13 11:42:41,846 : INFO : BCP Client : Connected to MPF
2019-12-13 11:45:06,348 : INFO : BCP Client : Connected to MPF
2019-12-13 11:46:21,847 : INFO : BCP Client : Connected to MPF
2019-12-13 11:55:21,844 : INFO : BCP Client : Connected to MPF
2019-12-13 11:59:20,847 : INFO : BCP Client : Connected to MPF
2019-12-13 12:01:09,344 : INFO : BCP Client : Connected to MPF
2019-12-13 12:02:34,850 : INFO : BCP Client : Connected to MPF
2019-12-13 12:02:58,841 : INFO : BCP Client : Connected to MPF
2019-12-13 12:08:04,847 : INFO : BCP Client : Connected to MPF
2019-12-13 12:08:34,345 : INFO : BCP Client : Connected to MPF
2019-12-13 12:09:21,857 : INFO : BCP Client : Connected to MPF
2019-12-13 12:12:34,845 : INFO : BCP Client : Connected to MPF
2019-12-13 12:32:03,843 : INFO : BCP Client : Connected to MPF
2019-12-13 12:42:37,843 : INFO : BCP Client : Connected to MPF
2019-12-13 14:13:03,286 : INFO : BCP Client : Connected to MPF
2019-12-13 14:16:08,288 : INFO : BCP Client : Connected to MPF
2019-12-13 14:18:17,288 : INFO : BCP Client : Connected to MPF
2019-12-13 14:20:15,786 : INFO : BCP Client : Connected to MPF
2019-12-13 14:21:04,287 : INFO : BCP Client : Connected to MPF
2019-12-13 14:25:39,287 : INFO : BCP Client : Connected to MPF
2019-12-13 14:26:28,290 : INFO : BCP Client : Connected to MPF
2019-12-13 14:26:56,287 : INFO : BCP Client : Connected to MPF
2019-12-13 14:28:11,288 : INFO : BCP Client : Connected to MPF
2019-12-13 14:29:10,284 : INFO : BCP Client : Connected to MPF
2019-12-13 14:30:05,286 : INFO : BCP Client : Connected to MPF
2019-12-13 14:30:27,284 : INFO : BCP Client : Connected to MPF
2019-12-13 14:32:31,286 : INFO : BCP Client : Connected to MPF
2019-12-13 14:33:57,290 : INFO : BCP Client : Connected to MPF
2019-12-13 14:35:18,799 : INFO : BCP Client : Connected to MPF
2019-12-13 14:41:24,284 : INFO : BCP Client : Connected to MPF
2019-12-13 14:42:15,793 : INFO : BCP Client : Connected to MPF
2019-12-13 14:43:01,284 : INFO : BCP Client : Connected to MPF
2019-12-13 15:06:22,286 : INFO : BCP Client : Connected to MPF
2019-12-13 15:06:48,788 : INFO : BCP Client : Connected to MPF
2019-12-13 16:08:10,788 : INFO : BCP Client : Connected to MPF
2019-12-13 16:13:41,285 : INFO : BCP Client : Connected to MPF
2019-12-13 16:14:25,787 : INFO : BCP Client : Connected to MPF
2019-12-13 16:15:52,285 : INFO : BCP Client : Connected to MPF
2019-12-13 16:16:45,285 : INFO : BCP Client : Connected to MPF
2019-12-13 16:18:22,287 : INFO : BCP Client : Connected to MPF
2019-12-13 16:19:03,285 : INFO : BCP Client : Connected to MPF
2019-12-13 16:26:47,284 : INFO : BCP Client : Connected to MPF
2019-12-13 16:28:32,290 : INFO : BCP Client : Connected to MPF
2019-12-13 16:30:51,287 : INFO : BCP Client : Connected to MPF
2019-12-13 16:31:17,297 : INFO : BCP Client : Connected to MPF
2019-12-13 16:33:24,285 : INFO : BCP Client : Connected to MPF
2019-12-13 16:39:45,788 : INFO : BCP Client : Connected to MPF
2019-12-13 16:40:21,285 : INFO : BCP Client : Connected to MPF
2019-12-13 16:40:51,283 : INFO : BCP Client : Connected to MPF
2019-12-13 16:41:21,786 : INFO : BCP Client : Connected to MPF
2019-12-13 16:43:17,293 : INFO : BCP Client : Connected to MPF
2019-12-13 16:43:34,785 : INFO : BCP Client : Connected to MPF
2019-12-13 16:44:06,291 : INFO : BCP Client : Connected to MPF
2019-12-13 16:46:04,291 : INFO : BCP Client : Connected to MPF
2019-12-13 16:46:54,286 : INFO : BCP Client : Connected to MPF
2019-12-13 16:48:11,800 : INFO : BCP Client : Connected to MPF
2019-12-13 16:48:47,285 : INFO : BCP Client : Connected to MPF
2019-12-13 16:49:18,287 : INFO : BCP Client : Connected to MPF
2019-12-13 16:49:45,287 : INFO : BCP Client : Connected to MPF
2019-12-13 17:45:55,847 : INFO : root : MPF Monitor run loop ended.
2019-12-13 17:45:55,848 : INFO : root : Stopping child threads... (0 remaining)
2019-12-13 17:45:55,850 : INFO : root : All child threads stopped.
