2019-11-27 21:41:42,457 : kivy : Factory: 184 symbols loaded
2019-11-27 21:41:42,550 : kivy : Image: Providers: img_tex, img_dds, img_sdl2, img_pil, img_gif (img_ffpyplayer ignored)
2019-11-27 21:41:42,599 : kivy : VideoGstplayer: Using Gstreamer 1.16.0.0
2019-11-27 21:41:42,600 : kivy : Video: Provider: gstplayer
2019-11-27 21:41:42,663 : kivy : Loading MPF-MC controller
2019-11-27 21:41:42,664 : mpfmc : Mission Pinball Framework Media Controller v0.53.0-dev.15
2019-11-27 21:41:42,664 : mpfmc : Mission Pinball Framework Game Engine v0.53.0-dev.68
2019-11-27 21:41:42,664 : mpfmc : Machine path: D:\mpf\wows\wows
2019-11-27 21:41:42,665 : ConfigProcessor : Config file in cache changed: D:\mpf\wows\wows\config\config
2019-11-27 21:41:42,665 : ConfigProcessor : Loading config from file c:\users\schol\appdata\local\programs\python\python36\lib\site-packages\mpfmc\mcconfig.yaml.
2019-11-27 21:41:42,710 : ConfigProcessor : Loading config: c:\users\schol\appdata\local\programs\python\python36\lib\site-packages\mpfmc\mcconfig.yaml
2019-11-27 21:41:42,717 : ConfigProcessor : Loading config from file D:\mpf\wows\wows\config\config.
2019-11-27 21:41:42,796 : ConfigProcessor : Loading config: D:\mpf\wows\wows\config\config
2019-11-27 21:41:42,798 : ConfigProcessor : Config file cache created: C:\Users\schol\AppData\Local\Temp\31418c17c7947b0b26bf3ae2a4803514.mpf_cache
2019-11-27 21:41:42,798 : mpfmc : Starting clock at 60.0Hz
2019-11-27 21:41:42,809 : kivy : Text: Provider: sdl2
2019-11-27 21:41:42,844 : kivy : Window: Provider: sdl2
2019-11-27 21:41:43,206 : kivy : GL: Using the "OpenGL" graphics system
2019-11-27 21:41:43,209 : kivy : GL: GLEW initialization succeeded
2019-11-27 21:41:43,210 : kivy : GL: Backend used <glew>
2019-11-27 21:41:43,210 : kivy : GL: OpenGL version <b'4.6.0 NVIDIA 388.13'>
2019-11-27 21:41:43,210 : kivy : GL: OpenGL vendor <b'NVIDIA Corporation'>
2019-11-27 21:41:43,210 : kivy : GL: OpenGL renderer <b'GeForce GTX 1060 6GB/PCIe/SSE2'>
2019-11-27 21:41:43,210 : kivy : GL: OpenGL parsed version: 4, 6
2019-11-27 21:41:43,210 : kivy : GL: Shading version <b'4.60 NVIDIA'>
2019-11-27 21:41:43,210 : kivy : GL: Texture max size <32768>
2019-11-27 21:41:43,210 : kivy : GL: Texture max units <32>
2019-11-27 21:41:43,225 : kivy : Window: auto add sdl2 input provider
2019-11-27 21:41:43,225 : kivy : Window: virtual keyboard not allowed, single mode, not docked
2019-11-27 21:41:43,232 : SoundSystem : SoundSystem: Using default 'sound_system' settings
2019-11-27 21:41:43,411 : AudioInterface : Initialized
2019-11-27 21:41:43,411 : SoundSystem : No audio tracks are specified in your machine config file. a track named 'default' has been created.
2019-11-27 21:41:43,413 : kivy : Base: Start application main loop
2019-11-27 21:41:43,413 : EventManager : Event: ======'display_window_initialized'====== Args={}
2019-11-27 21:41:43,413 : EventManager : Event: ======'display_dmd_initialized'====== Args={}
2019-11-27 21:41:43,453 : mpfmc : Display: Setting 'dmd' as default display
2019-11-27 21:41:43,459 : EventManager : Event: ======'displays_initialized'====== Args={}
2019-11-27 21:41:43,460 : EventManager : Event: ======'slide_window_blank_created'====== Args={}
2019-11-27 21:41:43,460 : EventManager : Event: ======'display_window_ready'====== Args={}
2019-11-27 21:41:43,460 : EventManager : Event: ======'slide_dmd_blank_created'====== Args={}
2019-11-27 21:41:43,460 : EventManager : Event: ======'display_dmd_ready'====== Args={}
2019-11-27 21:41:43,469 : EventManager : Event: ======'init_phase_1'====== Args={}
2019-11-27 21:41:43,471 : EventManager : Event: ======'mc_ready'====== Args={}
2019-11-27 21:41:43,472 : EventManager : Event: ======'init_phase_2'====== Args={}
2019-11-27 21:41:43,472 : ConfigProcessor : Loading config from cache: C:\Users\schol\AppData\Local\Temp\d5fd805c5432c1441bf01a6268536a3d.mpf_cache
2019-11-27 21:41:43,473 : ConfigProcessor : Loading config from cache: C:\Users\schol\AppData\Local\Temp\bb4559fa659cc8b2de1dccf407dfe109.mpf_cache
2019-11-27 21:41:43,473 : ConfigProcessor : Loading config from cache: C:\Users\schol\AppData\Local\Temp\5c4497fcd69d1d656c4b69a28e44c490.mpf_cache
2019-11-27 21:41:43,474 : EventManager : Event: ======'init_phase_3'====== Args={}
2019-11-27 21:41:43,474 : AssetManager : Registering Asset: C_Prog100, File: C_Prog100.jpg, Default Group: default, Final Config: {'load': 'preload', 'file': 'D:\\mpf\\wows\\wows\\images\\C_Prog100.jpg'}
2019-11-27 21:41:43,474 : EventManager : Event: ======'init_phase_4'====== Args={}
2019-11-27 21:41:43,474 : EventManager : Event: ======'init_phase_5'====== Args={}
2019-11-27 21:41:43,479 : EventManager : Event: ======'loading_assets'====== Args={'total': 1, 'loaded': 1, 'remaining': 0, 'percent': 100}
2019-11-27 21:41:43,479 : AssetManager : Asset loading took: 0.0677947998046875
2019-11-27 21:41:43,479 : EventManager : Event: ======'asset_loading_complete'====== Args={}
2019-11-27 21:41:43,479 : AssetManager : Loading assets: 1/1 (100%)
2019-11-27 21:41:43,479 : EventManager : Event: ======'init_done'====== Args={}
2019-11-27 21:41:43,479 : MPF-MC BCP Server : Starting up on localhost port 5050
2019-11-27 21:41:43,482 : MPF-MC BCP Server : Waiting for a connection...
2019-11-27 21:41:43,482 : mpfmc : SlidePlayer: Play called with settings={'slides': {welcome_slide-None-None: {'target': 'window', 'priority': None, 'background_color': [0.0, 0.0, 0.0, 1.0], 'show': True, 'force': False, 'expire': None, 'slide': None, 'tokens': {}, 'action': 'play', 'transition': None, 'transition_out': None}}}
2019-11-27 21:41:43,484 : kivy : GL: NPOT texture support is available
2019-11-27 21:41:43,500 : EventManager : Event: ======'slide_welcome_slide_created'====== Args={}
2019-11-27 21:41:43,521 : EventManager : Event: ======'slide_welcome_slide_active'====== Args={}
2019-11-27 21:41:43,562 : EventManager : Event: ======'client_disconnected'====== Args={'host': '127.0.0.1', 'port': 5050}
2019-11-27 21:41:44,731 : MPF-MC BCP Server : Received connection from: 127.0.0.1:53822
2019-11-27 21:41:44,732 : EventManager : Event: ======'client_connected'====== Args={'host': '127.0.0.1', 'port': 53822}
2019-11-27 21:41:44,749 : EventManager : Event: ======'machine_var_credits_string'====== Args={'value': 'FREE PLAY', 'prev_value': None, 'change': True}
2019-11-27 21:41:44,749 : EventManager : Event: ======'machine_var_player1_score'====== Args={'value': 0, 'prev_value': None, 'change': True}
2019-11-27 21:41:44,749 : EventManager : Event: ======'machine_var_mpf_version'====== Args={'value': 'MPF v0.53.0-dev.68', 'prev_value': None, 'change': True}
2019-11-27 21:41:44,749 : EventManager : Event: ======'machine_var_mpf_extended_version'====== Args={'value': 'MPF v0.53.0-dev.68, Config version:5, Show version: 5, BCP version:1.1', 'prev_value': None, 'change': True}
2019-11-27 21:41:44,749 : EventManager : Event: ======'machine_var_python_version'====== Args={'value': '3.6.4', 'prev_value': None, 'change': True}
2019-11-27 21:41:44,749 : EventManager : Event: ======'machine_var_platform'====== Args={'value': 'Windows-10-10.0.18362-SP0', 'prev_value': None, 'change': True}
2019-11-27 21:41:44,749 : EventManager : Event: ======'machine_var_platform_system'====== Args={'value': 'Windows', 'prev_value': None, 'change': True}
2019-11-27 21:41:44,749 : EventManager : Event: ======'machine_var_platform_release'====== Args={'value': '10', 'prev_value': None, 'change': True}
2019-11-27 21:41:44,749 : EventManager : Event: ======'machine_var_platform_version'====== Args={'value': '10.0.18362', 'prev_value': None, 'change': True}
2019-11-27 21:41:44,749 : EventManager : Event: ======'machine_var_platform_machine'====== Args={'value': 'AMD64', 'prev_value': None, 'change': True}
2019-11-27 21:41:44,749 : EventManager : Event: ======'machine_var_mc_version'====== Args={'value': 'MPF-MC v0.53.0-dev.15', 'prev_value': None, 'change': True}
2019-11-27 21:41:44,749 : EventManager : Event: ======'machine_var_mc_extended_version'====== Args={'value': 'MPF-MC v0.53.0-dev.15 (config_version=5, BCP v1.1, Requires MPF v0.53.0-dev.51)', 'prev_value': None, 'change': True}
2019-11-27 21:41:44,749 : EventManager : Event: ======'machine_var_master_volume'====== Args={'value': 0.5, 'prev_value': None, 'change': True}
2019-11-27 21:41:44,799 : EventManager : Event: ======'machine_var_audits_events_game_ended'====== Args={'value': 1, 'prev_value': None, 'change': True}
2019-11-27 21:41:44,799 : EventManager : Event: ======'machine_var_audits_events_game_started'====== Args={'value': 50, 'prev_value': None, 'change': True}
2019-11-27 21:41:44,799 : EventManager : Event: ======'machine_var_audits_player_score'====== Args={'value': {'average': 0.0, 'top': [0], 'total': 1}, 'prev_value': None, 'change': True}
2019-11-27 21:41:44,799 : EventManager : Event: ======'machine_var_audits_switches_s_bumper_1'====== Args={'value': 0, 'prev_value': None, 'change': True}
2019-11-27 21:41:44,799 : EventManager : Event: ======'machine_var_audits_switches_s_bumper_2'====== Args={'value': 0, 'prev_value': None, 'change': True}
2019-11-27 21:41:44,799 : EventManager : Event: ======'machine_var_audits_switches_s_bumper_3'====== Args={'value': 0, 'prev_value': None, 'change': True}
2019-11-27 21:41:44,799 : EventManager : Event: ======'machine_var_audits_switches_s_center_ramp'====== Args={'value': 0, 'prev_value': None, 'change': True}
2019-11-27 21:41:44,799 : EventManager : Event: ======'machine_var_audits_switches_s_citadel'====== Args={'value': 0, 'prev_value': None, 'change': True}
2019-11-27 21:41:44,799 : EventManager : Event: ======'machine_var_audits_switches_s_citadel_lock'====== Args={'value': 0, 'prev_value': None, 'change': True}
2019-11-27 21:41:44,800 : EventManager : Event: ======'machine_var_audits_switches_s_detonation'====== Args={'value': 0, 'prev_value': None, 'change': True}
2019-11-27 21:41:44,800 : EventManager : Event: ======'machine_var_audits_switches_s_dmg_1'====== Args={'value': 207, 'prev_value': None, 'change': True}
2019-11-27 21:41:44,800 : EventManager : Event: ======'machine_var_audits_switches_s_dmg_2'====== Args={'value': 3, 'prev_value': None, 'change': True}
2019-11-27 21:41:44,800 : EventManager : Event: ======'machine_var_audits_switches_s_dmg_3'====== Args={'value': 3, 'prev_value': None, 'change': True}
2019-11-27 21:41:44,800 : EventManager : Event: ======'machine_var_audits_switches_s_dmg_4'====== Args={'value': 1, 'prev_value': None, 'change': True}
2019-11-27 21:41:44,800 : EventManager : Event: ======'machine_var_audits_switches_s_dmg_5'====== Args={'value': 1, 'prev_value': None, 'change': True}
2019-11-27 21:41:44,800 : EventManager : Event: ======'machine_var_audits_switches_s_dmg_6'====== Args={'value': 1, 'prev_value': None, 'change': True}
2019-11-27 21:41:44,800 : EventManager : Event: ======'machine_var_audits_switches_s_dmg_7'====== Args={'value': 1, 'prev_value': None, 'change': True}
2019-11-27 21:41:44,800 : EventManager : Event: ======'machine_var_audits_switches_s_drop_target'====== Args={'value': 0, 'prev_value': None, 'change': True}
2019-11-27 21:41:44,800 : EventManager : Event: ======'machine_var_audits_switches_s_jet_hole'====== Args={'value': 0, 'prev_value': None, 'change': True}
2019-11-27 21:41:44,800 : EventManager : Event: ======'machine_var_audits_switches_s_jet_lane'====== Args={'value': 0, 'prev_value': None, 'change': True}
2019-11-27 21:41:44,800 : EventManager : Event: ======'machine_var_audits_switches_s_kickback'====== Args={'value': 0, 'prev_value': None, 'change': True}
2019-11-27 21:41:44,801 : EventManager : Event: ======'machine_var_audits_switches_s_kickback_target_2'====== Args={'value': 0, 'prev_value': None, 'change': True}
2019-11-27 21:41:44,801 : EventManager : Event: ======'machine_var_audits_switches_s_kickback_target_3'====== Args={'value': 2, 'prev_value': None, 'change': True}
2019-11-27 21:41:44,801 : EventManager : Event: ======'machine_var_audits_switches_s_kickback_terget_1'====== Args={'value': 0, 'prev_value': None, 'change': True}
2019-11-27 21:41:44,801 : EventManager : Event: ======'machine_var_audits_switches_s_left_flipper'====== Args={'value': 20, 'prev_value': None, 'change': True}
2019-11-27 21:41:44,801 : EventManager : Event: ======'machine_var_audits_switches_s_left_hole'====== Args={'value': 0, 'prev_value': None, 'change': True}
2019-11-27 21:41:44,801 : EventManager : Event: ======'machine_var_audits_switches_s_left_inlane'====== Args={'value': 0, 'prev_value': None, 'change': True}
2019-11-27 21:41:44,801 : EventManager : Event: ======'machine_var_audits_switches_s_left_loop_made'====== Args={'value': 0, 'prev_value': None, 'change': True}
2019-11-27 21:41:44,801 : EventManager : Event: ======'machine_var_audits_switches_s_left_loop_pre'====== Args={'value': 0, 'prev_value': None, 'change': True}
2019-11-27 21:41:44,801 : EventManager : Event: ======'machine_var_audits_switches_s_left_mid_inlane'====== Args={'value': 0, 'prev_value': None, 'change': True}
2019-11-27 21:41:44,801 : EventManager : Event: ======'machine_var_audits_switches_s_left_outlane'====== Args={'value': 0, 'prev_value': None, 'change': True}
2019-11-27 21:41:44,801 : EventManager : Event: ======'machine_var_audits_switches_s_left_ramp_made'====== Args={'value': 0, 'prev_value': None, 'change': True}
2019-11-27 21:41:44,802 : EventManager : Event: ======'machine_var_audits_switches_s_left_ramp_pre'====== Args={'value': 0, 'prev_value': None, 'change': True}
2019-11-27 21:41:44,802 : EventManager : Event: ======'machine_var_audits_switches_s_left_slingshot'====== Args={'value': 0, 'prev_value': None, 'change': True}
2019-11-27 21:41:44,802 : EventManager : Event: ======'machine_var_audits_switches_s_lock_1'====== Args={'value': 0, 'prev_value': None, 'change': True}
2019-11-27 21:41:44,802 : EventManager : Event: ======'machine_var_audits_switches_s_lock_2'====== Args={'value': 0, 'prev_value': None, 'change': True}
2019-11-27 21:41:44,802 : EventManager : Event: ======'machine_var_audits_switches_s_lock_3'====== Args={'value': 0, 'prev_value': None, 'change': True}
2019-11-27 21:41:44,802 : EventManager : Event: ======'machine_var_audits_switches_s_main_hole'====== Args={'value': 8, 'prev_value': None, 'change': True}
2019-11-27 21:41:44,802 : EventManager : Event: ======'machine_var_audits_switches_s_pen_1'====== Args={'value': 0, 'prev_value': None, 'change': True}
2019-11-27 21:41:44,815 : EventManager : Event: ======'machine_var_audits_switches_s_pen_2'====== Args={'value': 0, 'prev_value': None, 'change': True}
2019-11-27 21:41:44,815 : EventManager : Event: ======'machine_var_audits_switches_s_pen_3'====== Args={'value': 0, 'prev_value': None, 'change': True}
2019-11-27 21:41:44,816 : EventManager : Event: ======'machine_var_audits_switches_s_pen_4'====== Args={'value': 0, 'prev_value': None, 'change': True}
2019-11-27 21:41:44,816 : EventManager : Event: ======'machine_var_audits_switches_s_pen_5'====== Args={'value': 0, 'prev_value': None, 'change': True}
2019-11-27 21:41:44,816 : EventManager : Event: ======'machine_var_audits_switches_s_pen_6'====== Args={'value': 0, 'prev_value': None, 'change': True}
2019-11-27 21:41:44,816 : EventManager : Event: ======'machine_var_audits_switches_s_plunger'====== Args={'value': 61, 'prev_value': None, 'change': True}
2019-11-27 21:41:44,816 : EventManager : Event: ======'machine_var_audits_switches_s_plunger_button'====== Args={'value': 2, 'prev_value': None, 'change': True}
2019-11-27 21:41:44,816 : EventManager : Event: ======'machine_var_audits_switches_s_ricochet_1'====== Args={'value': 0, 'prev_value': None, 'change': True}
2019-11-27 21:41:44,816 : EventManager : Event: ======'machine_var_audits_switches_s_ricochet_2'====== Args={'value': 0, 'prev_value': None, 'change': True}
2019-11-27 21:41:44,816 : EventManager : Event: ======'machine_var_audits_switches_s_ricochet_3'====== Args={'value': 0, 'prev_value': None, 'change': True}
2019-11-27 21:41:44,816 : EventManager : Event: ======'machine_var_audits_switches_s_ricochet_4'====== Args={'value': 0, 'prev_value': None, 'change': True}
2019-11-27 21:41:44,816 : EventManager : Event: ======'machine_var_audits_switches_s_ricochet_5'====== Args={'value': 0, 'prev_value': None, 'change': True}
2019-11-27 21:41:44,816 : EventManager : Event: ======'machine_var_audits_switches_s_right_flipper'====== Args={'value': 53, 'prev_value': None, 'change': True}
2019-11-27 21:41:44,816 : EventManager : Event: ======'machine_var_audits_switches_s_right_hole'====== Args={'value': 0, 'prev_value': None, 'change': True}
2019-11-27 21:41:44,816 : EventManager : Event: ======'machine_var_audits_switches_s_right_inlane'====== Args={'value': 0, 'prev_value': None, 'change': True}
2019-11-27 21:41:44,816 : EventManager : Event: ======'machine_var_audits_switches_s_right_outlane'====== Args={'value': 0, 'prev_value': None, 'change': True}
2019-11-27 21:41:44,816 : EventManager : Event: ======'machine_var_audits_switches_s_right_ramp_made'====== Args={'value': 0, 'prev_value': None, 'change': True}
2019-11-27 21:41:44,816 : EventManager : Event: ======'machine_var_audits_switches_s_right_ramp_pre'====== Args={'value': 0, 'prev_value': None, 'change': True}
2019-11-27 21:41:44,817 : EventManager : Event: ======'machine_var_audits_switches_s_right_slingshot'====== Args={'value': 0, 'prev_value': None, 'change': True}
2019-11-27 21:41:44,817 : EventManager : Event: ======'machine_var_audits_switches_s_side_hole'====== Args={'value': 2, 'prev_value': None, 'change': True}
2019-11-27 21:41:44,817 : EventManager : Event: ======'machine_var_audits_switches_s_side_ramp_made'====== Args={'value': 0, 'prev_value': None, 'change': True}
2019-11-27 21:41:44,817 : EventManager : Event: ======'machine_var_audits_switches_s_side_ramp_pre'====== Args={'value': 0, 'prev_value': None, 'change': True}
2019-11-27 21:41:44,817 : EventManager : Event: ======'machine_var_audits_switches_s_start'====== Args={'value': 3, 'prev_value': None, 'change': True}
2019-11-27 21:41:44,817 : EventManager : Event: ======'machine_var_audits_switches_s_torpedo'====== Args={'value': 0, 'prev_value': None, 'change': True}
2019-11-27 21:41:44,817 : EventManager : Event: ======'machine_var_audits_switches_s_trough1'====== Args={'value': 4, 'prev_value': None, 'change': True}
2019-11-27 21:41:44,817 : EventManager : Event: ======'machine_var_audits_switches_s_trough2'====== Args={'value': 0, 'prev_value': None, 'change': True}
2019-11-27 21:41:44,817 : EventManager : Event: ======'machine_var_audits_switches_s_trough3'====== Args={'value': 0, 'prev_value': None, 'change': True}
2019-11-27 21:41:44,817 : EventManager : Event: ======'machine_var_audits_switches_s_trough4'====== Args={'value': 0, 'prev_value': None, 'change': True}
2019-11-27 21:41:44,817 : EventManager : Event: ======'machine_var_audits_switches_s_trough5'====== Args={'value': 0, 'prev_value': None, 'change': True}
2019-11-27 21:41:44,817 : EventManager : Event: ======'machine_var_audits_switches_s_trough6'====== Args={'value': 1, 'prev_value': None, 'change': True}
2019-11-27 21:41:44,817 : EventManager : Event: ======'machine_var_audits_switches_s_trough_jam'====== Args={'value': 0, 'prev_value': None, 'change': True}
2019-11-27 21:41:44,832 : EventManager : Event: ======'slides_play'====== Args={'settings': {'welcome_slide': {'target': 'window', 'background_color': [0.0, 0.0, 0.0, 1.0], 'priority': None, 'show': True, 'force': False, 'expire': None, 'slide': None, 'tokens': {}, 'action': 'play'}}, 'context': '_global', 'calling_context': 'init_done', 'priority': 0}
2019-11-27 21:41:44,832 : EventManager : Event: ======'mc_reset_phase_1'====== Args={}
2019-11-27 21:41:44,832 : mpfmc : SlidePlayer: Play called with settings={'welcome_slide': {'target': 'window', 'background_color': [0.0, 0.0, 0.0, 1.0], 'priority': None, 'show': True, 'force': False, 'expire': None, 'slide': None, 'tokens': {}, 'action': 'play'}}
2019-11-27 21:41:44,834 : EventManager : Event: ======'slide_welcome_slide_removed'====== Args={}
2019-11-27 21:41:44,844 : EventManager : Event: ======'slide_welcome_slide_created'====== Args={}
2019-11-27 21:41:44,845 : EventManager : Event: ======'mc_reset_phase_2'====== Args={}
2019-11-27 21:41:44,845 : EventManager : Event: ======'mc_reset_phase_3'====== Args={}
2019-11-27 21:41:44,845 : EventManager : Event: ======'mc_reset_complete'====== Args={}
2019-11-27 21:41:44,845 : EventManager : Event: ======'slide_welcome_slide_active'====== Args={}
2019-11-27 21:41:44,883 : EventManager : Event: ======'slides_play'====== Args={'settings': {'attract_started': {'target': 'window', 'background_color': [0.0, 0.0, 0.0, 1.0], 'priority': None, 'show': True, 'force': False, 'expire': None, 'slide': None, 'tokens': {}, 'action': 'play'}}, 'context': '_global', 'calling_context': 'mode_attract_started', 'priority': 0}
2019-11-27 21:41:44,883 : mpfmc : SlidePlayer: Play called with settings={'attract_started': {'target': 'window', 'background_color': [0.0, 0.0, 0.0, 1.0], 'priority': None, 'show': True, 'force': False, 'expire': None, 'slide': None, 'tokens': {}, 'action': 'play'}}
2019-11-27 21:41:44,892 : EventManager : Event: ======'slide_attract_started_created'====== Args={}
2019-11-27 21:41:44,900 : EventManager : Event: ======'slide_attract_started_active'====== Args={}
2019-11-27 21:46:14,282 : EventManager : Event: ======'game_started'====== Args={}
2019-11-27 21:46:14,282 : EventManager : Event: ======'player_added'====== Args={'player': <Player 1>, 'num': 1}
2019-11-27 21:46:14,283 : EventManager : Event: ======'player_index'====== Args={'value': 0, 'prev_value': 0, 'change': 0, 'player_num': 1}
2019-11-27 21:46:14,283 : EventManager : Event: ======'player_number'====== Args={'value': 1, 'prev_value': 1, 'change': 0, 'player_num': 1}
2019-11-27 21:46:14,283 : EventManager : Event: ======'player_score'====== Args={'value': 0, 'prev_value': 0, 'change': 0, 'player_num': 1}
2019-11-27 21:46:14,300 : EventManager : Event: ======'player_RecivedDMG'====== Args={'value': 1, 'prev_value': 0, 'change': 1, 'player_num': 1}
2019-11-27 21:46:14,300 : EventManager : Event: ======'player_DMGValue'====== Args={'value': 10000000, 'prev_value': 0, 'change': 10000000, 'player_num': 1}
2019-11-27 21:46:14,300 : EventManager : Event: ======'player_ball'====== Args={'value': 1, 'prev_value': 0, 'change': 1, 'player_num': 1}
2019-11-27 21:46:14,300 : EventManager : Event: ======'player_turn_start'====== Args={'number': 1, 'player': <Player 1>}
2019-11-27 21:46:14,449 : EventManager : Event: ======'machine_var_audits_switches_s_plunger'====== Args={'value': 62, 'prev_value': 61, 'change': 1}
2019-11-27 21:46:28,634 : EventManager : Event: ======'machine_var_audits_switches_s_left_flipper'====== Args={'value': 21, 'prev_value': 20, 'change': 1}
2019-11-27 21:46:29,301 : EventManager : Event: ======'machine_var_audits_switches_s_left_flipper'====== Args={'value': 22, 'prev_value': 21, 'change': 1}
2019-11-27 21:46:30,633 : EventManager : Event: ======'machine_var_audits_switches_s_left_flipper'====== Args={'value': 23, 'prev_value': 22, 'change': 1}
2019-11-27 21:46:32,750 : EventManager : Event: ======'machine_var_audits_switches_s_left_flipper'====== Args={'value': 24, 'prev_value': 23, 'change': 1}
2019-11-27 21:46:33,218 : EventManager : Event: ======'machine_var_audits_switches_s_left_flipper'====== Args={'value': 25, 'prev_value': 24, 'change': 1}
2019-11-27 21:46:33,568 : EventManager : Event: ======'machine_var_audits_switches_s_left_flipper'====== Args={'value': 26, 'prev_value': 25, 'change': 1}
2019-11-27 21:46:33,849 : EventManager : Event: ======'machine_var_audits_switches_s_left_flipper'====== Args={'value': 27, 'prev_value': 26, 'change': 1}
2019-11-27 21:46:34,200 : EventManager : Event: ======'machine_var_audits_switches_s_left_flipper'====== Args={'value': 28, 'prev_value': 27, 'change': 1}
2019-11-27 21:46:34,550 : EventManager : Event: ======'machine_var_audits_switches_s_left_flipper'====== Args={'value': 29, 'prev_value': 28, 'change': 1}
2019-11-27 21:46:34,901 : EventManager : Event: ======'machine_var_audits_switches_s_left_flipper'====== Args={'value': 30, 'prev_value': 29, 'change': 1}
2019-11-27 21:46:35,251 : EventManager : Event: ======'machine_var_audits_switches_s_left_flipper'====== Args={'value': 31, 'prev_value': 30, 'change': 1}
2019-11-27 21:46:35,583 : EventManager : Event: ======'machine_var_audits_switches_s_left_flipper'====== Args={'value': 32, 'prev_value': 31, 'change': 1}
2019-11-27 21:46:35,984 : EventManager : Event: ======'machine_var_audits_switches_s_left_flipper'====== Args={'value': 33, 'prev_value': 32, 'change': 1}
2019-11-27 21:46:36,384 : EventManager : Event: ======'machine_var_audits_switches_s_left_flipper'====== Args={'value': 34, 'prev_value': 33, 'change': 1}
2019-11-27 21:46:36,700 : EventManager : Event: ======'machine_var_audits_switches_s_left_flipper'====== Args={'value': 35, 'prev_value': 34, 'change': 1}
2019-11-27 21:46:38,068 : EventManager : Event: ======'machine_var_audits_switches_s_right_flipper'====== Args={'value': 54, 'prev_value': 53, 'change': 1}
2019-11-27 21:46:38,450 : EventManager : Event: ======'machine_var_audits_switches_s_right_flipper'====== Args={'value': 55, 'prev_value': 54, 'change': 1}
2019-11-27 21:46:38,733 : EventManager : Event: ======'machine_var_audits_switches_s_right_flipper'====== Args={'value': 56, 'prev_value': 55, 'change': 1}
2019-11-27 21:46:38,952 : EventManager : Event: ======'machine_var_audits_switches_s_right_flipper'====== Args={'value': 57, 'prev_value': 56, 'change': 1}
2019-11-27 21:46:39,133 : EventManager : Event: ======'machine_var_audits_switches_s_right_flipper'====== Args={'value': 58, 'prev_value': 57, 'change': 1}
2019-11-27 21:46:39,334 : EventManager : Event: ======'machine_var_audits_switches_s_right_flipper'====== Args={'value': 59, 'prev_value': 58, 'change': 1}
2019-11-27 21:46:39,600 : EventManager : Event: ======'machine_var_audits_switches_s_right_flipper'====== Args={'value': 60, 'prev_value': 59, 'change': 1}
2019-11-27 21:46:40,967 : EventManager : Event: ======'machine_var_audits_switches_s_left_flipper'====== Args={'value': 36, 'prev_value': 35, 'change': 1}
2019-11-27 21:46:41,402 : EventManager : Event: ======'machine_var_audits_switches_s_left_flipper'====== Args={'value': 37, 'prev_value': 36, 'change': 1}
2019-11-27 21:46:41,734 : EventManager : Event: ======'machine_var_audits_switches_s_left_flipper'====== Args={'value': 38, 'prev_value': 37, 'change': 1}
2019-11-27 21:46:42,033 : EventManager : Event: ======'machine_var_audits_switches_s_left_flipper'====== Args={'value': 39, 'prev_value': 38, 'change': 1}
2019-11-27 21:46:42,368 : EventManager : Event: ======'machine_var_audits_switches_s_left_flipper'====== Args={'value': 40, 'prev_value': 39, 'change': 1}
2019-11-27 21:46:42,701 : EventManager : Event: ======'machine_var_audits_switches_s_left_flipper'====== Args={'value': 41, 'prev_value': 40, 'change': 1}
2019-11-27 21:46:43,068 : EventManager : Event: ======'machine_var_audits_switches_s_left_flipper'====== Args={'value': 42, 'prev_value': 41, 'change': 1}
2019-11-27 21:46:43,634 : EventManager : Event: ======'machine_var_audits_switches_s_left_flipper'====== Args={'value': 43, 'prev_value': 42, 'change': 1}
2019-11-27 21:46:44,034 : EventManager : Event: ======'machine_var_audits_switches_s_left_flipper'====== Args={'value': 44, 'prev_value': 43, 'change': 1}
2019-11-27 21:46:44,400 : EventManager : Event: ======'machine_var_audits_switches_s_left_flipper'====== Args={'value': 45, 'prev_value': 44, 'change': 1}
2019-11-27 21:46:57,127 : kivy : WindowSDL: exiting mainloop and closing.
2019-11-27 21:46:57,242 : kivy : Base: Leaving application in progress...
2019-11-27 21:46:57,243 : mpfmc : Stopping...
2019-11-27 21:46:57,243 : EventManager : Event: ======'shutdown'====== Args={}
2019-11-27 21:46:57,243 : mpfmc : Loop rate 59.44 Hz
2019-11-27 21:46:57,243 : kivy : MC run loop ended.
2019-11-27 21:46:57,243 : kivy : Stopping child threads... (3 remaining)
2019-11-27 21:46:57,464 : mpfmc : Stopping...
2019-11-27 21:46:57,464 : EventManager : Event: ======'shutdown'====== Args={}
2019-11-27 21:46:57,464 : mpfmc : Loop rate 59.39 Hz
2019-11-27 21:46:57,472 : MPF-MC BCP Server : Stopping BCP sending thread
2019-11-27 21:46:57,645 : kivy : All child threads stopped.
