2019-11-14 21:30:32,365 : kivy : Factory: 184 symbols loaded
2019-11-14 21:30:32,461 : kivy : Image: Providers: img_tex, img_dds, img_sdl2, img_pil, img_gif (img_ffpyplayer ignored)
2019-11-14 21:30:32,511 : kivy : VideoGstplayer: Using Gstreamer 1.16.0.0
2019-11-14 21:30:32,511 : kivy : Video: Provider: gstplayer
2019-11-14 21:30:32,575 : kivy : Loading MPF-MC controller
2019-11-14 21:30:32,575 : mpfmc : Mission Pinball Framework Media Controller v0.53.0-dev.15
2019-11-14 21:30:32,575 : mpfmc : Mission Pinball Framework Game Engine v0.53.0-dev.68
2019-11-14 21:30:32,575 : mpfmc : Machine path: D:\mpf\wows\wows
2019-11-14 21:30:32,576 : ConfigProcessor : Config file in cache changed: D:\mpf\wows\wows\config\config
2019-11-14 21:30:32,577 : ConfigProcessor : Loading config from file c:\users\schol\appdata\local\programs\python\python36\lib\site-packages\mpfmc\mcconfig.yaml.
2019-11-14 21:30:32,621 : ConfigProcessor : Loading config: c:\users\schol\appdata\local\programs\python\python36\lib\site-packages\mpfmc\mcconfig.yaml
2019-11-14 21:30:32,628 : ConfigProcessor : Loading config from file D:\mpf\wows\wows\config\config.
2019-11-14 21:30:32,647 : ConfigProcessor : Loading config: D:\mpf\wows\wows\config\config
2019-11-14 21:30:32,648 : ConfigProcessor : Config file cache created: C:\Users\schol\AppData\Local\Temp\31418c17c7947b0b26bf3ae2a4803514.mpf_cache
2019-11-14 21:30:32,649 : mpfmc : Starting clock at 60.0Hz
2019-11-14 21:30:32,660 : kivy : Text: Provider: sdl2
2019-11-14 21:30:32,697 : kivy : Window: Provider: sdl2
2019-11-14 21:30:33,079 : kivy : GL: Using the "OpenGL" graphics system
2019-11-14 21:30:33,091 : kivy : GL: GLEW initialization succeeded
2019-11-14 21:30:33,091 : kivy : GL: Backend used <glew>
2019-11-14 21:30:33,091 : kivy : GL: OpenGL version <b'4.6.0 NVIDIA 388.13'>
2019-11-14 21:30:33,091 : kivy : GL: OpenGL vendor <b'NVIDIA Corporation'>
2019-11-14 21:30:33,091 : kivy : GL: OpenGL renderer <b'GeForce GTX 1060 6GB/PCIe/SSE2'>
2019-11-14 21:30:33,091 : kivy : GL: OpenGL parsed version: 4, 6
2019-11-14 21:30:33,091 : kivy : GL: Shading version <b'4.60 NVIDIA'>
2019-11-14 21:30:33,091 : kivy : GL: Texture max size <32768>
2019-11-14 21:30:33,091 : kivy : GL: Texture max units <32>
2019-11-14 21:30:33,107 : kivy : Window: auto add sdl2 input provider
2019-11-14 21:30:33,107 : kivy : Window: virtual keyboard not allowed, single mode, not docked
2019-11-14 21:30:33,114 : SoundSystem : SoundSystem: Using default 'sound_system' settings
2019-11-14 21:30:33,309 : AudioInterface : Initialized
2019-11-14 21:30:33,309 : SoundSystem : No audio tracks are specified in your machine config file. a track named 'default' has been created.
2019-11-14 21:30:33,311 : kivy : Base: Start application main loop
2019-11-14 21:30:33,311 : EventManager : Event: ======'display_window_initialized'====== Args={}
2019-11-14 21:30:33,350 : mpfmc : Display: Setting 'window' as default display
2019-11-14 21:30:33,355 : EventManager : Event: ======'displays_initialized'====== Args={}
2019-11-14 21:30:33,356 : EventManager : Event: ======'slide_window_blank_created'====== Args={}
2019-11-14 21:30:33,356 : EventManager : Event: ======'display_window_ready'====== Args={}
2019-11-14 21:30:33,364 : EventManager : Event: ======'init_phase_1'====== Args={}
2019-11-14 21:30:33,367 : EventManager : Event: ======'mc_ready'====== Args={}
2019-11-14 21:30:33,368 : EventManager : Event: ======'init_phase_2'====== Args={}
2019-11-14 21:30:33,368 : ConfigProcessor : Loading config from cache: C:\Users\schol\AppData\Local\Temp\d5fd805c5432c1441bf01a6268536a3d.mpf_cache
2019-11-14 21:30:33,369 : ConfigProcessor : Loading config from cache: C:\Users\schol\AppData\Local\Temp\5c4497fcd69d1d656c4b69a28e44c490.mpf_cache
2019-11-14 21:30:33,369 : EventManager : Event: ======'init_phase_3'====== Args={}
2019-11-14 21:30:33,370 : EventManager : Event: ======'init_phase_4'====== Args={}
2019-11-14 21:30:33,370 : EventManager : Event: ======'init_phase_5'====== Args={}
2019-11-14 21:30:33,370 : EventManager : Event: ======'init_done'====== Args={}
2019-11-14 21:30:33,370 : MPF-MC BCP Server : Starting up on localhost port 5050
2019-11-14 21:30:33,373 : MPF-MC BCP Server : Waiting for a connection...
2019-11-14 21:30:33,373 : mpfmc : SlidePlayer: Play called with settings={'slides': {welcome_slide-None-None: {'priority': None, 'target': None, 'background_color': [0.0, 0.0, 0.0, 1.0], 'show': True, 'force': False, 'expire': None, 'slide': None, 'tokens': {}, 'action': 'play', 'transition': None, 'transition_out': None}}}
2019-11-14 21:30:33,377 : kivy : GL: NPOT texture support is available
2019-11-14 21:30:33,378 : EventManager : Event: ======'slide_welcome_slide_created'====== Args={}
2019-11-14 21:30:33,380 : EventManager : Event: ======'slide_welcome_slide_active'====== Args={}
2019-11-14 21:30:33,418 : EventManager : Event: ======'client_disconnected'====== Args={'host': '127.0.0.1', 'port': 5050}
2019-11-14 21:30:34,502 : MPF-MC BCP Server : Received connection from: 127.0.0.1:55210
2019-11-14 21:30:34,510 : EventManager : Event: ======'client_connected'====== Args={'host': '127.0.0.1', 'port': 55210}
2019-11-14 21:30:34,522 : EventManager : Event: ======'machine_var_credits_string'====== Args={'value': 'FREE PLAY', 'prev_value': None, 'change': True}
2019-11-14 21:30:34,522 : EventManager : Event: ======'machine_var_mpf_version'====== Args={'value': 'MPF v0.53.0-dev.68', 'prev_value': None, 'change': True}
2019-11-14 21:30:34,522 : EventManager : Event: ======'machine_var_mpf_extended_version'====== Args={'value': 'MPF v0.53.0-dev.68, Config version:5, Show version: 5, BCP version:1.1', 'prev_value': None, 'change': True}
2019-11-14 21:30:34,522 : EventManager : Event: ======'machine_var_python_version'====== Args={'value': '3.6.4', 'prev_value': None, 'change': True}
2019-11-14 21:30:34,522 : EventManager : Event: ======'machine_var_platform'====== Args={'value': 'Windows-10-10.0.18362-SP0', 'prev_value': None, 'change': True}
2019-11-14 21:30:34,522 : EventManager : Event: ======'machine_var_platform_system'====== Args={'value': 'Windows', 'prev_value': None, 'change': True}
2019-11-14 21:30:34,522 : EventManager : Event: ======'machine_var_platform_release'====== Args={'value': '10', 'prev_value': None, 'change': True}
2019-11-14 21:30:34,522 : EventManager : Event: ======'machine_var_platform_version'====== Args={'value': '10.0.18362', 'prev_value': None, 'change': True}
2019-11-14 21:30:34,522 : EventManager : Event: ======'machine_var_platform_machine'====== Args={'value': 'AMD64', 'prev_value': None, 'change': True}
2019-11-14 21:30:34,522 : EventManager : Event: ======'machine_var_mc_version'====== Args={'value': 'MPF-MC v0.53.0-dev.15', 'prev_value': None, 'change': True}
2019-11-14 21:30:34,522 : EventManager : Event: ======'machine_var_mc_extended_version'====== Args={'value': 'MPF-MC v0.53.0-dev.15 (config_version=5, BCP v1.1, Requires MPF v0.53.0-dev.51)', 'prev_value': None, 'change': True}
2019-11-14 21:30:34,522 : EventManager : Event: ======'machine_var_master_volume'====== Args={'value': 0.5, 'prev_value': None, 'change': True}
2019-11-14 21:30:34,547 : EventManager : Event: ======'machine_var_audits_switches_s_left_flipper'====== Args={'value': 0, 'prev_value': None, 'change': True}
2019-11-14 21:30:34,547 : EventManager : Event: ======'machine_var_audits_switches_s_right_flipper'====== Args={'value': 0, 'prev_value': None, 'change': True}
2019-11-14 21:30:34,547 : EventManager : Event: ======'machine_var_audits_switches_s_trough1'====== Args={'value': 0, 'prev_value': None, 'change': True}
2019-11-14 21:30:34,547 : EventManager : Event: ======'machine_var_audits_switches_s_trough2'====== Args={'value': 0, 'prev_value': None, 'change': True}
2019-11-14 21:30:34,547 : EventManager : Event: ======'machine_var_audits_switches_s_trough3'====== Args={'value': 0, 'prev_value': None, 'change': True}
2019-11-14 21:30:34,547 : EventManager : Event: ======'machine_var_audits_switches_s_trough4'====== Args={'value': 0, 'prev_value': None, 'change': True}
2019-11-14 21:30:34,547 : EventManager : Event: ======'machine_var_audits_switches_s_trough5'====== Args={'value': 0, 'prev_value': None, 'change': True}
2019-11-14 21:30:34,547 : EventManager : Event: ======'machine_var_audits_switches_s_trough6'====== Args={'value': 0, 'prev_value': None, 'change': True}
2019-11-14 21:30:34,547 : EventManager : Event: ======'machine_var_audits_switches_s_trough_jam'====== Args={'value': 0, 'prev_value': None, 'change': True}
2019-11-14 21:30:34,547 : EventManager : Event: ======'machine_var_audits_switches_s_plunger'====== Args={'value': 0, 'prev_value': None, 'change': True}
2019-11-14 21:30:34,547 : EventManager : Event: ======'machine_var_audits_switches_s_start'====== Args={'value': 0, 'prev_value': None, 'change': True}
2019-11-14 21:30:34,547 : EventManager : Event: ======'machine_var_audits_switches_s_right_inlane'====== Args={'value': 0, 'prev_value': None, 'change': True}
2019-11-14 21:30:34,547 : EventManager : Event: ======'machine_var_audits_player_score'====== Args={'value': {'top': [], 'average': 0, 'total': 0}, 'prev_value': None, 'change': True}
2019-11-14 21:30:34,559 : EventManager : Event: ======'slides_play'====== Args={'settings': {'welcome_slide': {'target': None, 'background_color': [0.0, 0.0, 0.0, 1.0], 'priority': None, 'show': True, 'force': False, 'expire': None, 'slide': None, 'tokens': {}, 'action': 'play'}}, 'context': '_global', 'calling_context': 'init_done', 'priority': 0}
2019-11-14 21:30:34,559 : EventManager : Event: ======'mc_reset_phase_1'====== Args={}
2019-11-14 21:30:34,559 : mpfmc : SlidePlayer: Play called with settings={'welcome_slide': {'target': None, 'background_color': [0.0, 0.0, 0.0, 1.0], 'priority': None, 'show': True, 'force': False, 'expire': None, 'slide': None, 'tokens': {}, 'action': 'play'}}
2019-11-14 21:30:34,560 : EventManager : Event: ======'slide_welcome_slide_removed'====== Args={}
2019-11-14 21:30:34,562 : EventManager : Event: ======'slide_welcome_slide_created'====== Args={}
2019-11-14 21:30:34,562 : EventManager : Event: ======'mc_reset_phase_2'====== Args={}
2019-11-14 21:30:34,562 : EventManager : Event: ======'mc_reset_phase_3'====== Args={}
2019-11-14 21:30:34,562 : EventManager : Event: ======'mc_reset_complete'====== Args={}
2019-11-14 21:30:34,563 : EventManager : Event: ======'slide_welcome_slide_active'====== Args={}
2019-11-14 21:30:34,569 : EventManager : Event: ======'slides_play'====== Args={'settings': {'attract_started': {'target': None, 'background_color': [0.0, 0.0, 0.0, 1.0], 'priority': None, 'show': True, 'force': False, 'expire': None, 'slide': None, 'tokens': {}, 'action': 'play'}}, 'context': '_global', 'calling_context': 'mode_attract_started', 'priority': 0}
2019-11-14 21:30:34,569 : mpfmc : SlidePlayer: Play called with settings={'attract_started': {'target': None, 'background_color': [0.0, 0.0, 0.0, 1.0], 'priority': None, 'show': True, 'force': False, 'expire': None, 'slide': None, 'tokens': {}, 'action': 'play'}}
2019-11-14 21:30:34,572 : EventManager : Event: ======'slide_attract_started_created'====== Args={}
2019-11-14 21:30:34,573 : EventManager : Event: ======'slide_attract_started_active'====== Args={}
