2019-11-16 16:13:53,720 : kivy : Factory: 184 symbols loaded
2019-11-16 16:13:53,818 : kivy : Image: Providers: img_tex, img_dds, img_sdl2, img_pil, img_gif (img_ffpyplayer ignored)
2019-11-16 16:13:53,870 : kivy : VideoGstplayer: Using Gstreamer 1.16.0.0
2019-11-16 16:13:53,870 : kivy : Video: Provider: gstplayer
2019-11-16 16:13:53,932 : kivy : Loading MPF-MC controller
2019-11-16 16:13:53,933 : mpfmc : Mission Pinball Framework Media Controller v0.53.0-dev.15
2019-11-16 16:13:53,933 : mpfmc : Mission Pinball Framework Game Engine v0.53.0-dev.68
2019-11-16 16:13:53,933 : mpfmc : Machine path: D:\mpf\wows\wows
2019-11-16 16:13:53,934 : ConfigProcessor : Config file in cache changed: D:\mpf\wows\wows\config\config
2019-11-16 16:13:53,934 : ConfigProcessor : Loading config from file c:\users\schol\appdata\local\programs\python\python36\lib\site-packages\mpfmc\mcconfig.yaml.
2019-11-16 16:13:53,977 : ConfigProcessor : Loading config: c:\users\schol\appdata\local\programs\python\python36\lib\site-packages\mpfmc\mcconfig.yaml
2019-11-16 16:13:53,984 : ConfigProcessor : Loading config from file D:\mpf\wows\wows\config\config.
2019-11-16 16:13:54,039 : ConfigProcessor : Loading config: D:\mpf\wows\wows\config\config
2019-11-16 16:13:54,041 : ConfigProcessor : Config file cache created: C:\Users\schol\AppData\Local\Temp\31418c17c7947b0b26bf3ae2a4803514.mpf_cache
2019-11-16 16:13:54,041 : mpfmc : Starting clock at 60.0Hz
2019-11-16 16:13:54,052 : kivy : Text: Provider: sdl2
2019-11-16 16:13:54,088 : kivy : Window: Provider: sdl2
2019-11-16 16:13:54,432 : kivy : GL: Using the "OpenGL" graphics system
2019-11-16 16:13:54,435 : kivy : GL: GLEW initialization succeeded
2019-11-16 16:13:54,435 : kivy : GL: Backend used <glew>
2019-11-16 16:13:54,435 : kivy : GL: OpenGL version <b'4.6.0 NVIDIA 388.13'>
2019-11-16 16:13:54,435 : kivy : GL: OpenGL vendor <b'NVIDIA Corporation'>
2019-11-16 16:13:54,435 : kivy : GL: OpenGL renderer <b'GeForce GTX 1060 6GB/PCIe/SSE2'>
2019-11-16 16:13:54,435 : kivy : GL: OpenGL parsed version: 4, 6
2019-11-16 16:13:54,435 : kivy : GL: Shading version <b'4.60 NVIDIA'>
2019-11-16 16:13:54,436 : kivy : GL: Texture max size <32768>
2019-11-16 16:13:54,436 : kivy : GL: Texture max units <32>
2019-11-16 16:13:54,450 : kivy : Window: auto add sdl2 input provider
2019-11-16 16:13:54,451 : kivy : Window: virtual keyboard not allowed, single mode, not docked
2019-11-16 16:13:54,458 : SoundSystem : SoundSystem: Using default 'sound_system' settings
2019-11-16 16:13:54,643 : AudioInterface : Initialized
2019-11-16 16:13:54,643 : SoundSystem : No audio tracks are specified in your machine config file. a track named 'default' has been created.
2019-11-16 16:13:54,645 : kivy : Base: Start application main loop
2019-11-16 16:13:54,645 : EventManager : Event: ======'display_window_initialized'====== Args={}
2019-11-16 16:13:54,645 : EventManager : Event: ======'display_dmd_initialized'====== Args={}
2019-11-16 16:13:54,682 : mpfmc : Display: Setting 'dmd' as default display
2019-11-16 16:13:54,688 : EventManager : Event: ======'displays_initialized'====== Args={}
2019-11-16 16:13:54,689 : EventManager : Event: ======'slide_window_blank_created'====== Args={}
2019-11-16 16:13:54,689 : EventManager : Event: ======'display_window_ready'====== Args={}
2019-11-16 16:13:54,690 : EventManager : Event: ======'slide_dmd_blank_created'====== Args={}
2019-11-16 16:13:54,690 : EventManager : Event: ======'display_dmd_ready'====== Args={}
2019-11-16 16:13:54,699 : EventManager : Event: ======'init_phase_1'====== Args={}
2019-11-16 16:13:54,701 : EventManager : Event: ======'mc_ready'====== Args={}
2019-11-16 16:13:54,702 : EventManager : Event: ======'init_phase_2'====== Args={}
2019-11-16 16:13:54,702 : ConfigProcessor : Loading config from cache: C:\Users\schol\AppData\Local\Temp\5c4497fcd69d1d656c4b69a28e44c490.mpf_cache
2019-11-16 16:13:54,703 : ConfigProcessor : Loading config from cache: C:\Users\schol\AppData\Local\Temp\a327e3a062200f866ce963b9d13b0dd9.mpf_cache
2019-11-16 16:13:54,708 : ConfigProcessor : Loading config from cache: C:\Users\schol\AppData\Local\Temp\d5fd805c5432c1441bf01a6268536a3d.mpf_cache
2019-11-16 16:13:54,709 : EventManager : Event: ======'init_phase_3'====== Args={}
2019-11-16 16:13:54,709 : EventManager : Event: ======'init_phase_4'====== Args={}
2019-11-16 16:13:54,709 : EventManager : Event: ======'init_phase_5'====== Args={}
2019-11-16 16:13:54,709 : EventManager : Event: ======'init_done'====== Args={}
2019-11-16 16:13:54,710 : MPF-MC BCP Server : Starting up on localhost port 5050
2019-11-16 16:13:54,712 : MPF-MC BCP Server : Waiting for a connection...
2019-11-16 16:13:54,712 : mpfmc : SlidePlayer: Play called with settings={'slides': {welcome_slide-None-None: {'target': 'window', 'priority': None, 'background_color': [0.0, 0.0, 0.0, 1.0], 'show': True, 'force': False, 'expire': None, 'slide': None, 'tokens': {}, 'action': 'play', 'transition': None, 'transition_out': None}}}
2019-11-16 16:13:54,715 : kivy : GL: NPOT texture support is available
2019-11-16 16:13:54,729 : EventManager : Event: ======'slide_welcome_slide_created'====== Args={}
2019-11-16 16:13:54,740 : EventManager : Event: ======'slide_welcome_slide_active'====== Args={}
2019-11-16 16:13:54,777 : EventManager : Event: ======'client_disconnected'====== Args={'host': '127.0.0.1', 'port': 5050}
2019-11-16 16:13:55,877 : MPF-MC BCP Server : Received connection from: 127.0.0.1:61075
2019-11-16 16:13:55,878 : EventManager : Event: ======'client_connected'====== Args={'host': '127.0.0.1', 'port': 61075}
2019-11-16 16:13:55,894 : EventManager : Event: ======'machine_var_credits_string'====== Args={'value': 'FREE PLAY', 'prev_value': None, 'change': True}
2019-11-16 16:13:55,894 : EventManager : Event: ======'machine_var_player1_score'====== Args={'value': 0, 'prev_value': None, 'change': True}
2019-11-16 16:13:55,894 : EventManager : Event: ======'machine_var_mpf_version'====== Args={'value': 'MPF v0.53.0-dev.68', 'prev_value': None, 'change': True}
2019-11-16 16:13:55,894 : EventManager : Event: ======'machine_var_mpf_extended_version'====== Args={'value': 'MPF v0.53.0-dev.68, Config version:5, Show version: 5, BCP version:1.1', 'prev_value': None, 'change': True}
2019-11-16 16:13:55,894 : EventManager : Event: ======'machine_var_python_version'====== Args={'value': '3.6.4', 'prev_value': None, 'change': True}
2019-11-16 16:13:55,894 : EventManager : Event: ======'machine_var_platform'====== Args={'value': 'Windows-10-10.0.18362-SP0', 'prev_value': None, 'change': True}
2019-11-16 16:13:55,895 : EventManager : Event: ======'machine_var_platform_system'====== Args={'value': 'Windows', 'prev_value': None, 'change': True}
2019-11-16 16:13:55,895 : EventManager : Event: ======'machine_var_platform_release'====== Args={'value': '10', 'prev_value': None, 'change': True}
2019-11-16 16:13:55,895 : EventManager : Event: ======'machine_var_platform_version'====== Args={'value': '10.0.18362', 'prev_value': None, 'change': True}
2019-11-16 16:13:55,895 : EventManager : Event: ======'machine_var_platform_machine'====== Args={'value': 'AMD64', 'prev_value': None, 'change': True}
2019-11-16 16:13:55,895 : EventManager : Event: ======'machine_var_mc_version'====== Args={'value': 'MPF-MC v0.53.0-dev.15', 'prev_value': None, 'change': True}
2019-11-16 16:13:55,895 : EventManager : Event: ======'machine_var_mc_extended_version'====== Args={'value': 'MPF-MC v0.53.0-dev.15 (config_version=5, BCP v1.1, Requires MPF v0.53.0-dev.51)', 'prev_value': None, 'change': True}
2019-11-16 16:13:55,895 : EventManager : Event: ======'machine_var_master_volume'====== Args={'value': 0.5, 'prev_value': None, 'change': True}
2019-11-16 16:13:55,944 : EventManager : Event: ======'machine_var_audits_events_game_ended'====== Args={'value': 1, 'prev_value': None, 'change': True}
2019-11-16 16:13:55,944 : EventManager : Event: ======'machine_var_audits_events_game_started'====== Args={'value': 7, 'prev_value': None, 'change': True}
2019-11-16 16:13:55,944 : EventManager : Event: ======'machine_var_audits_player_score'====== Args={'value': {'average': 0.0, 'top': [0], 'total': 1}, 'prev_value': None, 'change': True}
2019-11-16 16:13:55,945 : EventManager : Event: ======'machine_var_audits_switches_s_bumper_1'====== Args={'value': 0, 'prev_value': None, 'change': True}
2019-11-16 16:13:55,945 : EventManager : Event: ======'machine_var_audits_switches_s_bumper_2'====== Args={'value': 0, 'prev_value': None, 'change': True}
2019-11-16 16:13:55,945 : EventManager : Event: ======'machine_var_audits_switches_s_bumper_3'====== Args={'value': 0, 'prev_value': None, 'change': True}
2019-11-16 16:13:55,945 : EventManager : Event: ======'machine_var_audits_switches_s_center_ramp'====== Args={'value': 0, 'prev_value': None, 'change': True}
2019-11-16 16:13:55,945 : EventManager : Event: ======'machine_var_audits_switches_s_citadel'====== Args={'value': 0, 'prev_value': None, 'change': True}
2019-11-16 16:13:55,945 : EventManager : Event: ======'machine_var_audits_switches_s_citadel_lock'====== Args={'value': 0, 'prev_value': None, 'change': True}
2019-11-16 16:13:55,945 : EventManager : Event: ======'machine_var_audits_switches_s_detonation'====== Args={'value': 0, 'prev_value': None, 'change': True}
2019-11-16 16:13:55,945 : EventManager : Event: ======'machine_var_audits_switches_s_dmg_1'====== Args={'value': 0, 'prev_value': None, 'change': True}
2019-11-16 16:13:55,945 : EventManager : Event: ======'machine_var_audits_switches_s_dmg_2'====== Args={'value': 0, 'prev_value': None, 'change': True}
2019-11-16 16:13:55,945 : EventManager : Event: ======'machine_var_audits_switches_s_dmg_3'====== Args={'value': 0, 'prev_value': None, 'change': True}
2019-11-16 16:13:55,945 : EventManager : Event: ======'machine_var_audits_switches_s_dmg_4'====== Args={'value': 0, 'prev_value': None, 'change': True}
2019-11-16 16:13:55,945 : EventManager : Event: ======'machine_var_audits_switches_s_dmg_5'====== Args={'value': 0, 'prev_value': None, 'change': True}
2019-11-16 16:13:55,945 : EventManager : Event: ======'machine_var_audits_switches_s_dmg_6'====== Args={'value': 0, 'prev_value': None, 'change': True}
2019-11-16 16:13:55,945 : EventManager : Event: ======'machine_var_audits_switches_s_dmg_7'====== Args={'value': 0, 'prev_value': None, 'change': True}
2019-11-16 16:13:55,946 : EventManager : Event: ======'machine_var_audits_switches_s_drop_target'====== Args={'value': 0, 'prev_value': None, 'change': True}
2019-11-16 16:13:55,946 : EventManager : Event: ======'machine_var_audits_switches_s_jet_hole'====== Args={'value': 0, 'prev_value': None, 'change': True}
2019-11-16 16:13:55,946 : EventManager : Event: ======'machine_var_audits_switches_s_jet_lane'====== Args={'value': 0, 'prev_value': None, 'change': True}
2019-11-16 16:13:55,946 : EventManager : Event: ======'machine_var_audits_switches_s_kickback'====== Args={'value': 0, 'prev_value': None, 'change': True}
2019-11-16 16:13:55,946 : EventManager : Event: ======'machine_var_audits_switches_s_kickback_target_2'====== Args={'value': 0, 'prev_value': None, 'change': True}
2019-11-16 16:13:55,946 : EventManager : Event: ======'machine_var_audits_switches_s_kickback_target_3'====== Args={'value': 0, 'prev_value': None, 'change': True}
2019-11-16 16:13:55,946 : EventManager : Event: ======'machine_var_audits_switches_s_kickback_terget_1'====== Args={'value': 0, 'prev_value': None, 'change': True}
2019-11-16 16:13:55,946 : EventManager : Event: ======'machine_var_audits_switches_s_left_flipper'====== Args={'value': 0, 'prev_value': None, 'change': True}
2019-11-16 16:13:55,946 : EventManager : Event: ======'machine_var_audits_switches_s_left_hole'====== Args={'value': 0, 'prev_value': None, 'change': True}
2019-11-16 16:13:55,946 : EventManager : Event: ======'machine_var_audits_switches_s_left_inlane'====== Args={'value': 0, 'prev_value': None, 'change': True}
2019-11-16 16:13:55,946 : EventManager : Event: ======'machine_var_audits_switches_s_left_loop_made'====== Args={'value': 0, 'prev_value': None, 'change': True}
2019-11-16 16:13:55,946 : EventManager : Event: ======'machine_var_audits_switches_s_left_loop_pre'====== Args={'value': 0, 'prev_value': None, 'change': True}
2019-11-16 16:13:55,946 : EventManager : Event: ======'machine_var_audits_switches_s_left_mid_inlane'====== Args={'value': 0, 'prev_value': None, 'change': True}
2019-11-16 16:13:55,947 : EventManager : Event: ======'machine_var_audits_switches_s_left_outlane'====== Args={'value': 0, 'prev_value': None, 'change': True}
2019-11-16 16:13:55,947 : EventManager : Event: ======'machine_var_audits_switches_s_left_ramp_made'====== Args={'value': 0, 'prev_value': None, 'change': True}
2019-11-16 16:13:55,947 : EventManager : Event: ======'machine_var_audits_switches_s_left_ramp_pre'====== Args={'value': 0, 'prev_value': None, 'change': True}
2019-11-16 16:13:55,947 : EventManager : Event: ======'machine_var_audits_switches_s_left_slingshot'====== Args={'value': 0, 'prev_value': None, 'change': True}
2019-11-16 16:13:55,947 : EventManager : Event: ======'machine_var_audits_switches_s_lock_1'====== Args={'value': 0, 'prev_value': None, 'change': True}
2019-11-16 16:13:55,947 : EventManager : Event: ======'machine_var_audits_switches_s_lock_2'====== Args={'value': 0, 'prev_value': None, 'change': True}
2019-11-16 16:13:55,947 : EventManager : Event: ======'machine_var_audits_switches_s_lock_3'====== Args={'value': 0, 'prev_value': None, 'change': True}
2019-11-16 16:13:55,947 : EventManager : Event: ======'machine_var_audits_switches_s_main_hole'====== Args={'value': 0, 'prev_value': None, 'change': True}
2019-11-16 16:13:55,947 : EventManager : Event: ======'machine_var_audits_switches_s_pen_1'====== Args={'value': 0, 'prev_value': None, 'change': True}
2019-11-16 16:13:55,947 : EventManager : Event: ======'machine_var_audits_switches_s_pen_2'====== Args={'value': 0, 'prev_value': None, 'change': True}
2019-11-16 16:13:55,947 : EventManager : Event: ======'machine_var_audits_switches_s_pen_3'====== Args={'value': 0, 'prev_value': None, 'change': True}
2019-11-16 16:13:55,947 : EventManager : Event: ======'machine_var_audits_switches_s_pen_4'====== Args={'value': 0, 'prev_value': None, 'change': True}
2019-11-16 16:13:55,947 : EventManager : Event: ======'machine_var_audits_switches_s_pen_5'====== Args={'value': 0, 'prev_value': None, 'change': True}
2019-11-16 16:13:55,947 : EventManager : Event: ======'machine_var_audits_switches_s_pen_6'====== Args={'value': 0, 'prev_value': None, 'change': True}
2019-11-16 16:13:55,948 : EventManager : Event: ======'machine_var_audits_switches_s_plunger'====== Args={'value': 12, 'prev_value': None, 'change': True}
2019-11-16 16:13:55,948 : EventManager : Event: ======'machine_var_audits_switches_s_plunger_button'====== Args={'value': 0, 'prev_value': None, 'change': True}
2019-11-16 16:13:55,948 : EventManager : Event: ======'machine_var_audits_switches_s_ricochet_1'====== Args={'value': 0, 'prev_value': None, 'change': True}
2019-11-16 16:13:55,948 : EventManager : Event: ======'machine_var_audits_switches_s_ricochet_2'====== Args={'value': 0, 'prev_value': None, 'change': True}
2019-11-16 16:13:55,948 : EventManager : Event: ======'machine_var_audits_switches_s_ricochet_3'====== Args={'value': 0, 'prev_value': None, 'change': True}
2019-11-16 16:13:55,948 : EventManager : Event: ======'machine_var_audits_switches_s_ricochet_4'====== Args={'value': 0, 'prev_value': None, 'change': True}
2019-11-16 16:13:55,948 : EventManager : Event: ======'machine_var_audits_switches_s_ricochet_5'====== Args={'value': 0, 'prev_value': None, 'change': True}
2019-11-16 16:13:55,948 : EventManager : Event: ======'machine_var_audits_switches_s_right_flipper'====== Args={'value': 0, 'prev_value': None, 'change': True}
2019-11-16 16:13:55,948 : EventManager : Event: ======'machine_var_audits_switches_s_right_hole'====== Args={'value': 0, 'prev_value': None, 'change': True}
2019-11-16 16:13:55,948 : EventManager : Event: ======'machine_var_audits_switches_s_right_inlane'====== Args={'value': 0, 'prev_value': None, 'change': True}
2019-11-16 16:13:55,948 : EventManager : Event: ======'machine_var_audits_switches_s_right_outlane'====== Args={'value': 0, 'prev_value': None, 'change': True}
2019-11-16 16:13:55,948 : EventManager : Event: ======'machine_var_audits_switches_s_right_ramp_made'====== Args={'value': 0, 'prev_value': None, 'change': True}
2019-11-16 16:13:55,948 : EventManager : Event: ======'machine_var_audits_switches_s_right_ramp_pre'====== Args={'value': 0, 'prev_value': None, 'change': True}
2019-11-16 16:13:55,949 : EventManager : Event: ======'machine_var_audits_switches_s_right_slingshot'====== Args={'value': 0, 'prev_value': None, 'change': True}
2019-11-16 16:13:55,949 : EventManager : Event: ======'machine_var_audits_switches_s_side_hole'====== Args={'value': 0, 'prev_value': None, 'change': True}
2019-11-16 16:13:55,949 : EventManager : Event: ======'machine_var_audits_switches_s_side_ramp_made'====== Args={'value': 0, 'prev_value': None, 'change': True}
2019-11-16 16:13:55,949 : EventManager : Event: ======'machine_var_audits_switches_s_side_ramp_pre'====== Args={'value': 0, 'prev_value': None, 'change': True}
2019-11-16 16:13:55,949 : EventManager : Event: ======'machine_var_audits_switches_s_start'====== Args={'value': 3, 'prev_value': None, 'change': True}
2019-11-16 16:13:55,949 : EventManager : Event: ======'machine_var_audits_switches_s_torpedo'====== Args={'value': 0, 'prev_value': None, 'change': True}
2019-11-16 16:13:55,949 : EventManager : Event: ======'machine_var_audits_switches_s_trough1'====== Args={'value': 4, 'prev_value': None, 'change': True}
2019-11-16 16:13:55,949 : EventManager : Event: ======'machine_var_audits_switches_s_trough2'====== Args={'value': 0, 'prev_value': None, 'change': True}
2019-11-16 16:13:55,961 : EventManager : Event: ======'machine_var_audits_switches_s_trough3'====== Args={'value': 0, 'prev_value': None, 'change': True}
2019-11-16 16:13:55,961 : EventManager : Event: ======'machine_var_audits_switches_s_trough4'====== Args={'value': 0, 'prev_value': None, 'change': True}
2019-11-16 16:13:55,961 : EventManager : Event: ======'machine_var_audits_switches_s_trough5'====== Args={'value': 0, 'prev_value': None, 'change': True}
2019-11-16 16:13:55,961 : EventManager : Event: ======'machine_var_audits_switches_s_trough6'====== Args={'value': 1, 'prev_value': None, 'change': True}
2019-11-16 16:13:55,961 : EventManager : Event: ======'machine_var_audits_switches_s_trough_jam'====== Args={'value': 0, 'prev_value': None, 'change': True}
2019-11-16 16:13:55,994 : EventManager : Event: ======'slides_play'====== Args={'settings': {'welcome_slide': {'target': 'window', 'background_color': [0.0, 0.0, 0.0, 1.0], 'priority': None, 'show': True, 'force': False, 'expire': None, 'slide': None, 'tokens': {}, 'action': 'play'}}, 'context': '_global', 'calling_context': 'init_done', 'priority': 0}
2019-11-16 16:13:55,994 : EventManager : Event: ======'mc_reset_phase_1'====== Args={}
2019-11-16 16:13:55,994 : mpfmc : SlidePlayer: Play called with settings={'welcome_slide': {'target': 'window', 'background_color': [0.0, 0.0, 0.0, 1.0], 'priority': None, 'show': True, 'force': False, 'expire': None, 'slide': None, 'tokens': {}, 'action': 'play'}}
2019-11-16 16:13:55,996 : EventManager : Event: ======'slide_welcome_slide_removed'====== Args={}
2019-11-16 16:13:56,006 : EventManager : Event: ======'slide_welcome_slide_created'====== Args={}
2019-11-16 16:13:56,007 : EventManager : Event: ======'mc_reset_phase_2'====== Args={}
2019-11-16 16:13:56,007 : EventManager : Event: ======'mc_reset_phase_3'====== Args={}
2019-11-16 16:13:56,007 : EventManager : Event: ======'mc_reset_complete'====== Args={}
2019-11-16 16:13:56,008 : EventManager : Event: ======'slide_welcome_slide_active'====== Args={}
2019-11-16 16:13:56,045 : EventManager : Event: ======'slides_play'====== Args={'settings': {'attract_started': {'target': 'window', 'background_color': [0.0, 0.0, 0.0, 1.0], 'priority': None, 'show': True, 'force': False, 'expire': None, 'slide': None, 'tokens': {}, 'action': 'play'}}, 'context': '_global', 'calling_context': 'mode_attract_started', 'priority': 0}
2019-11-16 16:13:56,045 : mpfmc : SlidePlayer: Play called with settings={'attract_started': {'target': 'window', 'background_color': [0.0, 0.0, 0.0, 1.0], 'priority': None, 'show': True, 'force': False, 'expire': None, 'slide': None, 'tokens': {}, 'action': 'play'}}
2019-11-16 16:13:56,054 : EventManager : Event: ======'slide_attract_started_created'====== Args={}
2019-11-16 16:13:56,063 : EventManager : Event: ======'slide_attract_started_active'====== Args={}
2019-11-16 16:14:03,045 : EventManager : Event: ======'game_started'====== Args={}
2019-11-16 16:14:03,062 : EventManager : Event: ======'player_added'====== Args={'player': <Player 1>, 'num': 1}
2019-11-16 16:14:03,063 : EventManager : Event: ======'player_index'====== Args={'value': 0, 'prev_value': 0, 'change': 0, 'player_num': 1}
2019-11-16 16:14:03,063 : EventManager : Event: ======'player_number'====== Args={'value': 1, 'prev_value': 1, 'change': 0, 'player_num': 1}
2019-11-16 16:14:03,063 : EventManager : Event: ======'player_score'====== Args={'value': 0, 'prev_value': 0, 'change': 0, 'player_num': 1}
2019-11-16 16:14:03,078 : EventManager : Event: ======'player_ball'====== Args={'value': 1, 'prev_value': 0, 'change': 1, 'player_num': 1}
2019-11-16 16:14:03,078 : EventManager : Event: ======'player_turn_start'====== Args={'number': 1, 'player': <Player 1>}
2019-11-16 16:14:03,112 : EventManager : Event: ======'slides_play'====== Args={'settings': {'widgets': {'widgets': [{'type': 'text', 'text': '(score)', 'number_grouping': True, 'min_digits': 2, 'font_size': 30, 'color': [1.0, 0.0, 0.0, 1], '_default_settings': ['type', 'text', 'number_grouping', 'min_digits', 'font_size', 'color'], 'x': None, 'y': None, 'anchor_x': 'center', 'anchor_y': 'center', 'round_anchor_x': None, 'round_anchor_y': None, 'opacity': 1.0, 'z': 0, 'reset_animations_events': {}, 'style': [], 'adjust_top': 0, 'adjust_bottom': 0, 'adjust_left': 0, 'adjust_right': 0, 'expire': None, 'key': None, 'widget': None, 'events_when_added': [], 'events_when_removed': [], 'bitmap_font': False, 'font_kerning': True, 'bold': False, 'italic': False, 'halign': 'center', 'valign': 'middle', 'rotation': 0, 'scale': 1.0, 'casing': None, 'animations': None}, {'type': 'text', 'text': 'PLAYER (number)', 'y': '20', 'x': '0', 'font_size': 10, 'anchor_x': 'left', 'anchor_y': 'bottom', 'color': [0.0, 0.0, 1.0, 1], '_default_settings': ['type', 'text', 'y', 'x', 'font_size', 'anchor_x', 'anchor_y', 'color'], 'round_anchor_x': None, 'round_anchor_y': None, 'opacity': 1.0, 'z': 0, 'reset_animations_events': {}, 'style': [], 'adjust_top': 0, 'adjust_bottom': 0, 'adjust_left': 0, 'adjust_right': 0, 'expire': None, 'key': None, 'widget': None, 'events_when_added': [], 'events_when_removed': [], 'bitmap_font': False, 'font_kerning': True, 'bold': False, 'italic': False, 'number_grouping': False, 'min_digits': 0, 'halign': 'center', 'valign': 'middle', 'rotation': 0, 'scale': 1.0, 'casing': None, 'animations': None}, {'type': 'text', 'text': 'BALL (ball)', 'y': '0', 'x': 'right-10', 'anchor_x': 'right', 'anchor_y': 'bottom', 'font_size': 10, 'color': [0.0, 0.5019607843137255, 0.0, 1], '_default_settings': ['type', 'text', 'y', 'x', 'anchor_x', 'anchor_y', 'font_size', 'color'], 'round_anchor_x': None, 'round_anchor_y': None, 'opacity': 1.0, 'z': 0, 'reset_animations_events': {}, 'style': [], 'adjust_top': 0, 'adjust_bottom': 0, 'adjust_left': 0, 'adjust_right': 0, 'expire': None, 'key': None, 'widget': None, 'events_when_added': [], 'events_when_removed': [], 'bitmap_font': False, 'font_kerning': True, 'bold': False, 'italic': False, 'number_grouping': False, 'min_digits': 0, 'halign': 'center', 'valign': 'middle', 'rotation': 0, 'scale': 1.0, 'casing': None, 'animations': None}], 'target': None, 'background_color': [0.0, 0.0, 0.0, 1.0], 'priority': None, 'show': True, 'force': False, 'expire': None, 'slide': None, 'tokens': {}, 'action': 'play'}}, 'context': 'base', 'calling_context': 'mode_base_started', 'priority': 100, 'queue': '<QueuedEvent>', 'player': 1, 'ball': 1, 'balls_remaining': 2, 'is_extra_ball': False}
2019-11-16 16:14:03,112 : mpfmc : SlidePlayer: Play called with settings={'widgets': {'widgets': [{'type': 'text', 'text': '(score)', 'number_grouping': True, 'min_digits': 2, 'font_size': 30, 'color': [1.0, 0.0, 0.0, 1], '_default_settings': ['type', 'text', 'number_grouping', 'min_digits', 'font_size', 'color'], 'x': None, 'y': None, 'anchor_x': 'center', 'anchor_y': 'center', 'round_anchor_x': None, 'round_anchor_y': None, 'opacity': 1.0, 'z': 0, 'reset_animations_events': {}, 'style': [], 'adjust_top': 0, 'adjust_bottom': 0, 'adjust_left': 0, 'adjust_right': 0, 'expire': None, 'key': None, 'widget': None, 'events_when_added': [], 'events_when_removed': [], 'bitmap_font': False, 'font_kerning': True, 'bold': False, 'italic': False, 'halign': 'center', 'valign': 'middle', 'rotation': 0, 'scale': 1.0, 'casing': None, 'animations': None}, {'type': 'text', 'text': 'PLAYER (number)', 'y': '20', 'x': '0', 'font_size': 10, 'anchor_x': 'left', 'anchor_y': 'bottom', 'color': [0.0, 0.0, 1.0, 1], '_default_settings': ['type', 'text', 'y', 'x', 'font_size', 'anchor_x', 'anchor_y', 'color'], 'round_anchor_x': None, 'round_anchor_y': None, 'opacity': 1.0, 'z': 0, 'reset_animations_events': {}, 'style': [], 'adjust_top': 0, 'adjust_bottom': 0, 'adjust_left': 0, 'adjust_right': 0, 'expire': None, 'key': None, 'widget': None, 'events_when_added': [], 'events_when_removed': [], 'bitmap_font': False, 'font_kerning': True, 'bold': False, 'italic': False, 'number_grouping': False, 'min_digits': 0, 'halign': 'center', 'valign': 'middle', 'rotation': 0, 'scale': 1.0, 'casing': None, 'animations': None}, {'type': 'text', 'text': 'BALL (ball)', 'y': '0', 'x': 'right-10', 'anchor_x': 'right', 'anchor_y': 'bottom', 'font_size': 10, 'color': [0.0, 0.5019607843137255, 0.0, 1], '_default_settings': ['type', 'text', 'y', 'x', 'anchor_x', 'anchor_y', 'font_size', 'color'], 'round_anchor_x': None, 'round_anchor_y': None, 'opacity': 1.0, 'z': 0, 'reset_animations_events': {}, 'style': [], 'adjust_top': 0, 'adjust_bottom': 0, 'adjust_left': 0, 'adjust_right': 0, 'expire': None, 'key': None, 'widget': None, 'events_when_added': [], 'events_when_removed': [], 'bitmap_font': False, 'font_kerning': True, 'bold': False, 'italic': False, 'number_grouping': False, 'min_digits': 0, 'halign': 'center', 'valign': 'middle', 'rotation': 0, 'scale': 1.0, 'casing': None, 'animations': None}], 'target': None, 'background_color': [0.0, 0.0, 0.0, 1.0], 'priority': None, 'show': True, 'force': False, 'expire': None, 'slide': None, 'tokens': {}, 'action': 'play'}}
2019-11-16 16:14:03,117 : EventManager : Event: ======'slide_base.slide_player-mode_base_started_created'====== Args={}
2019-11-16 16:14:03,120 : EventManager : Event: ======'slide_base.slide_player-mode_base_started_active'====== Args={}
2019-11-16 16:14:03,228 : EventManager : Event: ======'machine_var_audits_switches_s_plunger'====== Args={'value': 13, 'prev_value': 12, 'change': 1}
2019-11-16 16:28:22,887 : mpfmc : Stopping...
2019-11-16 16:28:22,887 : EventManager : Event: ======'shutdown'====== Args={}
2019-11-16 16:28:22,966 : kivy : Base: Leaving application in progress...
2019-11-16 16:28:22,966 : mpfmc : Loop rate 57.14 Hz
