2019-12-13 16:38:15,622 : kivy : Factory: 184 symbols loaded
2019-12-13 16:38:15,715 : kivy : Image: Providers: img_tex, img_dds, img_sdl2, img_pil, img_gif (img_ffpyplayer ignored)
2019-12-13 16:38:15,764 : kivy : VideoGstplayer: Using Gstreamer 1.16.0.0
2019-12-13 16:38:15,764 : kivy : Video: Provider: gstplayer
2019-12-13 16:38:15,828 : kivy : Loading MPF-MC controller
2019-12-13 16:38:15,828 : mpfmc : Mission Pinball Framework Media Controller v0.53.0-dev.15
2019-12-13 16:38:15,828 : mpfmc : Mission Pinball Framework Game Engine v0.53.0-dev.68
2019-12-13 16:38:15,828 : mpfmc : Machine path: D:\mpf\wows\wows
2019-12-13 16:38:15,829 : ConfigProcessor : Config file in cache changed: D:\mpf\wows\wows\config\config
2019-12-13 16:38:15,830 : ConfigProcessor : Loading config from file c:\users\schol\appdata\local\programs\python\python36\lib\site-packages\mpfmc\mcconfig.yaml.
2019-12-13 16:38:15,875 : ConfigProcessor : Loading config: c:\users\schol\appdata\local\programs\python\python36\lib\site-packages\mpfmc\mcconfig.yaml
2019-12-13 16:38:15,882 : ConfigProcessor : Loading config from file D:\mpf\wows\wows\config\config.
2019-12-13 16:38:15,969 : ConfigProcessor : Loading config: D:\mpf\wows\wows\config\config
2019-12-13 16:38:15,971 : ConfigProcessor : Config file cache created: C:\Users\schol\AppData\Local\Temp\31418c17c7947b0b26bf3ae2a4803514.mpf_cache
2019-12-13 16:38:15,971 : mpfmc : Starting clock at 60.0Hz
2019-12-13 16:38:15,982 : kivy : Text: Provider: sdl2
2019-12-13 16:38:16,016 : kivy : Window: Provider: sdl2
2019-12-13 16:38:16,388 : kivy : GL: Using the "OpenGL" graphics system
2019-12-13 16:38:16,391 : kivy : GL: GLEW initialization succeeded
2019-12-13 16:38:16,391 : kivy : GL: Backend used <glew>
2019-12-13 16:38:16,391 : kivy : GL: OpenGL version <b'4.6.0 NVIDIA 432.00'>
2019-12-13 16:38:16,391 : kivy : GL: OpenGL vendor <b'NVIDIA Corporation'>
2019-12-13 16:38:16,391 : kivy : GL: OpenGL renderer <b'GeForce GTX 1060 6GB/PCIe/SSE2'>
2019-12-13 16:38:16,391 : kivy : GL: OpenGL parsed version: 4, 6
2019-12-13 16:38:16,391 : kivy : GL: Shading version <b'4.60 NVIDIA'>
2019-12-13 16:38:16,391 : kivy : GL: Texture max size <32768>
2019-12-13 16:38:16,392 : kivy : GL: Texture max units <32>
2019-12-13 16:38:16,408 : kivy : Window: auto add sdl2 input provider
2019-12-13 16:38:16,408 : kivy : Window: virtual keyboard not allowed, single mode, not docked
2019-12-13 16:38:16,415 : SoundSystem : SoundSystem: Using default 'sound_system' settings
2019-12-13 16:38:16,575 : AudioInterface : Initialized
2019-12-13 16:38:16,575 : SoundSystem : No audio tracks are specified in your machine config file. a track named 'default' has been created.
2019-12-13 16:38:16,576 : kivy : Base: Start application main loop
2019-12-13 16:38:16,577 : EventManager : Event: ======'display_window_initialized'====== Args={}
2019-12-13 16:38:16,577 : EventManager : Event: ======'display_dmd_initialized'====== Args={}
2019-12-13 16:38:16,611 : mpfmc : Display: Setting 'dmd' as default display
2019-12-13 16:38:16,617 : EventManager : Event: ======'displays_initialized'====== Args={}
2019-12-13 16:38:16,618 : EventManager : Event: ======'slide_window_blank_created'====== Args={}
2019-12-13 16:38:16,618 : EventManager : Event: ======'display_window_ready'====== Args={}
2019-12-13 16:38:16,619 : EventManager : Event: ======'slide_dmd_blank_created'====== Args={}
2019-12-13 16:38:16,619 : EventManager : Event: ======'display_dmd_ready'====== Args={}
2019-12-13 16:38:16,627 : EventManager : Event: ======'init_phase_1'====== Args={}
2019-12-13 16:38:16,630 : EventManager : Event: ======'mc_ready'====== Args={}
2019-12-13 16:38:16,630 : EventManager : Event: ======'init_phase_2'====== Args={}
2019-12-13 16:38:16,631 : ConfigProcessor : Loading config from cache: C:\Users\schol\AppData\Local\Temp\df9e170a78524ceaed7597b0d1fe17fc.mpf_cache
2019-12-13 16:38:16,635 : ConfigProcessor : Loading config from cache: C:\Users\schol\AppData\Local\Temp\580febf89681cf7195a63aa30f5ea8a5.mpf_cache
2019-12-13 16:38:16,639 : ConfigProcessor : Loading config from cache: C:\Users\schol\AppData\Local\Temp\d5fd805c5432c1441bf01a6268536a3d.mpf_cache
2019-12-13 16:38:16,640 : ConfigProcessor : Loading config from cache: C:\Users\schol\AppData\Local\Temp\e82875a432dc77a8668657afec25058a.mpf_cache
2019-12-13 16:38:16,644 : ConfigProcessor : Loading config from cache: C:\Users\schol\AppData\Local\Temp\ecc9b395424c2990811feee9ed731d4b.mpf_cache
2019-12-13 16:38:16,648 : ConfigProcessor : Loading config from cache: C:\Users\schol\AppData\Local\Temp\e8c0a02b20549d458f541dd443ff3ce4.mpf_cache
2019-12-13 16:38:16,648 : ConfigProcessor : Loading config from cache: C:\Users\schol\AppData\Local\Temp\3146c27d2df8f964854106e27e73ea4a.mpf_cache
2019-12-13 16:38:16,653 : ConfigProcessor : Loading config from cache: C:\Users\schol\AppData\Local\Temp\b28ff93736cbd6305f7655ae7754f408.mpf_cache
2019-12-13 16:38:16,656 : ConfigProcessor : Loading config from cache: C:\Users\schol\AppData\Local\Temp\5c4497fcd69d1d656c4b69a28e44c490.mpf_cache
2019-12-13 16:38:16,657 : ConfigProcessor : Loading config from cache: C:\Users\schol\AppData\Local\Temp\5af475047e8ce3d8829e2e58027ff422.mpf_cache
2019-12-13 16:38:16,661 : EventManager : Event: ======'init_phase_3'====== Args={}
2019-12-13 16:38:16,661 : AssetManager : Registering Asset: C_Prog100, File: C_Prog100.jpg, Default Group: default, Final Config: {'load': 'preload', 'file': 'D:\\mpf\\wows\\wows\\images\\C_Prog100.jpg'}
2019-12-13 16:38:16,661 : AssetManager : Registering Asset: mode_5_shot_made, File: mode_5_shot_made.gif, Default Group: default, Final Config: {'load': 'preload', 'file': 'D:\\mpf\\wows\\wows\\modes\\mode_5\\images\\mode_5_shot_made.gif'}
2019-12-13 16:38:16,662 : AssetManager : Registering Asset: mode_8_shot_made, File: mode_8_shot_made.gif, Default Group: default, Final Config: {'load': 'preload', 'file': 'D:\\mpf\\wows\\wows\\modes\\mode_8\\images\\mode_8_shot_made.gif'}
2019-12-13 16:38:16,662 : AssetManager : Registering Asset: mode_4_shot_made, File: mode_4_shot_made.gif, Default Group: default, Final Config: {'load': 'preload', 'file': 'D:\\mpf\\wows\\wows\\modes\\mode_4\\images\\mode_4_shot_made.gif'}
2019-12-13 16:38:16,662 : AssetManager : Registering Asset: mode_1_shot_made, File: mode_1_shot_made.gif, Default Group: default, Final Config: {'load': 'preload', 'file': 'D:\\mpf\\wows\\wows\\modes\\mode_1\\images\\mode_1_shot_made.gif'}
2019-12-13 16:38:16,663 : AssetManager : Registering Asset: mode_7_shot_made, File: mode_7_shot_made.gif, Default Group: default, Final Config: {'load': 'preload', 'file': 'D:\\mpf\\wows\\wows\\modes\\mode_7\\images\\mode_7_shot_made.gif'}
2019-12-13 16:38:16,663 : AssetManager : Registering Asset: mode_3_shot_made, File: mode_3_shot_made.gif, Default Group: default, Final Config: {'load': 'preload', 'file': 'D:\\mpf\\wows\\wows\\modes\\mode_3\\images\\mode_3_shot_made.gif'}
2019-12-13 16:38:16,663 : AssetManager : Registering Asset: mode_6_shot_made, File: mode_6_shot_made.gif, Default Group: default, Final Config: {'load': 'preload', 'file': 'D:\\mpf\\wows\\wows\\modes\\mode_6\\images\\mode_6_shot_made.gif'}
2019-12-13 16:38:16,664 : AssetManager : Registering Asset: mode_9_shot_made, File: mode_9_shot_made.gif, Default Group: default, Final Config: {'load': 'preload', 'file': 'D:\\mpf\\wows\\wows\\modes\\mode_9\\images\\mode_9_shot_made.gif'}
2019-12-13 16:38:16,664 : EventManager : Event: ======'init_phase_4'====== Args={}
2019-12-13 16:38:16,664 : EventManager : Event: ======'init_phase_5'====== Args={}
2019-12-13 16:38:16,729 : EventManager : Event: ======'loading_assets'====== Args={'total': 9, 'loaded': 1, 'remaining': 8, 'percent': 11}
2019-12-13 16:38:16,729 : AssetManager : Loading assets: 1/9 (11%)
2019-12-13 16:38:16,753 : EventManager : Event: ======'loading_assets'====== Args={'total': 9, 'loaded': 9, 'remaining': 0, 'percent': 100}
2019-12-13 16:38:16,753 : AssetManager : Asset loading took: 0.17844510078430176
2019-12-13 16:38:16,753 : EventManager : Event: ======'asset_loading_complete'====== Args={}
2019-12-13 16:38:16,754 : AssetManager : Loading assets: 9/9 (100%)
2019-12-13 16:38:16,754 : EventManager : Event: ======'init_done'====== Args={}
2019-12-13 16:38:16,754 : MPF-MC BCP Server : Starting up on localhost port 5050
2019-12-13 16:38:16,757 : MPF-MC BCP Server : Waiting for a connection...
2019-12-13 16:38:16,757 : mpfmc : SlidePlayer: Play called with settings={'slides': {welcome_slide-None-None: {'target': 'window', 'priority': None, 'background_color': [0.0, 0.0, 0.0, 1.0], 'show': True, 'force': False, 'expire': None, 'slide': None, 'tokens': {}, 'action': 'play', 'transition': None, 'transition_out': None}}}
2019-12-13 16:38:16,759 : kivy : GL: NPOT texture support is available
2019-12-13 16:38:16,775 : EventManager : Event: ======'slide_welcome_slide_created'====== Args={}
2019-12-13 16:38:16,797 : EventManager : Event: ======'slide_welcome_slide_active'====== Args={}
2019-12-13 16:38:16,842 : EventManager : Event: ======'client_disconnected'====== Args={'host': '127.0.0.1', 'port': 5050}
2019-12-13 16:38:40,863 : kivy : WindowSDL: exiting mainloop and closing.
2019-12-13 16:38:40,953 : kivy : Base: Leaving application in progress...
2019-12-13 16:38:40,953 : mpfmc : Stopping...
2019-12-13 16:38:40,953 : EventManager : Event: ======'shutdown'====== Args={}
2019-12-13 16:38:40,953 : mpfmc : Loop rate 59.4 Hz
2019-12-13 16:38:40,954 : kivy : MC run loop ended.
2019-12-13 16:38:40,954 : kivy : Stopping child threads... (3 remaining)
2019-12-13 16:38:41,769 : MPF-MC BCP Server : Stopping BCP sending thread
2019-12-13 16:38:41,776 : MPF-MC BCP Server : Stopping BCP listener thread
2019-12-13 16:38:41,857 : kivy : All child threads stopped.
