2019-12-13 12:04:05,502 : kivy : Factory: 184 symbols loaded
2019-12-13 12:04:05,592 : kivy : Image: Providers: img_tex, img_dds, img_sdl2, img_pil, img_gif (img_ffpyplayer ignored)
2019-12-13 12:04:05,638 : kivy : VideoGstplayer: Using Gstreamer 1.16.0.0
2019-12-13 12:04:05,638 : kivy : Video: Provider: gstplayer
2019-12-13 12:04:05,695 : kivy : Loading MPF-MC controller
2019-12-13 12:04:05,695 : mpfmc : Mission Pinball Framework Media Controller v0.53.0-dev.15
2019-12-13 12:04:05,695 : mpfmc : Mission Pinball Framework Game Engine v0.53.0-dev.68
2019-12-13 12:04:05,696 : mpfmc : Machine path: D:\mpf\wows\wows
2019-12-13 12:04:05,696 : ConfigProcessor : Config file in cache changed: D:\mpf\wows\wows\config\config
2019-12-13 12:04:05,697 : ConfigProcessor : Loading config from file c:\users\schol\appdata\local\programs\python\python36\lib\site-packages\mpfmc\mcconfig.yaml.
2019-12-13 12:04:05,740 : ConfigProcessor : Loading config: c:\users\schol\appdata\local\programs\python\python36\lib\site-packages\mpfmc\mcconfig.yaml
2019-12-13 12:04:05,747 : ConfigProcessor : Loading config from file D:\mpf\wows\wows\config\config.
2019-12-13 12:04:05,828 : ConfigProcessor : Loading config: D:\mpf\wows\wows\config\config
2019-12-13 12:04:05,829 : ConfigProcessor : Config file cache created: C:\Users\schol\AppData\Local\Temp\31418c17c7947b0b26bf3ae2a4803514.mpf_cache
2019-12-13 12:04:05,830 : mpfmc : Starting clock at 60.0Hz
2019-12-13 12:04:05,840 : kivy : Text: Provider: sdl2
2019-12-13 12:04:05,872 : kivy : Window: Provider: sdl2
2019-12-13 12:04:06,232 : kivy : GL: Using the "OpenGL" graphics system
2019-12-13 12:04:06,235 : kivy : GL: GLEW initialization succeeded
2019-12-13 12:04:06,236 : kivy : GL: Backend used <glew>
2019-12-13 12:04:06,236 : kivy : GL: OpenGL version <b'4.6.0 NVIDIA 432.00'>
2019-12-13 12:04:06,236 : kivy : GL: OpenGL vendor <b'NVIDIA Corporation'>
2019-12-13 12:04:06,236 : kivy : GL: OpenGL renderer <b'GeForce GTX 1060 6GB/PCIe/SSE2'>
2019-12-13 12:04:06,236 : kivy : GL: OpenGL parsed version: 4, 6
2019-12-13 12:04:06,236 : kivy : GL: Shading version <b'4.60 NVIDIA'>
2019-12-13 12:04:06,236 : kivy : GL: Texture max size <32768>
2019-12-13 12:04:06,236 : kivy : GL: Texture max units <32>
2019-12-13 12:04:06,252 : kivy : Window: auto add sdl2 input provider
2019-12-13 12:04:06,252 : kivy : Window: virtual keyboard not allowed, single mode, not docked
2019-12-13 12:04:06,260 : SoundSystem : SoundSystem: Using default 'sound_system' settings
2019-12-13 12:04:06,417 : AudioInterface : Initialized
2019-12-13 12:04:06,417 : SoundSystem : No audio tracks are specified in your machine config file. a track named 'default' has been created.
2019-12-13 12:04:06,419 : kivy : Base: Start application main loop
2019-12-13 12:04:06,420 : EventManager : Event: ======'display_window_initialized'====== Args={}
2019-12-13 12:04:06,420 : EventManager : Event: ======'display_dmd_initialized'====== Args={}
2019-12-13 12:04:06,452 : mpfmc : Display: Setting 'dmd' as default display
2019-12-13 12:04:06,458 : EventManager : Event: ======'displays_initialized'====== Args={}
2019-12-13 12:04:06,459 : EventManager : Event: ======'slide_window_blank_created'====== Args={}
2019-12-13 12:04:06,459 : EventManager : Event: ======'display_window_ready'====== Args={}
2019-12-13 12:04:06,460 : EventManager : Event: ======'slide_dmd_blank_created'====== Args={}
2019-12-13 12:04:06,460 : EventManager : Event: ======'display_dmd_ready'====== Args={}
2019-12-13 12:04:06,467 : EventManager : Event: ======'init_phase_1'====== Args={}
2019-12-13 12:04:06,471 : EventManager : Event: ======'mc_ready'====== Args={}
2019-12-13 12:04:06,471 : EventManager : Event: ======'init_phase_2'====== Args={}
2019-12-13 12:04:06,471 : ConfigProcessor : Loading config from cache: C:\Users\schol\AppData\Local\Temp\ecc9b395424c2990811feee9ed731d4b.mpf_cache
2019-12-13 12:04:06,476 : ConfigProcessor : Loading config from cache: C:\Users\schol\AppData\Local\Temp\5c4497fcd69d1d656c4b69a28e44c490.mpf_cache
2019-12-13 12:04:06,476 : ConfigProcessor : Loading config from cache: C:\Users\schol\AppData\Local\Temp\d5fd805c5432c1441bf01a6268536a3d.mpf_cache
2019-12-13 12:04:06,477 : EventManager : Event: ======'init_phase_3'====== Args={}
2019-12-13 12:04:06,477 : AssetManager : Registering Asset: C_Prog100, File: C_Prog100.jpg, Default Group: default, Final Config: {'load': 'preload', 'file': 'D:\\mpf\\wows\\wows\\images\\C_Prog100.jpg'}
2019-12-13 12:04:06,477 : AssetManager : Registering Asset: mode_1_shot_made, File: mode_1_shot_made.gif, Default Group: default, Final Config: {'load': 'preload', 'file': 'D:\\mpf\\wows\\wows\\modes\\mode_1\\images\\mode_1_shot_made.gif'}
2019-12-13 12:04:06,477 : EventManager : Event: ======'init_phase_4'====== Args={}
2019-12-13 12:04:06,478 : EventManager : Event: ======'init_phase_5'====== Args={}
2019-12-13 12:04:06,542 : EventManager : Event: ======'loading_assets'====== Args={'total': 2, 'loaded': 1, 'remaining': 1, 'percent': 50}
2019-12-13 12:04:06,542 : AssetManager : Loading assets: 1/2 (50%)
2019-12-13 12:04:06,542 : EventManager : Event: ======'loading_assets'====== Args={'total': 2, 'loaded': 2, 'remaining': 0, 'percent': 100}
2019-12-13 12:04:06,542 : AssetManager : Asset loading took: 0.12349343299865723
2019-12-13 12:04:06,542 : EventManager : Event: ======'asset_loading_complete'====== Args={}
2019-12-13 12:04:06,542 : AssetManager : Loading assets: 2/2 (100%)
2019-12-13 12:04:06,542 : EventManager : Event: ======'init_done'====== Args={}
2019-12-13 12:04:06,542 : MPF-MC BCP Server : Starting up on localhost port 5050
2019-12-13 12:04:06,545 : MPF-MC BCP Server : Waiting for a connection...
2019-12-13 12:04:06,545 : mpfmc : SlidePlayer: Play called with settings={'slides': {welcome_slide-None-None: {'target': 'window', 'priority': None, 'background_color': [0.0, 0.0, 0.0, 1.0], 'show': True, 'force': False, 'expire': None, 'slide': None, 'tokens': {}, 'action': 'play', 'transition': None, 'transition_out': None}}}
2019-12-13 12:04:06,547 : kivy : GL: NPOT texture support is available
2019-12-13 12:04:06,558 : EventManager : Event: ======'slide_welcome_slide_created'====== Args={}
2019-12-13 12:04:06,566 : EventManager : Event: ======'slide_welcome_slide_active'====== Args={}
2019-12-13 12:04:06,606 : EventManager : Event: ======'client_disconnected'====== Args={'host': '127.0.0.1', 'port': 5050}
2019-12-13 12:04:07,941 : kivy : WindowSDL: exiting mainloop and closing.
2019-12-13 12:04:08,018 : kivy : Base: Leaving application in progress...
2019-12-13 12:04:08,019 : mpfmc : Stopping...
2019-12-13 12:04:08,019 : EventManager : Event: ======'shutdown'====== Args={}
2019-12-13 12:04:08,019 : mpfmc : Loop rate 53.15 Hz
2019-12-13 12:04:08,019 : kivy : MC run loop ended.
2019-12-13 12:04:08,019 : kivy : Stopping child threads... (3 remaining)
2019-12-13 12:04:08,545 : MPF-MC BCP Server : Stopping BCP listener thread
2019-12-13 12:04:08,545 : MPF-MC BCP Server : Stopping BCP sending thread
2019-12-13 12:04:08,620 : kivy : All child threads stopped.
