2019-12-20 18:38:24,375 : kivy : Factory: 184 symbols loaded
2019-12-20 18:38:24,467 : kivy : Image: Providers: img_tex, img_dds, img_sdl2, img_pil, img_gif (img_ffpyplayer ignored)
2019-12-20 18:38:24,515 : kivy : VideoGstplayer: Using Gstreamer 1.16.0.0
2019-12-20 18:38:24,516 : kivy : Video: Provider: gstplayer
2019-12-20 18:38:24,573 : kivy : Loading MPF-MC controller
2019-12-20 18:38:24,574 : mpfmc : Mission Pinball Framework Media Controller v0.53.0-dev.15
2019-12-20 18:38:24,574 : mpfmc : Mission Pinball Framework Game Engine v0.53.0-dev.68
2019-12-20 18:38:24,574 : mpfmc : Machine path: D:\mpf\wows\wows
2019-12-20 18:38:24,575 : ConfigProcessor : Config file in cache changed: D:\mpf\wows\wows\config\config
2019-12-20 18:38:24,575 : ConfigProcessor : Loading config from file c:\users\schol\appdata\local\programs\python\python36\lib\site-packages\mpfmc\mcconfig.yaml.
2019-12-20 18:38:24,618 : ConfigProcessor : Loading config: c:\users\schol\appdata\local\programs\python\python36\lib\site-packages\mpfmc\mcconfig.yaml
2019-12-20 18:38:24,625 : ConfigProcessor : Loading config from file D:\mpf\wows\wows\config\config.
2019-12-20 18:38:24,710 : ConfigProcessor : Loading config: D:\mpf\wows\wows\config\config
2019-12-20 18:38:24,711 : ConfigProcessor : Config file cache created: C:\Users\schol\AppData\Local\Temp\31418c17c7947b0b26bf3ae2a4803514.mpf_cache
2019-12-20 18:38:24,712 : mpfmc : Starting clock at 60.0Hz
2019-12-20 18:38:24,723 : kivy : Text: Provider: sdl2
2019-12-20 18:38:24,756 : kivy : Window: Provider: sdl2
2019-12-20 18:38:25,077 : kivy : GL: Using the "OpenGL" graphics system
2019-12-20 18:38:25,080 : kivy : GL: GLEW initialization succeeded
2019-12-20 18:38:25,080 : kivy : GL: Backend used <glew>
2019-12-20 18:38:25,080 : kivy : GL: OpenGL version <b'4.6.0 NVIDIA 432.00'>
2019-12-20 18:38:25,080 : kivy : GL: OpenGL vendor <b'NVIDIA Corporation'>
2019-12-20 18:38:25,080 : kivy : GL: OpenGL renderer <b'GeForce GTX 1060 6GB/PCIe/SSE2'>
2019-12-20 18:38:25,080 : kivy : GL: OpenGL parsed version: 4, 6
2019-12-20 18:38:25,080 : kivy : GL: Shading version <b'4.60 NVIDIA'>
2019-12-20 18:38:25,081 : kivy : GL: Texture max size <32768>
2019-12-20 18:38:25,081 : kivy : GL: Texture max units <32>
2019-12-20 18:38:25,096 : kivy : Window: auto add sdl2 input provider
2019-12-20 18:38:25,097 : kivy : Window: virtual keyboard not allowed, single mode, not docked
2019-12-20 18:38:25,103 : SoundSystem : SoundSystem: Using default 'sound_system' settings
2019-12-20 18:38:25,286 : AudioInterface : Initialized
2019-12-20 18:38:25,286 : SoundSystem : No audio tracks are specified in your machine config file. a track named 'default' has been created.
2019-12-20 18:38:25,288 : kivy : Base: Start application main loop
2019-12-20 18:38:25,289 : EventManager : Event: ======'display_window_initialized'====== Args={}
2019-12-20 18:38:25,289 : EventManager : Event: ======'display_dmd_initialized'====== Args={}
2019-12-20 18:38:25,322 : mpfmc : Display: Setting 'dmd' as default display
2019-12-20 18:38:25,328 : EventManager : Event: ======'displays_initialized'====== Args={}
2019-12-20 18:38:25,329 : EventManager : Event: ======'slide_window_blank_created'====== Args={}
2019-12-20 18:38:25,329 : EventManager : Event: ======'display_window_ready'====== Args={}
2019-12-20 18:38:25,330 : EventManager : Event: ======'slide_dmd_blank_created'====== Args={}
2019-12-20 18:38:25,330 : EventManager : Event: ======'display_dmd_ready'====== Args={}
2019-12-20 18:38:25,338 : EventManager : Event: ======'init_phase_1'====== Args={}
2019-12-20 18:38:25,341 : EventManager : Event: ======'mc_ready'====== Args={}
2019-12-20 18:38:25,341 : EventManager : Event: ======'init_phase_2'====== Args={}
2019-12-20 18:38:25,342 : ConfigProcessor : Loading config from cache: C:\Users\schol\AppData\Local\Temp\e8c0a02b20549d458f541dd443ff3ce4.mpf_cache
2019-12-20 18:38:25,343 : ConfigProcessor : Loading config from cache: C:\Users\schol\AppData\Local\Temp\a327e3a062200f866ce963b9d13b0dd9.mpf_cache
2019-12-20 18:38:25,343 : ConfigProcessor : Loading config from cache: C:\Users\schol\AppData\Local\Temp\d5fd805c5432c1441bf01a6268536a3d.mpf_cache
2019-12-20 18:38:25,344 : ConfigProcessor : Loading config from cache: C:\Users\schol\AppData\Local\Temp\bb4559fa659cc8b2de1dccf407dfe109.mpf_cache
2019-12-20 18:38:25,348 : ConfigProcessor : Loading config from cache: C:\Users\schol\AppData\Local\Temp\5c4497fcd69d1d656c4b69a28e44c490.mpf_cache
2019-12-20 18:38:25,349 : EventManager : Event: ======'init_phase_3'====== Args={}
2019-12-20 18:38:25,349 : AssetManager : Registering Asset: C_Prog100, File: C_Prog100.jpg, Default Group: default, Final Config: {'load': 'preload', 'file': 'D:\\mpf\\wows\\wows\\images\\C_Prog100.jpg'}
2019-12-20 18:38:25,349 : AssetManager : Registering Asset: mode_7_shot_made, File: mode_7_shot_made.gif, Default Group: default, Final Config: {'load': 'preload', 'file': 'D:\\mpf\\wows\\wows\\modes\\mode_7\\images\\mode_7_shot_made.gif'}
2019-12-20 18:38:25,350 : EventManager : Event: ======'init_phase_4'====== Args={}
2019-12-20 18:38:25,350 : EventManager : Event: ======'init_phase_5'====== Args={}
2019-12-20 18:38:25,415 : EventManager : Event: ======'loading_assets'====== Args={'total': 2, 'loaded': 1, 'remaining': 1, 'percent': 50}
2019-12-20 18:38:25,415 : AssetManager : Loading assets: 1/2 (50%)
2019-12-20 18:38:25,415 : EventManager : Event: ======'loading_assets'====== Args={'total': 2, 'loaded': 2, 'remaining': 0, 'percent': 100}
2019-12-20 18:38:25,415 : AssetManager : Asset loading took: 0.1276867389678955
2019-12-20 18:38:25,415 : EventManager : Event: ======'asset_loading_complete'====== Args={}
2019-12-20 18:38:25,415 : AssetManager : Loading assets: 2/2 (100%)
2019-12-20 18:38:25,415 : EventManager : Event: ======'init_done'====== Args={}
2019-12-20 18:38:25,415 : MPF-MC BCP Server : Starting up on localhost port 5050
2019-12-20 18:38:25,418 : MPF-MC BCP Server : Waiting for a connection...
2019-12-20 18:38:25,418 : mpfmc : SlidePlayer: Play called with settings={'slides': {welcome_slide-None-None: {'target': 'window', 'priority': None, 'background_color': [0.0, 0.0, 0.0, 1.0], 'show': True, 'force': False, 'expire': None, 'slide': None, 'tokens': {}, 'action': 'play', 'transition': None, 'transition_out': None}}}
2019-12-20 18:38:25,420 : kivy : GL: NPOT texture support is available
2019-12-20 18:38:25,432 : EventManager : Event: ======'slide_welcome_slide_created'====== Args={}
2019-12-20 18:38:25,441 : EventManager : Event: ======'slide_welcome_slide_active'====== Args={}
2019-12-20 18:38:25,480 : EventManager : Event: ======'client_disconnected'====== Args={'host': '127.0.0.1', 'port': 5050}
2019-12-20 18:38:26,518 : MPF-MC BCP Server : Received connection from: 127.0.0.1:57121
2019-12-20 18:38:26,522 : EventManager : Event: ======'client_connected'====== Args={'host': '127.0.0.1', 'port': 57121}
2019-12-20 18:38:26,538 : EventManager : Event: ======'machine_var_credits_string'====== Args={'value': 'FREE PLAY', 'prev_value': None, 'change': True}
2019-12-20 18:38:26,538 : EventManager : Event: ======'machine_var_player1_score'====== Args={'value': 0, 'prev_value': None, 'change': True}
2019-12-20 18:38:26,538 : EventManager : Event: ======'machine_var_mpf_version'====== Args={'value': 'MPF v0.53.0-dev.68', 'prev_value': None, 'change': True}
2019-12-20 18:38:26,538 : EventManager : Event: ======'machine_var_mpf_extended_version'====== Args={'value': 'MPF v0.53.0-dev.68, Config version:5, Show version: 5, BCP version:1.1', 'prev_value': None, 'change': True}
2019-12-20 18:38:26,539 : EventManager : Event: ======'machine_var_python_version'====== Args={'value': '3.6.4', 'prev_value': None, 'change': True}
2019-12-20 18:38:26,539 : EventManager : Event: ======'machine_var_platform'====== Args={'value': 'Windows-10-10.0.18362-SP0', 'prev_value': None, 'change': True}
2019-12-20 18:38:26,539 : EventManager : Event: ======'machine_var_platform_system'====== Args={'value': 'Windows', 'prev_value': None, 'change': True}
2019-12-20 18:38:26,539 : EventManager : Event: ======'machine_var_platform_release'====== Args={'value': '10', 'prev_value': None, 'change': True}
2019-12-20 18:38:26,539 : EventManager : Event: ======'machine_var_platform_version'====== Args={'value': '10.0.18362', 'prev_value': None, 'change': True}
2019-12-20 18:38:26,539 : EventManager : Event: ======'machine_var_platform_machine'====== Args={'value': 'AMD64', 'prev_value': None, 'change': True}
2019-12-20 18:38:26,539 : EventManager : Event: ======'machine_var_mc_version'====== Args={'value': 'MPF-MC v0.53.0-dev.15', 'prev_value': None, 'change': True}
2019-12-20 18:38:26,539 : EventManager : Event: ======'machine_var_mc_extended_version'====== Args={'value': 'MPF-MC v0.53.0-dev.15 (config_version=5, BCP v1.1, Requires MPF v0.53.0-dev.51)', 'prev_value': None, 'change': True}
2019-12-20 18:38:26,539 : EventManager : Event: ======'machine_var_master_volume'====== Args={'value': 0.5, 'prev_value': None, 'change': True}
2019-12-20 18:38:26,600 : mpfmc : Stopping...
2019-12-20 18:38:26,600 : EventManager : Event: ======'shutdown'====== Args={}
2019-12-20 18:38:26,658 : mpfmc : Loop rate 56.23 Hz
2019-12-20 18:38:26,659 : kivy : Base: Leaving application in progress...
2019-12-20 18:38:26,659 : kivy : WindowSDL: exiting mainloop and closing.
2019-12-20 18:38:26,726 : mpfmc : Stopping...
2019-12-20 18:38:26,726 : EventManager : Event: ======'shutdown'====== Args={}
2019-12-20 18:38:26,726 : mpfmc : Loop rate 54.23 Hz
2019-12-20 18:38:26,726 : kivy : MC run loop ended.
2019-12-20 18:38:26,726 : kivy : Stopping child threads... (2 remaining)
2019-12-20 18:38:27,525 : MPF-MC BCP Server : Stopping BCP sending thread
2019-12-20 18:38:27,530 : kivy : All child threads stopped.
