2019-12-20 18:42:10,191 : kivy : Factory: 184 symbols loaded
2019-12-20 18:42:10,282 : kivy : Image: Providers: img_tex, img_dds, img_sdl2, img_pil, img_gif (img_ffpyplayer ignored)
2019-12-20 18:42:10,328 : kivy : VideoGstplayer: Using Gstreamer 1.16.0.0
2019-12-20 18:42:10,328 : kivy : Video: Provider: gstplayer
2019-12-20 18:42:10,389 : kivy : Loading MPF-MC controller
2019-12-20 18:42:10,389 : mpfmc : Mission Pinball Framework Media Controller v0.53.0-dev.15
2019-12-20 18:42:10,390 : mpfmc : Mission Pinball Framework Game Engine v0.53.0-dev.68
2019-12-20 18:42:10,390 : mpfmc : Machine path: D:\mpf\wows\wows
2019-12-20 18:42:10,391 : ConfigProcessor : Config file in cache changed: D:\mpf\wows\wows\config\config
2019-12-20 18:42:10,391 : ConfigProcessor : Loading config from file c:\users\schol\appdata\local\programs\python\python36\lib\site-packages\mpfmc\mcconfig.yaml.
2019-12-20 18:42:10,436 : ConfigProcessor : Loading config: c:\users\schol\appdata\local\programs\python\python36\lib\site-packages\mpfmc\mcconfig.yaml
2019-12-20 18:42:10,443 : ConfigProcessor : Loading config from file D:\mpf\wows\wows\config\config.
2019-12-20 18:42:10,530 : ConfigProcessor : Loading config: D:\mpf\wows\wows\config\config
2019-12-20 18:42:10,531 : ConfigProcessor : Config file cache created: C:\Users\schol\AppData\Local\Temp\31418c17c7947b0b26bf3ae2a4803514.mpf_cache
2019-12-20 18:42:10,532 : mpfmc : Starting clock at 60.0Hz
2019-12-20 18:42:10,542 : kivy : Text: Provider: sdl2
2019-12-20 18:42:10,576 : kivy : Window: Provider: sdl2
2019-12-20 18:42:10,948 : kivy : GL: Using the "OpenGL" graphics system
2019-12-20 18:42:10,951 : kivy : GL: GLEW initialization succeeded
2019-12-20 18:42:10,951 : kivy : GL: Backend used <glew>
2019-12-20 18:42:10,951 : kivy : GL: OpenGL version <b'4.6.0 NVIDIA 432.00'>
2019-12-20 18:42:10,951 : kivy : GL: OpenGL vendor <b'NVIDIA Corporation'>
2019-12-20 18:42:10,951 : kivy : GL: OpenGL renderer <b'GeForce GTX 1060 6GB/PCIe/SSE2'>
2019-12-20 18:42:10,951 : kivy : GL: OpenGL parsed version: 4, 6
2019-12-20 18:42:10,951 : kivy : GL: Shading version <b'4.60 NVIDIA'>
2019-12-20 18:42:10,951 : kivy : GL: Texture max size <32768>
2019-12-20 18:42:10,951 : kivy : GL: Texture max units <32>
2019-12-20 18:42:10,967 : kivy : Window: auto add sdl2 input provider
2019-12-20 18:42:10,967 : kivy : Window: virtual keyboard not allowed, single mode, not docked
2019-12-20 18:42:10,975 : SoundSystem : SoundSystem: Using default 'sound_system' settings
2019-12-20 18:42:11,156 : AudioInterface : Initialized
2019-12-20 18:42:11,156 : SoundSystem : No audio tracks are specified in your machine config file. a track named 'default' has been created.
2019-12-20 18:42:11,158 : kivy : Base: Start application main loop
2019-12-20 18:42:11,159 : EventManager : Event: ======'display_window_initialized'====== Args={}
2019-12-20 18:42:11,159 : EventManager : Event: ======'display_dmd_initialized'====== Args={}
2019-12-20 18:42:11,192 : mpfmc : Display: Setting 'dmd' as default display
2019-12-20 18:42:11,198 : EventManager : Event: ======'displays_initialized'====== Args={}
2019-12-20 18:42:11,199 : EventManager : Event: ======'slide_window_blank_created'====== Args={}
2019-12-20 18:42:11,199 : EventManager : Event: ======'display_window_ready'====== Args={}
2019-12-20 18:42:11,200 : EventManager : Event: ======'slide_dmd_blank_created'====== Args={}
2019-12-20 18:42:11,200 : EventManager : Event: ======'display_dmd_ready'====== Args={}
2019-12-20 18:42:11,209 : EventManager : Event: ======'init_phase_1'====== Args={}
2019-12-20 18:42:11,212 : EventManager : Event: ======'mc_ready'====== Args={}
2019-12-20 18:42:11,212 : EventManager : Event: ======'init_phase_2'====== Args={}
2019-12-20 18:42:11,213 : ConfigProcessor : Loading config from cache: C:\Users\schol\AppData\Local\Temp\5c4497fcd69d1d656c4b69a28e44c490.mpf_cache
2019-12-20 18:42:11,213 : ConfigProcessor : Loading config from cache: C:\Users\schol\AppData\Local\Temp\e8c0a02b20549d458f541dd443ff3ce4.mpf_cache
2019-12-20 18:42:11,214 : ConfigProcessor : Loading config from cache: C:\Users\schol\AppData\Local\Temp\a327e3a062200f866ce963b9d13b0dd9.mpf_cache
2019-12-20 18:42:11,214 : ConfigProcessor : Loading config from cache: C:\Users\schol\AppData\Local\Temp\bb4559fa659cc8b2de1dccf407dfe109.mpf_cache
2019-12-20 18:42:11,219 : ConfigProcessor : Loading config from cache: C:\Users\schol\AppData\Local\Temp\d5fd805c5432c1441bf01a6268536a3d.mpf_cache
2019-12-20 18:42:11,219 : EventManager : Event: ======'init_phase_3'====== Args={}
2019-12-20 18:42:11,219 : AssetManager : Registering Asset: C_Prog100, File: C_Prog100.jpg, Default Group: default, Final Config: {'load': 'preload', 'file': 'D:\\mpf\\wows\\wows\\images\\C_Prog100.jpg'}
2019-12-20 18:42:11,220 : AssetManager : Registering Asset: mode_7_shot_made, File: mode_7_shot_made.gif, Default Group: default, Final Config: {'load': 'preload', 'file': 'D:\\mpf\\wows\\wows\\modes\\mode_7\\images\\mode_7_shot_made.gif'}
2019-12-20 18:42:11,220 : EventManager : Event: ======'init_phase_4'====== Args={}
2019-12-20 18:42:11,221 : EventManager : Event: ======'init_phase_5'====== Args={}
2019-12-20 18:42:11,288 : EventManager : Event: ======'loading_assets'====== Args={'total': 2, 'loaded': 1, 'remaining': 1, 'percent': 50}
2019-12-20 18:42:11,288 : AssetManager : Loading assets: 1/2 (50%)
2019-12-20 18:42:11,289 : EventManager : Event: ======'loading_assets'====== Args={'total': 2, 'loaded': 2, 'remaining': 0, 'percent': 100}
2019-12-20 18:42:11,289 : AssetManager : Asset loading took: 0.1315934658050537
2019-12-20 18:42:11,289 : EventManager : Event: ======'asset_loading_complete'====== Args={}
2019-12-20 18:42:11,289 : AssetManager : Loading assets: 2/2 (100%)
2019-12-20 18:42:11,289 : EventManager : Event: ======'init_done'====== Args={}
2019-12-20 18:42:11,290 : MPF-MC BCP Server : Starting up on localhost port 5050
2019-12-20 18:42:11,297 : MPF-MC BCP Server : Waiting for a connection...
2019-12-20 18:42:11,297 : mpfmc : SlidePlayer: Play called with settings={'slides': {welcome_slide-None-None: {'target': 'window', 'priority': None, 'background_color': [0.0, 0.0, 0.0, 1.0], 'show': True, 'force': False, 'expire': None, 'slide': None, 'tokens': {}, 'action': 'play', 'transition': None, 'transition_out': None}}}
2019-12-20 18:42:11,301 : kivy : GL: NPOT texture support is available
2019-12-20 18:42:11,327 : EventManager : Event: ======'slide_welcome_slide_created'====== Args={}
2019-12-20 18:42:11,346 : EventManager : Event: ======'slide_welcome_slide_active'====== Args={}
2019-12-20 18:42:11,387 : EventManager : Event: ======'client_disconnected'====== Args={'host': '127.0.0.1', 'port': 5050}
2019-12-20 18:42:19,141 : kivy : WindowSDL: exiting mainloop and closing.
2019-12-20 18:42:19,244 : kivy : Base: Leaving application in progress...
2019-12-20 18:42:19,244 : mpfmc : Stopping...
2019-12-20 18:42:19,244 : EventManager : Event: ======'shutdown'====== Args={}
2019-12-20 18:42:19,244 : mpfmc : Loop rate 58.37 Hz
2019-12-20 18:42:19,245 : kivy : MC run loop ended.
2019-12-20 18:42:19,245 : kivy : Stopping child threads... (3 remaining)
2019-12-20 18:42:19,300 : MPF-MC BCP Server : Stopping BCP sending thread
2019-12-20 18:42:19,307 : MPF-MC BCP Server : Stopping BCP listener thread
2019-12-20 18:42:19,346 : kivy : All child threads stopped.
