2019-11-22 21:43:05,281 : INFO : Machine : Mission Pinball Framework Core Engine v0.53.0-dev.68
2019-11-22 21:43:05,281 : INFO : Machine : Command line arguments: {'no_load_cache': False, 'create_config_cache': True, 'bcp': True, 'configfile': ['config.yaml'], 'mpfconfigfile': 'c:\\users\\schol\\appdata\\local\\programs\\python\\python36\\lib\\site-packages\\mpf\\mpfconfig.yaml', 'force_assets_load': False, 'jsonlogging': False, 'logfile': 'logs\\2019-11-22-21-43-05-mpf-DESKTOP-FPTMTCL.log', 'pause': False, 'production': False, 'text_ui': True, 'loglevel': 15, 'consoleloglevel': 20, 'force_platform': 'smart_virtual', 'syslog_address': None, 'mc_file_name': None, 'no_sound': False}
2019-11-22 21:43:05,281 : INFO : Machine : MPF path: c:\users\schol\appdata\local\programs\python\python36\lib\site-packages\mpf
2019-11-22 21:43:05,281 : INFO : Machine : Machine path: D:\mpf\wows\wows
2019-11-22 21:43:05,281 : INFO : Machine : Platform: win32
2019-11-22 21:43:05,281 : INFO : Machine : Python executable location: c:\users\schol\appdata\local\programs\python\python36\python.exe
2019-11-22 21:43:05,281 : INFO : Machine : Python version: 3.6.4 (64-bit)
2019-11-22 21:43:05,282 : INFO : Machine : Machine config file #1: config.yaml
2019-11-22 21:43:05,283 : INFO : ConfigProcessor : Loading config from cache: C:\Users\schol\AppData\Local\Temp\9eb68d3894805241b8cf789ebd176e3c.mpf_cache
2019-11-22 21:43:05,284 : INFO : Machine : Initialise MPF.
2019-11-22 21:43:05,493 : INFO : EventManager : Event: ======'machine_var_credits_string'====== Args={'value': 'FREE PLAY', 'prev_value': None, 'change': True}
2019-11-22 21:43:05,530 : INFO : EventManager : Event: ======'machine_var_player1_score'====== Args={'value': 0, 'prev_value': None, 'change': True}
2019-11-22 21:43:05,530 : INFO : EventManager : Event: ======'machine_var_mpf_version'====== Args={'value': 'MPF v0.53.0-dev.68', 'prev_value': None, 'change': True}
2019-11-22 21:43:05,530 : INFO : EventManager : Event: ======'machine_var_mpf_extended_version'====== Args={'value': 'MPF v0.53.0-dev.68, Config version:5, Show version: 5, BCP version:1.1', 'prev_value': None, 'change': True}
2019-11-22 21:43:05,530 : INFO : EventManager : Event: ======'machine_var_python_version'====== Args={'value': '3.6.4', 'prev_value': None, 'change': True}
2019-11-22 21:43:05,530 : INFO : EventManager : Event: ======'machine_var_platform'====== Args={'value': 'Windows-10-10.0.18362-SP0', 'prev_value': None, 'change': True}
2019-11-22 21:43:05,531 : INFO : EventManager : Event: ======'machine_var_platform_system'====== Args={'value': 'Windows', 'prev_value': None, 'change': True}
2019-11-22 21:43:05,531 : INFO : EventManager : Event: ======'machine_var_platform_release'====== Args={'value': '10', 'prev_value': None, 'change': True}
2019-11-22 21:43:05,531 : INFO : EventManager : Event: ======'machine_var_platform_version'====== Args={'value': '10.0.18362', 'prev_value': None, 'change': True}
2019-11-22 21:43:05,531 : INFO : EventManager : Event: ======'machine_var_platform_machine'====== Args={'value': 'AMD64', 'prev_value': None, 'change': True}
2019-11-22 21:43:05,531 : INFO : EventManager : Event: ======'init_phase_1'====== Args={}
2019-11-22 21:43:05,567 : INFO : ConfigProcessor : Loading config from cache: C:\Users\schol\AppData\Local\Temp\a327e3a062200f866ce963b9d13b0dd9.mpf_cache
2019-11-22 21:43:05,569 : INFO : ConfigProcessor : Loading config from cache: C:\Users\schol\AppData\Local\Temp\d5fd805c5432c1441bf01a6268536a3d.mpf_cache
2019-11-22 21:43:05,573 : INFO : ConfigProcessor : Loading config from cache: C:\Users\schol\AppData\Local\Temp\5c4497fcd69d1d656c4b69a28e44c490.mpf_cache
2019-11-22 21:43:05,577 : INFO : ConfigProcessor : Loading config from cache: C:\Users\schol\AppData\Local\Temp\ecc9b395424c2990811feee9ed731d4b.mpf_cache
2019-11-22 21:43:05,599 : INFO : EventManager : Event: ======'init_phase_2'====== Args={}
2019-11-22 21:43:05,600 : INFO : SwitchController : Found active switch: ('2', <Platform.SmartVirtual>)
2019-11-22 21:43:05,600 : INFO : SwitchController : Found active switch: ('3', <Platform.SmartVirtual>)
2019-11-22 21:43:05,600 : INFO : SwitchController : Found active switch: ('4', <Platform.SmartVirtual>)
2019-11-22 21:43:05,600 : INFO : SwitchController : Found active switch: ('5', <Platform.SmartVirtual>)
2019-11-22 21:43:05,600 : INFO : SwitchController : Found active switch: ('6', <Platform.SmartVirtual>)
2019-11-22 21:43:05,600 : INFO : SwitchController : Found active switch: ('7', <Platform.SmartVirtual>)
2019-11-22 21:43:05,604 : INFO : EventManager : Event: ======'bcp_connection_attempt'====== Args={'name': 'local_display', 'host': 'localhost', 'port': 5050}
2019-11-22 21:43:05,605 : INFO : BCPClientSocket : Connecting BCP to 'local_display' at localhost:5050...
2019-11-22 21:43:07,618 : INFO : BCPClientSocket : Connected BCP to 'local_display' localhost:5050
2019-11-22 21:43:07,619 : INFO : EventManager : Event: ======'bcp_clients_connected'====== Args={}
2019-11-22 21:43:07,646 : INFO : EventManager : Event: ======'init_phase_3'====== Args={}
2019-11-22 21:43:07,649 : INFO : EventManager : Event: ======'machine_var_mc_version'====== Args={'value': 'MPF-MC v0.53.0-dev.15', 'prev_value': None, 'change': True}
2019-11-22 21:43:07,649 : INFO : EventManager : Event: ======'machine_var_mc_extended_version'====== Args={'value': 'MPF-MC v0.53.0-dev.15 (config_version=5, BCP v1.1, Requires MPF v0.53.0-dev.51)', 'prev_value': None, 'change': True}
2019-11-22 21:43:07,650 : INFO : EventManager : Event: ======'machine_var_master_volume'====== Args={'value': 0.5, 'prev_value': None, 'change': True}
2019-11-22 21:43:07,651 : INFO : EventManager : Event: ======'init_phase_4'====== Args={}
2019-11-22 21:43:07,667 : INFO : EventManager : Event: ======'machine_var_audits_events_game_ended'====== Args={'value': 1, 'prev_value': None, 'change': True}
2019-11-22 21:43:07,667 : INFO : EventManager : Event: ======'machine_var_audits_events_game_started'====== Args={'value': 16, 'prev_value': None, 'change': True}
2019-11-22 21:43:07,667 : INFO : EventManager : Event: ======'machine_var_audits_player_score'====== Args={'value': {'average': 0.0, 'top': [0], 'total': 1}, 'prev_value': None, 'change': True}
2019-11-22 21:43:07,667 : INFO : EventManager : Event: ======'machine_var_audits_switches_s_bumper_1'====== Args={'value': 0, 'prev_value': None, 'change': True}
2019-11-22 21:43:07,668 : INFO : EventManager : Event: ======'machine_var_audits_switches_s_bumper_2'====== Args={'value': 0, 'prev_value': None, 'change': True}
2019-11-22 21:43:07,668 : INFO : EventManager : Event: ======'machine_var_audits_switches_s_bumper_3'====== Args={'value': 0, 'prev_value': None, 'change': True}
2019-11-22 21:43:07,668 : INFO : EventManager : Event: ======'machine_var_audits_switches_s_center_ramp'====== Args={'value': 0, 'prev_value': None, 'change': True}
2019-11-22 21:43:07,668 : INFO : EventManager : Event: ======'machine_var_audits_switches_s_citadel'====== Args={'value': 0, 'prev_value': None, 'change': True}
2019-11-22 21:43:07,668 : INFO : EventManager : Event: ======'machine_var_audits_switches_s_citadel_lock'====== Args={'value': 0, 'prev_value': None, 'change': True}
2019-11-22 21:43:07,668 : INFO : EventManager : Event: ======'machine_var_audits_switches_s_detonation'====== Args={'value': 0, 'prev_value': None, 'change': True}
2019-11-22 21:43:07,669 : INFO : EventManager : Event: ======'machine_var_audits_switches_s_dmg_1'====== Args={'value': 0, 'prev_value': None, 'change': True}
2019-11-22 21:43:07,669 : INFO : EventManager : Event: ======'machine_var_audits_switches_s_dmg_2'====== Args={'value': 0, 'prev_value': None, 'change': True}
2019-11-22 21:43:07,669 : INFO : EventManager : Event: ======'machine_var_audits_switches_s_dmg_3'====== Args={'value': 0, 'prev_value': None, 'change': True}
2019-11-22 21:43:07,669 : INFO : EventManager : Event: ======'machine_var_audits_switches_s_dmg_4'====== Args={'value': 0, 'prev_value': None, 'change': True}
2019-11-22 21:43:07,670 : INFO : EventManager : Event: ======'machine_var_audits_switches_s_dmg_5'====== Args={'value': 0, 'prev_value': None, 'change': True}
2019-11-22 21:43:07,670 : INFO : EventManager : Event: ======'machine_var_audits_switches_s_dmg_6'====== Args={'value': 0, 'prev_value': None, 'change': True}
2019-11-22 21:43:07,670 : INFO : EventManager : Event: ======'machine_var_audits_switches_s_dmg_7'====== Args={'value': 0, 'prev_value': None, 'change': True}
2019-11-22 21:43:07,670 : INFO : EventManager : Event: ======'machine_var_audits_switches_s_drop_target'====== Args={'value': 0, 'prev_value': None, 'change': True}
2019-11-22 21:43:07,671 : INFO : EventManager : Event: ======'machine_var_audits_switches_s_jet_hole'====== Args={'value': 0, 'prev_value': None, 'change': True}
2019-11-22 21:43:07,671 : INFO : EventManager : Event: ======'machine_var_audits_switches_s_jet_lane'====== Args={'value': 0, 'prev_value': None, 'change': True}
2019-11-22 21:43:07,671 : INFO : EventManager : Event: ======'machine_var_audits_switches_s_kickback'====== Args={'value': 0, 'prev_value': None, 'change': True}
2019-11-22 21:43:07,671 : INFO : EventManager : Event: ======'machine_var_audits_switches_s_kickback_target_2'====== Args={'value': 0, 'prev_value': None, 'change': True}
2019-11-22 21:43:07,672 : INFO : EventManager : Event: ======'machine_var_audits_switches_s_kickback_target_3'====== Args={'value': 2, 'prev_value': None, 'change': True}
2019-11-22 21:43:07,672 : INFO : EventManager : Event: ======'machine_var_audits_switches_s_kickback_terget_1'====== Args={'value': 0, 'prev_value': None, 'change': True}
2019-11-22 21:43:07,672 : INFO : EventManager : Event: ======'machine_var_audits_switches_s_left_flipper'====== Args={'value': 15, 'prev_value': None, 'change': True}
2019-11-22 21:43:07,672 : INFO : EventManager : Event: ======'machine_var_audits_switches_s_left_hole'====== Args={'value': 0, 'prev_value': None, 'change': True}
2019-11-22 21:43:07,673 : INFO : EventManager : Event: ======'machine_var_audits_switches_s_left_inlane'====== Args={'value': 0, 'prev_value': None, 'change': True}
2019-11-22 21:43:07,673 : INFO : EventManager : Event: ======'machine_var_audits_switches_s_left_loop_made'====== Args={'value': 0, 'prev_value': None, 'change': True}
2019-11-22 21:43:07,673 : INFO : EventManager : Event: ======'machine_var_audits_switches_s_left_loop_pre'====== Args={'value': 0, 'prev_value': None, 'change': True}
2019-11-22 21:43:07,674 : INFO : EventManager : Event: ======'machine_var_audits_switches_s_left_mid_inlane'====== Args={'value': 0, 'prev_value': None, 'change': True}
2019-11-22 21:43:07,674 : INFO : EventManager : Event: ======'machine_var_audits_switches_s_left_outlane'====== Args={'value': 0, 'prev_value': None, 'change': True}
2019-11-22 21:43:07,674 : INFO : EventManager : Event: ======'machine_var_audits_switches_s_left_ramp_made'====== Args={'value': 0, 'prev_value': None, 'change': True}
2019-11-22 21:43:07,674 : INFO : EventManager : Event: ======'machine_var_audits_switches_s_left_ramp_pre'====== Args={'value': 0, 'prev_value': None, 'change': True}
2019-11-22 21:43:07,675 : INFO : EventManager : Event: ======'machine_var_audits_switches_s_left_slingshot'====== Args={'value': 0, 'prev_value': None, 'change': True}
2019-11-22 21:43:07,675 : INFO : EventManager : Event: ======'machine_var_audits_switches_s_lock_1'====== Args={'value': 0, 'prev_value': None, 'change': True}
2019-11-22 21:43:07,675 : INFO : EventManager : Event: ======'machine_var_audits_switches_s_lock_2'====== Args={'value': 0, 'prev_value': None, 'change': True}
2019-11-22 21:43:07,676 : INFO : EventManager : Event: ======'machine_var_audits_switches_s_lock_3'====== Args={'value': 0, 'prev_value': None, 'change': True}
2019-11-22 21:43:07,676 : INFO : EventManager : Event: ======'machine_var_audits_switches_s_main_hole'====== Args={'value': 8, 'prev_value': None, 'change': True}
2019-11-22 21:43:07,676 : INFO : EventManager : Event: ======'machine_var_audits_switches_s_pen_1'====== Args={'value': 0, 'prev_value': None, 'change': True}
2019-11-22 21:43:07,676 : INFO : EventManager : Event: ======'machine_var_audits_switches_s_pen_2'====== Args={'value': 0, 'prev_value': None, 'change': True}
2019-11-22 21:43:07,677 : INFO : EventManager : Event: ======'machine_var_audits_switches_s_pen_3'====== Args={'value': 0, 'prev_value': None, 'change': True}
2019-11-22 21:43:07,677 : INFO : EventManager : Event: ======'machine_var_audits_switches_s_pen_4'====== Args={'value': 0, 'prev_value': None, 'change': True}
2019-11-22 21:43:07,677 : INFO : EventManager : Event: ======'machine_var_audits_switches_s_pen_5'====== Args={'value': 0, 'prev_value': None, 'change': True}
2019-11-22 21:43:07,678 : INFO : EventManager : Event: ======'machine_var_audits_switches_s_pen_6'====== Args={'value': 0, 'prev_value': None, 'change': True}
2019-11-22 21:43:07,678 : INFO : EventManager : Event: ======'machine_var_audits_switches_s_plunger'====== Args={'value': 27, 'prev_value': None, 'change': True}
2019-11-22 21:43:07,678 : INFO : EventManager : Event: ======'machine_var_audits_switches_s_plunger_button'====== Args={'value': 2, 'prev_value': None, 'change': True}
2019-11-22 21:43:07,679 : INFO : EventManager : Event: ======'machine_var_audits_switches_s_ricochet_1'====== Args={'value': 0, 'prev_value': None, 'change': True}
2019-11-22 21:43:07,679 : INFO : EventManager : Event: ======'machine_var_audits_switches_s_ricochet_2'====== Args={'value': 0, 'prev_value': None, 'change': True}
2019-11-22 21:43:07,679 : INFO : EventManager : Event: ======'machine_var_audits_switches_s_ricochet_3'====== Args={'value': 0, 'prev_value': None, 'change': True}
2019-11-22 21:43:07,679 : INFO : EventManager : Event: ======'machine_var_audits_switches_s_ricochet_4'====== Args={'value': 0, 'prev_value': None, 'change': True}
2019-11-22 21:43:07,680 : INFO : EventManager : Event: ======'machine_var_audits_switches_s_ricochet_5'====== Args={'value': 0, 'prev_value': None, 'change': True}
2019-11-22 21:43:07,680 : INFO : EventManager : Event: ======'machine_var_audits_switches_s_right_flipper'====== Args={'value': 53, 'prev_value': None, 'change': True}
2019-11-22 21:43:07,680 : INFO : EventManager : Event: ======'machine_var_audits_switches_s_right_hole'====== Args={'value': 0, 'prev_value': None, 'change': True}
2019-11-22 21:43:07,681 : INFO : EventManager : Event: ======'machine_var_audits_switches_s_right_inlane'====== Args={'value': 0, 'prev_value': None, 'change': True}
2019-11-22 21:43:07,681 : INFO : EventManager : Event: ======'machine_var_audits_switches_s_right_outlane'====== Args={'value': 0, 'prev_value': None, 'change': True}
2019-11-22 21:43:07,681 : INFO : EventManager : Event: ======'machine_var_audits_switches_s_right_ramp_made'====== Args={'value': 0, 'prev_value': None, 'change': True}
2019-11-22 21:43:07,682 : INFO : EventManager : Event: ======'machine_var_audits_switches_s_right_ramp_pre'====== Args={'value': 0, 'prev_value': None, 'change': True}
2019-11-22 21:43:07,682 : INFO : EventManager : Event: ======'machine_var_audits_switches_s_right_slingshot'====== Args={'value': 0, 'prev_value': None, 'change': True}
2019-11-22 21:43:07,682 : INFO : EventManager : Event: ======'machine_var_audits_switches_s_side_hole'====== Args={'value': 2, 'prev_value': None, 'change': True}
2019-11-22 21:43:07,683 : INFO : EventManager : Event: ======'machine_var_audits_switches_s_side_ramp_made'====== Args={'value': 0, 'prev_value': None, 'change': True}
2019-11-22 21:43:07,683 : INFO : EventManager : Event: ======'machine_var_audits_switches_s_side_ramp_pre'====== Args={'value': 0, 'prev_value': None, 'change': True}
2019-11-22 21:43:07,684 : INFO : EventManager : Event: ======'machine_var_audits_switches_s_start'====== Args={'value': 3, 'prev_value': None, 'change': True}
2019-11-22 21:43:07,684 : INFO : EventManager : Event: ======'machine_var_audits_switches_s_torpedo'====== Args={'value': 0, 'prev_value': None, 'change': True}
2019-11-22 21:43:07,684 : INFO : EventManager : Event: ======'machine_var_audits_switches_s_trough1'====== Args={'value': 4, 'prev_value': None, 'change': True}
2019-11-22 21:43:07,685 : INFO : EventManager : Event: ======'machine_var_audits_switches_s_trough2'====== Args={'value': 0, 'prev_value': None, 'change': True}
2019-11-22 21:43:07,685 : INFO : EventManager : Event: ======'machine_var_audits_switches_s_trough3'====== Args={'value': 0, 'prev_value': None, 'change': True}
2019-11-22 21:43:07,685 : INFO : EventManager : Event: ======'machine_var_audits_switches_s_trough4'====== Args={'value': 0, 'prev_value': None, 'change': True}
2019-11-22 21:43:07,686 : INFO : EventManager : Event: ======'machine_var_audits_switches_s_trough5'====== Args={'value': 0, 'prev_value': None, 'change': True}
2019-11-22 21:43:07,686 : INFO : EventManager : Event: ======'machine_var_audits_switches_s_trough6'====== Args={'value': 1, 'prev_value': None, 'change': True}
2019-11-22 21:43:07,686 : INFO : EventManager : Event: ======'machine_var_audits_switches_s_trough_jam'====== Args={'value': 0, 'prev_value': None, 'change': True}
2019-11-22 21:43:07,687 : INFO : EventManager : Event: ======'init_phase_5'====== Args={}
2019-11-22 21:43:07,707 : INFO : EventManager : Event: ======'init_done'====== Args={}
2019-11-22 21:43:07,707 : INFO : EventManager : Event: ======'machine_reset_phase_1'====== Args={}
2019-11-22 21:43:07,707 : INFO : BcpServer : New client connected.
2019-11-22 21:43:07,717 : INFO : EventManager : Event: ======'slide_welcome_slide_removed'====== Args={'_from_bcp': True}
2019-11-22 21:43:07,725 : INFO : EventManager : Event: ======'slide_welcome_slide_created'====== Args={'_from_bcp': True}
2019-11-22 21:43:07,727 : INFO : EventManager : Event: ======'slide_welcome_slide_active'====== Args={'_from_bcp': True}
2019-11-22 21:43:07,727 : INFO : EventManager : Event: ======'machine_reset_phase_2'====== Args={}
2019-11-22 21:43:07,727 : INFO : EventManager : Event: ======'machine_reset_phase_3'====== Args={}
2019-11-22 21:43:07,728 : INFO : EventManager : Event: ======'reset_complete'====== Args={}
2019-11-22 21:43:07,728 : INFO : EventManager : Event: ======'mode_attract_will_start'====== Args={}
2019-11-22 21:43:07,729 : INFO : EventManager : Event: ======'mode_attract_starting'====== Args={}
2019-11-22 21:43:07,730 : INFO : Mode.attract : Started. Priority: 10
2019-11-22 21:43:07,730 : INFO : EventManager : Event: ======'mode_attract_started'====== Args={}
2019-11-22 21:43:07,730 : INFO : EventManager : Event: ======'collecting_balls_complete'====== Args={}
2019-11-22 21:43:07,751 : INFO : Machine : Starting the main run loop.
2019-11-22 21:43:07,773 : INFO : EventManager : Event: ======'slide_attract_started_created'====== Args={'_from_bcp': True}
2019-11-22 21:43:07,782 : INFO : EventManager : Event: ======'slide_attract_started_active'====== Args={'_from_bcp': True}
2019-11-22 21:43:16,927 : INFO : SwitchController : <<<<<<< 's_start' active >>>>>>>
2019-11-22 21:43:16,967 : INFO : SwitchController : <<<<<<< 's_start' inactive >>>>>>>
2019-11-22 21:43:16,967 : INFO : EventManager : Event: ======'request_to_start_game'====== Args={}
2019-11-22 21:43:16,968 : INFO : EventManager : Event: ======'game_start'====== Args={'buttons': [], 'hold_time': 0.03200000000651926}
2019-11-22 21:43:16,968 : INFO : EventManager : Event: ======'mode_game_will_start'====== Args={'buttons': [], 'hold_time': 0.03200000000651926}
2019-11-22 21:43:16,968 : INFO : EventManager : Event: ======'mode_game_starting'====== Args={'buttons': [], 'hold_time': 0.03200000000651926}
2019-11-22 21:43:16,968 : INFO : EventManager : Event: ======'mode_attract_will_stop'====== Args={}
2019-11-22 21:43:16,969 : INFO : EventManager : Event: ======'mode_attract_stopping'====== Args={}
2019-11-22 21:43:16,969 : INFO : Mode.attract : Stopped.
2019-11-22 21:43:16,969 : INFO : EventManager : Event: ======'mode_attract_stopped'====== Args={}
2019-11-22 21:43:16,969 : INFO : EventManager : Event: ======'clear'====== Args={'key': 'attract'}
2019-11-22 21:43:16,970 : INFO : Mode.game : Started. Priority: 20
2019-11-22 21:43:16,970 : INFO : EventManager : Event: ======'mode_game_started'====== Args={'buttons': [], 'hold_time': 0.03200000000651926}
2019-11-22 21:43:16,981 : INFO : EventManager : Event: ======'game_will_start'====== Args={}
2019-11-22 21:43:16,981 : INFO : EventManager : Event: ======'game_starting'====== Args={'game': <Mode.game>}
2019-11-22 21:43:16,982 : INFO : EventManager : Event: ======'player_add_request'====== Args={}
2019-11-22 21:43:16,982 : INFO : EventManager : Event: ======'player_will_add'====== Args={'number': 1}
2019-11-22 21:43:16,982 : INFO : EventManager : Event: ======'player_adding'====== Args={'player': <Player 1>, 'number': 1}
2019-11-22 21:43:16,982 : INFO : EventManager : Event: ======'player_added'====== Args={'player': <Player 1>, 'num': 1}
2019-11-22 21:43:16,982 : INFO : Mode.game : Player added successfully. Total players: 1
2019-11-22 21:43:16,983 : INFO : EventManager : Event: ======'player_index'====== Args={'value': 0, 'prev_value': 0, 'change': 0, 'player_num': 1}
2019-11-22 21:43:16,983 : INFO : EventManager : Event: ======'player_number'====== Args={'value': 1, 'prev_value': 1, 'change': 0, 'player_num': 1}
2019-11-22 21:43:16,983 : INFO : EventManager : Event: ======'player_score'====== Args={'value': 0, 'prev_value': 0, 'change': 0, 'player_num': 1}
2019-11-22 21:43:16,983 : INFO : EventManager : Event: ======'game_started'====== Args={}
2019-11-22 21:43:16,995 : INFO : EventManager : Event: ======'player_turn_will_start'====== Args={'player': <Player 1>, 'number': 1}
2019-11-22 21:43:17,000 : INFO : EventManager : Event: ======'player_turn_starting'====== Args={'player': <Player 1>, 'number': 1}
2019-11-22 21:43:17,000 : INFO : EventManager : Event: ======'player_ball'====== Args={'value': 1, 'prev_value': 0, 'change': 1, 'player_num': 1}
2019-11-22 21:43:17,002 : INFO : EventManager : Event: ======'player_turn_started'====== Args={'player': <Player 1>, 'number': 1}
2019-11-22 21:43:17,003 : INFO : EventManager : Event: ======'ball_will_start'====== Args={'player': 1, 'ball': 1, 'balls_remaining': 2, 'is_extra_ball': False}
2019-11-22 21:43:17,013 : INFO : EventManager : Event: ======'ball_starting'====== Args={'player': 1, 'ball': 1, 'balls_remaining': 2, 'is_extra_ball': False}
2019-11-22 21:43:17,013 : INFO : EventManager : Event: ======'mode_mode_1_will_start'====== Args={'queue': <QueuedEvent>, 'player': 1, 'ball': 1, 'balls_remaining': 2, 'is_extra_ball': False}
2019-11-22 21:43:17,014 : INFO : Timer.mode_countdown : Starting Timer.
2019-11-22 21:43:17,014 : INFO : EventManager : Event: ======'timer_mode_countdown_started'====== Args={'ticks': 30, 'ticks_remaining': 30}
2019-11-22 21:43:17,014 : INFO : EventManager : Event: ======'timer_mode_countdown_tick'====== Args={'ticks': 30, 'ticks_remaining': 30}
2019-11-22 21:43:17,015 : INFO : EventManager : Event: ======'mode_mode_1_starting'====== Args={'queue': <QueuedEvent>, 'player': 1, 'ball': 1, 'balls_remaining': 2, 'is_extra_ball': False}
2019-11-22 21:43:17,015 : INFO : EventManager : Event: ======'mode_base_will_start'====== Args={'queue': <QueuedEvent>, 'player': 1, 'ball': 1, 'balls_remaining': 2, 'is_extra_ball': False}
2019-11-22 21:43:17,016 : INFO : EventManager : Event: ======'mode_base_starting'====== Args={'queue': <QueuedEvent>, 'player': 1, 'ball': 1, 'balls_remaining': 2, 'is_extra_ball': False}
2019-11-22 21:43:17,016 : INFO : Mode.base : Started. Priority: 100
2019-11-22 21:43:17,016 : INFO : EventManager : Event: ======'mode_base_started'====== Args={'queue': <QueuedEvent>, 'player': 1, 'ball': 1, 'balls_remaining': 2, 'is_extra_ball': False}
2019-11-22 21:43:17,017 : INFO : Mode.mode_1 : Started. Priority: 300
2019-11-22 21:43:17,017 : INFO : EventManager : Event: ======'mode_mode_1_started'====== Args={'queue': <QueuedEvent>, 'player': 1, 'ball': 1, 'balls_remaining': 2, 'is_extra_ball': False}
2019-11-22 21:43:17,017 : INFO : EventManager : Event: ======'balls_in_play'====== Args={'balls': 1}
2019-11-22 21:43:17,017 : INFO : EventManager : Event: ======'ball_started'====== Args={'player': 1, 'ball': 1, 'balls_remaining': 2, 'is_extra_ball': False}
2019-11-22 21:43:17,041 : INFO : EventManager : Event: ======'single_player_ball_started'====== Args={}
2019-11-22 21:43:17,042 : INFO : EventManager : Event: ======'slide_base.slide_player-mode_base_started_created'====== Args={'_from_bcp': True}
2019-11-22 21:43:17,042 : INFO : EventManager : Event: ======'slide_base.slide_player-mode_base_started_active'====== Args={'_from_bcp': True}
2019-11-22 21:43:17,042 : INFO : EventManager : Event: ======'balldevice_balls_available'====== Args={}
2019-11-22 21:43:17,043 : INFO : EventManager : Event: ======'balldevice_bd_trough_ball_eject_attempt'====== Args={'balls': 1, 'target': <ball_device.bd_plunger>, 'source': <ball_device.bd_trough>, 'mechanical_eject': True, 'num_attempts': 0}
2019-11-22 21:43:17,043 : INFO : ball_device.bd_trough : Ejecting ball to <ball_device.bd_plunger>
2019-11-22 21:43:17,044 : INFO : EventManager : Event: ======'balldevice_bd_trough_ejecting_ball'====== Args={'balls': 1, 'target': <ball_device.bd_plunger>, 'source': <ball_device.bd_trough>, 'mechanical_eject': True, 'num_attempts': 0}
2019-11-22 21:43:17,044 : INFO : coil.c_trough_eject : Pulsing Driver for 20ms (1.0 pulse_power)
2019-11-22 21:43:17,045 : INFO : SwitchController : <<<<<<< 's_trough1' inactive >>>>>>>
2019-11-22 21:43:17,137 : INFO : SwitchController : <<<<<<< 's_plunger' active >>>>>>>
2019-11-22 21:43:17,137 : INFO : EventManager : Event: ======'machine_var_audits_switches_s_plunger'====== Args={'value': 28, 'prev_value': 27, 'change': 1}
2019-11-22 21:43:17,441 : INFO : EventManager : Event: ======'balldevice_bd_plunger_ball_enter'====== Args={'new_balls': 1, 'unclaimed_balls': 0, 'new_available_balls': 0, 'device': <ball_device.bd_plunger>}
2019-11-22 21:43:17,442 : INFO : EventManager : Event: ======'balldevice_bd_plunger_ball_entered'====== Args={'new_balls': 0, 'device': <ball_device.bd_plunger>}
2019-11-22 21:43:17,442 : INFO : EventManager : Event: ======'balldevice_bd_plunger_ball_count_changed'====== Args={'balls': 1}
2019-11-22 21:43:17,442 : INFO : EventManager : Event: ======'balldevice_bd_trough_ball_eject_success'====== Args={'balls': 1, 'target': <ball_device.bd_plunger>}
2019-11-22 21:43:17,443 : INFO : EventManager : Event: ======'balldevice_bd_trough_ball_count_changed'====== Args={'balls': 4}
2019-11-22 21:43:17,444 : INFO : EventManager : Event: ======'balldevice_bd_plunger_ball_eject_attempt'====== Args={'balls': 1, 'target': <playfield.playfield>, 'source': <ball_device.bd_plunger>, 'mechanical_eject': True, 'num_attempts': 0}
2019-11-22 21:43:17,444 : INFO : ball_device.bd_plunger : Ejecting ball to <playfield.playfield>
2019-11-22 21:43:17,444 : INFO : EventManager : Event: ======'balldevice_bd_plunger_ejecting_ball'====== Args={'balls': 1, 'target': <playfield.playfield>, 'source': <ball_device.bd_plunger>, 'mechanical_eject': True, 'num_attempts': 0}
2019-11-22 21:43:17,993 : INFO : EventManager : Event: ======'player_mode_1_mode_countdown_tick'====== Args={'value': 29, 'prev_value': 0, 'change': 29, 'player_num': 1}
2019-11-22 21:43:17,994 : INFO : EventManager : Event: ======'timer_mode_countdown_tick'====== Args={'ticks': 29, 'ticks_remaining': 29}
2019-11-22 21:43:18,017 : INFO : EventManager : Event: ======'slide_slide_20_created'====== Args={'_from_bcp': True}
2019-11-22 21:43:18,017 : INFO : EventManager : Event: ======'slide_slide_20_active'====== Args={'_from_bcp': True}
2019-11-22 21:43:18,987 : INFO : EventManager : Event: ======'player_mode_1_mode_countdown_tick'====== Args={'value': 28, 'prev_value': 29, 'change': -1, 'player_num': 1}
2019-11-22 21:43:18,988 : INFO : EventManager : Event: ======'timer_mode_countdown_tick'====== Args={'ticks': 28, 'ticks_remaining': 28}
2019-11-22 21:43:19,011 : INFO : EventManager : Event: ======'slide_slide_20_removed'====== Args={'_from_bcp': True}
2019-11-22 21:43:19,011 : INFO : EventManager : Event: ======'slide_slide_20_created'====== Args={'_from_bcp': True}
2019-11-22 21:43:19,012 : INFO : EventManager : Event: ======'slide_slide_20_active'====== Args={'_from_bcp': True}
2019-11-22 21:43:19,997 : INFO : EventManager : Event: ======'player_mode_1_mode_countdown_tick'====== Args={'value': 27, 'prev_value': 28, 'change': -1, 'player_num': 1}
2019-11-22 21:43:19,998 : INFO : EventManager : Event: ======'timer_mode_countdown_tick'====== Args={'ticks': 27, 'ticks_remaining': 27}
2019-11-22 21:43:20,022 : INFO : EventManager : Event: ======'slide_slide_20_removed'====== Args={'_from_bcp': True}
2019-11-22 21:43:20,029 : INFO : EventManager : Event: ======'slide_slide_20_created'====== Args={'_from_bcp': True}
2019-11-22 21:43:20,030 : INFO : EventManager : Event: ======'slide_slide_20_active'====== Args={'_from_bcp': True}
2019-11-22 21:43:20,990 : INFO : EventManager : Event: ======'player_mode_1_mode_countdown_tick'====== Args={'value': 26, 'prev_value': 27, 'change': -1, 'player_num': 1}
2019-11-22 21:43:20,990 : INFO : EventManager : Event: ======'timer_mode_countdown_tick'====== Args={'ticks': 26, 'ticks_remaining': 26}
2019-11-22 21:43:21,003 : INFO : EventManager : Event: ======'slide_slide_20_removed'====== Args={'_from_bcp': True}
2019-11-22 21:43:21,006 : INFO : EventManager : Event: ======'slide_slide_20_created'====== Args={'_from_bcp': True}
2019-11-22 21:43:21,008 : INFO : EventManager : Event: ======'slide_slide_20_active'====== Args={'_from_bcp': True}
2019-11-22 21:43:21,999 : INFO : EventManager : Event: ======'player_mode_1_mode_countdown_tick'====== Args={'value': 25, 'prev_value': 26, 'change': -1, 'player_num': 1}
2019-11-22 21:43:22,001 : INFO : EventManager : Event: ======'timer_mode_countdown_tick'====== Args={'ticks': 25, 'ticks_remaining': 25}
2019-11-22 21:43:22,035 : INFO : EventManager : Event: ======'slide_slide_20_removed'====== Args={'_from_bcp': True}
2019-11-22 21:43:22,042 : INFO : EventManager : Event: ======'slide_slide_20_created'====== Args={'_from_bcp': True}
2019-11-22 21:43:22,043 : INFO : EventManager : Event: ======'slide_slide_20_active'====== Args={'_from_bcp': True}
2019-11-22 21:43:23,005 : INFO : EventManager : Event: ======'player_mode_1_mode_countdown_tick'====== Args={'value': 24, 'prev_value': 25, 'change': -1, 'player_num': 1}
2019-11-22 21:43:23,005 : INFO : EventManager : Event: ======'timer_mode_countdown_tick'====== Args={'ticks': 24, 'ticks_remaining': 24}
2019-11-22 21:43:23,028 : INFO : EventManager : Event: ======'slide_slide_20_removed'====== Args={'_from_bcp': True}
2019-11-22 21:43:23,028 : INFO : EventManager : Event: ======'slide_slide_20_created'====== Args={'_from_bcp': True}
2019-11-22 21:43:23,028 : INFO : EventManager : Event: ======'slide_slide_20_active'====== Args={'_from_bcp': True}
2019-11-22 21:43:23,998 : INFO : EventManager : Event: ======'player_mode_1_mode_countdown_tick'====== Args={'value': 23, 'prev_value': 24, 'change': -1, 'player_num': 1}
2019-11-22 21:43:23,999 : INFO : EventManager : Event: ======'timer_mode_countdown_tick'====== Args={'ticks': 23, 'ticks_remaining': 23}
2019-11-22 21:43:24,028 : INFO : EventManager : Event: ======'slide_slide_20_removed'====== Args={'_from_bcp': True}
2019-11-22 21:43:24,029 : INFO : EventManager : Event: ======'slide_slide_20_created'====== Args={'_from_bcp': True}
2019-11-22 21:43:24,029 : INFO : EventManager : Event: ======'slide_slide_20_active'====== Args={'_from_bcp': True}
2019-11-22 21:43:25,006 : INFO : EventManager : Event: ======'player_mode_1_mode_countdown_tick'====== Args={'value': 22, 'prev_value': 23, 'change': -1, 'player_num': 1}
2019-11-22 21:43:25,007 : INFO : EventManager : Event: ======'timer_mode_countdown_tick'====== Args={'ticks': 22, 'ticks_remaining': 22}
2019-11-22 21:43:25,021 : INFO : EventManager : Event: ======'slide_slide_20_removed'====== Args={'_from_bcp': True}
2019-11-22 21:43:25,028 : INFO : EventManager : Event: ======'slide_slide_20_created'====== Args={'_from_bcp': True}
2019-11-22 21:43:25,028 : INFO : EventManager : Event: ======'slide_slide_20_active'====== Args={'_from_bcp': True}
2019-11-22 21:43:25,989 : INFO : EventManager : Event: ======'player_mode_1_mode_countdown_tick'====== Args={'value': 21, 'prev_value': 22, 'change': -1, 'player_num': 1}
2019-11-22 21:43:25,990 : INFO : EventManager : Event: ======'timer_mode_countdown_tick'====== Args={'ticks': 21, 'ticks_remaining': 21}
2019-11-22 21:43:26,003 : INFO : EventManager : Event: ======'slide_slide_20_removed'====== Args={'_from_bcp': True}
2019-11-22 21:43:26,008 : INFO : EventManager : Event: ======'slide_slide_20_created'====== Args={'_from_bcp': True}
2019-11-22 21:43:26,009 : INFO : EventManager : Event: ======'slide_slide_20_active'====== Args={'_from_bcp': True}
2019-11-22 21:43:26,988 : INFO : EventManager : Event: ======'player_mode_1_mode_countdown_tick'====== Args={'value': 20, 'prev_value': 21, 'change': -1, 'player_num': 1}
2019-11-22 21:43:26,989 : INFO : EventManager : Event: ======'timer_mode_countdown_tick'====== Args={'ticks': 20, 'ticks_remaining': 20}
2019-11-22 21:43:27,017 : INFO : EventManager : Event: ======'slide_slide_20_removed'====== Args={'_from_bcp': True}
2019-11-22 21:43:27,017 : INFO : EventManager : Event: ======'slide_slide_20_created'====== Args={'_from_bcp': True}
2019-11-22 21:43:27,017 : INFO : EventManager : Event: ======'slide_slide_20_active'====== Args={'_from_bcp': True}
2019-11-22 21:43:27,990 : INFO : EventManager : Event: ======'player_mode_1_mode_countdown_tick'====== Args={'value': 19, 'prev_value': 20, 'change': -1, 'player_num': 1}
2019-11-22 21:43:27,990 : INFO : EventManager : Event: ======'timer_mode_countdown_tick'====== Args={'ticks': 19, 'ticks_remaining': 19}
2019-11-22 21:43:28,003 : INFO : EventManager : Event: ======'slide_slide_20_removed'====== Args={'_from_bcp': True}
2019-11-22 21:43:28,013 : INFO : EventManager : Event: ======'slide_slide_20_created'====== Args={'_from_bcp': True}
2019-11-22 21:43:28,013 : INFO : EventManager : Event: ======'slide_slide_20_active'====== Args={'_from_bcp': True}
2019-11-22 21:43:28,363 : INFO : SwitchController : <<<<<<< 's_dmg_1' active >>>>>>>
2019-11-22 21:43:28,364 : INFO : EventManager : Event: ======'machine_var_audits_switches_s_dmg_1'====== Args={'value': 1, 'prev_value': 0, 'change': 1}
2019-11-22 21:43:28,446 : INFO : SwitchController : <<<<<<< 's_dmg_1' inactive >>>>>>>
2019-11-22 21:43:28,996 : INFO : EventManager : Event: ======'player_mode_1_mode_countdown_tick'====== Args={'value': 18, 'prev_value': 19, 'change': -1, 'player_num': 1}
2019-11-22 21:43:28,997 : INFO : EventManager : Event: ======'timer_mode_countdown_tick'====== Args={'ticks': 18, 'ticks_remaining': 18}
2019-11-22 21:43:29,031 : INFO : EventManager : Event: ======'slide_slide_20_removed'====== Args={'_from_bcp': True}
2019-11-22 21:43:29,032 : INFO : EventManager : Event: ======'slide_slide_20_created'====== Args={'_from_bcp': True}
2019-11-22 21:43:29,034 : INFO : EventManager : Event: ======'slide_slide_20_active'====== Args={'_from_bcp': True}
2019-11-22 21:43:29,906 : INFO : SwitchController : <<<<<<< 's_dmg_7' active >>>>>>>
2019-11-22 21:43:29,907 : INFO : EventManager : Event: ======'machine_var_audits_switches_s_dmg_7'====== Args={'value': 1, 'prev_value': 0, 'change': 1}
2019-11-22 21:43:30,002 : INFO : EventManager : Event: ======'player_mode_1_mode_countdown_tick'====== Args={'value': 17, 'prev_value': 18, 'change': -1, 'player_num': 1}
2019-11-22 21:43:30,002 : INFO : EventManager : Event: ======'timer_mode_countdown_tick'====== Args={'ticks': 17, 'ticks_remaining': 17}
2019-11-22 21:43:30,010 : INFO : SwitchController : <<<<<<< 's_dmg_7' inactive >>>>>>>
2019-11-22 21:43:30,028 : INFO : EventManager : Event: ======'slide_slide_20_removed'====== Args={'_from_bcp': True}
2019-11-22 21:43:30,029 : INFO : EventManager : Event: ======'slide_slide_20_created'====== Args={'_from_bcp': True}
2019-11-22 21:43:30,030 : INFO : EventManager : Event: ======'slide_slide_20_active'====== Args={'_from_bcp': True}
2019-11-22 21:43:31,003 : INFO : EventManager : Event: ======'player_mode_1_mode_countdown_tick'====== Args={'value': 16, 'prev_value': 17, 'change': -1, 'player_num': 1}
2019-11-22 21:43:31,003 : INFO : EventManager : Event: ======'timer_mode_countdown_tick'====== Args={'ticks': 16, 'ticks_remaining': 16}
2019-11-22 21:43:31,026 : INFO : EventManager : Event: ======'slide_slide_20_removed'====== Args={'_from_bcp': True}
2019-11-22 21:43:31,031 : INFO : EventManager : Event: ======'slide_slide_20_created'====== Args={'_from_bcp': True}
2019-11-22 21:43:31,031 : INFO : EventManager : Event: ======'slide_slide_20_active'====== Args={'_from_bcp': True}
2019-11-22 21:43:31,482 : INFO : SwitchController : <<<<<<< 's_dmg_6' active >>>>>>>
2019-11-22 21:43:31,483 : INFO : EventManager : Event: ======'machine_var_audits_switches_s_dmg_6'====== Args={'value': 1, 'prev_value': 0, 'change': 1}
2019-11-22 21:43:31,587 : INFO : SwitchController : <<<<<<< 's_dmg_6' inactive >>>>>>>
2019-11-22 21:43:31,994 : INFO : EventManager : Event: ======'player_mode_1_mode_countdown_tick'====== Args={'value': 15, 'prev_value': 16, 'change': -1, 'player_num': 1}
2019-11-22 21:43:31,996 : INFO : EventManager : Event: ======'timer_mode_countdown_tick'====== Args={'ticks': 15, 'ticks_remaining': 15}
2019-11-22 21:43:32,038 : INFO : EventManager : Event: ======'slide_slide_20_removed'====== Args={'_from_bcp': True}
2019-11-22 21:43:32,038 : INFO : EventManager : Event: ======'slide_slide_20_created'====== Args={'_from_bcp': True}
2019-11-22 21:43:32,039 : INFO : EventManager : Event: ======'slide_slide_20_active'====== Args={'_from_bcp': True}
2019-11-22 21:43:32,158 : INFO : SwitchController : <<<<<<< 's_dmg_5' active >>>>>>>
2019-11-22 21:43:32,159 : INFO : EventManager : Event: ======'machine_var_audits_switches_s_dmg_5'====== Args={'value': 1, 'prev_value': 0, 'change': 1}
2019-11-22 21:43:32,243 : INFO : SwitchController : <<<<<<< 's_dmg_5' inactive >>>>>>>
2019-11-22 21:43:32,683 : INFO : SwitchController : <<<<<<< 's_dmg_4' active >>>>>>>
2019-11-22 21:43:32,683 : INFO : EventManager : Event: ======'machine_var_audits_switches_s_dmg_4'====== Args={'value': 1, 'prev_value': 0, 'change': 1}
2019-11-22 21:43:32,755 : INFO : SwitchController : <<<<<<< 's_dmg_4' inactive >>>>>>>
2019-11-22 21:43:33,004 : INFO : EventManager : Event: ======'player_mode_1_mode_countdown_tick'====== Args={'value': 14, 'prev_value': 15, 'change': -1, 'player_num': 1}
2019-11-22 21:43:33,004 : INFO : EventManager : Event: ======'timer_mode_countdown_tick'====== Args={'ticks': 14, 'ticks_remaining': 14}
2019-11-22 21:43:33,017 : INFO : EventManager : Event: ======'slide_slide_20_removed'====== Args={'_from_bcp': True}
2019-11-22 21:43:33,022 : INFO : EventManager : Event: ======'slide_slide_20_created'====== Args={'_from_bcp': True}
2019-11-22 21:43:33,023 : INFO : EventManager : Event: ======'slide_slide_20_active'====== Args={'_from_bcp': True}
2019-11-22 21:43:33,207 : INFO : SwitchController : <<<<<<< 's_dmg_3' active >>>>>>>
2019-11-22 21:43:33,207 : INFO : EventManager : Event: ======'machine_var_audits_switches_s_dmg_3'====== Args={'value': 1, 'prev_value': 0, 'change': 1}
2019-11-22 21:43:33,303 : INFO : SwitchController : <<<<<<< 's_dmg_3' inactive >>>>>>>
2019-11-22 21:43:33,724 : INFO : SwitchController : <<<<<<< 's_dmg_2' active >>>>>>>
2019-11-22 21:43:33,724 : INFO : EventManager : Event: ======'machine_var_audits_switches_s_dmg_2'====== Args={'value': 1, 'prev_value': 0, 'change': 1}
2019-11-22 21:43:33,822 : INFO : SwitchController : <<<<<<< 's_dmg_2' inactive >>>>>>>
2019-11-22 21:43:34,007 : INFO : EventManager : Event: ======'player_mode_1_mode_countdown_tick'====== Args={'value': 13, 'prev_value': 14, 'change': -1, 'player_num': 1}
2019-11-22 21:43:34,008 : INFO : EventManager : Event: ======'timer_mode_countdown_tick'====== Args={'ticks': 13, 'ticks_remaining': 13}
2019-11-22 21:43:34,028 : INFO : EventManager : Event: ======'slide_slide_20_removed'====== Args={'_from_bcp': True}
2019-11-22 21:43:34,029 : INFO : EventManager : Event: ======'slide_slide_20_created'====== Args={'_from_bcp': True}
2019-11-22 21:43:34,033 : INFO : EventManager : Event: ======'slide_slide_20_active'====== Args={'_from_bcp': True}
2019-11-22 21:43:34,865 : INFO : SwitchController : <<<<<<< 's_dmg_1' active >>>>>>>
2019-11-22 21:43:34,865 : INFO : EventManager : Event: ======'machine_var_audits_switches_s_dmg_1'====== Args={'value': 2, 'prev_value': 1, 'change': 1}
2019-11-22 21:43:34,956 : INFO : SwitchController : <<<<<<< 's_dmg_1' inactive >>>>>>>
2019-11-22 21:43:35,002 : INFO : EventManager : Event: ======'player_mode_1_mode_countdown_tick'====== Args={'value': 12, 'prev_value': 13, 'change': -1, 'player_num': 1}
2019-11-22 21:43:35,002 : INFO : EventManager : Event: ======'timer_mode_countdown_tick'====== Args={'ticks': 12, 'ticks_remaining': 12}
2019-11-22 21:43:35,017 : INFO : EventManager : Event: ======'slide_slide_20_removed'====== Args={'_from_bcp': True}
2019-11-22 21:43:35,023 : INFO : EventManager : Event: ======'slide_slide_20_created'====== Args={'_from_bcp': True}
2019-11-22 21:43:35,023 : INFO : EventManager : Event: ======'slide_slide_20_active'====== Args={'_from_bcp': True}
2019-11-22 21:43:35,463 : INFO : SwitchController : <<<<<<< 's_dmg_1' active >>>>>>>
2019-11-22 21:43:35,463 : INFO : EventManager : Event: ======'machine_var_audits_switches_s_dmg_1'====== Args={'value': 3, 'prev_value': 2, 'change': 1}
2019-11-22 21:43:35,571 : INFO : SwitchController : <<<<<<< 's_dmg_1' inactive >>>>>>>
2019-11-22 21:43:35,987 : INFO : EventManager : Event: ======'player_mode_1_mode_countdown_tick'====== Args={'value': 11, 'prev_value': 12, 'change': -1, 'player_num': 1}
2019-11-22 21:43:35,987 : INFO : EventManager : Event: ======'timer_mode_countdown_tick'====== Args={'ticks': 11, 'ticks_remaining': 11}
2019-11-22 21:43:36,001 : INFO : EventManager : Event: ======'slide_slide_20_removed'====== Args={'_from_bcp': True}
2019-11-22 21:43:36,006 : INFO : EventManager : Event: ======'slide_slide_20_created'====== Args={'_from_bcp': True}
2019-11-22 21:43:36,006 : INFO : EventManager : Event: ======'slide_slide_20_active'====== Args={'_from_bcp': True}
2019-11-22 21:43:36,179 : INFO : SwitchController : <<<<<<< 's_dmg_1' active >>>>>>>
2019-11-22 21:43:36,179 : INFO : EventManager : Event: ======'machine_var_audits_switches_s_dmg_1'====== Args={'value': 4, 'prev_value': 3, 'change': 1}
2019-11-22 21:43:36,243 : INFO : SwitchController : <<<<<<< 's_dmg_1' inactive >>>>>>>
2019-11-22 21:43:36,386 : INFO : SwitchController : <<<<<<< 's_dmg_1' active >>>>>>>
2019-11-22 21:43:36,386 : INFO : EventManager : Event: ======'machine_var_audits_switches_s_dmg_1'====== Args={'value': 5, 'prev_value': 4, 'change': 1}
2019-11-22 21:43:36,416 : INFO : SwitchController : <<<<<<< 's_dmg_1' inactive >>>>>>>
2019-11-22 21:43:36,520 : INFO : SwitchController : <<<<<<< 's_dmg_1' active >>>>>>>
2019-11-22 21:43:36,520 : INFO : EventManager : Event: ======'machine_var_audits_switches_s_dmg_1'====== Args={'value': 6, 'prev_value': 5, 'change': 1}
2019-11-22 21:43:36,595 : INFO : SwitchController : <<<<<<< 's_dmg_1' inactive >>>>>>>
2019-11-22 21:43:37,002 : INFO : EventManager : Event: ======'player_mode_1_mode_countdown_tick'====== Args={'value': 10, 'prev_value': 11, 'change': -1, 'player_num': 1}
2019-11-22 21:43:37,003 : INFO : EventManager : Event: ======'timer_mode_countdown_tick'====== Args={'ticks': 10, 'ticks_remaining': 10}
2019-11-22 21:43:37,031 : INFO : EventManager : Event: ======'slide_slide_20_removed'====== Args={'_from_bcp': True}
2019-11-22 21:43:37,031 : INFO : EventManager : Event: ======'slide_slide_20_created'====== Args={'_from_bcp': True}
2019-11-22 21:43:37,031 : INFO : EventManager : Event: ======'slide_slide_20_active'====== Args={'_from_bcp': True}
2019-11-22 21:43:38,006 : INFO : EventManager : Event: ======'player_mode_1_mode_countdown_tick'====== Args={'value': 9, 'prev_value': 10, 'change': -1, 'player_num': 1}
2019-11-22 21:43:38,007 : INFO : EventManager : Event: ======'timer_mode_countdown_tick'====== Args={'ticks': 9, 'ticks_remaining': 9}
2019-11-22 21:43:38,034 : INFO : EventManager : Event: ======'slide_slide_20_removed'====== Args={'_from_bcp': True}
2019-11-22 21:43:38,039 : INFO : EventManager : Event: ======'slide_slide_20_created'====== Args={'_from_bcp': True}
2019-11-22 21:43:38,040 : INFO : EventManager : Event: ======'slide_slide_20_active'====== Args={'_from_bcp': True}
2019-11-22 21:43:38,999 : INFO : EventManager : Event: ======'player_mode_1_mode_countdown_tick'====== Args={'value': 8, 'prev_value': 9, 'change': -1, 'player_num': 1}
2019-11-22 21:43:38,999 : INFO : EventManager : Event: ======'timer_mode_countdown_tick'====== Args={'ticks': 8, 'ticks_remaining': 8}
2019-11-22 21:43:39,021 : INFO : EventManager : Event: ======'slide_slide_20_removed'====== Args={'_from_bcp': True}
2019-11-22 21:43:39,028 : INFO : EventManager : Event: ======'slide_slide_20_created'====== Args={'_from_bcp': True}
2019-11-22 21:43:39,028 : INFO : EventManager : Event: ======'slide_slide_20_active'====== Args={'_from_bcp': True}
2019-11-22 21:43:39,988 : INFO : EventManager : Event: ======'player_mode_1_mode_countdown_tick'====== Args={'value': 7, 'prev_value': 8, 'change': -1, 'player_num': 1}
2019-11-22 21:43:39,988 : INFO : EventManager : Event: ======'timer_mode_countdown_tick'====== Args={'ticks': 7, 'ticks_remaining': 7}
2019-11-22 21:43:40,001 : INFO : EventManager : Event: ======'slide_slide_20_removed'====== Args={'_from_bcp': True}
2019-11-22 21:43:40,008 : INFO : EventManager : Event: ======'slide_slide_20_created'====== Args={'_from_bcp': True}
2019-11-22 21:43:40,008 : INFO : EventManager : Event: ======'slide_slide_20_active'====== Args={'_from_bcp': True}
2019-11-22 21:43:41,005 : INFO : EventManager : Event: ======'player_mode_1_mode_countdown_tick'====== Args={'value': 6, 'prev_value': 7, 'change': -1, 'player_num': 1}
2019-11-22 21:43:41,006 : INFO : EventManager : Event: ======'timer_mode_countdown_tick'====== Args={'ticks': 6, 'ticks_remaining': 6}
2019-11-22 21:43:41,030 : INFO : EventManager : Event: ======'slide_slide_20_removed'====== Args={'_from_bcp': True}
2019-11-22 21:43:41,031 : INFO : EventManager : Event: ======'slide_slide_20_created'====== Args={'_from_bcp': True}
2019-11-22 21:43:41,032 : INFO : EventManager : Event: ======'slide_slide_20_active'====== Args={'_from_bcp': True}
2019-11-22 21:43:41,185 : INFO : SwitchController : <<<<<<< 's_dmg_1' active >>>>>>>
2019-11-22 21:43:41,185 : INFO : EventManager : Event: ======'machine_var_audits_switches_s_dmg_1'====== Args={'value': 7, 'prev_value': 6, 'change': 1}
2019-11-22 21:43:41,244 : INFO : SwitchController : <<<<<<< 's_dmg_1' inactive >>>>>>>
2019-11-22 21:43:41,574 : INFO : SwitchController : <<<<<<< 's_dmg_1' active >>>>>>>
2019-11-22 21:43:41,574 : INFO : EventManager : Event: ======'machine_var_audits_switches_s_dmg_1'====== Args={'value': 8, 'prev_value': 7, 'change': 1}
2019-11-22 21:43:41,629 : INFO : SwitchController : <<<<<<< 's_dmg_1' inactive >>>>>>>
2019-11-22 21:43:41,889 : INFO : SwitchController : <<<<<<< 's_dmg_1' active >>>>>>>
2019-11-22 21:43:41,889 : INFO : EventManager : Event: ======'machine_var_audits_switches_s_dmg_1'====== Args={'value': 9, 'prev_value': 8, 'change': 1}
2019-11-22 21:43:41,935 : INFO : SwitchController : <<<<<<< 's_dmg_1' inactive >>>>>>>
2019-11-22 21:43:41,995 : INFO : EventManager : Event: ======'player_mode_1_mode_countdown_tick'====== Args={'value': 5, 'prev_value': 6, 'change': -1, 'player_num': 1}
2019-11-22 21:43:41,995 : INFO : EventManager : Event: ======'timer_mode_countdown_tick'====== Args={'ticks': 5, 'ticks_remaining': 5}
2019-11-22 21:43:42,006 : INFO : EventManager : Event: ======'slide_slide_20_removed'====== Args={'_from_bcp': True}
2019-11-22 21:43:42,006 : INFO : EventManager : Event: ======'slide_slide_20_created'====== Args={'_from_bcp': True}
2019-11-22 21:43:42,006 : INFO : EventManager : Event: ======'slide_slide_20_active'====== Args={'_from_bcp': True}
2019-11-22 21:43:42,249 : INFO : SwitchController : <<<<<<< 's_dmg_1' active >>>>>>>
2019-11-22 21:43:42,249 : INFO : EventManager : Event: ======'machine_var_audits_switches_s_dmg_1'====== Args={'value': 10, 'prev_value': 9, 'change': 1}
2019-11-22 21:43:42,300 : INFO : SwitchController : <<<<<<< 's_dmg_1' inactive >>>>>>>
2019-11-22 21:43:42,719 : INFO : SwitchController : <<<<<<< 's_dmg_1' active >>>>>>>
2019-11-22 21:43:42,719 : INFO : EventManager : Event: ======'machine_var_audits_switches_s_dmg_1'====== Args={'value': 11, 'prev_value': 10, 'change': 1}
2019-11-22 21:43:42,751 : INFO : SwitchController : <<<<<<< 's_dmg_1' inactive >>>>>>>
2019-11-22 21:43:42,996 : INFO : EventManager : Event: ======'player_mode_1_mode_countdown_tick'====== Args={'value': 4, 'prev_value': 5, 'change': -1, 'player_num': 1}
2019-11-22 21:43:42,996 : INFO : EventManager : Event: ======'timer_mode_countdown_tick'====== Args={'ticks': 4, 'ticks_remaining': 4}
2019-11-22 21:43:43,003 : INFO : SwitchController : <<<<<<< 's_dmg_1' active >>>>>>>
2019-11-22 21:43:43,003 : INFO : EventManager : Event: ======'machine_var_audits_switches_s_dmg_1'====== Args={'value': 12, 'prev_value': 11, 'change': 1}
2019-11-22 21:43:43,019 : INFO : EventManager : Event: ======'slide_slide_20_removed'====== Args={'_from_bcp': True}
2019-11-22 21:43:43,024 : INFO : EventManager : Event: ======'slide_slide_20_created'====== Args={'_from_bcp': True}
2019-11-22 21:43:43,024 : INFO : EventManager : Event: ======'slide_slide_20_active'====== Args={'_from_bcp': True}
2019-11-22 21:43:43,062 : INFO : SwitchController : <<<<<<< 's_dmg_1' inactive >>>>>>>
2019-11-22 21:43:43,374 : INFO : SwitchController : <<<<<<< 's_dmg_1' active >>>>>>>
2019-11-22 21:43:43,374 : INFO : EventManager : Event: ======'machine_var_audits_switches_s_dmg_1'====== Args={'value': 13, 'prev_value': 12, 'change': 1}
2019-11-22 21:43:43,404 : INFO : SwitchController : <<<<<<< 's_dmg_1' inactive >>>>>>>
2019-11-22 21:43:43,691 : INFO : SwitchController : <<<<<<< 's_dmg_1' active >>>>>>>
2019-11-22 21:43:43,691 : INFO : EventManager : Event: ======'machine_var_audits_switches_s_dmg_1'====== Args={'value': 14, 'prev_value': 13, 'change': 1}
2019-11-22 21:43:43,757 : INFO : SwitchController : <<<<<<< 's_dmg_1' inactive >>>>>>>
2019-11-22 21:43:44,006 : INFO : EventManager : Event: ======'player_mode_1_mode_countdown_tick'====== Args={'value': 3, 'prev_value': 4, 'change': -1, 'player_num': 1}
2019-11-22 21:43:44,006 : INFO : EventManager : Event: ======'timer_mode_countdown_tick'====== Args={'ticks': 3, 'ticks_remaining': 3}
2019-11-22 21:43:44,019 : INFO : EventManager : Event: ======'slide_slide_20_removed'====== Args={'_from_bcp': True}
2019-11-22 21:43:44,026 : INFO : EventManager : Event: ======'slide_slide_20_created'====== Args={'_from_bcp': True}
2019-11-22 21:43:44,027 : INFO : EventManager : Event: ======'slide_slide_20_active'====== Args={'_from_bcp': True}
2019-11-22 21:43:44,808 : INFO : SwitchController : <<<<<<< 's_dmg_1' active >>>>>>>
2019-11-22 21:43:44,808 : INFO : EventManager : Event: ======'machine_var_audits_switches_s_dmg_1'====== Args={'value': 15, 'prev_value': 14, 'change': 1}
2019-11-22 21:43:44,845 : INFO : SwitchController : <<<<<<< 's_dmg_1' inactive >>>>>>>
2019-11-22 21:43:44,987 : INFO : EventManager : Event: ======'player_mode_1_mode_countdown_tick'====== Args={'value': 2, 'prev_value': 3, 'change': -1, 'player_num': 1}
2019-11-22 21:43:44,987 : INFO : EventManager : Event: ======'timer_mode_countdown_tick'====== Args={'ticks': 2, 'ticks_remaining': 2}
2019-11-22 21:43:45,019 : INFO : EventManager : Event: ======'slide_slide_20_removed'====== Args={'_from_bcp': True}
2019-11-22 21:43:45,034 : INFO : EventManager : Event: ======'slide_slide_20_created'====== Args={'_from_bcp': True}
2019-11-22 21:43:45,034 : INFO : EventManager : Event: ======'slide_slide_20_active'====== Args={'_from_bcp': True}
2019-11-22 21:43:45,746 : INFO : SwitchController : <<<<<<< 's_dmg_1' active >>>>>>>
2019-11-22 21:43:45,746 : INFO : EventManager : Event: ======'machine_var_audits_switches_s_dmg_1'====== Args={'value': 16, 'prev_value': 15, 'change': 1}
2019-11-22 21:43:45,841 : INFO : SwitchController : <<<<<<< 's_dmg_1' inactive >>>>>>>
2019-11-22 21:43:46,004 : INFO : EventManager : Event: ======'player_mode_1_mode_countdown_tick'====== Args={'value': 1, 'prev_value': 2, 'change': -1, 'player_num': 1}
2019-11-22 21:43:46,004 : INFO : EventManager : Event: ======'timer_mode_countdown_tick'====== Args={'ticks': 1, 'ticks_remaining': 1}
2019-11-22 21:43:46,020 : INFO : EventManager : Event: ======'slide_slide_20_removed'====== Args={'_from_bcp': True}
2019-11-22 21:43:46,027 : INFO : EventManager : Event: ======'slide_slide_20_created'====== Args={'_from_bcp': True}
2019-11-22 21:43:46,027 : INFO : EventManager : Event: ======'slide_slide_20_active'====== Args={'_from_bcp': True}
2019-11-22 21:43:46,278 : INFO : SwitchController : <<<<<<< 's_dmg_1' active >>>>>>>
2019-11-22 21:43:46,279 : INFO : EventManager : Event: ======'machine_var_audits_switches_s_dmg_1'====== Args={'value': 17, 'prev_value': 16, 'change': 1}
2019-11-22 21:43:46,365 : INFO : SwitchController : <<<<<<< 's_dmg_1' inactive >>>>>>>
2019-11-22 21:43:46,871 : INFO : SwitchController : <<<<<<< 's_dmg_1' active >>>>>>>
2019-11-22 21:43:46,872 : INFO : EventManager : Event: ======'machine_var_audits_switches_s_dmg_1'====== Args={'value': 18, 'prev_value': 17, 'change': 1}
2019-11-22 21:43:46,933 : INFO : SwitchController : <<<<<<< 's_dmg_1' inactive >>>>>>>
2019-11-22 21:43:46,996 : INFO : EventManager : Event: ======'player_mode_1_mode_countdown_tick'====== Args={'value': 0, 'prev_value': 1, 'change': -1, 'player_num': 1}
2019-11-22 21:43:46,996 : INFO : Timer.mode_countdown : Timer Complete
2019-11-22 21:43:46,996 : INFO : Timer.mode_countdown : Stopping Timer
2019-11-22 21:43:46,996 : INFO : EventManager : Event: ======'timer_mode_countdown_stopped'====== Args={'ticks': 0, 'ticks_remaining': 1}
2019-11-22 21:43:46,997 : INFO : EventManager : Event: ======'timer_mode_countdown_complete'====== Args={'ticks': 0, 'ticks_remaining': 1}
2019-11-22 21:43:47,382 : INFO : SwitchController : <<<<<<< 's_dmg_1' active >>>>>>>
2019-11-22 21:43:47,383 : INFO : EventManager : Event: ======'machine_var_audits_switches_s_dmg_1'====== Args={'value': 19, 'prev_value': 18, 'change': 1}
2019-11-22 21:43:47,415 : INFO : SwitchController : <<<<<<< 's_dmg_1' inactive >>>>>>>
2019-11-22 21:43:47,813 : INFO : SwitchController : <<<<<<< 's_dmg_1' active >>>>>>>
2019-11-22 21:43:47,813 : INFO : EventManager : Event: ======'machine_var_audits_switches_s_dmg_1'====== Args={'value': 20, 'prev_value': 19, 'change': 1}
2019-11-22 21:43:47,858 : INFO : SwitchController : <<<<<<< 's_dmg_1' inactive >>>>>>>
2019-11-22 21:43:51,431 : INFO : SwitchController : <<<<<<< 's_dmg_1' active >>>>>>>
2019-11-22 21:43:51,432 : INFO : EventManager : Event: ======'machine_var_audits_switches_s_dmg_1'====== Args={'value': 21, 'prev_value': 20, 'change': 1}
2019-11-22 21:43:51,492 : INFO : SwitchController : <<<<<<< 's_dmg_1' inactive >>>>>>>
2019-11-22 21:43:53,617 : INFO : SwitchController : <<<<<<< 's_dmg_1' active >>>>>>>
2019-11-22 21:43:53,617 : INFO : EventManager : Event: ======'machine_var_audits_switches_s_dmg_1'====== Args={'value': 22, 'prev_value': 21, 'change': 1}
2019-11-22 21:43:53,655 : INFO : SwitchController : <<<<<<< 's_dmg_1' inactive >>>>>>>
2019-11-22 21:43:56,003 : INFO : Machine : Shutting down...
2019-11-22 21:43:56,003 : INFO : EventManager : Event: ======'shutdown'====== Args={}
2019-11-22 21:43:56,008 : INFO : root : MPF run loop ended.
