2019-11-16 15:10:59,733 : INFO : Machine : Mission Pinball Framework Core Engine v0.53.0-dev.68
2019-11-16 15:10:59,734 : INFO : Machine : Command line arguments: {'no_load_cache': False, 'create_config_cache': True, 'bcp': True, 'configfile': ['config.yaml'], 'mpfconfigfile': 'c:\\users\\schol\\appdata\\local\\programs\\python\\python36\\lib\\site-packages\\mpf\\mpfconfig.yaml', 'force_assets_load': False, 'jsonlogging': False, 'logfile': 'logs\\2019-11-16-15-10-59-mpf-DESKTOP-FPTMTCL.log', 'pause': False, 'production': False, 'text_ui': True, 'loglevel': 15, 'consoleloglevel': 20, 'force_platform': 'smart_virtual', 'syslog_address': None, 'mc_file_name': None, 'no_sound': False}
2019-11-16 15:10:59,734 : INFO : Machine : MPF path: c:\users\schol\appdata\local\programs\python\python36\lib\site-packages\mpf
2019-11-16 15:10:59,734 : INFO : Machine : Machine path: D:\mpf\wows\wows
2019-11-16 15:10:59,734 : INFO : Machine : Platform: win32
2019-11-16 15:10:59,734 : INFO : Machine : Python executable location: c:\users\schol\appdata\local\programs\python\python36\python.exe
2019-11-16 15:10:59,734 : INFO : Machine : Python version: 3.6.4 (64-bit)
2019-11-16 15:10:59,734 : INFO : Machine : Machine config file #1: config.yaml
2019-11-16 15:10:59,735 : WARNING : ConfigProcessor : Config file in cache changed: D:\mpf\wows\wows\config\config.yaml
2019-11-16 15:10:59,735 : INFO : ConfigProcessor : Loading config from file c:\users\schol\appdata\local\programs\python\python36\lib\site-packages\mpf\mpfconfig.yaml.
2019-11-16 15:10:59,812 : INFO : ConfigProcessor : Loading config: c:\users\schol\appdata\local\programs\python\python36\lib\site-packages\mpf\mpfconfig.yaml
2019-11-16 15:10:59,819 : INFO : ConfigProcessor : Loading config from file D:\mpf\wows\wows\config\config.yaml.
2019-11-16 15:10:59,870 : INFO : ConfigProcessor : Loading config: D:\mpf\wows\wows\config\config.yaml
2019-11-16 15:10:59,872 : INFO : ConfigProcessor : Config file cache created: C:\Users\schol\AppData\Local\Temp\9eb68d3894805241b8cf789ebd176e3c.mpf_cache
2019-11-16 15:10:59,873 : INFO : Machine : Initialise MPF.
2019-11-16 15:11:00,135 : INFO : EventManager : Event: ======'machine_var_credits_string'====== Args={'value': 'FREE PLAY', 'prev_value': None, 'change': True}
2019-11-16 15:11:00,174 : INFO : EventManager : Event: ======'machine_var_player1_score'====== Args={'value': 0, 'prev_value': None, 'change': True}
2019-11-16 15:11:00,175 : INFO : EventManager : Event: ======'machine_var_mpf_version'====== Args={'value': 'MPF v0.53.0-dev.68', 'prev_value': None, 'change': True}
2019-11-16 15:11:00,175 : INFO : EventManager : Event: ======'machine_var_mpf_extended_version'====== Args={'value': 'MPF v0.53.0-dev.68, Config version:5, Show version: 5, BCP version:1.1', 'prev_value': None, 'change': True}
2019-11-16 15:11:00,175 : INFO : EventManager : Event: ======'machine_var_python_version'====== Args={'value': '3.6.4', 'prev_value': None, 'change': True}
2019-11-16 15:11:00,175 : INFO : EventManager : Event: ======'machine_var_platform'====== Args={'value': 'Windows-10-10.0.18362-SP0', 'prev_value': None, 'change': True}
2019-11-16 15:11:00,175 : INFO : EventManager : Event: ======'machine_var_platform_system'====== Args={'value': 'Windows', 'prev_value': None, 'change': True}
2019-11-16 15:11:00,175 : INFO : EventManager : Event: ======'machine_var_platform_release'====== Args={'value': '10', 'prev_value': None, 'change': True}
2019-11-16 15:11:00,175 : INFO : EventManager : Event: ======'machine_var_platform_version'====== Args={'value': '10.0.18362', 'prev_value': None, 'change': True}
2019-11-16 15:11:00,175 : INFO : EventManager : Event: ======'machine_var_platform_machine'====== Args={'value': 'AMD64', 'prev_value': None, 'change': True}
2019-11-16 15:11:00,175 : INFO : EventManager : Event: ======'init_phase_1'====== Args={}
2019-11-16 15:11:00,205 : INFO : ConfigProcessor : Loading config from cache: C:\Users\schol\AppData\Local\Temp\5c4497fcd69d1d656c4b69a28e44c490.mpf_cache
2019-11-16 15:11:00,211 : INFO : ConfigProcessor : Loading config from cache: C:\Users\schol\AppData\Local\Temp\d5fd805c5432c1441bf01a6268536a3d.mpf_cache
2019-11-16 15:11:00,215 : INFO : ConfigProcessor : Loading config from cache: C:\Users\schol\AppData\Local\Temp\a8b20f4baab78a690a96d03fe506ff8d.mpf_cache
2019-11-16 15:11:00,230 : INFO : EventManager : Event: ======'init_phase_2'====== Args={}
2019-11-16 15:11:00,231 : INFO : SwitchController : Found active switch: ('2', <Platform.SmartVirtual>)
2019-11-16 15:11:00,231 : INFO : SwitchController : Found active switch: ('3', <Platform.SmartVirtual>)
2019-11-16 15:11:00,231 : INFO : SwitchController : Found active switch: ('4', <Platform.SmartVirtual>)
2019-11-16 15:11:00,231 : INFO : SwitchController : Found active switch: ('5', <Platform.SmartVirtual>)
2019-11-16 15:11:00,231 : INFO : SwitchController : Found active switch: ('6', <Platform.SmartVirtual>)
2019-11-16 15:11:00,231 : INFO : SwitchController : Found active switch: ('7', <Platform.SmartVirtual>)
2019-11-16 15:11:00,234 : INFO : EventManager : Event: ======'bcp_connection_attempt'====== Args={'name': 'local_display', 'host': 'localhost', 'port': 5050}
2019-11-16 15:11:00,235 : INFO : BCPClientSocket : Connecting BCP to 'local_display' at localhost:5050...
2019-11-16 15:11:33,954 : INFO : Machine : Starting the main run loop.
2019-11-16 15:11:33,954 : INFO : Machine : Shutting down...
2019-11-16 15:11:33,954 : INFO : EventManager : Event: ======'shutdown'====== Args={}
2019-11-16 15:11:33,956 : INFO : root : MPF run loop ended.
