2020-04-04 13:21:05,973 : INFO : Machine : Mission Pinball Framework Core Engine v0.53.2
2020-04-04 13:21:05,974 : INFO : Machine : Command line arguments: {'no_load_cache': False, 'create_config_cache': True, 'bcp': True, 'configfile': ['config.yaml'], 'mpfconfigfile': 'c:\\users\\schol\\appdata\\local\\programs\\python\\python36\\lib\\site-packages\\mpf\\mpfconfig.yaml', 'force_assets_load': False, 'jsonlogging': False, 'logfile': 'logs\\2020-04-04-13-21-05-mpf-DESKTOP-FPTMTCL.log', 'pause': False, 'production': False, 'text_ui': True, 'loglevel': 15, 'consoleloglevel': 20, 'force_platform': 'smart_virtual', 'syslog_address': None, 'mc_file_name': None, 'no_sound': False}
2020-04-04 13:21:05,974 : INFO : Machine : MPF path: c:\users\schol\appdata\local\programs\python\python36\lib\site-packages\mpf
2020-04-04 13:21:05,974 : INFO : Machine : Machine path: E:\MPF\wows\wows
2020-04-04 13:21:05,974 : INFO : Machine : Platform: win32
2020-04-04 13:21:05,974 : INFO : Machine : Python executable location: c:\users\schol\appdata\local\programs\python\python36\python.exe
2020-04-04 13:21:05,974 : INFO : Machine : Python version: 3.6.4 (64-bit)
2020-04-04 13:21:05,974 : INFO : Machine : Machine config file #1: config.yaml
2020-04-04 13:21:05,975 : INFO : ConfigProcessor : Loading config from cache: C:\Users\schol\AppData\Local\Temp\1ed54315bc874a19390ba34e1a0f1800.mpf_cache
2020-04-04 13:21:05,977 : INFO : Machine : Initialise MPF.
2020-04-04 13:21:06,283 : INFO : EventManager : Event: ======'machine_var_credits_string'====== Args={'value': 'FREE PLAY', 'prev_value': None, 'change': True}
2020-04-04 13:21:06,323 : INFO : EventManager : Event: ======'machine_var_player1_score'====== Args={'value': 0, 'prev_value': None, 'change': True}
2020-04-04 13:21:06,323 : INFO : EventManager : Event: ======'machine_var_mpf_version'====== Args={'value': 'MPF v0.53.2', 'prev_value': None, 'change': True}
2020-04-04 13:21:06,323 : INFO : EventManager : Event: ======'machine_var_mpf_extended_version'====== Args={'value': 'MPF v0.53.2, Config version:5, Show version: 5, BCP version:1.1', 'prev_value': None, 'change': True}
2020-04-04 13:21:06,323 : INFO : EventManager : Event: ======'machine_var_python_version'====== Args={'value': '3.6.4', 'prev_value': None, 'change': True}
2020-04-04 13:21:06,324 : INFO : EventManager : Event: ======'machine_var_platform'====== Args={'value': 'Windows-10-10.0.18362-SP0', 'prev_value': None, 'change': True}
2020-04-04 13:21:06,324 : INFO : EventManager : Event: ======'machine_var_platform_system'====== Args={'value': 'Windows', 'prev_value': None, 'change': True}
2020-04-04 13:21:06,324 : INFO : EventManager : Event: ======'machine_var_platform_release'====== Args={'value': '10', 'prev_value': None, 'change': True}
2020-04-04 13:21:06,324 : INFO : EventManager : Event: ======'machine_var_platform_version'====== Args={'value': '10.0.18362', 'prev_value': None, 'change': True}
2020-04-04 13:21:06,324 : INFO : EventManager : Event: ======'machine_var_platform_machine'====== Args={'value': 'AMD64', 'prev_value': None, 'change': True}
2020-04-04 13:21:06,324 : INFO : EventManager : Event: ======'init_phase_1'====== Args={}
2020-04-04 13:21:06,360 : INFO : ConfigProcessor : Loading config from cache: C:\Users\schol\AppData\Local\Temp\159a0b7ffc6de2ed1a8cdcd57b7df3c0.mpf_cache
2020-04-04 13:21:06,362 : INFO : ConfigProcessor : Loading config from cache: C:\Users\schol\AppData\Local\Temp\7c1900736275ba8a713cfe77e991e929.mpf_cache
2020-04-04 13:21:06,364 : INFO : ConfigProcessor : Loading config from cache: C:\Users\schol\AppData\Local\Temp\b1234e2c44a33609dc2af4760c4a3f89.mpf_cache
2020-04-04 13:21:06,366 : INFO : ConfigProcessor : Loading config from cache: C:\Users\schol\AppData\Local\Temp\e8fceecd8f65a6a7269e98c7961bbf6a.mpf_cache
2020-04-04 13:21:06,368 : INFO : ConfigProcessor : Loading config from cache: C:\Users\schol\AppData\Local\Temp\95ae88fb094583fa2b4097c6df179650.mpf_cache
2020-04-04 13:21:06,370 : INFO : ConfigProcessor : Loading config from cache: C:\Users\schol\AppData\Local\Temp\dec453850496132f8dddcdfa0a36feb5.mpf_cache
2020-04-04 13:21:06,372 : INFO : ConfigProcessor : Loading config from cache: C:\Users\schol\AppData\Local\Temp\de2d3fc178b15ce3807fa4ab35b9c965.mpf_cache
2020-04-04 13:21:06,374 : INFO : ConfigProcessor : Loading config from cache: C:\Users\schol\AppData\Local\Temp\4303dca7489148da2d256fc831cf8c96.mpf_cache
2020-04-04 13:21:06,376 : INFO : ConfigProcessor : Loading config from cache: C:\Users\schol\AppData\Local\Temp\93429a2a8e0859f6546b68f40c2a4656.mpf_cache
2020-04-04 13:21:06,378 : INFO : ConfigProcessor : Loading config from cache: C:\Users\schol\AppData\Local\Temp\2f89b2ab1d9f3cef79a660914b2a527a.mpf_cache
2020-04-04 13:21:06,380 : INFO : ConfigProcessor : Loading config from cache: C:\Users\schol\AppData\Local\Temp\95e265efe14e4eb05d8d5c5689c9ae6b.mpf_cache
2020-04-04 13:21:06,382 : INFO : ConfigProcessor : Loading config from cache: C:\Users\schol\AppData\Local\Temp\0c80ca2179989d09b86c78c19ec87d9b.mpf_cache
2020-04-04 13:21:06,384 : INFO : ConfigProcessor : Loading config from cache: C:\Users\schol\AppData\Local\Temp\5c4497fcd69d1d656c4b69a28e44c490.mpf_cache
2020-04-04 13:21:06,389 : INFO : ConfigProcessor : Loading config from cache: C:\Users\schol\AppData\Local\Temp\72e9fea1cb562e40024eb5e8538ccaf2.mpf_cache
2020-04-04 13:21:06,391 : INFO : ConfigProcessor : Loading config from cache: C:\Users\schol\AppData\Local\Temp\200a9b2dddbe7706ffb4c4426b6d54a8.mpf_cache
2020-04-04 13:21:06,393 : INFO : ConfigProcessor : Loading config from cache: C:\Users\schol\AppData\Local\Temp\b0de444617e3bf30a07f755a6d4831cc.mpf_cache
2020-04-04 13:21:06,395 : INFO : ConfigProcessor : Loading config from cache: C:\Users\schol\AppData\Local\Temp\466eddfec572894d9eb472ce07aa5fba.mpf_cache
2020-04-04 13:21:06,397 : INFO : ConfigProcessor : Loading config from cache: C:\Users\schol\AppData\Local\Temp\1ff29be1d22fb14fe5fd1c82a6918df4.mpf_cache
2020-04-04 13:21:06,399 : INFO : ConfigProcessor : Loading config from cache: C:\Users\schol\AppData\Local\Temp\ba047bbdc168fca96d58d351c4240916.mpf_cache
2020-04-04 13:21:06,401 : INFO : ConfigProcessor : Loading config from cache: C:\Users\schol\AppData\Local\Temp\db3d1ab92e5d5c563b40d82372434517.mpf_cache
2020-04-04 13:21:06,403 : INFO : ConfigProcessor : Loading config from cache: C:\Users\schol\AppData\Local\Temp\5ab98d4be1e8de85bea62364890eb2e9.mpf_cache
2020-04-04 13:21:06,405 : INFO : ConfigProcessor : Loading config from cache: C:\Users\schol\AppData\Local\Temp\d5fd805c5432c1441bf01a6268536a3d.mpf_cache
2020-04-04 13:21:06,409 : INFO : ConfigProcessor : Loading config from cache: C:\Users\schol\AppData\Local\Temp\c84d6d08bf6f923cbcccfeeea02d2c8a.mpf_cache
2020-04-04 13:21:06,444 : INFO : EventManager : Event: ======'main_state'====== Args={}
2020-04-04 13:21:06,444 : INFO : EventManager : Event: ======'lock_lit_started'====== Args={}
2020-04-04 13:21:06,445 : INFO : EventManager : Event: ======'disable_mode'====== Args={}
2020-04-04 13:21:06,445 : INFO : EventManager : Event: ======'multiball_inactive'====== Args={}
2020-04-04 13:21:06,445 : INFO : EventManager : Event: ======'lite_detonation_start'====== Args={}
2020-04-04 13:21:06,445 : WARNING : Mode.value_manager : Can only start mode value_manager during a game. Aborting start.
2020-04-04 13:21:06,445 : WARNING : Mode.confederate : Can only start mode confederate during a game. Aborting start.
2020-04-04 13:21:06,445 : WARNING : Mode.mode_lit : Can only start mode mode_lit during a game. Aborting start.
2020-04-04 13:21:06,445 : WARNING : Mode.battle_manager : Can only start mode battle_manager during a game. Aborting start.
2020-04-04 13:21:06,445 : WARNING : Mode.hc_lock_lit : Can only start mode hc_lock_lit during a game. Aborting start.
2020-04-04 13:21:06,446 : INFO : EventManager : Event: ======'init_phase_2'====== Args={}
2020-04-04 13:21:06,447 : INFO : SwitchController : Found active switch: ('2', <Platform.SmartVirtual>)
2020-04-04 13:21:06,447 : INFO : SwitchController : Found active switch: ('3', <Platform.SmartVirtual>)
2020-04-04 13:21:06,447 : INFO : SwitchController : Found active switch: ('4', <Platform.SmartVirtual>)
2020-04-04 13:21:06,447 : INFO : SwitchController : Found active switch: ('5', <Platform.SmartVirtual>)
2020-04-04 13:21:06,447 : INFO : SwitchController : Found active switch: ('6', <Platform.SmartVirtual>)
2020-04-04 13:21:06,447 : INFO : SwitchController : Found active switch: ('7', <Platform.SmartVirtual>)
2020-04-04 13:21:06,458 : INFO : EventManager : Event: ======'bcp_connection_attempt'====== Args={'name': 'local_display', 'host': 'localhost', 'port': 5050}
2020-04-04 13:21:06,459 : INFO : BCPClientSocket : Connecting BCP to 'local_display' at localhost:5050...
2020-04-04 13:21:08,474 : INFO : BCPClientSocket : Connected BCP to 'local_display' localhost:5050
2020-04-04 13:21:08,475 : INFO : EventManager : Event: ======'bcp_clients_connected'====== Args={}
2020-04-04 13:21:08,487 : INFO : EventManager : Event: ======'machine_var_mc_version'====== Args={'value': 'MPF-MC v0.53.0', 'prev_value': None, 'change': True}
2020-04-04 13:21:08,488 : INFO : EventManager : Event: ======'machine_var_mc_extended_version'====== Args={'value': 'MPF-MC v0.53.0 (config_version=5, BCP v1.1, Requires MPF v0.53.0)', 'prev_value': None, 'change': True}
2020-04-04 13:21:08,489 : INFO : EventManager : Event: ======'machine_var_master_volume'====== Args={'value': 0.5, 'prev_value': None, 'change': True}
2020-04-04 13:21:08,532 : INFO : EventManager : Event: ======'init_phase_3'====== Args={}
2020-04-04 13:21:08,533 : INFO : AssetManager : Registering Asset: mode_countdown, File: mode_countdown.yaml, Default Group: default, Final Config: {'load': 'preload', 'file': 'E:\\MPF\\wows\\wows\\shows\\mode_countdown.yaml'}
2020-04-04 13:21:08,533 : INFO : AssetManager : Registering Asset: sh_mode_1_shot_made, File: sh_mode_1_shot_made.yaml, Default Group: default, Final Config: {'load': 'preload', 'file': 'E:\\MPF\\wows\\wows\\shows\\sh_mode_1_shot_made.yaml'}
2020-04-04 13:21:08,533 : INFO : AssetManager : Registering Asset: sh_mode_3_shot_made, File: sh_mode_3_shot_made.yaml, Default Group: default, Final Config: {'load': 'preload', 'file': 'E:\\MPF\\wows\\wows\\shows\\sh_mode_3_shot_made.yaml'}
2020-04-04 13:21:08,533 : INFO : AssetManager : Registering Asset: sh_mode_4_shot_made, File: sh_mode_4_shot_made.yaml, Default Group: default, Final Config: {'load': 'preload', 'file': 'E:\\MPF\\wows\\wows\\shows\\sh_mode_4_shot_made.yaml'}
2020-04-04 13:21:08,533 : INFO : AssetManager : Registering Asset: sh_mode_5_shot_made, File: sh_mode_5_shot_made.yaml, Default Group: default, Final Config: {'load': 'preload', 'file': 'E:\\MPF\\wows\\wows\\shows\\sh_mode_5_shot_made.yaml'}
2020-04-04 13:21:08,533 : INFO : AssetManager : Registering Asset: sh_mode_6_shot_made, File: sh_mode_6_shot_made.yaml, Default Group: default, Final Config: {'load': 'preload', 'file': 'E:\\MPF\\wows\\wows\\shows\\sh_mode_6_shot_made.yaml'}
2020-04-04 13:21:08,533 : INFO : AssetManager : Registering Asset: sh_mode_7_shot_made, File: sh_mode_7_shot_made.yaml, Default Group: default, Final Config: {'load': 'preload', 'file': 'E:\\MPF\\wows\\wows\\shows\\sh_mode_7_shot_made.yaml'}
2020-04-04 13:21:08,533 : INFO : AssetManager : Registering Asset: sh_mode_8_shot_made, File: sh_mode_8_shot_made.yaml, Default Group: default, Final Config: {'load': 'preload', 'file': 'E:\\MPF\\wows\\wows\\shows\\sh_mode_8_shot_made.yaml'}
2020-04-04 13:21:08,533 : INFO : AssetManager : Registering Asset: sh_mode_9_shot_made, File: sh_mode_9_shot_made.yaml, Default Group: default, Final Config: {'load': 'preload', 'file': 'E:\\MPF\\wows\\wows\\shows\\sh_mode_9_shot_made.yaml'}
2020-04-04 13:21:08,536 : INFO : ConfigProcessor : Loading config from cache: C:\Users\schol\AppData\Local\Temp\6d62665f0d27f04673542af594d4fd9b.mpf_cache
2020-04-04 13:21:08,537 : INFO : EventManager : Event: ======'loading_assets'====== Args={'total': 9, 'loaded': 1, 'remaining': 8, 'percent': 11}
2020-04-04 13:21:08,537 : INFO : AssetManager : Loading assets: 1/9 (11%)
2020-04-04 13:21:08,537 : INFO : ConfigProcessor : Loading config from cache: C:\Users\schol\AppData\Local\Temp\9e890f4f58f205d8bba0abd84e3290c7.mpf_cache
2020-04-04 13:21:08,538 : INFO : ConfigProcessor : Loading config from cache: C:\Users\schol\AppData\Local\Temp\91df8e0ae0e44730ed622ea2efb74e97.mpf_cache
2020-04-04 13:21:08,539 : INFO : ConfigProcessor : Loading config from cache: C:\Users\schol\AppData\Local\Temp\69fdf32f8b1f00ca71933bfdf818d181.mpf_cache
2020-04-04 13:21:08,540 : INFO : ConfigProcessor : Loading config from cache: C:\Users\schol\AppData\Local\Temp\3078b120455821a73c8c6f8a1dceab4f.mpf_cache
2020-04-04 13:21:08,540 : INFO : ConfigProcessor : Loading config from cache: C:\Users\schol\AppData\Local\Temp\8d6f9c7ff9c39db68f4d155bf8492fbe.mpf_cache
2020-04-04 13:21:08,541 : INFO : ConfigProcessor : Loading config from cache: C:\Users\schol\AppData\Local\Temp\58d128190d1d0b57398f3d0bb3d51665.mpf_cache
2020-04-04 13:21:08,542 : INFO : ConfigProcessor : Loading config from cache: C:\Users\schol\AppData\Local\Temp\53b5443f454133ae1b362b3b93db77cb.mpf_cache
2020-04-04 13:21:08,543 : INFO : ConfigProcessor : Loading config from cache: C:\Users\schol\AppData\Local\Temp\92bd7ddb78685ce3872fdffddbf4066b.mpf_cache
2020-04-04 13:21:08,544 : INFO : EventManager : Event: ======'loading_assets'====== Args={'total': 9, 'loaded': 9, 'remaining': 0, 'percent': 100}
2020-04-04 13:21:08,544 : INFO : AssetManager : Asset loading took: 2.277550458908081
2020-04-04 13:21:08,544 : INFO : EventManager : Event: ======'asset_loading_complete'====== Args={}
2020-04-04 13:21:08,544 : INFO : AssetManager : Loading assets: 9/9 (100%)
2020-04-04 13:21:08,544 : INFO : EventManager : Event: ======'init_phase_4'====== Args={}
2020-04-04 13:21:08,552 : INFO : EventManager : Event: ======'machine_var_audits_events_game_ended'====== Args={'value': 1, 'prev_value': None, 'change': True}
2020-04-04 13:21:08,552 : INFO : EventManager : Event: ======'machine_var_audits_events_game_started'====== Args={'value': 509, 'prev_value': None, 'change': True}
2020-04-04 13:21:08,552 : INFO : EventManager : Event: ======'machine_var_audits_player_score'====== Args={'value': {'average': 0.0, 'top': [0], 'total': 1}, 'prev_value': None, 'change': True}
2020-04-04 13:21:08,553 : INFO : EventManager : Event: ======'machine_var_audits_shots_battle_shot'====== Args={'value': 66, 'prev_value': None, 'change': True}
2020-04-04 13:21:08,553 : INFO : EventManager : Event: ======'machine_var_audits_shots_confederate_1'====== Args={'value': 9, 'prev_value': None, 'change': True}
2020-04-04 13:21:08,553 : INFO : EventManager : Event: ======'machine_var_audits_shots_confederate_2'====== Args={'value': 201, 'prev_value': None, 'change': True}
2020-04-04 13:21:08,553 : INFO : EventManager : Event: ======'machine_var_audits_shots_confederate_3'====== Args={'value': 87, 'prev_value': None, 'change': True}
2020-04-04 13:21:08,553 : INFO : EventManager : Event: ======'machine_var_audits_shots_confederate_4'====== Args={'value': 22, 'prev_value': None, 'change': True}
2020-04-04 13:21:08,553 : INFO : EventManager : Event: ======'machine_var_audits_shots_confederate_5'====== Args={'value': 7, 'prev_value': None, 'change': True}
2020-04-04 13:21:08,553 : INFO : EventManager : Event: ======'machine_var_audits_shots_confederate_6'====== Args={'value': 247, 'prev_value': None, 'change': True}
2020-04-04 13:21:08,554 : INFO : EventManager : Event: ======'machine_var_audits_shots_detonation'====== Args={'value': 41, 'prev_value': None, 'change': True}
2020-04-04 13:21:08,554 : INFO : EventManager : Event: ======'machine_var_audits_shots_detonation_lit'====== Args={'value': 132, 'prev_value': None, 'change': True}
2020-04-04 13:21:08,554 : INFO : EventManager : Event: ======'machine_var_audits_shots_jackpot_1'====== Args={'value': 37, 'prev_value': None, 'change': True}
2020-04-04 13:21:08,554 : INFO : EventManager : Event: ======'machine_var_audits_shots_jackpot_2'====== Args={'value': 35, 'prev_value': None, 'change': True}
2020-04-04 13:21:08,554 : INFO : EventManager : Event: ======'machine_var_audits_shots_jackpot_3'====== Args={'value': 55, 'prev_value': None, 'change': True}
2020-04-04 13:21:08,554 : INFO : EventManager : Event: ======'machine_var_audits_shots_jackpot_4'====== Args={'value': 32, 'prev_value': None, 'change': True}
2020-04-04 13:21:08,555 : INFO : EventManager : Event: ======'machine_var_audits_shots_jackpot_5'====== Args={'value': 32, 'prev_value': None, 'change': True}
2020-04-04 13:21:08,555 : INFO : EventManager : Event: ======'machine_var_audits_shots_jackpot_6'====== Args={'value': 33, 'prev_value': None, 'change': True}
2020-04-04 13:21:08,555 : INFO : EventManager : Event: ======'machine_var_audits_shots_lane_A'====== Args={'value': 9, 'prev_value': None, 'change': True}
2020-04-04 13:21:08,555 : INFO : EventManager : Event: ======'machine_var_audits_shots_lane_B'====== Args={'value': 10, 'prev_value': None, 'change': True}
2020-04-04 13:21:08,555 : INFO : EventManager : Event: ======'machine_var_audits_shots_lane_C'====== Args={'value': 11, 'prev_value': None, 'change': True}
2020-04-04 13:21:08,556 : INFO : EventManager : Event: ======'machine_var_audits_shots_lane_D'====== Args={'value': 17, 'prev_value': None, 'change': True}
2020-04-04 13:21:08,556 : INFO : EventManager : Event: ======'machine_var_audits_shots_lane_E'====== Args={'value': 16, 'prev_value': None, 'change': True}
2020-04-04 13:21:08,556 : INFO : EventManager : Event: ======'machine_var_audits_shots_lock_lit_1'====== Args={'value': 213, 'prev_value': None, 'change': True}
2020-04-04 13:21:08,556 : INFO : EventManager : Event: ======'machine_var_audits_shots_lock_lit_2'====== Args={'value': 260, 'prev_value': None, 'change': True}
2020-04-04 13:21:08,556 : INFO : EventManager : Event: ======'machine_var_audits_shots_ricochet_1'====== Args={'value': 13, 'prev_value': None, 'change': True}
2020-04-04 13:21:08,557 : INFO : EventManager : Event: ======'machine_var_audits_shots_ricochet_2'====== Args={'value': 7, 'prev_value': None, 'change': True}
2020-04-04 13:21:08,557 : INFO : EventManager : Event: ======'machine_var_audits_shots_ricochet_3'====== Args={'value': 3, 'prev_value': None, 'change': True}
2020-04-04 13:21:08,557 : INFO : EventManager : Event: ======'machine_var_audits_shots_ricochet_4'====== Args={'value': 1, 'prev_value': None, 'change': True}
2020-04-04 13:21:08,557 : INFO : EventManager : Event: ======'machine_var_audits_shots_ricochet_5'====== Args={'value': 2, 'prev_value': None, 'change': True}
2020-04-04 13:21:08,558 : INFO : EventManager : Event: ======'machine_var_audits_switches_s_bumper_1'====== Args={'value': 9, 'prev_value': None, 'change': True}
2020-04-04 13:21:08,558 : INFO : EventManager : Event: ======'machine_var_audits_switches_s_bumper_2'====== Args={'value': 7, 'prev_value': None, 'change': True}
2020-04-04 13:21:08,558 : INFO : EventManager : Event: ======'machine_var_audits_switches_s_bumper_3'====== Args={'value': 1, 'prev_value': None, 'change': True}
2020-04-04 13:21:08,558 : INFO : EventManager : Event: ======'machine_var_audits_switches_s_center_ramp'====== Args={'value': 13, 'prev_value': None, 'change': True}
2020-04-04 13:21:08,558 : INFO : EventManager : Event: ======'machine_var_audits_switches_s_citadel'====== Args={'value': 8, 'prev_value': None, 'change': True}
2020-04-04 13:21:08,559 : INFO : EventManager : Event: ======'machine_var_audits_switches_s_citadel_lock'====== Args={'value': 49, 'prev_value': None, 'change': True}
2020-04-04 13:21:08,559 : INFO : EventManager : Event: ======'machine_var_audits_switches_s_detonation'====== Args={'value': 132, 'prev_value': None, 'change': True}
2020-04-04 13:21:08,560 : INFO : EventManager : Event: ======'machine_var_audits_switches_s_dmg_1'====== Args={'value': 563, 'prev_value': None, 'change': True}
2020-04-04 13:21:08,560 : INFO : EventManager : Event: ======'machine_var_audits_switches_s_dmg_2'====== Args={'value': 14, 'prev_value': None, 'change': True}
2020-04-04 13:21:08,560 : INFO : EventManager : Event: ======'machine_var_audits_switches_s_dmg_3'====== Args={'value': 13, 'prev_value': None, 'change': True}
2020-04-04 13:21:08,561 : INFO : EventManager : Event: ======'machine_var_audits_switches_s_dmg_4'====== Args={'value': 5, 'prev_value': None, 'change': True}
2020-04-04 13:21:08,561 : INFO : EventManager : Event: ======'machine_var_audits_switches_s_dmg_5'====== Args={'value': 8, 'prev_value': None, 'change': True}
2020-04-04 13:21:08,561 : INFO : EventManager : Event: ======'machine_var_audits_switches_s_dmg_6'====== Args={'value': 5, 'prev_value': None, 'change': True}
2020-04-04 13:21:08,561 : INFO : EventManager : Event: ======'machine_var_audits_switches_s_dmg_7'====== Args={'value': 7, 'prev_value': None, 'change': True}
2020-04-04 13:21:08,561 : INFO : EventManager : Event: ======'machine_var_audits_switches_s_drop_target'====== Args={'value': 281, 'prev_value': None, 'change': True}
2020-04-04 13:21:08,562 : INFO : EventManager : Event: ======'machine_var_audits_switches_s_jet_hole'====== Args={'value': 0, 'prev_value': None, 'change': True}
2020-04-04 13:21:08,562 : INFO : EventManager : Event: ======'machine_var_audits_switches_s_jet_lane'====== Args={'value': 1, 'prev_value': None, 'change': True}
2020-04-04 13:21:08,563 : INFO : EventManager : Event: ======'machine_var_audits_switches_s_kickback'====== Args={'value': 0, 'prev_value': None, 'change': True}
2020-04-04 13:21:08,563 : INFO : EventManager : Event: ======'machine_var_audits_switches_s_kickback_target_1'====== Args={'value': 0, 'prev_value': None, 'change': True}
2020-04-04 13:21:08,563 : INFO : EventManager : Event: ======'machine_var_audits_switches_s_kickback_target_2'====== Args={'value': 0, 'prev_value': None, 'change': True}
2020-04-04 13:21:08,563 : INFO : EventManager : Event: ======'machine_var_audits_switches_s_kickback_target_3'====== Args={'value': 2, 'prev_value': None, 'change': True}
2020-04-04 13:21:08,564 : INFO : EventManager : Event: ======'machine_var_audits_switches_s_kickback_terget_1'====== Args={'value': 0, 'prev_value': None, 'change': True}
2020-04-04 13:21:08,564 : INFO : EventManager : Event: ======'machine_var_audits_switches_s_left_flipper'====== Args={'value': 73, 'prev_value': None, 'change': True}
2020-04-04 13:21:08,564 : INFO : EventManager : Event: ======'machine_var_audits_switches_s_left_hole'====== Args={'value': 0, 'prev_value': None, 'change': True}
2020-04-04 13:21:08,565 : INFO : EventManager : Event: ======'machine_var_audits_switches_s_left_inlane'====== Args={'value': 11, 'prev_value': None, 'change': True}
2020-04-04 13:21:08,565 : INFO : EventManager : Event: ======'machine_var_audits_switches_s_left_loop_made'====== Args={'value': 23, 'prev_value': None, 'change': True}
2020-04-04 13:21:08,566 : INFO : EventManager : Event: ======'machine_var_audits_switches_s_left_loop_pre'====== Args={'value': 1, 'prev_value': None, 'change': True}
2020-04-04 13:21:08,566 : INFO : EventManager : Event: ======'machine_var_audits_switches_s_left_mid_inlane'====== Args={'value': 10, 'prev_value': None, 'change': True}
2020-04-04 13:21:08,567 : INFO : EventManager : Event: ======'machine_var_audits_switches_s_left_outlane'====== Args={'value': 9, 'prev_value': None, 'change': True}
2020-04-04 13:21:08,567 : INFO : EventManager : Event: ======'machine_var_audits_switches_s_left_ramp_made'====== Args={'value': 247, 'prev_value': None, 'change': True}
2020-04-04 13:21:08,567 : INFO : EventManager : Event: ======'machine_var_audits_switches_s_left_ramp_pre'====== Args={'value': 2, 'prev_value': None, 'change': True}
2020-04-04 13:21:08,567 : INFO : EventManager : Event: ======'machine_var_audits_switches_s_left_slingshot'====== Args={'value': 0, 'prev_value': None, 'change': True}
2020-04-04 13:21:08,568 : INFO : EventManager : Event: ======'machine_var_audits_switches_s_lock_1'====== Args={'value': 125, 'prev_value': None, 'change': True}
2020-04-04 13:21:08,568 : INFO : EventManager : Event: ======'machine_var_audits_switches_s_lock_2'====== Args={'value': 126, 'prev_value': None, 'change': True}
2020-04-04 13:21:08,568 : INFO : EventManager : Event: ======'machine_var_audits_switches_s_lock_3'====== Args={'value': 180, 'prev_value': None, 'change': True}
2020-04-04 13:21:08,568 : INFO : EventManager : Event: ======'machine_var_audits_switches_s_magnet_switch'====== Args={'value': 0, 'prev_value': None, 'change': True}
2020-04-04 13:21:08,569 : INFO : EventManager : Event: ======'machine_var_audits_switches_s_main_hole'====== Args={'value': 152, 'prev_value': None, 'change': True}
2020-04-04 13:21:08,569 : INFO : EventManager : Event: ======'machine_var_audits_switches_s_pen_1'====== Args={'value': 2, 'prev_value': None, 'change': True}
2020-04-04 13:21:08,569 : INFO : EventManager : Event: ======'machine_var_audits_switches_s_pen_2'====== Args={'value': 2, 'prev_value': None, 'change': True}
2020-04-04 13:21:08,570 : INFO : EventManager : Event: ======'machine_var_audits_switches_s_pen_3'====== Args={'value': 1, 'prev_value': None, 'change': True}
2020-04-04 13:21:08,570 : INFO : EventManager : Event: ======'machine_var_audits_switches_s_pen_4'====== Args={'value': 3, 'prev_value': None, 'change': True}
2020-04-04 13:21:08,570 : INFO : EventManager : Event: ======'machine_var_audits_switches_s_pen_5'====== Args={'value': 1, 'prev_value': None, 'change': True}
2020-04-04 13:21:08,571 : INFO : EventManager : Event: ======'machine_var_audits_switches_s_pen_6'====== Args={'value': 3, 'prev_value': None, 'change': True}
2020-04-04 13:21:08,571 : INFO : EventManager : Event: ======'machine_var_audits_switches_s_plunger'====== Args={'value': 777, 'prev_value': None, 'change': True}
2020-04-04 13:21:08,571 : INFO : EventManager : Event: ======'machine_var_audits_switches_s_plunger_button'====== Args={'value': 2, 'prev_value': None, 'change': True}
2020-04-04 13:21:08,572 : INFO : EventManager : Event: ======'machine_var_audits_switches_s_ricochet_1'====== Args={'value': 37, 'prev_value': None, 'change': True}
2020-04-04 13:21:08,572 : INFO : EventManager : Event: ======'machine_var_audits_switches_s_ricochet_2'====== Args={'value': 14, 'prev_value': None, 'change': True}
2020-04-04 13:21:08,572 : INFO : EventManager : Event: ======'machine_var_audits_switches_s_ricochet_3'====== Args={'value': 5, 'prev_value': None, 'change': True}
2020-04-04 13:21:08,573 : INFO : EventManager : Event: ======'machine_var_audits_switches_s_ricochet_4'====== Args={'value': 6, 'prev_value': None, 'change': True}
2020-04-04 13:21:08,573 : INFO : EventManager : Event: ======'machine_var_audits_switches_s_ricochet_5'====== Args={'value': 7, 'prev_value': None, 'change': True}
2020-04-04 13:21:08,573 : INFO : EventManager : Event: ======'machine_var_audits_switches_s_right_flipper'====== Args={'value': 707, 'prev_value': None, 'change': True}
2020-04-04 13:21:08,574 : INFO : EventManager : Event: ======'machine_var_audits_switches_s_right_hole'====== Args={'value': 26, 'prev_value': None, 'change': True}
2020-04-04 13:21:08,574 : INFO : EventManager : Event: ======'machine_var_audits_switches_s_right_inlane'====== Args={'value': 17, 'prev_value': None, 'change': True}
2020-04-04 13:21:08,574 : INFO : EventManager : Event: ======'machine_var_audits_switches_s_right_loop_made'====== Args={'value': 5, 'prev_value': None, 'change': True}
2020-04-04 13:21:08,574 : INFO : EventManager : Event: ======'machine_var_audits_switches_s_right_loop_pre'====== Args={'value': 2, 'prev_value': None, 'change': True}
2020-04-04 13:21:08,575 : INFO : EventManager : Event: ======'machine_var_audits_switches_s_right_outlane'====== Args={'value': 16, 'prev_value': None, 'change': True}
2020-04-04 13:21:08,576 : INFO : EventManager : Event: ======'machine_var_audits_switches_s_right_ramp_made'====== Args={'value': 292, 'prev_value': None, 'change': True}
2020-04-04 13:21:08,576 : INFO : EventManager : Event: ======'machine_var_audits_switches_s_right_ramp_pre'====== Args={'value': 0, 'prev_value': None, 'change': True}
2020-04-04 13:21:08,576 : INFO : EventManager : Event: ======'machine_var_audits_switches_s_right_slingshot'====== Args={'value': 0, 'prev_value': None, 'change': True}
2020-04-04 13:21:08,577 : INFO : EventManager : Event: ======'machine_var_audits_switches_s_right_small_ramp'====== Args={'value': 0, 'prev_value': None, 'change': True}
2020-04-04 13:21:08,577 : INFO : EventManager : Event: ======'machine_var_audits_switches_s_side_hole'====== Args={'value': 192, 'prev_value': None, 'change': True}
2020-04-04 13:21:08,578 : INFO : EventManager : Event: ======'machine_var_audits_switches_s_side_ramp_made'====== Args={'value': 171, 'prev_value': None, 'change': True}
2020-04-04 13:21:08,578 : INFO : EventManager : Event: ======'machine_var_audits_switches_s_side_ramp_pre'====== Args={'value': 2, 'prev_value': None, 'change': True}
2020-04-04 13:21:08,578 : INFO : EventManager : Event: ======'machine_var_audits_switches_s_start'====== Args={'value': 15, 'prev_value': None, 'change': True}
2020-04-04 13:21:08,579 : INFO : EventManager : Event: ======'machine_var_audits_switches_s_torpedo'====== Args={'value': 111, 'prev_value': None, 'change': True}
2020-04-04 13:21:08,579 : INFO : EventManager : Event: ======'machine_var_audits_switches_s_torpedo_lane'====== Args={'value': 2, 'prev_value': None, 'change': True}
2020-04-04 13:21:08,580 : INFO : EventManager : Event: ======'machine_var_audits_switches_s_trough1'====== Args={'value': 21, 'prev_value': None, 'change': True}
2020-04-04 13:21:08,580 : INFO : EventManager : Event: ======'machine_var_audits_switches_s_trough2'====== Args={'value': 13, 'prev_value': None, 'change': True}
2020-04-04 13:21:08,580 : INFO : EventManager : Event: ======'machine_var_audits_switches_s_trough3'====== Args={'value': 16, 'prev_value': None, 'change': True}
2020-04-04 13:21:08,580 : INFO : EventManager : Event: ======'machine_var_audits_switches_s_trough4'====== Args={'value': 3, 'prev_value': None, 'change': True}
2020-04-04 13:21:08,581 : INFO : EventManager : Event: ======'machine_var_audits_switches_s_trough5'====== Args={'value': 0, 'prev_value': None, 'change': True}
2020-04-04 13:21:08,581 : INFO : EventManager : Event: ======'machine_var_audits_switches_s_trough6'====== Args={'value': 1, 'prev_value': None, 'change': True}
2020-04-04 13:21:08,582 : INFO : EventManager : Event: ======'machine_var_audits_switches_s_trough_jam'====== Args={'value': 0, 'prev_value': None, 'change': True}
2020-04-04 13:21:08,582 : INFO : EventManager : Event: ======'init_phase_5'====== Args={}
2020-04-04 13:21:08,625 : INFO : EventManager : Event: ======'init_done'====== Args={}
2020-04-04 13:21:08,626 : INFO : EventManager : Event: ======'machine_reset_phase_1'====== Args={}
2020-04-04 13:21:08,626 : INFO : BcpServer : New client connected.
2020-04-04 13:21:08,643 : INFO : EventManager : Event: ======'machine_reset_phase_2'====== Args={}
2020-04-04 13:21:08,644 : INFO : EventManager : Event: ======'machine_reset_phase_3'====== Args={}
2020-04-04 13:21:08,644 : INFO : EventManager : Event: ======'reset_complete'====== Args={}
2020-04-04 13:21:08,644 : INFO : EventManager : Event: ======'mode_attract_will_start'====== Args={}
2020-04-04 13:21:08,645 : INFO : EventManager : Event: ======'mode_attract_starting'====== Args={}
2020-04-04 13:21:08,645 : INFO : Mode.attract : Started. Priority: 10
2020-04-04 13:21:08,645 : INFO : EventManager : Event: ======'mode_attract_started'====== Args={}
2020-04-04 13:21:08,646 : INFO : EventManager : Event: ======'collecting_balls_complete'====== Args={}
2020-04-04 13:21:08,680 : INFO : Machine : Starting the main run loop.
2020-04-04 13:21:10,906 : INFO : SwitchController : <<<<<<< 's_start' active >>>>>>>
2020-04-04 13:21:11,008 : INFO : SwitchController : <<<<<<< 's_start' inactive >>>>>>>
2020-04-04 13:21:11,009 : INFO : EventManager : Event: ======'request_to_start_game'====== Args={}
2020-04-04 13:21:11,009 : INFO : EventManager : Event: ======'game_start'====== Args={'buttons': [], 'hold_time': 0.09399999998277053}
2020-04-04 13:21:11,010 : INFO : EventManager : Event: ======'mode_game_will_start'====== Args={'buttons': [], 'hold_time': 0.09399999998277053}
2020-04-04 13:21:11,010 : INFO : EventManager : Event: ======'mode_game_starting'====== Args={'buttons': [], 'hold_time': 0.09399999998277053}
2020-04-04 13:21:11,011 : INFO : EventManager : Event: ======'mode_attract_will_stop'====== Args={}
2020-04-04 13:21:11,011 : INFO : EventManager : Event: ======'mode_attract_stopping'====== Args={}
2020-04-04 13:21:11,011 : INFO : Mode.attract : Stopped.
2020-04-04 13:21:11,011 : INFO : EventManager : Event: ======'mode_attract_stopped'====== Args={}
2020-04-04 13:21:11,011 : INFO : EventManager : Event: ======'clear'====== Args={'key': 'attract'}
2020-04-04 13:21:11,011 : INFO : Mode.game : Started. Priority: 20
2020-04-04 13:21:11,011 : INFO : EventManager : Event: ======'mode_game_started'====== Args={'buttons': [], 'hold_time': 0.09399999998277053}
2020-04-04 13:21:11,022 : INFO : EventManager : Event: ======'game_will_start'====== Args={}
2020-04-04 13:21:11,023 : INFO : EventManager : Event: ======'game_starting'====== Args={'game': <Mode.game>}
2020-04-04 13:21:11,023 : INFO : EventManager : Event: ======'player_add_request'====== Args={}
2020-04-04 13:21:11,023 : INFO : EventManager : Event: ======'player_will_add'====== Args={'number': 1}
2020-04-04 13:21:11,024 : INFO : EventManager : Event: ======'player_adding'====== Args={'player': <Player 1>, 'number': 1}
2020-04-04 13:21:11,024 : INFO : EventManager : Event: ======'player_added'====== Args={'player': <Player 1>, 'num': 1}
2020-04-04 13:21:11,025 : INFO : Mode.game : Player added successfully. Total players: 1
2020-04-04 13:21:11,025 : INFO : EventManager : Event: ======'player_index'====== Args={'value': 0, 'prev_value': 0, 'change': 0, 'player_num': 1}
2020-04-04 13:21:11,025 : INFO : EventManager : Event: ======'player_number'====== Args={'value': 1, 'prev_value': 1, 'change': 0, 'player_num': 1}
2020-04-04 13:21:11,025 : INFO : EventManager : Event: ======'player_ReceivedDMG'====== Args={'value': 1, 'prev_value': 1, 'change': 0, 'player_num': 1}
2020-04-04 13:21:11,026 : INFO : EventManager : Event: ======'player_DMGValue'====== Args={'value': 10000000, 'prev_value': 10000000, 'change': 0, 'player_num': 1}
2020-04-04 13:21:11,026 : INFO : EventManager : Event: ======'player_m1shotmade'====== Args={'value': 0, 'prev_value': 0, 'change': 0, 'player_num': 1}
2020-04-04 13:21:11,026 : INFO : EventManager : Event: ======'player_m2shotmade'====== Args={'value': 0, 'prev_value': 0, 'change': 0, 'player_num': 1}
2020-04-04 13:21:11,027 : INFO : EventManager : Event: ======'player_m3shotmade'====== Args={'value': 0, 'prev_value': 0, 'change': 0, 'player_num': 1}
2020-04-04 13:21:11,027 : INFO : EventManager : Event: ======'player_m4shotmade'====== Args={'value': 0, 'prev_value': 0, 'change': 0, 'player_num': 1}
2020-04-04 13:21:11,027 : INFO : EventManager : Event: ======'player_m5shotmade'====== Args={'value': 0, 'prev_value': 0, 'change': 0, 'player_num': 1}
2020-04-04 13:21:11,027 : INFO : EventManager : Event: ======'player_m6shotmade'====== Args={'value': 0, 'prev_value': 0, 'change': 0, 'player_num': 1}
2020-04-04 13:21:11,028 : INFO : EventManager : Event: ======'player_m7shotmade'====== Args={'value': 0, 'prev_value': 0, 'change': 0, 'player_num': 1}
2020-04-04 13:21:11,028 : INFO : EventManager : Event: ======'player_m8shotmade'====== Args={'value': 0, 'prev_value': 0, 'change': 0, 'player_num': 1}
2020-04-04 13:21:11,028 : INFO : EventManager : Event: ======'player_m9shotmade'====== Args={'value': 0, 'prev_value': 0, 'change': 0, 'player_num': 1}
2020-04-04 13:21:11,029 : INFO : EventManager : Event: ======'player_m1_active'====== Args={'value': 0, 'prev_value': 0, 'change': 0, 'player_num': 1}
2020-04-04 13:21:11,029 : INFO : EventManager : Event: ======'player_m2_active'====== Args={'value': 0, 'prev_value': 0, 'change': 0, 'player_num': 1}
2020-04-04 13:21:11,029 : INFO : EventManager : Event: ======'player_m3_active'====== Args={'value': 0, 'prev_value': 0, 'change': 0, 'player_num': 1}
2020-04-04 13:21:11,030 : INFO : EventManager : Event: ======'player_m4_active'====== Args={'value': 0, 'prev_value': 0, 'change': 0, 'player_num': 1}
2020-04-04 13:21:11,030 : INFO : EventManager : Event: ======'player_m5_active'====== Args={'value': 0, 'prev_value': 0, 'change': 0, 'player_num': 1}
2020-04-04 13:21:11,030 : INFO : EventManager : Event: ======'player_m6_active'====== Args={'value': 0, 'prev_value': 0, 'change': 0, 'player_num': 1}
2020-04-04 13:21:11,030 : INFO : EventManager : Event: ======'player_m7_active'====== Args={'value': 0, 'prev_value': 0, 'change': 0, 'player_num': 1}
2020-04-04 13:21:11,030 : INFO : EventManager : Event: ======'player_m8_active'====== Args={'value': 0, 'prev_value': 0, 'change': 0, 'player_num': 1}
2020-04-04 13:21:11,030 : INFO : EventManager : Event: ======'player_m9_active'====== Args={'value': 0, 'prev_value': 0, 'change': 0, 'player_num': 1}
2020-04-04 13:21:11,030 : INFO : EventManager : Event: ======'player_lock_lit_1_state'====== Args={'value': 0, 'prev_value': 0, 'change': 0, 'player_num': 1}
2020-04-04 13:21:11,031 : INFO : EventManager : Event: ======'player_lock_lit_2_state'====== Args={'value': 0, 'prev_value': 0, 'change': 0, 'player_num': 1}
2020-04-04 13:21:11,031 : INFO : EventManager : Event: ======'player_frezee_started'====== Args={'value': 0, 'prev_value': 0, 'change': 0, 'player_num': 1}
2020-04-04 13:21:11,031 : INFO : EventManager : Event: ======'player_timer_height'====== Args={'value': 0.0, 'prev_value': 0.0, 'change': 0, 'player_num': 1}
2020-04-04 13:21:11,031 : INFO : EventManager : Event: ======'player_citadel_number'====== Args={'value': 0, 'prev_value': 0, 'change': 0, 'player_num': 1}
2020-04-04 13:21:11,031 : INFO : EventManager : Event: ======'player_torpedo_number'====== Args={'value': 0, 'prev_value': 0, 'change': 0, 'player_num': 1}
2020-04-04 13:21:11,031 : INFO : EventManager : Event: ======'player_citadel_load_number'====== Args={'value': 3, 'prev_value': 3, 'change': 0, 'player_num': 1}
2020-04-04 13:21:11,032 : INFO : EventManager : Event: ======'player_torpedo_load_number'====== Args={'value': 3, 'prev_value': 3, 'change': 0, 'player_num': 1}
2020-04-04 13:21:11,032 : INFO : EventManager : Event: ======'player_citadel_ready'====== Args={'value': 0, 'prev_value': 0, 'change': 0, 'player_num': 1}
2020-04-04 13:21:11,032 : INFO : EventManager : Event: ======'player_torpedo_ready'====== Args={'value': 0, 'prev_value': 0, 'change': 0, 'player_num': 1}
2020-04-04 13:21:11,032 : INFO : EventManager : Event: ======'player_modeshotmade'====== Args={'value': 0, 'prev_value': 0, 'change': 0, 'player_num': 1}
2020-04-04 13:21:11,032 : INFO : EventManager : Event: ======'player_super_lock'====== Args={'value': 0, 'prev_value': 0, 'change': 0, 'player_num': 1}
2020-04-04 13:21:11,033 : INFO : EventManager : Event: ======'player_score'====== Args={'value': 0, 'prev_value': 0, 'change': 0, 'player_num': 1}
2020-04-04 13:21:11,033 : INFO : EventManager : Event: ======'game_started'====== Args={}
2020-04-04 13:21:11,066 : INFO : EventManager : Event: ======'player_turn_will_start'====== Args={'player': <Player 1>, 'number': 1}
2020-04-04 13:21:11,081 : INFO : EventManager : Event: ======'player_turn_starting'====== Args={'player': <Player 1>, 'number': 1}
2020-04-04 13:21:11,082 : INFO : EventManager : Event: ======'player_ball'====== Args={'value': 1, 'prev_value': 0, 'change': 1, 'player_num': 1}
2020-04-04 13:21:11,083 : INFO : EventManager : Event: ======'player_turn_started'====== Args={'player': <Player 1>, 'number': 1}
2020-04-04 13:21:11,083 : INFO : EventManager : Event: ======'ball_will_start'====== Args={'player': 1, 'ball': 1, 'balls_remaining': 2, 'is_extra_ball': False}
2020-04-04 13:21:11,094 : INFO : EventManager : Event: ======'ball_starting'====== Args={'player': 1, 'ball': 1, 'balls_remaining': 2, 'is_extra_ball': False}
2020-04-04 13:21:11,095 : INFO : EventManager : Event: ======'mode_base_will_start'====== Args={'queue': <QueuedEvent>, 'player': 1, 'ball': 1, 'balls_remaining': 2, 'is_extra_ball': False}
2020-04-04 13:21:11,095 : INFO : EventManager : Event: ======'mode_base_starting'====== Args={'queue': <QueuedEvent>, 'player': 1, 'ball': 1, 'balls_remaining': 2, 'is_extra_ball': False}
2020-04-04 13:21:11,096 : INFO : EventManager : Event: ======'mode_value_manager_will_start'====== Args={'queue': <QueuedEvent>, 'player': 1, 'ball': 1, 'balls_remaining': 2, 'is_extra_ball': False}
2020-04-04 13:21:11,096 : INFO : EventManager : Event: ======'mode_value_manager_starting'====== Args={'queue': <QueuedEvent>, 'player': 1, 'ball': 1, 'balls_remaining': 2, 'is_extra_ball': False}
2020-04-04 13:21:11,096 : INFO : Mode.value_manager : Started. Priority: 100
2020-04-04 13:21:11,096 : INFO : EventManager : Event: ======'mode_value_manager_started'====== Args={'queue': <QueuedEvent>, 'player': 1, 'ball': 1, 'balls_remaining': 2, 'is_extra_ball': False}
2020-04-04 13:21:11,096 : INFO : Mode.base : Started. Priority: 100
2020-04-04 13:21:11,097 : INFO : EventManager : Event: ======'mode_base_started'====== Args={'queue': <QueuedEvent>, 'player': 1, 'ball': 1, 'balls_remaining': 2, 'is_extra_ball': False}
2020-04-04 13:21:11,097 : INFO : EventManager : Event: ======'balls_in_play'====== Args={'balls': 1}
2020-04-04 13:21:11,097 : INFO : EventManager : Event: ======'ball_started'====== Args={'player': 1, 'ball': 1, 'balls_remaining': 2, 'is_extra_ball': False}
2020-04-04 13:21:11,097 : INFO : EventManager : Event: ======'mode_mode_manager_will_start'====== Args={'player': 1, 'ball': 1, 'balls_remaining': 2, 'is_extra_ball': False}
2020-04-04 13:21:11,102 : INFO : EventManager : Event: ======'mode_mode_manager_starting'====== Args={'player': 1, 'ball': 1, 'balls_remaining': 2, 'is_extra_ball': False}
2020-04-04 13:21:11,102 : INFO : EventManager : Event: ======'mode_battle_manager_will_start'====== Args={'player': 1, 'ball': 1, 'balls_remaining': 2, 'is_extra_ball': False}
2020-04-04 13:21:11,103 : INFO : EventManager : Event: ======'mode_battle_manager_starting'====== Args={'player': 1, 'ball': 1, 'balls_remaining': 2, 'is_extra_ball': False}
2020-04-04 13:21:11,104 : INFO : EventManager : Event: ======'mode_hc_lock_lit_will_start'====== Args={'player': 1, 'ball': 1, 'balls_remaining': 2, 'is_extra_ball': False}
2020-04-04 13:21:11,104 : INFO : EventManager : Event: ======'player_shot_lock_lit_1_enabled'====== Args={'value': True, 'prev_value': 0, 'change': 1, 'player_num': 1}
2020-04-04 13:21:11,104 : INFO : EventManager : Event: ======'player_shot_lock_lit_2_enabled'====== Args={'value': True, 'prev_value': 0, 'change': 1, 'player_num': 1}
2020-04-04 13:21:11,105 : INFO : EventManager : Event: ======'lock_lits_complete'====== Args={'state': 'unlit'}
2020-04-04 13:21:11,105 : INFO : EventManager : Event: ======'lock_lits_unlit_complete'====== Args={}
2020-04-04 13:21:11,107 : INFO : EventManager : Event: ======'mode_hc_lock_lit_starting'====== Args={'player': 1, 'ball': 1, 'balls_remaining': 2, 'is_extra_ball': False}
2020-04-04 13:21:11,107 : INFO : EventManager : Event: ======'mode_salvo_lit_will_start'====== Args={'player': 1, 'ball': 1, 'balls_remaining': 2, 'is_extra_ball': False}
2020-04-04 13:21:11,107 : INFO : EventManager : Event: ======'player_shot_ricochet_1_enabled'====== Args={'value': True, 'prev_value': 0, 'change': 1, 'player_num': 1}
2020-04-04 13:21:11,107 : INFO : EventManager : Event: ======'player_shot_ricochet_2_enabled'====== Args={'value': True, 'prev_value': 0, 'change': 1, 'player_num': 1}
2020-04-04 13:21:11,108 : INFO : EventManager : Event: ======'player_shot_ricochet_3_enabled'====== Args={'value': True, 'prev_value': 0, 'change': 1, 'player_num': 1}
2020-04-04 13:21:11,109 : INFO : EventManager : Event: ======'player_shot_ricochet_4_enabled'====== Args={'value': True, 'prev_value': 0, 'change': 1, 'player_num': 1}
2020-04-04 13:21:11,109 : INFO : EventManager : Event: ======'player_shot_ricochet_5_enabled'====== Args={'value': True, 'prev_value': 0, 'change': 1, 'player_num': 1}
2020-04-04 13:21:11,110 : INFO : EventManager : Event: ======'ricochet_targets_complete'====== Args={'state': 'unlit'}
2020-04-04 13:21:11,110 : INFO : EventManager : Event: ======'ricochet_targets_unlit_complete'====== Args={}
2020-04-04 13:21:11,111 : INFO : EventManager : Event: ======'mode_salvo_lit_starting'====== Args={'player': 1, 'ball': 1, 'balls_remaining': 2, 'is_extra_ball': False}
2020-04-04 13:21:11,111 : INFO : EventManager : Event: ======'mode_mode_lit_will_start'====== Args={'player': 1, 'ball': 1, 'balls_remaining': 2, 'is_extra_ball': False}
2020-04-04 13:21:11,112 : INFO : EventManager : Event: ======'achievement_mode_1_changed_state'====== Args={'restore': False, 'state': 'enabled', 'selected': False}
2020-04-04 13:21:11,112 : INFO : EventManager : Event: ======'achievement_mode_1_state_enabled'====== Args={'restore': False, 'state': 'enabled', 'selected': False}
2020-04-04 13:21:11,112 : INFO : EventManager : Event: ======'achievement_mode_2_changed_state'====== Args={'restore': False, 'state': 'enabled', 'selected': False}
2020-04-04 13:21:11,113 : INFO : EventManager : Event: ======'achievement_mode_2_state_enabled'====== Args={'restore': False, 'state': 'enabled', 'selected': False}
2020-04-04 13:21:11,113 : INFO : EventManager : Event: ======'achievement_mode_3_changed_state'====== Args={'restore': False, 'state': 'enabled', 'selected': False}
2020-04-04 13:21:11,113 : INFO : EventManager : Event: ======'achievement_mode_3_state_enabled'====== Args={'restore': False, 'state': 'enabled', 'selected': False}
2020-04-04 13:21:11,114 : INFO : EventManager : Event: ======'achievement_mode_4_changed_state'====== Args={'restore': False, 'state': 'enabled', 'selected': False}
2020-04-04 13:21:11,114 : INFO : EventManager : Event: ======'achievement_mode_4_state_enabled'====== Args={'restore': False, 'state': 'enabled', 'selected': False}
2020-04-04 13:21:11,114 : INFO : EventManager : Event: ======'achievement_mode_5_changed_state'====== Args={'restore': False, 'state': 'enabled', 'selected': False}
2020-04-04 13:21:11,114 : INFO : EventManager : Event: ======'achievement_mode_5_state_enabled'====== Args={'restore': False, 'state': 'enabled', 'selected': False}
2020-04-04 13:21:11,115 : INFO : EventManager : Event: ======'achievement_mode_6_changed_state'====== Args={'restore': False, 'state': 'enabled', 'selected': False}
2020-04-04 13:21:11,115 : INFO : EventManager : Event: ======'achievement_mode_6_state_enabled'====== Args={'restore': False, 'state': 'enabled', 'selected': False}
2020-04-04 13:21:11,116 : INFO : EventManager : Event: ======'achievement_mode_7_changed_state'====== Args={'restore': False, 'state': 'enabled', 'selected': False}
2020-04-04 13:21:11,116 : INFO : EventManager : Event: ======'achievement_mode_7_state_enabled'====== Args={'restore': False, 'state': 'enabled', 'selected': False}
2020-04-04 13:21:11,116 : INFO : EventManager : Event: ======'achievement_mode_8_changed_state'====== Args={'restore': False, 'state': 'enabled', 'selected': False}
2020-04-04 13:21:11,116 : INFO : EventManager : Event: ======'achievement_mode_8_state_enabled'====== Args={'restore': False, 'state': 'enabled', 'selected': False}
2020-04-04 13:21:11,117 : INFO : EventManager : Event: ======'achievement_mode_9_changed_state'====== Args={'restore': False, 'state': 'enabled', 'selected': False}
2020-04-04 13:21:11,117 : INFO : EventManager : Event: ======'achievement_mode_9_state_enabled'====== Args={'restore': False, 'state': 'enabled', 'selected': False}
2020-04-04 13:21:11,119 : INFO : EventManager : Event: ======'mode_mode_lit_starting'====== Args={'player': 1, 'ball': 1, 'balls_remaining': 2, 'is_extra_ball': False}
2020-04-04 13:21:11,119 : INFO : EventManager : Event: ======'mode_container_will_start'====== Args={'player': 1, 'ball': 1, 'balls_remaining': 2, 'is_extra_ball': False}
2020-04-04 13:21:11,120 : INFO : EventManager : Event: ======'player_shot_lane_A_enabled'====== Args={'value': True, 'prev_value': 0, 'change': 1, 'player_num': 1}
2020-04-04 13:21:11,120 : INFO : EventManager : Event: ======'player_shot_lane_B_enabled'====== Args={'value': True, 'prev_value': 0, 'change': 1, 'player_num': 1}
2020-04-04 13:21:11,121 : INFO : EventManager : Event: ======'player_shot_lane_C_enabled'====== Args={'value': True, 'prev_value': 0, 'change': 1, 'player_num': 1}
2020-04-04 13:21:11,121 : INFO : EventManager : Event: ======'player_shot_lane_D_enabled'====== Args={'value': True, 'prev_value': 0, 'change': 1, 'player_num': 1}
2020-04-04 13:21:11,122 : INFO : EventManager : Event: ======'player_shot_lane_E_enabled'====== Args={'value': True, 'prev_value': 0, 'change': 1, 'player_num': 1}
2020-04-04 13:21:11,122 : INFO : EventManager : Event: ======'container_lanes_complete'====== Args={'state': 'unlit'}
2020-04-04 13:21:11,123 : INFO : EventManager : Event: ======'container_lanes_unlit_complete'====== Args={}
2020-04-04 13:21:11,123 : INFO : EventManager : Event: ======'mode_container_starting'====== Args={'player': 1, 'ball': 1, 'balls_remaining': 2, 'is_extra_ball': False}
2020-04-04 13:21:11,124 : INFO : EventManager : Event: ======'mode_detonation_will_start'====== Args={'player': 1, 'ball': 1, 'balls_remaining': 2, 'is_extra_ball': False}
2020-04-04 13:21:11,124 : INFO : EventManager : Event: ======'player_shot_detonation_lit_enabled'====== Args={'value': True, 'prev_value': 0, 'change': 1, 'player_num': 1}
2020-04-04 13:21:11,125 : INFO : EventManager : Event: ======'player_shot_detonation_enabled'====== Args={'value': False, 'prev_value': 0, 'change': 0, 'player_num': 1}
2020-04-04 13:21:11,126 : INFO : EventManager : Event: ======'mode_detonation_starting'====== Args={'player': 1, 'ball': 1, 'balls_remaining': 2, 'is_extra_ball': False}
2020-04-04 13:21:11,126 : INFO : EventManager : Event: ======'player_DMGValue'====== Args={'value': 120000000, 'prev_value': 10000000, 'change': 110000000, 'player_num': 1}
2020-04-04 13:21:11,126 : INFO : EventManager : Event: ======'lock_lit_stopped'====== Args={}
2020-04-04 13:21:11,127 : INFO : EventManager : Event: ======'lock_lit_started'====== Args={}
2020-04-04 13:21:11,129 : INFO : EventManager : Event: ======'achievement_mode_2_changed_state'====== Args={'restore': False, 'state': 'enabled', 'selected': True}
2020-04-04 13:21:11,130 : INFO : EventManager : Event: ======'achievement_mode_2_state_enabled'====== Args={'restore': False, 'state': 'enabled', 'selected': True}
2020-04-04 13:21:11,130 : INFO : EventManager : Event: ======'achievement_mode_2_state_selected'====== Args={'restore': False, 'state': 'enabled', 'selected': True}
2020-04-04 13:21:11,131 : INFO : EventManager : Event: ======'player_shot_lock_lit_1_enabled'====== Args={'value': False, 'prev_value': True, 'change': -1, 'player_num': 1}
2020-04-04 13:21:11,131 : INFO : EventManager : Event: ======'player_shot_lock_lit_2_enabled'====== Args={'value': False, 'prev_value': True, 'change': -1, 'player_num': 1}
2020-04-04 13:21:11,132 : INFO : EventManager : Event: ======'player_shot_lock_lit_1_enabled'====== Args={'value': True, 'prev_value': False, 'change': 1, 'player_num': 1}
2020-04-04 13:21:11,132 : INFO : EventManager : Event: ======'player_shot_lock_lit_2_enabled'====== Args={'value': True, 'prev_value': False, 'change': 1, 'player_num': 1}
2020-04-04 13:21:11,133 : INFO : Mode.detonation : Started. Priority: 100
2020-04-04 13:21:11,133 : INFO : EventManager : Event: ======'mode_detonation_started'====== Args={'player': 1, 'ball': 1, 'balls_remaining': 2, 'is_extra_ball': False}
2020-04-04 13:21:11,133 : INFO : Mode.container : Started. Priority: 100
2020-04-04 13:21:11,133 : INFO : EventManager : Event: ======'mode_container_started'====== Args={'player': 1, 'ball': 1, 'balls_remaining': 2, 'is_extra_ball': False}
2020-04-04 13:21:11,133 : INFO : Mode.mode_lit : Started. Priority: 100
2020-04-04 13:21:11,133 : INFO : EventManager : Event: ======'mode_mode_lit_started'====== Args={'player': 1, 'ball': 1, 'balls_remaining': 2, 'is_extra_ball': False}
2020-04-04 13:21:11,134 : INFO : Mode.salvo_lit : Started. Priority: 100
2020-04-04 13:21:11,134 : INFO : EventManager : Event: ======'mode_salvo_lit_started'====== Args={'player': 1, 'ball': 1, 'balls_remaining': 2, 'is_extra_ball': False}
2020-04-04 13:21:11,134 : INFO : Mode.hc_lock_lit : Started. Priority: 100
2020-04-04 13:21:11,134 : INFO : EventManager : Event: ======'mode_hc_lock_lit_started'====== Args={'player': 1, 'ball': 1, 'balls_remaining': 2, 'is_extra_ball': False}
2020-04-04 13:21:11,134 : INFO : Mode.mode_manager : Started. Priority: 300
2020-04-04 13:21:11,135 : INFO : EventManager : Event: ======'mode_mode_manager_started'====== Args={'player': 1, 'ball': 1, 'balls_remaining': 2, 'is_extra_ball': False}
2020-04-04 13:21:11,169 : INFO : EventManager : Event: ======'logicblock_battle_counter_updated'====== Args={'value': 5, 'enabled': False}
2020-04-04 13:21:11,170 : INFO : Mode.battle_manager : Started. Priority: 100
2020-04-04 13:21:11,170 : INFO : EventManager : Event: ======'mode_battle_manager_started'====== Args={'player': 1, 'ball': 1, 'balls_remaining': 2, 'is_extra_ball': False}
2020-04-04 13:21:11,170 : INFO : EventManager : Event: ======'logicblock_battle_counter_updated'====== Args={'value': 5, 'enabled': True}
2020-04-04 13:21:11,171 : INFO : EventManager : Event: ======'single_player_ball_started'====== Args={}
2020-04-04 13:21:11,195 : INFO : EventManager : Event: ======'balldevice_balls_available'====== Args={}
2020-04-04 13:21:11,196 : INFO : EventManager : Event: ======'balldevice_bd_trough_ball_eject_attempt'====== Args={'balls': 1, 'target': <ball_device.bd_plunger>, 'source': <ball_device.bd_trough>, 'mechanical_eject': True, 'num_attempts': 0}
2020-04-04 13:21:11,197 : INFO : ball_device.bd_trough : Ejecting ball to <ball_device.bd_plunger>
2020-04-04 13:21:11,197 : INFO : EventManager : Event: ======'balldevice_bd_trough_ejecting_ball'====== Args={'balls': 1, 'target': <ball_device.bd_plunger>, 'source': <ball_device.bd_trough>, 'mechanical_eject': True, 'num_attempts': 0}
2020-04-04 13:21:11,198 : INFO : coil.c_trough_eject : Pulsing Driver for 20ms (1.0 pulse_power)
2020-04-04 13:21:11,198 : INFO : SwitchController : <<<<<<< 's_trough1' inactive >>>>>>>
2020-04-04 13:21:11,291 : INFO : SwitchController : <<<<<<< 's_plunger' active >>>>>>>
2020-04-04 13:21:11,291 : INFO : EventManager : Event: ======'machine_var_audits_switches_s_plunger'====== Args={'value': 778, 'prev_value': 777, 'change': 1}
2020-04-04 13:21:11,594 : INFO : EventManager : Event: ======'balldevice_bd_plunger_ball_enter'====== Args={'new_balls': 1, 'unclaimed_balls': 0, 'new_available_balls': 0, 'device': <ball_device.bd_plunger>}
2020-04-04 13:21:11,594 : INFO : EventManager : Event: ======'balldevice_bd_plunger_ball_entered'====== Args={'new_balls': 0, 'device': <ball_device.bd_plunger>}
2020-04-04 13:21:11,595 : INFO : EventManager : Event: ======'balldevice_bd_plunger_ball_count_changed'====== Args={'balls': 1}
2020-04-04 13:21:11,595 : INFO : EventManager : Event: ======'balldevice_bd_trough_ball_eject_success'====== Args={'balls': 1, 'target': <ball_device.bd_plunger>}
2020-04-04 13:21:11,595 : INFO : EventManager : Event: ======'balldevice_bd_trough_ball_count_changed'====== Args={'balls': 4}
2020-04-04 13:21:11,596 : INFO : EventManager : Event: ======'balldevice_bd_plunger_ball_eject_attempt'====== Args={'balls': 1, 'target': <playfield.playfield>, 'source': <ball_device.bd_plunger>, 'mechanical_eject': True, 'num_attempts': 0}
2020-04-04 13:21:11,596 : INFO : ball_device.bd_plunger : Ejecting ball to <playfield.playfield>
2020-04-04 13:21:11,596 : INFO : EventManager : Event: ======'balldevice_bd_plunger_ejecting_ball'====== Args={'balls': 1, 'target': <playfield.playfield>, 'source': <ball_device.bd_plunger>, 'mechanical_eject': True, 'num_attempts': 0}
2020-04-04 13:21:14,963 : INFO : SwitchController : <<<<<<< 's_plunger' inactive >>>>>>>
2020-04-04 13:21:16,597 : INFO : SwitchController : <<<<<<< 's_drop_target' active >>>>>>>
2020-04-04 13:21:16,597 : INFO : EventManager : Event: ======'s_drop_target_active'====== Args={}
2020-04-04 13:21:16,597 : INFO : EventManager : Event: ======'playfield_active'====== Args={}
2020-04-04 13:21:16,597 : INFO : EventManager : Event: ======'drop_target_citadel_drop_target_down'====== Args={'device': <drop_target.citadel_drop_target>}
2020-04-04 13:21:16,597 : INFO : EventManager : Event: ======'machine_var_audits_switches_s_drop_target'====== Args={'value': 282, 'prev_value': 281, 'change': 1}
2020-04-04 13:21:16,598 : INFO : EventManager : Event: ======'logicblock_battle_counter_updated'====== Args={'value': 4, 'enabled': True}
2020-04-04 13:21:16,598 : INFO : EventManager : Event: ======'battle_advance'====== Args={'count': 4, 'remaining': -4}
2020-04-04 13:21:16,622 : INFO : EventManager : Event: ======'balldevice_bd_plunger_ball_eject_success'====== Args={'balls': 1, 'target': <playfield.playfield>}
2020-04-04 13:21:16,632 : INFO : EventManager : Event: ======'balldevice_playfield_ball_enter'====== Args={'new_balls': 1, 'unclaimed_balls': 1, 'device': <playfield.playfield>}
2020-04-04 13:21:16,632 : INFO : EventManager : Event: ======'playfield_ball_count_change'====== Args={'balls': 1, 'change': 1}
2020-04-04 13:21:16,633 : INFO : EventManager : Event: ======'balldevice_bd_plunger_ball_count_changed'====== Args={'balls': 0}
2020-04-04 13:21:16,672 : INFO : SwitchController : <<<<<<< 's_drop_target' inactive >>>>>>>
2020-04-04 13:21:16,672 : INFO : EventManager : Event: ======'drop_target_citadel_drop_target_up'====== Args={'device': <drop_target.citadel_drop_target>}
2020-04-04 13:21:17,026 : INFO : SwitchController : <<<<<<< 's_drop_target' active >>>>>>>
2020-04-04 13:21:17,026 : INFO : EventManager : Event: ======'s_drop_target_active'====== Args={}
2020-04-04 13:21:17,026 : INFO : EventManager : Event: ======'drop_target_citadel_drop_target_down'====== Args={'device': <drop_target.citadel_drop_target>}
2020-04-04 13:21:17,027 : INFO : EventManager : Event: ======'machine_var_audits_switches_s_drop_target'====== Args={'value': 283, 'prev_value': 282, 'change': 1}
2020-04-04 13:21:17,027 : INFO : EventManager : Event: ======'logicblock_battle_counter_updated'====== Args={'value': 3, 'enabled': True}
2020-04-04 13:21:17,027 : INFO : EventManager : Event: ======'battle_advance'====== Args={'count': 3, 'remaining': -3}
2020-04-04 13:21:17,093 : INFO : SwitchController : <<<<<<< 's_drop_target' inactive >>>>>>>
2020-04-04 13:21:17,093 : INFO : EventManager : Event: ======'drop_target_citadel_drop_target_up'====== Args={'device': <drop_target.citadel_drop_target>}
2020-04-04 13:21:17,445 : INFO : SwitchController : <<<<<<< 's_drop_target' active >>>>>>>
2020-04-04 13:21:17,445 : INFO : EventManager : Event: ======'s_drop_target_active'====== Args={}
2020-04-04 13:21:17,446 : INFO : EventManager : Event: ======'drop_target_citadel_drop_target_down'====== Args={'device': <drop_target.citadel_drop_target>}
2020-04-04 13:21:17,446 : INFO : EventManager : Event: ======'machine_var_audits_switches_s_drop_target'====== Args={'value': 284, 'prev_value': 283, 'change': 1}
2020-04-04 13:21:17,446 : INFO : EventManager : Event: ======'logicblock_battle_counter_updated'====== Args={'value': 2, 'enabled': True}
2020-04-04 13:21:17,446 : INFO : EventManager : Event: ======'battle_advance'====== Args={'count': 2, 'remaining': -2}
2020-04-04 13:21:17,521 : INFO : SwitchController : <<<<<<< 's_drop_target' inactive >>>>>>>
2020-04-04 13:21:17,522 : INFO : EventManager : Event: ======'drop_target_citadel_drop_target_up'====== Args={'device': <drop_target.citadel_drop_target>}
2020-04-04 13:21:17,927 : INFO : SwitchController : <<<<<<< 's_drop_target' active >>>>>>>
2020-04-04 13:21:17,927 : INFO : EventManager : Event: ======'s_drop_target_active'====== Args={}
2020-04-04 13:21:17,927 : INFO : EventManager : Event: ======'drop_target_citadel_drop_target_down'====== Args={'device': <drop_target.citadel_drop_target>}
2020-04-04 13:21:17,927 : INFO : EventManager : Event: ======'machine_var_audits_switches_s_drop_target'====== Args={'value': 285, 'prev_value': 284, 'change': 1}
2020-04-04 13:21:17,928 : INFO : EventManager : Event: ======'logicblock_battle_counter_updated'====== Args={'value': 1, 'enabled': True}
2020-04-04 13:21:17,928 : INFO : EventManager : Event: ======'battle_advance'====== Args={'count': 1, 'remaining': -1}
2020-04-04 13:21:17,984 : INFO : SwitchController : <<<<<<< 's_drop_target' inactive >>>>>>>
2020-04-04 13:21:17,985 : INFO : EventManager : Event: ======'drop_target_citadel_drop_target_up'====== Args={'device': <drop_target.citadel_drop_target>}
2020-04-04 13:21:18,370 : INFO : SwitchController : <<<<<<< 's_drop_target' active >>>>>>>
2020-04-04 13:21:18,371 : INFO : EventManager : Event: ======'s_drop_target_active'====== Args={}
2020-04-04 13:21:18,371 : INFO : EventManager : Event: ======'drop_target_citadel_drop_target_down'====== Args={'device': <drop_target.citadel_drop_target>}
2020-04-04 13:21:18,371 : INFO : EventManager : Event: ======'machine_var_audits_switches_s_drop_target'====== Args={'value': 286, 'prev_value': 285, 'change': 1}
2020-04-04 13:21:18,372 : INFO : EventManager : Event: ======'logicblock_battle_counter_updated'====== Args={'value': 0, 'enabled': True}
2020-04-04 13:21:18,372 : INFO : EventManager : Event: ======'battle_advance'====== Args={'count': 0, 'remaining': 0}
2020-04-04 13:21:18,372 : INFO : EventManager : Event: ======'battle_will_ready'====== Args={}
2020-04-04 13:21:18,372 : INFO : EventManager : Event: ======'logicblock_battle_counter_updated'====== Args={'value': 0, 'enabled': False}
2020-04-04 13:21:18,372 : INFO : EventManager : Event: ======'enable_citadel_magnet'====== Args={'priority': 0}
2020-04-04 13:21:18,373 : INFO : EventManager : Event: ======'disable_drop_target'====== Args={'priority': 0}
2020-04-04 13:21:18,373 : INFO : EventManager : Event: ======'drop_target_knockdown'====== Args={'priority': 0}
2020-04-04 13:21:18,373 : INFO : coil.c_drop_target_reset : Disabling Driver
2020-04-04 13:21:18,438 : INFO : SwitchController : <<<<<<< 's_drop_target' inactive >>>>>>>
2020-04-04 13:21:18,438 : INFO : EventManager : Event: ======'drop_target_citadel_drop_target_up'====== Args={'device': <drop_target.citadel_drop_target>}
2020-04-04 13:21:19,413 : INFO : SwitchController : <<<<<<< 's_citadel_lock' active >>>>>>>
2020-04-04 13:21:19,413 : INFO : EventManager : Event: ======'s_citadel_lock_active'====== Args={}
2020-04-04 13:21:19,414 : INFO : coil.c_citadel_magnet : Enabling Driver with power 0.375 (pulse_ms 100ms and pulse_power 1.0)
2020-04-04 13:21:19,414 : INFO : EventManager : Event: ======'magnet_citadel_magnet_grabbing_ball'====== Args={}
2020-04-04 13:21:19,414 : INFO : EventManager : Event: ======'machine_var_audits_switches_s_citadel_lock'====== Args={'value': 50, 'prev_value': 49, 'change': 1}
2020-04-04 13:21:19,415 : INFO : EventManager : Event: ======'start_battle'====== Args={'priority': 0}
2020-04-04 13:21:19,415 : INFO : EventManager : Event: ======'mode_battle_will_start'====== Args={'priority': 0}
2020-04-04 13:21:19,416 : INFO : EventManager : Event: ======'devstrike_above'====== Args={}
2020-04-04 13:21:19,417 : INFO : EventManager : Event: ======'mode_battle_starting'====== Args={'priority': 0}
2020-04-04 13:21:19,418 : INFO : EventManager : Event: ======'balls_in_play'====== Args={'balls': 3}
2020-04-04 13:21:19,418 : INFO : EventManager : Event: ======'balldevice_balls_available'====== Args={}
2020-04-04 13:21:19,418 : INFO : EventManager : Event: ======'balldevice_balls_available'====== Args={}
2020-04-04 13:21:19,418 : INFO : EventManager : Event: ======'multiball_battle_multiball_started'====== Args={'balls': 3}
2020-04-04 13:21:19,419 : INFO : EventManager : Event: ======'activate_multiball'====== Args={'priority': 0}
2020-04-04 13:21:19,419 : INFO : EventManager : Event: ======'main_state_stopped'====== Args={}
2020-04-04 13:21:19,420 : INFO : EventManager : Event: ======'multiball_state'====== Args={}
2020-04-04 13:21:19,421 : INFO : EventManager : Event: ======'multiball_active'====== Args={}
2020-04-04 13:21:19,421 : INFO : EventManager : Event: ======'mode_value_manager_will_stop'====== Args={}
2020-04-04 13:21:19,421 : INFO : EventManager : Event: ======'mode_value_manager_stopping'====== Args={}
2020-04-04 13:21:19,421 : INFO : EventManager : Event: ======'mode_mode_lit_will_stop'====== Args={}
2020-04-04 13:21:19,421 : INFO : EventManager : Event: ======'mode_mode_lit_stopping'====== Args={}
2020-04-04 13:21:19,421 : INFO : EventManager : Event: ======'mode_battle_manager_will_stop'====== Args={}
2020-04-04 13:21:19,422 : INFO : EventManager : Event: ======'mode_battle_manager_stopping'====== Args={}
2020-04-04 13:21:19,422 : INFO : EventManager : Event: ======'mode_hc_lock_lit_will_stop'====== Args={}
2020-04-04 13:21:19,422 : INFO : EventManager : Event: ======'mode_hc_lock_lit_stopping'====== Args={}
2020-04-04 13:21:19,422 : INFO : Mode.hc_lock_lit : Stopped.
2020-04-04 13:21:19,423 : INFO : EventManager : Event: ======'mode_hc_lock_lit_stopped'====== Args={}
2020-04-04 13:21:19,423 : INFO : EventManager : Event: ======'clear'====== Args={'key': 'hc_lock_lit'}
2020-04-04 13:21:19,424 : INFO : Mode.battle_manager : Stopped.
2020-04-04 13:21:19,424 : INFO : EventManager : Event: ======'mode_battle_manager_stopped'====== Args={}
2020-04-04 13:21:19,424 : INFO : EventManager : Event: ======'clear'====== Args={'key': 'battle_manager'}
2020-04-04 13:21:19,425 : INFO : EventManager : Event: ======'multiball_battle_multiball_shoot_again_ended'====== Args={}
2020-04-04 13:21:19,425 : INFO : Mode.mode_lit : Stopped.
2020-04-04 13:21:19,425 : INFO : EventManager : Event: ======'mode_mode_lit_stopped'====== Args={}
2020-04-04 13:21:19,426 : INFO : EventManager : Event: ======'clear'====== Args={'key': 'mode_lit'}
2020-04-04 13:21:19,426 : INFO : Mode.value_manager : Stopped.
2020-04-04 13:21:19,427 : INFO : EventManager : Event: ======'mode_value_manager_stopped'====== Args={}
2020-04-04 13:21:19,427 : INFO : EventManager : Event: ======'clear'====== Args={'key': 'value_manager'}
2020-04-04 13:21:19,463 : INFO : EventManager : Event: ======'logicblock_citadel_load_counter_updated'====== Args={'value': 0, 'enabled': True}
2020-04-04 13:21:19,463 : INFO : EventManager : Event: ======'logicblock_torpedo_load_counter_updated'====== Args={'value': 0, 'enabled': True}
2020-04-04 13:21:19,463 : INFO : EventManager : Event: ======'logicblock_citadel_load_counter_updated'====== Args={'value': 0, 'enabled': True}
2020-04-04 13:21:19,464 : INFO : EventManager : Event: ======'logicblock_torpedo_load_counter_updated'====== Args={'value': 0, 'enabled': True}
2020-04-04 13:21:19,464 : INFO : Mode.battle : Started. Priority: 300
2020-04-04 13:21:19,464 : INFO : EventManager : Event: ======'mode_battle_started'====== Args={'priority': 0}
2020-04-04 13:21:19,464 : INFO : EventManager : Event: ======'deal_dmg'====== Args={'priority': 0}
2020-04-04 13:21:19,465 : INFO : EventManager : Event: ======'player_ship_hp'====== Args={'value': 100, 'prev_value': 0, 'change': 100, 'player_num': 1}
2020-04-04 13:21:19,465 : INFO : EventManager : Event: ======'player_devstrike_active'====== Args={'value': 0, 'prev_value': 0, 'change': 0, 'player_num': 1}
2020-04-04 13:21:19,465 : INFO : EventManager : Event: ======'player_showshiphp'====== Args={'value': 100, 'prev_value': 0, 'change': 100, 'player_num': 1}
2020-04-04 13:21:19,493 : INFO : EventManager : Event: ======'balldevice_bd_trough_ball_eject_attempt'====== Args={'balls': 1, 'target': <ball_device.bd_plunger>, 'source': <ball_device.bd_trough>, 'mechanical_eject': False, 'num_attempts': 0}
2020-04-04 13:21:19,494 : INFO : ball_device.bd_trough : Ejecting ball to <ball_device.bd_plunger>
2020-04-04 13:21:19,494 : INFO : EventManager : Event: ======'balldevice_bd_trough_ejecting_ball'====== Args={'balls': 1, 'target': <ball_device.bd_plunger>, 'source': <ball_device.bd_trough>, 'mechanical_eject': False, 'num_attempts': 0}
2020-04-04 13:21:19,495 : INFO : coil.c_trough_eject : Pulsing Driver for 20ms (1.0 pulse_power)
2020-04-04 13:21:19,495 : INFO : SwitchController : <<<<<<< 's_trough2' inactive >>>>>>>
2020-04-04 13:21:19,545 : INFO : SwitchController : <<<<<<< 's_citadel_lock' inactive >>>>>>>
2020-04-04 13:21:19,591 : INFO : SwitchController : <<<<<<< 's_plunger' active >>>>>>>
2020-04-04 13:21:19,591 : INFO : EventManager : Event: ======'machine_var_audits_switches_s_plunger'====== Args={'value': 779, 'prev_value': 778, 'change': 1}
2020-04-04 13:21:19,602 : INFO : Machine : Shutting down...
2020-04-04 13:21:19,602 : INFO : EventManager : Event: ======'shutdown'====== Args={}
2020-04-04 13:21:19,604 : INFO : root : MPF run loop ended.
