2020-07-08 16:24:56,408 : kivy : Factory: 184 symbols loaded
2020-07-08 16:24:56,509 : kivy : ImageLoaderFFPy: Using ffpyplayer 4.3.1
2020-07-08 16:24:56,510 : kivy : Image: Providers: img_tex, img_dds, img_sdl2, img_pil, img_ffpyplayer, img_gif 
2020-07-08 16:24:56,554 : kivy : VideoGstplayer: Using Gstreamer 1.16.0.0
2020-07-08 16:24:56,554 : kivy : Video: Provider: gstplayer
2020-07-08 16:24:56,620 : kivy : Loading MPF-MC controller
2020-07-08 16:24:56,622 : YamlMultifileConfigLoader : Machine config file #1: config
2020-07-08 16:24:56,623 : ConfigProcessor : Config file in cache changed: E:\MPF\wows\wows\config\config
2020-07-08 16:24:56,623 : ConfigProcessor : Loading config from file c:\users\schol\appdata\local\programs\python\python36\lib\site-packages\mpfmc\mcconfig.yaml.
2020-07-08 16:24:56,660 : ConfigProcessor : Loading config: c:\users\schol\appdata\local\programs\python\python36\lib\site-packages\mpfmc\mcconfig.yaml
2020-07-08 16:24:56,660 : ConfigProcessor : Loading config from file E:\MPF\wows\wows\config\config.
2020-07-08 16:24:56,818 : ConfigProcessor : Loading config: E:\MPF\wows\wows\config\config
2020-07-08 16:24:56,821 : ConfigProcessor : Config file cache created: C:\Users\schol\AppData\Local\Temp\051200dc57c22661ccd061bb2017f3a6.mpf_cache
2020-07-08 16:24:56,821 : ConfigProcessor : Loading config from cache: C:\Users\schol\AppData\Local\Temp\d7d60495530237b374578b281bb65f31.mpf_cache
2020-07-08 16:24:56,822 : ConfigProcessor : Loading config from cache: C:\Users\schol\AppData\Local\Temp\cd9adc04f71a18563c8a43d82180f6f2.mpf_cache
2020-07-08 16:24:56,822 : ConfigProcessor : Loading config from cache: C:\Users\schol\AppData\Local\Temp\d7d60495530237b374578b281bb65f31.mpf_cache
2020-07-08 16:24:56,823 : ConfigProcessor : Loading config from cache: C:\Users\schol\AppData\Local\Temp\4bea832e3562a43fbe38f9764d71c298.mpf_cache
2020-07-08 16:24:56,823 : ConfigProcessor : Config file in cache changed: E:\MPF\wows\wows\modes\match\config\match.yaml
2020-07-08 16:24:56,823 : ConfigProcessor : Loading config from file c:\users\schol\appdata\local\programs\python\python36\lib\site-packages\mpf\modes\match\config\match.yaml.
2020-07-08 16:24:56,825 : ConfigProcessor : Loading config: c:\users\schol\appdata\local\programs\python\python36\lib\site-packages\mpf\modes\match\config\match.yaml
2020-07-08 16:24:56,825 : ConfigProcessor : Loading config from file E:\MPF\wows\wows\modes\match\config\match.yaml.
