2020-07-31 16:27:39,773 : INFO : root : Loading config.
2020-07-31 16:27:40,129 : INFO : ConfigProcessor : Config spec file cache created: C:\Users\schol\AppData\Local\Temp\config_spec.mpf_cache
2020-07-31 16:27:40,130 : INFO : YamlMultifileConfigLoader : Machine config file #1: config.yaml
2020-07-31 16:27:40,132 : INFO : ConfigProcessor : Loading config from cache: C:\Users\schol\AppData\Local\Temp\1ed54315bc874a19390ba34e1a0f1800.mpf_cache
2020-07-31 16:27:40,139 : WARNING : ConfigProcessor : Config file in cache changed: E:\MPF\wows\wows\config\config_hc_support.yaml
2020-07-31 16:27:40,139 : INFO : ConfigProcessor : Loading config from file c:\users\schol\appdata\local\programs\python\python36\lib\site-packages\mpf\mpfconfig.yaml.
2020-07-31 16:27:40,211 : INFO : ConfigProcessor : Loading config: c:\users\schol\appdata\local\programs\python\python36\lib\site-packages\mpf\mpfconfig.yaml
2020-07-31 16:27:40,212 : INFO : ConfigProcessor : Loading config from file E:\MPF\wows\wows\config\config.yaml.
2020-07-31 16:27:40,409 : INFO : ConfigProcessor : Loading config: E:\MPF\wows\wows\config\config.yaml
2020-07-31 16:27:40,590 : INFO : ConfigProcessor : Loading config: E:\MPF\wows\wows\config\config_mode_support.yaml
2020-07-31 16:27:40,598 : INFO : ConfigProcessor : Loading config: E:\MPF\wows\wows\config\config_hc_support.yaml
2020-07-31 16:27:40,604 : INFO : ConfigProcessor : Config file cache created: C:\Users\schol\AppData\Local\Temp\1ed54315bc874a19390ba34e1a0f1800.mpf_cache
2020-07-31 16:27:40,727 : INFO : ConfigProcessor : Loading config from cache: C:\Users\schol\AppData\Local\Temp\d7d60495530237b374578b281bb65f31.mpf_cache
2020-07-31 16:27:40,732 : INFO : ConfigProcessor : Loading config from cache: C:\Users\schol\AppData\Local\Temp\cd9adc04f71a18563c8a43d82180f6f2.mpf_cache
2020-07-31 16:27:40,737 : INFO : ConfigProcessor : Loading config from cache: C:\Users\schol\AppData\Local\Temp\d7d60495530237b374578b281bb65f31.mpf_cache
2020-07-31 16:27:40,738 : WARNING : ConfigProcessor : Cache file not found: C:\Users\schol\AppData\Local\Temp\4bea832e3562a43fbe38f9764d71c298.mpf_cache
2020-07-31 16:27:40,738 : INFO : ConfigProcessor : Loading config from file c:\users\schol\appdata\local\programs\python\python36\lib\site-packages\mpf\modes\high_score\config\high_score.yaml.
2020-07-31 16:27:40,757 : INFO : ConfigProcessor : Loading config: c:\users\schol\appdata\local\programs\python\python36\lib\site-packages\mpf\modes\high_score\config\high_score.yaml
2020-07-31 16:27:40,757 : INFO : ConfigProcessor : Loading config from file E:\MPF\wows\wows\modes\high_score\config\high_score.yaml.
2020-07-31 16:27:40,793 : INFO : ConfigProcessor : Loading config: E:\MPF\wows\wows\modes\high_score\config\high_score.yaml
2020-07-31 16:27:40,793 : INFO : ConfigProcessor : Config file cache created: C:\Users\schol\AppData\Local\Temp\4bea832e3562a43fbe38f9764d71c298.mpf_cache
2020-07-31 16:27:40,794 : INFO : ConfigProcessor : Loading config from cache: C:\Users\schol\AppData\Local\Temp\45b3b9aa5591eaef8a230445e70fa468.mpf_cache
2020-07-31 16:27:40,799 : WARNING : ConfigProcessor : Cache file not found: C:\Users\schol\AppData\Local\Temp\dec453850496132f8dddcdfa0a36feb5.mpf_cache
2020-07-31 16:27:40,799 : INFO : ConfigProcessor : Loading config from file E:\MPF\wows\wows\modes\base\config\base.yaml.
2020-07-31 16:27:40,818 : INFO : ConfigProcessor : Loading config: E:\MPF\wows\wows\modes\base\config\base.yaml
2020-07-31 16:27:40,819 : INFO : ConfigProcessor : Config file cache created: C:\Users\schol\AppData\Local\Temp\dec453850496132f8dddcdfa0a36feb5.mpf_cache
2020-07-31 16:27:40,819 : WARNING : ConfigProcessor : Cache file not found: C:\Users\schol\AppData\Local\Temp\72e9fea1cb562e40024eb5e8538ccaf2.mpf_cache
2020-07-31 16:27:40,819 : INFO : ConfigProcessor : Loading config from file E:\MPF\wows\wows\modes\mode_lit\config\mode_lit.yaml.
2020-07-31 16:27:40,848 : INFO : ConfigProcessor : Loading config: E:\MPF\wows\wows\modes\mode_lit\config\mode_lit.yaml
2020-07-31 16:27:40,848 : INFO : ConfigProcessor : Config file cache created: C:\Users\schol\AppData\Local\Temp\72e9fea1cb562e40024eb5e8538ccaf2.mpf_cache
2020-07-31 16:27:40,849 : WARNING : ConfigProcessor : Cache file not found: C:\Users\schol\AppData\Local\Temp\1ff29be1d22fb14fe5fd1c82a6918df4.mpf_cache
2020-07-31 16:27:40,849 : INFO : ConfigProcessor : Loading config from file E:\MPF\wows\wows\modes\mode_1\config\mode_1.yaml.
2020-07-31 16:27:40,873 : INFO : ConfigProcessor : Loading config: E:\MPF\wows\wows\modes\mode_1\config\mode_1.yaml
2020-07-31 16:27:40,873 : INFO : ConfigProcessor : Config file cache created: C:\Users\schol\AppData\Local\Temp\1ff29be1d22fb14fe5fd1c82a6918df4.mpf_cache
2020-07-31 16:27:40,874 : WARNING : ConfigProcessor : Cache file not found: C:\Users\schol\AppData\Local\Temp\f0ffd5ecaddfe34035bf3b1779215a88.mpf_cache
2020-07-31 16:27:40,874 : INFO : ConfigProcessor : Loading config from file E:\MPF\wows\wows\modes\mode_2\config\mode_2.yaml.
2020-07-31 16:27:40,917 : INFO : ConfigProcessor : Loading config: E:\MPF\wows\wows\modes\mode_2\config\mode_2.yaml
2020-07-31 16:27:40,918 : INFO : ConfigProcessor : Config file cache created: C:\Users\schol\AppData\Local\Temp\f0ffd5ecaddfe34035bf3b1779215a88.mpf_cache
2020-07-31 16:27:40,919 : WARNING : ConfigProcessor : Cache file not found: C:\Users\schol\AppData\Local\Temp\b0de444617e3bf30a07f755a6d4831cc.mpf_cache
2020-07-31 16:27:40,919 : INFO : ConfigProcessor : Loading config from file E:\MPF\wows\wows\modes\mode_3\config\mode_3.yaml.
2020-07-31 16:27:40,940 : INFO : ConfigProcessor : Loading config: E:\MPF\wows\wows\modes\mode_3\config\mode_3.yaml
2020-07-31 16:27:40,941 : INFO : ConfigProcessor : Config file cache created: C:\Users\schol\AppData\Local\Temp\b0de444617e3bf30a07f755a6d4831cc.mpf_cache
2020-07-31 16:27:40,941 : WARNING : ConfigProcessor : Cache file not found: C:\Users\schol\AppData\Local\Temp\200a9b2dddbe7706ffb4c4426b6d54a8.mpf_cache
2020-07-31 16:27:40,941 : INFO : ConfigProcessor : Loading config from file E:\MPF\wows\wows\modes\mode_4\config\mode_4.yaml.
2020-07-31 16:27:40,949 : INFO : ConfigProcessor : Loading config: E:\MPF\wows\wows\modes\mode_4\config\mode_4.yaml
2020-07-31 16:27:40,950 : INFO : ConfigProcessor : Config file cache created: C:\Users\schol\AppData\Local\Temp\200a9b2dddbe7706ffb4c4426b6d54a8.mpf_cache
2020-07-31 16:27:40,950 : INFO : ConfigProcessor : Loading config from cache: C:\Users\schol\AppData\Local\Temp\5ab98d4be1e8de85bea62364890eb2e9.mpf_cache
2020-07-31 16:27:40,955 : INFO : ConfigProcessor : Loading config from cache: C:\Users\schol\AppData\Local\Temp\4303dca7489148da2d256fc831cf8c96.mpf_cache
2020-07-31 16:27:40,960 : INFO : ConfigProcessor : Loading config from cache: C:\Users\schol\AppData\Local\Temp\e8fceecd8f65a6a7269e98c7961bbf6a.mpf_cache
2020-07-31 16:27:40,965 : INFO : ConfigProcessor : Loading config from cache: C:\Users\schol\AppData\Local\Temp\c84d6d08bf6f923cbcccfeeea02d2c8a.mpf_cache
2020-07-31 16:27:40,969 : INFO : ConfigProcessor : Loading config from cache: C:\Users\schol\AppData\Local\Temp\159a0b7ffc6de2ed1a8cdcd57b7df3c0.mpf_cache
2020-07-31 16:27:40,974 : INFO : ConfigProcessor : Loading config from cache: C:\Users\schol\AppData\Local\Temp\b1234e2c44a33609dc2af4760c4a3f89.mpf_cache
2020-07-31 16:27:40,980 : INFO : ConfigProcessor : Loading config from cache: C:\Users\schol\AppData\Local\Temp\466eddfec572894d9eb472ce07aa5fba.mpf_cache
2020-07-31 16:27:40,984 : INFO : ConfigProcessor : Loading config from cache: C:\Users\schol\AppData\Local\Temp\93429a2a8e0859f6546b68f40c2a4656.mpf_cache
2020-07-31 16:27:40,989 : WARNING : ConfigProcessor : Cache file not found: C:\Users\schol\AppData\Local\Temp\95ae88fb094583fa2b4097c6df179650.mpf_cache
2020-07-31 16:27:40,989 : INFO : ConfigProcessor : Loading config from file E:\MPF\wows\wows\modes\hc_lock_lit\config\hc_lock_lit.yaml.
2020-07-31 16:27:41,004 : INFO : ConfigProcessor : Loading config: E:\MPF\wows\wows\modes\hc_lock_lit\config\hc_lock_lit.yaml
2020-07-31 16:27:41,004 : INFO : ConfigProcessor : Config file cache created: C:\Users\schol\AppData\Local\Temp\95ae88fb094583fa2b4097c6df179650.mpf_cache
2020-07-31 16:27:41,005 : INFO : ConfigProcessor : Loading config from cache: C:\Users\schol\AppData\Local\Temp\de2d3fc178b15ce3807fa4ab35b9c965.mpf_cache
2020-07-31 16:27:41,011 : WARNING : ConfigProcessor : Cache file not found: C:\Users\schol\AppData\Local\Temp\0c80ca2179989d09b86c78c19ec87d9b.mpf_cache
2020-07-31 16:27:41,011 : INFO : ConfigProcessor : Loading config from file E:\MPF\wows\wows\modes\hc_multiball_super\config\hc_multiball_super.yaml.
2020-07-31 16:27:41,029 : INFO : ConfigProcessor : Loading config: E:\MPF\wows\wows\modes\hc_multiball_super\config\hc_multiball_super.yaml
2020-07-31 16:27:41,029 : INFO : ConfigProcessor : Config file cache created: C:\Users\schol\AppData\Local\Temp\0c80ca2179989d09b86c78c19ec87d9b.mpf_cache
2020-07-31 16:27:41,030 : WARNING : ConfigProcessor : Cache file not found: C:\Users\schol\AppData\Local\Temp\95e265efe14e4eb05d8d5c5689c9ae6b.mpf_cache
2020-07-31 16:27:41,030 : INFO : ConfigProcessor : Loading config from file E:\MPF\wows\wows\modes\confederate\config\confederate.yaml.
2020-07-31 16:27:41,050 : INFO : ConfigProcessor : Loading config: E:\MPF\wows\wows\modes\confederate\config\confederate.yaml
2020-07-31 16:27:41,050 : INFO : ConfigProcessor : Config file cache created: C:\Users\schol\AppData\Local\Temp\95e265efe14e4eb05d8d5c5689c9ae6b.mpf_cache
2020-07-31 16:27:41,051 : WARNING : ConfigProcessor : Cache file not found: C:\Users\schol\AppData\Local\Temp\ba047bbdc168fca96d58d351c4240916.mpf_cache
2020-07-31 16:27:41,051 : INFO : ConfigProcessor : Loading config from file E:\MPF\wows\wows\modes\battle\config\battle.yaml.
2020-07-31 16:27:41,132 : INFO : ConfigProcessor : Loading config: E:\MPF\wows\wows\modes\battle\config\battle.yaml
2020-07-31 16:27:41,133 : INFO : ConfigProcessor : Config file cache created: C:\Users\schol\AppData\Local\Temp\ba047bbdc168fca96d58d351c4240916.mpf_cache
2020-07-31 16:27:41,133 : WARNING : ConfigProcessor : Cache file not found: C:\Users\schol\AppData\Local\Temp\7c1900736275ba8a713cfe77e991e929.mpf_cache
2020-07-31 16:27:41,134 : INFO : ConfigProcessor : Loading config from file E:\MPF\wows\wows\modes\battle_manager\config\battle_manager.yaml.
2020-07-31 16:27:41,146 : INFO : ConfigProcessor : Loading config: E:\MPF\wows\wows\modes\battle_manager\config\battle_manager.yaml
2020-07-31 16:27:41,146 : INFO : ConfigProcessor : Config file cache created: C:\Users\schol\AppData\Local\Temp\7c1900736275ba8a713cfe77e991e929.mpf_cache
2020-07-31 16:27:41,147 : WARNING : ConfigProcessor : Cache file not found: C:\Users\schol\AppData\Local\Temp\db3d1ab92e5d5c563b40d82372434517.mpf_cache
2020-07-31 16:27:41,147 : INFO : ConfigProcessor : Loading config from file E:\MPF\wows\wows\modes\detonation\config\detonation.yaml.
2020-07-31 16:27:41,169 : INFO : ConfigProcessor : Loading config: E:\MPF\wows\wows\modes\detonation\config\detonation.yaml
2020-07-31 16:27:41,169 : INFO : ConfigProcessor : Config file cache created: C:\Users\schol\AppData\Local\Temp\db3d1ab92e5d5c563b40d82372434517.mpf_cache
2020-07-31 16:27:41,170 : INFO : ConfigProcessor : Loading config from cache: C:\Users\schol\AppData\Local\Temp\efcf079e5af2b94e88dae4e07273acc8.mpf_cache
2020-07-31 16:27:41,174 : WARNING : ConfigProcessor : Cache file not found: C:\Users\schol\AppData\Local\Temp\6d62665f0d27f04673542af594d4fd9b.mpf_cache
2020-07-31 16:27:41,174 : INFO : ConfigProcessor : Loading config from file E:\MPF\wows\wows\shows\.\mode_countdown.yaml.
2020-07-31 16:27:41,182 : INFO : ConfigProcessor : Loading config: E:\MPF\wows\wows\shows\.\mode_countdown.yaml
2020-07-31 16:27:41,182 : INFO : ConfigProcessor : Config file cache created: C:\Users\schol\AppData\Local\Temp\6d62665f0d27f04673542af594d4fd9b.mpf_cache
2020-07-31 16:27:41,182 : WARNING : ConfigProcessor : Cache file not found: C:\Users\schol\AppData\Local\Temp\ff8f94bde3fa94916ad1b7409fed77bd.mpf_cache
2020-07-31 16:27:41,182 : INFO : ConfigProcessor : Loading config from file E:\MPF\wows\wows\shows\.\sh_attract.yaml.
2020-07-31 16:27:41,300 : INFO : ConfigProcessor : Loading config: E:\MPF\wows\wows\shows\.\sh_attract.yaml
2020-07-31 16:27:41,300 : INFO : ConfigProcessor : Config file cache created: C:\Users\schol\AppData\Local\Temp\ff8f94bde3fa94916ad1b7409fed77bd.mpf_cache
2020-07-31 16:27:41,301 : WARNING : ConfigProcessor : Cache file not found: C:\Users\schol\AppData\Local\Temp\804b9a1ad2b0368c8378a1697de79431.mpf_cache
2020-07-31 16:27:41,301 : INFO : ConfigProcessor : Loading config from file E:\MPF\wows\wows\shows\.\sh_container_ball.yaml.
2020-07-31 16:27:41,307 : INFO : ConfigProcessor : Loading config: E:\MPF\wows\wows\shows\.\sh_container_ball.yaml
2020-07-31 16:27:41,307 : INFO : ConfigProcessor : Config file cache created: C:\Users\schol\AppData\Local\Temp\804b9a1ad2b0368c8378a1697de79431.mpf_cache
2020-07-31 16:27:41,308 : WARNING : ConfigProcessor : Cache file not found: C:\Users\schol\AppData\Local\Temp\3f05176740ce9b1ce630d9f26057f472.mpf_cache
2020-07-31 16:27:41,308 : INFO : ConfigProcessor : Loading config from file E:\MPF\wows\wows\shows\.\sh_container_dmg.yaml.
2020-07-31 16:27:41,314 : INFO : ConfigProcessor : Loading config: E:\MPF\wows\wows\shows\.\sh_container_dmg.yaml
2020-07-31 16:27:41,314 : INFO : ConfigProcessor : Config file cache created: C:\Users\schol\AppData\Local\Temp\3f05176740ce9b1ce630d9f26057f472.mpf_cache
2020-07-31 16:27:41,315 : WARNING : ConfigProcessor : Cache file not found: C:\Users\schol\AppData\Local\Temp\d75c6855c6bfc342a42171d44ee55d0f.mpf_cache
2020-07-31 16:27:41,315 : INFO : ConfigProcessor : Loading config from file E:\MPF\wows\wows\shows\.\sh_container_jet.yaml.
2020-07-31 16:27:41,321 : INFO : ConfigProcessor : Loading config: E:\MPF\wows\wows\shows\.\sh_container_jet.yaml
2020-07-31 16:27:41,322 : INFO : ConfigProcessor : Config file cache created: C:\Users\schol\AppData\Local\Temp\d75c6855c6bfc342a42171d44ee55d0f.mpf_cache
2020-07-31 16:27:41,322 : WARNING : ConfigProcessor : Cache file not found: C:\Users\schol\AppData\Local\Temp\add867c5df761e1504adb97d6f9bf236.mpf_cache
2020-07-31 16:27:41,322 : INFO : ConfigProcessor : Loading config from file E:\MPF\wows\wows\shows\.\sh_container_time.yaml.
2020-07-31 16:27:41,328 : INFO : ConfigProcessor : Loading config: E:\MPF\wows\wows\shows\.\sh_container_time.yaml
2020-07-31 16:27:41,329 : INFO : ConfigProcessor : Config file cache created: C:\Users\schol\AppData\Local\Temp\add867c5df761e1504adb97d6f9bf236.mpf_cache
2020-07-31 16:27:41,329 : WARNING : ConfigProcessor : Cache file not found: C:\Users\schol\AppData\Local\Temp\c03af884f77fd2edff48f1f1b29a0001.mpf_cache
2020-07-31 16:27:41,329 : INFO : ConfigProcessor : Loading config from file E:\MPF\wows\wows\shows\.\sh_container_x.yaml.
2020-07-31 16:27:41,335 : INFO : ConfigProcessor : Loading config: E:\MPF\wows\wows\shows\.\sh_container_x.yaml
2020-07-31 16:27:41,336 : INFO : ConfigProcessor : Config file cache created: C:\Users\schol\AppData\Local\Temp\c03af884f77fd2edff48f1f1b29a0001.mpf_cache
2020-07-31 16:27:41,336 : WARNING : ConfigProcessor : Cache file not found: C:\Users\schol\AppData\Local\Temp\125cf4d7d8d0f7b14ac4e9b5c5fc6dd9.mpf_cache
2020-07-31 16:27:41,336 : INFO : ConfigProcessor : Loading config from file E:\MPF\wows\wows\shows\.\sh_container_xp.yaml.
2020-07-31 16:27:41,342 : INFO : ConfigProcessor : Loading config: E:\MPF\wows\wows\shows\.\sh_container_xp.yaml
2020-07-31 16:27:41,343 : INFO : ConfigProcessor : Config file cache created: C:\Users\schol\AppData\Local\Temp\125cf4d7d8d0f7b14ac4e9b5c5fc6dd9.mpf_cache
2020-07-31 16:27:41,343 : WARNING : ConfigProcessor : Cache file not found: C:\Users\schol\AppData\Local\Temp\e98bbe1017594ac8f5dc55070bdaec1b.mpf_cache
2020-07-31 16:27:41,343 : INFO : ConfigProcessor : Loading config from file E:\MPF\wows\wows\shows\.\sh_crew_highlight_de.yaml.
2020-07-31 16:27:41,349 : INFO : ConfigProcessor : Loading config: E:\MPF\wows\wows\shows\.\sh_crew_highlight_de.yaml
2020-07-31 16:27:41,349 : INFO : ConfigProcessor : Config file cache created: C:\Users\schol\AppData\Local\Temp\e98bbe1017594ac8f5dc55070bdaec1b.mpf_cache
2020-07-31 16:27:41,350 : WARNING : ConfigProcessor : Cache file not found: C:\Users\schol\AppData\Local\Temp\540f9a41a139edc7fb3c0d3fef764d79.mpf_cache
2020-07-31 16:27:41,350 : INFO : ConfigProcessor : Loading config from file E:\MPF\wows\wows\shows\.\sh_crew_highlight_fr.yaml.
2020-07-31 16:27:41,355 : INFO : ConfigProcessor : Loading config: E:\MPF\wows\wows\shows\.\sh_crew_highlight_fr.yaml
2020-07-31 16:27:41,356 : INFO : ConfigProcessor : Config file cache created: C:\Users\schol\AppData\Local\Temp\540f9a41a139edc7fb3c0d3fef764d79.mpf_cache
2020-07-31 16:27:41,356 : WARNING : ConfigProcessor : Cache file not found: C:\Users\schol\AppData\Local\Temp\66310f6b7da6aa9e1e12a092b4e5ea1e.mpf_cache
2020-07-31 16:27:41,356 : INFO : ConfigProcessor : Loading config from file E:\MPF\wows\wows\shows\.\sh_crew_highlight_it.yaml.
2020-07-31 16:27:41,362 : INFO : ConfigProcessor : Loading config: E:\MPF\wows\wows\shows\.\sh_crew_highlight_it.yaml
2020-07-31 16:27:41,362 : INFO : ConfigProcessor : Config file cache created: C:\Users\schol\AppData\Local\Temp\66310f6b7da6aa9e1e12a092b4e5ea1e.mpf_cache
2020-07-31 16:27:41,363 : WARNING : ConfigProcessor : Cache file not found: C:\Users\schol\AppData\Local\Temp\e39b84c1f1807716ec310701a6bf0d73.mpf_cache
2020-07-31 16:27:41,363 : INFO : ConfigProcessor : Loading config from file E:\MPF\wows\wows\shows\.\sh_crew_highlight_ja.yaml.
2020-07-31 16:27:41,368 : INFO : ConfigProcessor : Loading config: E:\MPF\wows\wows\shows\.\sh_crew_highlight_ja.yaml
2020-07-31 16:27:41,368 : INFO : ConfigProcessor : Config file cache created: C:\Users\schol\AppData\Local\Temp\e39b84c1f1807716ec310701a6bf0d73.mpf_cache
2020-07-31 16:27:41,369 : WARNING : ConfigProcessor : Cache file not found: C:\Users\schol\AppData\Local\Temp\a3a3c1b8b3198ac6ffa6b5064057ae07.mpf_cache
2020-07-31 16:27:41,369 : INFO : ConfigProcessor : Loading config from file E:\MPF\wows\wows\shows\.\sh_crew_highlight_ru.yaml.
2020-07-31 16:27:41,374 : INFO : ConfigProcessor : Loading config: E:\MPF\wows\wows\shows\.\sh_crew_highlight_ru.yaml
2020-07-31 16:27:41,375 : INFO : ConfigProcessor : Config file cache created: C:\Users\schol\AppData\Local\Temp\a3a3c1b8b3198ac6ffa6b5064057ae07.mpf_cache
2020-07-31 16:27:41,375 : WARNING : ConfigProcessor : Cache file not found: C:\Users\schol\AppData\Local\Temp\4eebc146e222c8d9b7fa4d2858e69ea1.mpf_cache
2020-07-31 16:27:41,375 : INFO : ConfigProcessor : Loading config from file E:\MPF\wows\wows\shows\.\sh_crew_highlight_uk.yaml.
2020-07-31 16:27:41,380 : INFO : ConfigProcessor : Loading config: E:\MPF\wows\wows\shows\.\sh_crew_highlight_uk.yaml
2020-07-31 16:27:41,381 : INFO : ConfigProcessor : Config file cache created: C:\Users\schol\AppData\Local\Temp\4eebc146e222c8d9b7fa4d2858e69ea1.mpf_cache
2020-07-31 16:27:41,381 : WARNING : ConfigProcessor : Cache file not found: C:\Users\schol\AppData\Local\Temp\e126248c44ebfdee710b05c2b7d5fe82.mpf_cache
2020-07-31 16:27:41,381 : INFO : ConfigProcessor : Loading config from file E:\MPF\wows\wows\shows\.\sh_crew_highlight_us.yaml.
2020-07-31 16:27:41,386 : INFO : ConfigProcessor : Loading config: E:\MPF\wows\wows\shows\.\sh_crew_highlight_us.yaml
2020-07-31 16:27:41,387 : INFO : ConfigProcessor : Config file cache created: C:\Users\schol\AppData\Local\Temp\e126248c44ebfdee710b05c2b7d5fe82.mpf_cache
2020-07-31 16:27:41,387 : WARNING : ConfigProcessor : Cache file not found: C:\Users\schol\AppData\Local\Temp\69ecee52b21d2a851426dcc7135d38ea.mpf_cache
2020-07-31 16:27:41,387 : INFO : ConfigProcessor : Loading config from file E:\MPF\wows\wows\shows\.\sh_double_jackpot_1.yaml.
2020-07-31 16:27:41,427 : INFO : ConfigProcessor : Loading config: E:\MPF\wows\wows\shows\.\sh_double_jackpot_1.yaml
2020-07-31 16:27:41,427 : INFO : ConfigProcessor : Config file cache created: C:\Users\schol\AppData\Local\Temp\69ecee52b21d2a851426dcc7135d38ea.mpf_cache
2020-07-31 16:27:41,427 : WARNING : ConfigProcessor : Cache file not found: C:\Users\schol\AppData\Local\Temp\56ece61e32d3cc2ed53dd325a47460b4.mpf_cache
2020-07-31 16:27:41,427 : INFO : ConfigProcessor : Loading config from file E:\MPF\wows\wows\shows\.\sh_double_jackpot_2.yaml.
2020-07-31 16:27:41,439 : INFO : ConfigProcessor : Loading config: E:\MPF\wows\wows\shows\.\sh_double_jackpot_2.yaml
2020-07-31 16:27:41,440 : INFO : ConfigProcessor : Config file cache created: C:\Users\schol\AppData\Local\Temp\56ece61e32d3cc2ed53dd325a47460b4.mpf_cache
2020-07-31 16:27:41,440 : WARNING : ConfigProcessor : Cache file not found: C:\Users\schol\AppData\Local\Temp\d0b1dbeaceec3deef73ab0fce07cd740.mpf_cache
2020-07-31 16:27:41,440 : INFO : ConfigProcessor : Loading config from file E:\MPF\wows\wows\shows\.\sh_double_jackpot_3.yaml.
2020-07-31 16:27:41,455 : INFO : ConfigProcessor : Loading config: E:\MPF\wows\wows\shows\.\sh_double_jackpot_3.yaml
2020-07-31 16:27:41,456 : INFO : ConfigProcessor : Config file cache created: C:\Users\schol\AppData\Local\Temp\d0b1dbeaceec3deef73ab0fce07cd740.mpf_cache
2020-07-31 16:27:41,456 : WARNING : ConfigProcessor : Cache file not found: C:\Users\schol\AppData\Local\Temp\3d3afc7fea552c2bae3e6e1d92aa1a26.mpf_cache
2020-07-31 16:27:41,456 : INFO : ConfigProcessor : Loading config from file E:\MPF\wows\wows\shows\.\sh_double_jackpot_4.yaml.
2020-07-31 16:27:41,492 : INFO : ConfigProcessor : Loading config: E:\MPF\wows\wows\shows\.\sh_double_jackpot_4.yaml
2020-07-31 16:27:41,492 : INFO : ConfigProcessor : Config file cache created: C:\Users\schol\AppData\Local\Temp\3d3afc7fea552c2bae3e6e1d92aa1a26.mpf_cache
2020-07-31 16:27:41,493 : WARNING : ConfigProcessor : Cache file not found: C:\Users\schol\AppData\Local\Temp\4bd243ad0d8c16d00a837306cf5c3d29.mpf_cache
2020-07-31 16:27:41,493 : INFO : ConfigProcessor : Loading config from file E:\MPF\wows\wows\shows\.\sh_double_jackpot_5.yaml.
2020-07-31 16:27:41,504 : INFO : ConfigProcessor : Loading config: E:\MPF\wows\wows\shows\.\sh_double_jackpot_5.yaml
2020-07-31 16:27:41,505 : INFO : ConfigProcessor : Config file cache created: C:\Users\schol\AppData\Local\Temp\4bd243ad0d8c16d00a837306cf5c3d29.mpf_cache
2020-07-31 16:27:41,505 : WARNING : ConfigProcessor : Cache file not found: C:\Users\schol\AppData\Local\Temp\7f312b640f6d5109d8d1be2a05f128e8.mpf_cache
2020-07-31 16:27:41,505 : INFO : ConfigProcessor : Loading config from file E:\MPF\wows\wows\shows\.\sh_double_jackpot_6.yaml.
2020-07-31 16:27:41,517 : INFO : ConfigProcessor : Loading config: E:\MPF\wows\wows\shows\.\sh_double_jackpot_6.yaml
2020-07-31 16:27:41,517 : INFO : ConfigProcessor : Config file cache created: C:\Users\schol\AppData\Local\Temp\7f312b640f6d5109d8d1be2a05f128e8.mpf_cache
2020-07-31 16:27:41,517 : WARNING : ConfigProcessor : Cache file not found: C:\Users\schol\AppData\Local\Temp\67980d6a57506cd4da44486112b91bec.mpf_cache
2020-07-31 16:27:41,518 : INFO : ConfigProcessor : Loading config from file E:\MPF\wows\wows\shows\.\sh_hc_crit_dmg.yaml.
2020-07-31 16:27:41,524 : INFO : ConfigProcessor : Loading config: E:\MPF\wows\wows\shows\.\sh_hc_crit_dmg.yaml
2020-07-31 16:27:41,524 : INFO : ConfigProcessor : Config file cache created: C:\Users\schol\AppData\Local\Temp\67980d6a57506cd4da44486112b91bec.mpf_cache
2020-07-31 16:27:41,525 : WARNING : ConfigProcessor : Cache file not found: C:\Users\schol\AppData\Local\Temp\9ec3c911ae7e15f7065133c529810f95.mpf_cache
2020-07-31 16:27:41,525 : INFO : ConfigProcessor : Loading config from file E:\MPF\wows\wows\shows\.\sh_hc_heavy_dmg.yaml.
2020-07-31 16:27:41,532 : INFO : ConfigProcessor : Loading config: E:\MPF\wows\wows\shows\.\sh_hc_heavy_dmg.yaml
2020-07-31 16:27:41,532 : INFO : ConfigProcessor : Config file cache created: C:\Users\schol\AppData\Local\Temp\9ec3c911ae7e15f7065133c529810f95.mpf_cache
2020-07-31 16:27:41,533 : WARNING : ConfigProcessor : Cache file not found: C:\Users\schol\AppData\Local\Temp\930069940b749f97f86d219b2ddeacf1.mpf_cache
2020-07-31 16:27:41,533 : INFO : ConfigProcessor : Loading config from file E:\MPF\wows\wows\shows\.\sh_jackpot_1.yaml.
2020-07-31 16:27:41,543 : INFO : ConfigProcessor : Loading config: E:\MPF\wows\wows\shows\.\sh_jackpot_1.yaml
2020-07-31 16:27:41,543 : INFO : ConfigProcessor : Config file cache created: C:\Users\schol\AppData\Local\Temp\930069940b749f97f86d219b2ddeacf1.mpf_cache
2020-07-31 16:27:41,544 : WARNING : ConfigProcessor : Cache file not found: C:\Users\schol\AppData\Local\Temp\650f26d6333e64d21657a8ef260f5acf.mpf_cache
2020-07-31 16:27:41,544 : INFO : ConfigProcessor : Loading config from file E:\MPF\wows\wows\shows\.\sh_jackpot_2.yaml.
2020-07-31 16:27:41,566 : INFO : ConfigProcessor : Loading config: E:\MPF\wows\wows\shows\.\sh_jackpot_2.yaml
2020-07-31 16:27:41,567 : INFO : ConfigProcessor : Config file cache created: C:\Users\schol\AppData\Local\Temp\650f26d6333e64d21657a8ef260f5acf.mpf_cache
2020-07-31 16:27:41,567 : WARNING : ConfigProcessor : Cache file not found: C:\Users\schol\AppData\Local\Temp\7fe69373349de136ea08d265848ee2de.mpf_cache
2020-07-31 16:27:41,567 : INFO : ConfigProcessor : Loading config from file E:\MPF\wows\wows\shows\.\sh_jackpot_3.yaml.
2020-07-31 16:27:41,579 : INFO : ConfigProcessor : Loading config: E:\MPF\wows\wows\shows\.\sh_jackpot_3.yaml
2020-07-31 16:27:41,579 : INFO : ConfigProcessor : Config file cache created: C:\Users\schol\AppData\Local\Temp\7fe69373349de136ea08d265848ee2de.mpf_cache
2020-07-31 16:27:41,580 : WARNING : ConfigProcessor : Cache file not found: C:\Users\schol\AppData\Local\Temp\24196d5bffa5766d9b4a62f9ae23e660.mpf_cache
2020-07-31 16:27:41,580 : INFO : ConfigProcessor : Loading config from file E:\MPF\wows\wows\shows\.\sh_jackpot_4.yaml.
2020-07-31 16:27:41,590 : INFO : ConfigProcessor : Loading config: E:\MPF\wows\wows\shows\.\sh_jackpot_4.yaml
2020-07-31 16:27:41,591 : INFO : ConfigProcessor : Config file cache created: C:\Users\schol\AppData\Local\Temp\24196d5bffa5766d9b4a62f9ae23e660.mpf_cache
2020-07-31 16:27:41,591 : WARNING : ConfigProcessor : Cache file not found: C:\Users\schol\AppData\Local\Temp\5f56171e4007003f2e0029bfa218d47c.mpf_cache
2020-07-31 16:27:41,591 : INFO : ConfigProcessor : Loading config from file E:\MPF\wows\wows\shows\.\sh_jackpot_5.yaml.
2020-07-31 16:27:41,605 : INFO : ConfigProcessor : Loading config: E:\MPF\wows\wows\shows\.\sh_jackpot_5.yaml
2020-07-31 16:27:41,605 : INFO : ConfigProcessor : Config file cache created: C:\Users\schol\AppData\Local\Temp\5f56171e4007003f2e0029bfa218d47c.mpf_cache
2020-07-31 16:27:41,605 : WARNING : ConfigProcessor : Cache file not found: C:\Users\schol\AppData\Local\Temp\9828dc3aacab1158f9e233d43cb3fe1f.mpf_cache
2020-07-31 16:27:41,606 : INFO : ConfigProcessor : Loading config from file E:\MPF\wows\wows\shows\.\sh_jackpot_6.yaml.
2020-07-31 16:27:41,619 : INFO : ConfigProcessor : Loading config: E:\MPF\wows\wows\shows\.\sh_jackpot_6.yaml
2020-07-31 16:27:41,619 : INFO : ConfigProcessor : Config file cache created: C:\Users\schol\AppData\Local\Temp\9828dc3aacab1158f9e233d43cb3fe1f.mpf_cache
2020-07-31 16:27:41,619 : INFO : ConfigProcessor : Loading config from cache: C:\Users\schol\AppData\Local\Temp\4a17f5ab6f47bd6cbffa808b6eeea916.mpf_cache
2020-07-31 16:27:41,624 : WARNING : ConfigProcessor : Cache file not found: C:\Users\schol\AppData\Local\Temp\9e890f4f58f205d8bba0abd84e3290c7.mpf_cache
2020-07-31 16:27:41,624 : INFO : ConfigProcessor : Loading config from file E:\MPF\wows\wows\shows\.\sh_mode_1_shot_made.yaml.
2020-07-31 16:27:41,627 : INFO : ConfigProcessor : Loading config: E:\MPF\wows\wows\shows\.\sh_mode_1_shot_made.yaml
2020-07-31 16:27:41,628 : INFO : ConfigProcessor : Config file cache created: C:\Users\schol\AppData\Local\Temp\9e890f4f58f205d8bba0abd84e3290c7.mpf_cache
2020-07-31 16:27:41,628 : WARNING : ConfigProcessor : Cache file not found: C:\Users\schol\AppData\Local\Temp\7e90ab1bc560333dd4b4d9f4aaf6bf62.mpf_cache
2020-07-31 16:27:41,628 : INFO : ConfigProcessor : Loading config from file E:\MPF\wows\wows\shows\.\sh_mode_1_start.yaml.
2020-07-31 16:27:41,635 : INFO : ConfigProcessor : Loading config: E:\MPF\wows\wows\shows\.\sh_mode_1_start.yaml
2020-07-31 16:27:41,635 : INFO : ConfigProcessor : Config file cache created: C:\Users\schol\AppData\Local\Temp\7e90ab1bc560333dd4b4d9f4aaf6bf62.mpf_cache
2020-07-31 16:27:41,636 : WARNING : ConfigProcessor : Cache file not found: C:\Users\schol\AppData\Local\Temp\4398dc713d774371f49c655025259670.mpf_cache
2020-07-31 16:27:41,636 : INFO : ConfigProcessor : Loading config from file E:\MPF\wows\wows\shows\.\sh_mode_2_start.yaml.
2020-07-31 16:27:41,643 : INFO : ConfigProcessor : Loading config: E:\MPF\wows\wows\shows\.\sh_mode_2_start.yaml
2020-07-31 16:27:41,643 : INFO : ConfigProcessor : Config file cache created: C:\Users\schol\AppData\Local\Temp\4398dc713d774371f49c655025259670.mpf_cache
2020-07-31 16:27:41,643 : WARNING : ConfigProcessor : Cache file not found: C:\Users\schol\AppData\Local\Temp\91df8e0ae0e44730ed622ea2efb74e97.mpf_cache
2020-07-31 16:27:41,643 : INFO : ConfigProcessor : Loading config from file E:\MPF\wows\wows\shows\.\sh_mode_3_shot_made.yaml.
2020-07-31 16:27:41,650 : INFO : ConfigProcessor : Loading config: E:\MPF\wows\wows\shows\.\sh_mode_3_shot_made.yaml
2020-07-31 16:27:41,651 : INFO : ConfigProcessor : Config file cache created: C:\Users\schol\AppData\Local\Temp\91df8e0ae0e44730ed622ea2efb74e97.mpf_cache
2020-07-31 16:27:41,651 : WARNING : ConfigProcessor : Cache file not found: C:\Users\schol\AppData\Local\Temp\dff6fabdd3c60a7e52618c514c4d53bb.mpf_cache
2020-07-31 16:27:41,651 : INFO : ConfigProcessor : Loading config from file E:\MPF\wows\wows\shows\.\sh_mode_3_start.yaml.
2020-07-31 16:27:41,658 : INFO : ConfigProcessor : Loading config: E:\MPF\wows\wows\shows\.\sh_mode_3_start.yaml
2020-07-31 16:27:41,659 : INFO : ConfigProcessor : Config file cache created: C:\Users\schol\AppData\Local\Temp\dff6fabdd3c60a7e52618c514c4d53bb.mpf_cache
2020-07-31 16:27:41,659 : WARNING : ConfigProcessor : Cache file not found: C:\Users\schol\AppData\Local\Temp\69fdf32f8b1f00ca71933bfdf818d181.mpf_cache
2020-07-31 16:27:41,659 : INFO : ConfigProcessor : Loading config from file E:\MPF\wows\wows\shows\.\sh_mode_4_shot_made.yaml.
2020-07-31 16:27:41,666 : INFO : ConfigProcessor : Loading config: E:\MPF\wows\wows\shows\.\sh_mode_4_shot_made.yaml
2020-07-31 16:27:41,666 : INFO : ConfigProcessor : Config file cache created: C:\Users\schol\AppData\Local\Temp\69fdf32f8b1f00ca71933bfdf818d181.mpf_cache
2020-07-31 16:27:41,667 : WARNING : ConfigProcessor : Cache file not found: C:\Users\schol\AppData\Local\Temp\2ea47c81ed4f8a69c675021c80778e85.mpf_cache
2020-07-31 16:27:41,667 : INFO : ConfigProcessor : Loading config from file E:\MPF\wows\wows\shows\.\sh_mode_4_start.yaml.
2020-07-31 16:27:41,673 : INFO : ConfigProcessor : Loading config: E:\MPF\wows\wows\shows\.\sh_mode_4_start.yaml
2020-07-31 16:27:41,674 : INFO : ConfigProcessor : Config file cache created: C:\Users\schol\AppData\Local\Temp\2ea47c81ed4f8a69c675021c80778e85.mpf_cache
2020-07-31 16:27:41,674 : WARNING : ConfigProcessor : Cache file not found: C:\Users\schol\AppData\Local\Temp\3078b120455821a73c8c6f8a1dceab4f.mpf_cache
2020-07-31 16:27:41,674 : INFO : ConfigProcessor : Loading config from file E:\MPF\wows\wows\shows\.\sh_mode_5_shot_made.yaml.
2020-07-31 16:27:41,681 : INFO : ConfigProcessor : Loading config: E:\MPF\wows\wows\shows\.\sh_mode_5_shot_made.yaml
2020-07-31 16:27:41,682 : INFO : ConfigProcessor : Config file cache created: C:\Users\schol\AppData\Local\Temp\3078b120455821a73c8c6f8a1dceab4f.mpf_cache
2020-07-31 16:27:41,682 : WARNING : ConfigProcessor : Cache file not found: C:\Users\schol\AppData\Local\Temp\d95a17e65a2b41e386a7fc14bcda65fd.mpf_cache
2020-07-31 16:27:41,682 : INFO : ConfigProcessor : Loading config from file E:\MPF\wows\wows\shows\.\sh_mode_5_start.yaml.
2020-07-31 16:27:41,689 : INFO : ConfigProcessor : Loading config: E:\MPF\wows\wows\shows\.\sh_mode_5_start.yaml
2020-07-31 16:27:41,689 : INFO : ConfigProcessor : Config file cache created: C:\Users\schol\AppData\Local\Temp\d95a17e65a2b41e386a7fc14bcda65fd.mpf_cache
2020-07-31 16:27:41,690 : WARNING : ConfigProcessor : Cache file not found: C:\Users\schol\AppData\Local\Temp\8d6f9c7ff9c39db68f4d155bf8492fbe.mpf_cache
2020-07-31 16:27:41,690 : INFO : ConfigProcessor : Loading config from file E:\MPF\wows\wows\shows\.\sh_mode_6_shot_made.yaml.
2020-07-31 16:27:41,697 : INFO : ConfigProcessor : Loading config: E:\MPF\wows\wows\shows\.\sh_mode_6_shot_made.yaml
2020-07-31 16:27:41,697 : INFO : ConfigProcessor : Config file cache created: C:\Users\schol\AppData\Local\Temp\8d6f9c7ff9c39db68f4d155bf8492fbe.mpf_cache
2020-07-31 16:27:41,698 : WARNING : ConfigProcessor : Cache file not found: C:\Users\schol\AppData\Local\Temp\155f4ce74e2bf17af8dbff2a4763087f.mpf_cache
2020-07-31 16:27:41,698 : INFO : ConfigProcessor : Loading config from file E:\MPF\wows\wows\shows\.\sh_mode_6_start.yaml.
2020-07-31 16:27:41,704 : INFO : ConfigProcessor : Loading config: E:\MPF\wows\wows\shows\.\sh_mode_6_start.yaml
2020-07-31 16:27:41,705 : INFO : ConfigProcessor : Config file cache created: C:\Users\schol\AppData\Local\Temp\155f4ce74e2bf17af8dbff2a4763087f.mpf_cache
2020-07-31 16:27:41,705 : WARNING : ConfigProcessor : Cache file not found: C:\Users\schol\AppData\Local\Temp\58d128190d1d0b57398f3d0bb3d51665.mpf_cache
2020-07-31 16:27:41,705 : INFO : ConfigProcessor : Loading config from file E:\MPF\wows\wows\shows\.\sh_mode_7_shot_made.yaml.
2020-07-31 16:27:41,712 : INFO : ConfigProcessor : Loading config: E:\MPF\wows\wows\shows\.\sh_mode_7_shot_made.yaml
2020-07-31 16:27:41,713 : INFO : ConfigProcessor : Config file cache created: C:\Users\schol\AppData\Local\Temp\58d128190d1d0b57398f3d0bb3d51665.mpf_cache
2020-07-31 16:27:41,713 : WARNING : ConfigProcessor : Cache file not found: C:\Users\schol\AppData\Local\Temp\3a392e0f36204bd15fe7f620a9abd8a5.mpf_cache
2020-07-31 16:27:41,713 : INFO : ConfigProcessor : Loading config from file E:\MPF\wows\wows\shows\.\sh_mode_7_start.yaml.
2020-07-31 16:27:41,720 : INFO : ConfigProcessor : Loading config: E:\MPF\wows\wows\shows\.\sh_mode_7_start.yaml
2020-07-31 16:27:41,720 : INFO : ConfigProcessor : Config file cache created: C:\Users\schol\AppData\Local\Temp\3a392e0f36204bd15fe7f620a9abd8a5.mpf_cache
2020-07-31 16:27:41,720 : WARNING : ConfigProcessor : Cache file not found: C:\Users\schol\AppData\Local\Temp\53b5443f454133ae1b362b3b93db77cb.mpf_cache
2020-07-31 16:27:41,720 : INFO : ConfigProcessor : Loading config from file E:\MPF\wows\wows\shows\.\sh_mode_8_shot_made.yaml.
2020-07-31 16:27:41,727 : INFO : ConfigProcessor : Loading config: E:\MPF\wows\wows\shows\.\sh_mode_8_shot_made.yaml
2020-07-31 16:27:41,728 : INFO : ConfigProcessor : Config file cache created: C:\Users\schol\AppData\Local\Temp\53b5443f454133ae1b362b3b93db77cb.mpf_cache
2020-07-31 16:27:41,728 : WARNING : ConfigProcessor : Cache file not found: C:\Users\schol\AppData\Local\Temp\3931d087bd0a337e7115b05d59ca5799.mpf_cache
2020-07-31 16:27:41,728 : INFO : ConfigProcessor : Loading config from file E:\MPF\wows\wows\shows\.\sh_mode_8_start.yaml.
2020-07-31 16:27:41,735 : INFO : ConfigProcessor : Loading config: E:\MPF\wows\wows\shows\.\sh_mode_8_start.yaml
2020-07-31 16:27:41,735 : INFO : ConfigProcessor : Config file cache created: C:\Users\schol\AppData\Local\Temp\3931d087bd0a337e7115b05d59ca5799.mpf_cache
2020-07-31 16:27:41,736 : WARNING : ConfigProcessor : Cache file not found: C:\Users\schol\AppData\Local\Temp\92bd7ddb78685ce3872fdffddbf4066b.mpf_cache
2020-07-31 16:27:41,736 : INFO : ConfigProcessor : Loading config from file E:\MPF\wows\wows\shows\.\sh_mode_9_shot_made.yaml.
2020-07-31 16:27:41,743 : INFO : ConfigProcessor : Loading config: E:\MPF\wows\wows\shows\.\sh_mode_9_shot_made.yaml
2020-07-31 16:27:41,743 : INFO : ConfigProcessor : Config file cache created: C:\Users\schol\AppData\Local\Temp\92bd7ddb78685ce3872fdffddbf4066b.mpf_cache
2020-07-31 16:27:41,743 : WARNING : ConfigProcessor : Cache file not found: C:\Users\schol\AppData\Local\Temp\f17b18f8fc49aa4015f8aaed5fe0310c.mpf_cache
2020-07-31 16:27:41,743 : INFO : ConfigProcessor : Loading config from file E:\MPF\wows\wows\shows\.\sh_mode_9_start.yaml.
2020-07-31 16:27:41,750 : INFO : ConfigProcessor : Loading config: E:\MPF\wows\wows\shows\.\sh_mode_9_start.yaml
2020-07-31 16:27:41,751 : INFO : ConfigProcessor : Config file cache created: C:\Users\schol\AppData\Local\Temp\f17b18f8fc49aa4015f8aaed5fe0310c.mpf_cache
2020-07-31 16:27:41,751 : INFO : ConfigProcessor : Loading config from cache: C:\Users\schol\AppData\Local\Temp\6025440fe966918e9010659c75a84677.mpf_cache
2020-07-31 16:27:41,755 : WARNING : ConfigProcessor : Cache file not found: C:\Users\schol\AppData\Local\Temp\cfdf05d29e2db67703b682b9e2f3ca3c.mpf_cache
2020-07-31 16:27:41,755 : INFO : ConfigProcessor : Loading config from file E:\MPF\wows\wows\shows\.\sh_multiple_jackpot_background_sound_1.yaml.
2020-07-31 16:27:41,761 : INFO : ConfigProcessor : Loading config: E:\MPF\wows\wows\shows\.\sh_multiple_jackpot_background_sound_1.yaml
2020-07-31 16:27:41,762 : INFO : ConfigProcessor : Config file cache created: C:\Users\schol\AppData\Local\Temp\cfdf05d29e2db67703b682b9e2f3ca3c.mpf_cache
2020-07-31 16:27:41,762 : WARNING : ConfigProcessor : Cache file not found: C:\Users\schol\AppData\Local\Temp\d94e10a03295440a68c0665192595ed1.mpf_cache
2020-07-31 16:27:41,762 : INFO : ConfigProcessor : Loading config from file E:\MPF\wows\wows\shows\.\sh_multiple_jackpot_background_sound_2.yaml.
2020-07-31 16:27:41,768 : INFO : ConfigProcessor : Loading config: E:\MPF\wows\wows\shows\.\sh_multiple_jackpot_background_sound_2.yaml
2020-07-31 16:27:41,768 : INFO : ConfigProcessor : Config file cache created: C:\Users\schol\AppData\Local\Temp\d94e10a03295440a68c0665192595ed1.mpf_cache
2020-07-31 16:27:41,768 : WARNING : ConfigProcessor : Cache file not found: C:\Users\schol\AppData\Local\Temp\01f102dbddb32abe391845f1f1fb6297.mpf_cache
2020-07-31 16:27:41,769 : INFO : ConfigProcessor : Loading config from file E:\MPF\wows\wows\shows\.\sh_multiple_jackpot_background_sound_3.yaml.
2020-07-31 16:27:41,774 : INFO : ConfigProcessor : Loading config: E:\MPF\wows\wows\shows\.\sh_multiple_jackpot_background_sound_3.yaml
2020-07-31 16:27:41,775 : INFO : ConfigProcessor : Config file cache created: C:\Users\schol\AppData\Local\Temp\01f102dbddb32abe391845f1f1fb6297.mpf_cache
2020-07-31 16:27:41,775 : WARNING : ConfigProcessor : Cache file not found: C:\Users\schol\AppData\Local\Temp\31f678389d4048ccede53f3d9bb6ebf4.mpf_cache
2020-07-31 16:27:41,775 : INFO : ConfigProcessor : Loading config from file E:\MPF\wows\wows\shows\.\sh_muzzle_flash_1.yaml.
2020-07-31 16:27:41,788 : INFO : ConfigProcessor : Loading config: E:\MPF\wows\wows\shows\.\sh_muzzle_flash_1.yaml
2020-07-31 16:27:41,788 : INFO : ConfigProcessor : Config file cache created: C:\Users\schol\AppData\Local\Temp\31f678389d4048ccede53f3d9bb6ebf4.mpf_cache
2020-07-31 16:27:41,788 : WARNING : ConfigProcessor : Cache file not found: C:\Users\schol\AppData\Local\Temp\b22da84cc4aef91ed7f9bc0328a0f1b4.mpf_cache
2020-07-31 16:27:41,789 : INFO : ConfigProcessor : Loading config from file E:\MPF\wows\wows\shows\.\sh_muzzle_flash_2.yaml.
2020-07-31 16:27:41,794 : INFO : ConfigProcessor : Loading config: E:\MPF\wows\wows\shows\.\sh_muzzle_flash_2.yaml
2020-07-31 16:27:41,795 : INFO : ConfigProcessor : Config file cache created: C:\Users\schol\AppData\Local\Temp\b22da84cc4aef91ed7f9bc0328a0f1b4.mpf_cache
2020-07-31 16:27:41,795 : WARNING : ConfigProcessor : Cache file not found: C:\Users\schol\AppData\Local\Temp\da1fede4c95c7878b99d619776f98fd7.mpf_cache
2020-07-31 16:27:41,795 : INFO : ConfigProcessor : Loading config from file E:\MPF\wows\wows\shows\.\sh_muzzle_flash_3.yaml.
2020-07-31 16:27:41,801 : INFO : ConfigProcessor : Loading config: E:\MPF\wows\wows\shows\.\sh_muzzle_flash_3.yaml
2020-07-31 16:27:41,802 : INFO : ConfigProcessor : Config file cache created: C:\Users\schol\AppData\Local\Temp\da1fede4c95c7878b99d619776f98fd7.mpf_cache
2020-07-31 16:27:41,802 : WARNING : ConfigProcessor : Cache file not found: C:\Users\schol\AppData\Local\Temp\cc30193cdee974cc13426b098027cee1.mpf_cache
2020-07-31 16:27:41,802 : INFO : ConfigProcessor : Loading config from file E:\MPF\wows\wows\shows\.\sh_muzzle_flash_4.yaml.
2020-07-31 16:27:41,808 : INFO : ConfigProcessor : Loading config: E:\MPF\wows\wows\shows\.\sh_muzzle_flash_4.yaml
2020-07-31 16:27:41,808 : INFO : ConfigProcessor : Config file cache created: C:\Users\schol\AppData\Local\Temp\cc30193cdee974cc13426b098027cee1.mpf_cache
2020-07-31 16:27:41,809 : WARNING : ConfigProcessor : Cache file not found: C:\Users\schol\AppData\Local\Temp\58e69a62c4f703cc84058f6193109d31.mpf_cache
2020-07-31 16:27:41,809 : INFO : ConfigProcessor : Loading config from file E:\MPF\wows\wows\shows\.\sh_muzzle_flash_5.yaml.
2020-07-31 16:27:41,814 : INFO : ConfigProcessor : Loading config: E:\MPF\wows\wows\shows\.\sh_muzzle_flash_5.yaml
2020-07-31 16:27:41,815 : INFO : ConfigProcessor : Config file cache created: C:\Users\schol\AppData\Local\Temp\58e69a62c4f703cc84058f6193109d31.mpf_cache
2020-07-31 16:27:41,815 : WARNING : ConfigProcessor : Cache file not found: C:\Users\schol\AppData\Local\Temp\e6a4926517ab55f9ed1b3658c3e4007c.mpf_cache
2020-07-31 16:27:41,815 : INFO : ConfigProcessor : Loading config from file E:\MPF\wows\wows\shows\.\sh_muzzle_flash_6.yaml.
2020-07-31 16:27:41,821 : INFO : ConfigProcessor : Loading config: E:\MPF\wows\wows\shows\.\sh_muzzle_flash_6.yaml
2020-07-31 16:27:41,822 : INFO : ConfigProcessor : Config file cache created: C:\Users\schol\AppData\Local\Temp\e6a4926517ab55f9ed1b3658c3e4007c.mpf_cache
2020-07-31 16:27:41,822 : WARNING : ConfigProcessor : Cache file not found: C:\Users\schol\AppData\Local\Temp\66ee654434268f21d59a1a197a33e84e.mpf_cache
2020-07-31 16:27:41,822 : INFO : ConfigProcessor : Loading config from file E:\MPF\wows\wows\shows\.\sh_sec_shell_1.yaml.
2020-07-31 16:27:41,829 : INFO : ConfigProcessor : Loading config: E:\MPF\wows\wows\shows\.\sh_sec_shell_1.yaml
2020-07-31 16:27:41,829 : INFO : ConfigProcessor : Config file cache created: C:\Users\schol\AppData\Local\Temp\66ee654434268f21d59a1a197a33e84e.mpf_cache
2020-07-31 16:27:41,829 : WARNING : ConfigProcessor : Cache file not found: C:\Users\schol\AppData\Local\Temp\0ad8a8c62d71fd6db5e688e34997c124.mpf_cache
2020-07-31 16:27:41,829 : INFO : ConfigProcessor : Loading config from file E:\MPF\wows\wows\shows\.\sh_sec_shell_10.yaml.
2020-07-31 16:27:41,835 : INFO : ConfigProcessor : Loading config: E:\MPF\wows\wows\shows\.\sh_sec_shell_10.yaml
2020-07-31 16:27:41,836 : INFO : ConfigProcessor : Config file cache created: C:\Users\schol\AppData\Local\Temp\0ad8a8c62d71fd6db5e688e34997c124.mpf_cache
2020-07-31 16:27:41,836 : WARNING : ConfigProcessor : Cache file not found: C:\Users\schol\AppData\Local\Temp\986ed299862bf4d6a9ee043620eb4411.mpf_cache
2020-07-31 16:27:41,836 : INFO : ConfigProcessor : Loading config from file E:\MPF\wows\wows\shows\.\sh_sec_shell_11.yaml.
2020-07-31 16:27:41,842 : INFO : ConfigProcessor : Loading config: E:\MPF\wows\wows\shows\.\sh_sec_shell_11.yaml
2020-07-31 16:27:41,842 : INFO : ConfigProcessor : Config file cache created: C:\Users\schol\AppData\Local\Temp\986ed299862bf4d6a9ee043620eb4411.mpf_cache
2020-07-31 16:27:41,842 : WARNING : ConfigProcessor : Cache file not found: C:\Users\schol\AppData\Local\Temp\85def6e32b8790efec9df62810edf89f.mpf_cache
2020-07-31 16:27:41,843 : INFO : ConfigProcessor : Loading config from file E:\MPF\wows\wows\shows\.\sh_sec_shell_12.yaml.
2020-07-31 16:27:41,848 : INFO : ConfigProcessor : Loading config: E:\MPF\wows\wows\shows\.\sh_sec_shell_12.yaml
2020-07-31 16:27:41,849 : INFO : ConfigProcessor : Config file cache created: C:\Users\schol\AppData\Local\Temp\85def6e32b8790efec9df62810edf89f.mpf_cache
2020-07-31 16:27:41,849 : WARNING : ConfigProcessor : Cache file not found: C:\Users\schol\AppData\Local\Temp\b4b8bbe6eb89ffab7b0a5bdc28aa737c.mpf_cache
2020-07-31 16:27:41,849 : INFO : ConfigProcessor : Loading config from file E:\MPF\wows\wows\shows\.\sh_sec_shell_2.yaml.
2020-07-31 16:27:41,855 : INFO : ConfigProcessor : Loading config: E:\MPF\wows\wows\shows\.\sh_sec_shell_2.yaml
2020-07-31 16:27:41,856 : INFO : ConfigProcessor : Config file cache created: C:\Users\schol\AppData\Local\Temp\b4b8bbe6eb89ffab7b0a5bdc28aa737c.mpf_cache
2020-07-31 16:27:41,856 : WARNING : ConfigProcessor : Cache file not found: C:\Users\schol\AppData\Local\Temp\234f7aa8fcdaed8506c3f7e3d1434348.mpf_cache
2020-07-31 16:27:41,856 : INFO : ConfigProcessor : Loading config from file E:\MPF\wows\wows\shows\.\sh_sec_shell_3.yaml.
2020-07-31 16:27:41,862 : INFO : ConfigProcessor : Loading config: E:\MPF\wows\wows\shows\.\sh_sec_shell_3.yaml
2020-07-31 16:27:41,862 : INFO : ConfigProcessor : Config file cache created: C:\Users\schol\AppData\Local\Temp\234f7aa8fcdaed8506c3f7e3d1434348.mpf_cache
2020-07-31 16:27:41,862 : WARNING : ConfigProcessor : Cache file not found: C:\Users\schol\AppData\Local\Temp\836170f935ca4f3a3c83dd48d4288e22.mpf_cache
2020-07-31 16:27:41,862 : INFO : ConfigProcessor : Loading config from file E:\MPF\wows\wows\shows\.\sh_sec_shell_4.yaml.
2020-07-31 16:27:41,868 : INFO : ConfigProcessor : Loading config: E:\MPF\wows\wows\shows\.\sh_sec_shell_4.yaml
2020-07-31 16:27:41,869 : INFO : ConfigProcessor : Config file cache created: C:\Users\schol\AppData\Local\Temp\836170f935ca4f3a3c83dd48d4288e22.mpf_cache
2020-07-31 16:27:41,869 : WARNING : ConfigProcessor : Cache file not found: C:\Users\schol\AppData\Local\Temp\0a4bf4f558c6de89fd1636f30c6211d9.mpf_cache
2020-07-31 16:27:41,869 : INFO : ConfigProcessor : Loading config from file E:\MPF\wows\wows\shows\.\sh_sec_shell_5.yaml.
2020-07-31 16:27:41,875 : INFO : ConfigProcessor : Loading config: E:\MPF\wows\wows\shows\.\sh_sec_shell_5.yaml
2020-07-31 16:27:41,875 : INFO : ConfigProcessor : Config file cache created: C:\Users\schol\AppData\Local\Temp\0a4bf4f558c6de89fd1636f30c6211d9.mpf_cache
2020-07-31 16:27:41,876 : WARNING : ConfigProcessor : Cache file not found: C:\Users\schol\AppData\Local\Temp\3936448b27d8bfc57c517bc3bf9d3aa2.mpf_cache
2020-07-31 16:27:41,876 : INFO : ConfigProcessor : Loading config from file E:\MPF\wows\wows\shows\.\sh_sec_shell_6.yaml.
2020-07-31 16:27:41,881 : INFO : ConfigProcessor : Loading config: E:\MPF\wows\wows\shows\.\sh_sec_shell_6.yaml
2020-07-31 16:27:41,882 : INFO : ConfigProcessor : Config file cache created: C:\Users\schol\AppData\Local\Temp\3936448b27d8bfc57c517bc3bf9d3aa2.mpf_cache
2020-07-31 16:27:41,882 : WARNING : ConfigProcessor : Cache file not found: C:\Users\schol\AppData\Local\Temp\73d13f131bebf83032dc613efdff3522.mpf_cache
2020-07-31 16:27:41,882 : INFO : ConfigProcessor : Loading config from file E:\MPF\wows\wows\shows\.\sh_sec_shell_7.yaml.
2020-07-31 16:27:41,888 : INFO : ConfigProcessor : Loading config: E:\MPF\wows\wows\shows\.\sh_sec_shell_7.yaml
2020-07-31 16:27:41,888 : INFO : ConfigProcessor : Config file cache created: C:\Users\schol\AppData\Local\Temp\73d13f131bebf83032dc613efdff3522.mpf_cache
2020-07-31 16:27:41,889 : WARNING : ConfigProcessor : Cache file not found: C:\Users\schol\AppData\Local\Temp\20beca28b497152ca0fd3409b83d4b87.mpf_cache
2020-07-31 16:27:41,889 : INFO : ConfigProcessor : Loading config from file E:\MPF\wows\wows\shows\.\sh_sec_shell_8.yaml.
2020-07-31 16:27:41,894 : INFO : ConfigProcessor : Loading config: E:\MPF\wows\wows\shows\.\sh_sec_shell_8.yaml
2020-07-31 16:27:41,895 : INFO : ConfigProcessor : Config file cache created: C:\Users\schol\AppData\Local\Temp\20beca28b497152ca0fd3409b83d4b87.mpf_cache
2020-07-31 16:27:41,895 : WARNING : ConfigProcessor : Cache file not found: C:\Users\schol\AppData\Local\Temp\e816efa2a54094e8cd44dabebc7784df.mpf_cache
2020-07-31 16:27:41,895 : INFO : ConfigProcessor : Loading config from file E:\MPF\wows\wows\shows\.\sh_sec_shell_9.yaml.
2020-07-31 16:27:41,901 : INFO : ConfigProcessor : Loading config: E:\MPF\wows\wows\shows\.\sh_sec_shell_9.yaml
2020-07-31 16:27:41,901 : INFO : ConfigProcessor : Config file cache created: C:\Users\schol\AppData\Local\Temp\e816efa2a54094e8cd44dabebc7784df.mpf_cache
2020-07-31 16:27:41,901 : WARNING : ConfigProcessor : Cache file not found: C:\Users\schol\AppData\Local\Temp\ec91b3a5e4d650dc4f7371582fb38eed.mpf_cache
2020-07-31 16:27:41,901 : INFO : ConfigProcessor : Loading config from file E:\MPF\wows\wows\shows\.\sh_ship_highlight_conqueror.yaml.
2020-07-31 16:27:41,910 : INFO : ConfigProcessor : Loading config: E:\MPF\wows\wows\shows\.\sh_ship_highlight_conqueror.yaml
2020-07-31 16:27:41,910 : INFO : ConfigProcessor : Config file cache created: C:\Users\schol\AppData\Local\Temp\ec91b3a5e4d650dc4f7371582fb38eed.mpf_cache
2020-07-31 16:27:41,910 : WARNING : ConfigProcessor : Cache file not found: C:\Users\schol\AppData\Local\Temp\9a1a1c28ae640e16df86b556a2688443.mpf_cache
2020-07-31 16:27:41,910 : INFO : ConfigProcessor : Loading config from file E:\MPF\wows\wows\shows\.\sh_ship_highlight_daring.yaml.
2020-07-31 16:27:41,915 : INFO : ConfigProcessor : Loading config: E:\MPF\wows\wows\shows\.\sh_ship_highlight_daring.yaml
2020-07-31 16:27:41,916 : INFO : ConfigProcessor : Config file cache created: C:\Users\schol\AppData\Local\Temp\9a1a1c28ae640e16df86b556a2688443.mpf_cache
2020-07-31 16:27:41,916 : WARNING : ConfigProcessor : Cache file not found: C:\Users\schol\AppData\Local\Temp\3463b2a86a39355c183f674ae2b12038.mpf_cache
2020-07-31 16:27:41,916 : INFO : ConfigProcessor : Loading config from file E:\MPF\wows\wows\shows\.\sh_ship_highlight_des_moines.yaml.
2020-07-31 16:27:41,920 : INFO : ConfigProcessor : Loading config: E:\MPF\wows\wows\shows\.\sh_ship_highlight_des_moines.yaml
2020-07-31 16:27:41,921 : INFO : ConfigProcessor : Config file cache created: C:\Users\schol\AppData\Local\Temp\3463b2a86a39355c183f674ae2b12038.mpf_cache
2020-07-31 16:27:41,921 : WARNING : ConfigProcessor : Cache file not found: C:\Users\schol\AppData\Local\Temp\6e6719c61d3fa021e7d679c2f24e1608.mpf_cache
2020-07-31 16:27:41,921 : INFO : ConfigProcessor : Loading config from file E:\MPF\wows\wows\shows\.\sh_ship_highlight_grosser_kurfurst.yaml.
2020-07-31 16:27:41,926 : INFO : ConfigProcessor : Loading config: E:\MPF\wows\wows\shows\.\sh_ship_highlight_grosser_kurfurst.yaml
2020-07-31 16:27:41,927 : INFO : ConfigProcessor : Config file cache created: C:\Users\schol\AppData\Local\Temp\6e6719c61d3fa021e7d679c2f24e1608.mpf_cache
2020-07-31 16:27:41,927 : WARNING : ConfigProcessor : Cache file not found: C:\Users\schol\AppData\Local\Temp\aa69a2c5c0adb7f9c40b6db4f1ca3483.mpf_cache
2020-07-31 16:27:41,927 : INFO : ConfigProcessor : Loading config from file E:\MPF\wows\wows\shows\.\sh_ship_highlight_haragumo.yaml.
2020-07-31 16:27:41,932 : INFO : ConfigProcessor : Loading config: E:\MPF\wows\wows\shows\.\sh_ship_highlight_haragumo.yaml
2020-07-31 16:27:41,932 : INFO : ConfigProcessor : Config file cache created: C:\Users\schol\AppData\Local\Temp\aa69a2c5c0adb7f9c40b6db4f1ca3483.mpf_cache
2020-07-31 16:27:41,933 : WARNING : ConfigProcessor : Cache file not found: C:\Users\schol\AppData\Local\Temp\971ebba8800a659d7a8e99cb206beff7.mpf_cache
2020-07-31 16:27:41,933 : INFO : ConfigProcessor : Loading config from file E:\MPF\wows\wows\shows\.\sh_ship_highlight_shimakaze.yaml.
2020-07-31 16:27:41,938 : INFO : ConfigProcessor : Loading config: E:\MPF\wows\wows\shows\.\sh_ship_highlight_shimakaze.yaml
2020-07-31 16:27:41,938 : INFO : ConfigProcessor : Config file cache created: C:\Users\schol\AppData\Local\Temp\971ebba8800a659d7a8e99cb206beff7.mpf_cache
2020-07-31 16:27:41,938 : WARNING : ConfigProcessor : Cache file not found: C:\Users\schol\AppData\Local\Temp\07e13f5cf5882efd50a16f81bcde4606.mpf_cache
2020-07-31 16:27:41,939 : INFO : ConfigProcessor : Loading config from file E:\MPF\wows\wows\shows\.\sh_ship_highlight_stalingrad.yaml.
2020-07-31 16:27:41,944 : INFO : ConfigProcessor : Loading config: E:\MPF\wows\wows\shows\.\sh_ship_highlight_stalingrad.yaml
2020-07-31 16:27:41,944 : INFO : ConfigProcessor : Config file cache created: C:\Users\schol\AppData\Local\Temp\07e13f5cf5882efd50a16f81bcde4606.mpf_cache
2020-07-31 16:27:41,944 : WARNING : ConfigProcessor : Cache file not found: C:\Users\schol\AppData\Local\Temp\48a45c572b20481e47ff005f73695e50.mpf_cache
2020-07-31 16:27:41,945 : INFO : ConfigProcessor : Loading config from file E:\MPF\wows\wows\shows\.\sh_ship_highlight_venezia.yaml.
2020-07-31 16:27:41,949 : INFO : ConfigProcessor : Loading config: E:\MPF\wows\wows\shows\.\sh_ship_highlight_venezia.yaml
2020-07-31 16:27:41,950 : INFO : ConfigProcessor : Config file cache created: C:\Users\schol\AppData\Local\Temp\48a45c572b20481e47ff005f73695e50.mpf_cache
2020-07-31 16:27:41,950 : WARNING : ConfigProcessor : Cache file not found: C:\Users\schol\AppData\Local\Temp\f12c25ef7bc56249cbbfe26e4a8634a0.mpf_cache
2020-07-31 16:27:41,950 : INFO : ConfigProcessor : Loading config from file E:\MPF\wows\wows\shows\.\sh_ship_highlight_yamato.yaml.
2020-07-31 16:27:41,955 : INFO : ConfigProcessor : Loading config: E:\MPF\wows\wows\shows\.\sh_ship_highlight_yamato.yaml
2020-07-31 16:27:41,956 : INFO : ConfigProcessor : Config file cache created: C:\Users\schol\AppData\Local\Temp\f12c25ef7bc56249cbbfe26e4a8634a0.mpf_cache
2020-07-31 16:27:41,956 : WARNING : ConfigProcessor : Cache file not found: C:\Users\schol\AppData\Local\Temp\7058dd9e75ad4dd97e6d02eda1f8d5f4.mpf_cache
2020-07-31 16:27:41,956 : INFO : ConfigProcessor : Loading config from file E:\MPF\wows\wows\shows\.\sh_start_hc_multiball.yaml.
2020-07-31 16:27:41,962 : INFO : ConfigProcessor : Loading config: E:\MPF\wows\wows\shows\.\sh_start_hc_multiball.yaml
2020-07-31 16:27:41,963 : INFO : ConfigProcessor : Config file cache created: C:\Users\schol\AppData\Local\Temp\7058dd9e75ad4dd97e6d02eda1f8d5f4.mpf_cache
2020-07-31 16:27:41,963 : WARNING : ConfigProcessor : Cache file not found: C:\Users\schol\AppData\Local\Temp\49b862cde9d22907c81f839348639a1f.mpf_cache
2020-07-31 16:27:41,963 : INFO : ConfigProcessor : Loading config from file E:\MPF\wows\wows\shows\.\sh_triple_jackpot_1.yaml.
2020-07-31 16:27:41,976 : INFO : ConfigProcessor : Loading config: E:\MPF\wows\wows\shows\.\sh_triple_jackpot_1.yaml
2020-07-31 16:27:41,976 : INFO : ConfigProcessor : Config file cache created: C:\Users\schol\AppData\Local\Temp\49b862cde9d22907c81f839348639a1f.mpf_cache
2020-07-31 16:27:41,977 : WARNING : ConfigProcessor : Cache file not found: C:\Users\schol\AppData\Local\Temp\21dda72cc57cadcf698e50094b8ee97d.mpf_cache
2020-07-31 16:27:41,977 : INFO : ConfigProcessor : Loading config from file E:\MPF\wows\wows\shows\.\sh_triple_jackpot_2.yaml.
2020-07-31 16:27:42,001 : INFO : ConfigProcessor : Loading config: E:\MPF\wows\wows\shows\.\sh_triple_jackpot_2.yaml
2020-07-31 16:27:42,001 : INFO : ConfigProcessor : Config file cache created: C:\Users\schol\AppData\Local\Temp\21dda72cc57cadcf698e50094b8ee97d.mpf_cache
2020-07-31 16:27:42,002 : WARNING : ConfigProcessor : Cache file not found: C:\Users\schol\AppData\Local\Temp\f9ee12ee8bbd05f85378a9386ceacce5.mpf_cache
2020-07-31 16:27:42,002 : INFO : ConfigProcessor : Loading config from file E:\MPF\wows\wows\shows\.\sh_triple_jackpot_3.yaml.
2020-07-31 16:27:42,015 : INFO : ConfigProcessor : Loading config: E:\MPF\wows\wows\shows\.\sh_triple_jackpot_3.yaml
2020-07-31 16:27:42,015 : INFO : ConfigProcessor : Config file cache created: C:\Users\schol\AppData\Local\Temp\f9ee12ee8bbd05f85378a9386ceacce5.mpf_cache
2020-07-31 16:27:42,015 : WARNING : ConfigProcessor : Cache file not found: C:\Users\schol\AppData\Local\Temp\0394fc9fe8dda0bc8c420287c11c8aae.mpf_cache
2020-07-31 16:27:42,015 : INFO : ConfigProcessor : Loading config from file E:\MPF\wows\wows\shows\.\sh_triple_jackpot_4.yaml.
2020-07-31 16:27:42,027 : INFO : ConfigProcessor : Loading config: E:\MPF\wows\wows\shows\.\sh_triple_jackpot_4.yaml
2020-07-31 16:27:42,028 : INFO : ConfigProcessor : Config file cache created: C:\Users\schol\AppData\Local\Temp\0394fc9fe8dda0bc8c420287c11c8aae.mpf_cache
2020-07-31 16:27:42,028 : WARNING : ConfigProcessor : Cache file not found: C:\Users\schol\AppData\Local\Temp\812e1e327d6ef9a51d487328d0586885.mpf_cache
2020-07-31 16:27:42,028 : INFO : ConfigProcessor : Loading config from file E:\MPF\wows\wows\shows\.\sh_triple_jackpot_5.yaml.
2020-07-31 16:27:42,050 : INFO : ConfigProcessor : Loading config: E:\MPF\wows\wows\shows\.\sh_triple_jackpot_5.yaml
2020-07-31 16:27:42,050 : INFO : ConfigProcessor : Config file cache created: C:\Users\schol\AppData\Local\Temp\812e1e327d6ef9a51d487328d0586885.mpf_cache
2020-07-31 16:27:42,051 : WARNING : ConfigProcessor : Cache file not found: C:\Users\schol\AppData\Local\Temp\70cf3c9830d27e79cc1fda7cb07bc23d.mpf_cache
2020-07-31 16:27:42,051 : INFO : ConfigProcessor : Loading config from file E:\MPF\wows\wows\shows\.\sh_triple_jackpot_6.yaml.
2020-07-31 16:27:42,063 : INFO : ConfigProcessor : Loading config: E:\MPF\wows\wows\shows\.\sh_triple_jackpot_6.yaml
2020-07-31 16:27:42,063 : INFO : ConfigProcessor : Config file cache created: C:\Users\schol\AppData\Local\Temp\70cf3c9830d27e79cc1fda7cb07bc23d.mpf_cache
2020-07-31 16:27:42,064 : WARNING : ConfigProcessor : Cache file not found: C:\Users\schol\AppData\Local\Temp\db70c5aab62dca0f645afe12f6eb7df3.mpf_cache
2020-07-31 16:27:42,064 : INFO : ConfigProcessor : Loading config from file E:\MPF\wows\wows\shows\.\sh_weapon_load_status.yaml.
2020-07-31 16:27:42,066 : INFO : ConfigProcessor : Loading config: E:\MPF\wows\wows\shows\.\sh_weapon_load_status.yaml
2020-07-31 16:27:42,066 : INFO : ConfigProcessor : Config file cache created: C:\Users\schol\AppData\Local\Temp\db70c5aab62dca0f645afe12f6eb7df3.mpf_cache
2020-07-31 16:27:42,067 : INFO : Machine : Mission Pinball Framework Core Engine v0.54.0-dev.33
2020-07-31 16:27:42,068 : INFO : Machine : Command line arguments: {'no_load_cache': False, 'create_config_cache': True, 'bcp': True, 'configfile': ['config.yaml'], 'force_assets_load': False, 'jsonlogging': False, 'logfile': 'logs\\2020-07-31-16-27-39-mpf-DESKTOP-FPTMTCL.log', 'pause': False, 'production': False, 'text_ui': True, 'loglevel': 15, 'consoleloglevel': 20, 'force_platform': None, 'syslog_address': None, 'mc_file_name': None, 'no_sound': False}
2020-07-31 16:27:42,068 : INFO : Machine : MPF path: c:\users\schol\appdata\local\programs\python\python36\lib\site-packages\mpf
2020-07-31 16:27:42,068 : INFO : Machine : Machine path: E:\MPF\wows\wows
2020-07-31 16:27:42,068 : INFO : Machine : Platform: win32
2020-07-31 16:27:42,068 : INFO : Machine : Python executable location: c:\users\schol\appdata\local\programs\python\python36\python.exe
2020-07-31 16:27:42,068 : INFO : Machine : Python version: 3.6.4 (64-bit)
2020-07-31 16:27:42,070 : INFO : Machine : Initialise MPF.
2020-07-31 16:27:42,573 : INFO : Pin2DmdDevice : Connecting to Pin2DMD RGB DMD
2020-07-31 16:27:42,590 : INFO : Pin2DmdDevice : Connected to Pin2DMD
2020-07-31 16:27:42,590 : INFO : EventManager : Event: ======'machine_var_credits_string'====== Args={'value': 'FREE PLAY', 'prev_value': None, 'change': True}
2020-07-31 16:27:42,642 : INFO : EventManager : Event: ======'machine_var_player1_score'====== Args={'value': 0, 'prev_value': None, 'change': True}
2020-07-31 16:27:42,642 : INFO : EventManager : Event: ======'machine_var_mpf_version'====== Args={'value': 'MPF v0.54.0-dev.33', 'prev_value': None, 'change': True}
2020-07-31 16:27:42,642 : INFO : EventManager : Event: ======'machine_var_mpf_extended_version'====== Args={'value': 'MPF v0.54.0-dev.33, Config version:5, Show version: 5, BCP version:1.1', 'prev_value': None, 'change': True}
2020-07-31 16:27:42,642 : INFO : EventManager : Event: ======'machine_var_python_version'====== Args={'value': '3.6.4', 'prev_value': None, 'change': True}
2020-07-31 16:27:42,642 : INFO : EventManager : Event: ======'machine_var_platform'====== Args={'value': 'Windows-10-10.0.18362-SP0', 'prev_value': None, 'change': True}
2020-07-31 16:27:42,642 : INFO : EventManager : Event: ======'machine_var_platform_system'====== Args={'value': 'Windows', 'prev_value': None, 'change': True}
2020-07-31 16:27:42,642 : INFO : EventManager : Event: ======'machine_var_platform_release'====== Args={'value': '10', 'prev_value': None, 'change': True}
2020-07-31 16:27:42,642 : INFO : EventManager : Event: ======'machine_var_platform_version'====== Args={'value': '10.0.18362', 'prev_value': None, 'change': True}
2020-07-31 16:27:42,642 : INFO : EventManager : Event: ======'machine_var_platform_machine'====== Args={'value': 'AMD64', 'prev_value': None, 'change': True}
2020-07-31 16:27:42,642 : INFO : EventManager : Event: ======'init_phase_1'====== Args={}
2020-07-31 16:27:42,726 : INFO : EventManager : Event: ======'main_state'====== Args={}
2020-07-31 16:27:42,726 : INFO : EventManager : Event: ======'HAGYDFIGYELMENKIVUL'====== Args={}
2020-07-31 16:27:42,726 : INFO : EventManager : Event: ======'lock_lit_started'====== Args={}
2020-07-31 16:27:42,726 : INFO : EventManager : Event: ======'disable_mode'====== Args={}
2020-07-31 16:27:42,726 : INFO : EventManager : Event: ======'multiball_inactive'====== Args={}
2020-07-31 16:27:42,726 : INFO : EventManager : Event: ======'lite_detonation_start'====== Args={}
2020-07-31 16:27:42,726 : INFO : EventManager : Event: ======'battle_inactive'====== Args={}
2020-07-31 16:27:42,727 : INFO : EventManager : Event: ======'HAGYDFIGYELMENKIVUL'====== Args={}
2020-07-31 16:27:42,727 : WARNING : Mode.mode_lit : Can only start mode mode_lit during a game. Aborting start.
2020-07-31 16:27:42,727 : WARNING : Mode.confederate : Can only start mode confederate during a game. Aborting start.
2020-07-31 16:27:42,727 : WARNING : Mode.hc_lock_lit : Can only start mode hc_lock_lit during a game. Aborting start.
2020-07-31 16:27:42,728 : INFO : EventManager : Event: ======'init_phase_2'====== Args={}
2020-07-31 16:27:42,729 : INFO : SwitchController : Found active switch: ('2', <Platform.SmartVirtual>)
2020-07-31 16:27:42,729 : INFO : SwitchController : Found active switch: ('3', <Platform.SmartVirtual>)
2020-07-31 16:27:42,729 : INFO : SwitchController : Found active switch: ('4', <Platform.SmartVirtual>)
2020-07-31 16:27:42,729 : INFO : SwitchController : Found active switch: ('5', <Platform.SmartVirtual>)
2020-07-31 16:27:42,729 : INFO : SwitchController : Found active switch: ('6', <Platform.SmartVirtual>)
2020-07-31 16:27:42,729 : INFO : SwitchController : Found active switch: ('7', <Platform.SmartVirtual>)
2020-07-31 16:27:42,749 : INFO : EventManager : Event: ======'machine_var_score1_label'====== Args={'value': 'GRAND ADMIRAL', 'prev_value': None, 'change': True}
2020-07-31 16:27:42,749 : INFO : EventManager : Event: ======'machine_var_score1_name'====== Args={'value': 'SBA', 'prev_value': None, 'change': True}
2020-07-31 16:27:42,749 : INFO : EventManager : Event: ======'machine_var_score1_value'====== Args={'value': 1000000000, 'prev_value': None, 'change': True}
2020-07-31 16:27:42,749 : INFO : EventManager : Event: ======'machine_var_score2_label'====== Args={'value': 'ADMIRAL 1', 'prev_value': None, 'change': True}
2020-07-31 16:27:42,749 : INFO : EventManager : Event: ======'machine_var_score2_name'====== Args={'value': 'OCP', 'prev_value': None, 'change': True}
2020-07-31 16:27:42,749 : INFO : EventManager : Event: ======'machine_var_score2_value'====== Args={'value': 900000000, 'prev_value': None, 'change': True}
2020-07-31 16:27:42,750 : INFO : EventManager : Event: ======'machine_var_score3_label'====== Args={'value': 'ADMIRAL 2', 'prev_value': None, 'change': True}
2020-07-31 16:27:42,750 : INFO : EventManager : Event: ======'machine_var_score3_name'====== Args={'value': 'AND', 'prev_value': None, 'change': True}
2020-07-31 16:27:42,750 : INFO : EventManager : Event: ======'machine_var_score3_value'====== Args={'value': 800000000, 'prev_value': None, 'change': True}
2020-07-31 16:27:42,750 : INFO : EventManager : Event: ======'machine_var_score4_label'====== Args={'value': 'ADMIRAL 3', 'prev_value': None, 'change': True}
2020-07-31 16:27:42,750 : INFO : EventManager : Event: ======'machine_var_score4_name'====== Args={'value': 'W G', 'prev_value': None, 'change': True}
2020-07-31 16:27:42,750 : INFO : EventManager : Event: ======'machine_var_score4_value'====== Args={'value': 700000000, 'prev_value': None, 'change': True}
2020-07-31 16:27:42,750 : INFO : EventManager : Event: ======'machine_var_score5_label'====== Args={'value': 'ADMIRAL 4', 'prev_value': None, 'change': True}
2020-07-31 16:27:42,750 : INFO : EventManager : Event: ======'machine_var_score5_name'====== Args={'value': 'WOW', 'prev_value': None, 'change': True}
2020-07-31 16:27:42,750 : INFO : EventManager : Event: ======'machine_var_score5_value'====== Args={'value': 600000000, 'prev_value': None, 'change': True}
2020-07-31 16:27:42,751 : INFO : EventManager : Event: ======'bcp_connection_attempt'====== Args={'name': 'local_display', 'host': 'localhost', 'port': 5050}
2020-07-31 16:27:42,752 : INFO : BCPClientSocket : Connecting BCP to 'local_display' at localhost:5050...
2020-07-31 16:27:45,321 : INFO : BCPClientSocket : Connected BCP to 'local_display' localhost:5050
2020-07-31 16:27:45,321 : INFO : EventManager : Event: ======'bcp_clients_connected'====== Args={}
2020-07-31 16:27:45,334 : INFO : ball_device.bd_trough : State: idle
2020-07-31 16:27:45,334 : INFO : ball_device.bd_plunger : State: idle
2020-07-31 16:27:45,335 : INFO : ball_device.bd_main_hole : State: idle
2020-07-31 16:27:45,335 : INFO : ball_device.bd_hc_lock : State: idle
2020-07-31 16:27:45,470 : INFO : EventManager : Event: ======'init_phase_3'====== Args={}
2020-07-31 16:27:45,510 : INFO : EventManager : Event: ======'machine_var_mc_version'====== Args={'value': 'MPF-MC v0.54.0-dev.7', 'prev_value': None, 'change': True}
2020-07-31 16:27:45,510 : INFO : EventManager : Event: ======'machine_var_mc_extended_version'====== Args={'value': 'MPF-MC v0.54.0-dev.7 (config_version=5, BCP v1.1, Requires MPF v0.54.0-dev.0)', 'prev_value': None, 'change': True}
2020-07-31 16:27:45,513 : INFO : EventManager : Event: ======'machine_var_master_volume'====== Args={'value': 0.75, 'prev_value': None, 'change': True}
2020-07-31 16:27:45,513 : INFO : EventManager : Event: ======'init_phase_4'====== Args={}
2020-07-31 16:27:45,537 : INFO : EventManager : Event: ======'machine_var_audits_events_game_ended'====== Args={'value': 1, 'prev_value': None, 'change': True}
2020-07-31 16:27:45,538 : INFO : EventManager : Event: ======'machine_var_audits_events_game_started'====== Args={'value': 653, 'prev_value': None, 'change': True}
2020-07-31 16:27:45,538 : INFO : EventManager : Event: ======'machine_var_audits_player_score'====== Args={'value': {'average': 0.0, 'top': [0], 'total': 1}, 'prev_value': None, 'change': True}
2020-07-31 16:27:45,538 : INFO : EventManager : Event: ======'machine_var_audits_shots_battle_shot'====== Args={'value': 66, 'prev_value': None, 'change': True}
2020-07-31 16:27:45,538 : INFO : EventManager : Event: ======'machine_var_audits_shots_confederate_1'====== Args={'value': 9, 'prev_value': None, 'change': True}
2020-07-31 16:27:45,539 : INFO : EventManager : Event: ======'machine_var_audits_shots_confederate_2'====== Args={'value': 205, 'prev_value': None, 'change': True}
2020-07-31 16:27:45,539 : INFO : EventManager : Event: ======'machine_var_audits_shots_confederate_3'====== Args={'value': 87, 'prev_value': None, 'change': True}
2020-07-31 16:27:45,539 : INFO : EventManager : Event: ======'machine_var_audits_shots_confederate_4'====== Args={'value': 23, 'prev_value': None, 'change': True}
2020-07-31 16:27:45,539 : INFO : EventManager : Event: ======'machine_var_audits_shots_confederate_5'====== Args={'value': 7, 'prev_value': None, 'change': True}
2020-07-31 16:27:45,539 : INFO : EventManager : Event: ======'machine_var_audits_shots_confederate_6'====== Args={'value': 252, 'prev_value': None, 'change': True}
2020-07-31 16:27:45,540 : INFO : EventManager : Event: ======'machine_var_audits_shots_detonation'====== Args={'value': 42, 'prev_value': None, 'change': True}
2020-07-31 16:27:45,540 : INFO : EventManager : Event: ======'machine_var_audits_shots_detonation_lit'====== Args={'value': 145, 'prev_value': None, 'change': True}
2020-07-31 16:27:45,540 : INFO : EventManager : Event: ======'machine_var_audits_shots_jackpot_1'====== Args={'value': 75, 'prev_value': None, 'change': True}
2020-07-31 16:27:45,540 : INFO : EventManager : Event: ======'machine_var_audits_shots_jackpot_2'====== Args={'value': 59, 'prev_value': None, 'change': True}
2020-07-31 16:27:45,540 : INFO : EventManager : Event: ======'machine_var_audits_shots_jackpot_3'====== Args={'value': 83, 'prev_value': None, 'change': True}
2020-07-31 16:27:45,540 : INFO : EventManager : Event: ======'machine_var_audits_shots_jackpot_4'====== Args={'value': 40, 'prev_value': None, 'change': True}
2020-07-31 16:27:45,541 : INFO : EventManager : Event: ======'machine_var_audits_shots_jackpot_5'====== Args={'value': 42, 'prev_value': None, 'change': True}
2020-07-31 16:27:45,541 : INFO : EventManager : Event: ======'machine_var_audits_shots_jackpot_6'====== Args={'value': 45, 'prev_value': None, 'change': True}
2020-07-31 16:27:45,541 : INFO : EventManager : Event: ======'machine_var_audits_shots_lane_A'====== Args={'value': 56, 'prev_value': None, 'change': True}
2020-07-31 16:27:45,541 : INFO : EventManager : Event: ======'machine_var_audits_shots_lane_B'====== Args={'value': 59, 'prev_value': None, 'change': True}
2020-07-31 16:27:45,541 : INFO : EventManager : Event: ======'machine_var_audits_shots_lane_C'====== Args={'value': 90, 'prev_value': None, 'change': True}
2020-07-31 16:27:45,542 : INFO : EventManager : Event: ======'machine_var_audits_shots_lane_D'====== Args={'value': 126, 'prev_value': None, 'change': True}
2020-07-31 16:27:45,542 : INFO : EventManager : Event: ======'machine_var_audits_shots_lane_E'====== Args={'value': 65, 'prev_value': None, 'change': True}
2020-07-31 16:27:45,542 : INFO : EventManager : Event: ======'machine_var_audits_shots_lock_lit_1'====== Args={'value': 607, 'prev_value': None, 'change': True}
2020-07-31 16:27:45,543 : INFO : EventManager : Event: ======'machine_var_audits_shots_lock_lit_2'====== Args={'value': 664, 'prev_value': None, 'change': True}
2020-07-31 16:27:45,543 : INFO : EventManager : Event: ======'machine_var_audits_shots_ricochet_1'====== Args={'value': 64, 'prev_value': None, 'change': True}
2020-07-31 16:27:45,543 : INFO : EventManager : Event: ======'machine_var_audits_shots_ricochet_2'====== Args={'value': 291, 'prev_value': None, 'change': True}
2020-07-31 16:27:45,543 : INFO : EventManager : Event: ======'machine_var_audits_shots_ricochet_3'====== Args={'value': 54, 'prev_value': None, 'change': True}
2020-07-31 16:27:45,544 : INFO : EventManager : Event: ======'machine_var_audits_shots_ricochet_4'====== Args={'value': 8, 'prev_value': None, 'change': True}
2020-07-31 16:27:45,544 : INFO : EventManager : Event: ======'machine_var_audits_shots_ricochet_5'====== Args={'value': 3, 'prev_value': None, 'change': True}
2020-07-31 16:27:45,544 : INFO : EventManager : Event: ======'machine_var_audits_switches_s_bumper_1'====== Args={'value': 341, 'prev_value': None, 'change': True}
2020-07-31 16:27:45,544 : INFO : EventManager : Event: ======'machine_var_audits_switches_s_bumper_2'====== Args={'value': 159, 'prev_value': None, 'change': True}
2020-07-31 16:27:45,545 : INFO : EventManager : Event: ======'machine_var_audits_switches_s_bumper_3'====== Args={'value': 22, 'prev_value': None, 'change': True}
2020-07-31 16:27:45,545 : INFO : EventManager : Event: ======'machine_var_audits_switches_s_center_ramp'====== Args={'value': 23, 'prev_value': None, 'change': True}
2020-07-31 16:27:45,545 : INFO : EventManager : Event: ======'machine_var_audits_switches_s_citadel'====== Args={'value': 19, 'prev_value': None, 'change': True}
2020-07-31 16:27:45,545 : INFO : EventManager : Event: ======'machine_var_audits_switches_s_citadel_lock'====== Args={'value': 131, 'prev_value': None, 'change': True}
2020-07-31 16:27:45,546 : INFO : EventManager : Event: ======'machine_var_audits_switches_s_detonation'====== Args={'value': 145, 'prev_value': None, 'change': True}
2020-07-31 16:27:45,546 : INFO : EventManager : Event: ======'machine_var_audits_switches_s_detonation_lit'====== Args={'value': 0, 'prev_value': None, 'change': True}
2020-07-31 16:27:45,546 : INFO : EventManager : Event: ======'machine_var_audits_switches_s_dmg_1'====== Args={'value': 2191, 'prev_value': None, 'change': True}
2020-07-31 16:27:45,546 : INFO : EventManager : Event: ======'machine_var_audits_switches_s_dmg_2'====== Args={'value': 59, 'prev_value': None, 'change': True}
2020-07-31 16:27:45,547 : INFO : EventManager : Event: ======'machine_var_audits_switches_s_dmg_3'====== Args={'value': 13, 'prev_value': None, 'change': True}
2020-07-31 16:27:45,547 : INFO : EventManager : Event: ======'machine_var_audits_switches_s_dmg_4'====== Args={'value': 10, 'prev_value': None, 'change': True}
2020-07-31 16:27:45,547 : INFO : EventManager : Event: ======'machine_var_audits_switches_s_dmg_5'====== Args={'value': 9, 'prev_value': None, 'change': True}
2020-07-31 16:27:45,548 : INFO : EventManager : Event: ======'machine_var_audits_switches_s_dmg_6'====== Args={'value': 16, 'prev_value': None, 'change': True}
2020-07-31 16:27:45,548 : INFO : EventManager : Event: ======'machine_var_audits_switches_s_dmg_7'====== Args={'value': 290, 'prev_value': None, 'change': True}
2020-07-31 16:27:45,548 : INFO : EventManager : Event: ======'machine_var_audits_switches_s_drop_target'====== Args={'value': 1563, 'prev_value': None, 'change': True}
2020-07-31 16:27:45,549 : INFO : EventManager : Event: ======'machine_var_audits_switches_s_jet_hole'====== Args={'value': 0, 'prev_value': None, 'change': True}
2020-07-31 16:27:45,549 : INFO : EventManager : Event: ======'machine_var_audits_switches_s_jet_lane'====== Args={'value': 1, 'prev_value': None, 'change': True}
2020-07-31 16:27:45,549 : INFO : EventManager : Event: ======'machine_var_audits_switches_s_kickback'====== Args={'value': 0, 'prev_value': None, 'change': True}
2020-07-31 16:27:45,549 : INFO : EventManager : Event: ======'machine_var_audits_switches_s_kickback_target_1'====== Args={'value': 0, 'prev_value': None, 'change': True}
2020-07-31 16:27:45,550 : INFO : EventManager : Event: ======'machine_var_audits_switches_s_kickback_target_2'====== Args={'value': 0, 'prev_value': None, 'change': True}
2020-07-31 16:27:45,550 : INFO : EventManager : Event: ======'machine_var_audits_switches_s_kickback_target_3'====== Args={'value': 2, 'prev_value': None, 'change': True}
2020-07-31 16:27:45,550 : INFO : EventManager : Event: ======'machine_var_audits_switches_s_kickback_terget_1'====== Args={'value': 0, 'prev_value': None, 'change': True}
2020-07-31 16:27:45,550 : INFO : EventManager : Event: ======'machine_var_audits_switches_s_left_flipper'====== Args={'value': 755, 'prev_value': None, 'change': True}
2020-07-31 16:27:45,551 : INFO : EventManager : Event: ======'machine_var_audits_switches_s_left_hole'====== Args={'value': 0, 'prev_value': None, 'change': True}
2020-07-31 16:27:45,551 : INFO : EventManager : Event: ======'machine_var_audits_switches_s_left_inlane'====== Args={'value': 90, 'prev_value': None, 'change': True}
2020-07-31 16:27:45,552 : INFO : EventManager : Event: ======'machine_var_audits_switches_s_left_loop_made'====== Args={'value': 66, 'prev_value': None, 'change': True}
2020-07-31 16:27:45,552 : INFO : EventManager : Event: ======'machine_var_audits_switches_s_left_loop_pre'====== Args={'value': 3, 'prev_value': None, 'change': True}
2020-07-31 16:27:45,552 : INFO : EventManager : Event: ======'machine_var_audits_switches_s_left_mid_inlane'====== Args={'value': 59, 'prev_value': None, 'change': True}
2020-07-31 16:27:45,552 : INFO : EventManager : Event: ======'machine_var_audits_switches_s_left_outlane'====== Args={'value': 56, 'prev_value': None, 'change': True}
2020-07-31 16:27:45,553 : INFO : EventManager : Event: ======'machine_var_audits_switches_s_left_ramp_made'====== Args={'value': 694, 'prev_value': None, 'change': True}
2020-07-31 16:27:45,553 : INFO : EventManager : Event: ======'machine_var_audits_switches_s_left_ramp_pre'====== Args={'value': 2, 'prev_value': None, 'change': True}
2020-07-31 16:27:45,554 : INFO : EventManager : Event: ======'machine_var_audits_switches_s_left_slingshot'====== Args={'value': 4, 'prev_value': None, 'change': True}
2020-07-31 16:27:45,554 : INFO : EventManager : Event: ======'machine_var_audits_switches_s_lock_1'====== Args={'value': 262, 'prev_value': None, 'change': True}
2020-07-31 16:27:45,554 : INFO : EventManager : Event: ======'machine_var_audits_switches_s_lock_2'====== Args={'value': 264, 'prev_value': None, 'change': True}
2020-07-31 16:27:45,555 : INFO : EventManager : Event: ======'machine_var_audits_switches_s_lock_3'====== Args={'value': 322, 'prev_value': None, 'change': True}
2020-07-31 16:27:45,555 : INFO : EventManager : Event: ======'machine_var_audits_switches_s_magnet_switch'====== Args={'value': 0, 'prev_value': None, 'change': True}
2020-07-31 16:27:45,556 : INFO : EventManager : Event: ======'machine_var_audits_switches_s_main_hole'====== Args={'value': 443, 'prev_value': None, 'change': True}
2020-07-31 16:27:45,556 : INFO : EventManager : Event: ======'machine_var_audits_switches_s_pen_1'====== Args={'value': 17, 'prev_value': None, 'change': True}
2020-07-31 16:27:45,556 : INFO : EventManager : Event: ======'machine_var_audits_switches_s_pen_2'====== Args={'value': 26, 'prev_value': None, 'change': True}
2020-07-31 16:27:45,557 : INFO : EventManager : Event: ======'machine_var_audits_switches_s_pen_3'====== Args={'value': 90, 'prev_value': None, 'change': True}
2020-07-31 16:27:45,557 : INFO : EventManager : Event: ======'machine_var_audits_switches_s_pen_4'====== Args={'value': 5, 'prev_value': None, 'change': True}
2020-07-31 16:27:45,558 : INFO : EventManager : Event: ======'machine_var_audits_switches_s_pen_5'====== Args={'value': 2, 'prev_value': None, 'change': True}
2020-07-31 16:27:45,558 : INFO : EventManager : Event: ======'machine_var_audits_switches_s_pen_6'====== Args={'value': 8, 'prev_value': None, 'change': True}
2020-07-31 16:27:45,559 : INFO : EventManager : Event: ======'machine_var_audits_switches_s_plunger'====== Args={'value': 2161, 'prev_value': None, 'change': True}
2020-07-31 16:27:45,559 : INFO : EventManager : Event: ======'machine_var_audits_switches_s_plunger_button'====== Args={'value': 2, 'prev_value': None, 'change': True}
2020-07-31 16:27:45,559 : INFO : EventManager : Event: ======'machine_var_audits_switches_s_ricochet_1'====== Args={'value': 88, 'prev_value': None, 'change': True}
2020-07-31 16:27:45,560 : INFO : EventManager : Event: ======'machine_var_audits_switches_s_ricochet_2'====== Args={'value': 298, 'prev_value': None, 'change': True}
2020-07-31 16:27:45,560 : INFO : EventManager : Event: ======'machine_var_audits_switches_s_ricochet_3'====== Args={'value': 56, 'prev_value': None, 'change': True}
2020-07-31 16:27:45,561 : INFO : EventManager : Event: ======'machine_var_audits_switches_s_ricochet_4'====== Args={'value': 13, 'prev_value': None, 'change': True}
2020-07-31 16:27:45,561 : INFO : EventManager : Event: ======'machine_var_audits_switches_s_ricochet_5'====== Args={'value': 8, 'prev_value': None, 'change': True}
2020-07-31 16:27:45,576 : INFO : EventManager : Event: ======'machine_var_audits_switches_s_right_flipper'====== Args={'value': 2251, 'prev_value': None, 'change': True}
2020-07-31 16:27:45,576 : INFO : EventManager : Event: ======'machine_var_audits_switches_s_right_hole'====== Args={'value': 26, 'prev_value': None, 'change': True}
2020-07-31 16:27:45,577 : INFO : EventManager : Event: ======'machine_var_audits_switches_s_right_inlane'====== Args={'value': 128, 'prev_value': None, 'change': True}
2020-07-31 16:27:45,577 : INFO : EventManager : Event: ======'machine_var_audits_switches_s_right_loop_made'====== Args={'value': 5, 'prev_value': None, 'change': True}
2020-07-31 16:27:45,577 : INFO : EventManager : Event: ======'machine_var_audits_switches_s_right_loop_pre'====== Args={'value': 5, 'prev_value': None, 'change': True}
2020-07-31 16:27:45,578 : INFO : EventManager : Event: ======'machine_var_audits_switches_s_right_outlane'====== Args={'value': 67, 'prev_value': None, 'change': True}
2020-07-31 16:27:45,578 : INFO : EventManager : Event: ======'machine_var_audits_switches_s_right_ramp_made'====== Args={'value': 772, 'prev_value': None, 'change': True}
2020-07-31 16:27:45,579 : INFO : EventManager : Event: ======'machine_var_audits_switches_s_right_ramp_pre'====== Args={'value': 1, 'prev_value': None, 'change': True}
2020-07-31 16:27:45,579 : INFO : EventManager : Event: ======'machine_var_audits_switches_s_right_slingshot'====== Args={'value': 9, 'prev_value': None, 'change': True}
2020-07-31 16:27:45,580 : INFO : EventManager : Event: ======'machine_var_audits_switches_s_right_small_ramp'====== Args={'value': 0, 'prev_value': None, 'change': True}
2020-07-31 16:27:45,580 : INFO : EventManager : Event: ======'machine_var_audits_switches_s_side_hole'====== Args={'value': 272, 'prev_value': None, 'change': True}
2020-07-31 16:27:45,580 : INFO : EventManager : Event: ======'machine_var_audits_switches_s_side_ramp_made'====== Args={'value': 314, 'prev_value': None, 'change': True}
2020-07-31 16:27:45,581 : INFO : EventManager : Event: ======'machine_var_audits_switches_s_side_ramp_pre'====== Args={'value': 2, 'prev_value': None, 'change': True}
2020-07-31 16:27:45,581 : INFO : EventManager : Event: ======'machine_var_audits_switches_s_start'====== Args={'value': 77, 'prev_value': None, 'change': True}
2020-07-31 16:27:45,582 : INFO : EventManager : Event: ======'machine_var_audits_switches_s_torpedo'====== Args={'value': 193, 'prev_value': None, 'change': True}
2020-07-31 16:27:45,582 : INFO : EventManager : Event: ======'machine_var_audits_switches_s_torpedo_lane'====== Args={'value': 2, 'prev_value': None, 'change': True}
2020-07-31 16:27:45,583 : INFO : EventManager : Event: ======'machine_var_audits_switches_s_torpedo_pre'====== Args={'value': 0, 'prev_value': None, 'change': True}
2020-07-31 16:27:45,583 : INFO : EventManager : Event: ======'machine_var_audits_switches_s_trough1'====== Args={'value': 404, 'prev_value': None, 'change': True}
2020-07-31 16:27:45,583 : INFO : EventManager : Event: ======'machine_var_audits_switches_s_trough2'====== Args={'value': 31, 'prev_value': None, 'change': True}
2020-07-31 16:27:45,584 : INFO : EventManager : Event: ======'machine_var_audits_switches_s_trough3'====== Args={'value': 43, 'prev_value': None, 'change': True}
2020-07-31 16:27:45,584 : INFO : EventManager : Event: ======'machine_var_audits_switches_s_trough4'====== Args={'value': 4, 'prev_value': None, 'change': True}
2020-07-31 16:27:45,585 : INFO : EventManager : Event: ======'machine_var_audits_switches_s_trough5'====== Args={'value': 1, 'prev_value': None, 'change': True}
2020-07-31 16:27:45,585 : INFO : EventManager : Event: ======'machine_var_audits_switches_s_trough6'====== Args={'value': 1, 'prev_value': None, 'change': True}
2020-07-31 16:27:45,586 : INFO : EventManager : Event: ======'machine_var_audits_switches_s_trough_jam'====== Args={'value': 0, 'prev_value': None, 'change': True}
2020-07-31 16:27:45,586 : INFO : EventManager : Event: ======'init_phase_5'====== Args={}
2020-07-31 16:27:45,618 : INFO : EventManager : Event: ======'init_done'====== Args={}
2020-07-31 16:27:45,630 : INFO : EventManager : Event: ======'machine_reset_phase_1'====== Args={}
2020-07-31 16:27:45,638 : INFO : EventManager : Event: ======'machine_reset_phase_2'====== Args={}
2020-07-31 16:27:45,638 : INFO : EventManager : Event: ======'machine_reset_phase_3'====== Args={}
2020-07-31 16:27:45,638 : INFO : EventManager : Event: ======'diverter_citadel_diverter_deactivating'====== Args={}
2020-07-31 16:27:45,638 : INFO : coil.c_loop_diverter : Disabling Driver
2020-07-31 16:27:45,638 : INFO : EventManager : Event: ======'diverter_torpedo_peg_deactivating'====== Args={}
2020-07-31 16:27:45,638 : INFO : coil.c_torpedo_peg : Disabling Driver
2020-07-31 16:27:45,639 : INFO : EventManager : Event: ======'reset_complete'====== Args={}
2020-07-31 16:27:45,639 : INFO : EventManager : Event: ======'mode_attract_will_start'====== Args={}
2020-07-31 16:27:45,640 : INFO : EventManager : Event: ======'mode_attract_starting'====== Args={}
2020-07-31 16:27:45,640 : INFO : Mode.attract : Started. Priority: 10
2020-07-31 16:27:45,640 : INFO : EventManager : Event: ======'mode_attract_started'====== Args={}
2020-07-31 16:27:45,640 : INFO : EventManager : Event: ======'collecting_balls_complete'====== Args={}
2020-07-31 16:27:45,706 : INFO : EventManager : Event: ======'slide_attract_game_over_slide_created'====== Args={'_from_bcp': True}
2020-07-31 16:27:45,706 : INFO : EventManager : Event: ======'slide_attract_game_over_slide_active'====== Args={'_from_bcp': True}
2020-07-31 16:27:45,706 : INFO : Machine : Starting the main run loop.
2020-07-31 16:27:45,995 : INFO : BcpServer : New client connected.
2020-07-31 16:27:47,682 : INFO : EventManager : Event: ======'slide_attract_slide_score_created'====== Args={'_from_bcp': True}
2020-07-31 16:27:47,690 : INFO : EventManager : Event: ======'slide_attract_slide_score_active'====== Args={'_from_bcp': True}
2020-07-31 16:27:47,858 : INFO : SwitchController : <<<<<<< 's_right_flipper' active >>>>>>>
2020-07-31 16:27:47,858 : INFO : EventManager : Event: ======'s_right_flipper_active'====== Args={}
2020-07-31 16:27:47,874 : INFO : EventManager : Event: ======'slide_consumable_slide_created'====== Args={'_from_bcp': True}
2020-07-31 16:27:47,875 : INFO : EventManager : Event: ======'slide_consumable_slide_active'====== Args={'_from_bcp': True}
2020-07-31 16:27:47,919 : INFO : SwitchController : <<<<<<< 's_right_flipper' inactive >>>>>>>
2020-07-31 16:27:48,338 : INFO : SwitchController : <<<<<<< 's_right_flipper' active >>>>>>>
2020-07-31 16:27:48,338 : INFO : EventManager : Event: ======'s_right_flipper_active'====== Args={}
2020-07-31 16:27:48,371 : INFO : EventManager : Event: ======'slide_consumable_slide1_created'====== Args={'_from_bcp': True}
2020-07-31 16:27:48,371 : INFO : EventManager : Event: ======'slide_consumable_slide1_active'====== Args={'_from_bcp': True}
2020-07-31 16:27:48,410 : INFO : SwitchController : <<<<<<< 's_right_flipper' inactive >>>>>>>
2020-07-31 16:27:48,535 : INFO : SwitchController : <<<<<<< 's_right_flipper' active >>>>>>>
2020-07-31 16:27:48,535 : INFO : EventManager : Event: ======'s_right_flipper_active'====== Args={}
2020-07-31 16:27:48,566 : INFO : EventManager : Event: ======'slide_consumable_slide2_created'====== Args={'_from_bcp': True}
2020-07-31 16:27:48,566 : INFO : EventManager : Event: ======'slide_consumable_slide2_active'====== Args={'_from_bcp': True}
2020-07-31 16:27:48,653 : INFO : SwitchController : <<<<<<< 's_right_flipper' inactive >>>>>>>
2020-07-31 16:27:48,763 : INFO : SwitchController : <<<<<<< 's_right_flipper' active >>>>>>>
2020-07-31 16:27:48,763 : INFO : EventManager : Event: ======'s_right_flipper_active'====== Args={}
2020-07-31 16:27:48,773 : INFO : EventManager : Event: ======'slide_hc_test_slide_created'====== Args={'_from_bcp': True}
2020-07-31 16:27:48,777 : INFO : EventManager : Event: ======'slide_hc_test_slide_active'====== Args={'_from_bcp': True}
2020-07-31 16:27:48,841 : INFO : SwitchController : <<<<<<< 's_right_flipper' inactive >>>>>>>
2020-07-31 16:27:49,019 : INFO : SwitchController : <<<<<<< 's_right_flipper' active >>>>>>>
2020-07-31 16:27:49,019 : INFO : EventManager : Event: ======'s_right_flipper_active'====== Args={}
2020-07-31 16:27:49,047 : INFO : EventManager : Event: ======'slide_test_slide_1_created'====== Args={'_from_bcp': True}
2020-07-31 16:27:49,054 : INFO : EventManager : Event: ======'slide_test_slide_1_active'====== Args={'_from_bcp': True}
2020-07-31 16:27:49,086 : INFO : SwitchController : <<<<<<< 's_right_flipper' inactive >>>>>>>
2020-07-31 16:27:49,338 : INFO : SwitchController : <<<<<<< 's_left_flipper' active >>>>>>>
2020-07-31 16:27:49,338 : INFO : EventManager : Event: ======'s_left_flipper_active'====== Args={}
2020-07-31 16:27:49,359 : INFO : EventManager : Event: ======'slide_hc_test_slide_removed'====== Args={'_from_bcp': True}
2020-07-31 16:27:49,363 : INFO : EventManager : Event: ======'slide_hc_test_slide_created'====== Args={'_from_bcp': True}
2020-07-31 16:27:49,364 : INFO : EventManager : Event: ======'slide_hc_test_slide_active'====== Args={'_from_bcp': True}
2020-07-31 16:27:49,419 : INFO : SwitchController : <<<<<<< 's_left_flipper' inactive >>>>>>>
2020-07-31 16:27:51,335 : INFO : SwitchController : <<<<<<< 's_left_flipper' active >>>>>>>
2020-07-31 16:27:51,335 : INFO : EventManager : Event: ======'s_left_flipper_active'====== Args={}
2020-07-31 16:27:51,367 : INFO : EventManager : Event: ======'slide_consumable_slide2_removed'====== Args={'_from_bcp': True}
2020-07-31 16:27:51,369 : INFO : EventManager : Event: ======'slide_consumable_slide2_created'====== Args={'_from_bcp': True}
2020-07-31 16:27:51,369 : INFO : EventManager : Event: ======'slide_consumable_slide2_active'====== Args={'_from_bcp': True}
2020-07-31 16:27:51,451 : INFO : SwitchController : <<<<<<< 's_left_flipper' inactive >>>>>>>
2020-07-31 16:27:51,769 : INFO : SwitchController : <<<<<<< 's_right_flipper' active >>>>>>>
2020-07-31 16:27:51,769 : INFO : EventManager : Event: ======'s_right_flipper_active'====== Args={}
2020-07-31 16:27:51,793 : INFO : EventManager : Event: ======'slide_hc_test_slide_removed'====== Args={'_from_bcp': True}
2020-07-31 16:27:51,794 : INFO : EventManager : Event: ======'slide_hc_test_slide_created'====== Args={'_from_bcp': True}
2020-07-31 16:27:51,795 : INFO : EventManager : Event: ======'slide_hc_test_slide_active'====== Args={'_from_bcp': True}
2020-07-31 16:27:51,886 : INFO : SwitchController : <<<<<<< 's_right_flipper' inactive >>>>>>>
2020-07-31 16:27:53,019 : INFO : SwitchController : <<<<<<< 's_left_flipper' active >>>>>>>
2020-07-31 16:27:53,019 : INFO : EventManager : Event: ======'s_left_flipper_active'====== Args={}
2020-07-31 16:27:53,049 : INFO : EventManager : Event: ======'slide_consumable_slide2_removed'====== Args={'_from_bcp': True}
2020-07-31 16:27:53,051 : INFO : EventManager : Event: ======'slide_consumable_slide2_created'====== Args={'_from_bcp': True}
2020-07-31 16:27:53,051 : INFO : EventManager : Event: ======'slide_consumable_slide2_active'====== Args={'_from_bcp': True}
2020-07-31 16:27:53,158 : INFO : SwitchController : <<<<<<< 's_left_flipper' inactive >>>>>>>
2020-07-31 16:27:53,364 : INFO : SwitchController : <<<<<<< 's_right_flipper' active >>>>>>>
2020-07-31 16:27:53,365 : INFO : EventManager : Event: ======'s_right_flipper_active'====== Args={}
2020-07-31 16:27:53,376 : INFO : EventManager : Event: ======'slide_hc_test_slide_removed'====== Args={'_from_bcp': True}
2020-07-31 16:27:53,378 : INFO : EventManager : Event: ======'slide_hc_test_slide_created'====== Args={'_from_bcp': True}
2020-07-31 16:27:53,379 : INFO : EventManager : Event: ======'slide_hc_test_slide_active'====== Args={'_from_bcp': True}
2020-07-31 16:27:53,454 : INFO : SwitchController : <<<<<<< 's_right_flipper' inactive >>>>>>>
2020-07-31 16:27:55,153 : INFO : SwitchController : <<<<<<< 's_right_flipper' active >>>>>>>
2020-07-31 16:27:55,153 : INFO : EventManager : Event: ======'s_right_flipper_active'====== Args={}
2020-07-31 16:27:55,179 : INFO : EventManager : Event: ======'slide_test_slide_1_removed'====== Args={'_from_bcp': True}
2020-07-31 16:27:55,182 : INFO : EventManager : Event: ======'slide_test_slide_1_created'====== Args={'_from_bcp': True}
2020-07-31 16:27:55,194 : INFO : EventManager : Event: ======'slide_test_slide_1_active'====== Args={'_from_bcp': True}
2020-07-31 16:27:55,257 : INFO : SwitchController : <<<<<<< 's_right_flipper' inactive >>>>>>>
2020-07-31 16:27:55,421 : INFO : SwitchController : <<<<<<< 's_left_flipper' active >>>>>>>
2020-07-31 16:27:55,421 : INFO : EventManager : Event: ======'s_left_flipper_active'====== Args={}
2020-07-31 16:27:55,450 : INFO : EventManager : Event: ======'slide_hc_test_slide_removed'====== Args={'_from_bcp': True}
2020-07-31 16:27:55,451 : INFO : EventManager : Event: ======'slide_hc_test_slide_created'====== Args={'_from_bcp': True}
2020-07-31 16:27:55,452 : INFO : EventManager : Event: ======'slide_hc_test_slide_active'====== Args={'_from_bcp': True}
2020-07-31 16:27:55,525 : INFO : SwitchController : <<<<<<< 's_left_flipper' inactive >>>>>>>
2020-07-31 16:27:58,077 : INFO : SwitchController : <<<<<<< 's_left_flipper' active >>>>>>>
2020-07-31 16:27:58,077 : INFO : EventManager : Event: ======'s_left_flipper_active'====== Args={}
2020-07-31 16:27:58,087 : INFO : EventManager : Event: ======'slide_consumable_slide2_removed'====== Args={'_from_bcp': True}
2020-07-31 16:27:58,089 : INFO : EventManager : Event: ======'slide_consumable_slide2_created'====== Args={'_from_bcp': True}
2020-07-31 16:27:58,090 : INFO : EventManager : Event: ======'slide_consumable_slide2_active'====== Args={'_from_bcp': True}
2020-07-31 16:27:58,172 : INFO : SwitchController : <<<<<<< 's_left_flipper' inactive >>>>>>>
2020-07-31 16:27:58,359 : INFO : SwitchController : <<<<<<< 's_right_flipper' active >>>>>>>
2020-07-31 16:27:58,359 : INFO : EventManager : Event: ======'s_right_flipper_active'====== Args={}
2020-07-31 16:27:58,372 : INFO : EventManager : Event: ======'slide_hc_test_slide_removed'====== Args={'_from_bcp': True}
2020-07-31 16:27:58,376 : INFO : EventManager : Event: ======'slide_hc_test_slide_created'====== Args={'_from_bcp': True}
2020-07-31 16:27:58,377 : INFO : EventManager : Event: ======'slide_hc_test_slide_active'====== Args={'_from_bcp': True}
2020-07-31 16:27:58,437 : INFO : SwitchController : <<<<<<< 's_right_flipper' inactive >>>>>>>
2020-07-31 16:27:59,654 : INFO : SwitchController : <<<<<<< 's_left_flipper' active >>>>>>>
2020-07-31 16:27:59,654 : INFO : EventManager : Event: ======'s_left_flipper_active'====== Args={}
2020-07-31 16:27:59,671 : INFO : EventManager : Event: ======'slide_consumable_slide2_removed'====== Args={'_from_bcp': True}
2020-07-31 16:27:59,674 : INFO : EventManager : Event: ======'slide_consumable_slide2_created'====== Args={'_from_bcp': True}
2020-07-31 16:27:59,691 : INFO : EventManager : Event: ======'slide_consumable_slide2_active'====== Args={'_from_bcp': True}
2020-07-31 16:27:59,752 : INFO : SwitchController : <<<<<<< 's_left_flipper' inactive >>>>>>>
2020-07-31 16:28:00,111 : INFO : SwitchController : <<<<<<< 's_right_flipper' active >>>>>>>
2020-07-31 16:28:00,112 : INFO : EventManager : Event: ======'s_right_flipper_active'====== Args={}
2020-07-31 16:28:00,121 : INFO : EventManager : Event: ======'slide_hc_test_slide_removed'====== Args={'_from_bcp': True}
2020-07-31 16:28:00,126 : INFO : EventManager : Event: ======'slide_hc_test_slide_created'====== Args={'_from_bcp': True}
2020-07-31 16:28:00,129 : INFO : EventManager : Event: ======'slide_hc_test_slide_active'====== Args={'_from_bcp': True}
2020-07-31 16:28:00,169 : INFO : SwitchController : <<<<<<< 's_right_flipper' inactive >>>>>>>
2020-07-31 16:28:01,303 : INFO : SwitchController : <<<<<<< 's_left_flipper' active >>>>>>>
2020-07-31 16:28:01,304 : INFO : EventManager : Event: ======'s_left_flipper_active'====== Args={}
2020-07-31 16:28:01,321 : INFO : EventManager : Event: ======'slide_consumable_slide2_removed'====== Args={'_from_bcp': True}
2020-07-31 16:28:01,335 : INFO : EventManager : Event: ======'slide_consumable_slide2_created'====== Args={'_from_bcp': True}
2020-07-31 16:28:01,339 : INFO : EventManager : Event: ======'slide_consumable_slide2_active'====== Args={'_from_bcp': True}
2020-07-31 16:28:01,387 : INFO : SwitchController : <<<<<<< 's_left_flipper' inactive >>>>>>>
2020-07-31 16:28:01,620 : INFO : SwitchController : <<<<<<< 's_right_flipper' active >>>>>>>
2020-07-31 16:28:01,620 : INFO : EventManager : Event: ======'s_right_flipper_active'====== Args={}
2020-07-31 16:28:01,650 : INFO : EventManager : Event: ======'slide_hc_test_slide_removed'====== Args={'_from_bcp': True}
2020-07-31 16:28:01,652 : INFO : EventManager : Event: ======'slide_hc_test_slide_created'====== Args={'_from_bcp': True}
2020-07-31 16:28:01,653 : INFO : EventManager : Event: ======'slide_hc_test_slide_active'====== Args={'_from_bcp': True}
2020-07-31 16:28:01,731 : INFO : SwitchController : <<<<<<< 's_right_flipper' inactive >>>>>>>
2020-07-31 16:28:03,320 : INFO : Machine : Shutting down...
2020-07-31 16:28:03,320 : INFO : EventManager : Event: ======'shutdown'====== Args={}
2020-07-31 16:28:03,323 : INFO : root : MPF run loop ended.
