2020-04-08 19:29:08,349 : INFO : Machine : Mission Pinball Framework Core Engine v0.53.2
2020-04-08 19:29:08,350 : INFO : Machine : Command line arguments: {'no_load_cache': False, 'create_config_cache': True, 'bcp': True, 'configfile': ['config.yaml'], 'mpfconfigfile': 'c:\\users\\schol\\appdata\\local\\programs\\python\\python36\\lib\\site-packages\\mpf\\mpfconfig.yaml', 'force_assets_load': False, 'jsonlogging': False, 'logfile': 'logs\\2020-04-08-19-29-08-mpf-DESKTOP-FPTMTCL.log', 'pause': False, 'production': False, 'text_ui': True, 'loglevel': 15, 'consoleloglevel': 20, 'force_platform': 'smart_virtual', 'syslog_address': None, 'mc_file_name': None, 'no_sound': False}
2020-04-08 19:29:08,350 : INFO : Machine : MPF path: c:\users\schol\appdata\local\programs\python\python36\lib\site-packages\mpf
2020-04-08 19:29:08,350 : INFO : Machine : Machine path: E:\MPF\wows\wows
2020-04-08 19:29:08,350 : INFO : Machine : Platform: win32
2020-04-08 19:29:08,350 : INFO : Machine : Python executable location: c:\users\schol\appdata\local\programs\python\python36\python.exe
2020-04-08 19:29:08,350 : INFO : Machine : Python version: 3.6.4 (64-bit)
2020-04-08 19:29:08,350 : INFO : Machine : Machine config file #1: config.yaml
2020-04-08 19:29:08,351 : INFO : ConfigProcessor : Loading config from cache: C:\Users\schol\AppData\Local\Temp\1ed54315bc874a19390ba34e1a0f1800.mpf_cache
2020-04-08 19:29:08,357 : INFO : Machine : Initialise MPF.
2020-04-08 19:29:08,662 : INFO : EventManager : Event: ======'machine_var_credits_string'====== Args={'value': 'FREE PLAY', 'prev_value': None, 'change': True}
2020-04-08 19:29:08,701 : INFO : EventManager : Event: ======'machine_var_player1_score'====== Args={'value': 0, 'prev_value': None, 'change': True}
2020-04-08 19:29:08,701 : INFO : EventManager : Event: ======'machine_var_mpf_version'====== Args={'value': 'MPF v0.53.2', 'prev_value': None, 'change': True}
2020-04-08 19:29:08,701 : INFO : EventManager : Event: ======'machine_var_mpf_extended_version'====== Args={'value': 'MPF v0.53.2, Config version:5, Show version: 5, BCP version:1.1', 'prev_value': None, 'change': True}
2020-04-08 19:29:08,701 : INFO : EventManager : Event: ======'machine_var_python_version'====== Args={'value': '3.6.4', 'prev_value': None, 'change': True}
2020-04-08 19:29:08,702 : INFO : EventManager : Event: ======'machine_var_platform'====== Args={'value': 'Windows-10-10.0.18362-SP0', 'prev_value': None, 'change': True}
2020-04-08 19:29:08,702 : INFO : EventManager : Event: ======'machine_var_platform_system'====== Args={'value': 'Windows', 'prev_value': None, 'change': True}
2020-04-08 19:29:08,702 : INFO : EventManager : Event: ======'machine_var_platform_release'====== Args={'value': '10', 'prev_value': None, 'change': True}
2020-04-08 19:29:08,702 : INFO : EventManager : Event: ======'machine_var_platform_version'====== Args={'value': '10.0.18362', 'prev_value': None, 'change': True}
2020-04-08 19:29:08,702 : INFO : EventManager : Event: ======'machine_var_platform_machine'====== Args={'value': 'AMD64', 'prev_value': None, 'change': True}
2020-04-08 19:29:08,702 : INFO : EventManager : Event: ======'init_phase_1'====== Args={}
2020-04-08 19:29:08,737 : INFO : ConfigProcessor : Loading config from cache: C:\Users\schol\AppData\Local\Temp\4303dca7489148da2d256fc831cf8c96.mpf_cache
2020-04-08 19:29:08,739 : INFO : ConfigProcessor : Loading config from cache: C:\Users\schol\AppData\Local\Temp\dec453850496132f8dddcdfa0a36feb5.mpf_cache
2020-04-08 19:29:08,741 : INFO : ConfigProcessor : Loading config from cache: C:\Users\schol\AppData\Local\Temp\db3d1ab92e5d5c563b40d82372434517.mpf_cache
2020-04-08 19:29:08,742 : INFO : ConfigProcessor : Loading config from cache: C:\Users\schol\AppData\Local\Temp\466eddfec572894d9eb472ce07aa5fba.mpf_cache
2020-04-08 19:29:08,745 : INFO : ConfigProcessor : Loading config from cache: C:\Users\schol\AppData\Local\Temp\5ab98d4be1e8de85bea62364890eb2e9.mpf_cache
2020-04-08 19:29:08,747 : INFO : ConfigProcessor : Loading config from cache: C:\Users\schol\AppData\Local\Temp\d5fd805c5432c1441bf01a6268536a3d.mpf_cache
2020-04-08 19:29:08,752 : INFO : ConfigProcessor : Loading config from cache: C:\Users\schol\AppData\Local\Temp\ba047bbdc168fca96d58d351c4240916.mpf_cache
2020-04-08 19:29:08,753 : INFO : ConfigProcessor : Loading config from cache: C:\Users\schol\AppData\Local\Temp\95e265efe14e4eb05d8d5c5689c9ae6b.mpf_cache
2020-04-08 19:29:08,755 : INFO : ConfigProcessor : Loading config from cache: C:\Users\schol\AppData\Local\Temp\2f89b2ab1d9f3cef79a660914b2a527a.mpf_cache
2020-04-08 19:29:08,757 : INFO : ConfigProcessor : Loading config from cache: C:\Users\schol\AppData\Local\Temp\1ff29be1d22fb14fe5fd1c82a6918df4.mpf_cache
2020-04-08 19:29:08,759 : INFO : ConfigProcessor : Loading config from cache: C:\Users\schol\AppData\Local\Temp\b1234e2c44a33609dc2af4760c4a3f89.mpf_cache
2020-04-08 19:29:08,761 : INFO : ConfigProcessor : Loading config from cache: C:\Users\schol\AppData\Local\Temp\de2d3fc178b15ce3807fa4ab35b9c965.mpf_cache
2020-04-08 19:29:08,763 : INFO : ConfigProcessor : Loading config from cache: C:\Users\schol\AppData\Local\Temp\200a9b2dddbe7706ffb4c4426b6d54a8.mpf_cache
2020-04-08 19:29:08,765 : INFO : ConfigProcessor : Loading config from cache: C:\Users\schol\AppData\Local\Temp\e8fceecd8f65a6a7269e98c7961bbf6a.mpf_cache
2020-04-08 19:29:08,767 : INFO : ConfigProcessor : Loading config from cache: C:\Users\schol\AppData\Local\Temp\93429a2a8e0859f6546b68f40c2a4656.mpf_cache
2020-04-08 19:29:08,769 : INFO : ConfigProcessor : Loading config from cache: C:\Users\schol\AppData\Local\Temp\7c1900736275ba8a713cfe77e991e929.mpf_cache
2020-04-08 19:29:08,771 : INFO : ConfigProcessor : Loading config from cache: C:\Users\schol\AppData\Local\Temp\5c4497fcd69d1d656c4b69a28e44c490.mpf_cache
2020-04-08 19:29:08,776 : WARNING : ConfigProcessor : Config file in cache changed: E:\MPF\wows\wows\modes\port_hole_manager\config\port_hole_manager.yaml
2020-04-08 19:29:08,776 : INFO : ConfigProcessor : Loading config from file E:\MPF\wows\wows\modes\port_hole_manager\config\port_hole_manager.yaml.
2020-04-08 19:29:08,782 : INFO : ConfigProcessor : Loading config: E:\MPF\wows\wows\modes\port_hole_manager\config\port_hole_manager.yaml
2020-04-08 19:29:08,783 : INFO : ConfigProcessor : Config file cache created: C:\Users\schol\AppData\Local\Temp\efcf079e5af2b94e88dae4e07273acc8.mpf_cache
2020-04-08 19:29:08,785 : INFO : ConfigProcessor : Loading config from cache: C:\Users\schol\AppData\Local\Temp\72e9fea1cb562e40024eb5e8538ccaf2.mpf_cache
2020-04-08 19:29:08,787 : INFO : ConfigProcessor : Loading config from cache: C:\Users\schol\AppData\Local\Temp\b0de444617e3bf30a07f755a6d4831cc.mpf_cache
2020-04-08 19:29:08,789 : INFO : ConfigProcessor : Loading config from cache: C:\Users\schol\AppData\Local\Temp\159a0b7ffc6de2ed1a8cdcd57b7df3c0.mpf_cache
2020-04-08 19:29:08,791 : INFO : ConfigProcessor : Loading config from cache: C:\Users\schol\AppData\Local\Temp\c84d6d08bf6f923cbcccfeeea02d2c8a.mpf_cache
2020-04-08 19:29:08,793 : INFO : ConfigProcessor : Loading config from cache: C:\Users\schol\AppData\Local\Temp\95ae88fb094583fa2b4097c6df179650.mpf_cache
2020-04-08 19:29:08,795 : INFO : ConfigProcessor : Loading config from cache: C:\Users\schol\AppData\Local\Temp\0c80ca2179989d09b86c78c19ec87d9b.mpf_cache
2020-04-08 19:29:08,830 : INFO : EventManager : Event: ======'main_state'====== Args={}
2020-04-08 19:29:08,830 : INFO : EventManager : Event: ======'lock_lit_started'====== Args={}
2020-04-08 19:29:08,830 : INFO : EventManager : Event: ======'disable_mode'====== Args={}
2020-04-08 19:29:08,830 : INFO : EventManager : Event: ======'multiball_inactive'====== Args={}
2020-04-08 19:29:08,831 : INFO : EventManager : Event: ======'lite_detonation_start'====== Args={}
2020-04-08 19:29:08,831 : WARNING : Mode.confederate : Can only start mode confederate during a game. Aborting start.
2020-04-08 19:29:08,831 : WARNING : Mode.value_manager : Can only start mode value_manager during a game. Aborting start.
2020-04-08 19:29:08,831 : WARNING : Mode.mode_lit : Can only start mode mode_lit during a game. Aborting start.
2020-04-08 19:29:08,831 : WARNING : Mode.battle_manager : Can only start mode battle_manager during a game. Aborting start.
2020-04-08 19:29:08,831 : WARNING : Mode.hc_lock_lit : Can only start mode hc_lock_lit during a game. Aborting start.
2020-04-08 19:29:08,832 : INFO : EventManager : Event: ======'init_phase_2'====== Args={}
2020-04-08 19:29:08,832 : INFO : SwitchController : Found active switch: ('2', <Platform.SmartVirtual>)
2020-04-08 19:29:08,832 : INFO : SwitchController : Found active switch: ('3', <Platform.SmartVirtual>)
2020-04-08 19:29:08,832 : INFO : SwitchController : Found active switch: ('4', <Platform.SmartVirtual>)
2020-04-08 19:29:08,832 : INFO : SwitchController : Found active switch: ('5', <Platform.SmartVirtual>)
2020-04-08 19:29:08,833 : INFO : SwitchController : Found active switch: ('6', <Platform.SmartVirtual>)
2020-04-08 19:29:08,833 : INFO : SwitchController : Found active switch: ('7', <Platform.SmartVirtual>)
2020-04-08 19:29:08,844 : INFO : EventManager : Event: ======'bcp_connection_attempt'====== Args={'name': 'local_display', 'host': 'localhost', 'port': 5050}
2020-04-08 19:29:08,846 : INFO : BCPClientSocket : Connecting BCP to 'local_display' at localhost:5050...
2020-04-08 19:29:10,863 : INFO : BCPClientSocket : Connected BCP to 'local_display' localhost:5050
2020-04-08 19:29:10,864 : INFO : EventManager : Event: ======'bcp_clients_connected'====== Args={}
2020-04-08 19:29:10,900 : INFO : EventManager : Event: ======'init_phase_3'====== Args={}
2020-04-08 19:29:10,901 : INFO : AssetManager : Registering Asset: mode_countdown, File: mode_countdown.yaml, Default Group: default, Final Config: {'load': 'preload', 'file': 'E:\\MPF\\wows\\wows\\shows\\mode_countdown.yaml'}
2020-04-08 19:29:10,901 : INFO : AssetManager : Registering Asset: sh_container_ball, File: sh_container_ball.yaml, Default Group: default, Final Config: {'load': 'preload', 'file': 'E:\\MPF\\wows\\wows\\shows\\sh_container_ball.yaml'}
2020-04-08 19:29:10,901 : INFO : AssetManager : Registering Asset: sh_container_dmg, File: sh_container_dmg.yaml, Default Group: default, Final Config: {'load': 'preload', 'file': 'E:\\MPF\\wows\\wows\\shows\\sh_container_dmg.yaml'}
2020-04-08 19:29:10,901 : INFO : AssetManager : Registering Asset: sh_container_jet, File: sh_container_jet.yaml, Default Group: default, Final Config: {'load': 'preload', 'file': 'E:\\MPF\\wows\\wows\\shows\\sh_container_jet.yaml'}
2020-04-08 19:29:10,901 : INFO : AssetManager : Registering Asset: sh_container_time, File: sh_container_time.yaml, Default Group: default, Final Config: {'load': 'preload', 'file': 'E:\\MPF\\wows\\wows\\shows\\sh_container_time.yaml'}
2020-04-08 19:29:10,901 : INFO : AssetManager : Registering Asset: sh_container_x, File: sh_container_x.yaml, Default Group: default, Final Config: {'load': 'preload', 'file': 'E:\\MPF\\wows\\wows\\shows\\sh_container_x.yaml'}
2020-04-08 19:29:10,901 : INFO : AssetManager : Registering Asset: sh_container_xp, File: sh_container_xp.yaml, Default Group: default, Final Config: {'load': 'preload', 'file': 'E:\\MPF\\wows\\wows\\shows\\sh_container_xp.yaml'}
2020-04-08 19:29:10,901 : INFO : AssetManager : Registering Asset: sh_mode_1_shot_made, File: sh_mode_1_shot_made.yaml, Default Group: default, Final Config: {'load': 'preload', 'file': 'E:\\MPF\\wows\\wows\\shows\\sh_mode_1_shot_made.yaml'}
2020-04-08 19:29:10,901 : INFO : AssetManager : Registering Asset: sh_mode_1_start, File: sh_mode_1_start.yaml, Default Group: default, Final Config: {'load': 'preload', 'file': 'E:\\MPF\\wows\\wows\\shows\\sh_mode_1_start.yaml'}
2020-04-08 19:29:10,901 : INFO : AssetManager : Registering Asset: sh_mode_2_start, File: sh_mode_2_start.yaml, Default Group: default, Final Config: {'load': 'preload', 'file': 'E:\\MPF\\wows\\wows\\shows\\sh_mode_2_start.yaml'}
2020-04-08 19:29:10,901 : INFO : AssetManager : Registering Asset: sh_mode_3_shot_made, File: sh_mode_3_shot_made.yaml, Default Group: default, Final Config: {'load': 'preload', 'file': 'E:\\MPF\\wows\\wows\\shows\\sh_mode_3_shot_made.yaml'}
2020-04-08 19:29:10,901 : INFO : AssetManager : Registering Asset: sh_mode_3_start, File: sh_mode_3_start.yaml, Default Group: default, Final Config: {'load': 'preload', 'file': 'E:\\MPF\\wows\\wows\\shows\\sh_mode_3_start.yaml'}
2020-04-08 19:29:10,902 : INFO : AssetManager : Registering Asset: sh_mode_4_shot_made, File: sh_mode_4_shot_made.yaml, Default Group: default, Final Config: {'load': 'preload', 'file': 'E:\\MPF\\wows\\wows\\shows\\sh_mode_4_shot_made.yaml'}
2020-04-08 19:29:10,902 : INFO : AssetManager : Registering Asset: sh_mode_4_start, File: sh_mode_4_start.yaml, Default Group: default, Final Config: {'load': 'preload', 'file': 'E:\\MPF\\wows\\wows\\shows\\sh_mode_4_start.yaml'}
2020-04-08 19:29:10,902 : INFO : AssetManager : Registering Asset: sh_mode_5_shot_made, File: sh_mode_5_shot_made.yaml, Default Group: default, Final Config: {'load': 'preload', 'file': 'E:\\MPF\\wows\\wows\\shows\\sh_mode_5_shot_made.yaml'}
2020-04-08 19:29:10,902 : INFO : AssetManager : Registering Asset: sh_mode_5_start, File: sh_mode_5_start.yaml, Default Group: default, Final Config: {'load': 'preload', 'file': 'E:\\MPF\\wows\\wows\\shows\\sh_mode_5_start.yaml'}
2020-04-08 19:29:10,902 : INFO : AssetManager : Registering Asset: sh_mode_6_shot_made, File: sh_mode_6_shot_made.yaml, Default Group: default, Final Config: {'load': 'preload', 'file': 'E:\\MPF\\wows\\wows\\shows\\sh_mode_6_shot_made.yaml'}
2020-04-08 19:29:10,902 : INFO : AssetManager : Registering Asset: sh_mode_6_start, File: sh_mode_6_start.yaml, Default Group: default, Final Config: {'load': 'preload', 'file': 'E:\\MPF\\wows\\wows\\shows\\sh_mode_6_start.yaml'}
2020-04-08 19:29:10,902 : INFO : AssetManager : Registering Asset: sh_mode_7_shot_made, File: sh_mode_7_shot_made.yaml, Default Group: default, Final Config: {'load': 'preload', 'file': 'E:\\MPF\\wows\\wows\\shows\\sh_mode_7_shot_made.yaml'}
2020-04-08 19:29:10,902 : INFO : AssetManager : Registering Asset: sh_mode_7_start, File: sh_mode_7_start.yaml, Default Group: default, Final Config: {'load': 'preload', 'file': 'E:\\MPF\\wows\\wows\\shows\\sh_mode_7_start.yaml'}
2020-04-08 19:29:10,902 : INFO : AssetManager : Registering Asset: sh_mode_8_shot_made, File: sh_mode_8_shot_made.yaml, Default Group: default, Final Config: {'load': 'preload', 'file': 'E:\\MPF\\wows\\wows\\shows\\sh_mode_8_shot_made.yaml'}
2020-04-08 19:29:10,902 : INFO : AssetManager : Registering Asset: sh_mode_8_start, File: sh_mode_8_start.yaml, Default Group: default, Final Config: {'load': 'preload', 'file': 'E:\\MPF\\wows\\wows\\shows\\sh_mode_8_start.yaml'}
2020-04-08 19:29:10,902 : INFO : AssetManager : Registering Asset: sh_mode_9_shot_made, File: sh_mode_9_shot_made.yaml, Default Group: default, Final Config: {'load': 'preload', 'file': 'E:\\MPF\\wows\\wows\\shows\\sh_mode_9_shot_made.yaml'}
2020-04-08 19:29:10,902 : INFO : AssetManager : Registering Asset: sh_mode_9_start, File: sh_mode_9_start.yaml, Default Group: default, Final Config: {'load': 'preload', 'file': 'E:\\MPF\\wows\\wows\\shows\\sh_mode_9_start.yaml'}
2020-04-08 19:29:10,902 : INFO : AssetManager : Registering Asset: sh_start_hc_multiball, File: sh_start_hc_multiball.yaml, Default Group: default, Final Config: {'load': 'preload', 'file': 'E:\\MPF\\wows\\wows\\shows\\sh_start_hc_multiball.yaml'}
2020-04-08 19:29:10,906 : INFO : EventManager : Event: ======'machine_var_mc_version'====== Args={'value': 'MPF-MC v0.53.0', 'prev_value': None, 'change': True}
2020-04-08 19:29:10,906 : INFO : EventManager : Event: ======'machine_var_mc_extended_version'====== Args={'value': 'MPF-MC v0.53.0 (config_version=5, BCP v1.1, Requires MPF v0.53.0)', 'prev_value': None, 'change': True}
2020-04-08 19:29:10,908 : INFO : EventManager : Event: ======'machine_var_master_volume'====== Args={'value': 0.5, 'prev_value': None, 'change': True}
2020-04-08 19:29:10,908 : INFO : ConfigProcessor : Loading config from cache: C:\Users\schol\AppData\Local\Temp\6d62665f0d27f04673542af594d4fd9b.mpf_cache
2020-04-08 19:29:10,909 : INFO : EventManager : Event: ======'loading_assets'====== Args={'total': 25, 'loaded': 1, 'remaining': 24, 'percent': 4}
2020-04-08 19:29:10,909 : INFO : AssetManager : Loading assets: 1/25 (4%)
2020-04-08 19:29:10,910 : WARNING : ConfigProcessor : Cache file not found: C:\Users\schol\AppData\Local\Temp\804b9a1ad2b0368c8378a1697de79431.mpf_cache
2020-04-08 19:29:10,910 : INFO : ConfigProcessor : Loading config from file E:\MPF\wows\wows\shows\sh_container_ball.yaml.
2020-04-08 19:29:10,912 : INFO : ConfigProcessor : Loading config: E:\MPF\wows\wows\shows\sh_container_ball.yaml
2020-04-08 19:29:10,913 : INFO : ConfigProcessor : Config file cache created: C:\Users\schol\AppData\Local\Temp\804b9a1ad2b0368c8378a1697de79431.mpf_cache
2020-04-08 19:29:10,913 : WARNING : ConfigProcessor : Cache file not found: C:\Users\schol\AppData\Local\Temp\3f05176740ce9b1ce630d9f26057f472.mpf_cache
2020-04-08 19:29:10,914 : INFO : ConfigProcessor : Loading config from file E:\MPF\wows\wows\shows\sh_container_dmg.yaml.
2020-04-08 19:29:10,916 : INFO : ConfigProcessor : Loading config: E:\MPF\wows\wows\shows\sh_container_dmg.yaml
2020-04-08 19:29:10,917 : INFO : ConfigProcessor : Config file cache created: C:\Users\schol\AppData\Local\Temp\3f05176740ce9b1ce630d9f26057f472.mpf_cache
2020-04-08 19:29:10,917 : WARNING : ConfigProcessor : Cache file not found: C:\Users\schol\AppData\Local\Temp\d75c6855c6bfc342a42171d44ee55d0f.mpf_cache
2020-04-08 19:29:10,918 : INFO : ConfigProcessor : Loading config from file E:\MPF\wows\wows\shows\sh_container_jet.yaml.
2020-04-08 19:29:10,920 : INFO : ConfigProcessor : Loading config: E:\MPF\wows\wows\shows\sh_container_jet.yaml
2020-04-08 19:29:10,920 : INFO : ConfigProcessor : Config file cache created: C:\Users\schol\AppData\Local\Temp\d75c6855c6bfc342a42171d44ee55d0f.mpf_cache
2020-04-08 19:29:10,921 : WARNING : ConfigProcessor : Cache file not found: C:\Users\schol\AppData\Local\Temp\add867c5df761e1504adb97d6f9bf236.mpf_cache
2020-04-08 19:29:10,921 : INFO : ConfigProcessor : Loading config from file E:\MPF\wows\wows\shows\sh_container_time.yaml.
2020-04-08 19:29:10,924 : INFO : ConfigProcessor : Loading config: E:\MPF\wows\wows\shows\sh_container_time.yaml
2020-04-08 19:29:10,925 : INFO : ConfigProcessor : Config file cache created: C:\Users\schol\AppData\Local\Temp\add867c5df761e1504adb97d6f9bf236.mpf_cache
2020-04-08 19:29:10,926 : WARNING : ConfigProcessor : Cache file not found: C:\Users\schol\AppData\Local\Temp\c03af884f77fd2edff48f1f1b29a0001.mpf_cache
2020-04-08 19:29:10,926 : INFO : ConfigProcessor : Loading config from file E:\MPF\wows\wows\shows\sh_container_x.yaml.
2020-04-08 19:29:10,928 : INFO : ConfigProcessor : Loading config: E:\MPF\wows\wows\shows\sh_container_x.yaml
2020-04-08 19:29:10,929 : INFO : ConfigProcessor : Config file cache created: C:\Users\schol\AppData\Local\Temp\c03af884f77fd2edff48f1f1b29a0001.mpf_cache
2020-04-08 19:29:10,930 : WARNING : ConfigProcessor : Cache file not found: C:\Users\schol\AppData\Local\Temp\125cf4d7d8d0f7b14ac4e9b5c5fc6dd9.mpf_cache
2020-04-08 19:29:10,930 : INFO : ConfigProcessor : Loading config from file E:\MPF\wows\wows\shows\sh_container_xp.yaml.
2020-04-08 19:29:10,933 : INFO : ConfigProcessor : Loading config: E:\MPF\wows\wows\shows\sh_container_xp.yaml
2020-04-08 19:29:10,933 : INFO : ConfigProcessor : Config file cache created: C:\Users\schol\AppData\Local\Temp\125cf4d7d8d0f7b14ac4e9b5c5fc6dd9.mpf_cache
2020-04-08 19:29:10,934 : INFO : ConfigProcessor : Loading config from cache: C:\Users\schol\AppData\Local\Temp\9e890f4f58f205d8bba0abd84e3290c7.mpf_cache
2020-04-08 19:29:10,935 : INFO : ConfigProcessor : Loading config from cache: C:\Users\schol\AppData\Local\Temp\7e90ab1bc560333dd4b4d9f4aaf6bf62.mpf_cache
2020-04-08 19:29:10,935 : INFO : ConfigProcessor : Loading config from cache: C:\Users\schol\AppData\Local\Temp\4398dc713d774371f49c655025259670.mpf_cache
2020-04-08 19:29:10,936 : INFO : ConfigProcessor : Loading config from cache: C:\Users\schol\AppData\Local\Temp\91df8e0ae0e44730ed622ea2efb74e97.mpf_cache
2020-04-08 19:29:10,937 : INFO : ConfigProcessor : Loading config from cache: C:\Users\schol\AppData\Local\Temp\dff6fabdd3c60a7e52618c514c4d53bb.mpf_cache
2020-04-08 19:29:10,938 : INFO : ConfigProcessor : Loading config from cache: C:\Users\schol\AppData\Local\Temp\69fdf32f8b1f00ca71933bfdf818d181.mpf_cache
2020-04-08 19:29:10,939 : INFO : ConfigProcessor : Loading config from cache: C:\Users\schol\AppData\Local\Temp\2ea47c81ed4f8a69c675021c80778e85.mpf_cache
2020-04-08 19:29:10,940 : INFO : ConfigProcessor : Loading config from cache: C:\Users\schol\AppData\Local\Temp\3078b120455821a73c8c6f8a1dceab4f.mpf_cache
2020-04-08 19:29:10,941 : INFO : ConfigProcessor : Loading config from cache: C:\Users\schol\AppData\Local\Temp\d95a17e65a2b41e386a7fc14bcda65fd.mpf_cache
2020-04-08 19:29:10,941 : INFO : ConfigProcessor : Loading config from cache: C:\Users\schol\AppData\Local\Temp\8d6f9c7ff9c39db68f4d155bf8492fbe.mpf_cache
2020-04-08 19:29:10,942 : INFO : ConfigProcessor : Loading config from cache: C:\Users\schol\AppData\Local\Temp\155f4ce74e2bf17af8dbff2a4763087f.mpf_cache
2020-04-08 19:29:10,943 : INFO : ConfigProcessor : Loading config from cache: C:\Users\schol\AppData\Local\Temp\58d128190d1d0b57398f3d0bb3d51665.mpf_cache
2020-04-08 19:29:10,944 : INFO : ConfigProcessor : Loading config from cache: C:\Users\schol\AppData\Local\Temp\3a392e0f36204bd15fe7f620a9abd8a5.mpf_cache
2020-04-08 19:29:10,945 : INFO : ConfigProcessor : Loading config from cache: C:\Users\schol\AppData\Local\Temp\53b5443f454133ae1b362b3b93db77cb.mpf_cache
2020-04-08 19:29:10,946 : INFO : ConfigProcessor : Loading config from cache: C:\Users\schol\AppData\Local\Temp\3931d087bd0a337e7115b05d59ca5799.mpf_cache
2020-04-08 19:29:10,947 : INFO : ConfigProcessor : Loading config from cache: C:\Users\schol\AppData\Local\Temp\92bd7ddb78685ce3872fdffddbf4066b.mpf_cache
2020-04-08 19:29:10,948 : INFO : ConfigProcessor : Loading config from cache: C:\Users\schol\AppData\Local\Temp\f17b18f8fc49aa4015f8aaed5fe0310c.mpf_cache
2020-04-08 19:29:10,949 : INFO : ConfigProcessor : Loading config from cache: C:\Users\schol\AppData\Local\Temp\7058dd9e75ad4dd97e6d02eda1f8d5f4.mpf_cache
2020-04-08 19:29:10,949 : INFO : EventManager : Event: ======'loading_assets'====== Args={'total': 25, 'loaded': 25, 'remaining': 0, 'percent': 100}
2020-04-08 19:29:10,950 : INFO : AssetManager : Asset loading took: 2.303814649581909
2020-04-08 19:29:10,950 : INFO : EventManager : Event: ======'asset_loading_complete'====== Args={}
2020-04-08 19:29:10,950 : INFO : AssetManager : Loading assets: 25/25 (100%)
2020-04-08 19:29:10,950 : INFO : EventManager : Event: ======'init_phase_4'====== Args={}
2020-04-08 19:29:10,972 : INFO : EventManager : Event: ======'machine_var_audits_events_game_ended'====== Args={'value': 1, 'prev_value': None, 'change': True}
2020-04-08 19:29:10,972 : INFO : EventManager : Event: ======'machine_var_audits_events_game_started'====== Args={'value': 562, 'prev_value': None, 'change': True}
2020-04-08 19:29:10,972 : INFO : EventManager : Event: ======'machine_var_audits_player_score'====== Args={'value': {'average': 0.0, 'top': [0], 'total': 1}, 'prev_value': None, 'change': True}
2020-04-08 19:29:10,973 : INFO : EventManager : Event: ======'machine_var_audits_shots_battle_shot'====== Args={'value': 66, 'prev_value': None, 'change': True}
2020-04-08 19:29:10,973 : INFO : EventManager : Event: ======'machine_var_audits_shots_confederate_1'====== Args={'value': 9, 'prev_value': None, 'change': True}
2020-04-08 19:29:10,973 : INFO : EventManager : Event: ======'machine_var_audits_shots_confederate_2'====== Args={'value': 201, 'prev_value': None, 'change': True}
2020-04-08 19:29:10,973 : INFO : EventManager : Event: ======'machine_var_audits_shots_confederate_3'====== Args={'value': 87, 'prev_value': None, 'change': True}
2020-04-08 19:29:10,973 : INFO : EventManager : Event: ======'machine_var_audits_shots_confederate_4'====== Args={'value': 22, 'prev_value': None, 'change': True}
2020-04-08 19:29:10,974 : INFO : EventManager : Event: ======'machine_var_audits_shots_confederate_5'====== Args={'value': 7, 'prev_value': None, 'change': True}
2020-04-08 19:29:10,974 : INFO : EventManager : Event: ======'machine_var_audits_shots_confederate_6'====== Args={'value': 247, 'prev_value': None, 'change': True}
2020-04-08 19:29:10,974 : INFO : EventManager : Event: ======'machine_var_audits_shots_detonation'====== Args={'value': 42, 'prev_value': None, 'change': True}
2020-04-08 19:29:10,974 : INFO : EventManager : Event: ======'machine_var_audits_shots_detonation_lit'====== Args={'value': 145, 'prev_value': None, 'change': True}
2020-04-08 19:29:10,975 : INFO : EventManager : Event: ======'machine_var_audits_shots_jackpot_1'====== Args={'value': 37, 'prev_value': None, 'change': True}
2020-04-08 19:29:10,975 : INFO : EventManager : Event: ======'machine_var_audits_shots_jackpot_2'====== Args={'value': 35, 'prev_value': None, 'change': True}
2020-04-08 19:29:10,975 : INFO : EventManager : Event: ======'machine_var_audits_shots_jackpot_3'====== Args={'value': 55, 'prev_value': None, 'change': True}
2020-04-08 19:29:10,975 : INFO : EventManager : Event: ======'machine_var_audits_shots_jackpot_4'====== Args={'value': 32, 'prev_value': None, 'change': True}
2020-04-08 19:29:10,976 : INFO : EventManager : Event: ======'machine_var_audits_shots_jackpot_5'====== Args={'value': 32, 'prev_value': None, 'change': True}
2020-04-08 19:29:10,976 : INFO : EventManager : Event: ======'machine_var_audits_shots_jackpot_6'====== Args={'value': 33, 'prev_value': None, 'change': True}
2020-04-08 19:29:10,976 : INFO : EventManager : Event: ======'machine_var_audits_shots_lane_A'====== Args={'value': 12, 'prev_value': None, 'change': True}
2020-04-08 19:29:10,976 : INFO : EventManager : Event: ======'machine_var_audits_shots_lane_B'====== Args={'value': 14, 'prev_value': None, 'change': True}
2020-04-08 19:29:10,976 : INFO : EventManager : Event: ======'machine_var_audits_shots_lane_C'====== Args={'value': 15, 'prev_value': None, 'change': True}
2020-04-08 19:29:10,976 : INFO : EventManager : Event: ======'machine_var_audits_shots_lane_D'====== Args={'value': 22, 'prev_value': None, 'change': True}
2020-04-08 19:29:10,976 : INFO : EventManager : Event: ======'machine_var_audits_shots_lane_E'====== Args={'value': 20, 'prev_value': None, 'change': True}
2020-04-08 19:29:10,976 : INFO : EventManager : Event: ======'machine_var_audits_shots_lock_lit_1'====== Args={'value': 213, 'prev_value': None, 'change': True}
2020-04-08 19:29:10,977 : INFO : EventManager : Event: ======'machine_var_audits_shots_lock_lit_2'====== Args={'value': 260, 'prev_value': None, 'change': True}
2020-04-08 19:29:10,977 : INFO : EventManager : Event: ======'machine_var_audits_shots_ricochet_1'====== Args={'value': 13, 'prev_value': None, 'change': True}
2020-04-08 19:29:10,977 : INFO : EventManager : Event: ======'machine_var_audits_shots_ricochet_2'====== Args={'value': 7, 'prev_value': None, 'change': True}
2020-04-08 19:29:10,978 : INFO : EventManager : Event: ======'machine_var_audits_shots_ricochet_3'====== Args={'value': 3, 'prev_value': None, 'change': True}
2020-04-08 19:29:10,978 : INFO : EventManager : Event: ======'machine_var_audits_shots_ricochet_4'====== Args={'value': 1, 'prev_value': None, 'change': True}
2020-04-08 19:29:10,978 : INFO : EventManager : Event: ======'machine_var_audits_shots_ricochet_5'====== Args={'value': 2, 'prev_value': None, 'change': True}
2020-04-08 19:29:10,979 : INFO : EventManager : Event: ======'machine_var_audits_switches_s_bumper_1'====== Args={'value': 13, 'prev_value': None, 'change': True}
2020-04-08 19:29:10,979 : INFO : EventManager : Event: ======'machine_var_audits_switches_s_bumper_2'====== Args={'value': 14, 'prev_value': None, 'change': True}
2020-04-08 19:29:10,979 : INFO : EventManager : Event: ======'machine_var_audits_switches_s_bumper_3'====== Args={'value': 1, 'prev_value': None, 'change': True}
2020-04-08 19:29:10,980 : INFO : EventManager : Event: ======'machine_var_audits_switches_s_center_ramp'====== Args={'value': 13, 'prev_value': None, 'change': True}
2020-04-08 19:29:10,980 : INFO : EventManager : Event: ======'machine_var_audits_switches_s_citadel'====== Args={'value': 14, 'prev_value': None, 'change': True}
2020-04-08 19:29:10,980 : INFO : EventManager : Event: ======'machine_var_audits_switches_s_citadel_lock'====== Args={'value': 81, 'prev_value': None, 'change': True}
2020-04-08 19:29:10,981 : INFO : EventManager : Event: ======'machine_var_audits_switches_s_detonation'====== Args={'value': 145, 'prev_value': None, 'change': True}
2020-04-08 19:29:10,981 : INFO : EventManager : Event: ======'machine_var_audits_switches_s_dmg_1'====== Args={'value': 563, 'prev_value': None, 'change': True}
2020-04-08 19:29:10,981 : INFO : EventManager : Event: ======'machine_var_audits_switches_s_dmg_2'====== Args={'value': 14, 'prev_value': None, 'change': True}
2020-04-08 19:29:10,982 : INFO : EventManager : Event: ======'machine_var_audits_switches_s_dmg_3'====== Args={'value': 13, 'prev_value': None, 'change': True}
2020-04-08 19:29:10,982 : INFO : EventManager : Event: ======'machine_var_audits_switches_s_dmg_4'====== Args={'value': 5, 'prev_value': None, 'change': True}
2020-04-08 19:29:10,982 : INFO : EventManager : Event: ======'machine_var_audits_switches_s_dmg_5'====== Args={'value': 8, 'prev_value': None, 'change': True}
2020-04-08 19:29:10,983 : INFO : EventManager : Event: ======'machine_var_audits_switches_s_dmg_6'====== Args={'value': 5, 'prev_value': None, 'change': True}
2020-04-08 19:29:10,983 : INFO : EventManager : Event: ======'machine_var_audits_switches_s_dmg_7'====== Args={'value': 7, 'prev_value': None, 'change': True}
2020-04-08 19:29:10,983 : INFO : EventManager : Event: ======'machine_var_audits_switches_s_drop_target'====== Args={'value': 463, 'prev_value': None, 'change': True}
2020-04-08 19:29:10,984 : INFO : EventManager : Event: ======'machine_var_audits_switches_s_jet_hole'====== Args={'value': 0, 'prev_value': None, 'change': True}
2020-04-08 19:29:10,984 : INFO : EventManager : Event: ======'machine_var_audits_switches_s_jet_lane'====== Args={'value': 1, 'prev_value': None, 'change': True}
2020-04-08 19:29:10,984 : INFO : EventManager : Event: ======'machine_var_audits_switches_s_kickback'====== Args={'value': 0, 'prev_value': None, 'change': True}
2020-04-08 19:29:10,985 : INFO : EventManager : Event: ======'machine_var_audits_switches_s_kickback_target_1'====== Args={'value': 0, 'prev_value': None, 'change': True}
2020-04-08 19:29:10,985 : INFO : EventManager : Event: ======'machine_var_audits_switches_s_kickback_target_2'====== Args={'value': 0, 'prev_value': None, 'change': True}
2020-04-08 19:29:10,985 : INFO : EventManager : Event: ======'machine_var_audits_switches_s_kickback_target_3'====== Args={'value': 2, 'prev_value': None, 'change': True}
2020-04-08 19:29:10,986 : INFO : EventManager : Event: ======'machine_var_audits_switches_s_kickback_terget_1'====== Args={'value': 0, 'prev_value': None, 'change': True}
2020-04-08 19:29:10,986 : INFO : EventManager : Event: ======'machine_var_audits_switches_s_left_flipper'====== Args={'value': 73, 'prev_value': None, 'change': True}
2020-04-08 19:29:10,986 : INFO : EventManager : Event: ======'machine_var_audits_switches_s_left_hole'====== Args={'value': 0, 'prev_value': None, 'change': True}
2020-04-08 19:29:10,987 : INFO : EventManager : Event: ======'machine_var_audits_switches_s_left_inlane'====== Args={'value': 15, 'prev_value': None, 'change': True}
2020-04-08 19:29:10,987 : INFO : EventManager : Event: ======'machine_var_audits_switches_s_left_loop_made'====== Args={'value': 23, 'prev_value': None, 'change': True}
2020-04-08 19:29:10,987 : INFO : EventManager : Event: ======'machine_var_audits_switches_s_left_loop_pre'====== Args={'value': 1, 'prev_value': None, 'change': True}
2020-04-08 19:29:10,988 : INFO : EventManager : Event: ======'machine_var_audits_switches_s_left_mid_inlane'====== Args={'value': 14, 'prev_value': None, 'change': True}
2020-04-08 19:29:10,988 : INFO : EventManager : Event: ======'machine_var_audits_switches_s_left_outlane'====== Args={'value': 12, 'prev_value': None, 'change': True}
2020-04-08 19:29:10,988 : INFO : EventManager : Event: ======'machine_var_audits_switches_s_left_ramp_made'====== Args={'value': 273, 'prev_value': None, 'change': True}
2020-04-08 19:29:10,989 : INFO : EventManager : Event: ======'machine_var_audits_switches_s_left_ramp_pre'====== Args={'value': 2, 'prev_value': None, 'change': True}
2020-04-08 19:29:10,989 : INFO : EventManager : Event: ======'machine_var_audits_switches_s_left_slingshot'====== Args={'value': 0, 'prev_value': None, 'change': True}
2020-04-08 19:29:10,989 : INFO : EventManager : Event: ======'machine_var_audits_switches_s_lock_1'====== Args={'value': 125, 'prev_value': None, 'change': True}
2020-04-08 19:29:10,990 : INFO : EventManager : Event: ======'machine_var_audits_switches_s_lock_2'====== Args={'value': 126, 'prev_value': None, 'change': True}
2020-04-08 19:29:10,990 : INFO : EventManager : Event: ======'machine_var_audits_switches_s_lock_3'====== Args={'value': 180, 'prev_value': None, 'change': True}
2020-04-08 19:29:10,991 : INFO : EventManager : Event: ======'machine_var_audits_switches_s_magnet_switch'====== Args={'value': 0, 'prev_value': None, 'change': True}
2020-04-08 19:29:10,991 : INFO : EventManager : Event: ======'machine_var_audits_switches_s_main_hole'====== Args={'value': 165, 'prev_value': None, 'change': True}
2020-04-08 19:29:10,991 : INFO : EventManager : Event: ======'machine_var_audits_switches_s_pen_1'====== Args={'value': 3, 'prev_value': None, 'change': True}
2020-04-08 19:29:10,992 : INFO : EventManager : Event: ======'machine_var_audits_switches_s_pen_2'====== Args={'value': 2, 'prev_value': None, 'change': True}
2020-04-08 19:29:10,992 : INFO : EventManager : Event: ======'machine_var_audits_switches_s_pen_3'====== Args={'value': 1, 'prev_value': None, 'change': True}
2020-04-08 19:29:10,992 : INFO : EventManager : Event: ======'machine_var_audits_switches_s_pen_4'====== Args={'value': 3, 'prev_value': None, 'change': True}
2020-04-08 19:29:10,993 : INFO : EventManager : Event: ======'machine_var_audits_switches_s_pen_5'====== Args={'value': 1, 'prev_value': None, 'change': True}
2020-04-08 19:29:10,993 : INFO : EventManager : Event: ======'machine_var_audits_switches_s_pen_6'====== Args={'value': 3, 'prev_value': None, 'change': True}
2020-04-08 19:29:10,994 : INFO : EventManager : Event: ======'machine_var_audits_switches_s_plunger'====== Args={'value': 857, 'prev_value': None, 'change': True}
2020-04-08 19:29:10,994 : INFO : EventManager : Event: ======'machine_var_audits_switches_s_plunger_button'====== Args={'value': 2, 'prev_value': None, 'change': True}
2020-04-08 19:29:10,994 : INFO : EventManager : Event: ======'machine_var_audits_switches_s_ricochet_1'====== Args={'value': 37, 'prev_value': None, 'change': True}
2020-04-08 19:29:10,995 : INFO : EventManager : Event: ======'machine_var_audits_switches_s_ricochet_2'====== Args={'value': 14, 'prev_value': None, 'change': True}
2020-04-08 19:29:10,995 : INFO : EventManager : Event: ======'machine_var_audits_switches_s_ricochet_3'====== Args={'value': 5, 'prev_value': None, 'change': True}
2020-04-08 19:29:10,996 : INFO : EventManager : Event: ======'machine_var_audits_switches_s_ricochet_4'====== Args={'value': 6, 'prev_value': None, 'change': True}
2020-04-08 19:29:10,996 : INFO : EventManager : Event: ======'machine_var_audits_switches_s_ricochet_5'====== Args={'value': 7, 'prev_value': None, 'change': True}
2020-04-08 19:29:10,997 : INFO : EventManager : Event: ======'machine_var_audits_switches_s_right_flipper'====== Args={'value': 734, 'prev_value': None, 'change': True}
2020-04-08 19:29:10,997 : INFO : EventManager : Event: ======'machine_var_audits_switches_s_right_hole'====== Args={'value': 26, 'prev_value': None, 'change': True}
2020-04-08 19:29:10,997 : INFO : EventManager : Event: ======'machine_var_audits_switches_s_right_inlane'====== Args={'value': 22, 'prev_value': None, 'change': True}
2020-04-08 19:29:10,998 : INFO : EventManager : Event: ======'machine_var_audits_switches_s_right_loop_made'====== Args={'value': 5, 'prev_value': None, 'change': True}
2020-04-08 19:29:10,998 : INFO : EventManager : Event: ======'machine_var_audits_switches_s_right_loop_pre'====== Args={'value': 2, 'prev_value': None, 'change': True}
2020-04-08 19:29:10,999 : INFO : EventManager : Event: ======'machine_var_audits_switches_s_right_outlane'====== Args={'value': 20, 'prev_value': None, 'change': True}
2020-04-08 19:29:10,999 : INFO : EventManager : Event: ======'machine_var_audits_switches_s_right_ramp_made'====== Args={'value': 340, 'prev_value': None, 'change': True}
2020-04-08 19:29:10,999 : INFO : EventManager : Event: ======'machine_var_audits_switches_s_right_ramp_pre'====== Args={'value': 0, 'prev_value': None, 'change': True}
2020-04-08 19:29:11,000 : INFO : EventManager : Event: ======'machine_var_audits_switches_s_right_slingshot'====== Args={'value': 0, 'prev_value': None, 'change': True}
2020-04-08 19:29:11,000 : INFO : EventManager : Event: ======'machine_var_audits_switches_s_right_small_ramp'====== Args={'value': 0, 'prev_value': None, 'change': True}
2020-04-08 19:29:11,001 : INFO : EventManager : Event: ======'machine_var_audits_switches_s_side_hole'====== Args={'value': 192, 'prev_value': None, 'change': True}
2020-04-08 19:29:11,001 : INFO : EventManager : Event: ======'machine_var_audits_switches_s_side_ramp_made'====== Args={'value': 171, 'prev_value': None, 'change': True}
2020-04-08 19:29:11,002 : INFO : EventManager : Event: ======'machine_var_audits_switches_s_side_ramp_pre'====== Args={'value': 2, 'prev_value': None, 'change': True}
2020-04-08 19:29:11,002 : INFO : EventManager : Event: ======'machine_var_audits_switches_s_start'====== Args={'value': 16, 'prev_value': None, 'change': True}
2020-04-08 19:29:11,002 : INFO : EventManager : Event: ======'machine_var_audits_switches_s_torpedo'====== Args={'value': 128, 'prev_value': None, 'change': True}
2020-04-08 19:29:11,003 : INFO : EventManager : Event: ======'machine_var_audits_switches_s_torpedo_lane'====== Args={'value': 2, 'prev_value': None, 'change': True}
2020-04-08 19:29:11,003 : INFO : EventManager : Event: ======'machine_var_audits_switches_s_trough1'====== Args={'value': 21, 'prev_value': None, 'change': True}
2020-04-08 19:29:11,004 : INFO : EventManager : Event: ======'machine_var_audits_switches_s_trough2'====== Args={'value': 13, 'prev_value': None, 'change': True}
2020-04-08 19:29:11,004 : INFO : EventManager : Event: ======'machine_var_audits_switches_s_trough3'====== Args={'value': 16, 'prev_value': None, 'change': True}
2020-04-08 19:29:11,005 : INFO : EventManager : Event: ======'machine_var_audits_switches_s_trough4'====== Args={'value': 3, 'prev_value': None, 'change': True}
2020-04-08 19:29:11,005 : INFO : EventManager : Event: ======'machine_var_audits_switches_s_trough5'====== Args={'value': 0, 'prev_value': None, 'change': True}
2020-04-08 19:29:11,005 : INFO : EventManager : Event: ======'machine_var_audits_switches_s_trough6'====== Args={'value': 1, 'prev_value': None, 'change': True}
2020-04-08 19:29:11,006 : INFO : EventManager : Event: ======'machine_var_audits_switches_s_trough_jam'====== Args={'value': 0, 'prev_value': None, 'change': True}
2020-04-08 19:29:11,006 : INFO : EventManager : Event: ======'init_phase_5'====== Args={}
2020-04-08 19:29:11,046 : INFO : EventManager : Event: ======'init_done'====== Args={}
2020-04-08 19:29:11,047 : INFO : EventManager : Event: ======'machine_reset_phase_1'====== Args={}
2020-04-08 19:29:11,047 : INFO : BcpServer : New client connected.
2020-04-08 19:29:11,063 : INFO : EventManager : Event: ======'machine_reset_phase_2'====== Args={}
2020-04-08 19:29:11,064 : INFO : EventManager : Event: ======'machine_reset_phase_3'====== Args={}
2020-04-08 19:29:11,064 : INFO : EventManager : Event: ======'reset_complete'====== Args={}
2020-04-08 19:29:11,064 : INFO : EventManager : Event: ======'mode_attract_will_start'====== Args={}
2020-04-08 19:29:11,065 : INFO : EventManager : Event: ======'mode_attract_starting'====== Args={}
2020-04-08 19:29:11,065 : INFO : Mode.attract : Started. Priority: 10
2020-04-08 19:29:11,065 : INFO : EventManager : Event: ======'mode_attract_started'====== Args={}
2020-04-08 19:29:11,066 : INFO : EventManager : Event: ======'collecting_balls_complete'====== Args={}
2020-04-08 19:29:11,097 : INFO : Machine : Starting the main run loop.
2020-04-08 19:29:13,283 : INFO : SwitchController : <<<<<<< 's_start' active >>>>>>>
2020-04-08 19:29:13,385 : INFO : SwitchController : <<<<<<< 's_start' inactive >>>>>>>
2020-04-08 19:29:13,385 : INFO : EventManager : Event: ======'request_to_start_game'====== Args={}
2020-04-08 19:29:13,385 : INFO : EventManager : Event: ======'game_start'====== Args={'buttons': [], 'hold_time': 0.0940000000409782}
2020-04-08 19:29:13,385 : INFO : EventManager : Event: ======'mode_game_will_start'====== Args={'buttons': [], 'hold_time': 0.0940000000409782}
2020-04-08 19:29:13,386 : INFO : EventManager : Event: ======'mode_game_starting'====== Args={'buttons': [], 'hold_time': 0.0940000000409782}
2020-04-08 19:29:13,386 : INFO : EventManager : Event: ======'mode_attract_will_stop'====== Args={}
2020-04-08 19:29:13,386 : INFO : EventManager : Event: ======'mode_attract_stopping'====== Args={}
2020-04-08 19:29:13,386 : INFO : Mode.attract : Stopped.
2020-04-08 19:29:13,387 : INFO : EventManager : Event: ======'mode_attract_stopped'====== Args={}
2020-04-08 19:29:13,387 : INFO : EventManager : Event: ======'clear'====== Args={'key': 'attract'}
2020-04-08 19:29:13,387 : INFO : Mode.game : Started. Priority: 20
2020-04-08 19:29:13,387 : INFO : EventManager : Event: ======'mode_game_started'====== Args={'buttons': [], 'hold_time': 0.0940000000409782}
2020-04-08 19:29:13,398 : INFO : EventManager : Event: ======'game_will_start'====== Args={}
2020-04-08 19:29:13,398 : INFO : EventManager : Event: ======'game_starting'====== Args={'game': <Mode.game>}
2020-04-08 19:29:13,399 : INFO : EventManager : Event: ======'player_add_request'====== Args={}
2020-04-08 19:29:13,399 : INFO : EventManager : Event: ======'player_will_add'====== Args={'number': 1}
2020-04-08 19:29:13,400 : INFO : EventManager : Event: ======'player_adding'====== Args={'player': <Player 1>, 'number': 1}
2020-04-08 19:29:13,400 : INFO : EventManager : Event: ======'player_added'====== Args={'player': <Player 1>, 'num': 1}
2020-04-08 19:29:13,400 : INFO : Mode.game : Player added successfully. Total players: 1
2020-04-08 19:29:13,400 : INFO : EventManager : Event: ======'player_index'====== Args={'value': 0, 'prev_value': 0, 'change': 0, 'player_num': 1}
2020-04-08 19:29:13,401 : INFO : EventManager : Event: ======'player_number'====== Args={'value': 1, 'prev_value': 1, 'change': 0, 'player_num': 1}
2020-04-08 19:29:13,401 : INFO : EventManager : Event: ======'player_ReceivedDMG'====== Args={'value': 1, 'prev_value': 1, 'change': 0, 'player_num': 1}
2020-04-08 19:29:13,401 : INFO : EventManager : Event: ======'player_DMGValue'====== Args={'value': 10000000, 'prev_value': 10000000, 'change': 0, 'player_num': 1}
2020-04-08 19:29:13,402 : INFO : EventManager : Event: ======'player_m1shotmade'====== Args={'value': 0, 'prev_value': 0, 'change': 0, 'player_num': 1}
2020-04-08 19:29:13,402 : INFO : EventManager : Event: ======'player_m2shotmade'====== Args={'value': 0, 'prev_value': 0, 'change': 0, 'player_num': 1}
2020-04-08 19:29:13,402 : INFO : EventManager : Event: ======'player_m3shotmade'====== Args={'value': 0, 'prev_value': 0, 'change': 0, 'player_num': 1}
2020-04-08 19:29:13,402 : INFO : EventManager : Event: ======'player_m4shotmade'====== Args={'value': 0, 'prev_value': 0, 'change': 0, 'player_num': 1}
2020-04-08 19:29:13,403 : INFO : EventManager : Event: ======'player_m5shotmade'====== Args={'value': 0, 'prev_value': 0, 'change': 0, 'player_num': 1}
2020-04-08 19:29:13,403 : INFO : EventManager : Event: ======'player_m6shotmade'====== Args={'value': 0, 'prev_value': 0, 'change': 0, 'player_num': 1}
2020-04-08 19:29:13,403 : INFO : EventManager : Event: ======'player_m7shotmade'====== Args={'value': 0, 'prev_value': 0, 'change': 0, 'player_num': 1}
2020-04-08 19:29:13,404 : INFO : EventManager : Event: ======'player_m8shotmade'====== Args={'value': 0, 'prev_value': 0, 'change': 0, 'player_num': 1}
2020-04-08 19:29:13,404 : INFO : EventManager : Event: ======'player_m9shotmade'====== Args={'value': 0, 'prev_value': 0, 'change': 0, 'player_num': 1}
2020-04-08 19:29:13,404 : INFO : EventManager : Event: ======'player_m1_active'====== Args={'value': 0, 'prev_value': 0, 'change': 0, 'player_num': 1}
2020-04-08 19:29:13,404 : INFO : EventManager : Event: ======'player_m2_active'====== Args={'value': 0, 'prev_value': 0, 'change': 0, 'player_num': 1}
2020-04-08 19:29:13,405 : INFO : EventManager : Event: ======'player_m3_active'====== Args={'value': 0, 'prev_value': 0, 'change': 0, 'player_num': 1}
2020-04-08 19:29:13,405 : INFO : EventManager : Event: ======'player_m4_active'====== Args={'value': 0, 'prev_value': 0, 'change': 0, 'player_num': 1}
2020-04-08 19:29:13,405 : INFO : EventManager : Event: ======'player_m5_active'====== Args={'value': 0, 'prev_value': 0, 'change': 0, 'player_num': 1}
2020-04-08 19:29:13,405 : INFO : EventManager : Event: ======'player_m6_active'====== Args={'value': 0, 'prev_value': 0, 'change': 0, 'player_num': 1}
2020-04-08 19:29:13,405 : INFO : EventManager : Event: ======'player_m7_active'====== Args={'value': 0, 'prev_value': 0, 'change': 0, 'player_num': 1}
2020-04-08 19:29:13,406 : INFO : EventManager : Event: ======'player_m8_active'====== Args={'value': 0, 'prev_value': 0, 'change': 0, 'player_num': 1}
2020-04-08 19:29:13,406 : INFO : EventManager : Event: ======'player_m9_active'====== Args={'value': 0, 'prev_value': 0, 'change': 0, 'player_num': 1}
2020-04-08 19:29:13,406 : INFO : EventManager : Event: ======'player_lock_lit_1_state'====== Args={'value': 0, 'prev_value': 0, 'change': 0, 'player_num': 1}
2020-04-08 19:29:13,407 : INFO : EventManager : Event: ======'player_lock_lit_2_state'====== Args={'value': 0, 'prev_value': 0, 'change': 0, 'player_num': 1}
2020-04-08 19:29:13,407 : INFO : EventManager : Event: ======'player_frezee_started'====== Args={'value': 0, 'prev_value': 0, 'change': 0, 'player_num': 1}
2020-04-08 19:29:13,407 : INFO : EventManager : Event: ======'player_timer_height'====== Args={'value': 0.0, 'prev_value': 0.0, 'change': 0, 'player_num': 1}
2020-04-08 19:29:13,407 : INFO : EventManager : Event: ======'player_citadel_number'====== Args={'value': 0, 'prev_value': 0, 'change': 0, 'player_num': 1}
2020-04-08 19:29:13,408 : INFO : EventManager : Event: ======'player_torpedo_number'====== Args={'value': 0, 'prev_value': 0, 'change': 0, 'player_num': 1}
2020-04-08 19:29:13,408 : INFO : EventManager : Event: ======'player_citadel_load_number'====== Args={'value': 3, 'prev_value': 3, 'change': 0, 'player_num': 1}
2020-04-08 19:29:13,408 : INFO : EventManager : Event: ======'player_torpedo_load_number'====== Args={'value': 3, 'prev_value': 3, 'change': 0, 'player_num': 1}
2020-04-08 19:29:13,408 : INFO : EventManager : Event: ======'player_citadel_ready'====== Args={'value': 0, 'prev_value': 0, 'change': 0, 'player_num': 1}
2020-04-08 19:29:13,409 : INFO : EventManager : Event: ======'player_torpedo_ready'====== Args={'value': 0, 'prev_value': 0, 'change': 0, 'player_num': 1}
2020-04-08 19:29:13,409 : INFO : EventManager : Event: ======'player_torpedo_dmg'====== Args={'value': 10.0, 'prev_value': 10.0, 'change': 0, 'player_num': 1}
2020-04-08 19:29:13,409 : INFO : EventManager : Event: ======'player_citadel_dmg'====== Args={'value': 10.0, 'prev_value': 10.0, 'change': 0, 'player_num': 1}
2020-04-08 19:29:13,410 : INFO : EventManager : Event: ======'player_fire_dmg'====== Args={'value': 10.0, 'prev_value': 10.0, 'change': 0, 'player_num': 1}
2020-04-08 19:29:13,410 : INFO : EventManager : Event: ======'player_modeshotmade'====== Args={'value': 0, 'prev_value': 0, 'change': 0, 'player_num': 1}
2020-04-08 19:29:13,410 : INFO : EventManager : Event: ======'player_super_lock'====== Args={'value': 0, 'prev_value': 0, 'change': 0, 'player_num': 1}
2020-04-08 19:29:13,410 : INFO : EventManager : Event: ======'player_container_lit'====== Args={'value': 0, 'prev_value': 0, 'change': 0, 'player_num': 1}
2020-04-08 19:29:13,411 : INFO : EventManager : Event: ======'player_addaball_lit'====== Args={'value': 0, 'prev_value': 0, 'change': 0, 'player_num': 1}
2020-04-08 19:29:13,411 : INFO : EventManager : Event: ======'player_more_time_lit'====== Args={'value': 0, 'prev_value': 0, 'change': 0, 'player_num': 1}
2020-04-08 19:29:13,411 : INFO : EventManager : Event: ======'player_score'====== Args={'value': 0, 'prev_value': 0, 'change': 0, 'player_num': 1}
2020-04-08 19:29:13,412 : INFO : EventManager : Event: ======'game_started'====== Args={}
2020-04-08 19:29:13,448 : INFO : EventManager : Event: ======'player_turn_will_start'====== Args={'player': <Player 1>, 'number': 1}
2020-04-08 19:29:13,467 : INFO : EventManager : Event: ======'player_turn_starting'====== Args={'player': <Player 1>, 'number': 1}
2020-04-08 19:29:13,467 : INFO : EventManager : Event: ======'player_ball'====== Args={'value': 1, 'prev_value': 0, 'change': 1, 'player_num': 1}
2020-04-08 19:29:13,468 : INFO : EventManager : Event: ======'player_turn_started'====== Args={'player': <Player 1>, 'number': 1}
2020-04-08 19:29:13,468 : INFO : EventManager : Event: ======'ball_will_start'====== Args={'player': 1, 'ball': 1, 'balls_remaining': 2, 'is_extra_ball': False}
2020-04-08 19:29:13,478 : INFO : EventManager : Event: ======'ball_starting'====== Args={'player': 1, 'ball': 1, 'balls_remaining': 2, 'is_extra_ball': False}
2020-04-08 19:29:13,479 : INFO : EventManager : Event: ======'mode_base_will_start'====== Args={'queue': <QueuedEvent>, 'player': 1, 'ball': 1, 'balls_remaining': 2, 'is_extra_ball': False}
2020-04-08 19:29:13,480 : INFO : EventManager : Event: ======'mode_base_starting'====== Args={'queue': <QueuedEvent>, 'player': 1, 'ball': 1, 'balls_remaining': 2, 'is_extra_ball': False}
2020-04-08 19:29:13,480 : INFO : EventManager : Event: ======'mode_value_manager_will_start'====== Args={'queue': <QueuedEvent>, 'player': 1, 'ball': 1, 'balls_remaining': 2, 'is_extra_ball': False}
2020-04-08 19:29:13,481 : INFO : EventManager : Event: ======'mode_value_manager_starting'====== Args={'queue': <QueuedEvent>, 'player': 1, 'ball': 1, 'balls_remaining': 2, 'is_extra_ball': False}
2020-04-08 19:29:13,481 : INFO : EventManager : Event: ======'mode_port_hole_manager_will_start'====== Args={'queue': <QueuedEvent>, 'player': 1, 'ball': 1, 'balls_remaining': 2, 'is_extra_ball': False}
2020-04-08 19:29:13,482 : INFO : EventManager : Event: ======'mode_port_hole_manager_starting'====== Args={'queue': <QueuedEvent>, 'player': 1, 'ball': 1, 'balls_remaining': 2, 'is_extra_ball': False}
2020-04-08 19:29:13,483 : INFO : Mode.port_hole_manager : Started. Priority: 100
2020-04-08 19:29:13,483 : INFO : EventManager : Event: ======'mode_port_hole_manager_started'====== Args={'queue': <QueuedEvent>, 'player': 1, 'ball': 1, 'balls_remaining': 2, 'is_extra_ball': False}
2020-04-08 19:29:13,483 : INFO : Mode.value_manager : Started. Priority: 100
2020-04-08 19:29:13,483 : INFO : EventManager : Event: ======'mode_value_manager_started'====== Args={'queue': <QueuedEvent>, 'player': 1, 'ball': 1, 'balls_remaining': 2, 'is_extra_ball': False}
2020-04-08 19:29:13,483 : INFO : Mode.base : Started. Priority: 100
2020-04-08 19:29:13,483 : INFO : EventManager : Event: ======'mode_base_started'====== Args={'queue': <QueuedEvent>, 'player': 1, 'ball': 1, 'balls_remaining': 2, 'is_extra_ball': False}
2020-04-08 19:29:13,484 : INFO : EventManager : Event: ======'balls_in_play'====== Args={'balls': 1}
2020-04-08 19:29:13,484 : INFO : EventManager : Event: ======'ball_started'====== Args={'player': 1, 'ball': 1, 'balls_remaining': 2, 'is_extra_ball': False}
2020-04-08 19:29:13,484 : INFO : EventManager : Event: ======'mode_mode_manager_will_start'====== Args={'player': 1, 'ball': 1, 'balls_remaining': 2, 'is_extra_ball': False}
2020-04-08 19:29:13,490 : INFO : EventManager : Event: ======'mode_mode_manager_starting'====== Args={'player': 1, 'ball': 1, 'balls_remaining': 2, 'is_extra_ball': False}
2020-04-08 19:29:13,490 : INFO : EventManager : Event: ======'mode_detonation_will_start'====== Args={'player': 1, 'ball': 1, 'balls_remaining': 2, 'is_extra_ball': False}
2020-04-08 19:29:13,491 : INFO : EventManager : Event: ======'player_shot_detonation_lit_enabled'====== Args={'value': True, 'prev_value': 0, 'change': 1, 'player_num': 1}
2020-04-08 19:29:13,491 : INFO : EventManager : Event: ======'player_shot_detonation_enabled'====== Args={'value': False, 'prev_value': 0, 'change': 0, 'player_num': 1}
2020-04-08 19:29:13,492 : INFO : EventManager : Event: ======'mode_detonation_starting'====== Args={'player': 1, 'ball': 1, 'balls_remaining': 2, 'is_extra_ball': False}
2020-04-08 19:29:13,492 : INFO : EventManager : Event: ======'mode_container_will_start'====== Args={'player': 1, 'ball': 1, 'balls_remaining': 2, 'is_extra_ball': False}
2020-04-08 19:29:13,493 : INFO : EventManager : Event: ======'player_shot_lane_A_enabled'====== Args={'value': True, 'prev_value': 0, 'change': 1, 'player_num': 1}
2020-04-08 19:29:13,493 : INFO : EventManager : Event: ======'player_shot_lane_B_enabled'====== Args={'value': True, 'prev_value': 0, 'change': 1, 'player_num': 1}
2020-04-08 19:29:13,494 : INFO : EventManager : Event: ======'player_shot_lane_C_enabled'====== Args={'value': True, 'prev_value': 0, 'change': 1, 'player_num': 1}
2020-04-08 19:29:13,494 : INFO : EventManager : Event: ======'player_shot_lane_D_enabled'====== Args={'value': True, 'prev_value': 0, 'change': 1, 'player_num': 1}
2020-04-08 19:29:13,495 : INFO : EventManager : Event: ======'player_shot_lane_E_enabled'====== Args={'value': True, 'prev_value': 0, 'change': 1, 'player_num': 1}
2020-04-08 19:29:13,496 : INFO : EventManager : Event: ======'container_lanes_complete'====== Args={'state': 'unlit'}
2020-04-08 19:29:13,496 : INFO : EventManager : Event: ======'container_lanes_unlit_complete'====== Args={}
2020-04-08 19:29:13,497 : INFO : EventManager : Event: ======'mode_container_starting'====== Args={'player': 1, 'ball': 1, 'balls_remaining': 2, 'is_extra_ball': False}
2020-04-08 19:29:13,498 : INFO : EventManager : Event: ======'mode_salvo_lit_will_start'====== Args={'player': 1, 'ball': 1, 'balls_remaining': 2, 'is_extra_ball': False}
2020-04-08 19:29:13,498 : INFO : EventManager : Event: ======'player_shot_ricochet_1_enabled'====== Args={'value': True, 'prev_value': 0, 'change': 1, 'player_num': 1}
2020-04-08 19:29:13,499 : INFO : EventManager : Event: ======'player_shot_ricochet_2_enabled'====== Args={'value': True, 'prev_value': 0, 'change': 1, 'player_num': 1}
2020-04-08 19:29:13,499 : INFO : EventManager : Event: ======'player_shot_ricochet_3_enabled'====== Args={'value': True, 'prev_value': 0, 'change': 1, 'player_num': 1}
2020-04-08 19:29:13,500 : INFO : EventManager : Event: ======'player_shot_ricochet_4_enabled'====== Args={'value': True, 'prev_value': 0, 'change': 1, 'player_num': 1}
2020-04-08 19:29:13,500 : INFO : EventManager : Event: ======'player_shot_ricochet_5_enabled'====== Args={'value': True, 'prev_value': 0, 'change': 1, 'player_num': 1}
2020-04-08 19:29:13,501 : INFO : EventManager : Event: ======'ricochet_targets_complete'====== Args={'state': 'unlit'}
2020-04-08 19:29:13,501 : INFO : EventManager : Event: ======'ricochet_targets_unlit_complete'====== Args={}
2020-04-08 19:29:13,502 : INFO : EventManager : Event: ======'mode_salvo_lit_starting'====== Args={'player': 1, 'ball': 1, 'balls_remaining': 2, 'is_extra_ball': False}
2020-04-08 19:29:13,502 : INFO : EventManager : Event: ======'mode_battle_manager_will_start'====== Args={'player': 1, 'ball': 1, 'balls_remaining': 2, 'is_extra_ball': False}
2020-04-08 19:29:13,503 : INFO : EventManager : Event: ======'mode_battle_manager_starting'====== Args={'player': 1, 'ball': 1, 'balls_remaining': 2, 'is_extra_ball': False}
2020-04-08 19:29:13,504 : INFO : EventManager : Event: ======'mode_mode_lit_will_start'====== Args={'player': 1, 'ball': 1, 'balls_remaining': 2, 'is_extra_ball': False}
2020-04-08 19:29:13,504 : INFO : EventManager : Event: ======'achievement_mode_1_changed_state'====== Args={'restore': False, 'state': 'enabled', 'selected': False}
2020-04-08 19:29:13,504 : INFO : EventManager : Event: ======'achievement_mode_1_state_enabled'====== Args={'restore': False, 'state': 'enabled', 'selected': False}
2020-04-08 19:29:13,504 : INFO : EventManager : Event: ======'achievement_mode_2_changed_state'====== Args={'restore': False, 'state': 'enabled', 'selected': False}
2020-04-08 19:29:13,505 : INFO : EventManager : Event: ======'achievement_mode_2_state_enabled'====== Args={'restore': False, 'state': 'enabled', 'selected': False}
2020-04-08 19:29:13,505 : INFO : EventManager : Event: ======'achievement_mode_3_changed_state'====== Args={'restore': False, 'state': 'enabled', 'selected': False}
2020-04-08 19:29:13,505 : INFO : EventManager : Event: ======'achievement_mode_3_state_enabled'====== Args={'restore': False, 'state': 'enabled', 'selected': False}
2020-04-08 19:29:13,506 : INFO : EventManager : Event: ======'achievement_mode_4_changed_state'====== Args={'restore': False, 'state': 'enabled', 'selected': False}
2020-04-08 19:29:13,506 : INFO : EventManager : Event: ======'achievement_mode_4_state_enabled'====== Args={'restore': False, 'state': 'enabled', 'selected': False}
2020-04-08 19:29:13,506 : INFO : EventManager : Event: ======'achievement_mode_5_changed_state'====== Args={'restore': False, 'state': 'enabled', 'selected': False}
2020-04-08 19:29:13,506 : INFO : EventManager : Event: ======'achievement_mode_5_state_enabled'====== Args={'restore': False, 'state': 'enabled', 'selected': False}
2020-04-08 19:29:13,507 : INFO : EventManager : Event: ======'achievement_mode_6_changed_state'====== Args={'restore': False, 'state': 'enabled', 'selected': False}
2020-04-08 19:29:13,507 : INFO : EventManager : Event: ======'achievement_mode_6_state_enabled'====== Args={'restore': False, 'state': 'enabled', 'selected': False}
2020-04-08 19:29:13,507 : INFO : EventManager : Event: ======'achievement_mode_7_changed_state'====== Args={'restore': False, 'state': 'enabled', 'selected': False}
2020-04-08 19:29:13,507 : INFO : EventManager : Event: ======'achievement_mode_7_state_enabled'====== Args={'restore': False, 'state': 'enabled', 'selected': False}
2020-04-08 19:29:13,508 : INFO : EventManager : Event: ======'achievement_mode_8_changed_state'====== Args={'restore': False, 'state': 'enabled', 'selected': False}
2020-04-08 19:29:13,508 : INFO : EventManager : Event: ======'achievement_mode_8_state_enabled'====== Args={'restore': False, 'state': 'enabled', 'selected': False}
2020-04-08 19:29:13,508 : INFO : EventManager : Event: ======'achievement_mode_9_changed_state'====== Args={'restore': False, 'state': 'enabled', 'selected': False}
2020-04-08 19:29:13,509 : INFO : EventManager : Event: ======'achievement_mode_9_state_enabled'====== Args={'restore': False, 'state': 'enabled', 'selected': False}
2020-04-08 19:29:13,510 : INFO : EventManager : Event: ======'mode_mode_lit_starting'====== Args={'player': 1, 'ball': 1, 'balls_remaining': 2, 'is_extra_ball': False}
2020-04-08 19:29:13,511 : INFO : EventManager : Event: ======'mode_hc_lock_lit_will_start'====== Args={'player': 1, 'ball': 1, 'balls_remaining': 2, 'is_extra_ball': False}
2020-04-08 19:29:13,511 : INFO : EventManager : Event: ======'player_shot_lock_lit_1_enabled'====== Args={'value': True, 'prev_value': 0, 'change': 1, 'player_num': 1}
2020-04-08 19:29:13,512 : INFO : EventManager : Event: ======'player_shot_lock_lit_2_enabled'====== Args={'value': True, 'prev_value': 0, 'change': 1, 'player_num': 1}
2020-04-08 19:29:13,513 : INFO : EventManager : Event: ======'lock_lits_complete'====== Args={'state': 'unlit'}
2020-04-08 19:29:13,513 : INFO : EventManager : Event: ======'lock_lits_unlit_complete'====== Args={}
2020-04-08 19:29:13,515 : INFO : EventManager : Event: ======'mode_hc_lock_lit_starting'====== Args={'player': 1, 'ball': 1, 'balls_remaining': 2, 'is_extra_ball': False}
2020-04-08 19:29:13,516 : INFO : EventManager : Event: ======'player_DMGValue'====== Args={'value': 120000000, 'prev_value': 10000000, 'change': 110000000, 'player_num': 1}
2020-04-08 19:29:13,516 : INFO : EventManager : Event: ======'lock_lit_stopped'====== Args={}
2020-04-08 19:29:13,516 : INFO : EventManager : Event: ======'lock_lit_started'====== Args={}
2020-04-08 19:29:13,518 : INFO : EventManager : Event: ======'achievement_mode_2_changed_state'====== Args={'restore': False, 'state': 'enabled', 'selected': True}
2020-04-08 19:29:13,519 : INFO : EventManager : Event: ======'achievement_mode_2_state_enabled'====== Args={'restore': False, 'state': 'enabled', 'selected': True}
2020-04-08 19:29:13,519 : INFO : EventManager : Event: ======'achievement_mode_2_state_selected'====== Args={'restore': False, 'state': 'enabled', 'selected': True}
2020-04-08 19:29:13,519 : INFO : EventManager : Event: ======'player_shot_lock_lit_1_enabled'====== Args={'value': False, 'prev_value': True, 'change': -1, 'player_num': 1}
2020-04-08 19:29:13,520 : INFO : EventManager : Event: ======'player_shot_lock_lit_2_enabled'====== Args={'value': False, 'prev_value': True, 'change': -1, 'player_num': 1}
2020-04-08 19:29:13,520 : INFO : EventManager : Event: ======'player_shot_lock_lit_1_enabled'====== Args={'value': True, 'prev_value': False, 'change': 1, 'player_num': 1}
2020-04-08 19:29:13,521 : INFO : EventManager : Event: ======'player_shot_lock_lit_2_enabled'====== Args={'value': True, 'prev_value': False, 'change': 1, 'player_num': 1}
2020-04-08 19:29:13,522 : INFO : Mode.hc_lock_lit : Started. Priority: 100
2020-04-08 19:29:13,522 : INFO : EventManager : Event: ======'mode_hc_lock_lit_started'====== Args={'player': 1, 'ball': 1, 'balls_remaining': 2, 'is_extra_ball': False}
2020-04-08 19:29:13,522 : INFO : Mode.mode_lit : Started. Priority: 100
2020-04-08 19:29:13,522 : INFO : EventManager : Event: ======'mode_mode_lit_started'====== Args={'player': 1, 'ball': 1, 'balls_remaining': 2, 'is_extra_ball': False}
2020-04-08 19:29:13,522 : INFO : Mode.salvo_lit : Started. Priority: 100
2020-04-08 19:29:13,522 : INFO : EventManager : Event: ======'mode_salvo_lit_started'====== Args={'player': 1, 'ball': 1, 'balls_remaining': 2, 'is_extra_ball': False}
2020-04-08 19:29:13,523 : INFO : Mode.container : Started. Priority: 100
2020-04-08 19:29:13,523 : INFO : EventManager : Event: ======'mode_container_started'====== Args={'player': 1, 'ball': 1, 'balls_remaining': 2, 'is_extra_ball': False}
2020-04-08 19:29:13,523 : INFO : Mode.detonation : Started. Priority: 100
2020-04-08 19:29:13,523 : INFO : EventManager : Event: ======'mode_detonation_started'====== Args={'player': 1, 'ball': 1, 'balls_remaining': 2, 'is_extra_ball': False}
2020-04-08 19:29:13,523 : INFO : Mode.mode_manager : Started. Priority: 300
2020-04-08 19:29:13,523 : INFO : EventManager : Event: ======'mode_mode_manager_started'====== Args={'player': 1, 'ball': 1, 'balls_remaining': 2, 'is_extra_ball': False}
2020-04-08 19:29:13,562 : INFO : EventManager : Event: ======'logicblock_battle_counter_updated'====== Args={'value': 5, 'enabled': False}
2020-04-08 19:29:13,562 : INFO : Mode.battle_manager : Started. Priority: 100
2020-04-08 19:29:13,562 : INFO : EventManager : Event: ======'mode_battle_manager_started'====== Args={'player': 1, 'ball': 1, 'balls_remaining': 2, 'is_extra_ball': False}
2020-04-08 19:29:13,563 : INFO : EventManager : Event: ======'logicblock_battle_counter_updated'====== Args={'value': 5, 'enabled': True}
2020-04-08 19:29:13,563 : INFO : EventManager : Event: ======'single_player_ball_started'====== Args={}
2020-04-08 19:29:13,588 : INFO : EventManager : Event: ======'balldevice_balls_available'====== Args={}
2020-04-08 19:29:13,589 : INFO : EventManager : Event: ======'balldevice_bd_trough_ball_eject_attempt'====== Args={'balls': 1, 'target': <ball_device.bd_plunger>, 'source': <ball_device.bd_trough>, 'mechanical_eject': True, 'num_attempts': 0}
2020-04-08 19:29:13,589 : INFO : ball_device.bd_trough : Ejecting ball to <ball_device.bd_plunger>
2020-04-08 19:29:13,589 : INFO : EventManager : Event: ======'balldevice_bd_trough_ejecting_ball'====== Args={'balls': 1, 'target': <ball_device.bd_plunger>, 'source': <ball_device.bd_trough>, 'mechanical_eject': True, 'num_attempts': 0}
2020-04-08 19:29:13,590 : INFO : coil.c_trough_eject : Pulsing Driver for 20ms (1.0 pulse_power)
2020-04-08 19:29:13,590 : INFO : SwitchController : <<<<<<< 's_trough1' inactive >>>>>>>
2020-04-08 19:29:13,685 : INFO : SwitchController : <<<<<<< 's_plunger' active >>>>>>>
2020-04-08 19:29:13,685 : INFO : EventManager : Event: ======'machine_var_audits_switches_s_plunger'====== Args={'value': 858, 'prev_value': 857, 'change': 1}
2020-04-08 19:29:14,000 : INFO : EventManager : Event: ======'balldevice_bd_plunger_ball_enter'====== Args={'new_balls': 1, 'unclaimed_balls': 0, 'new_available_balls': 0, 'device': <ball_device.bd_plunger>}
2020-04-08 19:29:14,000 : INFO : EventManager : Event: ======'balldevice_bd_plunger_ball_entered'====== Args={'new_balls': 0, 'device': <ball_device.bd_plunger>}
2020-04-08 19:29:14,001 : INFO : EventManager : Event: ======'balldevice_bd_plunger_ball_count_changed'====== Args={'balls': 1}
2020-04-08 19:29:14,001 : INFO : EventManager : Event: ======'balldevice_bd_trough_ball_eject_success'====== Args={'balls': 1, 'target': <ball_device.bd_plunger>}
2020-04-08 19:29:14,001 : INFO : EventManager : Event: ======'balldevice_bd_trough_ball_count_changed'====== Args={'balls': 4}
2020-04-08 19:29:14,002 : INFO : EventManager : Event: ======'balldevice_bd_plunger_ball_eject_attempt'====== Args={'balls': 1, 'target': <playfield.playfield>, 'source': <ball_device.bd_plunger>, 'mechanical_eject': True, 'num_attempts': 0}
2020-04-08 19:29:14,002 : INFO : ball_device.bd_plunger : Ejecting ball to <playfield.playfield>
2020-04-08 19:29:14,003 : INFO : EventManager : Event: ======'balldevice_bd_plunger_ejecting_ball'====== Args={'balls': 1, 'target': <playfield.playfield>, 'source': <ball_device.bd_plunger>, 'mechanical_eject': True, 'num_attempts': 0}
2020-04-08 19:29:17,983 : INFO : SwitchController : <<<<<<< 's_plunger' inactive >>>>>>>
2020-04-08 19:29:19,430 : INFO : SwitchController : <<<<<<< 's_right_inlane' active >>>>>>>
2020-04-08 19:29:19,430 : INFO : EventManager : Event: ======'s_right_inlane_active'====== Args={}
2020-04-08 19:29:19,431 : INFO : EventManager : Event: ======'sw_playfield_active'====== Args={}
2020-04-08 19:29:19,431 : INFO : EventManager : Event: ======'machine_var_audits_switches_s_right_inlane'====== Args={'value': 23, 'prev_value': 22, 'change': 1}
2020-04-08 19:29:19,444 : INFO : EventManager : Event: ======'playfield_active'====== Args={}
2020-04-08 19:29:19,444 : INFO : EventManager : Event: ======'player_shot_lane_D'====== Args={'value': 1, 'prev_value': 0, 'change': 1, 'player_num': 1}
2020-04-08 19:29:19,454 : INFO : EventManager : Event: ======'machine_var_audits_shots_lane_D'====== Args={'value': 23, 'prev_value': 22, 'change': 1}
2020-04-08 19:29:19,454 : INFO : EventManager : Event: ======'lane_D_hit'====== Args={'profile': 'default', 'state': 'unlit', 'advancing': True}
2020-04-08 19:29:19,455 : INFO : EventManager : Event: ======'lane_D_default_hit'====== Args={'profile': 'default', 'state': 'unlit', 'advancing': True}
2020-04-08 19:29:19,455 : INFO : EventManager : Event: ======'lane_D_default_unlit_hit'====== Args={'profile': 'default', 'state': 'unlit', 'advancing': True}
2020-04-08 19:29:19,455 : INFO : EventManager : Event: ======'lane_D_unlit_hit'====== Args={'profile': 'default', 'state': 'unlit', 'advancing': True}
2020-04-08 19:29:19,455 : INFO : EventManager : Event: ======'container_lanes_hit'====== Args={}
2020-04-08 19:29:19,456 : INFO : EventManager : Event: ======'container_lanes_unlit_hit'====== Args={}
2020-04-08 19:29:19,456 : INFO : EventManager : Event: ======'playfield_active'====== Args={}
2020-04-08 19:29:19,467 : INFO : EventManager : Event: ======'balldevice_bd_plunger_ball_eject_success'====== Args={'balls': 1, 'target': <playfield.playfield>}
2020-04-08 19:29:19,468 : INFO : EventManager : Event: ======'balldevice_playfield_ball_enter'====== Args={'new_balls': 1, 'unclaimed_balls': 1, 'device': <playfield.playfield>}
2020-04-08 19:29:19,468 : INFO : EventManager : Event: ======'playfield_ball_count_change'====== Args={'balls': 1, 'change': 1}
2020-04-08 19:29:19,468 : INFO : EventManager : Event: ======'balldevice_bd_plunger_ball_count_changed'====== Args={'balls': 0}
2020-04-08 19:29:19,511 : INFO : SwitchController : <<<<<<< 's_right_inlane' inactive >>>>>>>
2020-04-08 19:29:20,131 : INFO : SwitchController : <<<<<<< 's_right_outlane' active >>>>>>>
2020-04-08 19:29:20,131 : INFO : EventManager : Event: ======'s_right_outlane_active'====== Args={}
2020-04-08 19:29:20,131 : INFO : EventManager : Event: ======'machine_var_audits_switches_s_right_outlane'====== Args={'value': 21, 'prev_value': 20, 'change': 1}
2020-04-08 19:29:20,132 : INFO : EventManager : Event: ======'player_shot_lane_E'====== Args={'value': 1, 'prev_value': 0, 'change': 1, 'player_num': 1}
2020-04-08 19:29:20,133 : INFO : EventManager : Event: ======'machine_var_audits_shots_lane_E'====== Args={'value': 21, 'prev_value': 20, 'change': 1}
2020-04-08 19:29:20,133 : INFO : EventManager : Event: ======'lane_E_hit'====== Args={'profile': 'default', 'state': 'unlit', 'advancing': True}
2020-04-08 19:29:20,133 : INFO : EventManager : Event: ======'lane_E_default_hit'====== Args={'profile': 'default', 'state': 'unlit', 'advancing': True}
2020-04-08 19:29:20,134 : INFO : EventManager : Event: ======'lane_E_default_unlit_hit'====== Args={'profile': 'default', 'state': 'unlit', 'advancing': True}
2020-04-08 19:29:20,134 : INFO : EventManager : Event: ======'lane_E_unlit_hit'====== Args={'profile': 'default', 'state': 'unlit', 'advancing': True}
2020-04-08 19:29:20,134 : INFO : EventManager : Event: ======'container_lanes_hit'====== Args={}
2020-04-08 19:29:20,134 : INFO : EventManager : Event: ======'container_lanes_unlit_hit'====== Args={}
2020-04-08 19:29:20,240 : INFO : SwitchController : <<<<<<< 's_right_outlane' inactive >>>>>>>
2020-04-08 19:29:21,561 : INFO : SwitchController : <<<<<<< 's_left_inlane' active >>>>>>>
2020-04-08 19:29:21,562 : INFO : EventManager : Event: ======'s_left_inlane_active'====== Args={}
2020-04-08 19:29:21,562 : INFO : EventManager : Event: ======'machine_var_audits_switches_s_left_inlane'====== Args={'value': 16, 'prev_value': 15, 'change': 1}
2020-04-08 19:29:21,563 : INFO : EventManager : Event: ======'player_shot_lane_C'====== Args={'value': 1, 'prev_value': 0, 'change': 1, 'player_num': 1}
2020-04-08 19:29:21,573 : INFO : EventManager : Event: ======'machine_var_audits_shots_lane_C'====== Args={'value': 16, 'prev_value': 15, 'change': 1}
2020-04-08 19:29:21,574 : INFO : EventManager : Event: ======'lane_C_hit'====== Args={'profile': 'default', 'state': 'unlit', 'advancing': True}
2020-04-08 19:29:21,574 : INFO : EventManager : Event: ======'lane_C_default_hit'====== Args={'profile': 'default', 'state': 'unlit', 'advancing': True}
2020-04-08 19:29:21,574 : INFO : EventManager : Event: ======'lane_C_default_unlit_hit'====== Args={'profile': 'default', 'state': 'unlit', 'advancing': True}
2020-04-08 19:29:21,575 : INFO : EventManager : Event: ======'lane_C_unlit_hit'====== Args={'profile': 'default', 'state': 'unlit', 'advancing': True}
2020-04-08 19:29:21,575 : INFO : EventManager : Event: ======'container_lanes_hit'====== Args={}
2020-04-08 19:29:21,575 : INFO : EventManager : Event: ======'container_lanes_unlit_hit'====== Args={}
2020-04-08 19:29:21,649 : INFO : SwitchController : <<<<<<< 's_left_inlane' inactive >>>>>>>
2020-04-08 19:29:22,436 : INFO : SwitchController : <<<<<<< 's_left_mid_inlane' active >>>>>>>
2020-04-08 19:29:22,436 : INFO : EventManager : Event: ======'s_left_mid_inlane_active'====== Args={}
2020-04-08 19:29:22,436 : INFO : EventManager : Event: ======'machine_var_audits_switches_s_left_mid_inlane'====== Args={'value': 15, 'prev_value': 14, 'change': 1}
2020-04-08 19:29:22,438 : INFO : EventManager : Event: ======'player_shot_lane_B'====== Args={'value': 1, 'prev_value': 0, 'change': 1, 'player_num': 1}
2020-04-08 19:29:22,439 : INFO : EventManager : Event: ======'machine_var_audits_shots_lane_B'====== Args={'value': 15, 'prev_value': 14, 'change': 1}
2020-04-08 19:29:22,440 : INFO : EventManager : Event: ======'lane_B_hit'====== Args={'profile': 'default', 'state': 'unlit', 'advancing': True}
2020-04-08 19:29:22,440 : INFO : EventManager : Event: ======'lane_B_default_hit'====== Args={'profile': 'default', 'state': 'unlit', 'advancing': True}
2020-04-08 19:29:22,440 : INFO : EventManager : Event: ======'lane_B_default_unlit_hit'====== Args={'profile': 'default', 'state': 'unlit', 'advancing': True}
2020-04-08 19:29:22,441 : INFO : EventManager : Event: ======'lane_B_unlit_hit'====== Args={'profile': 'default', 'state': 'unlit', 'advancing': True}
2020-04-08 19:29:22,441 : INFO : EventManager : Event: ======'container_lanes_hit'====== Args={}
2020-04-08 19:29:22,441 : INFO : EventManager : Event: ======'container_lanes_unlit_hit'====== Args={}
2020-04-08 19:29:22,512 : INFO : SwitchController : <<<<<<< 's_left_mid_inlane' inactive >>>>>>>
2020-04-08 19:29:25,224 : INFO : SwitchController : <<<<<<< 's_left_outlane' active >>>>>>>
2020-04-08 19:29:25,224 : INFO : EventManager : Event: ======'s_left_outlane_active'====== Args={}
2020-04-08 19:29:25,224 : INFO : EventManager : Event: ======'machine_var_audits_switches_s_left_outlane'====== Args={'value': 13, 'prev_value': 12, 'change': 1}
2020-04-08 19:29:25,225 : INFO : EventManager : Event: ======'player_shot_lane_A'====== Args={'value': 1, 'prev_value': 0, 'change': 1, 'player_num': 1}
2020-04-08 19:29:25,225 : INFO : EventManager : Event: ======'machine_var_audits_shots_lane_A'====== Args={'value': 13, 'prev_value': 12, 'change': 1}
2020-04-08 19:29:25,226 : INFO : EventManager : Event: ======'lane_A_hit'====== Args={'profile': 'default', 'state': 'unlit', 'advancing': True}
2020-04-08 19:29:25,226 : INFO : EventManager : Event: ======'lane_A_default_hit'====== Args={'profile': 'default', 'state': 'unlit', 'advancing': True}
2020-04-08 19:29:25,226 : INFO : EventManager : Event: ======'lane_A_default_unlit_hit'====== Args={'profile': 'default', 'state': 'unlit', 'advancing': True}
2020-04-08 19:29:25,226 : INFO : EventManager : Event: ======'lane_A_unlit_hit'====== Args={'profile': 'default', 'state': 'unlit', 'advancing': True}
2020-04-08 19:29:25,226 : INFO : EventManager : Event: ======'container_lanes_complete'====== Args={'state': 'lit'}
2020-04-08 19:29:25,227 : INFO : EventManager : Event: ======'container_lanes_lit_complete'====== Args={}
2020-04-08 19:29:25,227 : INFO : EventManager : Event: ======'container_lanes_hit'====== Args={}
2020-04-08 19:29:25,227 : INFO : EventManager : Event: ======'container_lanes_unlit_hit'====== Args={}
2020-04-08 19:29:25,227 : INFO : EventManager : Event: ======'player_shot_lane_A'====== Args={'value': 0, 'prev_value': 1, 'change': -1, 'player_num': 1}
2020-04-08 19:29:25,228 : INFO : EventManager : Event: ======'player_shot_lane_B'====== Args={'value': 0, 'prev_value': 1, 'change': -1, 'player_num': 1}
2020-04-08 19:29:25,233 : INFO : EventManager : Event: ======'player_shot_lane_C'====== Args={'value': 0, 'prev_value': 1, 'change': -1, 'player_num': 1}
2020-04-08 19:29:25,233 : INFO : EventManager : Event: ======'player_shot_lane_D'====== Args={'value': 0, 'prev_value': 1, 'change': -1, 'player_num': 1}
2020-04-08 19:29:25,234 : INFO : EventManager : Event: ======'player_shot_lane_E'====== Args={'value': 0, 'prev_value': 1, 'change': -1, 'player_num': 1}
2020-04-08 19:29:25,234 : INFO : EventManager : Event: ======'player_container_lit'====== Args={'value': 1, 'prev_value': 0, 'change': 1, 'player_num': 1}
2020-04-08 19:29:25,306 : INFO : SwitchController : <<<<<<< 's_left_outlane' inactive >>>>>>>
2020-04-08 19:29:30,711 : INFO : SwitchController : <<<<<<< 's_main_hole' active >>>>>>>
2020-04-08 19:29:30,711 : INFO : EventManager : Event: ======'s_main_hole_active'====== Args={}
2020-04-08 19:29:30,712 : INFO : EventManager : Event: ======'machine_var_audits_switches_s_main_hole'====== Args={'value': 166, 'prev_value': 165, 'change': 1}
2020-04-08 19:29:30,712 : INFO : EventManager : Event: ======'pause_delay'====== Args={'priority': 0}
2020-04-08 19:29:30,713 : INFO : EventManager : Event: ======'award_container'====== Args={'priority': 0}
2020-04-08 19:29:30,713 : INFO : Timer.mode_countdown_delay : Stopping Timer
2020-04-08 19:29:30,713 : INFO : EventManager : Event: ======'timer_mode_countdown_delay_stopped'====== Args={'ticks': 2, 'ticks_remaining': 0}
2020-04-08 19:29:30,714 : INFO : EventManager : Event: ======'pause_countdown'====== Args={'priority': 0}
2020-04-08 19:29:30,714 : INFO : Timer.mode_countdown : Stopping Timer
2020-04-08 19:29:30,714 : INFO : EventManager : Event: ======'timer_mode_countdown_stopped'====== Args={'ticks': 30, 'ticks_remaining': 0}
2020-04-08 19:29:30,714 : INFO : EventManager : Event: ======'add_a_ball'====== Args={'priority': 0}
2020-04-08 19:29:30,721 : INFO : EventManager : Event: ======'add_a_ball_starting'====== Args={}
2020-04-08 19:29:30,736 : INFO : EventManager : Event: ======'start_port_queue'====== Args={}
2020-04-08 19:29:30,736 : INFO : EventManager : Event: ======'port_check_phase_1'====== Args={}
2020-04-08 19:29:30,737 : INFO : EventManager : Event: ======'port_check_phase_1_started'====== Args={}
2020-04-08 19:29:30,738 : INFO : EventManager : Event: ======'port_check_phase_1_finished'====== Args={'priority': 0}
2020-04-08 19:29:30,738 : INFO : EventManager : Event: ======'port_check_phase_1_end'====== Args={}
2020-04-08 19:29:30,738 : INFO : EventManager : Event: ======'port_check_phase_2'====== Args={}
2020-04-08 19:29:30,739 : INFO : EventManager : Event: ======'port_check_phase_2_started'====== Args={}
2020-04-08 19:29:30,739 : INFO : EventManager : Event: ======'start_mode'====== Args={'priority': 0}
2020-04-08 19:29:30,740 : INFO : EventManager : Event: ======'achievement_mode_2_changed_state'====== Args={'restore': False, 'state': 'started', 'selected': False}
2020-04-08 19:29:30,740 : INFO : EventManager : Event: ======'start_mode_2'====== Args={'restore': False, 'state': 'started', 'selected': False}
2020-04-08 19:29:30,740 : INFO : EventManager : Event: ======'mode_enabled'====== Args={'restore': False, 'state': 'started', 'selected': False}
2020-04-08 19:29:30,741 : INFO : EventManager : Event: ======'player_m2_active'====== Args={'value': 1, 'prev_value': 0, 'change': 1, 'player_num': 1}
2020-04-08 19:29:30,742 : INFO : EventManager : Event: ======'achievement_mode_2_changed_state'====== Args={'restore': False, 'state': 'completed', 'selected': False}
2020-04-08 19:29:30,742 : INFO : EventManager : Event: ======'achievement_mode_2_state_completed'====== Args={'restore': False, 'state': 'completed', 'selected': False}
2020-04-08 19:29:30,742 : INFO : EventManager : Event: ======'achievement_mode_7_changed_state'====== Args={'restore': False, 'state': 'enabled', 'selected': True}
2020-04-08 19:29:30,743 : INFO : EventManager : Event: ======'achievement_mode_7_state_enabled'====== Args={'restore': False, 'state': 'enabled', 'selected': True}
2020-04-08 19:29:30,743 : INFO : EventManager : Event: ======'achievement_mode_7_state_selected'====== Args={'restore': False, 'state': 'enabled', 'selected': True}
2020-04-08 19:29:30,743 : INFO : EventManager : Event: ======'main_state_stopped'====== Args={}
2020-04-08 19:29:30,744 : INFO : EventManager : Event: ======'mode_state'====== Args={}
2020-04-08 19:29:30,744 : INFO : EventManager : Event: ======'enable_mode'====== Args={}
2020-04-08 19:29:30,745 : INFO : EventManager : Event: ======'player_mode_manager_mode_countdown_tick'====== Args={'value': 30, 'prev_value': 0, 'change': 30, 'player_num': 1}
2020-04-08 19:29:30,745 : INFO : Timer.mode_countdown : Starting Timer.
2020-04-08 19:29:30,745 : INFO : EventManager : Event: ======'timer_mode_countdown_started'====== Args={'ticks': 30, 'ticks_remaining': 30}
2020-04-08 19:29:30,745 : INFO : EventManager : Event: ======'timer_mode_countdown_tick'====== Args={'ticks': 30, 'ticks_remaining': 30}
2020-04-08 19:29:30,746 : INFO : EventManager : Event: ======'mode_value_manager_will_stop'====== Args={}
2020-04-08 19:29:30,746 : INFO : EventManager : Event: ======'mode_value_manager_stopping'====== Args={}
2020-04-08 19:29:30,746 : INFO : EventManager : Event: ======'mode_mode_lit_will_stop'====== Args={}
2020-04-08 19:29:30,746 : INFO : EventManager : Event: ======'mode_mode_lit_stopping'====== Args={}
2020-04-08 19:29:30,746 : INFO : EventManager : Event: ======'player_countdown_bar_progress'====== Args={'value': 30, 'prev_value': 0, 'change': 30, 'player_num': 1}
2020-04-08 19:29:30,747 : INFO : Mode.mode_lit : Stopped.
2020-04-08 19:29:30,747 : INFO : EventManager : Event: ======'mode_mode_lit_stopped'====== Args={}
2020-04-08 19:29:30,748 : INFO : EventManager : Event: ======'clear'====== Args={'key': 'mode_lit'}
2020-04-08 19:29:30,749 : INFO : Mode.value_manager : Stopped.
2020-04-08 19:29:30,749 : INFO : EventManager : Event: ======'mode_value_manager_stopped'====== Args={}
2020-04-08 19:29:30,749 : INFO : EventManager : Event: ======'clear'====== Args={'key': 'value_manager'}
2020-04-08 19:29:30,784 : INFO : EventManager : Event: ======'slide_mode_2_start_slide_created'====== Args={'_from_bcp': True}
2020-04-08 19:29:30,784 : INFO : EventManager : Event: ======'slide_mode_2_start_slide_active'====== Args={'_from_bcp': True}
2020-04-08 19:29:31,203 : INFO : EventManager : Event: ======'balldevice_bd_main_hole_ball_count_changed'====== Args={'balls': 1}
2020-04-08 19:29:31,203 : INFO : EventManager : Event: ======'balldevice_captured_from_playfield'====== Args={'balls': 1}
2020-04-08 19:29:31,204 : INFO : EventManager : Event: ======'sw_playfield_active'====== Args={'balls': 1}
2020-04-08 19:29:31,204 : INFO : EventManager : Event: ======'playfield_ball_count_change'====== Args={'balls': 0, 'change': -1}
2020-04-08 19:29:31,204 : INFO : EventManager : Event: ======'balldevice_bd_main_hole_ball_enter'====== Args={'new_balls': 1, 'unclaimed_balls': 1, 'new_available_balls': 1, 'device': <ball_device.bd_main_hole>}
2020-04-08 19:29:31,205 : INFO : EventManager : Event: ======'balldevice_balls_available'====== Args={}
2020-04-08 19:29:31,205 : INFO : EventManager : Event: ======'balldevice_balls_available'====== Args={}
2020-04-08 19:29:31,205 : INFO : EventManager : Event: ======'balldevice_bd_main_hole_ball_entered'====== Args={'new_balls': 1, 'device': <ball_device.bd_main_hole>}
2020-04-08 19:29:31,206 : INFO : EventManager : Event: ======'balldevice_bd_main_hole_ball_eject_attempt'====== Args={'balls': 1, 'target': <playfield.playfield>, 'source': <ball_device.bd_main_hole>, 'mechanical_eject': False, 'num_attempts': 0}
2020-04-08 19:29:31,207 : INFO : EventManager : Event: ======'start_port_queue'====== Args={}
2020-04-08 19:29:31,207 : INFO : EventManager : Event: ======'port_check_phase_1'====== Args={}
2020-04-08 19:29:31,207 : INFO : EventManager : Event: ======'port_check_phase_1_started'====== Args={}
2020-04-08 19:29:31,208 : INFO : EventManager : Event: ======'port_check_phase_1_finished'====== Args={'priority': 0}
2020-04-08 19:29:31,208 : INFO : EventManager : Event: ======'port_check_phase_1_end'====== Args={}
2020-04-08 19:29:31,209 : INFO : EventManager : Event: ======'port_check_phase_2'====== Args={}
2020-04-08 19:29:31,209 : INFO : EventManager : Unordered handler for class ConfigPlayer.queue_relay_player/None on event port_check_phase_2_finished with priority 100. Handlers: [RegisteredHandler(callback=<bound method QueueRelayPlayer._callback of ConfigPlayer.queue_relay_player/None>, priority=100, kwargs={'context': 'port_hole_manager', 'queue': <QueuedEvent>}, key=UUID('2287c697-fcb1-4a16-94e6-15dc04e3a282'), condition=None, blocking_facility=None), RegisteredHandler(callback=<bound method QueueRelayPlayer._callback of ConfigPlayer.queue_relay_player/None>, priority=100, kwargs={'context': 'port_hole_manager', 'queue': <QueuedEvent>}, key=UUID('f76acd2f-f258-44e1-867f-efeeb5fe1937'), condition=None, blocking_facility=None)]. The order of those handlers is not defined and they will be executed in random order. This might lead to race conditions and potential bugs.
2020-04-08 19:29:31,209 : INFO : EventManager : Event: ======'port_check_phase_2_started'====== Args={}
2020-04-08 19:29:31,209 : INFO : EventManager : Event: ======'port_check_phase_2_finished'====== Args={'priority': 0}
2020-04-08 19:29:31,210 : INFO : EventManager : Event: ======'port_check_phase_2_end'====== Args={}
2020-04-08 19:29:31,210 : INFO : EventManager : Event: ======'port_check_phase_2_end'====== Args={}
2020-04-08 19:29:31,210 : INFO : EventManager : Event: ======'port_check_phase_3'====== Args={}
2020-04-08 19:29:31,210 : INFO : EventManager : Event: ======'port_check_phase_3'====== Args={}
2020-04-08 19:29:31,211 : INFO : EventManager : Event: ======'port_check_phase_3_started'====== Args={}
2020-04-08 19:29:31,211 : INFO : EventManager : Event: ======'start_container_animation'====== Args={'priority': 0}
2020-04-08 19:29:31,212 : INFO : EventManager : Unordered handler for class ConfigPlayer.queue_relay_player/None on event port_check_phase_3_finished with priority 100. Handlers: [RegisteredHandler(callback=<bound method QueueRelayPlayer._callback of ConfigPlayer.queue_relay_player/None>, priority=100, kwargs={'context': 'port_hole_manager', 'queue': <QueuedEvent>}, key=UUID('586461bd-8a87-4bf1-8f73-cbd5d39698cb'), condition=None, blocking_facility=None), RegisteredHandler(callback=<bound method QueueRelayPlayer._callback of ConfigPlayer.queue_relay_player/None>, priority=100, kwargs={'context': 'port_hole_manager', 'queue': <QueuedEvent>}, key=UUID('0a585526-52ae-4819-b180-cdbb1737e5cb'), condition=None, blocking_facility=None)]. The order of those handlers is not defined and they will be executed in random order. This might lead to race conditions and potential bugs.
2020-04-08 19:29:31,212 : INFO : EventManager : Event: ======'port_check_phase_3_started'====== Args={}
2020-04-08 19:29:31,212 : INFO : EventManager : Event: ======'start_container_animation'====== Args={'priority': 0}
2020-04-08 19:29:31,212 : INFO : EventManager : Event: ======'add_a_ball_started'====== Args={}
2020-04-08 19:29:31,723 : INFO : EventManager : Event: ======'player_mode_manager_mode_countdown_tick'====== Args={'value': 29, 'prev_value': 30, 'change': -1, 'player_num': 1}
2020-04-08 19:29:31,723 : INFO : EventManager : Event: ======'timer_mode_countdown_tick'====== Args={'ticks': 29, 'ticks_remaining': 29}
2020-04-08 19:29:31,724 : INFO : EventManager : Event: ======'player_countdown_bar_progress'====== Args={'value': 29, 'prev_value': 30, 'change': -1, 'player_num': 1}
2020-04-08 19:29:32,234 : INFO : EventManager : Event: ======'slide_mode_2_start_slide_text_created'====== Args={'_from_bcp': True}
2020-04-08 19:29:32,234 : INFO : EventManager : Event: ======'slide_mode_2_start_slide_text_active'====== Args={'_from_bcp': True}
2020-04-08 19:29:32,729 : INFO : EventManager : Event: ======'player_mode_manager_mode_countdown_tick'====== Args={'value': 28, 'prev_value': 29, 'change': -1, 'player_num': 1}
2020-04-08 19:29:32,729 : INFO : EventManager : Event: ======'timer_mode_countdown_tick'====== Args={'ticks': 28, 'ticks_remaining': 28}
2020-04-08 19:29:32,730 : INFO : EventManager : Event: ======'player_countdown_bar_progress'====== Args={'value': 28, 'prev_value': 29, 'change': -1, 'player_num': 1}
2020-04-08 19:29:33,233 : INFO : EventManager : Event: ======'slide_mode_2_start_slide_removed'====== Args={'_from_bcp': True}
2020-04-08 19:29:33,234 : INFO : EventManager : Event: ======'slide_mode_2_start_slide_text_removed'====== Args={'_from_bcp': True}
2020-04-08 19:29:33,234 : INFO : EventManager : Event: ======'slide_dmd_blank_active'====== Args={'_from_bcp': True}
2020-04-08 19:29:33,234 : INFO : EventManager : Event: ======'mode_start_slide_end'====== Args={'priority': 0}
2020-04-08 19:29:33,234 : INFO : EventManager : Event: ======'port_check_phase_2_finished'====== Args={'priority': 0}
2020-04-08 19:29:33,724 : INFO : EventManager : Event: ======'player_mode_manager_mode_countdown_tick'====== Args={'value': 27, 'prev_value': 28, 'change': -1, 'player_num': 1}
2020-04-08 19:29:33,724 : INFO : EventManager : Event: ======'timer_mode_countdown_tick'====== Args={'ticks': 27, 'ticks_remaining': 27}
2020-04-08 19:29:33,725 : INFO : EventManager : Event: ======'player_countdown_bar_progress'====== Args={'value': 27, 'prev_value': 28, 'change': -1, 'player_num': 1}
2020-04-08 19:29:34,716 : INFO : EventManager : Event: ======'player_mode_manager_mode_countdown_tick'====== Args={'value': 26, 'prev_value': 27, 'change': -1, 'player_num': 1}
2020-04-08 19:29:34,716 : INFO : EventManager : Event: ======'timer_mode_countdown_tick'====== Args={'ticks': 26, 'ticks_remaining': 26}
2020-04-08 19:29:34,717 : INFO : EventManager : Event: ======'player_countdown_bar_progress'====== Args={'value': 26, 'prev_value': 27, 'change': -1, 'player_num': 1}
2020-04-08 19:29:35,727 : INFO : EventManager : Event: ======'player_mode_manager_mode_countdown_tick'====== Args={'value': 25, 'prev_value': 26, 'change': -1, 'player_num': 1}
2020-04-08 19:29:35,729 : INFO : EventManager : Event: ======'timer_mode_countdown_tick'====== Args={'ticks': 25, 'ticks_remaining': 25}
2020-04-08 19:29:35,731 : INFO : EventManager : Event: ======'player_countdown_bar_progress'====== Args={'value': 25, 'prev_value': 26, 'change': -1, 'player_num': 1}
2020-04-08 19:29:35,734 : INFO : Machine : Shutting down...
2020-04-08 19:29:35,734 : INFO : EventManager : Event: ======'shutdown'====== Args={}
2020-04-08 19:29:35,751 : INFO : root : MPF run loop ended.
