2020-02-09 16:44:24,203 : INFO : Machine : Mission Pinball Framework Core Engine v0.53.2
2020-02-09 16:44:24,204 : INFO : Machine : Command line arguments: {'no_load_cache': False, 'create_config_cache': True, 'bcp': True, 'configfile': ['config.yaml'], 'mpfconfigfile': 'c:\\users\\schol\\appdata\\local\\programs\\python\\python36\\lib\\site-packages\\mpf\\mpfconfig.yaml', 'force_assets_load': False, 'jsonlogging': False, 'logfile': 'logs\\2020-02-09-16-44-24-mpf-DESKTOP-FPTMTCL.log', 'pause': False, 'production': False, 'text_ui': True, 'loglevel': 15, 'consoleloglevel': 20, 'force_platform': 'smart_virtual', 'syslog_address': None, 'mc_file_name': None, 'no_sound': False}
2020-02-09 16:44:24,204 : INFO : Machine : MPF path: c:\users\schol\appdata\local\programs\python\python36\lib\site-packages\mpf
2020-02-09 16:44:24,204 : INFO : Machine : Machine path: E:\mpf\wows\wows
2020-02-09 16:44:24,204 : INFO : Machine : Platform: win32
2020-02-09 16:44:24,204 : INFO : Machine : Python executable location: c:\users\schol\appdata\local\programs\python\python36\python.exe
2020-02-09 16:44:24,204 : INFO : Machine : Python version: 3.6.4 (64-bit)
2020-02-09 16:44:24,204 : INFO : Machine : Machine config file #1: config.yaml
2020-02-09 16:44:24,205 : INFO : ConfigProcessor : Loading config from cache: C:\Users\schol\AppData\Local\Temp\a7e9e9e882fa7eca7cb0ba00eaf15121.mpf_cache
2020-02-09 16:44:24,207 : INFO : Machine : Initialise MPF.
2020-02-09 16:44:24,436 : INFO : EventManager : Event: ======'machine_var_credits_string'====== Args={'value': 'FREE PLAY', 'prev_value': None, 'change': True}
2020-02-09 16:44:24,475 : INFO : EventManager : Event: ======'machine_var_player1_score'====== Args={'value': 0, 'prev_value': None, 'change': True}
2020-02-09 16:44:24,475 : INFO : EventManager : Event: ======'machine_var_mpf_version'====== Args={'value': 'MPF v0.53.2', 'prev_value': None, 'change': True}
2020-02-09 16:44:24,475 : INFO : EventManager : Event: ======'machine_var_mpf_extended_version'====== Args={'value': 'MPF v0.53.2, Config version:5, Show version: 5, BCP version:1.1', 'prev_value': None, 'change': True}
2020-02-09 16:44:24,475 : INFO : EventManager : Event: ======'machine_var_python_version'====== Args={'value': '3.6.4', 'prev_value': None, 'change': True}
2020-02-09 16:44:24,475 : INFO : EventManager : Event: ======'machine_var_platform'====== Args={'value': 'Windows-10-10.0.18362-SP0', 'prev_value': None, 'change': True}
2020-02-09 16:44:24,476 : INFO : EventManager : Event: ======'machine_var_platform_system'====== Args={'value': 'Windows', 'prev_value': None, 'change': True}
2020-02-09 16:44:24,476 : INFO : EventManager : Event: ======'machine_var_platform_release'====== Args={'value': '10', 'prev_value': None, 'change': True}
2020-02-09 16:44:24,476 : INFO : EventManager : Event: ======'machine_var_platform_version'====== Args={'value': '10.0.18362', 'prev_value': None, 'change': True}
2020-02-09 16:44:24,476 : INFO : EventManager : Event: ======'machine_var_platform_machine'====== Args={'value': 'AMD64', 'prev_value': None, 'change': True}
2020-02-09 16:44:24,476 : INFO : EventManager : Event: ======'init_phase_1'====== Args={}
2020-02-09 16:44:24,507 : WARNING : ConfigProcessor : Config file in cache changed: E:\mpf\wows\wows\modes\mode_timer\config\mode_timer.yaml
2020-02-09 16:44:24,507 : INFO : ConfigProcessor : Loading config from file E:\mpf\wows\wows\modes\mode_timer\config\mode_timer.yaml.
2020-02-09 16:44:24,519 : INFO : ConfigProcessor : Loading config: E:\mpf\wows\wows\modes\mode_timer\config\mode_timer.yaml
2020-02-09 16:44:24,519 : INFO : ConfigProcessor : Config file cache created: C:\Users\schol\AppData\Local\Temp\a7d542bdfda847f6f43ef69f33227d54.mpf_cache
2020-02-09 16:44:24,521 : INFO : ConfigProcessor : Loading config from cache: C:\Users\schol\AppData\Local\Temp\f9a57b3955e1480227d6e8589f6567c4.mpf_cache
2020-02-09 16:44:24,523 : INFO : ConfigProcessor : Loading config from cache: C:\Users\schol\AppData\Local\Temp\d5fd805c5432c1441bf01a6268536a3d.mpf_cache
2020-02-09 16:44:24,528 : INFO : ConfigProcessor : Loading config from cache: C:\Users\schol\AppData\Local\Temp\2f7452aae1b2779bb4a1388fc419c0c8.mpf_cache
2020-02-09 16:44:24,530 : INFO : ConfigProcessor : Loading config from cache: C:\Users\schol\AppData\Local\Temp\fbcc5772262340622f93ebd98450e45f.mpf_cache
2020-02-09 16:44:24,532 : INFO : ConfigProcessor : Loading config from cache: C:\Users\schol\AppData\Local\Temp\5c4497fcd69d1d656c4b69a28e44c490.mpf_cache
2020-02-09 16:44:24,537 : INFO : ConfigProcessor : Loading config from cache: C:\Users\schol\AppData\Local\Temp\6e6d4708a613edd7635d35a6961997f3.mpf_cache
2020-02-09 16:44:24,539 : INFO : ConfigProcessor : Loading config from cache: C:\Users\schol\AppData\Local\Temp\1e6cc6775e87a3e14ded8d45fd065b10.mpf_cache
2020-02-09 16:44:24,541 : INFO : ConfigProcessor : Loading config from cache: C:\Users\schol\AppData\Local\Temp\a6527a592b6034dbfea56fdf726c3822.mpf_cache
2020-02-09 16:44:24,543 : INFO : ConfigProcessor : Loading config from cache: C:\Users\schol\AppData\Local\Temp\97f63c0afcbce8d9df7044fccf1035a4.mpf_cache
2020-02-09 16:44:24,545 : INFO : ConfigProcessor : Loading config from cache: C:\Users\schol\AppData\Local\Temp\5dbeda7d2775496a54d206d506904281.mpf_cache
2020-02-09 16:44:24,547 : INFO : ConfigProcessor : Loading config from cache: C:\Users\schol\AppData\Local\Temp\4aeaa69609f53d9b71d1dbbedd434b0b.mpf_cache
2020-02-09 16:44:24,577 : INFO : EventManager : Event: ======'init_phase_2'====== Args={}
2020-02-09 16:44:24,578 : INFO : SwitchController : Found active switch: ('2', <Platform.SmartVirtual>)
2020-02-09 16:44:24,578 : INFO : SwitchController : Found active switch: ('3', <Platform.SmartVirtual>)
2020-02-09 16:44:24,578 : INFO : SwitchController : Found active switch: ('4', <Platform.SmartVirtual>)
2020-02-09 16:44:24,578 : INFO : SwitchController : Found active switch: ('5', <Platform.SmartVirtual>)
2020-02-09 16:44:24,578 : INFO : SwitchController : Found active switch: ('6', <Platform.SmartVirtual>)
2020-02-09 16:44:24,578 : INFO : SwitchController : Found active switch: ('7', <Platform.SmartVirtual>)
2020-02-09 16:44:24,584 : INFO : EventManager : Event: ======'bcp_connection_attempt'====== Args={'name': 'local_display', 'host': 'localhost', 'port': 5050}
2020-02-09 16:44:24,585 : INFO : BCPClientSocket : Connecting BCP to 'local_display' at localhost:5050...
2020-02-09 16:44:26,600 : INFO : BCPClientSocket : Connected BCP to 'local_display' localhost:5050
2020-02-09 16:44:26,601 : INFO : EventManager : Event: ======'bcp_clients_connected'====== Args={}
2020-02-09 16:44:26,631 : INFO : EventManager : Event: ======'init_phase_3'====== Args={}
2020-02-09 16:44:26,631 : INFO : AssetManager : Registering Asset: sh_mode_1_shot_made, File: sh_mode_1_shot_made.yaml, Default Group: default, Final Config: {'load': 'preload', 'file': 'E:\\mpf\\wows\\wows\\shows\\sh_mode_1_shot_made.yaml'}
2020-02-09 16:44:26,631 : INFO : AssetManager : Registering Asset: sh_mode_3_shot_made, File: sh_mode_3_shot_made.yaml, Default Group: default, Final Config: {'load': 'preload', 'file': 'E:\\mpf\\wows\\wows\\shows\\sh_mode_3_shot_made.yaml'}
2020-02-09 16:44:26,631 : INFO : AssetManager : Registering Asset: sh_mode_4_shot_made, File: sh_mode_4_shot_made.yaml, Default Group: default, Final Config: {'load': 'preload', 'file': 'E:\\mpf\\wows\\wows\\shows\\sh_mode_4_shot_made.yaml'}
2020-02-09 16:44:26,631 : INFO : AssetManager : Registering Asset: sh_mode_5_shot_made, File: sh_mode_5_shot_made.yaml, Default Group: default, Final Config: {'load': 'preload', 'file': 'E:\\mpf\\wows\\wows\\shows\\sh_mode_5_shot_made.yaml'}
2020-02-09 16:44:26,632 : INFO : AssetManager : Registering Asset: sh_mode_6_shot_made, File: sh_mode_6_shot_made.yaml, Default Group: default, Final Config: {'load': 'preload', 'file': 'E:\\mpf\\wows\\wows\\shows\\sh_mode_6_shot_made.yaml'}
2020-02-09 16:44:26,632 : INFO : AssetManager : Registering Asset: sh_mode_7_shot_made, File: sh_mode_7_shot_made.yaml, Default Group: default, Final Config: {'load': 'preload', 'file': 'E:\\mpf\\wows\\wows\\shows\\sh_mode_7_shot_made.yaml'}
2020-02-09 16:44:26,632 : INFO : AssetManager : Registering Asset: sh_mode_8_shot_made, File: sh_mode_8_shot_made.yaml, Default Group: default, Final Config: {'load': 'preload', 'file': 'E:\\mpf\\wows\\wows\\shows\\sh_mode_8_shot_made.yaml'}
2020-02-09 16:44:26,632 : INFO : AssetManager : Registering Asset: sh_mode_9_shot_made, File: sh_mode_9_shot_made.yaml, Default Group: default, Final Config: {'load': 'preload', 'file': 'E:\\mpf\\wows\\wows\\shows\\sh_mode_9_shot_made.yaml'}
2020-02-09 16:44:26,635 : INFO : EventManager : Event: ======'machine_var_mc_version'====== Args={'value': 'MPF-MC v0.53.0', 'prev_value': None, 'change': True}
2020-02-09 16:44:26,635 : INFO : EventManager : Event: ======'machine_var_mc_extended_version'====== Args={'value': 'MPF-MC v0.53.0 (config_version=5, BCP v1.1, Requires MPF v0.53.0)', 'prev_value': None, 'change': True}
2020-02-09 16:44:26,636 : INFO : EventManager : Event: ======'machine_var_master_volume'====== Args={'value': 0.5, 'prev_value': None, 'change': True}
2020-02-09 16:44:26,637 : INFO : ConfigProcessor : Loading config from cache: C:\Users\schol\AppData\Local\Temp\9b528347051cb782f006c12877dcdcaa.mpf_cache
2020-02-09 16:44:26,638 : INFO : EventManager : Event: ======'loading_assets'====== Args={'total': 8, 'loaded': 1, 'remaining': 7, 'percent': 12}
2020-02-09 16:44:26,638 : INFO : AssetManager : Loading assets: 1/8 (12%)
2020-02-09 16:44:26,638 : INFO : ConfigProcessor : Loading config from cache: C:\Users\schol\AppData\Local\Temp\d7de7b0977d157ca405b11c805af3796.mpf_cache
2020-02-09 16:44:26,639 : INFO : ConfigProcessor : Loading config from cache: C:\Users\schol\AppData\Local\Temp\52f81a04bd1ef6d87bf151768dd36663.mpf_cache
2020-02-09 16:44:26,640 : INFO : ConfigProcessor : Loading config from cache: C:\Users\schol\AppData\Local\Temp\de0d3921406543974e6ec49e041634fd.mpf_cache
2020-02-09 16:44:26,641 : INFO : ConfigProcessor : Loading config from cache: C:\Users\schol\AppData\Local\Temp\102503bf7ce56b6821df42862c9d56eb.mpf_cache
2020-02-09 16:44:26,641 : INFO : ConfigProcessor : Loading config from cache: C:\Users\schol\AppData\Local\Temp\c5830c548f120859d3cdb1059c94ba18.mpf_cache
2020-02-09 16:44:26,642 : INFO : ConfigProcessor : Loading config from cache: C:\Users\schol\AppData\Local\Temp\3d3900be9a5cd37c0cc6f23ed42b0013.mpf_cache
2020-02-09 16:44:26,643 : INFO : ConfigProcessor : Loading config from cache: C:\Users\schol\AppData\Local\Temp\9fcc5d068c11e0550a899eaf73312658.mpf_cache
2020-02-09 16:44:26,644 : INFO : EventManager : Event: ======'loading_assets'====== Args={'total': 8, 'loaded': 8, 'remaining': 0, 'percent': 100}
2020-02-09 16:44:26,644 : INFO : AssetManager : Asset loading took: 2.2247965335845947
2020-02-09 16:44:26,644 : INFO : EventManager : Event: ======'asset_loading_complete'====== Args={}
2020-02-09 16:44:26,644 : INFO : AssetManager : Loading assets: 8/8 (100%)
2020-02-09 16:44:26,644 : INFO : EventManager : Event: ======'init_phase_4'====== Args={}
2020-02-09 16:44:26,666 : INFO : EventManager : Event: ======'machine_var_audits_events_game_ended'====== Args={'value': 1, 'prev_value': None, 'change': True}
2020-02-09 16:44:26,667 : INFO : EventManager : Event: ======'machine_var_audits_events_game_started'====== Args={'value': 204, 'prev_value': None, 'change': True}
2020-02-09 16:44:26,667 : INFO : EventManager : Event: ======'machine_var_audits_player_score'====== Args={'value': {'average': 0.0, 'top': [0], 'total': 1}, 'prev_value': None, 'change': True}
2020-02-09 16:44:26,667 : INFO : EventManager : Event: ======'machine_var_audits_shots_confederate_1'====== Args={'value': 5, 'prev_value': None, 'change': True}
2020-02-09 16:44:26,667 : INFO : EventManager : Event: ======'machine_var_audits_shots_confederate_2'====== Args={'value': 4, 'prev_value': None, 'change': True}
2020-02-09 16:44:26,667 : INFO : EventManager : Event: ======'machine_var_audits_shots_confederate_3'====== Args={'value': 1, 'prev_value': None, 'change': True}
2020-02-09 16:44:26,667 : INFO : EventManager : Event: ======'machine_var_audits_shots_confederate_4'====== Args={'value': 3, 'prev_value': None, 'change': True}
2020-02-09 16:44:26,668 : INFO : EventManager : Event: ======'machine_var_audits_shots_confederate_5'====== Args={'value': 1, 'prev_value': None, 'change': True}
2020-02-09 16:44:26,668 : INFO : EventManager : Event: ======'machine_var_audits_shots_confederate_6'====== Args={'value': 4, 'prev_value': None, 'change': True}
2020-02-09 16:44:26,668 : INFO : EventManager : Event: ======'machine_var_audits_shots_jackpot_1'====== Args={'value': 15, 'prev_value': None, 'change': True}
2020-02-09 16:44:26,669 : INFO : EventManager : Event: ======'machine_var_audits_shots_jackpot_2'====== Args={'value': 13, 'prev_value': None, 'change': True}
2020-02-09 16:44:26,669 : INFO : EventManager : Event: ======'machine_var_audits_shots_jackpot_3'====== Args={'value': 7, 'prev_value': None, 'change': True}
2020-02-09 16:44:26,669 : INFO : EventManager : Event: ======'machine_var_audits_shots_jackpot_4'====== Args={'value': 9, 'prev_value': None, 'change': True}
2020-02-09 16:44:26,669 : INFO : EventManager : Event: ======'machine_var_audits_shots_jackpot_5'====== Args={'value': 7, 'prev_value': None, 'change': True}
2020-02-09 16:44:26,669 : INFO : EventManager : Event: ======'machine_var_audits_shots_jackpot_6'====== Args={'value': 11, 'prev_value': None, 'change': True}
2020-02-09 16:44:26,669 : INFO : EventManager : Event: ======'machine_var_audits_shots_lane_A'====== Args={'value': 9, 'prev_value': None, 'change': True}
2020-02-09 16:44:26,670 : INFO : EventManager : Event: ======'machine_var_audits_shots_lane_B'====== Args={'value': 10, 'prev_value': None, 'change': True}
2020-02-09 16:44:26,670 : INFO : EventManager : Event: ======'machine_var_audits_shots_lane_C'====== Args={'value': 11, 'prev_value': None, 'change': True}
2020-02-09 16:44:26,670 : INFO : EventManager : Event: ======'machine_var_audits_shots_lane_D'====== Args={'value': 17, 'prev_value': None, 'change': True}
2020-02-09 16:44:26,670 : INFO : EventManager : Event: ======'machine_var_audits_shots_lane_E'====== Args={'value': 16, 'prev_value': None, 'change': True}
2020-02-09 16:44:26,670 : INFO : EventManager : Event: ======'machine_var_audits_shots_lock_lit_1'====== Args={'value': 6, 'prev_value': None, 'change': True}
2020-02-09 16:44:26,670 : INFO : EventManager : Event: ======'machine_var_audits_shots_lock_lit_2'====== Args={'value': 5, 'prev_value': None, 'change': True}
2020-02-09 16:44:26,671 : INFO : EventManager : Event: ======'machine_var_audits_shots_ricochet_1'====== Args={'value': 1, 'prev_value': None, 'change': True}
2020-02-09 16:44:26,671 : INFO : EventManager : Event: ======'machine_var_audits_shots_ricochet_2'====== Args={'value': 1, 'prev_value': None, 'change': True}
2020-02-09 16:44:26,671 : INFO : EventManager : Event: ======'machine_var_audits_shots_ricochet_3'====== Args={'value': 1, 'prev_value': None, 'change': True}
2020-02-09 16:44:26,671 : INFO : EventManager : Event: ======'machine_var_audits_shots_ricochet_4'====== Args={'value': 1, 'prev_value': None, 'change': True}
2020-02-09 16:44:26,672 : INFO : EventManager : Event: ======'machine_var_audits_shots_ricochet_5'====== Args={'value': 1, 'prev_value': None, 'change': True}
2020-02-09 16:44:26,672 : INFO : EventManager : Event: ======'machine_var_audits_switches_s_bumper_1'====== Args={'value': 0, 'prev_value': None, 'change': True}
2020-02-09 16:44:26,672 : INFO : EventManager : Event: ======'machine_var_audits_switches_s_bumper_2'====== Args={'value': 0, 'prev_value': None, 'change': True}
2020-02-09 16:44:26,672 : INFO : EventManager : Event: ======'machine_var_audits_switches_s_bumper_3'====== Args={'value': 0, 'prev_value': None, 'change': True}
2020-02-09 16:44:26,673 : INFO : EventManager : Event: ======'machine_var_audits_switches_s_center_ramp'====== Args={'value': 7, 'prev_value': None, 'change': True}
2020-02-09 16:44:26,673 : INFO : EventManager : Event: ======'machine_var_audits_switches_s_citadel'====== Args={'value': 6, 'prev_value': None, 'change': True}
2020-02-09 16:44:26,673 : INFO : EventManager : Event: ======'machine_var_audits_switches_s_citadel_lock'====== Args={'value': 9, 'prev_value': None, 'change': True}
2020-02-09 16:44:26,674 : INFO : EventManager : Event: ======'machine_var_audits_switches_s_detonation'====== Args={'value': 0, 'prev_value': None, 'change': True}
2020-02-09 16:44:26,674 : INFO : EventManager : Event: ======'machine_var_audits_switches_s_dmg_1'====== Args={'value': 540, 'prev_value': None, 'change': True}
2020-02-09 16:44:26,674 : INFO : EventManager : Event: ======'machine_var_audits_switches_s_dmg_2'====== Args={'value': 5, 'prev_value': None, 'change': True}
2020-02-09 16:44:26,674 : INFO : EventManager : Event: ======'machine_var_audits_switches_s_dmg_3'====== Args={'value': 4, 'prev_value': None, 'change': True}
2020-02-09 16:44:26,675 : INFO : EventManager : Event: ======'machine_var_audits_switches_s_dmg_4'====== Args={'value': 1, 'prev_value': None, 'change': True}
2020-02-09 16:44:26,675 : INFO : EventManager : Event: ======'machine_var_audits_switches_s_dmg_5'====== Args={'value': 2, 'prev_value': None, 'change': True}
2020-02-09 16:44:26,675 : INFO : EventManager : Event: ======'machine_var_audits_switches_s_dmg_6'====== Args={'value': 1, 'prev_value': None, 'change': True}
2020-02-09 16:44:26,676 : INFO : EventManager : Event: ======'machine_var_audits_switches_s_dmg_7'====== Args={'value': 2, 'prev_value': None, 'change': True}
2020-02-09 16:44:26,676 : INFO : EventManager : Event: ======'machine_var_audits_switches_s_drop_target'====== Args={'value': 5, 'prev_value': None, 'change': True}
2020-02-09 16:44:26,676 : INFO : EventManager : Event: ======'machine_var_audits_switches_s_jet_hole'====== Args={'value': 0, 'prev_value': None, 'change': True}
2020-02-09 16:44:26,676 : INFO : EventManager : Event: ======'machine_var_audits_switches_s_jet_lane'====== Args={'value': 0, 'prev_value': None, 'change': True}
2020-02-09 16:44:26,677 : INFO : EventManager : Event: ======'machine_var_audits_switches_s_kickback'====== Args={'value': 0, 'prev_value': None, 'change': True}
2020-02-09 16:44:26,677 : INFO : EventManager : Event: ======'machine_var_audits_switches_s_kickback_target_1'====== Args={'value': 0, 'prev_value': None, 'change': True}
2020-02-09 16:44:26,677 : INFO : EventManager : Event: ======'machine_var_audits_switches_s_kickback_target_2'====== Args={'value': 0, 'prev_value': None, 'change': True}
2020-02-09 16:44:26,677 : INFO : EventManager : Event: ======'machine_var_audits_switches_s_kickback_target_3'====== Args={'value': 2, 'prev_value': None, 'change': True}
2020-02-09 16:44:26,678 : INFO : EventManager : Event: ======'machine_var_audits_switches_s_kickback_terget_1'====== Args={'value': 0, 'prev_value': None, 'change': True}
2020-02-09 16:44:26,678 : INFO : EventManager : Event: ======'machine_var_audits_switches_s_left_flipper'====== Args={'value': 63, 'prev_value': None, 'change': True}
2020-02-09 16:44:26,679 : INFO : EventManager : Event: ======'machine_var_audits_switches_s_left_hole'====== Args={'value': 0, 'prev_value': None, 'change': True}
2020-02-09 16:44:26,679 : INFO : EventManager : Event: ======'machine_var_audits_switches_s_left_inlane'====== Args={'value': 11, 'prev_value': None, 'change': True}
2020-02-09 16:44:26,679 : INFO : EventManager : Event: ======'machine_var_audits_switches_s_left_loop_made'====== Args={'value': 19, 'prev_value': None, 'change': True}
2020-02-09 16:44:26,680 : INFO : EventManager : Event: ======'machine_var_audits_switches_s_left_loop_pre'====== Args={'value': 0, 'prev_value': None, 'change': True}
2020-02-09 16:44:26,680 : INFO : EventManager : Event: ======'machine_var_audits_switches_s_left_mid_inlane'====== Args={'value': 10, 'prev_value': None, 'change': True}
2020-02-09 16:44:26,680 : INFO : EventManager : Event: ======'machine_var_audits_switches_s_left_outlane'====== Args={'value': 9, 'prev_value': None, 'change': True}
2020-02-09 16:44:26,681 : INFO : EventManager : Event: ======'machine_var_audits_switches_s_left_ramp_made'====== Args={'value': 26, 'prev_value': None, 'change': True}
2020-02-09 16:44:26,681 : INFO : EventManager : Event: ======'machine_var_audits_switches_s_left_ramp_pre'====== Args={'value': 0, 'prev_value': None, 'change': True}
2020-02-09 16:44:26,682 : INFO : EventManager : Event: ======'machine_var_audits_switches_s_left_slingshot'====== Args={'value': 0, 'prev_value': None, 'change': True}
2020-02-09 16:44:26,682 : INFO : EventManager : Event: ======'machine_var_audits_switches_s_lock_1'====== Args={'value': 16, 'prev_value': None, 'change': True}
2020-02-09 16:44:26,682 : INFO : EventManager : Event: ======'machine_var_audits_switches_s_lock_2'====== Args={'value': 10, 'prev_value': None, 'change': True}
2020-02-09 16:44:26,683 : INFO : EventManager : Event: ======'machine_var_audits_switches_s_lock_3'====== Args={'value': 11, 'prev_value': None, 'change': True}
2020-02-09 16:44:26,683 : INFO : EventManager : Event: ======'machine_var_audits_switches_s_main_hole'====== Args={'value': 53, 'prev_value': None, 'change': True}
2020-02-09 16:44:26,683 : INFO : EventManager : Event: ======'machine_var_audits_switches_s_pen_1'====== Args={'value': 1, 'prev_value': None, 'change': True}
2020-02-09 16:44:26,684 : INFO : EventManager : Event: ======'machine_var_audits_switches_s_pen_2'====== Args={'value': 1, 'prev_value': None, 'change': True}
2020-02-09 16:44:26,684 : INFO : EventManager : Event: ======'machine_var_audits_switches_s_pen_3'====== Args={'value': 0, 'prev_value': None, 'change': True}
2020-02-09 16:44:26,685 : INFO : EventManager : Event: ======'machine_var_audits_switches_s_pen_4'====== Args={'value': 1, 'prev_value': None, 'change': True}
2020-02-09 16:44:26,685 : INFO : EventManager : Event: ======'machine_var_audits_switches_s_pen_5'====== Args={'value': 0, 'prev_value': None, 'change': True}
2020-02-09 16:44:26,685 : INFO : EventManager : Event: ======'machine_var_audits_switches_s_pen_6'====== Args={'value': 1, 'prev_value': None, 'change': True}
2020-02-09 16:44:26,686 : INFO : EventManager : Event: ======'machine_var_audits_switches_s_plunger'====== Args={'value': 241, 'prev_value': None, 'change': True}
2020-02-09 16:44:26,686 : INFO : EventManager : Event: ======'machine_var_audits_switches_s_plunger_button'====== Args={'value': 2, 'prev_value': None, 'change': True}
2020-02-09 16:44:26,686 : INFO : EventManager : Event: ======'machine_var_audits_switches_s_ricochet_1'====== Args={'value': 25, 'prev_value': None, 'change': True}
2020-02-09 16:44:26,687 : INFO : EventManager : Event: ======'machine_var_audits_switches_s_ricochet_2'====== Args={'value': 8, 'prev_value': None, 'change': True}
2020-02-09 16:44:26,687 : INFO : EventManager : Event: ======'machine_var_audits_switches_s_ricochet_3'====== Args={'value': 3, 'prev_value': None, 'change': True}
2020-02-09 16:44:26,688 : INFO : EventManager : Event: ======'machine_var_audits_switches_s_ricochet_4'====== Args={'value': 6, 'prev_value': None, 'change': True}
2020-02-09 16:44:26,688 : INFO : EventManager : Event: ======'machine_var_audits_switches_s_ricochet_5'====== Args={'value': 6, 'prev_value': None, 'change': True}
2020-02-09 16:44:26,688 : INFO : EventManager : Event: ======'machine_var_audits_switches_s_right_flipper'====== Args={'value': 397, 'prev_value': None, 'change': True}
2020-02-09 16:44:26,689 : INFO : EventManager : Event: ======'machine_var_audits_switches_s_right_hole'====== Args={'value': 26, 'prev_value': None, 'change': True}
2020-02-09 16:44:26,689 : INFO : EventManager : Event: ======'machine_var_audits_switches_s_right_inlane'====== Args={'value': 17, 'prev_value': None, 'change': True}
2020-02-09 16:44:26,690 : INFO : EventManager : Event: ======'machine_var_audits_switches_s_right_outlane'====== Args={'value': 16, 'prev_value': None, 'change': True}
2020-02-09 16:44:26,690 : INFO : EventManager : Event: ======'machine_var_audits_switches_s_right_ramp_made'====== Args={'value': 20, 'prev_value': None, 'change': True}
2020-02-09 16:44:26,690 : INFO : EventManager : Event: ======'machine_var_audits_switches_s_right_ramp_pre'====== Args={'value': 0, 'prev_value': None, 'change': True}
2020-02-09 16:44:26,691 : INFO : EventManager : Event: ======'machine_var_audits_switches_s_right_slingshot'====== Args={'value': 0, 'prev_value': None, 'change': True}
2020-02-09 16:44:26,691 : INFO : EventManager : Event: ======'machine_var_audits_switches_s_side_hole'====== Args={'value': 2, 'prev_value': None, 'change': True}
2020-02-09 16:44:26,692 : INFO : EventManager : Event: ======'machine_var_audits_switches_s_side_ramp_made'====== Args={'value': 2, 'prev_value': None, 'change': True}
2020-02-09 16:44:26,692 : INFO : EventManager : Event: ======'machine_var_audits_switches_s_side_ramp_pre'====== Args={'value': 0, 'prev_value': None, 'change': True}
2020-02-09 16:44:26,692 : INFO : EventManager : Event: ======'machine_var_audits_switches_s_start'====== Args={'value': 8, 'prev_value': None, 'change': True}
2020-02-09 16:44:26,693 : INFO : EventManager : Event: ======'machine_var_audits_switches_s_torpedo'====== Args={'value': 23, 'prev_value': None, 'change': True}
2020-02-09 16:44:26,693 : INFO : EventManager : Event: ======'machine_var_audits_switches_s_trough1'====== Args={'value': 17, 'prev_value': None, 'change': True}
2020-02-09 16:44:26,694 : INFO : EventManager : Event: ======'machine_var_audits_switches_s_trough2'====== Args={'value': 2, 'prev_value': None, 'change': True}
2020-02-09 16:44:26,694 : INFO : EventManager : Event: ======'machine_var_audits_switches_s_trough3'====== Args={'value': 1, 'prev_value': None, 'change': True}
2020-02-09 16:44:26,695 : INFO : EventManager : Event: ======'machine_var_audits_switches_s_trough4'====== Args={'value': 2, 'prev_value': None, 'change': True}
2020-02-09 16:44:26,695 : INFO : EventManager : Event: ======'machine_var_audits_switches_s_trough5'====== Args={'value': 0, 'prev_value': None, 'change': True}
2020-02-09 16:44:26,695 : INFO : EventManager : Event: ======'machine_var_audits_switches_s_trough6'====== Args={'value': 1, 'prev_value': None, 'change': True}
2020-02-09 16:44:26,696 : INFO : EventManager : Event: ======'machine_var_audits_switches_s_trough_jam'====== Args={'value': 0, 'prev_value': None, 'change': True}
2020-02-09 16:44:26,696 : INFO : EventManager : Event: ======'init_phase_5'====== Args={}
2020-02-09 16:44:26,713 : INFO : EventManager : Event: ======'init_done'====== Args={}
2020-02-09 16:44:26,714 : INFO : EventManager : Event: ======'machine_reset_phase_1'====== Args={}
2020-02-09 16:44:26,717 : INFO : EventManager : Event: ======'slide_welcome_slide_removed'====== Args={'_from_bcp': True}
2020-02-09 16:44:26,726 : INFO : EventManager : Event: ======'slide_welcome_slide_created'====== Args={'_from_bcp': True}
2020-02-09 16:44:26,728 : INFO : EventManager : Event: ======'machine_reset_phase_2'====== Args={}
2020-02-09 16:44:26,728 : INFO : EventManager : Event: ======'machine_reset_phase_3'====== Args={}
2020-02-09 16:44:26,728 : INFO : EventManager : Event: ======'slide_welcome_slide_active'====== Args={'_from_bcp': True}
2020-02-09 16:44:26,729 : INFO : EventManager : Event: ======'reset_complete'====== Args={}
2020-02-09 16:44:26,729 : INFO : EventManager : Event: ======'mode_attract_will_start'====== Args={}
2020-02-09 16:44:26,729 : INFO : EventManager : Event: ======'mode_attract_starting'====== Args={}
2020-02-09 16:44:26,729 : INFO : Mode.attract : Started. Priority: 10
2020-02-09 16:44:26,729 : INFO : EventManager : Event: ======'mode_attract_started'====== Args={}
2020-02-09 16:44:26,730 : INFO : EventManager : Event: ======'collecting_balls_complete'====== Args={}
2020-02-09 16:44:26,755 : INFO : Machine : Starting the main run loop.
2020-02-09 16:44:26,762 : INFO : EventManager : Event: ======'slide_attract_started_created'====== Args={'_from_bcp': True}
2020-02-09 16:44:26,772 : INFO : EventManager : Event: ======'slide_attract_started_active'====== Args={'_from_bcp': True}
2020-02-09 16:44:27,584 : INFO : BcpServer : New client connected.
2020-02-09 16:44:27,585 : INFO : SwitchController : <<<<<<< 's_start' active >>>>>>>
2020-02-09 16:44:27,594 : INFO : SwitchController : <<<<<<< 's_start' inactive >>>>>>>
2020-02-09 16:44:27,594 : INFO : EventManager : Event: ======'request_to_start_game'====== Args={}
2020-02-09 16:44:27,603 : INFO : EventManager : Event: ======'game_start'====== Args={'buttons': [], 'hold_time': 0.0}
2020-02-09 16:44:27,603 : INFO : EventManager : Event: ======'mode_game_will_start'====== Args={'buttons': [], 'hold_time': 0.0}
2020-02-09 16:44:27,604 : INFO : EventManager : Event: ======'mode_game_starting'====== Args={'buttons': [], 'hold_time': 0.0}
2020-02-09 16:44:27,604 : INFO : EventManager : Event: ======'mode_attract_will_stop'====== Args={}
2020-02-09 16:44:27,604 : INFO : EventManager : Event: ======'mode_attract_stopping'====== Args={}
2020-02-09 16:44:27,604 : INFO : Mode.attract : Stopped.
2020-02-09 16:44:27,604 : INFO : EventManager : Event: ======'mode_attract_stopped'====== Args={}
2020-02-09 16:44:27,605 : INFO : EventManager : Event: ======'clear'====== Args={'key': 'attract'}
2020-02-09 16:44:27,605 : INFO : Mode.game : Started. Priority: 20
2020-02-09 16:44:27,605 : INFO : EventManager : Event: ======'mode_game_started'====== Args={'buttons': [], 'hold_time': 0.0}
2020-02-09 16:44:27,615 : INFO : EventManager : Event: ======'game_will_start'====== Args={}
2020-02-09 16:44:27,615 : INFO : EventManager : Event: ======'game_starting'====== Args={'game': <Mode.game>}
2020-02-09 16:44:27,616 : INFO : EventManager : Event: ======'player_add_request'====== Args={}
2020-02-09 16:44:27,616 : INFO : EventManager : Event: ======'player_will_add'====== Args={'number': 1}
2020-02-09 16:44:27,617 : INFO : EventManager : Event: ======'player_adding'====== Args={'player': <Player 1>, 'number': 1}
2020-02-09 16:44:27,617 : INFO : EventManager : Event: ======'player_added'====== Args={'player': <Player 1>, 'num': 1}
2020-02-09 16:44:27,618 : INFO : Mode.game : Player added successfully. Total players: 1
2020-02-09 16:44:27,618 : INFO : EventManager : Event: ======'player_index'====== Args={'value': 0, 'prev_value': 0, 'change': 0, 'player_num': 1}
2020-02-09 16:44:27,618 : INFO : EventManager : Event: ======'player_number'====== Args={'value': 1, 'prev_value': 1, 'change': 0, 'player_num': 1}
2020-02-09 16:44:27,618 : INFO : EventManager : Event: ======'player_ReceivedDMG'====== Args={'value': 1, 'prev_value': 1, 'change': 0, 'player_num': 1}
2020-02-09 16:44:27,619 : INFO : EventManager : Event: ======'player_DMGValue'====== Args={'value': 10000000, 'prev_value': 10000000, 'change': 0, 'player_num': 1}
2020-02-09 16:44:27,619 : INFO : EventManager : Event: ======'player_m1shotmade'====== Args={'value': 0, 'prev_value': 0, 'change': 0, 'player_num': 1}
2020-02-09 16:44:27,619 : INFO : EventManager : Event: ======'player_m2shotmade'====== Args={'value': 0, 'prev_value': 0, 'change': 0, 'player_num': 1}
2020-02-09 16:44:27,619 : INFO : EventManager : Event: ======'player_m3shotmade'====== Args={'value': 0, 'prev_value': 0, 'change': 0, 'player_num': 1}
2020-02-09 16:44:27,620 : INFO : EventManager : Event: ======'player_m4shotmade'====== Args={'value': 0, 'prev_value': 0, 'change': 0, 'player_num': 1}
2020-02-09 16:44:27,620 : INFO : EventManager : Event: ======'player_m5shotmade'====== Args={'value': 0, 'prev_value': 0, 'change': 0, 'player_num': 1}
2020-02-09 16:44:27,620 : INFO : EventManager : Event: ======'player_m6shotmade'====== Args={'value': 0, 'prev_value': 0, 'change': 0, 'player_num': 1}
2020-02-09 16:44:27,620 : INFO : EventManager : Event: ======'player_m7shotmade'====== Args={'value': 0, 'prev_value': 0, 'change': 0, 'player_num': 1}
2020-02-09 16:44:27,621 : INFO : EventManager : Event: ======'player_m8shotmade'====== Args={'value': 0, 'prev_value': 0, 'change': 0, 'player_num': 1}
2020-02-09 16:44:27,621 : INFO : EventManager : Event: ======'player_m9shotmade'====== Args={'value': 0, 'prev_value': 0, 'change': 0, 'player_num': 1}
2020-02-09 16:44:27,621 : INFO : EventManager : Event: ======'player_m1_active'====== Args={'value': 0, 'prev_value': 0, 'change': 0, 'player_num': 1}
2020-02-09 16:44:27,621 : INFO : EventManager : Event: ======'player_m2_active'====== Args={'value': 0, 'prev_value': 0, 'change': 0, 'player_num': 1}
2020-02-09 16:44:27,622 : INFO : EventManager : Event: ======'player_m3_active'====== Args={'value': 0, 'prev_value': 0, 'change': 0, 'player_num': 1}
2020-02-09 16:44:27,622 : INFO : EventManager : Event: ======'player_m4_active'====== Args={'value': 0, 'prev_value': 0, 'change': 0, 'player_num': 1}
2020-02-09 16:44:27,622 : INFO : EventManager : Event: ======'player_m5_active'====== Args={'value': 0, 'prev_value': 0, 'change': 0, 'player_num': 1}
2020-02-09 16:44:27,622 : INFO : EventManager : Event: ======'player_m6_active'====== Args={'value': 0, 'prev_value': 0, 'change': 0, 'player_num': 1}
2020-02-09 16:44:27,622 : INFO : EventManager : Event: ======'player_m7_active'====== Args={'value': 0, 'prev_value': 0, 'change': 0, 'player_num': 1}
2020-02-09 16:44:27,623 : INFO : EventManager : Event: ======'player_m8_active'====== Args={'value': 0, 'prev_value': 0, 'change': 0, 'player_num': 1}
2020-02-09 16:44:27,623 : INFO : EventManager : Event: ======'player_m9_active'====== Args={'value': 0, 'prev_value': 0, 'change': 0, 'player_num': 1}
2020-02-09 16:44:27,623 : INFO : EventManager : Event: ======'player_lock_lit_1_state'====== Args={'value': 0, 'prev_value': 0, 'change': 0, 'player_num': 1}
2020-02-09 16:44:27,623 : INFO : EventManager : Event: ======'player_lock_lit_2_state'====== Args={'value': 0, 'prev_value': 0, 'change': 0, 'player_num': 1}
2020-02-09 16:44:27,624 : INFO : EventManager : Event: ======'player_frezee_started'====== Args={'value': 0, 'prev_value': 0, 'change': 0, 'player_num': 1}
2020-02-09 16:44:27,624 : INFO : EventManager : Event: ======'player_score'====== Args={'value': 0, 'prev_value': 0, 'change': 0, 'player_num': 1}
2020-02-09 16:44:27,625 : INFO : EventManager : Event: ======'game_started'====== Args={}
2020-02-09 16:44:27,641 : INFO : EventManager : Event: ======'player_turn_will_start'====== Args={'player': <Player 1>, 'number': 1}
2020-02-09 16:44:27,647 : INFO : EventManager : Event: ======'player_turn_starting'====== Args={'player': <Player 1>, 'number': 1}
2020-02-09 16:44:27,647 : INFO : EventManager : Event: ======'player_ball'====== Args={'value': 1, 'prev_value': 0, 'change': 1, 'player_num': 1}
2020-02-09 16:44:27,647 : INFO : EventManager : Event: ======'player_turn_started'====== Args={'player': <Player 1>, 'number': 1}
2020-02-09 16:44:27,653 : INFO : EventManager : Event: ======'ball_will_start'====== Args={'player': 1, 'ball': 1, 'balls_remaining': 2, 'is_extra_ball': False}
2020-02-09 16:44:27,662 : INFO : EventManager : Event: ======'ball_starting'====== Args={'player': 1, 'ball': 1, 'balls_remaining': 2, 'is_extra_ball': False}
2020-02-09 16:44:27,662 : INFO : EventManager : Event: ======'mode_mode_manager_will_start'====== Args={'queue': <QueuedEvent>, 'player': 1, 'ball': 1, 'balls_remaining': 2, 'is_extra_ball': False}
2020-02-09 16:44:27,664 : INFO : EventManager : Event: ======'mode_mode_manager_starting'====== Args={'queue': <QueuedEvent>, 'player': 1, 'ball': 1, 'balls_remaining': 2, 'is_extra_ball': False}
2020-02-09 16:44:27,664 : INFO : EventManager : Event: ======'mode_mode_lit_will_start'====== Args={'queue': <QueuedEvent>, 'player': 1, 'ball': 1, 'balls_remaining': 2, 'is_extra_ball': False}
2020-02-09 16:44:27,665 : INFO : EventManager : Event: ======'achievement_mode_1_changed_state'====== Args={'restore': False, 'state': 'enabled', 'selected': False}
2020-02-09 16:44:27,665 : INFO : EventManager : Event: ======'achievement_mode_1_state_enabled'====== Args={'restore': False, 'state': 'enabled', 'selected': False}
2020-02-09 16:44:27,665 : INFO : EventManager : Event: ======'achievement_mode_2_changed_state'====== Args={'restore': False, 'state': 'enabled', 'selected': False}
2020-02-09 16:44:27,666 : INFO : EventManager : Event: ======'achievement_mode_2_state_enabled'====== Args={'restore': False, 'state': 'enabled', 'selected': False}
2020-02-09 16:44:27,666 : INFO : EventManager : Event: ======'achievement_mode_3_changed_state'====== Args={'restore': False, 'state': 'enabled', 'selected': False}
2020-02-09 16:44:27,666 : INFO : EventManager : Event: ======'achievement_mode_3_state_enabled'====== Args={'restore': False, 'state': 'enabled', 'selected': False}
2020-02-09 16:44:27,667 : INFO : EventManager : Event: ======'achievement_mode_4_changed_state'====== Args={'restore': False, 'state': 'enabled', 'selected': False}
2020-02-09 16:44:27,667 : INFO : EventManager : Event: ======'achievement_mode_4_state_enabled'====== Args={'restore': False, 'state': 'enabled', 'selected': False}
2020-02-09 16:44:27,668 : INFO : EventManager : Event: ======'achievement_mode_5_changed_state'====== Args={'restore': False, 'state': 'enabled', 'selected': False}
2020-02-09 16:44:27,668 : INFO : EventManager : Event: ======'achievement_mode_5_state_enabled'====== Args={'restore': False, 'state': 'enabled', 'selected': False}
2020-02-09 16:44:27,668 : INFO : EventManager : Event: ======'achievement_mode_6_changed_state'====== Args={'restore': False, 'state': 'enabled', 'selected': False}
2020-02-09 16:44:27,668 : INFO : EventManager : Event: ======'achievement_mode_6_state_enabled'====== Args={'restore': False, 'state': 'enabled', 'selected': False}
2020-02-09 16:44:27,668 : INFO : EventManager : Event: ======'achievement_mode_7_changed_state'====== Args={'restore': False, 'state': 'enabled', 'selected': False}
2020-02-09 16:44:27,669 : INFO : EventManager : Event: ======'achievement_mode_7_state_enabled'====== Args={'restore': False, 'state': 'enabled', 'selected': False}
2020-02-09 16:44:27,669 : INFO : EventManager : Event: ======'achievement_mode_8_changed_state'====== Args={'restore': False, 'state': 'enabled', 'selected': False}
2020-02-09 16:44:27,669 : INFO : EventManager : Event: ======'achievement_mode_8_state_enabled'====== Args={'restore': False, 'state': 'enabled', 'selected': False}
2020-02-09 16:44:27,669 : INFO : EventManager : Event: ======'achievement_mode_9_changed_state'====== Args={'restore': False, 'state': 'enabled', 'selected': False}
2020-02-09 16:44:27,669 : INFO : EventManager : Event: ======'achievement_mode_9_state_enabled'====== Args={'restore': False, 'state': 'enabled', 'selected': False}
2020-02-09 16:44:27,671 : INFO : EventManager : Event: ======'mode_mode_lit_starting'====== Args={'queue': <QueuedEvent>, 'player': 1, 'ball': 1, 'balls_remaining': 2, 'is_extra_ball': False}
2020-02-09 16:44:27,671 : INFO : EventManager : Event: ======'mode_base_will_start'====== Args={'queue': <QueuedEvent>, 'player': 1, 'ball': 1, 'balls_remaining': 2, 'is_extra_ball': False}
2020-02-09 16:44:27,672 : INFO : EventManager : Event: ======'mode_base_starting'====== Args={'queue': <QueuedEvent>, 'player': 1, 'ball': 1, 'balls_remaining': 2, 'is_extra_ball': False}
2020-02-09 16:44:27,673 : INFO : EventManager : Event: ======'achievement_mode_9_changed_state'====== Args={'restore': False, 'state': 'enabled', 'selected': True}
2020-02-09 16:44:27,673 : INFO : EventManager : Event: ======'achievement_mode_9_state_enabled'====== Args={'restore': False, 'state': 'enabled', 'selected': True}
2020-02-09 16:44:27,673 : INFO : EventManager : Event: ======'achievement_mode_9_state_selected'====== Args={'restore': False, 'state': 'enabled', 'selected': True}
2020-02-09 16:44:27,674 : INFO : Mode.base : Started. Priority: 100
2020-02-09 16:44:27,674 : INFO : EventManager : Event: ======'mode_base_started'====== Args={'queue': <QueuedEvent>, 'player': 1, 'ball': 1, 'balls_remaining': 2, 'is_extra_ball': False}
2020-02-09 16:44:27,675 : INFO : Mode.mode_lit : Started. Priority: 100
2020-02-09 16:44:27,675 : INFO : EventManager : Event: ======'mode_mode_lit_started'====== Args={'queue': <QueuedEvent>, 'player': 1, 'ball': 1, 'balls_remaining': 2, 'is_extra_ball': False}
2020-02-09 16:44:27,675 : INFO : Mode.mode_manager : Started. Priority: 300
2020-02-09 16:44:27,675 : INFO : EventManager : Event: ======'mode_mode_manager_started'====== Args={'queue': <QueuedEvent>, 'player': 1, 'ball': 1, 'balls_remaining': 2, 'is_extra_ball': False}
2020-02-09 16:44:27,675 : INFO : EventManager : Event: ======'balls_in_play'====== Args={'balls': 1}
2020-02-09 16:44:27,675 : INFO : EventManager : Event: ======'ball_started'====== Args={'player': 1, 'ball': 1, 'balls_remaining': 2, 'is_extra_ball': False}
2020-02-09 16:44:27,676 : INFO : EventManager : Event: ======'mode_mode_timer_will_start'====== Args={'player': 1, 'ball': 1, 'balls_remaining': 2, 'is_extra_ball': False}
2020-02-09 16:44:27,678 : INFO : EventManager : Event: ======'mode_mode_timer_starting'====== Args={'player': 1, 'ball': 1, 'balls_remaining': 2, 'is_extra_ball': False}
2020-02-09 16:44:27,679 : INFO : EventManager : Event: ======'mode_salvo_lit_will_start'====== Args={'player': 1, 'ball': 1, 'balls_remaining': 2, 'is_extra_ball': False}
2020-02-09 16:44:27,679 : INFO : EventManager : Event: ======'player_shot_ricochet_1_enabled'====== Args={'value': True, 'prev_value': 0, 'change': 1, 'player_num': 1}
2020-02-09 16:44:27,680 : INFO : EventManager : Event: ======'player_shot_ricochet_2_enabled'====== Args={'value': True, 'prev_value': 0, 'change': 1, 'player_num': 1}
2020-02-09 16:44:27,680 : INFO : EventManager : Event: ======'player_shot_ricochet_3_enabled'====== Args={'value': True, 'prev_value': 0, 'change': 1, 'player_num': 1}
2020-02-09 16:44:27,681 : INFO : EventManager : Event: ======'player_shot_ricochet_4_enabled'====== Args={'value': True, 'prev_value': 0, 'change': 1, 'player_num': 1}
2020-02-09 16:44:27,681 : INFO : EventManager : Event: ======'player_shot_ricochet_5_enabled'====== Args={'value': True, 'prev_value': 0, 'change': 1, 'player_num': 1}
2020-02-09 16:44:27,682 : INFO : EventManager : Event: ======'ricochet_targets_complete'====== Args={'state': 'unlit'}
2020-02-09 16:44:27,682 : INFO : EventManager : Event: ======'ricochet_targets_unlit_complete'====== Args={}
2020-02-09 16:44:27,684 : INFO : EventManager : Event: ======'mode_salvo_lit_starting'====== Args={'player': 1, 'ball': 1, 'balls_remaining': 2, 'is_extra_ball': False}
2020-02-09 16:44:27,684 : INFO : EventManager : Event: ======'mode_hc_lock_lit_will_start'====== Args={'player': 1, 'ball': 1, 'balls_remaining': 2, 'is_extra_ball': False}
2020-02-09 16:44:27,684 : INFO : EventManager : Event: ======'player_shot_lock_lit_1_enabled'====== Args={'value': True, 'prev_value': 0, 'change': 1, 'player_num': 1}
2020-02-09 16:44:27,685 : INFO : EventManager : Event: ======'player_shot_lock_lit_2_enabled'====== Args={'value': True, 'prev_value': 0, 'change': 1, 'player_num': 1}
2020-02-09 16:44:27,685 : INFO : EventManager : Event: ======'lock_lits_complete'====== Args={'state': 'unlit'}
2020-02-09 16:44:27,686 : INFO : EventManager : Event: ======'lock_lits_unlit_complete'====== Args={}
2020-02-09 16:44:27,687 : INFO : EventManager : Event: ======'mode_hc_lock_lit_starting'====== Args={'player': 1, 'ball': 1, 'balls_remaining': 2, 'is_extra_ball': False}
2020-02-09 16:44:27,687 : INFO : EventManager : Event: ======'mode_confederate_will_start'====== Args={'player': 1, 'ball': 1, 'balls_remaining': 2, 'is_extra_ball': False}
2020-02-09 16:44:27,687 : INFO : EventManager : Event: ======'player_shot_confederate_1_enabled'====== Args={'value': True, 'prev_value': 0, 'change': 1, 'player_num': 1}
2020-02-09 16:44:27,688 : INFO : EventManager : Event: ======'player_shot_confederate_2_enabled'====== Args={'value': True, 'prev_value': 0, 'change': 1, 'player_num': 1}
2020-02-09 16:44:27,689 : INFO : EventManager : Event: ======'player_shot_confederate_3_enabled'====== Args={'value': True, 'prev_value': 0, 'change': 1, 'player_num': 1}
2020-02-09 16:44:27,689 : INFO : EventManager : Event: ======'player_shot_confederate_4_enabled'====== Args={'value': True, 'prev_value': 0, 'change': 1, 'player_num': 1}
2020-02-09 16:44:27,690 : INFO : EventManager : Event: ======'player_shot_confederate_5_enabled'====== Args={'value': True, 'prev_value': 0, 'change': 1, 'player_num': 1}
2020-02-09 16:44:27,691 : INFO : EventManager : Event: ======'player_shot_confederate_6_enabled'====== Args={'value': True, 'prev_value': 0, 'change': 1, 'player_num': 1}
2020-02-09 16:44:27,691 : INFO : EventManager : Event: ======'mode_confederate_starting'====== Args={'player': 1, 'ball': 1, 'balls_remaining': 2, 'is_extra_ball': False}
2020-02-09 16:44:27,692 : INFO : EventManager : Event: ======'mode_container_lit_will_start'====== Args={'player': 1, 'ball': 1, 'balls_remaining': 2, 'is_extra_ball': False}
2020-02-09 16:44:27,692 : INFO : EventManager : Event: ======'player_shot_lane_A_enabled'====== Args={'value': True, 'prev_value': 0, 'change': 1, 'player_num': 1}
2020-02-09 16:44:27,693 : INFO : EventManager : Event: ======'player_shot_lane_B_enabled'====== Args={'value': True, 'prev_value': 0, 'change': 1, 'player_num': 1}
2020-02-09 16:44:27,693 : INFO : EventManager : Event: ======'player_shot_lane_C_enabled'====== Args={'value': True, 'prev_value': 0, 'change': 1, 'player_num': 1}
2020-02-09 16:44:27,694 : INFO : EventManager : Event: ======'player_shot_lane_D_enabled'====== Args={'value': True, 'prev_value': 0, 'change': 1, 'player_num': 1}
2020-02-09 16:44:27,695 : INFO : EventManager : Event: ======'player_shot_lane_E_enabled'====== Args={'value': True, 'prev_value': 0, 'change': 1, 'player_num': 1}
2020-02-09 16:44:27,695 : INFO : EventManager : Event: ======'container_lanes_complete'====== Args={'state': 'unlit'}
2020-02-09 16:44:27,695 : INFO : EventManager : Event: ======'container_lanes_unlit_complete'====== Args={}
2020-02-09 16:44:27,696 : INFO : EventManager : Event: ======'mode_container_lit_starting'====== Args={'player': 1, 'ball': 1, 'balls_remaining': 2, 'is_extra_ball': False}
2020-02-09 16:44:27,698 : INFO : Mode.container_lit : Started. Priority: 100
2020-02-09 16:44:27,698 : INFO : EventManager : Event: ======'mode_container_lit_started'====== Args={'player': 1, 'ball': 1, 'balls_remaining': 2, 'is_extra_ball': False}
2020-02-09 16:44:27,698 : INFO : Mode.confederate : Started. Priority: 100
2020-02-09 16:44:27,698 : INFO : EventManager : Event: ======'mode_confederate_started'====== Args={'player': 1, 'ball': 1, 'balls_remaining': 2, 'is_extra_ball': False}
2020-02-09 16:44:27,699 : INFO : Mode.hc_lock_lit : Started. Priority: 100
2020-02-09 16:44:27,699 : INFO : EventManager : Event: ======'mode_hc_lock_lit_started'====== Args={'player': 1, 'ball': 1, 'balls_remaining': 2, 'is_extra_ball': False}
2020-02-09 16:44:27,700 : INFO : Mode.salvo_lit : Started. Priority: 100
2020-02-09 16:44:27,700 : INFO : EventManager : Event: ======'mode_salvo_lit_started'====== Args={'player': 1, 'ball': 1, 'balls_remaining': 2, 'is_extra_ball': False}
2020-02-09 16:44:27,700 : INFO : Mode.mode_timer : Started. Priority: 100
2020-02-09 16:44:27,700 : INFO : EventManager : Event: ======'mode_mode_timer_started'====== Args={'player': 1, 'ball': 1, 'balls_remaining': 2, 'is_extra_ball': False}
2020-02-09 16:44:27,724 : INFO : EventManager : Event: ======'single_player_ball_started'====== Args={}
2020-02-09 16:44:27,725 : INFO : EventManager : Event: ======'slide_base.slide_player-mode_base_started_created'====== Args={'_from_bcp': True}
2020-02-09 16:44:27,725 : INFO : EventManager : Event: ======'slide_base.slide_player-mode_base_started_active'====== Args={'_from_bcp': True}
2020-02-09 16:44:27,726 : INFO : EventManager : Event: ======'balldevice_balls_available'====== Args={}
2020-02-09 16:44:27,726 : INFO : EventManager : Event: ======'balldevice_bd_trough_ball_eject_attempt'====== Args={'balls': 1, 'target': <ball_device.bd_plunger>, 'source': <ball_device.bd_trough>, 'mechanical_eject': True, 'num_attempts': 0}
2020-02-09 16:44:27,727 : INFO : ball_device.bd_trough : Ejecting ball to <ball_device.bd_plunger>
2020-02-09 16:44:27,727 : INFO : EventManager : Event: ======'balldevice_bd_trough_ejecting_ball'====== Args={'balls': 1, 'target': <ball_device.bd_plunger>, 'source': <ball_device.bd_trough>, 'mechanical_eject': True, 'num_attempts': 0}
2020-02-09 16:44:27,728 : INFO : coil.c_trough_eject : Pulsing Driver for 20ms (1.0 pulse_power)
2020-02-09 16:44:27,728 : INFO : SwitchController : <<<<<<< 's_trough1' inactive >>>>>>>
2020-02-09 16:44:27,822 : INFO : SwitchController : <<<<<<< 's_plunger' active >>>>>>>
2020-02-09 16:44:27,822 : INFO : EventManager : Event: ======'machine_var_audits_switches_s_plunger'====== Args={'value': 242, 'prev_value': 241, 'change': 1}
2020-02-09 16:44:28,132 : INFO : EventManager : Event: ======'balldevice_bd_plunger_ball_enter'====== Args={'new_balls': 1, 'unclaimed_balls': 0, 'new_available_balls': 0, 'device': <ball_device.bd_plunger>}
2020-02-09 16:44:28,133 : INFO : EventManager : Event: ======'balldevice_bd_plunger_ball_entered'====== Args={'new_balls': 0, 'device': <ball_device.bd_plunger>}
2020-02-09 16:44:28,133 : INFO : EventManager : Event: ======'balldevice_bd_plunger_ball_count_changed'====== Args={'balls': 1}
2020-02-09 16:44:28,133 : INFO : EventManager : Event: ======'balldevice_bd_trough_ball_eject_success'====== Args={'balls': 1, 'target': <ball_device.bd_plunger>}
2020-02-09 16:44:28,134 : INFO : EventManager : Event: ======'balldevice_bd_trough_ball_count_changed'====== Args={'balls': 4}
2020-02-09 16:44:28,134 : INFO : EventManager : Event: ======'balldevice_bd_plunger_ball_eject_attempt'====== Args={'balls': 1, 'target': <playfield.playfield>, 'source': <ball_device.bd_plunger>, 'mechanical_eject': True, 'num_attempts': 0}
2020-02-09 16:44:28,135 : INFO : ball_device.bd_plunger : Ejecting ball to <playfield.playfield>
2020-02-09 16:44:28,135 : INFO : EventManager : Event: ======'balldevice_bd_plunger_ejecting_ball'====== Args={'balls': 1, 'target': <playfield.playfield>, 'source': <ball_device.bd_plunger>, 'mechanical_eject': True, 'num_attempts': 0}
2020-02-09 16:44:40,776 : INFO : SwitchController : <<<<<<< 's_right_flipper' active >>>>>>>
2020-02-09 16:44:40,776 : INFO : EventManager : Event: ======'s_right_flipper_active'====== Args={}
2020-02-09 16:44:40,777 : INFO : EventManager : Event: ======'machine_var_audits_switches_s_right_flipper'====== Args={'value': 398, 'prev_value': 397, 'change': 1}
2020-02-09 16:44:40,777 : INFO : EventManager : Event: ======'achievement_mode_9_changed_state'====== Args={'restore': False, 'state': 'enabled', 'selected': False}
2020-02-09 16:44:40,777 : INFO : EventManager : Event: ======'achievement_mode_9_state_enabled'====== Args={'restore': False, 'state': 'enabled', 'selected': False}
2020-02-09 16:44:40,778 : INFO : EventManager : Event: ======'achievement_mode_1_changed_state'====== Args={'restore': False, 'state': 'enabled', 'selected': True}
2020-02-09 16:44:40,778 : INFO : EventManager : Event: ======'achievement_mode_1_state_enabled'====== Args={'restore': False, 'state': 'enabled', 'selected': True}
2020-02-09 16:44:40,778 : INFO : EventManager : Event: ======'achievement_mode_1_state_selected'====== Args={'restore': False, 'state': 'enabled', 'selected': True}
2020-02-09 16:44:40,866 : INFO : SwitchController : <<<<<<< 's_right_flipper' inactive >>>>>>>
2020-02-09 16:44:42,459 : INFO : SwitchController : <<<<<<< 's_main_hole' active >>>>>>>
2020-02-09 16:44:42,459 : INFO : EventManager : Event: ======'s_main_hole_active'====== Args={}
2020-02-09 16:44:42,460 : INFO : EventManager : Event: ======'machine_var_audits_switches_s_main_hole'====== Args={'value': 54, 'prev_value': 53, 'change': 1}
2020-02-09 16:44:42,461 : INFO : EventManager : Event: ======'achievement_mode_1_changed_state'====== Args={'restore': False, 'state': 'started', 'selected': False}
2020-02-09 16:44:42,461 : INFO : EventManager : Event: ======'start_mode_1'====== Args={'restore': False, 'state': 'started', 'selected': False}
2020-02-09 16:44:42,461 : INFO : EventManager : Event: ======'mode_enabled'====== Args={'restore': False, 'state': 'started', 'selected': False}
2020-02-09 16:44:42,461 : INFO : Timer.mode_countdown_delay : Stopping Timer
2020-02-09 16:44:42,461 : INFO : EventManager : Event: ======'timer_mode_countdown_delay_stopped'====== Args={'ticks': 2, 'ticks_remaining': 0}
2020-02-09 16:44:42,462 : INFO : EventManager : Event: ======'mode_mode_1_will_start'====== Args={'restore': False, 'state': 'started', 'selected': False}
2020-02-09 16:44:42,463 : INFO : EventManager : Event: ======'mode_mode_1_starting'====== Args={'restore': False, 'state': 'started', 'selected': False}
2020-02-09 16:44:42,463 : INFO : EventManager : Event: ======'achievement_mode_1_changed_state'====== Args={'restore': False, 'state': 'completed', 'selected': False}
2020-02-09 16:44:42,463 : INFO : EventManager : Event: ======'achievement_mode_1_state_completed'====== Args={'restore': False, 'state': 'completed', 'selected': False}
2020-02-09 16:44:42,464 : INFO : EventManager : Event: ======'achievement_mode_3_changed_state'====== Args={'restore': False, 'state': 'enabled', 'selected': True}
2020-02-09 16:44:42,464 : INFO : EventManager : Event: ======'achievement_mode_3_state_enabled'====== Args={'restore': False, 'state': 'enabled', 'selected': True}
2020-02-09 16:44:42,464 : INFO : EventManager : Event: ======'achievement_mode_3_state_selected'====== Args={'restore': False, 'state': 'enabled', 'selected': True}
2020-02-09 16:44:42,464 : INFO : EventManager : Event: ======'mode_mode_lit_will_stop'====== Args={}
2020-02-09 16:44:42,464 : INFO : EventManager : Event: ======'mode_mode_lit_stopping'====== Args={}
2020-02-09 16:44:42,465 : INFO : EventManager : Event: ======'player_mode_timer_mode_countdown_tick'====== Args={'value': 30, 'prev_value': 0, 'change': 30, 'player_num': 1}
2020-02-09 16:44:42,465 : INFO : Timer.mode_countdown : Starting Timer.
2020-02-09 16:44:42,465 : INFO : EventManager : Event: ======'timer_mode_countdown_started'====== Args={'ticks': 30, 'ticks_remaining': 30}
2020-02-09 16:44:42,465 : INFO : EventManager : Event: ======'timer_mode_countdown_tick'====== Args={'ticks': 30, 'ticks_remaining': 30}
2020-02-09 16:44:42,465 : INFO : Mode.mode_lit : Stopped.
2020-02-09 16:44:42,465 : INFO : EventManager : Event: ======'mode_mode_lit_stopped'====== Args={}
2020-02-09 16:44:42,465 : INFO : EventManager : Event: ======'clear'====== Args={'key': 'mode_lit'}
2020-02-09 16:44:42,466 : INFO : Mode.mode_1 : Started. Priority: 300
2020-02-09 16:44:42,466 : INFO : EventManager : Event: ======'mode_enabled'====== Args={}
2020-02-09 16:44:42,467 : INFO : EventManager : Event: ======'mode_mode_1_started'====== Args={'restore': False, 'state': 'started', 'selected': False}
2020-02-09 16:44:42,965 : INFO : EventManager : Event: ======'balldevice_bd_main_hole_ball_count_changed'====== Args={'balls': 1}
2020-02-09 16:44:42,965 : INFO : EventManager : Event: ======'balldevice_captured_from_playfield'====== Args={'balls': 1}
2020-02-09 16:44:42,966 : INFO : EventManager : Event: ======'sw_playfield_active'====== Args={'balls': 1}
2020-02-09 16:44:42,966 : INFO : EventManager : Event: ======'playfield_active'====== Args={}
2020-02-09 16:44:42,966 : INFO : EventManager : Event: ======'playfield_ball_count_change'====== Args={'balls': -1, 'change': -1}
2020-02-09 16:44:42,967 : INFO : EventManager : Event: ======'balldevice_playfield_ball_enter'====== Args={'new_balls': 1, 'unclaimed_balls': 1, 'device': <playfield.playfield>}
2020-02-09 16:44:42,967 : INFO : EventManager : Event: ======'playfield_ball_count_change'====== Args={'balls': 0, 'change': 1}
2020-02-09 16:44:42,967 : INFO : BallController : Found a new ball which was captured from playfield. Known balls: 6
2020-02-09 16:44:42,967 : INFO : EventManager : Event: ======'found_new_ball'====== Args={}
2020-02-09 16:44:42,968 : INFO : EventManager : Event: ======'balldevice_bd_main_hole_ball_enter'====== Args={'new_balls': 1, 'unclaimed_balls': 1, 'new_available_balls': 1, 'device': <ball_device.bd_main_hole>}
2020-02-09 16:44:42,968 : INFO : EventManager : Event: ======'balldevice_balls_available'====== Args={}
2020-02-09 16:44:42,969 : INFO : EventManager : Event: ======'balldevice_balls_available'====== Args={}
2020-02-09 16:44:42,969 : INFO : EventManager : Event: ======'balldevice_bd_main_hole_ball_entered'====== Args={'new_balls': 1, 'device': <ball_device.bd_main_hole>}
2020-02-09 16:44:42,969 : INFO : EventManager : Event: ======'balldevice_bd_main_hole_ball_eject_attempt'====== Args={'balls': 1, 'target': <playfield.playfield>, 'source': <ball_device.bd_main_hole>, 'mechanical_eject': False, 'num_attempts': 0}
2020-02-09 16:44:42,970 : INFO : ball_device.bd_main_hole : Ejecting ball to <playfield.playfield>
2020-02-09 16:44:42,970 : INFO : EventManager : Event: ======'balldevice_bd_main_hole_ejecting_ball'====== Args={'balls': 1, 'target': <playfield.playfield>, 'source': <ball_device.bd_main_hole>, 'mechanical_eject': False, 'num_attempts': 0}
2020-02-09 16:44:42,970 : INFO : coil.c_scoop_eject : Pulsing Driver for 10ms (1.0 pulse_power)
2020-02-09 16:44:42,971 : INFO : SwitchController : <<<<<<< 's_main_hole' inactive >>>>>>>
2020-02-09 16:44:42,971 : INFO : EventManager : Event: ======'s_main_hole_inactive'====== Args={}
2020-02-09 16:44:42,971 : INFO : EventManager : Event: ======'player_mode_timer_mode_countdown_delay_tick'====== Args={'value': 2, 'prev_value': 0, 'change': 2, 'player_num': 1}
2020-02-09 16:44:42,971 : INFO : Timer.mode_countdown_delay : Starting Timer.
2020-02-09 16:44:42,972 : INFO : EventManager : Event: ======'timer_mode_countdown_delay_started'====== Args={'ticks': 2, 'ticks_remaining': 2}
2020-02-09 16:44:42,972 : INFO : EventManager : Event: ======'timer_mode_countdown_delay_tick'====== Args={'ticks': 2, 'ticks_remaining': 2}
2020-02-09 16:44:42,972 : INFO : EventManager : Event: ======'pause_countdown'====== Args={'priority': 0}
2020-02-09 16:44:42,972 : INFO : Timer.mode_countdown : Stopping Timer
2020-02-09 16:44:42,972 : INFO : EventManager : Event: ======'timer_mode_countdown_stopped'====== Args={'ticks': 30, 'ticks_remaining': 30}
2020-02-09 16:44:43,941 : INFO : EventManager : Event: ======'player_mode_timer_mode_countdown_delay_tick'====== Args={'value': 1, 'prev_value': 2, 'change': -1, 'player_num': 1}
2020-02-09 16:44:43,941 : INFO : EventManager : Event: ======'timer_mode_countdown_delay_tick'====== Args={'ticks': 1, 'ticks_remaining': 1}
2020-02-09 16:44:44,085 : INFO : EventManager : Event: ======'balldevice_bd_main_hole_ball_eject_success'====== Args={'balls': 1, 'target': <playfield.playfield>}
2020-02-09 16:44:44,086 : INFO : EventManager : Event: ======'balldevice_playfield_ball_enter'====== Args={'new_balls': 1, 'unclaimed_balls': 1, 'device': <playfield.playfield>}
2020-02-09 16:44:44,086 : INFO : EventManager : Event: ======'playfield_ball_count_change'====== Args={'balls': 1, 'change': 1}
2020-02-09 16:44:44,086 : INFO : EventManager : Event: ======'balldevice_bd_main_hole_ball_count_changed'====== Args={'balls': 0}
2020-02-09 16:44:44,950 : INFO : EventManager : Event: ======'player_mode_timer_mode_countdown_delay_tick'====== Args={'value': 0, 'prev_value': 1, 'change': -1, 'player_num': 1}
2020-02-09 16:44:44,950 : INFO : Timer.mode_countdown_delay : Timer Complete
2020-02-09 16:44:44,950 : INFO : Timer.mode_countdown_delay : Stopping Timer
2020-02-09 16:44:44,950 : INFO : EventManager : Event: ======'timer_mode_countdown_delay_stopped'====== Args={'ticks': 0, 'ticks_remaining': 1}
2020-02-09 16:44:44,951 : INFO : EventManager : Event: ======'timer_mode_countdown_delay_complete'====== Args={'ticks': 0, 'ticks_remaining': 1}
2020-02-09 16:44:44,951 : INFO : EventManager : Event: ======'start_countdown'====== Args={'priority': 0}
2020-02-09 16:44:44,952 : INFO : Timer.mode_overtime : Starting Timer.
2020-02-09 16:44:44,952 : INFO : EventManager : Event: ======'timer_mode_overtime_started'====== Args={'ticks': 5, 'ticks_remaining': 5}
2020-02-09 16:44:44,952 : INFO : EventManager : Event: ======'timer_mode_overtime_tick'====== Args={'ticks': 5, 'ticks_remaining': 5}
2020-02-09 16:44:44,952 : INFO : Timer.mode_countdown : Starting Timer.
2020-02-09 16:44:44,952 : INFO : EventManager : Event: ======'timer_mode_countdown_started'====== Args={'ticks': 30, 'ticks_remaining': 30}
2020-02-09 16:44:44,952 : INFO : EventManager : Event: ======'timer_mode_countdown_tick'====== Args={'ticks': 30, 'ticks_remaining': 30}
2020-02-09 16:44:45,946 : INFO : EventManager : Event: ======'player_mode_timer_mode_countdown_tick'====== Args={'value': 29, 'prev_value': 30, 'change': -1, 'player_num': 1}
2020-02-09 16:44:45,946 : INFO : EventManager : Event: ======'timer_mode_countdown_tick'====== Args={'ticks': 29, 'ticks_remaining': 29}
2020-02-09 16:44:45,946 : INFO : EventManager : Event: ======'player_mode_timer_mode_overtime_tick'====== Args={'value': 4, 'prev_value': 0, 'change': 4, 'player_num': 1}
2020-02-09 16:44:45,947 : INFO : EventManager : Event: ======'timer_mode_overtime_tick'====== Args={'ticks': 4, 'ticks_remaining': 4}
2020-02-09 16:44:46,943 : INFO : EventManager : Event: ======'player_mode_timer_mode_countdown_tick'====== Args={'value': 28, 'prev_value': 29, 'change': -1, 'player_num': 1}
2020-02-09 16:44:46,944 : INFO : EventManager : Event: ======'timer_mode_countdown_tick'====== Args={'ticks': 28, 'ticks_remaining': 28}
2020-02-09 16:44:46,945 : INFO : EventManager : Event: ======'player_mode_timer_mode_overtime_tick'====== Args={'value': 3, 'prev_value': 4, 'change': -1, 'player_num': 1}
2020-02-09 16:44:46,946 : INFO : EventManager : Event: ======'timer_mode_overtime_tick'====== Args={'ticks': 3, 'ticks_remaining': 3}
2020-02-09 16:44:46,948 : INFO : Machine : Shutting down...
2020-02-09 16:44:46,948 : INFO : EventManager : Event: ======'shutdown'====== Args={}
2020-02-09 16:44:46,960 : INFO : root : MPF run loop ended.
