2020-02-04 22:13:35,811 : kivy : Factory: 184 symbols loaded
2020-02-04 22:13:35,904 : kivy : Image: Providers: img_tex, img_dds, img_sdl2, img_pil, img_gif (img_ffpyplayer ignored)
2020-02-04 22:13:35,955 : kivy : VideoGstplayer: Using Gstreamer 1.16.0.0
2020-02-04 22:13:35,955 : kivy : Video: Provider: gstplayer
2020-02-04 22:13:36,018 : kivy : Loading MPF-MC controller
2020-02-04 22:13:36,018 : mpfmc : Mission Pinball Framework Media Controller v0.53.0-dev.15
2020-02-04 22:13:36,018 : mpfmc : Mission Pinball Framework Game Engine v0.53.0-dev.68
2020-02-04 22:13:36,018 : mpfmc : Machine path: E:\mpf\wows\wows
2020-02-04 22:13:36,019 : ConfigProcessor : Config file in cache changed: E:\mpf\wows\wows\config\config
2020-02-04 22:13:36,020 : ConfigProcessor : Loading config from file c:\users\schol\appdata\local\programs\python\python36\lib\site-packages\mpfmc\mcconfig.yaml.
2020-02-04 22:13:36,064 : ConfigProcessor : Loading config: c:\users\schol\appdata\local\programs\python\python36\lib\site-packages\mpfmc\mcconfig.yaml
2020-02-04 22:13:36,071 : ConfigProcessor : Loading config from file E:\mpf\wows\wows\config\config.
2020-02-04 22:13:36,157 : ConfigProcessor : Loading config: E:\mpf\wows\wows\config\config
2020-02-04 22:13:36,159 : ConfigProcessor : Config file cache created: C:\Users\schol\AppData\Local\Temp\398a03908486e3c8525902f452489fb5.mpf_cache
2020-02-04 22:13:36,160 : mpfmc : Starting clock at 60.0Hz
2020-02-04 22:13:36,170 : kivy : Text: Provider: sdl2
2020-02-04 22:13:36,204 : kivy : Window: Provider: sdl2
2020-02-04 22:13:36,617 : kivy : GL: Using the "OpenGL" graphics system
2020-02-04 22:13:36,622 : kivy : GL: GLEW initialization succeeded
2020-02-04 22:13:36,623 : kivy : GL: Backend used <glew>
2020-02-04 22:13:36,623 : kivy : GL: OpenGL version <b'4.6.0 NVIDIA 432.00'>
2020-02-04 22:13:36,623 : kivy : GL: OpenGL vendor <b'NVIDIA Corporation'>
2020-02-04 22:13:36,623 : kivy : GL: OpenGL renderer <b'GeForce GTX 1060 6GB/PCIe/SSE2'>
2020-02-04 22:13:36,623 : kivy : GL: OpenGL parsed version: 4, 6
2020-02-04 22:13:36,623 : kivy : GL: Shading version <b'4.60 NVIDIA'>
2020-02-04 22:13:36,623 : kivy : GL: Texture max size <32768>
2020-02-04 22:13:36,623 : kivy : GL: Texture max units <32>
2020-02-04 22:13:36,641 : kivy : Window: auto add sdl2 input provider
2020-02-04 22:13:36,641 : kivy : Window: virtual keyboard not allowed, single mode, not docked
2020-02-04 22:13:36,649 : SoundSystem : SoundSystem: Using default 'sound_system' settings
2020-02-04 22:13:36,858 : AudioInterface : Initialized
2020-02-04 22:13:36,858 : SoundSystem : No audio tracks are specified in your machine config file. a track named 'default' has been created.
2020-02-04 22:13:36,860 : kivy : Base: Start application main loop
2020-02-04 22:13:36,861 : EventManager : Event: ======'display_window_initialized'====== Args={}
2020-02-04 22:13:36,861 : EventManager : Event: ======'display_dmd_initialized'====== Args={}
2020-02-04 22:13:36,920 : mpfmc : Display: Setting 'dmd' as default display
2020-02-04 22:13:36,925 : EventManager : Event: ======'displays_initialized'====== Args={}
2020-02-04 22:13:36,926 : EventManager : Event: ======'slide_window_blank_created'====== Args={}
2020-02-04 22:13:36,927 : EventManager : Event: ======'display_window_ready'====== Args={}
2020-02-04 22:13:36,927 : EventManager : Event: ======'slide_dmd_blank_created'====== Args={}
2020-02-04 22:13:36,927 : EventManager : Event: ======'display_dmd_ready'====== Args={}
2020-02-04 22:13:36,936 : EventManager : Event: ======'init_phase_1'====== Args={}
2020-02-04 22:13:36,939 : EventManager : Event: ======'mc_ready'====== Args={}
2020-02-04 22:13:36,939 : EventManager : Event: ======'init_phase_2'====== Args={}
2020-02-04 22:13:36,940 : ConfigProcessor : Loading config from cache: C:\Users\schol\AppData\Local\Temp\d5fd805c5432c1441bf01a6268536a3d.mpf_cache
2020-02-04 22:13:36,940 : ConfigProcessor : Loading config from cache: C:\Users\schol\AppData\Local\Temp\f9a57b3955e1480227d6e8589f6567c4.mpf_cache
2020-02-04 22:13:36,941 : ConfigProcessor : Loading config from cache: C:\Users\schol\AppData\Local\Temp\a6527a592b6034dbfea56fdf726c3822.mpf_cache
2020-02-04 22:13:36,941 : ConfigProcessor : Loading config from cache: C:\Users\schol\AppData\Local\Temp\4aeaa69609f53d9b71d1dbbedd434b0b.mpf_cache
2020-02-04 22:13:36,941 : ConfigProcessor : Loading config from cache: C:\Users\schol\AppData\Local\Temp\5c4497fcd69d1d656c4b69a28e44c490.mpf_cache
2020-02-04 22:13:36,942 : ConfigProcessor : Loading config from cache: C:\Users\schol\AppData\Local\Temp\1e6cc6775e87a3e14ded8d45fd065b10.mpf_cache
2020-02-04 22:13:36,943 : ConfigProcessor : Loading config from cache: C:\Users\schol\AppData\Local\Temp\1068177614fe5a40fc2c1e1b0504468c.mpf_cache
2020-02-04 22:13:36,943 : ConfigProcessor : Loading config from cache: C:\Users\schol\AppData\Local\Temp\6e6d4708a613edd7635d35a6961997f3.mpf_cache
2020-02-04 22:13:36,943 : ConfigProcessor : Loading config from cache: C:\Users\schol\AppData\Local\Temp\2f7452aae1b2779bb4a1388fc419c0c8.mpf_cache
2020-02-04 22:13:36,947 : EventManager : Event: ======'init_phase_3'====== Args={}
2020-02-04 22:13:36,948 : AssetManager : Registering Asset: C_Prog100, File: C_Prog100.jpg, Default Group: default, Final Config: {'load': 'preload', 'file': 'E:\\mpf\\wows\\wows\\images\\C_Prog100.jpg'}
2020-02-04 22:13:36,948 : AssetManager : Registering Asset: mode_1_shot_made, File: mode_1_shot_made.gif, Default Group: default, Final Config: {'load': 'preload', 'file': 'E:\\mpf\\wows\\wows\\modes\\mode_1\\images\\mode_1_shot_made.gif'}
2020-02-04 22:13:36,949 : EventManager : Event: ======'init_phase_4'====== Args={}
2020-02-04 22:13:36,949 : EventManager : Event: ======'init_phase_5'====== Args={}
2020-02-04 22:13:37,020 : EventManager : Event: ======'loading_assets'====== Args={'total': 2, 'loaded': 1, 'remaining': 1, 'percent': 50}
2020-02-04 22:13:37,020 : AssetManager : Loading assets: 1/2 (50%)
2020-02-04 22:13:37,020 : EventManager : Event: ======'loading_assets'====== Args={'total': 2, 'loaded': 2, 'remaining': 0, 'percent': 100}
2020-02-04 22:13:37,020 : AssetManager : Asset loading took: 0.16217350959777832
2020-02-04 22:13:37,020 : EventManager : Event: ======'asset_loading_complete'====== Args={}
2020-02-04 22:13:37,020 : AssetManager : Loading assets: 2/2 (100%)
2020-02-04 22:13:37,020 : EventManager : Event: ======'init_done'====== Args={}
2020-02-04 22:13:37,020 : MPF-MC BCP Server : Starting up on localhost port 5050
2020-02-04 22:13:37,024 : MPF-MC BCP Server : Waiting for a connection...
2020-02-04 22:13:37,024 : mpfmc : SlidePlayer: Play called with settings={'slides': {welcome_slide-None-None: {'target': 'window', 'priority': None, 'background_color': [0.0, 0.0, 0.0, 1.0], 'show': True, 'force': False, 'expire': None, 'slide': None, 'tokens': {}, 'action': 'play', 'transition': None, 'transition_out': None}}}
2020-02-04 22:13:37,027 : kivy : GL: NPOT texture support is available
2020-02-04 22:13:37,039 : EventManager : Event: ======'slide_welcome_slide_created'====== Args={}
2020-02-04 22:13:37,048 : EventManager : Event: ======'slide_welcome_slide_active'====== Args={}
2020-02-04 22:13:37,120 : EventManager : Event: ======'client_disconnected'====== Args={'host': '127.0.0.1', 'port': 5050}
2020-02-04 22:13:39,799 : kivy : WindowSDL: exiting mainloop and closing.
2020-02-04 22:13:39,877 : kivy : Base: Leaving application in progress...
2020-02-04 22:13:39,877 : mpfmc : Stopping...
2020-02-04 22:13:39,877 : EventManager : Event: ======'shutdown'====== Args={}
2020-02-04 22:13:39,878 : mpfmc : Loop rate 55.31 Hz
2020-02-04 22:13:39,878 : kivy : MC run loop ended.
2020-02-04 22:13:39,878 : kivy : Stopping child threads... (3 remaining)
2020-02-04 22:13:40,025 : MPF-MC BCP Server : Stopping BCP sending thread
2020-02-04 22:13:40,030 : MPF-MC BCP Server : Stopping BCP listener thread
2020-02-04 22:13:40,079 : kivy : All child threads stopped.
