2020-03-21 22:58:26,350 : INFO : Machine : Mission Pinball Framework Core Engine v0.53.2
2020-03-21 22:58:26,350 : INFO : Machine : Command line arguments: {'no_load_cache': False, 'create_config_cache': True, 'bcp': True, 'configfile': ['config.yaml'], 'mpfconfigfile': 'c:\\users\\schol\\appdata\\local\\programs\\python\\python36\\lib\\site-packages\\mpf\\mpfconfig.yaml', 'force_assets_load': False, 'jsonlogging': False, 'logfile': 'logs\\2020-03-21-22-58-26-mpf-DESKTOP-FPTMTCL.log', 'pause': False, 'production': False, 'text_ui': True, 'loglevel': 15, 'consoleloglevel': 20, 'force_platform': 'smart_virtual', 'syslog_address': None, 'mc_file_name': None, 'no_sound': False}
2020-03-21 22:58:26,350 : INFO : Machine : MPF path: c:\users\schol\appdata\local\programs\python\python36\lib\site-packages\mpf
2020-03-21 22:58:26,350 : INFO : Machine : Machine path: E:\MPF\wows\wows
2020-03-21 22:58:26,350 : INFO : Machine : Platform: win32
2020-03-21 22:58:26,350 : INFO : Machine : Python executable location: c:\users\schol\appdata\local\programs\python\python36\python.exe
2020-03-21 22:58:26,350 : INFO : Machine : Python version: 3.6.4 (64-bit)
2020-03-21 22:58:26,350 : INFO : Machine : Machine config file #1: config.yaml
2020-03-21 22:58:26,351 : INFO : ConfigProcessor : Loading config from cache: C:\Users\schol\AppData\Local\Temp\1ed54315bc874a19390ba34e1a0f1800.mpf_cache
2020-03-21 22:58:26,354 : INFO : Machine : Initialise MPF.
2020-03-21 22:58:26,651 : INFO : EventManager : Event: ======'machine_var_credits_string'====== Args={'value': 'FREE PLAY', 'prev_value': None, 'change': True}
2020-03-21 22:58:26,687 : INFO : EventManager : Event: ======'machine_var_player1_score'====== Args={'value': 0, 'prev_value': None, 'change': True}
2020-03-21 22:58:26,687 : INFO : EventManager : Event: ======'machine_var_mpf_version'====== Args={'value': 'MPF v0.53.2', 'prev_value': None, 'change': True}
2020-03-21 22:58:26,687 : INFO : EventManager : Event: ======'machine_var_mpf_extended_version'====== Args={'value': 'MPF v0.53.2, Config version:5, Show version: 5, BCP version:1.1', 'prev_value': None, 'change': True}
2020-03-21 22:58:26,687 : INFO : EventManager : Event: ======'machine_var_python_version'====== Args={'value': '3.6.4', 'prev_value': None, 'change': True}
2020-03-21 22:58:26,687 : INFO : EventManager : Event: ======'machine_var_platform'====== Args={'value': 'Windows-10-10.0.18362-SP0', 'prev_value': None, 'change': True}
2020-03-21 22:58:26,688 : INFO : EventManager : Event: ======'machine_var_platform_system'====== Args={'value': 'Windows', 'prev_value': None, 'change': True}
2020-03-21 22:58:26,688 : INFO : EventManager : Event: ======'machine_var_platform_release'====== Args={'value': '10', 'prev_value': None, 'change': True}
2020-03-21 22:58:26,688 : INFO : EventManager : Event: ======'machine_var_platform_version'====== Args={'value': '10.0.18362', 'prev_value': None, 'change': True}
2020-03-21 22:58:26,688 : INFO : EventManager : Event: ======'machine_var_platform_machine'====== Args={'value': 'AMD64', 'prev_value': None, 'change': True}
2020-03-21 22:58:26,688 : INFO : EventManager : Event: ======'init_phase_1'====== Args={}
2020-03-21 22:58:26,719 : INFO : ConfigProcessor : Loading config from cache: C:\Users\schol\AppData\Local\Temp\93429a2a8e0859f6546b68f40c2a4656.mpf_cache
2020-03-21 22:58:26,721 : INFO : ConfigProcessor : Loading config from cache: C:\Users\schol\AppData\Local\Temp\72e9fea1cb562e40024eb5e8538ccaf2.mpf_cache
2020-03-21 22:58:26,723 : INFO : ConfigProcessor : Loading config from cache: C:\Users\schol\AppData\Local\Temp\b1234e2c44a33609dc2af4760c4a3f89.mpf_cache
2020-03-21 22:58:26,725 : INFO : ConfigProcessor : Loading config from cache: C:\Users\schol\AppData\Local\Temp\d5fd805c5432c1441bf01a6268536a3d.mpf_cache
2020-03-21 22:58:26,729 : INFO : ConfigProcessor : Loading config from cache: C:\Users\schol\AppData\Local\Temp\1ff29be1d22fb14fe5fd1c82a6918df4.mpf_cache
2020-03-21 22:58:26,731 : WARNING : ConfigProcessor : Config file in cache changed: E:\MPF\wows\wows\modes\battle_manager\config\battle_manager.yaml
2020-03-21 22:58:26,731 : INFO : ConfigProcessor : Loading config from file E:\MPF\wows\wows\modes\battle_manager\config\battle_manager.yaml.
2020-03-21 22:58:26,736 : INFO : ConfigProcessor : Loading config: E:\MPF\wows\wows\modes\battle_manager\config\battle_manager.yaml
2020-03-21 22:58:26,737 : INFO : ConfigProcessor : Config file cache created: C:\Users\schol\AppData\Local\Temp\7c1900736275ba8a713cfe77e991e929.mpf_cache
2020-03-21 22:58:26,739 : INFO : ConfigProcessor : Loading config from cache: C:\Users\schol\AppData\Local\Temp\4303dca7489148da2d256fc831cf8c96.mpf_cache
2020-03-21 22:58:26,741 : INFO : ConfigProcessor : Loading config from cache: C:\Users\schol\AppData\Local\Temp\95ae88fb094583fa2b4097c6df179650.mpf_cache
2020-03-21 22:58:26,742 : INFO : ConfigProcessor : Loading config from cache: C:\Users\schol\AppData\Local\Temp\0c80ca2179989d09b86c78c19ec87d9b.mpf_cache
2020-03-21 22:58:26,744 : INFO : ConfigProcessor : Loading config from cache: C:\Users\schol\AppData\Local\Temp\de2d3fc178b15ce3807fa4ab35b9c965.mpf_cache
2020-03-21 22:58:26,746 : INFO : ConfigProcessor : Loading config from cache: C:\Users\schol\AppData\Local\Temp\db3d1ab92e5d5c563b40d82372434517.mpf_cache
2020-03-21 22:58:26,748 : INFO : ConfigProcessor : Loading config from cache: C:\Users\schol\AppData\Local\Temp\5ab98d4be1e8de85bea62364890eb2e9.mpf_cache
2020-03-21 22:58:26,750 : INFO : ConfigProcessor : Loading config from cache: C:\Users\schol\AppData\Local\Temp\dec453850496132f8dddcdfa0a36feb5.mpf_cache
2020-03-21 22:58:26,752 : INFO : ConfigProcessor : Loading config from cache: C:\Users\schol\AppData\Local\Temp\95e265efe14e4eb05d8d5c5689c9ae6b.mpf_cache
2020-03-21 22:58:26,754 : INFO : ConfigProcessor : Loading config from cache: C:\Users\schol\AppData\Local\Temp\200a9b2dddbe7706ffb4c4426b6d54a8.mpf_cache
2020-03-21 22:58:26,756 : INFO : ConfigProcessor : Loading config from cache: C:\Users\schol\AppData\Local\Temp\5c4497fcd69d1d656c4b69a28e44c490.mpf_cache
2020-03-21 22:58:26,760 : INFO : ConfigProcessor : Loading config from cache: C:\Users\schol\AppData\Local\Temp\e8fceecd8f65a6a7269e98c7961bbf6a.mpf_cache
2020-03-21 22:58:26,762 : INFO : ConfigProcessor : Loading config from cache: C:\Users\schol\AppData\Local\Temp\b0de444617e3bf30a07f755a6d4831cc.mpf_cache
2020-03-21 22:58:26,764 : INFO : ConfigProcessor : Loading config from cache: C:\Users\schol\AppData\Local\Temp\c84d6d08bf6f923cbcccfeeea02d2c8a.mpf_cache
2020-03-21 22:58:26,766 : INFO : ConfigProcessor : Loading config from cache: C:\Users\schol\AppData\Local\Temp\ba047bbdc168fca96d58d351c4240916.mpf_cache
2020-03-21 22:58:26,768 : INFO : ConfigProcessor : Loading config from cache: C:\Users\schol\AppData\Local\Temp\666b1342d8c11f754ca383a548aa0442.mpf_cache
2020-03-21 22:58:26,770 : INFO : ConfigProcessor : Loading config from cache: C:\Users\schol\AppData\Local\Temp\159a0b7ffc6de2ed1a8cdcd57b7df3c0.mpf_cache
2020-03-21 22:58:26,803 : INFO : EventManager : Event: ======'main_state'====== Args={}
2020-03-21 22:58:26,803 : INFO : EventManager : Event: ======'lock_lit_started'====== Args={}
2020-03-21 22:58:26,804 : INFO : EventManager : Event: ======'lite_detonation_start'====== Args={}
2020-03-21 22:58:26,804 : WARNING : Mode.hc_lock_lit : Can only start mode hc_lock_lit during a game. Aborting start.
2020-03-21 22:58:26,804 : WARNING : Mode.confederate : Can only start mode confederate during a game. Aborting start.
2020-03-21 22:58:26,804 : INFO : EventManager : Event: ======'init_phase_2'====== Args={}
2020-03-21 22:58:26,805 : INFO : SwitchController : Found active switch: ('2', <Platform.SmartVirtual>)
2020-03-21 22:58:26,805 : INFO : SwitchController : Found active switch: ('3', <Platform.SmartVirtual>)
2020-03-21 22:58:26,805 : INFO : SwitchController : Found active switch: ('4', <Platform.SmartVirtual>)
2020-03-21 22:58:26,805 : INFO : SwitchController : Found active switch: ('5', <Platform.SmartVirtual>)
2020-03-21 22:58:26,805 : INFO : SwitchController : Found active switch: ('6', <Platform.SmartVirtual>)
2020-03-21 22:58:26,805 : INFO : SwitchController : Found active switch: ('7', <Platform.SmartVirtual>)
2020-03-21 22:58:26,814 : INFO : EventManager : Event: ======'bcp_connection_attempt'====== Args={'name': 'local_display', 'host': 'localhost', 'port': 5050}
2020-03-21 22:58:26,816 : INFO : BCPClientSocket : Connecting BCP to 'local_display' at localhost:5050...
2020-03-21 22:58:28,832 : INFO : BCPClientSocket : Connected BCP to 'local_display' localhost:5050
2020-03-21 22:58:28,833 : INFO : EventManager : Event: ======'bcp_clients_connected'====== Args={}
2020-03-21 22:58:28,842 : INFO : EventManager : Event: ======'machine_var_mc_version'====== Args={'value': 'MPF-MC v0.53.0', 'prev_value': None, 'change': True}
2020-03-21 22:58:28,843 : INFO : EventManager : Event: ======'machine_var_mc_extended_version'====== Args={'value': 'MPF-MC v0.53.0 (config_version=5, BCP v1.1, Requires MPF v0.53.0)', 'prev_value': None, 'change': True}
2020-03-21 22:58:28,844 : INFO : EventManager : Event: ======'machine_var_master_volume'====== Args={'value': 0.5, 'prev_value': None, 'change': True}
2020-03-21 22:58:28,884 : INFO : EventManager : Event: ======'init_phase_3'====== Args={}
2020-03-21 22:58:28,884 : INFO : AssetManager : Registering Asset: mode_countdown, File: mode_countdown.yaml, Default Group: default, Final Config: {'load': 'preload', 'file': 'E:\\MPF\\wows\\wows\\shows\\mode_countdown.yaml'}
2020-03-21 22:58:28,884 : INFO : AssetManager : Registering Asset: sh_mode_1_shot_made, File: sh_mode_1_shot_made.yaml, Default Group: default, Final Config: {'load': 'preload', 'file': 'E:\\MPF\\wows\\wows\\shows\\sh_mode_1_shot_made.yaml'}
2020-03-21 22:58:28,884 : INFO : AssetManager : Registering Asset: sh_mode_3_shot_made, File: sh_mode_3_shot_made.yaml, Default Group: default, Final Config: {'load': 'preload', 'file': 'E:\\MPF\\wows\\wows\\shows\\sh_mode_3_shot_made.yaml'}
2020-03-21 22:58:28,884 : INFO : AssetManager : Registering Asset: sh_mode_4_shot_made, File: sh_mode_4_shot_made.yaml, Default Group: default, Final Config: {'load': 'preload', 'file': 'E:\\MPF\\wows\\wows\\shows\\sh_mode_4_shot_made.yaml'}
2020-03-21 22:58:28,884 : INFO : AssetManager : Registering Asset: sh_mode_5_shot_made, File: sh_mode_5_shot_made.yaml, Default Group: default, Final Config: {'load': 'preload', 'file': 'E:\\MPF\\wows\\wows\\shows\\sh_mode_5_shot_made.yaml'}
2020-03-21 22:58:28,884 : INFO : AssetManager : Registering Asset: sh_mode_6_shot_made, File: sh_mode_6_shot_made.yaml, Default Group: default, Final Config: {'load': 'preload', 'file': 'E:\\MPF\\wows\\wows\\shows\\sh_mode_6_shot_made.yaml'}
2020-03-21 22:58:28,885 : INFO : AssetManager : Registering Asset: sh_mode_7_shot_made, File: sh_mode_7_shot_made.yaml, Default Group: default, Final Config: {'load': 'preload', 'file': 'E:\\MPF\\wows\\wows\\shows\\sh_mode_7_shot_made.yaml'}
2020-03-21 22:58:28,885 : INFO : AssetManager : Registering Asset: sh_mode_8_shot_made, File: sh_mode_8_shot_made.yaml, Default Group: default, Final Config: {'load': 'preload', 'file': 'E:\\MPF\\wows\\wows\\shows\\sh_mode_8_shot_made.yaml'}
2020-03-21 22:58:28,885 : INFO : AssetManager : Registering Asset: sh_mode_9_shot_made, File: sh_mode_9_shot_made.yaml, Default Group: default, Final Config: {'load': 'preload', 'file': 'E:\\MPF\\wows\\wows\\shows\\sh_mode_9_shot_made.yaml'}
2020-03-21 22:58:28,887 : INFO : ConfigProcessor : Loading config from cache: C:\Users\schol\AppData\Local\Temp\6d62665f0d27f04673542af594d4fd9b.mpf_cache
2020-03-21 22:58:28,888 : INFO : EventManager : Event: ======'loading_assets'====== Args={'total': 9, 'loaded': 1, 'remaining': 8, 'percent': 11}
2020-03-21 22:58:28,888 : INFO : AssetManager : Loading assets: 1/9 (11%)
2020-03-21 22:58:28,888 : INFO : ConfigProcessor : Loading config from cache: C:\Users\schol\AppData\Local\Temp\9e890f4f58f205d8bba0abd84e3290c7.mpf_cache
2020-03-21 22:58:28,889 : INFO : ConfigProcessor : Loading config from cache: C:\Users\schol\AppData\Local\Temp\91df8e0ae0e44730ed622ea2efb74e97.mpf_cache
2020-03-21 22:58:28,890 : INFO : ConfigProcessor : Loading config from cache: C:\Users\schol\AppData\Local\Temp\69fdf32f8b1f00ca71933bfdf818d181.mpf_cache
2020-03-21 22:58:28,891 : INFO : ConfigProcessor : Loading config from cache: C:\Users\schol\AppData\Local\Temp\3078b120455821a73c8c6f8a1dceab4f.mpf_cache
2020-03-21 22:58:28,892 : INFO : ConfigProcessor : Loading config from cache: C:\Users\schol\AppData\Local\Temp\8d6f9c7ff9c39db68f4d155bf8492fbe.mpf_cache
2020-03-21 22:58:28,893 : INFO : ConfigProcessor : Loading config from cache: C:\Users\schol\AppData\Local\Temp\58d128190d1d0b57398f3d0bb3d51665.mpf_cache
2020-03-21 22:58:28,894 : INFO : ConfigProcessor : Loading config from cache: C:\Users\schol\AppData\Local\Temp\53b5443f454133ae1b362b3b93db77cb.mpf_cache
2020-03-21 22:58:28,895 : INFO : ConfigProcessor : Loading config from cache: C:\Users\schol\AppData\Local\Temp\92bd7ddb78685ce3872fdffddbf4066b.mpf_cache
2020-03-21 22:58:28,895 : INFO : EventManager : Event: ======'loading_assets'====== Args={'total': 9, 'loaded': 9, 'remaining': 0, 'percent': 100}
2020-03-21 22:58:28,895 : INFO : AssetManager : Asset loading took: 2.260308265686035
2020-03-21 22:58:28,896 : INFO : EventManager : Event: ======'asset_loading_complete'====== Args={}
2020-03-21 22:58:28,896 : INFO : AssetManager : Loading assets: 9/9 (100%)
2020-03-21 22:58:28,896 : INFO : EventManager : Event: ======'init_phase_4'====== Args={}
2020-03-21 22:58:28,903 : INFO : EventManager : Event: ======'machine_var_audits_events_game_ended'====== Args={'value': 1, 'prev_value': None, 'change': True}
2020-03-21 22:58:28,903 : INFO : EventManager : Event: ======'machine_var_audits_events_game_started'====== Args={'value': 443, 'prev_value': None, 'change': True}
2020-03-21 22:58:28,903 : INFO : EventManager : Event: ======'machine_var_audits_player_score'====== Args={'value': {'average': 0.0, 'top': [0], 'total': 1}, 'prev_value': None, 'change': True}
2020-03-21 22:58:28,903 : INFO : EventManager : Event: ======'machine_var_audits_shots_battle_shot'====== Args={'value': 13, 'prev_value': None, 'change': True}
2020-03-21 22:58:28,903 : INFO : EventManager : Event: ======'machine_var_audits_shots_confederate_1'====== Args={'value': 9, 'prev_value': None, 'change': True}
2020-03-21 22:58:28,904 : INFO : EventManager : Event: ======'machine_var_audits_shots_confederate_2'====== Args={'value': 198, 'prev_value': None, 'change': True}
2020-03-21 22:58:28,904 : INFO : EventManager : Event: ======'machine_var_audits_shots_confederate_3'====== Args={'value': 87, 'prev_value': None, 'change': True}
2020-03-21 22:58:28,904 : INFO : EventManager : Event: ======'machine_var_audits_shots_confederate_4'====== Args={'value': 20, 'prev_value': None, 'change': True}
2020-03-21 22:58:28,904 : INFO : EventManager : Event: ======'machine_var_audits_shots_confederate_5'====== Args={'value': 7, 'prev_value': None, 'change': True}
2020-03-21 22:58:28,904 : INFO : EventManager : Event: ======'machine_var_audits_shots_confederate_6'====== Args={'value': 243, 'prev_value': None, 'change': True}
2020-03-21 22:58:28,904 : INFO : EventManager : Event: ======'machine_var_audits_shots_detonation'====== Args={'value': 41, 'prev_value': None, 'change': True}
2020-03-21 22:58:28,905 : INFO : EventManager : Event: ======'machine_var_audits_shots_detonation_lit'====== Args={'value': 132, 'prev_value': None, 'change': True}
2020-03-21 22:58:28,905 : INFO : EventManager : Event: ======'machine_var_audits_shots_jackpot_1'====== Args={'value': 37, 'prev_value': None, 'change': True}
2020-03-21 22:58:28,905 : INFO : EventManager : Event: ======'machine_var_audits_shots_jackpot_2'====== Args={'value': 35, 'prev_value': None, 'change': True}
2020-03-21 22:58:28,905 : INFO : EventManager : Event: ======'machine_var_audits_shots_jackpot_3'====== Args={'value': 55, 'prev_value': None, 'change': True}
2020-03-21 22:58:28,906 : INFO : EventManager : Event: ======'machine_var_audits_shots_jackpot_4'====== Args={'value': 32, 'prev_value': None, 'change': True}
2020-03-21 22:58:28,906 : INFO : EventManager : Event: ======'machine_var_audits_shots_jackpot_5'====== Args={'value': 32, 'prev_value': None, 'change': True}
2020-03-21 22:58:28,906 : INFO : EventManager : Event: ======'machine_var_audits_shots_jackpot_6'====== Args={'value': 33, 'prev_value': None, 'change': True}
2020-03-21 22:58:28,907 : INFO : EventManager : Event: ======'machine_var_audits_shots_lane_A'====== Args={'value': 9, 'prev_value': None, 'change': True}
2020-03-21 22:58:28,907 : INFO : EventManager : Event: ======'machine_var_audits_shots_lane_B'====== Args={'value': 10, 'prev_value': None, 'change': True}
2020-03-21 22:58:28,907 : INFO : EventManager : Event: ======'machine_var_audits_shots_lane_C'====== Args={'value': 11, 'prev_value': None, 'change': True}
2020-03-21 22:58:28,907 : INFO : EventManager : Event: ======'machine_var_audits_shots_lane_D'====== Args={'value': 17, 'prev_value': None, 'change': True}
2020-03-21 22:58:28,907 : INFO : EventManager : Event: ======'machine_var_audits_shots_lane_E'====== Args={'value': 16, 'prev_value': None, 'change': True}
2020-03-21 22:58:28,908 : INFO : EventManager : Event: ======'machine_var_audits_shots_lock_lit_1'====== Args={'value': 194, 'prev_value': None, 'change': True}
2020-03-21 22:58:28,908 : INFO : EventManager : Event: ======'machine_var_audits_shots_lock_lit_2'====== Args={'value': 239, 'prev_value': None, 'change': True}
2020-03-21 22:58:28,908 : INFO : EventManager : Event: ======'machine_var_audits_shots_ricochet_1'====== Args={'value': 1, 'prev_value': None, 'change': True}
2020-03-21 22:58:28,909 : INFO : EventManager : Event: ======'machine_var_audits_shots_ricochet_2'====== Args={'value': 2, 'prev_value': None, 'change': True}
2020-03-21 22:58:28,909 : INFO : EventManager : Event: ======'machine_var_audits_shots_ricochet_3'====== Args={'value': 3, 'prev_value': None, 'change': True}
2020-03-21 22:58:28,909 : INFO : EventManager : Event: ======'machine_var_audits_shots_ricochet_4'====== Args={'value': 1, 'prev_value': None, 'change': True}
2020-03-21 22:58:28,910 : INFO : EventManager : Event: ======'machine_var_audits_shots_ricochet_5'====== Args={'value': 2, 'prev_value': None, 'change': True}
2020-03-21 22:58:28,910 : INFO : EventManager : Event: ======'machine_var_audits_switches_s_bumper_1'====== Args={'value': 9, 'prev_value': None, 'change': True}
2020-03-21 22:58:28,910 : INFO : EventManager : Event: ======'machine_var_audits_switches_s_bumper_2'====== Args={'value': 7, 'prev_value': None, 'change': True}
2020-03-21 22:58:28,910 : INFO : EventManager : Event: ======'machine_var_audits_switches_s_bumper_3'====== Args={'value': 1, 'prev_value': None, 'change': True}
2020-03-21 22:58:28,911 : INFO : EventManager : Event: ======'machine_var_audits_switches_s_center_ramp'====== Args={'value': 13, 'prev_value': None, 'change': True}
2020-03-21 22:58:28,911 : INFO : EventManager : Event: ======'machine_var_audits_switches_s_citadel'====== Args={'value': 8, 'prev_value': None, 'change': True}
2020-03-21 22:58:28,911 : INFO : EventManager : Event: ======'machine_var_audits_switches_s_citadel_lock'====== Args={'value': 26, 'prev_value': None, 'change': True}
2020-03-21 22:58:28,911 : INFO : EventManager : Event: ======'machine_var_audits_switches_s_detonation'====== Args={'value': 132, 'prev_value': None, 'change': True}
2020-03-21 22:58:28,912 : INFO : EventManager : Event: ======'machine_var_audits_switches_s_dmg_1'====== Args={'value': 559, 'prev_value': None, 'change': True}
2020-03-21 22:58:28,912 : INFO : EventManager : Event: ======'machine_var_audits_switches_s_dmg_2'====== Args={'value': 14, 'prev_value': None, 'change': True}
2020-03-21 22:58:28,912 : INFO : EventManager : Event: ======'machine_var_audits_switches_s_dmg_3'====== Args={'value': 13, 'prev_value': None, 'change': True}
2020-03-21 22:58:28,913 : INFO : EventManager : Event: ======'machine_var_audits_switches_s_dmg_4'====== Args={'value': 5, 'prev_value': None, 'change': True}
2020-03-21 22:58:28,913 : INFO : EventManager : Event: ======'machine_var_audits_switches_s_dmg_5'====== Args={'value': 8, 'prev_value': None, 'change': True}
2020-03-21 22:58:28,913 : INFO : EventManager : Event: ======'machine_var_audits_switches_s_dmg_6'====== Args={'value': 5, 'prev_value': None, 'change': True}
2020-03-21 22:58:28,913 : INFO : EventManager : Event: ======'machine_var_audits_switches_s_dmg_7'====== Args={'value': 7, 'prev_value': None, 'change': True}
2020-03-21 22:58:28,914 : INFO : EventManager : Event: ======'machine_var_audits_switches_s_drop_target'====== Args={'value': 113, 'prev_value': None, 'change': True}
2020-03-21 22:58:28,914 : INFO : EventManager : Event: ======'machine_var_audits_switches_s_jet_hole'====== Args={'value': 0, 'prev_value': None, 'change': True}
2020-03-21 22:58:28,914 : INFO : EventManager : Event: ======'machine_var_audits_switches_s_jet_lane'====== Args={'value': 1, 'prev_value': None, 'change': True}
2020-03-21 22:58:28,914 : INFO : EventManager : Event: ======'machine_var_audits_switches_s_kickback'====== Args={'value': 0, 'prev_value': None, 'change': True}
2020-03-21 22:58:28,915 : INFO : EventManager : Event: ======'machine_var_audits_switches_s_kickback_target_1'====== Args={'value': 0, 'prev_value': None, 'change': True}
2020-03-21 22:58:28,915 : INFO : EventManager : Event: ======'machine_var_audits_switches_s_kickback_target_2'====== Args={'value': 0, 'prev_value': None, 'change': True}
2020-03-21 22:58:28,915 : INFO : EventManager : Event: ======'machine_var_audits_switches_s_kickback_target_3'====== Args={'value': 2, 'prev_value': None, 'change': True}
2020-03-21 22:58:28,916 : INFO : EventManager : Event: ======'machine_var_audits_switches_s_kickback_terget_1'====== Args={'value': 0, 'prev_value': None, 'change': True}
2020-03-21 22:58:28,916 : INFO : EventManager : Event: ======'machine_var_audits_switches_s_left_flipper'====== Args={'value': 72, 'prev_value': None, 'change': True}
2020-03-21 22:58:28,916 : INFO : EventManager : Event: ======'machine_var_audits_switches_s_left_hole'====== Args={'value': 0, 'prev_value': None, 'change': True}
2020-03-21 22:58:28,917 : INFO : EventManager : Event: ======'machine_var_audits_switches_s_left_inlane'====== Args={'value': 11, 'prev_value': None, 'change': True}
2020-03-21 22:58:28,917 : INFO : EventManager : Event: ======'machine_var_audits_switches_s_left_loop_made'====== Args={'value': 23, 'prev_value': None, 'change': True}
2020-03-21 22:58:28,917 : INFO : EventManager : Event: ======'machine_var_audits_switches_s_left_loop_pre'====== Args={'value': 1, 'prev_value': None, 'change': True}
2020-03-21 22:58:28,918 : INFO : EventManager : Event: ======'machine_var_audits_switches_s_left_mid_inlane'====== Args={'value': 10, 'prev_value': None, 'change': True}
2020-03-21 22:58:28,918 : INFO : EventManager : Event: ======'machine_var_audits_switches_s_left_outlane'====== Args={'value': 9, 'prev_value': None, 'change': True}
2020-03-21 22:58:28,918 : INFO : EventManager : Event: ======'machine_var_audits_switches_s_left_ramp_made'====== Args={'value': 220, 'prev_value': None, 'change': True}
2020-03-21 22:58:28,919 : INFO : EventManager : Event: ======'machine_var_audits_switches_s_left_ramp_pre'====== Args={'value': 2, 'prev_value': None, 'change': True}
2020-03-21 22:58:28,919 : INFO : EventManager : Event: ======'machine_var_audits_switches_s_left_slingshot'====== Args={'value': 0, 'prev_value': None, 'change': True}
2020-03-21 22:58:28,919 : INFO : EventManager : Event: ======'machine_var_audits_switches_s_lock_1'====== Args={'value': 114, 'prev_value': None, 'change': True}
2020-03-21 22:58:28,920 : INFO : EventManager : Event: ======'machine_var_audits_switches_s_lock_2'====== Args={'value': 119, 'prev_value': None, 'change': True}
2020-03-21 22:58:28,920 : INFO : EventManager : Event: ======'machine_var_audits_switches_s_lock_3'====== Args={'value': 171, 'prev_value': None, 'change': True}
2020-03-21 22:58:28,920 : INFO : EventManager : Event: ======'machine_var_audits_switches_s_magnet_switch'====== Args={'value': 0, 'prev_value': None, 'change': True}
2020-03-21 22:58:28,921 : INFO : EventManager : Event: ======'machine_var_audits_switches_s_main_hole'====== Args={'value': 145, 'prev_value': None, 'change': True}
2020-03-21 22:58:28,921 : INFO : EventManager : Event: ======'machine_var_audits_switches_s_pen_1'====== Args={'value': 2, 'prev_value': None, 'change': True}
2020-03-21 22:58:28,921 : INFO : EventManager : Event: ======'machine_var_audits_switches_s_pen_2'====== Args={'value': 2, 'prev_value': None, 'change': True}
2020-03-21 22:58:28,921 : INFO : EventManager : Event: ======'machine_var_audits_switches_s_pen_3'====== Args={'value': 1, 'prev_value': None, 'change': True}
2020-03-21 22:58:28,922 : INFO : EventManager : Event: ======'machine_var_audits_switches_s_pen_4'====== Args={'value': 3, 'prev_value': None, 'change': True}
2020-03-21 22:58:28,922 : INFO : EventManager : Event: ======'machine_var_audits_switches_s_pen_5'====== Args={'value': 1, 'prev_value': None, 'change': True}
2020-03-21 22:58:28,922 : INFO : EventManager : Event: ======'machine_var_audits_switches_s_pen_6'====== Args={'value': 3, 'prev_value': None, 'change': True}
2020-03-21 22:58:28,923 : INFO : EventManager : Event: ======'machine_var_audits_switches_s_plunger'====== Args={'value': 657, 'prev_value': None, 'change': True}
2020-03-21 22:58:28,923 : INFO : EventManager : Event: ======'machine_var_audits_switches_s_plunger_button'====== Args={'value': 2, 'prev_value': None, 'change': True}
2020-03-21 22:58:28,923 : INFO : EventManager : Event: ======'machine_var_audits_switches_s_ricochet_1'====== Args={'value': 25, 'prev_value': None, 'change': True}
2020-03-21 22:58:28,924 : INFO : EventManager : Event: ======'machine_var_audits_switches_s_ricochet_2'====== Args={'value': 9, 'prev_value': None, 'change': True}
2020-03-21 22:58:28,924 : INFO : EventManager : Event: ======'machine_var_audits_switches_s_ricochet_3'====== Args={'value': 5, 'prev_value': None, 'change': True}
2020-03-21 22:58:28,924 : INFO : EventManager : Event: ======'machine_var_audits_switches_s_ricochet_4'====== Args={'value': 6, 'prev_value': None, 'change': True}
2020-03-21 22:58:28,925 : INFO : EventManager : Event: ======'machine_var_audits_switches_s_ricochet_5'====== Args={'value': 7, 'prev_value': None, 'change': True}
2020-03-21 22:58:28,925 : INFO : EventManager : Event: ======'machine_var_audits_switches_s_right_flipper'====== Args={'value': 700, 'prev_value': None, 'change': True}
2020-03-21 22:58:28,926 : INFO : EventManager : Event: ======'machine_var_audits_switches_s_right_hole'====== Args={'value': 26, 'prev_value': None, 'change': True}
2020-03-21 22:58:28,926 : INFO : EventManager : Event: ======'machine_var_audits_switches_s_right_inlane'====== Args={'value': 17, 'prev_value': None, 'change': True}
2020-03-21 22:58:28,926 : INFO : EventManager : Event: ======'machine_var_audits_switches_s_right_loop_made'====== Args={'value': 5, 'prev_value': None, 'change': True}
2020-03-21 22:58:28,927 : INFO : EventManager : Event: ======'machine_var_audits_switches_s_right_loop_pre'====== Args={'value': 2, 'prev_value': None, 'change': True}
2020-03-21 22:58:28,927 : INFO : EventManager : Event: ======'machine_var_audits_switches_s_right_outlane'====== Args={'value': 16, 'prev_value': None, 'change': True}
2020-03-21 22:58:28,927 : INFO : EventManager : Event: ======'machine_var_audits_switches_s_right_ramp_made'====== Args={'value': 259, 'prev_value': None, 'change': True}
2020-03-21 22:58:28,928 : INFO : EventManager : Event: ======'machine_var_audits_switches_s_right_ramp_pre'====== Args={'value': 0, 'prev_value': None, 'change': True}
2020-03-21 22:58:28,928 : INFO : EventManager : Event: ======'machine_var_audits_switches_s_right_slingshot'====== Args={'value': 0, 'prev_value': None, 'change': True}
2020-03-21 22:58:28,928 : INFO : EventManager : Event: ======'machine_var_audits_switches_s_right_small_ramp'====== Args={'value': 0, 'prev_value': None, 'change': True}
2020-03-21 22:58:28,929 : INFO : EventManager : Event: ======'machine_var_audits_switches_s_side_hole'====== Args={'value': 192, 'prev_value': None, 'change': True}
2020-03-21 22:58:28,929 : INFO : EventManager : Event: ======'machine_var_audits_switches_s_side_ramp_made'====== Args={'value': 171, 'prev_value': None, 'change': True}
2020-03-21 22:58:28,930 : INFO : EventManager : Event: ======'machine_var_audits_switches_s_side_ramp_pre'====== Args={'value': 2, 'prev_value': None, 'change': True}
2020-03-21 22:58:28,930 : INFO : EventManager : Event: ======'machine_var_audits_switches_s_start'====== Args={'value': 15, 'prev_value': None, 'change': True}
2020-03-21 22:58:28,930 : INFO : EventManager : Event: ======'machine_var_audits_switches_s_torpedo'====== Args={'value': 109, 'prev_value': None, 'change': True}
2020-03-21 22:58:28,931 : INFO : EventManager : Event: ======'machine_var_audits_switches_s_torpedo_lane'====== Args={'value': 2, 'prev_value': None, 'change': True}
2020-03-21 22:58:28,931 : INFO : EventManager : Event: ======'machine_var_audits_switches_s_trough1'====== Args={'value': 17, 'prev_value': None, 'change': True}
2020-03-21 22:58:28,931 : INFO : EventManager : Event: ======'machine_var_audits_switches_s_trough2'====== Args={'value': 9, 'prev_value': None, 'change': True}
2020-03-21 22:58:28,932 : INFO : EventManager : Event: ======'machine_var_audits_switches_s_trough3'====== Args={'value': 12, 'prev_value': None, 'change': True}
2020-03-21 22:58:28,932 : INFO : EventManager : Event: ======'machine_var_audits_switches_s_trough4'====== Args={'value': 3, 'prev_value': None, 'change': True}
2020-03-21 22:58:28,932 : INFO : EventManager : Event: ======'machine_var_audits_switches_s_trough5'====== Args={'value': 0, 'prev_value': None, 'change': True}
2020-03-21 22:58:28,933 : INFO : EventManager : Event: ======'machine_var_audits_switches_s_trough6'====== Args={'value': 1, 'prev_value': None, 'change': True}
2020-03-21 22:58:28,933 : INFO : EventManager : Event: ======'machine_var_audits_switches_s_trough_jam'====== Args={'value': 0, 'prev_value': None, 'change': True}
2020-03-21 22:58:28,933 : INFO : EventManager : Event: ======'init_phase_5'====== Args={}
2020-03-21 22:58:28,974 : INFO : EventManager : Event: ======'init_done'====== Args={}
2020-03-21 22:58:28,974 : INFO : EventManager : Event: ======'machine_reset_phase_1'====== Args={}
2020-03-21 22:58:28,991 : INFO : EventManager : Event: ======'machine_reset_phase_2'====== Args={}
2020-03-21 22:58:28,991 : INFO : EventManager : Event: ======'machine_reset_phase_3'====== Args={}
2020-03-21 22:58:28,991 : INFO : EventManager : Event: ======'reset_complete'====== Args={}
2020-03-21 22:58:28,991 : INFO : EventManager : Event: ======'mode_attract_will_start'====== Args={}
2020-03-21 22:58:28,992 : INFO : EventManager : Event: ======'mode_attract_starting'====== Args={}
2020-03-21 22:58:28,992 : INFO : Mode.attract : Started. Priority: 10
2020-03-21 22:58:28,992 : INFO : EventManager : Event: ======'mode_attract_started'====== Args={}
2020-03-21 22:58:28,992 : INFO : EventManager : Event: ======'collecting_balls_complete'====== Args={}
2020-03-21 22:58:29,024 : INFO : Machine : Starting the main run loop.
2020-03-21 22:58:29,395 : INFO : BcpServer : New client connected.
2020-03-21 22:58:29,993 : INFO : SwitchController : <<<<<<< 's_start' active >>>>>>>
2020-03-21 22:58:30,075 : INFO : SwitchController : <<<<<<< 's_start' inactive >>>>>>>
2020-03-21 22:58:30,075 : INFO : EventManager : Event: ======'request_to_start_game'====== Args={}
2020-03-21 22:58:30,075 : INFO : EventManager : Event: ======'game_start'====== Args={'buttons': [], 'hold_time': 0.07799999999997453}
2020-03-21 22:58:30,075 : INFO : EventManager : Event: ======'mode_game_will_start'====== Args={'buttons': [], 'hold_time': 0.07799999999997453}
2020-03-21 22:58:30,076 : INFO : EventManager : Event: ======'mode_game_starting'====== Args={'buttons': [], 'hold_time': 0.07799999999997453}
2020-03-21 22:58:30,076 : INFO : EventManager : Event: ======'mode_attract_will_stop'====== Args={}
2020-03-21 22:58:30,076 : INFO : EventManager : Event: ======'mode_attract_stopping'====== Args={}
2020-03-21 22:58:30,076 : INFO : Mode.attract : Stopped.
2020-03-21 22:58:30,076 : INFO : EventManager : Event: ======'mode_attract_stopped'====== Args={}
2020-03-21 22:58:30,077 : INFO : EventManager : Event: ======'clear'====== Args={'key': 'attract'}
2020-03-21 22:58:30,077 : INFO : Mode.game : Started. Priority: 20
2020-03-21 22:58:30,077 : INFO : EventManager : Event: ======'mode_game_started'====== Args={'buttons': [], 'hold_time': 0.07799999999997453}
2020-03-21 22:58:30,087 : INFO : EventManager : Event: ======'game_will_start'====== Args={}
2020-03-21 22:58:30,088 : INFO : EventManager : Event: ======'game_starting'====== Args={'game': <Mode.game>}
2020-03-21 22:58:30,088 : INFO : EventManager : Event: ======'player_add_request'====== Args={}
2020-03-21 22:58:30,088 : INFO : EventManager : Event: ======'player_will_add'====== Args={'number': 1}
2020-03-21 22:58:30,089 : INFO : EventManager : Event: ======'player_adding'====== Args={'player': <Player 1>, 'number': 1}
2020-03-21 22:58:30,090 : INFO : EventManager : Event: ======'player_added'====== Args={'player': <Player 1>, 'num': 1}
2020-03-21 22:58:30,090 : INFO : Mode.game : Player added successfully. Total players: 1
2020-03-21 22:58:30,090 : INFO : EventManager : Event: ======'player_index'====== Args={'value': 0, 'prev_value': 0, 'change': 0, 'player_num': 1}
2020-03-21 22:58:30,090 : INFO : EventManager : Event: ======'player_number'====== Args={'value': 1, 'prev_value': 1, 'change': 0, 'player_num': 1}
2020-03-21 22:58:30,091 : INFO : EventManager : Event: ======'player_ReceivedDMG'====== Args={'value': 1, 'prev_value': 1, 'change': 0, 'player_num': 1}
2020-03-21 22:58:30,091 : INFO : EventManager : Event: ======'player_DMGValue'====== Args={'value': 10000000, 'prev_value': 10000000, 'change': 0, 'player_num': 1}
2020-03-21 22:58:30,092 : INFO : EventManager : Event: ======'player_m1shotmade'====== Args={'value': 0, 'prev_value': 0, 'change': 0, 'player_num': 1}
2020-03-21 22:58:30,092 : INFO : EventManager : Event: ======'player_m2shotmade'====== Args={'value': 0, 'prev_value': 0, 'change': 0, 'player_num': 1}
2020-03-21 22:58:30,092 : INFO : EventManager : Event: ======'player_m3shotmade'====== Args={'value': 0, 'prev_value': 0, 'change': 0, 'player_num': 1}
2020-03-21 22:58:30,092 : INFO : EventManager : Event: ======'player_m4shotmade'====== Args={'value': 0, 'prev_value': 0, 'change': 0, 'player_num': 1}
2020-03-21 22:58:30,093 : INFO : EventManager : Event: ======'player_m5shotmade'====== Args={'value': 0, 'prev_value': 0, 'change': 0, 'player_num': 1}
2020-03-21 22:58:30,093 : INFO : EventManager : Event: ======'player_m6shotmade'====== Args={'value': 0, 'prev_value': 0, 'change': 0, 'player_num': 1}
2020-03-21 22:58:30,093 : INFO : EventManager : Event: ======'player_m7shotmade'====== Args={'value': 0, 'prev_value': 0, 'change': 0, 'player_num': 1}
2020-03-21 22:58:30,094 : INFO : EventManager : Event: ======'player_m8shotmade'====== Args={'value': 0, 'prev_value': 0, 'change': 0, 'player_num': 1}
2020-03-21 22:58:30,094 : INFO : EventManager : Event: ======'player_m9shotmade'====== Args={'value': 0, 'prev_value': 0, 'change': 0, 'player_num': 1}
2020-03-21 22:58:30,094 : INFO : EventManager : Event: ======'player_m1_active'====== Args={'value': 0, 'prev_value': 0, 'change': 0, 'player_num': 1}
2020-03-21 22:58:30,094 : INFO : EventManager : Event: ======'player_m2_active'====== Args={'value': 0, 'prev_value': 0, 'change': 0, 'player_num': 1}
2020-03-21 22:58:30,095 : INFO : EventManager : Event: ======'player_m3_active'====== Args={'value': 0, 'prev_value': 0, 'change': 0, 'player_num': 1}
2020-03-21 22:58:30,095 : INFO : EventManager : Event: ======'player_m4_active'====== Args={'value': 0, 'prev_value': 0, 'change': 0, 'player_num': 1}
2020-03-21 22:58:30,095 : INFO : EventManager : Event: ======'player_m5_active'====== Args={'value': 0, 'prev_value': 0, 'change': 0, 'player_num': 1}
2020-03-21 22:58:30,095 : INFO : EventManager : Event: ======'player_m6_active'====== Args={'value': 0, 'prev_value': 0, 'change': 0, 'player_num': 1}
2020-03-21 22:58:30,096 : INFO : EventManager : Event: ======'player_m7_active'====== Args={'value': 0, 'prev_value': 0, 'change': 0, 'player_num': 1}
2020-03-21 22:58:30,096 : INFO : EventManager : Event: ======'player_m8_active'====== Args={'value': 0, 'prev_value': 0, 'change': 0, 'player_num': 1}
2020-03-21 22:58:30,096 : INFO : EventManager : Event: ======'player_m9_active'====== Args={'value': 0, 'prev_value': 0, 'change': 0, 'player_num': 1}
2020-03-21 22:58:30,096 : INFO : EventManager : Event: ======'player_lock_lit_1_state'====== Args={'value': 0, 'prev_value': 0, 'change': 0, 'player_num': 1}
2020-03-21 22:58:30,097 : INFO : EventManager : Event: ======'player_lock_lit_2_state'====== Args={'value': 0, 'prev_value': 0, 'change': 0, 'player_num': 1}
2020-03-21 22:58:30,097 : INFO : EventManager : Event: ======'player_frezee_started'====== Args={'value': 0, 'prev_value': 0, 'change': 0, 'player_num': 1}
2020-03-21 22:58:30,097 : INFO : EventManager : Event: ======'player_timer_height'====== Args={'value': 0.0, 'prev_value': 0.0, 'change': 0, 'player_num': 1}
2020-03-21 22:58:30,098 : INFO : EventManager : Event: ======'player_citadel_number'====== Args={'value': 0, 'prev_value': 0, 'change': 0, 'player_num': 1}
2020-03-21 22:58:30,098 : INFO : EventManager : Event: ======'player_torpedo_number'====== Args={'value': 0, 'prev_value': 0, 'change': 0, 'player_num': 1}
2020-03-21 22:58:30,098 : INFO : EventManager : Event: ======'player_citadel_load_number'====== Args={'value': 3, 'prev_value': 3, 'change': 0, 'player_num': 1}
2020-03-21 22:58:30,098 : INFO : EventManager : Event: ======'player_torpedo_load_number'====== Args={'value': 3, 'prev_value': 3, 'change': 0, 'player_num': 1}
2020-03-21 22:58:30,099 : INFO : EventManager : Event: ======'player_citadel_ready'====== Args={'value': 0, 'prev_value': 0, 'change': 0, 'player_num': 1}
2020-03-21 22:58:30,099 : INFO : EventManager : Event: ======'player_torpedo_ready'====== Args={'value': 0, 'prev_value': 0, 'change': 0, 'player_num': 1}
2020-03-21 22:58:30,099 : INFO : EventManager : Event: ======'player_modeshotmade'====== Args={'value': 0, 'prev_value': 0, 'change': 0, 'player_num': 1}
2020-03-21 22:58:30,100 : INFO : EventManager : Event: ======'player_super_lock'====== Args={'value': 0, 'prev_value': 0, 'change': 0, 'player_num': 1}
2020-03-21 22:58:30,100 : INFO : EventManager : Event: ======'player_score'====== Args={'value': 0, 'prev_value': 0, 'change': 0, 'player_num': 1}
2020-03-21 22:58:30,101 : INFO : EventManager : Event: ======'game_started'====== Args={}
2020-03-21 22:58:30,126 : INFO : EventManager : Event: ======'player_turn_will_start'====== Args={'player': <Player 1>, 'number': 1}
2020-03-21 22:58:30,137 : INFO : EventManager : Event: ======'player_turn_starting'====== Args={'player': <Player 1>, 'number': 1}
2020-03-21 22:58:30,137 : INFO : EventManager : Event: ======'player_ball'====== Args={'value': 1, 'prev_value': 0, 'change': 1, 'player_num': 1}
2020-03-21 22:58:30,138 : INFO : EventManager : Event: ======'player_turn_started'====== Args={'player': <Player 1>, 'number': 1}
2020-03-21 22:58:30,138 : INFO : EventManager : Event: ======'ball_will_start'====== Args={'player': 1, 'ball': 1, 'balls_remaining': 2, 'is_extra_ball': False}
2020-03-21 22:58:30,149 : INFO : EventManager : Event: ======'ball_starting'====== Args={'player': 1, 'ball': 1, 'balls_remaining': 2, 'is_extra_ball': False}
2020-03-21 22:58:30,149 : INFO : EventManager : Event: ======'mode_mode_lit_will_start'====== Args={'queue': <QueuedEvent>, 'player': 1, 'ball': 1, 'balls_remaining': 2, 'is_extra_ball': False}
2020-03-21 22:58:30,150 : INFO : EventManager : Event: ======'achievement_mode_1_changed_state'====== Args={'restore': False, 'state': 'enabled', 'selected': False}
2020-03-21 22:58:30,150 : INFO : EventManager : Event: ======'achievement_mode_1_state_enabled'====== Args={'restore': False, 'state': 'enabled', 'selected': False}
2020-03-21 22:58:30,150 : INFO : EventManager : Event: ======'achievement_mode_2_changed_state'====== Args={'restore': False, 'state': 'enabled', 'selected': False}
2020-03-21 22:58:30,150 : INFO : EventManager : Event: ======'achievement_mode_2_state_enabled'====== Args={'restore': False, 'state': 'enabled', 'selected': False}
2020-03-21 22:58:30,151 : INFO : EventManager : Event: ======'achievement_mode_3_changed_state'====== Args={'restore': False, 'state': 'enabled', 'selected': False}
2020-03-21 22:58:30,151 : INFO : EventManager : Event: ======'achievement_mode_3_state_enabled'====== Args={'restore': False, 'state': 'enabled', 'selected': False}
2020-03-21 22:58:30,151 : INFO : EventManager : Event: ======'achievement_mode_4_changed_state'====== Args={'restore': False, 'state': 'enabled', 'selected': False}
2020-03-21 22:58:30,151 : INFO : EventManager : Event: ======'achievement_mode_4_state_enabled'====== Args={'restore': False, 'state': 'enabled', 'selected': False}
2020-03-21 22:58:30,152 : INFO : EventManager : Event: ======'achievement_mode_5_changed_state'====== Args={'restore': False, 'state': 'enabled', 'selected': False}
2020-03-21 22:58:30,152 : INFO : EventManager : Event: ======'achievement_mode_5_state_enabled'====== Args={'restore': False, 'state': 'enabled', 'selected': False}
2020-03-21 22:58:30,152 : INFO : EventManager : Event: ======'achievement_mode_6_changed_state'====== Args={'restore': False, 'state': 'enabled', 'selected': False}
2020-03-21 22:58:30,152 : INFO : EventManager : Event: ======'achievement_mode_6_state_enabled'====== Args={'restore': False, 'state': 'enabled', 'selected': False}
2020-03-21 22:58:30,153 : INFO : EventManager : Event: ======'achievement_mode_7_changed_state'====== Args={'restore': False, 'state': 'enabled', 'selected': False}
2020-03-21 22:58:30,153 : INFO : EventManager : Event: ======'achievement_mode_7_state_enabled'====== Args={'restore': False, 'state': 'enabled', 'selected': False}
2020-03-21 22:58:30,153 : INFO : EventManager : Event: ======'achievement_mode_8_changed_state'====== Args={'restore': False, 'state': 'enabled', 'selected': False}
2020-03-21 22:58:30,154 : INFO : EventManager : Event: ======'achievement_mode_8_state_enabled'====== Args={'restore': False, 'state': 'enabled', 'selected': False}
2020-03-21 22:58:30,154 : INFO : EventManager : Event: ======'achievement_mode_9_changed_state'====== Args={'restore': False, 'state': 'enabled', 'selected': False}
2020-03-21 22:58:30,154 : INFO : EventManager : Event: ======'achievement_mode_9_state_enabled'====== Args={'restore': False, 'state': 'enabled', 'selected': False}
2020-03-21 22:58:30,156 : INFO : EventManager : Event: ======'mode_mode_lit_starting'====== Args={'queue': <QueuedEvent>, 'player': 1, 'ball': 1, 'balls_remaining': 2, 'is_extra_ball': False}
2020-03-21 22:58:30,156 : INFO : EventManager : Event: ======'mode_base_will_start'====== Args={'queue': <QueuedEvent>, 'player': 1, 'ball': 1, 'balls_remaining': 2, 'is_extra_ball': False}
2020-03-21 22:58:30,157 : INFO : EventManager : Event: ======'mode_base_starting'====== Args={'queue': <QueuedEvent>, 'player': 1, 'ball': 1, 'balls_remaining': 2, 'is_extra_ball': False}
2020-03-21 22:58:30,158 : INFO : EventManager : Event: ======'achievement_mode_5_changed_state'====== Args={'restore': False, 'state': 'enabled', 'selected': True}
2020-03-21 22:58:30,158 : INFO : EventManager : Event: ======'achievement_mode_5_state_enabled'====== Args={'restore': False, 'state': 'enabled', 'selected': True}
2020-03-21 22:58:30,159 : INFO : EventManager : Event: ======'achievement_mode_5_state_selected'====== Args={'restore': False, 'state': 'enabled', 'selected': True}
2020-03-21 22:58:30,159 : INFO : Mode.base : Started. Priority: 100
2020-03-21 22:58:30,159 : INFO : EventManager : Event: ======'mode_base_started'====== Args={'queue': <QueuedEvent>, 'player': 1, 'ball': 1, 'balls_remaining': 2, 'is_extra_ball': False}
2020-03-21 22:58:30,160 : INFO : Mode.mode_lit : Started. Priority: 100
2020-03-21 22:58:30,160 : INFO : EventManager : Event: ======'mode_mode_lit_started'====== Args={'queue': <QueuedEvent>, 'player': 1, 'ball': 1, 'balls_remaining': 2, 'is_extra_ball': False}
2020-03-21 22:58:30,160 : INFO : EventManager : Event: ======'balls_in_play'====== Args={'balls': 1}
2020-03-21 22:58:30,160 : INFO : EventManager : Event: ======'ball_started'====== Args={'player': 1, 'ball': 1, 'balls_remaining': 2, 'is_extra_ball': False}
2020-03-21 22:58:30,161 : INFO : EventManager : Event: ======'mode_mode_manager_will_start'====== Args={'player': 1, 'ball': 1, 'balls_remaining': 2, 'is_extra_ball': False}
2020-03-21 22:58:30,166 : INFO : EventManager : Event: ======'mode_mode_manager_starting'====== Args={'player': 1, 'ball': 1, 'balls_remaining': 2, 'is_extra_ball': False}
2020-03-21 22:58:30,166 : INFO : EventManager : Event: ======'mode_salvo_lit_will_start'====== Args={'player': 1, 'ball': 1, 'balls_remaining': 2, 'is_extra_ball': False}
2020-03-21 22:58:30,166 : INFO : EventManager : Event: ======'player_shot_ricochet_1_enabled'====== Args={'value': True, 'prev_value': 0, 'change': 1, 'player_num': 1}
2020-03-21 22:58:30,166 : INFO : EventManager : Event: ======'player_shot_ricochet_2_enabled'====== Args={'value': True, 'prev_value': 0, 'change': 1, 'player_num': 1}
2020-03-21 22:58:30,167 : INFO : EventManager : Event: ======'player_shot_ricochet_3_enabled'====== Args={'value': True, 'prev_value': 0, 'change': 1, 'player_num': 1}
2020-03-21 22:58:30,167 : INFO : EventManager : Event: ======'player_shot_ricochet_4_enabled'====== Args={'value': True, 'prev_value': 0, 'change': 1, 'player_num': 1}
2020-03-21 22:58:30,168 : INFO : EventManager : Event: ======'player_shot_ricochet_5_enabled'====== Args={'value': True, 'prev_value': 0, 'change': 1, 'player_num': 1}
2020-03-21 22:58:30,168 : INFO : EventManager : Event: ======'ricochet_targets_complete'====== Args={'state': 'unlit'}
2020-03-21 22:58:30,168 : INFO : EventManager : Event: ======'ricochet_targets_unlit_complete'====== Args={}
2020-03-21 22:58:30,169 : INFO : EventManager : Event: ======'mode_salvo_lit_starting'====== Args={'player': 1, 'ball': 1, 'balls_remaining': 2, 'is_extra_ball': False}
2020-03-21 22:58:30,169 : INFO : EventManager : Event: ======'mode_battle_manager_will_start'====== Args={'player': 1, 'ball': 1, 'balls_remaining': 2, 'is_extra_ball': False}
2020-03-21 22:58:30,169 : INFO : EventManager : Event: ======'player_shot_battle_shot_enabled'====== Args={'value': True, 'prev_value': 0, 'change': 1, 'player_num': 1}
2020-03-21 22:58:30,170 : INFO : EventManager : Event: ======'mode_battle_manager_starting'====== Args={'player': 1, 'ball': 1, 'balls_remaining': 2, 'is_extra_ball': False}
2020-03-21 22:58:30,170 : INFO : EventManager : Event: ======'mode_detonation_will_start'====== Args={'player': 1, 'ball': 1, 'balls_remaining': 2, 'is_extra_ball': False}
2020-03-21 22:58:30,171 : INFO : EventManager : Event: ======'player_shot_detonation_lit_enabled'====== Args={'value': True, 'prev_value': 0, 'change': 1, 'player_num': 1}
2020-03-21 22:58:30,171 : INFO : EventManager : Event: ======'player_shot_detonation_enabled'====== Args={'value': False, 'prev_value': 0, 'change': 0, 'player_num': 1}
2020-03-21 22:58:30,172 : INFO : EventManager : Event: ======'mode_detonation_starting'====== Args={'player': 1, 'ball': 1, 'balls_remaining': 2, 'is_extra_ball': False}
2020-03-21 22:58:30,173 : INFO : EventManager : Event: ======'mode_container_lit_will_start'====== Args={'player': 1, 'ball': 1, 'balls_remaining': 2, 'is_extra_ball': False}
2020-03-21 22:58:30,173 : INFO : EventManager : Event: ======'player_shot_lane_A_enabled'====== Args={'value': True, 'prev_value': 0, 'change': 1, 'player_num': 1}
2020-03-21 22:58:30,173 : INFO : EventManager : Event: ======'player_shot_lane_B_enabled'====== Args={'value': True, 'prev_value': 0, 'change': 1, 'player_num': 1}
2020-03-21 22:58:30,174 : INFO : EventManager : Event: ======'player_shot_lane_C_enabled'====== Args={'value': True, 'prev_value': 0, 'change': 1, 'player_num': 1}
2020-03-21 22:58:30,174 : INFO : EventManager : Event: ======'player_shot_lane_D_enabled'====== Args={'value': True, 'prev_value': 0, 'change': 1, 'player_num': 1}
2020-03-21 22:58:30,175 : INFO : EventManager : Event: ======'player_shot_lane_E_enabled'====== Args={'value': True, 'prev_value': 0, 'change': 1, 'player_num': 1}
2020-03-21 22:58:30,176 : INFO : EventManager : Event: ======'container_lanes_complete'====== Args={'state': 'unlit'}
2020-03-21 22:58:30,176 : INFO : EventManager : Event: ======'container_lanes_unlit_complete'====== Args={}
2020-03-21 22:58:30,177 : INFO : EventManager : Event: ======'mode_container_lit_starting'====== Args={'player': 1, 'ball': 1, 'balls_remaining': 2, 'is_extra_ball': False}
2020-03-21 22:58:30,177 : INFO : EventManager : Event: ======'main_state_stopped'====== Args={}
2020-03-21 22:58:30,177 : INFO : EventManager : Event: ======'main_state'====== Args={}
2020-03-21 22:58:30,178 : INFO : EventManager : Event: ======'lock_lit_stopped'====== Args={}
2020-03-21 22:58:30,178 : INFO : EventManager : Event: ======'lock_lit_started'====== Args={}
2020-03-21 22:58:30,180 : INFO : EventManager : Event: ======'logicblock_battle_counter_updated'====== Args={'value': 5, 'enabled': True}
2020-03-21 22:58:30,180 : INFO : EventManager : Event: ======'mode_hc_lock_lit_will_start'====== Args={}
2020-03-21 22:58:30,180 : INFO : EventManager : Event: ======'player_shot_lock_lit_1_enabled'====== Args={'value': True, 'prev_value': 0, 'change': 1, 'player_num': 1}
2020-03-21 22:58:30,181 : INFO : EventManager : Event: ======'player_shot_lock_lit_2_enabled'====== Args={'value': True, 'prev_value': 0, 'change': 1, 'player_num': 1}
2020-03-21 22:58:30,181 : INFO : EventManager : Event: ======'lock_lits_complete'====== Args={'state': 'unlit'}
2020-03-21 22:58:30,181 : INFO : EventManager : Event: ======'lock_lits_unlit_complete'====== Args={}
2020-03-21 22:58:30,183 : INFO : EventManager : Event: ======'mode_hc_lock_lit_starting'====== Args={}
2020-03-21 22:58:30,183 : INFO : EventManager : Event: ======'mode_confederate_will_start'====== Args={}
2020-03-21 22:58:30,184 : INFO : EventManager : Event: ======'player_shot_confederate_1_enabled'====== Args={'value': True, 'prev_value': 0, 'change': 1, 'player_num': 1}
2020-03-21 22:58:30,184 : INFO : EventManager : Event: ======'player_shot_confederate_2_enabled'====== Args={'value': True, 'prev_value': 0, 'change': 1, 'player_num': 1}
2020-03-21 22:58:30,185 : INFO : EventManager : Event: ======'player_shot_confederate_3_enabled'====== Args={'value': True, 'prev_value': 0, 'change': 1, 'player_num': 1}
2020-03-21 22:58:30,185 : INFO : EventManager : Event: ======'player_shot_confederate_4_enabled'====== Args={'value': True, 'prev_value': 0, 'change': 1, 'player_num': 1}
2020-03-21 22:58:30,186 : INFO : EventManager : Event: ======'player_shot_confederate_5_enabled'====== Args={'value': True, 'prev_value': 0, 'change': 1, 'player_num': 1}
2020-03-21 22:58:30,187 : INFO : EventManager : Event: ======'player_shot_confederate_6_enabled'====== Args={'value': True, 'prev_value': 0, 'change': 1, 'player_num': 1}
2020-03-21 22:58:30,187 : INFO : EventManager : Event: ======'mode_confederate_starting'====== Args={}
2020-03-21 22:58:30,188 : INFO : EventManager : Event: ======'player_shot_lock_lit_1_enabled'====== Args={'value': False, 'prev_value': True, 'change': -1, 'player_num': 1}
2020-03-21 22:58:30,188 : INFO : EventManager : Event: ======'player_shot_lock_lit_2_enabled'====== Args={'value': False, 'prev_value': True, 'change': -1, 'player_num': 1}
2020-03-21 22:58:30,189 : INFO : EventManager : Event: ======'player_shot_lock_lit_1_enabled'====== Args={'value': True, 'prev_value': False, 'change': 1, 'player_num': 1}
2020-03-21 22:58:30,190 : INFO : EventManager : Event: ======'player_shot_lock_lit_2_enabled'====== Args={'value': True, 'prev_value': False, 'change': 1, 'player_num': 1}
2020-03-21 22:58:30,191 : INFO : Mode.confederate : Started. Priority: 100
2020-03-21 22:58:30,191 : INFO : EventManager : Event: ======'mode_confederate_started'====== Args={}
2020-03-21 22:58:30,191 : INFO : Mode.hc_lock_lit : Started. Priority: 100
2020-03-21 22:58:30,191 : INFO : EventManager : Event: ======'mode_hc_lock_lit_started'====== Args={}
2020-03-21 22:58:30,192 : INFO : Mode.container_lit : Started. Priority: 100
2020-03-21 22:58:30,192 : INFO : EventManager : Event: ======'mode_container_lit_started'====== Args={'player': 1, 'ball': 1, 'balls_remaining': 2, 'is_extra_ball': False}
2020-03-21 22:58:30,192 : INFO : Mode.detonation : Started. Priority: 100
2020-03-21 22:58:30,192 : INFO : EventManager : Event: ======'mode_detonation_started'====== Args={'player': 1, 'ball': 1, 'balls_remaining': 2, 'is_extra_ball': False}
2020-03-21 22:58:30,192 : INFO : Mode.salvo_lit : Started. Priority: 100
2020-03-21 22:58:30,192 : INFO : EventManager : Event: ======'mode_salvo_lit_started'====== Args={'player': 1, 'ball': 1, 'balls_remaining': 2, 'is_extra_ball': False}
2020-03-21 22:58:30,193 : INFO : Mode.mode_manager : Started. Priority: 300
2020-03-21 22:58:30,193 : INFO : EventManager : Event: ======'mode_mode_manager_started'====== Args={'player': 1, 'ball': 1, 'balls_remaining': 2, 'is_extra_ball': False}
2020-03-21 22:58:30,230 : INFO : EventManager : Event: ======'logicblock_battle_counter_updated'====== Args={'value': 5, 'enabled': True}
2020-03-21 22:58:30,230 : INFO : Mode.battle_manager : Started. Priority: 100
2020-03-21 22:58:30,230 : INFO : EventManager : Event: ======'mode_battle_manager_started'====== Args={'player': 1, 'ball': 1, 'balls_remaining': 2, 'is_extra_ball': False}
2020-03-21 22:58:30,230 : INFO : EventManager : Event: ======'single_player_ball_started'====== Args={}
2020-03-21 22:58:30,231 : INFO : EventManager : Event: ======'slide_main_slide_created'====== Args={'_from_bcp': True}
2020-03-21 22:58:30,231 : INFO : EventManager : Event: ======'slide_main_slide_active'====== Args={'_from_bcp': True}
2020-03-21 22:58:30,254 : INFO : EventManager : Event: ======'balldevice_balls_available'====== Args={}
2020-03-21 22:58:30,255 : INFO : EventManager : Event: ======'balldevice_bd_trough_ball_eject_attempt'====== Args={'balls': 1, 'target': <ball_device.bd_plunger>, 'source': <ball_device.bd_trough>, 'mechanical_eject': True, 'num_attempts': 0}
2020-03-21 22:58:30,257 : INFO : ball_device.bd_trough : Ejecting ball to <ball_device.bd_plunger>
2020-03-21 22:58:30,257 : INFO : EventManager : Event: ======'balldevice_bd_trough_ejecting_ball'====== Args={'balls': 1, 'target': <ball_device.bd_plunger>, 'source': <ball_device.bd_trough>, 'mechanical_eject': True, 'num_attempts': 0}
2020-03-21 22:58:30,258 : INFO : coil.c_trough_eject : Pulsing Driver for 20ms (1.0 pulse_power)
2020-03-21 22:58:30,258 : INFO : SwitchController : <<<<<<< 's_trough1' inactive >>>>>>>
2020-03-21 22:58:30,352 : INFO : SwitchController : <<<<<<< 's_plunger' active >>>>>>>
2020-03-21 22:58:30,352 : INFO : EventManager : Event: ======'machine_var_audits_switches_s_plunger'====== Args={'value': 658, 'prev_value': 657, 'change': 1}
2020-03-21 22:58:30,660 : INFO : EventManager : Event: ======'balldevice_bd_plunger_ball_enter'====== Args={'new_balls': 1, 'unclaimed_balls': 0, 'new_available_balls': 0, 'device': <ball_device.bd_plunger>}
2020-03-21 22:58:30,661 : INFO : EventManager : Event: ======'balldevice_bd_plunger_ball_entered'====== Args={'new_balls': 0, 'device': <ball_device.bd_plunger>}
2020-03-21 22:58:30,661 : INFO : EventManager : Event: ======'balldevice_bd_plunger_ball_count_changed'====== Args={'balls': 1}
2020-03-21 22:58:30,661 : INFO : EventManager : Event: ======'balldevice_bd_trough_ball_eject_success'====== Args={'balls': 1, 'target': <ball_device.bd_plunger>}
2020-03-21 22:58:30,662 : INFO : EventManager : Event: ======'balldevice_bd_trough_ball_count_changed'====== Args={'balls': 4}
2020-03-21 22:58:30,662 : INFO : EventManager : Event: ======'balldevice_bd_plunger_ball_eject_attempt'====== Args={'balls': 1, 'target': <playfield.playfield>, 'source': <ball_device.bd_plunger>, 'mechanical_eject': True, 'num_attempts': 0}
2020-03-21 22:58:30,662 : INFO : ball_device.bd_plunger : Ejecting ball to <playfield.playfield>
2020-03-21 22:58:30,663 : INFO : EventManager : Event: ======'balldevice_bd_plunger_ejecting_ball'====== Args={'balls': 1, 'target': <playfield.playfield>, 'source': <ball_device.bd_plunger>, 'mechanical_eject': True, 'num_attempts': 0}
2020-03-21 22:58:31,281 : INFO : SwitchController : <<<<<<< 's_plunger' inactive >>>>>>>
2020-03-21 22:58:32,805 : INFO : SwitchController : <<<<<<< 's_drop_target' active >>>>>>>
2020-03-21 22:58:32,805 : INFO : EventManager : Event: ======'s_drop_target_active'====== Args={}
2020-03-21 22:58:32,805 : INFO : EventManager : Event: ======'playfield_active'====== Args={}
2020-03-21 22:58:32,806 : INFO : EventManager : Event: ======'drop_target_citadel_drop_target_down'====== Args={'device': <drop_target.citadel_drop_target>}
2020-03-21 22:58:32,806 : INFO : EventManager : Event: ======'machine_var_audits_switches_s_drop_target'====== Args={'value': 114, 'prev_value': 113, 'change': 1}
2020-03-21 22:58:32,807 : INFO : EventManager : Event: ======'playfield_active'====== Args={}
2020-03-21 22:58:32,817 : INFO : EventManager : Event: ======'player_shot_battle_shot'====== Args={'value': 1, 'prev_value': 0, 'change': 1, 'player_num': 1}
2020-03-21 22:58:32,817 : INFO : EventManager : Event: ======'machine_var_audits_shots_battle_shot'====== Args={'value': 14, 'prev_value': 13, 'change': 1}
2020-03-21 22:58:32,818 : INFO : EventManager : Event: ======'battle_shot_hit'====== Args={'profile': 'default', 'state': 'unlit', 'advancing': True}
2020-03-21 22:58:32,818 : INFO : EventManager : Event: ======'battle_shot_default_hit'====== Args={'profile': 'default', 'state': 'unlit', 'advancing': True}
2020-03-21 22:58:32,818 : INFO : EventManager : Event: ======'battle_shot_default_unlit_hit'====== Args={'profile': 'default', 'state': 'unlit', 'advancing': True}
2020-03-21 22:58:32,818 : INFO : EventManager : Event: ======'battle_shot_unlit_hit'====== Args={'profile': 'default', 'state': 'unlit', 'advancing': True}
2020-03-21 22:58:32,819 : INFO : EventManager : Event: ======'logicblock_battle_counter_updated'====== Args={'value': 4, 'enabled': True}
2020-03-21 22:58:32,819 : INFO : EventManager : Event: ======'battle_advance'====== Args={'count': 4, 'remaining': -4}
2020-03-21 22:58:32,830 : INFO : EventManager : Event: ======'balldevice_bd_plunger_ball_eject_success'====== Args={'balls': 1, 'target': <playfield.playfield>}
2020-03-21 22:58:32,831 : INFO : EventManager : Event: ======'balldevice_playfield_ball_enter'====== Args={'new_balls': 1, 'unclaimed_balls': 1, 'device': <playfield.playfield>}
2020-03-21 22:58:32,831 : INFO : EventManager : Event: ======'playfield_ball_count_change'====== Args={'balls': 1, 'change': 1}
2020-03-21 22:58:32,831 : INFO : EventManager : Event: ======'balldevice_bd_plunger_ball_count_changed'====== Args={'balls': 0}
2020-03-21 22:58:32,934 : INFO : SwitchController : <<<<<<< 's_drop_target' inactive >>>>>>>
2020-03-21 22:58:32,934 : INFO : EventManager : Event: ======'drop_target_citadel_drop_target_up'====== Args={'device': <drop_target.citadel_drop_target>}
2020-03-21 22:58:34,481 : INFO : SwitchController : <<<<<<< 's_drop_target' active >>>>>>>
2020-03-21 22:58:34,481 : INFO : EventManager : Event: ======'s_drop_target_active'====== Args={}
2020-03-21 22:58:34,481 : INFO : EventManager : Event: ======'drop_target_citadel_drop_target_down'====== Args={'device': <drop_target.citadel_drop_target>}
2020-03-21 22:58:34,482 : INFO : EventManager : Event: ======'machine_var_audits_switches_s_drop_target'====== Args={'value': 115, 'prev_value': 114, 'change': 1}
2020-03-21 22:58:34,482 : INFO : EventManager : Event: ======'machine_var_audits_shots_battle_shot'====== Args={'value': 15, 'prev_value': 14, 'change': 1}
2020-03-21 22:58:34,483 : INFO : EventManager : Event: ======'battle_shot_hit'====== Args={'profile': 'default', 'state': 'lit', 'advancing': False}
2020-03-21 22:58:34,483 : INFO : EventManager : Event: ======'battle_shot_default_hit'====== Args={'profile': 'default', 'state': 'lit', 'advancing': False}
2020-03-21 22:58:34,483 : INFO : EventManager : Event: ======'battle_shot_default_lit_hit'====== Args={'profile': 'default', 'state': 'lit', 'advancing': False}
2020-03-21 22:58:34,483 : INFO : EventManager : Event: ======'battle_shot_lit_hit'====== Args={'profile': 'default', 'state': 'lit', 'advancing': False}
2020-03-21 22:58:34,483 : INFO : EventManager : Event: ======'logicblock_battle_counter_updated'====== Args={'value': 3, 'enabled': True}
2020-03-21 22:58:34,483 : INFO : EventManager : Event: ======'battle_advance'====== Args={'count': 3, 'remaining': -3}
2020-03-21 22:58:34,570 : INFO : SwitchController : <<<<<<< 's_drop_target' inactive >>>>>>>
2020-03-21 22:58:34,570 : INFO : EventManager : Event: ======'drop_target_citadel_drop_target_up'====== Args={'device': <drop_target.citadel_drop_target>}
2020-03-21 22:58:35,551 : INFO : SwitchController : <<<<<<< 's_drop_target' active >>>>>>>
2020-03-21 22:58:35,551 : INFO : EventManager : Event: ======'s_drop_target_active'====== Args={}
2020-03-21 22:58:35,552 : INFO : EventManager : Event: ======'drop_target_citadel_drop_target_down'====== Args={'device': <drop_target.citadel_drop_target>}
2020-03-21 22:58:35,552 : INFO : EventManager : Event: ======'machine_var_audits_switches_s_drop_target'====== Args={'value': 116, 'prev_value': 115, 'change': 1}
2020-03-21 22:58:35,553 : INFO : EventManager : Event: ======'machine_var_audits_shots_battle_shot'====== Args={'value': 16, 'prev_value': 15, 'change': 1}
2020-03-21 22:58:35,553 : INFO : EventManager : Event: ======'battle_shot_hit'====== Args={'profile': 'default', 'state': 'lit', 'advancing': False}
2020-03-21 22:58:35,553 : INFO : EventManager : Event: ======'battle_shot_default_hit'====== Args={'profile': 'default', 'state': 'lit', 'advancing': False}
2020-03-21 22:58:35,553 : INFO : EventManager : Event: ======'battle_shot_default_lit_hit'====== Args={'profile': 'default', 'state': 'lit', 'advancing': False}
2020-03-21 22:58:35,553 : INFO : EventManager : Event: ======'battle_shot_lit_hit'====== Args={'profile': 'default', 'state': 'lit', 'advancing': False}
2020-03-21 22:58:35,553 : INFO : EventManager : Event: ======'logicblock_battle_counter_updated'====== Args={'value': 2, 'enabled': True}
2020-03-21 22:58:35,554 : INFO : EventManager : Event: ======'battle_advance'====== Args={'count': 2, 'remaining': -2}
2020-03-21 22:58:35,685 : INFO : SwitchController : <<<<<<< 's_drop_target' inactive >>>>>>>
2020-03-21 22:58:35,685 : INFO : EventManager : Event: ======'drop_target_citadel_drop_target_up'====== Args={'device': <drop_target.citadel_drop_target>}
2020-03-21 22:58:36,484 : INFO : SwitchController : <<<<<<< 's_drop_target' active >>>>>>>
2020-03-21 22:58:36,484 : INFO : EventManager : Event: ======'s_drop_target_active'====== Args={}
2020-03-21 22:58:36,484 : INFO : EventManager : Event: ======'drop_target_citadel_drop_target_down'====== Args={'device': <drop_target.citadel_drop_target>}
2020-03-21 22:58:36,485 : INFO : EventManager : Event: ======'machine_var_audits_switches_s_drop_target'====== Args={'value': 117, 'prev_value': 116, 'change': 1}
2020-03-21 22:58:36,485 : INFO : EventManager : Event: ======'machine_var_audits_shots_battle_shot'====== Args={'value': 17, 'prev_value': 16, 'change': 1}
2020-03-21 22:58:36,486 : INFO : EventManager : Event: ======'battle_shot_hit'====== Args={'profile': 'default', 'state': 'lit', 'advancing': False}
2020-03-21 22:58:36,486 : INFO : EventManager : Event: ======'battle_shot_default_hit'====== Args={'profile': 'default', 'state': 'lit', 'advancing': False}
2020-03-21 22:58:36,486 : INFO : EventManager : Event: ======'battle_shot_default_lit_hit'====== Args={'profile': 'default', 'state': 'lit', 'advancing': False}
2020-03-21 22:58:36,486 : INFO : EventManager : Event: ======'battle_shot_lit_hit'====== Args={'profile': 'default', 'state': 'lit', 'advancing': False}
2020-03-21 22:58:36,487 : INFO : EventManager : Event: ======'logicblock_battle_counter_updated'====== Args={'value': 1, 'enabled': True}
2020-03-21 22:58:36,487 : INFO : EventManager : Event: ======'battle_advance'====== Args={'count': 1, 'remaining': -1}
2020-03-21 22:58:36,626 : INFO : SwitchController : <<<<<<< 's_drop_target' inactive >>>>>>>
2020-03-21 22:58:36,626 : INFO : EventManager : Event: ======'drop_target_citadel_drop_target_up'====== Args={'device': <drop_target.citadel_drop_target>}
2020-03-21 22:58:38,251 : INFO : SwitchController : <<<<<<< 's_drop_target' active >>>>>>>
2020-03-21 22:58:38,251 : INFO : EventManager : Event: ======'s_drop_target_active'====== Args={}
2020-03-21 22:58:38,252 : INFO : EventManager : Event: ======'drop_target_citadel_drop_target_down'====== Args={'device': <drop_target.citadel_drop_target>}
2020-03-21 22:58:38,252 : INFO : EventManager : Event: ======'machine_var_audits_switches_s_drop_target'====== Args={'value': 118, 'prev_value': 117, 'change': 1}
2020-03-21 22:58:38,253 : INFO : EventManager : Event: ======'machine_var_audits_shots_battle_shot'====== Args={'value': 18, 'prev_value': 17, 'change': 1}
2020-03-21 22:58:38,253 : INFO : EventManager : Event: ======'battle_shot_hit'====== Args={'profile': 'default', 'state': 'lit', 'advancing': False}
2020-03-21 22:58:38,253 : INFO : EventManager : Event: ======'battle_shot_default_hit'====== Args={'profile': 'default', 'state': 'lit', 'advancing': False}
2020-03-21 22:58:38,253 : INFO : EventManager : Event: ======'battle_shot_default_lit_hit'====== Args={'profile': 'default', 'state': 'lit', 'advancing': False}
2020-03-21 22:58:38,253 : INFO : EventManager : Event: ======'battle_shot_lit_hit'====== Args={'profile': 'default', 'state': 'lit', 'advancing': False}
2020-03-21 22:58:38,254 : INFO : EventManager : Event: ======'logicblock_battle_counter_updated'====== Args={'value': 0, 'enabled': True}
2020-03-21 22:58:38,254 : INFO : EventManager : Event: ======'battle_advance'====== Args={'count': 0, 'remaining': 0}
2020-03-21 22:58:38,254 : INFO : EventManager : Event: ======'battle_ready'====== Args={}
2020-03-21 22:58:38,261 : INFO : EventManager : Event: ======'logicblock_battle_counter_updated'====== Args={'value': 0, 'enabled': False}
2020-03-21 22:58:38,261 : INFO : EventManager : Event: ======'enable_citadel_magnet'====== Args={'priority': 0}
2020-03-21 22:58:38,261 : INFO : EventManager : Event: ======'drop_target_knockdown'====== Args={'priority': 0}
2020-03-21 22:58:38,376 : INFO : SwitchController : <<<<<<< 's_drop_target' inactive >>>>>>>
2020-03-21 22:58:38,377 : INFO : EventManager : Event: ======'drop_target_citadel_drop_target_up'====== Args={'device': <drop_target.citadel_drop_target>}
2020-03-21 22:58:39,845 : INFO : SwitchController : <<<<<<< 's_drop_target' active >>>>>>>
2020-03-21 22:58:39,846 : INFO : EventManager : Event: ======'s_drop_target_active'====== Args={}
2020-03-21 22:58:39,846 : INFO : EventManager : Event: ======'drop_target_citadel_drop_target_down'====== Args={'device': <drop_target.citadel_drop_target>}
2020-03-21 22:58:39,846 : INFO : EventManager : Event: ======'machine_var_audits_switches_s_drop_target'====== Args={'value': 119, 'prev_value': 118, 'change': 1}
2020-03-21 22:58:39,847 : INFO : EventManager : Event: ======'machine_var_audits_shots_battle_shot'====== Args={'value': 19, 'prev_value': 18, 'change': 1}
2020-03-21 22:58:39,847 : INFO : EventManager : Event: ======'battle_shot_hit'====== Args={'profile': 'default', 'state': 'lit', 'advancing': False}
2020-03-21 22:58:39,848 : INFO : EventManager : Event: ======'battle_shot_default_hit'====== Args={'profile': 'default', 'state': 'lit', 'advancing': False}
2020-03-21 22:58:39,848 : INFO : EventManager : Event: ======'battle_shot_default_lit_hit'====== Args={'profile': 'default', 'state': 'lit', 'advancing': False}
2020-03-21 22:58:39,848 : INFO : EventManager : Event: ======'battle_shot_lit_hit'====== Args={'profile': 'default', 'state': 'lit', 'advancing': False}
2020-03-21 22:58:39,965 : INFO : SwitchController : <<<<<<< 's_drop_target' inactive >>>>>>>
2020-03-21 22:58:39,965 : INFO : EventManager : Event: ======'drop_target_citadel_drop_target_up'====== Args={'device': <drop_target.citadel_drop_target>}
2020-03-21 22:58:44,773 : INFO : SwitchController : <<<<<<< 's_citadel_lock' active >>>>>>>
2020-03-21 22:58:44,773 : INFO : EventManager : Event: ======'s_citadel_lock_active'====== Args={}
2020-03-21 22:58:44,774 : INFO : coil.c_citadel_magnet : Enabling Driver with power 0.375 (pulse_ms 100ms and pulse_power 1.0)
2020-03-21 22:58:44,774 : INFO : EventManager : Event: ======'magnet_citadel_magnet_grabbing_ball'====== Args={}
2020-03-21 22:58:44,775 : INFO : EventManager : Event: ======'machine_var_audits_switches_s_citadel_lock'====== Args={'value': 27, 'prev_value': 26, 'change': 1}
2020-03-21 22:58:44,776 : INFO : EventManager : Event: ======'player_shot_confederate_4'====== Args={'value': 1, 'prev_value': 0, 'change': 1, 'player_num': 1}
2020-03-21 22:58:44,776 : INFO : EventManager : Event: ======'machine_var_audits_shots_confederate_4'====== Args={'value': 21, 'prev_value': 20, 'change': 1}
2020-03-21 22:58:44,777 : INFO : EventManager : Event: ======'confederate_4_hit'====== Args={'profile': 'confederate_profile', 'state': 'unlit', 'advancing': True}
2020-03-21 22:58:44,777 : INFO : EventManager : Event: ======'confederate_4_confederate_profile_hit'====== Args={'profile': 'confederate_profile', 'state': 'unlit', 'advancing': True}
2020-03-21 22:58:44,777 : INFO : EventManager : Event: ======'confederate_4_confederate_profile_unlit_hit'====== Args={'profile': 'confederate_profile', 'state': 'unlit', 'advancing': True}
2020-03-21 22:58:44,777 : INFO : EventManager : Event: ======'confederate_4_unlit_hit'====== Args={'profile': 'confederate_profile', 'state': 'unlit', 'advancing': True}
2020-03-21 22:58:44,777 : INFO : EventManager : Event: ======'start_battle'====== Args={'priority': 0}
2020-03-21 22:58:44,777 : INFO : EventManager : Event: ======'mode_battle_will_start'====== Args={'priority': 0}
2020-03-21 22:58:44,778 : INFO : EventManager : Unordered handler for class ConfigPlayer.event_player/events on event s_bumper_1_active with priority 300. Handlers: [RegisteredHandler(callback=<bound method ConfigPlayer.config_play_callback of ConfigPlayer.event_player/events>, priority=300, kwargs={'calling_context': 's_bumper_1_active', 'mode': <Mode.mode_manager>, 'settings': {'all_bumper': {'priority': 0}}}, key=UUID('1a9374b4-3a2e-4c32-b7b3-7d8c7a38e456'), condition=None, blocking_facility=None), RegisteredHandler(callback=<bound method ConfigPlayer.config_play_callback of ConfigPlayer.event_player/events>, priority=300, kwargs={'calling_context': 's_bumper_1_active', 'mode': <Mode.battle>, 'settings': {'fire_dmg_deal': {'priority': 0}, 'deal_dmg': {'priority': 0}}}, key=UUID('786545fe-913d-4562-8bad-500fbd2b67c6'), condition=None, blocking_facility=None)]. The order of those handlers is not defined and they will be executed in random order. This might lead to race conditions and potential bugs.
2020-03-21 22:58:44,778 : INFO : EventManager : Unordered handler for class ConfigPlayer.event_player/events on event s_bumper_2_active with priority 300. Handlers: [RegisteredHandler(callback=<bound method ConfigPlayer.config_play_callback of ConfigPlayer.event_player/events>, priority=300, kwargs={'calling_context': 's_bumper_2_active', 'mode': <Mode.mode_manager>, 'settings': {'all_bumper': {'priority': 0}}}, key=UUID('b76bdbb0-9949-440c-bdf9-11850e7b4e9f'), condition=None, blocking_facility=None), RegisteredHandler(callback=<bound method ConfigPlayer.config_play_callback of ConfigPlayer.event_player/events>, priority=300, kwargs={'calling_context': 's_bumper_2_active', 'mode': <Mode.battle>, 'settings': {'fire_dmg_deal': {'priority': 0}, 'deal_dmg': {'priority': 0}}}, key=UUID('710981bf-8075-4212-84a1-560404f7d1a0'), condition=None, blocking_facility=None)]. The order of those handlers is not defined and they will be executed in random order. This might lead to race conditions and potential bugs.
2020-03-21 22:58:44,778 : INFO : EventManager : Unordered handler for class ConfigPlayer.event_player/events on event s_bumper_3_active with priority 300. Handlers: [RegisteredHandler(callback=<bound method ConfigPlayer.config_play_callback of ConfigPlayer.event_player/events>, priority=300, kwargs={'calling_context': 's_bumper_3_active', 'mode': <Mode.mode_manager>, 'settings': {'all_bumper': {'priority': 0}}}, key=UUID('a87e3f77-fb12-4c11-82b9-63a03fe9ceff'), condition=None, blocking_facility=None), RegisteredHandler(callback=<bound method ConfigPlayer.config_play_callback of ConfigPlayer.event_player/events>, priority=300, kwargs={'calling_context': 's_bumper_3_active', 'mode': <Mode.battle>, 'settings': {'fire_dmg_deal': {'priority': 0}, 'deal_dmg': {'priority': 0}}}, key=UUID('f90c9497-6053-4b23-90db-b8345df36814'), condition=None, blocking_facility=None)]. The order of those handlers is not defined and they will be executed in random order. This might lead to race conditions and potential bugs.
2020-03-21 22:58:44,779 : INFO : EventManager : Event: ======'mode_battle_starting'====== Args={'priority': 0}
2020-03-21 22:58:44,780 : INFO : EventManager : Event: ======'balls_in_play'====== Args={'balls': 4}
2020-03-21 22:58:44,780 : INFO : EventManager : Event: ======'balldevice_balls_available'====== Args={}
2020-03-21 22:58:44,781 : INFO : EventManager : Event: ======'balldevice_balls_available'====== Args={}
2020-03-21 22:58:44,781 : INFO : EventManager : Event: ======'balldevice_balls_available'====== Args={}
2020-03-21 22:58:44,781 : INFO : EventManager : Event: ======'multiball_battle_multiball_started'====== Args={'balls': 4}
2020-03-21 22:58:44,793 : INFO : EventManager : Event: ======'logicblock_citadel_load_counter_updated'====== Args={'value': 0, 'enabled': True}
2020-03-21 22:58:44,800 : INFO : EventManager : Event: ======'logicblock_torpedo_load_counter_updated'====== Args={'value': 0, 'enabled': True}
2020-03-21 22:58:44,800 : INFO : EventManager : Event: ======'logicblock_citadel_load_counter_updated'====== Args={'value': 0, 'enabled': True}
2020-03-21 22:58:44,802 : INFO : EventManager : Event: ======'logicblock_torpedo_load_counter_updated'====== Args={'value': 0, 'enabled': True}
2020-03-21 22:58:44,803 : INFO : Mode.battle : Started. Priority: 300
2020-03-21 22:58:44,803 : INFO : EventManager : Event: ======'mode_battle_started'====== Args={'priority': 0}
2020-03-21 22:58:44,835 : INFO : EventManager : Event: ======'balldevice_bd_trough_ball_eject_attempt'====== Args={'balls': 1, 'target': <ball_device.bd_plunger>, 'source': <ball_device.bd_trough>, 'mechanical_eject': False, 'num_attempts': 0}
2020-03-21 22:58:44,836 : INFO : ball_device.bd_trough : Ejecting ball to <ball_device.bd_plunger>
2020-03-21 22:58:44,836 : INFO : EventManager : Event: ======'balldevice_bd_trough_ejecting_ball'====== Args={'balls': 1, 'target': <ball_device.bd_plunger>, 'source': <ball_device.bd_trough>, 'mechanical_eject': False, 'num_attempts': 0}
2020-03-21 22:58:44,837 : INFO : coil.c_trough_eject : Pulsing Driver for 20ms (1.0 pulse_power)
2020-03-21 22:58:44,837 : INFO : SwitchController : <<<<<<< 's_trough2' inactive >>>>>>>
2020-03-21 22:58:44,916 : INFO : SwitchController : <<<<<<< 's_citadel_lock' inactive >>>>>>>
2020-03-21 22:58:44,937 : INFO : SwitchController : <<<<<<< 's_plunger' active >>>>>>>
2020-03-21 22:58:44,937 : INFO : EventManager : Event: ======'machine_var_audits_switches_s_plunger'====== Args={'value': 659, 'prev_value': 658, 'change': 1}
2020-03-21 22:58:45,239 : INFO : EventManager : Event: ======'balldevice_bd_plunger_ball_enter'====== Args={'new_balls': 1, 'unclaimed_balls': 0, 'new_available_balls': 0, 'device': <ball_device.bd_plunger>}
2020-03-21 22:58:45,239 : INFO : EventManager : Event: ======'balldevice_bd_plunger_ball_entered'====== Args={'new_balls': 0, 'device': <ball_device.bd_plunger>}
2020-03-21 22:58:45,240 : INFO : EventManager : Event: ======'balldevice_bd_plunger_ball_count_changed'====== Args={'balls': 1}
2020-03-21 22:58:45,240 : INFO : EventManager : Event: ======'balldevice_bd_trough_ball_eject_success'====== Args={'balls': 1, 'target': <ball_device.bd_plunger>}
2020-03-21 22:58:45,240 : INFO : EventManager : Event: ======'balldevice_bd_trough_ball_count_changed'====== Args={'balls': 3}
2020-03-21 22:58:45,241 : INFO : EventManager : Event: ======'balldevice_bd_plunger_ball_eject_attempt'====== Args={'balls': 1, 'target': <playfield.playfield>, 'source': <ball_device.bd_plunger>, 'mechanical_eject': False, 'num_attempts': 0}
2020-03-21 22:58:45,241 : INFO : ball_device.bd_plunger : Ejecting ball to <playfield.playfield>
2020-03-21 22:58:45,242 : INFO : EventManager : Event: ======'balldevice_bd_plunger_ejecting_ball'====== Args={'balls': 1, 'target': <playfield.playfield>, 'source': <ball_device.bd_plunger>, 'mechanical_eject': False, 'num_attempts': 0}
2020-03-21 22:58:45,242 : INFO : coil.c_plunger : Pulsing Driver for 10ms (1.0 pulse_power)
2020-03-21 22:58:45,242 : INFO : SwitchController : <<<<<<< 's_plunger' inactive >>>>>>>
2020-03-21 22:58:45,332 : INFO : EventManager : Event: ======'balldevice_bd_trough_ball_eject_attempt'====== Args={'balls': 1, 'target': <ball_device.bd_plunger>, 'source': <ball_device.bd_trough>, 'mechanical_eject': False, 'num_attempts': 0}
2020-03-21 22:58:46,278 : INFO : EventManager : Event: ======'magnet_citadel_magnet_grabbed_ball'====== Args={}
2020-03-21 22:58:48,343 : INFO : EventManager : Event: ======'balldevice_bd_plunger_ball_eject_success'====== Args={'balls': 1, 'target': <playfield.playfield>}
2020-03-21 22:58:48,343 : INFO : EventManager : Event: ======'balldevice_playfield_ball_enter'====== Args={'new_balls': 1, 'unclaimed_balls': 1, 'device': <playfield.playfield>}
2020-03-21 22:58:48,343 : INFO : EventManager : Event: ======'playfield_ball_count_change'====== Args={'balls': 2, 'change': 1}
2020-03-21 22:58:48,344 : INFO : EventManager : Event: ======'balldevice_bd_plunger_ball_count_changed'====== Args={'balls': 0}
2020-03-21 22:58:48,344 : INFO : ball_device.bd_trough : Ejecting ball to <ball_device.bd_plunger>
2020-03-21 22:58:48,344 : INFO : EventManager : Event: ======'balldevice_bd_trough_ejecting_ball'====== Args={'balls': 1, 'target': <ball_device.bd_plunger>, 'source': <ball_device.bd_trough>, 'mechanical_eject': False, 'num_attempts': 0}
2020-03-21 22:58:48,345 : INFO : coil.c_trough_eject : Pulsing Driver for 20ms (1.0 pulse_power)
2020-03-21 22:58:48,345 : INFO : SwitchController : <<<<<<< 's_trough3' inactive >>>>>>>
2020-03-21 22:58:48,452 : INFO : SwitchController : <<<<<<< 's_plunger' active >>>>>>>
2020-03-21 22:58:48,452 : INFO : EventManager : Event: ======'machine_var_audits_switches_s_plunger'====== Args={'value': 660, 'prev_value': 659, 'change': 1}
2020-03-21 22:58:48,755 : INFO : EventManager : Event: ======'balldevice_bd_plunger_ball_enter'====== Args={'new_balls': 1, 'unclaimed_balls': 0, 'new_available_balls': 0, 'device': <ball_device.bd_plunger>}
2020-03-21 22:58:48,756 : INFO : EventManager : Event: ======'balldevice_bd_plunger_ball_entered'====== Args={'new_balls': 0, 'device': <ball_device.bd_plunger>}
2020-03-21 22:58:48,756 : INFO : EventManager : Event: ======'balldevice_bd_plunger_ball_count_changed'====== Args={'balls': 1}
2020-03-21 22:58:48,756 : INFO : EventManager : Event: ======'balldevice_bd_trough_ball_eject_success'====== Args={'balls': 1, 'target': <ball_device.bd_plunger>}
2020-03-21 22:58:48,757 : INFO : EventManager : Event: ======'balldevice_bd_trough_ball_count_changed'====== Args={'balls': 2}
2020-03-21 22:58:48,757 : INFO : EventManager : Event: ======'balldevice_bd_plunger_ball_eject_attempt'====== Args={'balls': 1, 'target': <playfield.playfield>, 'source': <ball_device.bd_plunger>, 'mechanical_eject': False, 'num_attempts': 0}
2020-03-21 22:58:48,758 : INFO : ball_device.bd_plunger : Ejecting ball to <playfield.playfield>
2020-03-21 22:58:48,758 : INFO : EventManager : Event: ======'balldevice_bd_plunger_ejecting_ball'====== Args={'balls': 1, 'target': <playfield.playfield>, 'source': <ball_device.bd_plunger>, 'mechanical_eject': False, 'num_attempts': 0}
2020-03-21 22:58:48,759 : INFO : coil.c_plunger : Pulsing Driver for 10ms (1.0 pulse_power)
2020-03-21 22:58:48,759 : INFO : SwitchController : <<<<<<< 's_plunger' inactive >>>>>>>
2020-03-21 22:58:48,849 : INFO : EventManager : Event: ======'balldevice_bd_trough_ball_eject_attempt'====== Args={'balls': 1, 'target': <ball_device.bd_plunger>, 'source': <ball_device.bd_trough>, 'mechanical_eject': False, 'num_attempts': 0}
2020-03-21 22:58:51,872 : INFO : EventManager : Event: ======'balldevice_bd_plunger_ball_eject_success'====== Args={'balls': 1, 'target': <playfield.playfield>}
2020-03-21 22:58:51,872 : INFO : EventManager : Event: ======'balldevice_playfield_ball_enter'====== Args={'new_balls': 1, 'unclaimed_balls': 1, 'device': <playfield.playfield>}
2020-03-21 22:58:51,872 : INFO : EventManager : Event: ======'playfield_ball_count_change'====== Args={'balls': 3, 'change': 1}
2020-03-21 22:58:51,873 : INFO : EventManager : Event: ======'balldevice_bd_plunger_ball_count_changed'====== Args={'balls': 0}
2020-03-21 22:58:51,873 : INFO : ball_device.bd_trough : Ejecting ball to <ball_device.bd_plunger>
2020-03-21 22:58:51,874 : INFO : EventManager : Event: ======'balldevice_bd_trough_ejecting_ball'====== Args={'balls': 1, 'target': <ball_device.bd_plunger>, 'source': <ball_device.bd_trough>, 'mechanical_eject': False, 'num_attempts': 0}
2020-03-21 22:58:51,874 : INFO : coil.c_trough_eject : Pulsing Driver for 20ms (1.0 pulse_power)
2020-03-21 22:58:51,875 : INFO : SwitchController : <<<<<<< 's_trough4' inactive >>>>>>>
2020-03-21 22:58:51,970 : INFO : SwitchController : <<<<<<< 's_plunger' active >>>>>>>
2020-03-21 22:58:51,970 : INFO : EventManager : Event: ======'machine_var_audits_switches_s_plunger'====== Args={'value': 661, 'prev_value': 660, 'change': 1}
2020-03-21 22:58:52,268 : INFO : EventManager : Event: ======'balldevice_bd_plunger_ball_enter'====== Args={'new_balls': 1, 'unclaimed_balls': 0, 'new_available_balls': 0, 'device': <ball_device.bd_plunger>}
2020-03-21 22:58:52,268 : INFO : EventManager : Event: ======'balldevice_bd_plunger_ball_entered'====== Args={'new_balls': 0, 'device': <ball_device.bd_plunger>}
2020-03-21 22:58:52,269 : INFO : EventManager : Event: ======'balldevice_bd_plunger_ball_count_changed'====== Args={'balls': 1}
2020-03-21 22:58:52,269 : INFO : EventManager : Event: ======'balldevice_bd_trough_ball_eject_success'====== Args={'balls': 1, 'target': <ball_device.bd_plunger>}
2020-03-21 22:58:52,270 : INFO : EventManager : Event: ======'balldevice_bd_trough_ball_count_changed'====== Args={'balls': 1}
2020-03-21 22:58:52,270 : INFO : EventManager : Event: ======'balldevice_bd_plunger_ball_eject_attempt'====== Args={'balls': 1, 'target': <playfield.playfield>, 'source': <ball_device.bd_plunger>, 'mechanical_eject': False, 'num_attempts': 0}
2020-03-21 22:58:52,270 : INFO : ball_device.bd_plunger : Ejecting ball to <playfield.playfield>
2020-03-21 22:58:52,271 : INFO : EventManager : Event: ======'balldevice_bd_plunger_ejecting_ball'====== Args={'balls': 1, 'target': <playfield.playfield>, 'source': <ball_device.bd_plunger>, 'mechanical_eject': False, 'num_attempts': 0}
2020-03-21 22:58:52,271 : INFO : coil.c_plunger : Pulsing Driver for 10ms (1.0 pulse_power)
2020-03-21 22:58:52,271 : INFO : SwitchController : <<<<<<< 's_plunger' inactive >>>>>>>
2020-03-21 22:58:54,783 : INFO : EventManager : Event: ======'multiball_battle_multiball_shoot_again_ended'====== Args={}
2020-03-21 22:58:55,380 : INFO : EventManager : Event: ======'balldevice_bd_plunger_ball_eject_success'====== Args={'balls': 1, 'target': <playfield.playfield>}
2020-03-21 22:58:55,381 : INFO : EventManager : Event: ======'balldevice_playfield_ball_enter'====== Args={'new_balls': 1, 'unclaimed_balls': 1, 'device': <playfield.playfield>}
2020-03-21 22:58:55,381 : INFO : EventManager : Event: ======'playfield_ball_count_change'====== Args={'balls': 4, 'change': 1}
2020-03-21 22:58:55,381 : INFO : EventManager : Event: ======'balldevice_bd_plunger_ball_count_changed'====== Args={'balls': 0}
2020-03-21 22:58:58,486 : INFO : SwitchController : <<<<<<< 's_right_ramp_made' active >>>>>>>
2020-03-21 22:58:58,486 : INFO : EventManager : Event: ======'s_right_ramp_made_active'====== Args={}
2020-03-21 22:58:58,487 : INFO : EventManager : Event: ======'machine_var_audits_switches_s_right_ramp_made'====== Args={'value': 260, 'prev_value': 259, 'change': 1}
2020-03-21 22:58:58,488 : INFO : EventManager : Event: ======'logicblock_torpedo_load_counter_updated'====== Args={'value': 1, 'enabled': True}
2020-03-21 22:58:58,488 : INFO : EventManager : Event: ======'torpedo_load_advance'====== Args={'count': 1, 'remaining': 2}
2020-03-21 22:58:58,488 : INFO : EventManager : Event: ======'player_shot_confederate_6'====== Args={'value': 1, 'prev_value': 0, 'change': 1, 'player_num': 1}
2020-03-21 22:58:58,489 : INFO : EventManager : Event: ======'machine_var_audits_shots_confederate_6'====== Args={'value': 244, 'prev_value': 243, 'change': 1}
2020-03-21 22:58:58,489 : INFO : EventManager : Event: ======'confederate_6_hit'====== Args={'profile': 'confederate_profile', 'state': 'unlit', 'advancing': True}
2020-03-21 22:58:58,489 : INFO : EventManager : Event: ======'confederate_6_confederate_profile_hit'====== Args={'profile': 'confederate_profile', 'state': 'unlit', 'advancing': True}
2020-03-21 22:58:58,490 : INFO : EventManager : Event: ======'confederate_6_confederate_profile_unlit_hit'====== Args={'profile': 'confederate_profile', 'state': 'unlit', 'advancing': True}
2020-03-21 22:58:58,490 : INFO : EventManager : Event: ======'confederate_6_unlit_hit'====== Args={'profile': 'confederate_profile', 'state': 'unlit', 'advancing': True}
2020-03-21 22:58:58,490 : INFO : EventManager : Event: ======'player_shot_lock_lit_2'====== Args={'value': 1, 'prev_value': 0, 'change': 1, 'player_num': 1}
2020-03-21 22:58:58,499 : INFO : EventManager : Event: ======'machine_var_audits_shots_lock_lit_2'====== Args={'value': 240, 'prev_value': 239, 'change': 1}
2020-03-21 22:58:58,500 : INFO : EventManager : Event: ======'lock_lit_2_hit'====== Args={'profile': 'lock_lit_profile', 'state': 'unlit', 'advancing': True}
2020-03-21 22:58:58,500 : INFO : EventManager : Event: ======'lock_lit_2_lock_lit_profile_hit'====== Args={'profile': 'lock_lit_profile', 'state': 'unlit', 'advancing': True}
2020-03-21 22:58:58,501 : INFO : EventManager : Event: ======'lock_lit_2_lock_lit_profile_unlit_hit'====== Args={'profile': 'lock_lit_profile', 'state': 'unlit', 'advancing': True}
2020-03-21 22:58:58,501 : INFO : EventManager : Event: ======'lock_lit_2_unlit_hit'====== Args={'profile': 'lock_lit_profile', 'state': 'unlit', 'advancing': True}
2020-03-21 22:58:58,501 : INFO : EventManager : Event: ======'lock_lits_hit'====== Args={}
2020-03-21 22:58:58,501 : INFO : EventManager : Event: ======'lock_lits_unlit_hit'====== Args={}
2020-03-21 22:58:58,673 : INFO : SwitchController : <<<<<<< 's_right_ramp_made' inactive >>>>>>>
2020-03-21 22:59:05,422 : INFO : Machine : Shutting down...
2020-03-21 22:59:05,422 : INFO : EventManager : Event: ======'shutdown'====== Args={}
2020-03-21 22:59:05,425 : INFO : root : MPF run loop ended.
