2020-07-08 11:12:29,220 : kivy : Factory: 184 symbols loaded
2020-07-08 11:12:29,320 : kivy : ImageLoaderFFPy: Using ffpyplayer 4.3.1
2020-07-08 11:12:29,321 : kivy : Image: Providers: img_tex, img_dds, img_sdl2, img_pil, img_ffpyplayer, img_gif 
2020-07-08 11:12:29,364 : kivy : VideoGstplayer: Using Gstreamer 1.16.0.0
2020-07-08 11:12:29,365 : kivy : Video: Provider: gstplayer
2020-07-08 11:12:29,429 : kivy : Loading MPF-MC controller
2020-07-08 11:12:29,431 : YamlMultifileConfigLoader : Machine config file #1: config
2020-07-08 11:12:29,431 : ConfigProcessor : Config file in cache changed: E:\MPF\wows\wows\config\config
2020-07-08 11:12:29,432 : ConfigProcessor : Loading config from file c:\users\schol\appdata\local\programs\python\python36\lib\site-packages\mpfmc\mcconfig.yaml.
2020-07-08 11:12:29,468 : ConfigProcessor : Loading config: c:\users\schol\appdata\local\programs\python\python36\lib\site-packages\mpfmc\mcconfig.yaml
2020-07-08 11:12:29,468 : ConfigProcessor : Loading config from file E:\MPF\wows\wows\config\config.
2020-07-08 11:12:29,624 : ConfigProcessor : Loading config: E:\MPF\wows\wows\config\config
2020-07-08 11:12:29,625 : ConfigProcessor : Config file cache created: C:\Users\schol\AppData\Local\Temp\051200dc57c22661ccd061bb2017f3a6.mpf_cache
2020-07-08 11:12:29,626 : ConfigProcessor : Loading config from cache: C:\Users\schol\AppData\Local\Temp\d7d60495530237b374578b281bb65f31.mpf_cache
2020-07-08 11:12:29,626 : ConfigProcessor : Loading config from cache: C:\Users\schol\AppData\Local\Temp\cd9adc04f71a18563c8a43d82180f6f2.mpf_cache
2020-07-08 11:12:29,627 : ConfigProcessor : Loading config from cache: C:\Users\schol\AppData\Local\Temp\d7d60495530237b374578b281bb65f31.mpf_cache
2020-07-08 11:12:29,627 : ConfigProcessor : Loading config from cache: C:\Users\schol\AppData\Local\Temp\4bea832e3562a43fbe38f9764d71c298.mpf_cache
2020-07-08 11:12:29,628 : ConfigProcessor : Config file in cache changed: E:\MPF\wows\wows\modes\match\config\match.yaml
2020-07-08 11:12:29,628 : ConfigProcessor : Loading config from file c:\users\schol\appdata\local\programs\python\python36\lib\site-packages\mpf\modes\match\config\match.yaml.
2020-07-08 11:12:29,629 : ConfigProcessor : Loading config: c:\users\schol\appdata\local\programs\python\python36\lib\site-packages\mpf\modes\match\config\match.yaml
2020-07-08 11:12:29,629 : ConfigProcessor : Loading config from file E:\MPF\wows\wows\modes\match\config\match.yaml.
