2020-05-23 17:31:41,674 : INFO : root : Loading config.
2020-05-23 17:31:41,677 : INFO : YamlMultifileConfigLoader : Machine config file #1: config.yaml
2020-05-23 17:31:41,678 : INFO : ConfigProcessor : Loading config from cache: C:\Users\schol\AppData\Local\Temp\1ed54315bc874a19390ba34e1a0f1800.mpf_cache
2020-05-23 17:31:41,758 : INFO : ConfigProcessor : Loading config from cache: C:\Users\schol\AppData\Local\Temp\d7d60495530237b374578b281bb65f31.mpf_cache
2020-05-23 17:31:41,759 : INFO : ConfigProcessor : Loading config from cache: C:\Users\schol\AppData\Local\Temp\5c4497fcd69d1d656c4b69a28e44c490.mpf_cache
2020-05-23 17:31:41,759 : INFO : ConfigProcessor : Loading config from cache: C:\Users\schol\AppData\Local\Temp\d7d60495530237b374578b281bb65f31.mpf_cache
2020-05-23 17:31:41,760 : INFO : ConfigProcessor : Loading config from cache: C:\Users\schol\AppData\Local\Temp\dec453850496132f8dddcdfa0a36feb5.mpf_cache
2020-05-23 17:31:41,760 : INFO : ConfigProcessor : Loading config from cache: C:\Users\schol\AppData\Local\Temp\72e9fea1cb562e40024eb5e8538ccaf2.mpf_cache
2020-05-23 17:31:41,761 : INFO : ConfigProcessor : Loading config from cache: C:\Users\schol\AppData\Local\Temp\1ff29be1d22fb14fe5fd1c82a6918df4.mpf_cache
2020-05-23 17:31:41,761 : INFO : ConfigProcessor : Loading config from cache: C:\Users\schol\AppData\Local\Temp\b0de444617e3bf30a07f755a6d4831cc.mpf_cache
2020-05-23 17:31:41,762 : INFO : ConfigProcessor : Loading config from cache: C:\Users\schol\AppData\Local\Temp\200a9b2dddbe7706ffb4c4426b6d54a8.mpf_cache
2020-05-23 17:31:41,762 : INFO : ConfigProcessor : Loading config from cache: C:\Users\schol\AppData\Local\Temp\5ab98d4be1e8de85bea62364890eb2e9.mpf_cache
2020-05-23 17:31:41,763 : INFO : ConfigProcessor : Loading config from cache: C:\Users\schol\AppData\Local\Temp\4303dca7489148da2d256fc831cf8c96.mpf_cache
2020-05-23 17:31:41,763 : INFO : ConfigProcessor : Loading config from cache: C:\Users\schol\AppData\Local\Temp\e8fceecd8f65a6a7269e98c7961bbf6a.mpf_cache
2020-05-23 17:31:41,764 : INFO : ConfigProcessor : Loading config from cache: C:\Users\schol\AppData\Local\Temp\c84d6d08bf6f923cbcccfeeea02d2c8a.mpf_cache
2020-05-23 17:31:41,764 : INFO : ConfigProcessor : Loading config from cache: C:\Users\schol\AppData\Local\Temp\159a0b7ffc6de2ed1a8cdcd57b7df3c0.mpf_cache
2020-05-23 17:31:41,765 : INFO : ConfigProcessor : Loading config from cache: C:\Users\schol\AppData\Local\Temp\b1234e2c44a33609dc2af4760c4a3f89.mpf_cache
2020-05-23 17:31:41,765 : INFO : ConfigProcessor : Loading config from cache: C:\Users\schol\AppData\Local\Temp\466eddfec572894d9eb472ce07aa5fba.mpf_cache
2020-05-23 17:31:41,766 : INFO : ConfigProcessor : Loading config from cache: C:\Users\schol\AppData\Local\Temp\93429a2a8e0859f6546b68f40c2a4656.mpf_cache
2020-05-23 17:31:41,766 : INFO : ConfigProcessor : Loading config from cache: C:\Users\schol\AppData\Local\Temp\95ae88fb094583fa2b4097c6df179650.mpf_cache
2020-05-23 17:31:41,767 : WARNING : ConfigProcessor : Config file in cache changed: E:\MPF\wows\wows\modes\hc_multiball\config\hc_multiball.yaml
2020-05-23 17:31:41,767 : INFO : ConfigProcessor : Loading config from file E:\MPF\wows\wows\modes\hc_multiball\config\hc_multiball.yaml.
2020-05-23 17:31:41,808 : INFO : ConfigProcessor : Loading config: E:\MPF\wows\wows\modes\hc_multiball\config\hc_multiball.yaml
2020-05-23 17:31:41,809 : INFO : ConfigProcessor : Config file cache created: C:\Users\schol\AppData\Local\Temp\de2d3fc178b15ce3807fa4ab35b9c965.mpf_cache
2020-05-23 17:31:41,809 : INFO : ConfigProcessor : Loading config from cache: C:\Users\schol\AppData\Local\Temp\0c80ca2179989d09b86c78c19ec87d9b.mpf_cache
2020-05-23 17:31:41,810 : INFO : ConfigProcessor : Loading config from cache: C:\Users\schol\AppData\Local\Temp\95e265efe14e4eb05d8d5c5689c9ae6b.mpf_cache
2020-05-23 17:31:41,810 : INFO : ConfigProcessor : Loading config from cache: C:\Users\schol\AppData\Local\Temp\ba047bbdc168fca96d58d351c4240916.mpf_cache
2020-05-23 17:31:41,811 : INFO : ConfigProcessor : Loading config from cache: C:\Users\schol\AppData\Local\Temp\7c1900736275ba8a713cfe77e991e929.mpf_cache
2020-05-23 17:31:41,811 : INFO : ConfigProcessor : Loading config from cache: C:\Users\schol\AppData\Local\Temp\db3d1ab92e5d5c563b40d82372434517.mpf_cache
2020-05-23 17:31:41,812 : INFO : ConfigProcessor : Loading config from cache: C:\Users\schol\AppData\Local\Temp\2f89b2ab1d9f3cef79a660914b2a527a.mpf_cache
2020-05-23 17:31:41,812 : INFO : ConfigProcessor : Loading config from cache: C:\Users\schol\AppData\Local\Temp\efcf079e5af2b94e88dae4e07273acc8.mpf_cache
2020-05-23 17:31:41,813 : INFO : ConfigProcessor : Loading config from cache: C:\Users\schol\AppData\Local\Temp\09a80c6d3887bcc7b9c4580b6d9cb499.mpf_cache
2020-05-23 17:31:41,813 : INFO : ConfigProcessor : Loading config from cache: C:\Users\schol\AppData\Local\Temp\6d62665f0d27f04673542af594d4fd9b.mpf_cache
2020-05-23 17:31:41,814 : INFO : ConfigProcessor : Loading config from cache: C:\Users\schol\AppData\Local\Temp\ff8f94bde3fa94916ad1b7409fed77bd.mpf_cache
2020-05-23 17:31:41,814 : INFO : ConfigProcessor : Loading config from cache: C:\Users\schol\AppData\Local\Temp\804b9a1ad2b0368c8378a1697de79431.mpf_cache
2020-05-23 17:31:41,814 : INFO : ConfigProcessor : Loading config from cache: C:\Users\schol\AppData\Local\Temp\3f05176740ce9b1ce630d9f26057f472.mpf_cache
2020-05-23 17:31:41,815 : INFO : ConfigProcessor : Loading config from cache: C:\Users\schol\AppData\Local\Temp\d75c6855c6bfc342a42171d44ee55d0f.mpf_cache
2020-05-23 17:31:41,815 : INFO : ConfigProcessor : Loading config from cache: C:\Users\schol\AppData\Local\Temp\add867c5df761e1504adb97d6f9bf236.mpf_cache
2020-05-23 17:31:41,815 : INFO : ConfigProcessor : Loading config from cache: C:\Users\schol\AppData\Local\Temp\c03af884f77fd2edff48f1f1b29a0001.mpf_cache
2020-05-23 17:31:41,816 : INFO : ConfigProcessor : Loading config from cache: C:\Users\schol\AppData\Local\Temp\125cf4d7d8d0f7b14ac4e9b5c5fc6dd9.mpf_cache
2020-05-23 17:31:41,816 : INFO : ConfigProcessor : Loading config from cache: C:\Users\schol\AppData\Local\Temp\e98bbe1017594ac8f5dc55070bdaec1b.mpf_cache
2020-05-23 17:31:41,816 : INFO : ConfigProcessor : Loading config from cache: C:\Users\schol\AppData\Local\Temp\540f9a41a139edc7fb3c0d3fef764d79.mpf_cache
2020-05-23 17:31:41,817 : INFO : ConfigProcessor : Loading config from cache: C:\Users\schol\AppData\Local\Temp\66310f6b7da6aa9e1e12a092b4e5ea1e.mpf_cache
2020-05-23 17:31:41,817 : INFO : ConfigProcessor : Loading config from cache: C:\Users\schol\AppData\Local\Temp\e39b84c1f1807716ec310701a6bf0d73.mpf_cache
2020-05-23 17:31:41,817 : INFO : ConfigProcessor : Loading config from cache: C:\Users\schol\AppData\Local\Temp\a3a3c1b8b3198ac6ffa6b5064057ae07.mpf_cache
2020-05-23 17:31:41,818 : INFO : ConfigProcessor : Loading config from cache: C:\Users\schol\AppData\Local\Temp\4eebc146e222c8d9b7fa4d2858e69ea1.mpf_cache
2020-05-23 17:31:41,818 : INFO : ConfigProcessor : Loading config from cache: C:\Users\schol\AppData\Local\Temp\e126248c44ebfdee710b05c2b7d5fe82.mpf_cache
2020-05-23 17:31:41,819 : WARNING : ConfigProcessor : Config file in cache changed: E:\MPF\wows\wows\shows\.\sh_jackpot_1.yaml
2020-05-23 17:31:41,819 : INFO : ConfigProcessor : Loading config from file E:\MPF\wows\wows\shows\.\sh_jackpot_1.yaml.
