2020-09-07 13:34:27,751 : kivy : Factory: 184 symbols loaded
2020-09-07 13:34:28,255 : kivy : ImageLoaderFFPy: Using ffpyplayer 4.3.1
2020-09-07 13:34:28,256 : kivy : Image: Providers: img_tex, img_dds, img_sdl2, img_pil, img_ffpyplayer, img_gif 
2020-09-07 13:34:28,525 : kivy : VideoGstplayer: Using Gstreamer 1.16.0.0
2020-09-07 13:34:28,525 : kivy : Video: Provider: gstplayer
2020-09-07 13:34:28,744 : kivy : Loading MPF-MC controller
2020-09-07 13:34:28,752 : YamlMultifileConfigLoader : Machine config file #1: config
2020-09-07 13:34:28,752 : ConfigProcessor : Config file in cache changed: E:\MPF\wows\wows\config\config
2020-09-07 13:34:28,753 : ConfigProcessor : Loading config from file c:\users\schol\appdata\local\programs\python\python36\lib\site-packages\mpfmc\mcconfig.yaml.
2020-09-07 13:34:28,800 : ConfigProcessor : Loading config: c:\users\schol\appdata\local\programs\python\python36\lib\site-packages\mpfmc\mcconfig.yaml
2020-09-07 13:34:28,801 : ConfigProcessor : Loading config from file E:\MPF\wows\wows\config\config.
2020-09-07 13:34:29,079 : ConfigProcessor : Loading config: E:\MPF\wows\wows\config\config
2020-09-07 13:34:29,135 : ConfigProcessor : Loading config: E:\MPF\wows\wows\config\config_mode_support.yaml
2020-09-07 13:34:29,175 : ConfigProcessor : Loading config: E:\MPF\wows\wows\config\config_hc_support.yaml
2020-09-07 13:34:29,181 : ConfigProcessor : Config file cache created: C:\Users\schol\AppData\Local\Temp\051200dc57c22661ccd061bb2017f3a6.mpf_cache
2020-09-07 13:34:29,182 : ConfigProcessor : Loading config from cache: C:\Users\schol\AppData\Local\Temp\d7d60495530237b374578b281bb65f31.mpf_cache
2020-09-07 13:34:29,182 : ConfigProcessor : Loading config from cache: C:\Users\schol\AppData\Local\Temp\cd9adc04f71a18563c8a43d82180f6f2.mpf_cache
2020-09-07 13:34:29,183 : ConfigProcessor : Loading config from cache: C:\Users\schol\AppData\Local\Temp\d7d60495530237b374578b281bb65f31.mpf_cache
2020-09-07 13:34:29,183 : ConfigProcessor : Loading config from cache: C:\Users\schol\AppData\Local\Temp\4bea832e3562a43fbe38f9764d71c298.mpf_cache
2020-09-07 13:34:29,184 : ConfigProcessor : Loading config from cache: C:\Users\schol\AppData\Local\Temp\45b3b9aa5591eaef8a230445e70fa468.mpf_cache
2020-09-07 13:34:29,184 : ConfigProcessor : Loading config from cache: C:\Users\schol\AppData\Local\Temp\dec453850496132f8dddcdfa0a36feb5.mpf_cache
2020-09-07 13:34:29,185 : ConfigProcessor : Loading config from cache: C:\Users\schol\AppData\Local\Temp\72e9fea1cb562e40024eb5e8538ccaf2.mpf_cache
2020-09-07 13:34:29,185 : ConfigProcessor : Loading config from cache: C:\Users\schol\AppData\Local\Temp\1ff29be1d22fb14fe5fd1c82a6918df4.mpf_cache
2020-09-07 13:34:29,186 : ConfigProcessor : Loading config from cache: C:\Users\schol\AppData\Local\Temp\f0ffd5ecaddfe34035bf3b1779215a88.mpf_cache
2020-09-07 13:34:29,186 : ConfigProcessor : Loading config from cache: C:\Users\schol\AppData\Local\Temp\b0de444617e3bf30a07f755a6d4831cc.mpf_cache
2020-09-07 13:34:29,186 : ConfigProcessor : Loading config from cache: C:\Users\schol\AppData\Local\Temp\200a9b2dddbe7706ffb4c4426b6d54a8.mpf_cache
2020-09-07 13:34:29,187 : ConfigProcessor : Loading config from cache: C:\Users\schol\AppData\Local\Temp\5ab98d4be1e8de85bea62364890eb2e9.mpf_cache
2020-09-07 13:34:29,187 : ConfigProcessor : Loading config from cache: C:\Users\schol\AppData\Local\Temp\4303dca7489148da2d256fc831cf8c96.mpf_cache
2020-09-07 13:34:29,187 : ConfigProcessor : Loading config from cache: C:\Users\schol\AppData\Local\Temp\e8fceecd8f65a6a7269e98c7961bbf6a.mpf_cache
2020-09-07 13:34:29,188 : ConfigProcessor : Loading config from cache: C:\Users\schol\AppData\Local\Temp\c84d6d08bf6f923cbcccfeeea02d2c8a.mpf_cache
2020-09-07 13:34:29,188 : ConfigProcessor : Loading config from cache: C:\Users\schol\AppData\Local\Temp\159a0b7ffc6de2ed1a8cdcd57b7df3c0.mpf_cache
2020-09-07 13:34:29,188 : ConfigProcessor : Loading config from cache: C:\Users\schol\AppData\Local\Temp\b1234e2c44a33609dc2af4760c4a3f89.mpf_cache
2020-09-07 13:34:29,189 : ConfigProcessor : Loading config from cache: C:\Users\schol\AppData\Local\Temp\466eddfec572894d9eb472ce07aa5fba.mpf_cache
2020-09-07 13:34:29,190 : ConfigProcessor : Loading config from cache: C:\Users\schol\AppData\Local\Temp\93429a2a8e0859f6546b68f40c2a4656.mpf_cache
2020-09-07 13:34:29,190 : ConfigProcessor : Loading config from cache: C:\Users\schol\AppData\Local\Temp\95ae88fb094583fa2b4097c6df179650.mpf_cache
2020-09-07 13:34:29,190 : ConfigProcessor : Loading config from cache: C:\Users\schol\AppData\Local\Temp\de2d3fc178b15ce3807fa4ab35b9c965.mpf_cache
2020-09-07 13:34:29,191 : ConfigProcessor : Loading config from cache: C:\Users\schol\AppData\Local\Temp\0c80ca2179989d09b86c78c19ec87d9b.mpf_cache
2020-09-07 13:34:29,192 : ConfigProcessor : Loading config from cache: C:\Users\schol\AppData\Local\Temp\95e265efe14e4eb05d8d5c5689c9ae6b.mpf_cache
2020-09-07 13:34:29,192 : ConfigProcessor : Loading config from cache: C:\Users\schol\AppData\Local\Temp\ba047bbdc168fca96d58d351c4240916.mpf_cache
2020-09-07 13:34:29,193 : ConfigProcessor : Loading config from cache: C:\Users\schol\AppData\Local\Temp\7c1900736275ba8a713cfe77e991e929.mpf_cache
2020-09-07 13:34:29,193 : ConfigProcessor : Loading config from cache: C:\Users\schol\AppData\Local\Temp\db3d1ab92e5d5c563b40d82372434517.mpf_cache
2020-09-07 13:34:29,193 : ConfigProcessor : Loading config from cache: C:\Users\schol\AppData\Local\Temp\78980531363184480bbd7075661ced33.mpf_cache
2020-09-07 13:34:29,194 : ConfigProcessor : Loading config from cache: C:\Users\schol\AppData\Local\Temp\efcf079e5af2b94e88dae4e07273acc8.mpf_cache
2020-09-07 13:34:29,194 : mpfmc : Mission Pinball Framework Media Controller v0.54.0-dev.7
2020-09-07 13:34:29,194 : mpfmc : Mission Pinball Framework Game Engine v0.54.0-dev.33
2020-09-07 13:34:29,194 : mpfmc : Machine path: E:\MPF\wows\wows
2020-09-07 13:34:29,194 : mpfmc : Starting clock at 60.0Hz
2020-09-07 13:34:29,292 : kivy : Text: Provider: sdl2
2020-09-07 13:34:29,403 : kivy : Window: Provider: sdl2
2020-09-07 13:34:29,954 : kivy : GL: Using the "OpenGL" graphics system
2020-09-07 13:34:29,973 : kivy : GL: GLEW initialization succeeded
2020-09-07 13:34:29,974 : kivy : GL: Backend used <glew>
2020-09-07 13:34:29,975 : kivy : GL: OpenGL version <b'4.6.0 NVIDIA 442.59'>
2020-09-07 13:34:29,975 : kivy : GL: OpenGL vendor <b'NVIDIA Corporation'>
2020-09-07 13:34:29,975 : kivy : GL: OpenGL renderer <b'GeForce GTX 1060 6GB/PCIe/SSE2'>
2020-09-07 13:34:29,975 : kivy : GL: OpenGL parsed version: 4, 6
2020-09-07 13:34:29,976 : kivy : GL: Shading version <b'4.60 NVIDIA'>
2020-09-07 13:34:29,976 : kivy : GL: Texture max size <32768>
2020-09-07 13:34:29,976 : kivy : GL: Texture max units <32>
2020-09-07 13:34:30,056 : kivy : Window: auto add sdl2 input provider
2020-09-07 13:34:30,056 : kivy : Window: virtual keyboard not allowed, single mode, not docked
2020-09-07 13:34:32,138 : AudioInterface : Initialized
2020-09-07 13:34:32,142 : kivy : Base: Start application main loop
2020-09-07 13:34:32,142 : EventManager : Event: ======'display_dmd_initialized'====== Args={}
2020-09-07 13:34:32,210 : mpfmc : Display: Setting 'dmd' as default display
2020-09-07 13:34:32,250 : kivy : GL: NPOT texture support is available
2020-09-07 13:34:32,270 : EventManager : Event: ======'displays_initialized'====== Args={}
2020-09-07 13:34:32,271 : EventManager : Event: ======'slide_dmd_blank_created'====== Args={}
2020-09-07 13:34:32,271 : EventManager : Event: ======'display_dmd_ready'====== Args={}
2020-09-07 13:34:32,284 : EventManager : Event: ======'init_phase_1'====== Args={}
2020-09-07 13:34:32,290 : EventManager : Event: ======'mc_ready'====== Args={}
2020-09-07 13:34:32,290 : EventManager : Event: ======'init_phase_2'====== Args={}
2020-09-07 13:34:32,324 : EventManager : Event: ======'init_phase_3'====== Args={}
2020-09-07 13:34:32,344 : AssetManager : Registering Asset: aa_1, File: aa_1.gif, Default Group: default, Final Config: {'load': 'preload', 'file': 'E:\\MPF\\wows\\wows\\images\\aa_1.gif'}
2020-09-07 13:34:32,344 : AssetManager : Registering Asset: aa_2, File: aa_2.gif, Default Group: default, Final Config: {'load': 'preload', 'file': 'E:\\MPF\\wows\\wows\\images\\aa_2.gif'}
2020-09-07 13:34:32,344 : AssetManager : Registering Asset: aa_3, File: aa_3.gif, Default Group: default, Final Config: {'load': 'preload', 'file': 'E:\\MPF\\wows\\wows\\images\\aa_3.gif'}
2020-09-07 13:34:32,344 : AssetManager : Registering Asset: aa_4, File: aa_4.gif, Default Group: default, Final Config: {'load': 'preload', 'file': 'E:\\MPF\\wows\\wows\\images\\aa_4.gif'}
2020-09-07 13:34:32,344 : AssetManager : Registering Asset: battle_aircraft_carrier, File: battle_aircraft_carrier.png, Default Group: default, Final Config: {'load': 'preload', 'file': 'E:\\MPF\\wows\\wows\\images\\battle_aircraft_carrier.png'}
2020-09-07 13:34:32,344 : AssetManager : Registering Asset: battle_battleship, File: battle_battleship.png, Default Group: default, Final Config: {'load': 'preload', 'file': 'E:\\MPF\\wows\\wows\\images\\battle_battleship.png'}
2020-09-07 13:34:32,344 : AssetManager : Registering Asset: battle_cruiser, File: battle_cruiser.png, Default Group: default, Final Config: {'load': 'preload', 'file': 'E:\\MPF\\wows\\wows\\images\\battle_cruiser.png'}
2020-09-07 13:34:32,344 : AssetManager : Registering Asset: battle_destroyer, File: battle_destroyer.png, Default Group: default, Final Config: {'load': 'preload', 'file': 'E:\\MPF\\wows\\wows\\images\\battle_destroyer.png'}
2020-09-07 13:34:32,344 : AssetManager : Registering Asset: belso_agyu, File: belso_agyu.gif, Default Group: default, Final Config: {'load': 'preload', 'file': 'E:\\MPF\\wows\\wows\\images\\belso_agyu.gif'}
2020-09-07 13:34:32,344 : AssetManager : Registering Asset: belso_agyu_2, File: belso_agyu_2.gif, Default Group: default, Final Config: {'load': 'preload', 'file': 'E:\\MPF\\wows\\wows\\images\\belso_agyu_2.gif'}
2020-09-07 13:34:32,344 : AssetManager : Registering Asset: belso_agyu_marad, File: belso_agyu_marad.png, Default Group: default, Final Config: {'load': 'preload', 'file': 'E:\\MPF\\wows\\wows\\images\\belso_agyu_marad.png'}
2020-09-07 13:34:32,344 : AssetManager : Registering Asset: belso_agyu_marad_2, File: belso_agyu_marad_2.png, Default Group: default, Final Config: {'load': 'preload', 'file': 'E:\\MPF\\wows\\wows\\images\\belso_agyu_marad_2.png'}
2020-09-07 13:34:32,344 : AssetManager : Registering Asset: belso_felepitmeny, File: belso_felepitmeny.gif, Default Group: default, Final Config: {'load': 'preload', 'file': 'E:\\MPF\\wows\\wows\\images\\belso_felepitmeny.gif'}
2020-09-07 13:34:32,344 : AssetManager : Registering Asset: belso_felepitmeny_2, File: belso_felepitmeny_2.gif, Default Group: default, Final Config: {'load': 'preload', 'file': 'E:\\MPF\\wows\\wows\\images\\belso_felepitmeny_2.gif'}
2020-09-07 13:34:32,345 : AssetManager : Registering Asset: belso_hajotest, File: belso_hajotest.png, Default Group: default, Final Config: {'load': 'preload', 'file': 'E:\\MPF\\wows\\wows\\images\\belso_hajotest.png'}
2020-09-07 13:34:32,345 : AssetManager : Registering Asset: belso_izzo, File: belso_izzo.gif, Default Group: default, Final Config: {'load': 'preload', 'file': 'E:\\MPF\\wows\\wows\\images\\belso_izzo.gif'}
2020-09-07 13:34:32,345 : AssetManager : Registering Asset: belso_izzo_2, File: belso_izzo_2.gif, Default Group: default, Final Config: {'load': 'preload', 'file': 'E:\\MPF\\wows\\wows\\images\\belso_izzo_2.gif'}
2020-09-07 13:34:32,345 : AssetManager : Registering Asset: belso_muzzle_flash, File: belso_muzzle_flash.gif, Default Group: default, Final Config: {'load': 'preload', 'file': 'E:\\MPF\\wows\\wows\\images\\belso_muzzle_flash.gif'}
2020-09-07 13:34:32,345 : AssetManager : Registering Asset: conqueror, File: conqueror.png, Default Group: default, Final Config: {'load': 'preload', 'file': 'E:\\MPF\\wows\\wows\\images\\conqueror.png'}
2020-09-07 13:34:32,345 : AssetManager : Registering Asset: container_ball, File: container_ball.gif, Default Group: default, Final Config: {'load': 'preload', 'file': 'E:\\MPF\\wows\\wows\\images\\container_ball.gif'}
2020-09-07 13:34:32,345 : AssetManager : Registering Asset: container_ball_text, File: container_ball_text.jpg, Default Group: default, Final Config: {'load': 'preload', 'file': 'E:\\MPF\\wows\\wows\\images\\container_ball_text.jpg'}
2020-09-07 13:34:32,345 : AssetManager : Registering Asset: container_dmg, File: container_dmg.gif, Default Group: default, Final Config: {'load': 'preload', 'file': 'E:\\MPF\\wows\\wows\\images\\container_dmg.gif'}
2020-09-07 13:34:32,345 : AssetManager : Registering Asset: container_dmg_text, File: container_dmg_text.jpg, Default Group: default, Final Config: {'load': 'preload', 'file': 'E:\\MPF\\wows\\wows\\images\\container_dmg_text.jpg'}
2020-09-07 13:34:32,345 : AssetManager : Registering Asset: container_jet, File: container_jet.gif, Default Group: default, Final Config: {'load': 'preload', 'file': 'E:\\MPF\\wows\\wows\\images\\container_jet.gif'}
2020-09-07 13:34:32,345 : AssetManager : Registering Asset: container_jet_text, File: container_jet_text.jpg, Default Group: default, Final Config: {'load': 'preload', 'file': 'E:\\MPF\\wows\\wows\\images\\container_jet_text.jpg'}
2020-09-07 13:34:32,345 : AssetManager : Registering Asset: container_time, File: container_time.gif, Default Group: default, Final Config: {'load': 'preload', 'file': 'E:\\MPF\\wows\\wows\\images\\container_time.gif'}
2020-09-07 13:34:32,345 : AssetManager : Registering Asset: container_time_text, File: container_time_text.jpg, Default Group: default, Final Config: {'load': 'preload', 'file': 'E:\\MPF\\wows\\wows\\images\\container_time_text.jpg'}
2020-09-07 13:34:32,346 : AssetManager : Registering Asset: container_x, File: container_x.gif, Default Group: default, Final Config: {'load': 'preload', 'file': 'E:\\MPF\\wows\\wows\\images\\container_x.gif'}
2020-09-07 13:34:32,346 : AssetManager : Registering Asset: container_xp, File: container_xp.gif, Default Group: default, Final Config: {'load': 'preload', 'file': 'E:\\MPF\\wows\\wows\\images\\container_xp.gif'}
2020-09-07 13:34:32,346 : AssetManager : Registering Asset: container_xp_text, File: container_xp_text.jpg, Default Group: default, Final Config: {'load': 'preload', 'file': 'E:\\MPF\\wows\\wows\\images\\container_xp_text.jpg'}
2020-09-07 13:34:32,346 : AssetManager : Registering Asset: container_x_text, File: container_x_text.jpg, Default Group: default, Final Config: {'load': 'preload', 'file': 'E:\\MPF\\wows\\wows\\images\\container_x_text.jpg'}
2020-09-07 13:34:32,346 : AssetManager : Registering Asset: C_Prog100, File: C_Prog100.jpg, Default Group: default, Final Config: {'load': 'preload', 'file': 'E:\\MPF\\wows\\wows\\images\\C_Prog100.jpg'}
2020-09-07 13:34:32,346 : AssetManager : Registering Asset: daring, File: daring.png, Default Group: default, Final Config: {'load': 'preload', 'file': 'E:\\MPF\\wows\\wows\\images\\daring.png'}
2020-09-07 13:34:32,346 : AssetManager : Registering Asset: def_aa_icon, File: def_aa_icon.png, Default Group: default, Final Config: {'load': 'preload', 'file': 'E:\\MPF\\wows\\wows\\images\\def_aa_icon.png'}
2020-09-07 13:34:32,346 : AssetManager : Registering Asset: des moines, File: des moines.png, Default Group: default, Final Config: {'load': 'preload', 'file': 'E:\\MPF\\wows\\wows\\images\\des moines.png'}
2020-09-07 13:34:32,346 : AssetManager : Registering Asset: dmg_con_party_icon, File: dmg_con_party_icon.png, Default Group: default, Final Config: {'load': 'preload', 'file': 'E:\\MPF\\wows\\wows\\images\\dmg_con_party_icon.png'}
2020-09-07 13:34:32,346 : AssetManager : Registering Asset: DOUBLE JACKPOT, File: DOUBLE JACKPOT.png, Default Group: default, Final Config: {'load': 'preload', 'file': 'E:\\MPF\\wows\\wows\\images\\DOUBLE JACKPOT.png'}
2020-09-07 13:34:32,346 : AssetManager : Registering Asset: engine_icon, File: engine_icon.png, Default Group: default, Final Config: {'load': 'preload', 'file': 'E:\\MPF\\wows\\wows\\images\\engine_icon.png'}
2020-09-07 13:34:32,346 : AssetManager : Registering Asset: explosion, File: explosion.gif, Default Group: default, Final Config: {'load': 'preload', 'file': 'E:\\MPF\\wows\\wows\\images\\explosion.gif'}
2020-09-07 13:34:32,346 : AssetManager : Registering Asset: explosion_2, File: explosion_2.gif, Default Group: default, Final Config: {'load': 'preload', 'file': 'E:\\MPF\\wows\\wows\\images\\explosion_2.gif'}
2020-09-07 13:34:32,346 : AssetManager : Registering Asset: fighter_icon, File: fighter_icon.png, Default Group: default, Final Config: {'load': 'preload', 'file': 'E:\\MPF\\wows\\wows\\images\\fighter_icon.png'}
2020-09-07 13:34:32,346 : AssetManager : Registering Asset: fire, File: fire.gif, Default Group: default, Final Config: {'load': 'preload', 'file': 'E:\\MPF\\wows\\wows\\images\\fire.gif'}
2020-09-07 13:34:32,347 : AssetManager : Registering Asset: fire_2, File: fire_2.gif, Default Group: default, Final Config: {'load': 'preload', 'file': 'E:\\MPF\\wows\\wows\\images\\fire_2.gif'}
2020-09-07 13:34:32,347 : AssetManager : Registering Asset: fire_start, File: fire_start.gif, Default Group: default, Final Config: {'load': 'preload', 'file': 'E:\\MPF\\wows\\wows\\images\\fire_start.gif'}
2020-09-07 13:34:32,347 : AssetManager : Registering Asset: fire_start_2, File: fire_start_2.gif, Default Group: default, Final Config: {'load': 'preload', 'file': 'E:\\MPF\\wows\\wows\\images\\fire_start_2.gif'}
2020-09-07 13:34:32,347 : AssetManager : Registering Asset: flood, File: flood.png, Default Group: default, Final Config: {'load': 'preload', 'file': 'E:\\MPF\\wows\\wows\\images\\flood.png'}
2020-09-07 13:34:32,347 : AssetManager : Registering Asset: frozen, File: frozen.png, Default Group: default, Final Config: {'load': 'preload', 'file': 'E:\\MPF\\wows\\wows\\images\\frozen.png'}
2020-09-07 13:34:32,347 : AssetManager : Registering Asset: frozen_0, File: frozen_0.png, Default Group: default, Final Config: {'load': 'preload', 'file': 'E:\\MPF\\wows\\wows\\images\\frozen_0.png'}
2020-09-07 13:34:32,347 : AssetManager : Registering Asset: frozen_1, File: frozen_1.png, Default Group: default, Final Config: {'load': 'preload', 'file': 'E:\\MPF\\wows\\wows\\images\\frozen_1.png'}
2020-09-07 13:34:32,347 : AssetManager : Registering Asset: frozen_10, File: frozen_10.png, Default Group: default, Final Config: {'load': 'preload', 'file': 'E:\\MPF\\wows\\wows\\images\\frozen_10.png'}
2020-09-07 13:34:32,347 : AssetManager : Registering Asset: frozen_11, File: frozen_11.png, Default Group: default, Final Config: {'load': 'preload', 'file': 'E:\\MPF\\wows\\wows\\images\\frozen_11.png'}
2020-09-07 13:34:32,347 : AssetManager : Registering Asset: frozen_12, File: frozen_12.png, Default Group: default, Final Config: {'load': 'preload', 'file': 'E:\\MPF\\wows\\wows\\images\\frozen_12.png'}
2020-09-07 13:34:32,347 : AssetManager : Registering Asset: frozen_13, File: frozen_13.png, Default Group: default, Final Config: {'load': 'preload', 'file': 'E:\\MPF\\wows\\wows\\images\\frozen_13.png'}
2020-09-07 13:34:32,347 : AssetManager : Registering Asset: frozen_14, File: frozen_14.png, Default Group: default, Final Config: {'load': 'preload', 'file': 'E:\\MPF\\wows\\wows\\images\\frozen_14.png'}
2020-09-07 13:34:32,347 : AssetManager : Registering Asset: frozen_15, File: frozen_15.png, Default Group: default, Final Config: {'load': 'preload', 'file': 'E:\\MPF\\wows\\wows\\images\\frozen_15.png'}
2020-09-07 13:34:32,347 : AssetManager : Registering Asset: frozen_2, File: frozen_2.png, Default Group: default, Final Config: {'load': 'preload', 'file': 'E:\\MPF\\wows\\wows\\images\\frozen_2.png'}
2020-09-07 13:34:32,347 : AssetManager : Registering Asset: frozen_3, File: frozen_3.png, Default Group: default, Final Config: {'load': 'preload', 'file': 'E:\\MPF\\wows\\wows\\images\\frozen_3.png'}
2020-09-07 13:34:32,348 : AssetManager : Registering Asset: frozen_4, File: frozen_4.png, Default Group: default, Final Config: {'load': 'preload', 'file': 'E:\\MPF\\wows\\wows\\images\\frozen_4.png'}
2020-09-07 13:34:32,348 : AssetManager : Registering Asset: frozen_5, File: frozen_5.png, Default Group: default, Final Config: {'load': 'preload', 'file': 'E:\\MPF\\wows\\wows\\images\\frozen_5.png'}
2020-09-07 13:34:32,348 : AssetManager : Registering Asset: frozen_6, File: frozen_6.png, Default Group: default, Final Config: {'load': 'preload', 'file': 'E:\\MPF\\wows\\wows\\images\\frozen_6.png'}
2020-09-07 13:34:32,348 : AssetManager : Registering Asset: frozen_7, File: frozen_7.png, Default Group: default, Final Config: {'load': 'preload', 'file': 'E:\\MPF\\wows\\wows\\images\\frozen_7.png'}
2020-09-07 13:34:32,348 : AssetManager : Registering Asset: frozen_8, File: frozen_8.png, Default Group: default, Final Config: {'load': 'preload', 'file': 'E:\\MPF\\wows\\wows\\images\\frozen_8.png'}
2020-09-07 13:34:32,348 : AssetManager : Registering Asset: frozen_9, File: frozen_9.png, Default Group: default, Final Config: {'load': 'preload', 'file': 'E:\\MPF\\wows\\wows\\images\\frozen_9.png'}
2020-09-07 13:34:32,348 : AssetManager : Registering Asset: grosser kurfurst, File: grosser kurfurst.png, Default Group: default, Final Config: {'load': 'preload', 'file': 'E:\\MPF\\wows\\wows\\images\\grosser kurfurst.png'}
2020-09-07 13:34:32,348 : AssetManager : Registering Asset: gun_face, File: gun_face.png, Default Group: default, Final Config: {'load': 'preload', 'file': 'E:\\MPF\\wows\\wows\\images\\gun_face.png'}
2020-09-07 13:34:32,348 : AssetManager : Registering Asset: gun_side_1, File: gun_side_1.png, Default Group: default, Final Config: {'load': 'preload', 'file': 'E:\\MPF\\wows\\wows\\images\\gun_side_1.png'}
2020-09-07 13:34:32,348 : AssetManager : Registering Asset: gun_side_2, File: gun_side_2.png, Default Group: default, Final Config: {'load': 'preload', 'file': 'E:\\MPF\\wows\\wows\\images\\gun_side_2.png'}
2020-09-07 13:34:32,348 : AssetManager : Registering Asset: haragumo, File: haragumo.png, Default Group: default, Final Config: {'load': 'preload', 'file': 'E:\\MPF\\wows\\wows\\images\\haragumo.png'}
2020-09-07 13:34:32,348 : AssetManager : Registering Asset: hc_1, File: hc_1.png, Default Group: default, Final Config: {'load': 'preload', 'file': 'E:\\MPF\\wows\\wows\\images\\hc_1.png'}
2020-09-07 13:34:32,348 : AssetManager : Registering Asset: hc_2, File: hc_2.png, Default Group: default, Final Config: {'load': 'preload', 'file': 'E:\\MPF\\wows\\wows\\images\\hc_2.png'}
2020-09-07 13:34:32,348 : AssetManager : Registering Asset: hc_3, File: hc_3.png, Default Group: default, Final Config: {'load': 'preload', 'file': 'E:\\MPF\\wows\\wows\\images\\hc_3.png'}
2020-09-07 13:34:32,348 : AssetManager : Registering Asset: hc_4, File: hc_4.png, Default Group: default, Final Config: {'load': 'preload', 'file': 'E:\\MPF\\wows\\wows\\images\\hc_4.png'}
2020-09-07 13:34:32,349 : AssetManager : Registering Asset: hc_5, File: hc_5.png, Default Group: default, Final Config: {'load': 'preload', 'file': 'E:\\MPF\\wows\\wows\\images\\hc_5.png'}
2020-09-07 13:34:32,349 : AssetManager : Registering Asset: hc_6, File: hc_6.png, Default Group: default, Final Config: {'load': 'preload', 'file': 'E:\\MPF\\wows\\wows\\images\\hc_6.png'}
2020-09-07 13:34:32,349 : AssetManager : Registering Asset: hc_background, File: hc_background.jpg, Default Group: default, Final Config: {'load': 'preload', 'file': 'E:\\MPF\\wows\\wows\\images\\hc_background.jpg'}
2020-09-07 13:34:32,349 : AssetManager : Registering Asset: hc_start, File: hc_start.gif, Default Group: default, Final Config: {'load': 'preload', 'file': 'E:\\MPF\\wows\\wows\\images\\hc_start.gif'}
2020-09-07 13:34:32,349 : AssetManager : Registering Asset: hc_start_end, File: hc_start_end.jpg, Default Group: default, Final Config: {'load': 'preload', 'file': 'E:\\MPF\\wows\\wows\\images\\hc_start_end.jpg'}
2020-09-07 13:34:32,349 : AssetManager : Registering Asset: hc_super_background, File: hc_super_background.png, Default Group: default, Final Config: {'load': 'preload', 'file': 'E:\\MPF\\wows\\wows\\images\\hc_super_background.png'}
2020-09-07 13:34:32,349 : AssetManager : Registering Asset: hc_super_gun_1, File: hc_super_gun_1.gif, Default Group: default, Final Config: {'load': 'preload', 'file': 'E:\\MPF\\wows\\wows\\images\\hc_super_gun_1.gif'}
2020-09-07 13:34:32,349 : AssetManager : Registering Asset: hc_super_gun_1_2, File: hc_super_gun_1_2.gif, Default Group: default, Final Config: {'load': 'preload', 'file': 'E:\\MPF\\wows\\wows\\images\\hc_super_gun_1_2.gif'}
2020-09-07 13:34:32,349 : AssetManager : Registering Asset: hc_super_gun_2, File: hc_super_gun_2.gif, Default Group: default, Final Config: {'load': 'preload', 'file': 'E:\\MPF\\wows\\wows\\images\\hc_super_gun_2.gif'}
2020-09-07 13:34:32,349 : AssetManager : Registering Asset: hydro_icon, File: hydro_icon.png, Default Group: default, Final Config: {'load': 'preload', 'file': 'E:\\MPF\\wows\\wows\\images\\hydro_icon.png'}
2020-09-07 13:34:32,349 : AssetManager : Registering Asset: JACKPOT, File: JACKPOT.png, Default Group: default, Final Config: {'load': 'preload', 'file': 'E:\\MPF\\wows\\wows\\images\\JACKPOT.png'}
2020-09-07 13:34:32,349 : AssetManager : Registering Asset: kozep_agyu, File: kozep_agyu.gif, Default Group: default, Final Config: {'load': 'preload', 'file': 'E:\\MPF\\wows\\wows\\images\\kozep_agyu.gif'}
2020-09-07 13:34:32,349 : AssetManager : Registering Asset: kozep_agyu_2, File: kozep_agyu_2.gif, Default Group: default, Final Config: {'load': 'preload', 'file': 'E:\\MPF\\wows\\wows\\images\\kozep_agyu_2.gif'}
2020-09-07 13:34:32,349 : AssetManager : Registering Asset: kozep_agyu_marad, File: kozep_agyu_marad.png, Default Group: default, Final Config: {'load': 'preload', 'file': 'E:\\MPF\\wows\\wows\\images\\kozep_agyu_marad.png'}
2020-09-07 13:34:32,350 : AssetManager : Registering Asset: kozep_agyu_marad_2, File: kozep_agyu_marad_2.png, Default Group: default, Final Config: {'load': 'preload', 'file': 'E:\\MPF\\wows\\wows\\images\\kozep_agyu_marad_2.png'}
2020-09-07 13:34:32,350 : AssetManager : Registering Asset: kozep_felepitmeny, File: kozep_felepitmeny.gif, Default Group: default, Final Config: {'load': 'preload', 'file': 'E:\\MPF\\wows\\wows\\images\\kozep_felepitmeny.gif'}
2020-09-07 13:34:32,350 : AssetManager : Registering Asset: kozep_felepitmeny_2, File: kozep_felepitmeny_2.gif, Default Group: default, Final Config: {'load': 'preload', 'file': 'E:\\MPF\\wows\\wows\\images\\kozep_felepitmeny_2.gif'}
2020-09-07 13:34:32,350 : AssetManager : Registering Asset: kozep_hajotest, File: kozep_hajotest.png, Default Group: default, Final Config: {'load': 'preload', 'file': 'E:\\MPF\\wows\\wows\\images\\kozep_hajotest.png'}
2020-09-07 13:34:32,350 : AssetManager : Registering Asset: kozep_hajotest_2, File: kozep_hajotest_2.png, Default Group: default, Final Config: {'load': 'preload', 'file': 'E:\\MPF\\wows\\wows\\images\\kozep_hajotest_2.png'}
2020-09-07 13:34:32,350 : AssetManager : Registering Asset: kozep_izzo, File: kozep_izzo.gif, Default Group: default, Final Config: {'load': 'preload', 'file': 'E:\\MPF\\wows\\wows\\images\\kozep_izzo.gif'}
2020-09-07 13:34:32,350 : AssetManager : Registering Asset: kozep_izzo_2, File: kozep_izzo_2.gif, Default Group: default, Final Config: {'load': 'preload', 'file': 'E:\\MPF\\wows\\wows\\images\\kozep_izzo_2.gif'}
2020-09-07 13:34:32,350 : AssetManager : Registering Asset: kozep_muzzle_flash, File: kozep_muzzle_flash.gif, Default Group: default, Final Config: {'load': 'preload', 'file': 'E:\\MPF\\wows\\wows\\images\\kozep_muzzle_flash.gif'}
2020-09-07 13:34:32,350 : AssetManager : Registering Asset: kozep_muzzle_flash_2, File: kozep_muzzle_flash_2.gif, Default Group: default, Final Config: {'load': 'preload', 'file': 'E:\\MPF\\wows\\wows\\images\\kozep_muzzle_flash_2.gif'}
2020-09-07 13:34:32,350 : AssetManager : Registering Asset: kulso_agyu, File: kulso_agyu.gif, Default Group: default, Final Config: {'load': 'preload', 'file': 'E:\\MPF\\wows\\wows\\images\\kulso_agyu.gif'}
2020-09-07 13:34:32,350 : AssetManager : Registering Asset: kulso_agyu_2, File: kulso_agyu_2.gif, Default Group: default, Final Config: {'load': 'preload', 'file': 'E:\\MPF\\wows\\wows\\images\\kulso_agyu_2.gif'}
2020-09-07 13:34:32,350 : AssetManager : Registering Asset: kulso_agyu_marad, File: kulso_agyu_marad.png, Default Group: default, Final Config: {'load': 'preload', 'file': 'E:\\MPF\\wows\\wows\\images\\kulso_agyu_marad.png'}
2020-09-07 13:34:32,350 : AssetManager : Registering Asset: kulso_agyu_marad_2, File: kulso_agyu_marad_2.png, Default Group: default, Final Config: {'load': 'preload', 'file': 'E:\\MPF\\wows\\wows\\images\\kulso_agyu_marad_2.png'}
2020-09-07 13:34:32,350 : AssetManager : Registering Asset: kulso_felepitmeny, File: kulso_felepitmeny.gif, Default Group: default, Final Config: {'load': 'preload', 'file': 'E:\\MPF\\wows\\wows\\images\\kulso_felepitmeny.gif'}
2020-09-07 13:34:32,351 : AssetManager : Registering Asset: kulso_felepitmeny_2, File: kulso_felepitmeny_2.gif, Default Group: default, Final Config: {'load': 'preload', 'file': 'E:\\MPF\\wows\\wows\\images\\kulso_felepitmeny_2.gif'}
2020-09-07 13:34:32,351 : AssetManager : Registering Asset: kulso_hajotest, File: kulso_hajotest.png, Default Group: default, Final Config: {'load': 'preload', 'file': 'E:\\MPF\\wows\\wows\\images\\kulso_hajotest.png'}
2020-09-07 13:34:32,351 : AssetManager : Registering Asset: kulso_hajotest_2, File: kulso_hajotest_2.png, Default Group: default, Final Config: {'load': 'preload', 'file': 'E:\\MPF\\wows\\wows\\images\\kulso_hajotest_2.png'}
2020-09-07 13:34:32,351 : AssetManager : Registering Asset: kulso_hatso_agyu, File: kulso_hatso_agyu.png, Default Group: default, Final Config: {'load': 'preload', 'file': 'E:\\MPF\\wows\\wows\\images\\kulso_hatso_agyu.png'}
2020-09-07 13:34:32,351 : AssetManager : Registering Asset: kulso_hatso_agyu_2, File: kulso_hatso_agyu_2.png, Default Group: default, Final Config: {'load': 'preload', 'file': 'E:\\MPF\\wows\\wows\\images\\kulso_hatso_agyu_2.png'}
2020-09-07 13:34:32,351 : AssetManager : Registering Asset: kulso_izzo, File: kulso_izzo.gif, Default Group: default, Final Config: {'load': 'preload', 'file': 'E:\\MPF\\wows\\wows\\images\\kulso_izzo.gif'}
2020-09-07 13:34:32,351 : AssetManager : Registering Asset: kulso_izzo_2, File: kulso_izzo_2.gif, Default Group: default, Final Config: {'load': 'preload', 'file': 'E:\\MPF\\wows\\wows\\images\\kulso_izzo_2.gif'}
2020-09-07 13:34:32,351 : AssetManager : Registering Asset: kulso_muzzle_flash, File: kulso_muzzle_flash.gif, Default Group: default, Final Config: {'load': 'preload', 'file': 'E:\\MPF\\wows\\wows\\images\\kulso_muzzle_flash.gif'}
2020-09-07 13:34:32,351 : AssetManager : Registering Asset: kulso_muzzle_flash_2, File: kulso_muzzle_flash_2.gif, Default Group: default, Final Config: {'load': 'preload', 'file': 'E:\\MPF\\wows\\wows\\images\\kulso_muzzle_flash_2.gif'}
2020-09-07 13:34:32,351 : AssetManager : Registering Asset: main_icon, File: main_icon.png, Default Group: default, Final Config: {'load': 'preload', 'file': 'E:\\MPF\\wows\\wows\\images\\main_icon.png'}
2020-09-07 13:34:32,351 : AssetManager : Registering Asset: match, File: match.png, Default Group: default, Final Config: {'load': 'preload', 'file': 'E:\\MPF\\wows\\wows\\images\\match.png'}
2020-09-07 13:34:32,351 : AssetManager : Registering Asset: match_explosion, File: match_explosion.gif, Default Group: default, Final Config: {'load': 'preload', 'file': 'E:\\MPF\\wows\\wows\\images\\match_explosion.gif'}
2020-09-07 13:34:32,351 : AssetManager : Registering Asset: match_ship, File: match_ship.png, Default Group: default, Final Config: {'load': 'preload', 'file': 'E:\\MPF\\wows\\wows\\images\\match_ship.png'}
2020-09-07 13:34:32,351 : AssetManager : Registering Asset: mode_1_start, File: mode_1_start.gif, Default Group: default, Final Config: {'load': 'preload', 'file': 'E:\\MPF\\wows\\wows\\images\\mode_1_start.gif'}
2020-09-07 13:34:32,352 : AssetManager : Registering Asset: mode_1_start_text, File: mode_1_start_text.jpg, Default Group: default, Final Config: {'load': 'preload', 'file': 'E:\\MPF\\wows\\wows\\images\\mode_1_start_text.jpg'}
2020-09-07 13:34:32,352 : AssetManager : Registering Asset: mode_2_start, File: mode_2_start.gif, Default Group: default, Final Config: {'load': 'preload', 'file': 'E:\\MPF\\wows\\wows\\images\\mode_2_start.gif'}
2020-09-07 13:34:32,352 : AssetManager : Registering Asset: mode_2_start_text, File: mode_2_start_text.jpg, Default Group: default, Final Config: {'load': 'preload', 'file': 'E:\\MPF\\wows\\wows\\images\\mode_2_start_text.jpg'}
2020-09-07 13:34:32,352 : AssetManager : Registering Asset: mode_3_start, File: mode_3_start.gif, Default Group: default, Final Config: {'load': 'preload', 'file': 'E:\\MPF\\wows\\wows\\images\\mode_3_start.gif'}
2020-09-07 13:34:32,352 : AssetManager : Registering Asset: mode_3_start_text, File: mode_3_start_text.jpg, Default Group: default, Final Config: {'load': 'preload', 'file': 'E:\\MPF\\wows\\wows\\images\\mode_3_start_text.jpg'}
2020-09-07 13:34:32,352 : AssetManager : Registering Asset: mode_4_start, File: mode_4_start.gif, Default Group: default, Final Config: {'load': 'preload', 'file': 'E:\\MPF\\wows\\wows\\images\\mode_4_start.gif'}
2020-09-07 13:34:32,352 : AssetManager : Registering Asset: mode_4_start_text, File: mode_4_start_text.jpg, Default Group: default, Final Config: {'load': 'preload', 'file': 'E:\\MPF\\wows\\wows\\images\\mode_4_start_text.jpg'}
2020-09-07 13:34:32,352 : AssetManager : Registering Asset: mode_5_start, File: mode_5_start.gif, Default Group: default, Final Config: {'load': 'preload', 'file': 'E:\\MPF\\wows\\wows\\images\\mode_5_start.gif'}
2020-09-07 13:34:32,352 : AssetManager : Registering Asset: mode_5_start_text, File: mode_5_start_text.jpg, Default Group: default, Final Config: {'load': 'preload', 'file': 'E:\\MPF\\wows\\wows\\images\\mode_5_start_text.jpg'}
2020-09-07 13:34:32,352 : AssetManager : Registering Asset: mode_6_start, File: mode_6_start.gif, Default Group: default, Final Config: {'load': 'preload', 'file': 'E:\\MPF\\wows\\wows\\images\\mode_6_start.gif'}
2020-09-07 13:34:32,352 : AssetManager : Registering Asset: mode_6_start_text, File: mode_6_start_text.jpg, Default Group: default, Final Config: {'load': 'preload', 'file': 'E:\\MPF\\wows\\wows\\images\\mode_6_start_text.jpg'}
2020-09-07 13:34:32,352 : AssetManager : Registering Asset: mode_7_start, File: mode_7_start.gif, Default Group: default, Final Config: {'load': 'preload', 'file': 'E:\\MPF\\wows\\wows\\images\\mode_7_start.gif'}
2020-09-07 13:34:32,352 : AssetManager : Registering Asset: mode_7_start_text, File: mode_7_start_text.jpg, Default Group: default, Final Config: {'load': 'preload', 'file': 'E:\\MPF\\wows\\wows\\images\\mode_7_start_text.jpg'}
2020-09-07 13:34:32,352 : AssetManager : Registering Asset: mode_8_start, File: mode_8_start.gif, Default Group: default, Final Config: {'load': 'preload', 'file': 'E:\\MPF\\wows\\wows\\images\\mode_8_start.gif'}
2020-09-07 13:34:32,353 : AssetManager : Registering Asset: mode_8_start_text, File: mode_8_start_text.jpg, Default Group: default, Final Config: {'load': 'preload', 'file': 'E:\\MPF\\wows\\wows\\images\\mode_8_start_text.jpg'}
2020-09-07 13:34:32,353 : AssetManager : Registering Asset: mode_9_start, File: mode_9_start.gif, Default Group: default, Final Config: {'load': 'preload', 'file': 'E:\\MPF\\wows\\wows\\images\\mode_9_start.gif'}
2020-09-07 13:34:32,353 : AssetManager : Registering Asset: mode_9_start_text, File: mode_9_start_text.jpg, Default Group: default, Final Config: {'load': 'preload', 'file': 'E:\\MPF\\wows\\wows\\images\\mode_9_start_text.jpg'}
2020-09-07 13:34:32,353 : AssetManager : Registering Asset: module_engine, File: module_engine.png, Default Group: default, Final Config: {'load': 'preload', 'file': 'E:\\MPF\\wows\\wows\\images\\module_engine.png'}
2020-09-07 13:34:32,353 : AssetManager : Registering Asset: module_fire, File: module_fire.png, Default Group: default, Final Config: {'load': 'preload', 'file': 'E:\\MPF\\wows\\wows\\images\\module_fire.png'}
2020-09-07 13:34:32,353 : AssetManager : Registering Asset: module_main_battery, File: module_main_battery.png, Default Group: default, Final Config: {'load': 'preload', 'file': 'E:\\MPF\\wows\\wows\\images\\module_main_battery.png'}
2020-09-07 13:34:32,353 : AssetManager : Registering Asset: module_steering_gear, File: module_steering_gear.png, Default Group: default, Final Config: {'load': 'preload', 'file': 'E:\\MPF\\wows\\wows\\images\\module_steering_gear.png'}
2020-09-07 13:34:32,353 : AssetManager : Registering Asset: module_torpedo, File: module_torpedo.png, Default Group: default, Final Config: {'load': 'preload', 'file': 'E:\\MPF\\wows\\wows\\images\\module_torpedo.png'}
2020-09-07 13:34:32,353 : AssetManager : Registering Asset: radar_icon, File: radar_icon.png, Default Group: default, Final Config: {'load': 'preload', 'file': 'E:\\MPF\\wows\\wows\\images\\radar_icon.png'}
2020-09-07 13:34:32,353 : AssetManager : Registering Asset: repair_party_icon, File: repair_party_icon.png, Default Group: default, Final Config: {'load': 'preload', 'file': 'E:\\MPF\\wows\\wows\\images\\repair_party_icon.png'}
2020-09-07 13:34:32,353 : AssetManager : Registering Asset: sec_ap_1_shell, File: sec_ap_1_shell.gif, Default Group: default, Final Config: {'load': 'preload', 'file': 'E:\\MPF\\wows\\wows\\images\\sec_ap_1_shell.gif'}
2020-09-07 13:34:32,353 : AssetManager : Registering Asset: sec_ap_1_shell_2, File: sec_ap_1_shell_2.gif, Default Group: default, Final Config: {'load': 'preload', 'file': 'E:\\MPF\\wows\\wows\\images\\sec_ap_1_shell_2.gif'}
2020-09-07 13:34:32,353 : AssetManager : Registering Asset: sec_ap_2_shell, File: sec_ap_2_shell.gif, Default Group: default, Final Config: {'load': 'preload', 'file': 'E:\\MPF\\wows\\wows\\images\\sec_ap_2_shell.gif'}
2020-09-07 13:34:32,354 : AssetManager : Registering Asset: sec_ap_2_shell_2, File: sec_ap_2_shell_2.gif, Default Group: default, Final Config: {'load': 'preload', 'file': 'E:\\MPF\\wows\\wows\\images\\sec_ap_2_shell_2.gif'}
2020-09-07 13:34:32,354 : AssetManager : Registering Asset: sec_he_1_shell, File: sec_he_1_shell.gif, Default Group: default, Final Config: {'load': 'preload', 'file': 'E:\\MPF\\wows\\wows\\images\\sec_he_1_shell.gif'}
2020-09-07 13:34:32,354 : AssetManager : Registering Asset: sec_he_1_shell_2, File: sec_he_1_shell_2.gif, Default Group: default, Final Config: {'load': 'preload', 'file': 'E:\\MPF\\wows\\wows\\images\\sec_he_1_shell_2.gif'}
2020-09-07 13:34:32,354 : AssetManager : Registering Asset: sec_he_2_shell, File: sec_he_2_shell.gif, Default Group: default, Final Config: {'load': 'preload', 'file': 'E:\\MPF\\wows\\wows\\images\\sec_he_2_shell.gif'}
2020-09-07 13:34:32,354 : AssetManager : Registering Asset: sec_he_2_shell_2, File: sec_he_2_shell_2.gif, Default Group: default, Final Config: {'load': 'preload', 'file': 'E:\\MPF\\wows\\wows\\images\\sec_he_2_shell_2.gif'}
2020-09-07 13:34:32,354 : AssetManager : Registering Asset: shell, File: shell.gif, Default Group: default, Final Config: {'load': 'preload', 'file': 'E:\\MPF\\wows\\wows\\images\\shell.gif'}
2020-09-07 13:34:32,354 : AssetManager : Registering Asset: shell_2, File: shell_2.gif, Default Group: default, Final Config: {'load': 'preload', 'file': 'E:\\MPF\\wows\\wows\\images\\shell_2.gif'}
2020-09-07 13:34:32,354 : AssetManager : Registering Asset: shell_double, File: shell_double.gif, Default Group: default, Final Config: {'load': 'preload', 'file': 'E:\\MPF\\wows\\wows\\images\\shell_double.gif'}
2020-09-07 13:34:32,354 : AssetManager : Registering Asset: shell_double_2, File: shell_double_2.gif, Default Group: default, Final Config: {'load': 'preload', 'file': 'E:\\MPF\\wows\\wows\\images\\shell_double_2.gif'}
2020-09-07 13:34:32,354 : AssetManager : Registering Asset: shell_triple, File: shell_triple.gif, Default Group: default, Final Config: {'load': 'preload', 'file': 'E:\\MPF\\wows\\wows\\images\\shell_triple.gif'}
2020-09-07 13:34:32,354 : AssetManager : Registering Asset: shell_triple_2, File: shell_triple_2.gif, Default Group: default, Final Config: {'load': 'preload', 'file': 'E:\\MPF\\wows\\wows\\images\\shell_triple_2.gif'}
2020-09-07 13:34:32,354 : AssetManager : Registering Asset: shimakaze, File: shimakaze.png, Default Group: default, Final Config: {'load': 'preload', 'file': 'E:\\MPF\\wows\\wows\\images\\shimakaze.png'}
2020-09-07 13:34:32,354 : AssetManager : Registering Asset: shimakaze2, File: shimakaze2.jpg, Default Group: default, Final Config: {'load': 'preload', 'file': 'E:\\MPF\\wows\\wows\\images\\shimakaze2.jpg'}
2020-09-07 13:34:32,355 : AssetManager : Registering Asset: small_explosion, File: small_explosion.gif, Default Group: default, Final Config: {'load': 'preload', 'file': 'E:\\MPF\\wows\\wows\\images\\small_explosion.gif'}
2020-09-07 13:34:32,355 : AssetManager : Registering Asset: small_explosion_2, File: small_explosion_2.gif, Default Group: default, Final Config: {'load': 'preload', 'file': 'E:\\MPF\\wows\\wows\\images\\small_explosion_2.gif'}
2020-09-07 13:34:32,355 : AssetManager : Registering Asset: smokde_icon, File: smokde_icon.png, Default Group: default, Final Config: {'load': 'preload', 'file': 'E:\\MPF\\wows\\wows\\images\\smokde_icon.png'}
2020-09-07 13:34:32,355 : AssetManager : Registering Asset: stalingrad, File: stalingrad.png, Default Group: default, Final Config: {'load': 'preload', 'file': 'E:\\MPF\\wows\\wows\\images\\stalingrad.png'}
2020-09-07 13:34:32,355 : AssetManager : Registering Asset: stalingrad2, File: stalingrad2.jpg, Default Group: default, Final Config: {'load': 'preload', 'file': 'E:\\MPF\\wows\\wows\\images\\stalingrad2.jpg'}
2020-09-07 13:34:32,355 : AssetManager : Registering Asset: super, File: super.gif, Default Group: default, Final Config: {'load': 'preload', 'file': 'E:\\MPF\\wows\\wows\\images\\super.gif'}
2020-09-07 13:34:32,355 : AssetManager : Registering Asset: super_1_muzzle, File: super_1_muzzle.gif, Default Group: default, Final Config: {'load': 'preload', 'file': 'E:\\MPF\\wows\\wows\\images\\super_1_muzzle.gif'}
2020-09-07 13:34:32,355 : AssetManager : Registering Asset: super_2, File: super_2.gif, Default Group: default, Final Config: {'load': 'preload', 'file': 'E:\\MPF\\wows\\wows\\images\\super_2.gif'}
2020-09-07 13:34:32,356 : AssetManager : Registering Asset: super_2_muzzle, File: super_2_muzzle.gif, Default Group: default, Final Config: {'load': 'preload', 'file': 'E:\\MPF\\wows\\wows\\images\\super_2_muzzle.gif'}
2020-09-07 13:34:32,356 : AssetManager : Registering Asset: super_3_muzzle, File: super_3_muzzle.gif, Default Group: default, Final Config: {'load': 'preload', 'file': 'E:\\MPF\\wows\\wows\\images\\super_3_muzzle.gif'}
2020-09-07 13:34:32,356 : AssetManager : Registering Asset: take_dmg_explosion, File: take_dmg_explosion.gif, Default Group: default, Final Config: {'load': 'preload', 'file': 'E:\\MPF\\wows\\wows\\images\\take_dmg_explosion.gif'}
2020-09-07 13:34:32,356 : AssetManager : Registering Asset: take_dmg_ship, File: take_dmg_ship.png, Default Group: default, Final Config: {'load': 'preload', 'file': 'E:\\MPF\\wows\\wows\\images\\take_dmg_ship.png'}
2020-09-07 13:34:32,356 : AssetManager : Registering Asset: torpedo_icon, File: torpedo_icon.png, Default Group: default, Final Config: {'load': 'preload', 'file': 'E:\\MPF\\wows\\wows\\images\\torpedo_icon.png'}
2020-09-07 13:34:32,356 : AssetManager : Registering Asset: TRIPLE JACKPOT, File: TRIPLE JACKPOT.png, Default Group: default, Final Config: {'load': 'preload', 'file': 'E:\\MPF\\wows\\wows\\images\\TRIPLE JACKPOT.png'}
2020-09-07 13:34:32,356 : AssetManager : Registering Asset: venezia, File: venezia.png, Default Group: default, Final Config: {'load': 'preload', 'file': 'E:\\MPF\\wows\\wows\\images\\venezia.png'}
2020-09-07 13:34:32,357 : AssetManager : Registering Asset: wargaming_logo, File: wargaming_logo.png, Default Group: default, Final Config: {'load': 'preload', 'file': 'E:\\MPF\\wows\\wows\\images\\wargaming_logo.png'}
2020-09-07 13:34:32,357 : AssetManager : Registering Asset: wows_logo, File: wows_logo.png, Default Group: default, Final Config: {'load': 'preload', 'file': 'E:\\MPF\\wows\\wows\\images\\wows_logo.png'}
2020-09-07 13:34:32,357 : AssetManager : Registering Asset: yamato, File: yamato.png, Default Group: default, Final Config: {'load': 'preload', 'file': 'E:\\MPF\\wows\\wows\\images\\yamato.png'}
2020-09-07 13:34:32,365 : AssetManager : Registering Asset: battle, File: battle.wav, Default Group: music, Final Config: {'load': 'on_demand', 'track': 'music', 'file': 'E:\\MPF\\wows\\wows\\sounds\\music\\battle.wav'}
2020-09-07 13:34:32,365 : AssetManager : Registering Asset: defeat, File: defeat.wav, Default Group: music, Final Config: {'load': 'on_demand', 'track': 'music', 'file': 'E:\\MPF\\wows\\wows\\sounds\\music\\defeat.wav'}
2020-09-07 13:34:32,369 : AssetManager : Registering Asset: critical_dmg, File: critical_dmg.wav, Default Group: sfx, Final Config: {'load': 'on_demand', 'track': 'critical_dmg_track', 'simultaneous_limit': 1, 'ducking': {'target': 'music, voice, sfx', 'delay': 0, 'attack': '0.6 sec', 'attenuation': '-13db', 'release_point': '3 sec', 'release': '1 sec'}, 'file': 'E:\\MPF\\wows\\wows\\sounds\\sfx\\critical_dmg.wav'}
2020-09-07 13:34:32,370 : AssetManager : Registering Asset: enemy_shoot_19, File: enemy_shoot_19.wav, Default Group: sfx, Final Config: {'load': 'on_demand', 'track': 'sfx', 'simultaneous_limit': 1, 'volume': 0.9, 'file': 'E:\\MPF\\wows\\wows\\sounds\\sfx\\enemy_shoot_19.wav'}
2020-09-07 13:34:32,370 : AssetManager : Registering Asset: enemy_shoot_2, File: enemy_shoot_2.wav, Default Group: sfx, Final Config: {'load': 'on_demand', 'track': 'sfx', 'simultaneous_limit': 1, 'file': 'E:\\MPF\\wows\\wows\\sounds\\sfx\\enemy_shoot_2.wav'}
2020-09-07 13:34:32,370 : AssetManager : Registering Asset: enemy_shoot_22, File: enemy_shoot_22.wav, Default Group: sfx, Final Config: {'load': 'on_demand', 'track': 'sfx', 'simultaneous_limit': 1, 'file': 'E:\\MPF\\wows\\wows\\sounds\\sfx\\enemy_shoot_22.wav'}
2020-09-07 13:34:32,370 : AssetManager : Registering Asset: enemy_shoot_3, File: enemy_shoot_3.wav, Default Group: sfx, Final Config: {'load': 'on_demand', 'track': 'sfx', 'simultaneous_limit': 1, 'file': 'E:\\MPF\\wows\\wows\\sounds\\sfx\\enemy_shoot_3.wav'}
2020-09-07 13:34:32,370 : AssetManager : Registering Asset: enemy_shoot_4, File: enemy_shoot_4.wav, Default Group: sfx, Final Config: {'load': 'on_demand', 'track': 'sfx', 'simultaneous_limit': 1, 'file': 'E:\\MPF\\wows\\wows\\sounds\\sfx\\enemy_shoot_4.wav'}
2020-09-07 13:34:32,370 : AssetManager : Registering Asset: enemy_shoot_5, File: enemy_shoot_5.wav, Default Group: sfx, Final Config: {'load': 'on_demand', 'track': 'sfx', 'simultaneous_limit': 1, 'file': 'E:\\MPF\\wows\\wows\\sounds\\sfx\\enemy_shoot_5.wav'}
2020-09-07 13:34:32,370 : AssetManager : Registering Asset: far_explosion_1, File: far_explosion_1.wav, Default Group: sfx, Final Config: {'load': 'on_demand', 'track': 'sfx', 'simultaneous_limit': 1, 'volume': 0.9, 'file': 'E:\\MPF\\wows\\wows\\sounds\\sfx\\far_explosion_1.wav'}
2020-09-07 13:34:32,370 : AssetManager : Registering Asset: far_explosion_2, File: far_explosion_2.wav, Default Group: sfx, Final Config: {'load': 'on_demand', 'track': 'sfx', 'simultaneous_limit': 1, 'volume': 0.9, 'file': 'E:\\MPF\\wows\\wows\\sounds\\sfx\\far_explosion_2.wav'}
2020-09-07 13:34:32,370 : AssetManager : Registering Asset: far_explosion_3, File: far_explosion_3.wav, Default Group: sfx, Final Config: {'load': 'on_demand', 'track': 'sfx', 'simultaneous_limit': 1, 'volume': 0.9, 'file': 'E:\\MPF\\wows\\wows\\sounds\\sfx\\far_explosion_3.wav'}
2020-09-07 13:34:32,370 : AssetManager : Registering Asset: heavy_dmg, File: heavy_dmg.wav, Default Group: sfx, Final Config: {'load': 'on_demand', 'track': 'sfx', 'simultaneous_limit': 1, 'volume': 0.6, 'file': 'E:\\MPF\\wows\\wows\\sounds\\sfx\\heavy_dmg.wav'}
2020-09-07 13:34:32,370 : AssetManager : Registering Asset: ricochet_loud_7, File: ricochet_loud_7.wav, Default Group: sfx, Final Config: {'load': 'on_demand', 'track': 'sfx', 'simultaneous_limit': 1, 'volume': 0.9, 'file': 'E:\\MPF\\wows\\wows\\sounds\\sfx\\ricochet_loud_7.wav'}
2020-09-07 13:34:32,370 : AssetManager : Registering Asset: shell_arrive_2, File: shell_arrive_2.wav, Default Group: sfx, Final Config: {'load': 'on_demand', 'track': 'sfx', 'file': 'E:\\MPF\\wows\\wows\\sounds\\sfx\\shell_arrive_2.wav'}
2020-09-07 13:34:32,370 : AssetManager : Registering Asset: shell_arrive_5, File: shell_arrive_5.wav, Default Group: sfx, Final Config: {'load': 'on_demand', 'track': 'sfx', 'simultaneous_limit': 1, 'file': 'E:\\MPF\\wows\\wows\\sounds\\sfx\\shell_arrive_5.wav'}
2020-09-07 13:34:32,371 : AssetManager : Registering Asset: shell_arrive_8, File: shell_arrive_8.wav, Default Group: sfx, Final Config: {'load': 'on_demand', 'track': 'sfx', 'simultaneous_limit': 1, 'volume': 0.7, 'file': 'E:\\MPF\\wows\\wows\\sounds\\sfx\\shell_arrive_8.wav'}
2020-09-07 13:34:32,371 : AssetManager : Registering Asset: shell_exit_1, File: shell_exit_1.wav, Default Group: sfx, Final Config: {'load': 'on_demand', 'track': 'sfx', 'simultaneous_limit': 1, 'file': 'E:\\MPF\\wows\\wows\\sounds\\sfx\\shell_exit_1.wav'}
2020-09-07 13:34:32,371 : AssetManager : Registering Asset: shell_exit_3, File: shell_exit_3.wav, Default Group: sfx, Final Config: {'load': 'on_demand', 'track': 'sfx', 'simultaneous_limit': 1, 'file': 'E:\\MPF\\wows\\wows\\sounds\\sfx\\shell_exit_3.wav'}
2020-09-07 13:34:32,371 : AssetManager : Registering Asset: shoot_1, File: shoot_1.wav, Default Group: sfx, Final Config: {'load': 'on_demand', 'track': 'sfx', 'simultaneous_limit': 1, 'file': 'E:\\MPF\\wows\\wows\\sounds\\sfx\\shoot_1.wav'}
2020-09-07 13:34:32,371 : AssetManager : Registering Asset: shoot_16, File: shoot_16.wav, Default Group: sfx, Final Config: {'load': 'on_demand', 'track': 'sfx', 'simultaneous_limit': 1, 'file': 'E:\\MPF\\wows\\wows\\sounds\\sfx\\shoot_16.wav'}
2020-09-07 13:34:32,371 : AssetManager : Registering Asset: shoot_17, File: shoot_17.wav, Default Group: sfx, Final Config: {'load': 'on_demand', 'track': 'sfx', 'simultaneous_limit': 1, 'file': 'E:\\MPF\\wows\\wows\\sounds\\sfx\\shoot_17.wav'}
2020-09-07 13:34:32,371 : AssetManager : Registering Asset: shoot_18, File: shoot_18.wav, Default Group: sfx, Final Config: {'load': 'on_demand', 'track': 'sfx', 'simultaneous_limit': 1, 'file': 'E:\\MPF\\wows\\wows\\sounds\\sfx\\shoot_18.wav'}
2020-09-07 13:34:32,371 : AssetManager : Registering Asset: shoot_19, File: shoot_19.wav, Default Group: sfx, Final Config: {'load': 'on_demand', 'track': 'sfx', 'simultaneous_limit': 1, 'file': 'E:\\MPF\\wows\\wows\\sounds\\sfx\\shoot_19.wav'}
2020-09-07 13:34:32,371 : AssetManager : Registering Asset: shoot_6, File: shoot_6.wav, Default Group: sfx, Final Config: {'load': 'on_demand', 'track': 'sfx', 'simultaneous_limit': 1, 'file': 'E:\\MPF\\wows\\wows\\sounds\\sfx\\shoot_6.wav'}
2020-09-07 13:34:32,373 : AssetManager : Registering Asset: mode_1_shot_made, File: mode_1_shot_made.gif, Default Group: default, Final Config: {'load': 'preload', 'file': 'E:\\MPF\\wows\\wows\\modes\\mode_1\\images\\mode_1_shot_made.gif'}
2020-09-07 13:34:32,373 : AssetManager : Registering Asset: mode_7_shot_made, File: mode_7_shot_made.gif, Default Group: default, Final Config: {'load': 'preload', 'file': 'E:\\MPF\\wows\\wows\\modes\\mode_7\\images\\mode_7_shot_made.gif'}
2020-09-07 13:34:32,373 : AssetManager : Registering Asset: mode_5_shot_made, File: mode_5_shot_made.gif, Default Group: default, Final Config: {'load': 'preload', 'file': 'E:\\MPF\\wows\\wows\\modes\\mode_5\\images\\mode_5_shot_made.gif'}
2020-09-07 13:34:32,375 : AssetManager : Registering Asset: mode_3_shot_made, File: mode_3_shot_made.gif, Default Group: default, Final Config: {'load': 'preload', 'file': 'E:\\MPF\\wows\\wows\\modes\\mode_3\\images\\mode_3_shot_made.gif'}
2020-09-07 13:34:32,375 : AssetManager : Registering Asset: mode_8_shot_made, File: mode_8_shot_made.gif, Default Group: default, Final Config: {'load': 'preload', 'file': 'E:\\MPF\\wows\\wows\\modes\\mode_8\\images\\mode_8_shot_made.gif'}
2020-09-07 13:34:32,385 : AssetManager : Registering Asset: back_arrow_7x7, File: back_arrow_7x7.png, Default Group: default, Final Config: {'load': 'preload', 'file': 'c:\\users\\schol\\appdata\\local\\programs\\python\\python36\\lib\\site-packages\\mpf\\modes\\high_score\\images\\back_arrow_7x7.png'}
2020-09-07 13:34:32,385 : AssetManager : Registering Asset: back_arrow_7x7_selected, File: back_arrow_7x7_selected.png, Default Group: default, Final Config: {'load': 'preload', 'file': 'c:\\users\\schol\\appdata\\local\\programs\\python\\python36\\lib\\site-packages\\mpf\\modes\\high_score\\images\\back_arrow_7x7_selected.png'}
2020-09-07 13:34:32,385 : AssetManager : Registering Asset: end_11x7, File: end_11x7.png, Default Group: default, Final Config: {'load': 'preload', 'file': 'c:\\users\\schol\\appdata\\local\\programs\\python\\python36\\lib\\site-packages\\mpf\\modes\\high_score\\images\\end_11x7.png'}
2020-09-07 13:34:32,386 : AssetManager : Registering Asset: end_11x7_selected, File: end_11x7_selected.png, Default Group: default, Final Config: {'load': 'preload', 'file': 'c:\\users\\schol\\appdata\\local\\programs\\python\\python36\\lib\\site-packages\\mpf\\modes\\high_score\\images\\end_11x7_selected.png'}
2020-09-07 13:34:32,386 : AssetManager : Registering Asset: mode_6_shot_made, File: mode_6_shot_made.gif, Default Group: default, Final Config: {'load': 'preload', 'file': 'E:\\MPF\\wows\\wows\\modes\\mode_6\\images\\mode_6_shot_made.gif'}
2020-09-07 13:34:32,387 : AssetManager : Registering Asset: mode_9_shot_made, File: mode_9_shot_made.gif, Default Group: default, Final Config: {'load': 'preload', 'file': 'E:\\MPF\\wows\\wows\\modes\\mode_9\\images\\mode_9_shot_made.gif'}
2020-09-07 13:34:32,388 : AssetManager : Registering Asset: mode_4_shot_made, File: mode_4_shot_made.gif, Default Group: default, Final Config: {'load': 'preload', 'file': 'E:\\MPF\\wows\\wows\\modes\\mode_4\\images\\mode_4_shot_made.gif'}
2020-09-07 13:34:32,389 : EventManager : Event: ======'init_phase_4'====== Args={}
2020-09-07 13:34:32,389 : EventManager : Event: ======'init_phase_5'====== Args={}
2020-09-07 13:34:32,405 : EventManager : Event: ======'loading_assets'====== Args={'total': 184, 'loaded': 1, 'remaining': 183, 'percent': 1}
2020-09-07 13:34:32,405 : AssetManager : Loading assets: 1/184 (1%)
2020-09-07 13:34:32,613 : EventManager : Event: ======'loading_assets'====== Args={'total': 184, 'loaded': 15, 'remaining': 169, 'percent': 8}
2020-09-07 13:34:32,613 : AssetManager : Loading assets: 15/184 (8%)
2020-09-07 13:34:32,829 : EventManager : Event: ======'loading_assets'====== Args={'total': 184, 'loaded': 44, 'remaining': 140, 'percent': 24}
2020-09-07 13:34:32,829 : AssetManager : Loading assets: 44/184 (24%)
2020-09-07 13:34:33,029 : EventManager : Event: ======'loading_assets'====== Args={'total': 184, 'loaded': 82, 'remaining': 102, 'percent': 45}
2020-09-07 13:34:33,029 : AssetManager : Loading assets: 82/184 (45%)
2020-09-07 13:34:33,246 : EventManager : Event: ======'loading_assets'====== Args={'total': 184, 'loaded': 109, 'remaining': 75, 'percent': 59}
2020-09-07 13:34:33,246 : AssetManager : Loading assets: 109/184 (59%)
2020-09-07 13:34:33,445 : EventManager : Event: ======'loading_assets'====== Args={'total': 184, 'loaded': 122, 'remaining': 62, 'percent': 66}
2020-09-07 13:34:33,445 : AssetManager : Loading assets: 122/184 (66%)
2020-09-07 13:34:33,662 : EventManager : Event: ======'loading_assets'====== Args={'total': 184, 'loaded': 149, 'remaining': 35, 'percent': 81}
2020-09-07 13:34:33,663 : AssetManager : Loading assets: 149/184 (81%)
2020-09-07 13:34:33,896 : EventManager : Event: ======'loading_assets'====== Args={'total': 184, 'loaded': 169, 'remaining': 15, 'percent': 92}
2020-09-07 13:34:33,896 : AssetManager : Loading assets: 169/184 (92%)
2020-09-07 13:34:33,962 : EventManager : Event: ======'loading_assets'====== Args={'total': 184, 'loaded': 184, 'remaining': 0, 'percent': 100}
2020-09-07 13:34:33,962 : AssetManager : Asset loading took: 1.8222503662109375
2020-09-07 13:34:33,962 : EventManager : Event: ======'asset_loading_complete'====== Args={}
2020-09-07 13:34:33,962 : AssetManager : Loading assets: 184/184 (100%)
2020-09-07 13:34:33,962 : EventManager : Event: ======'init_done'====== Args={}
2020-09-07 13:34:33,962 : MPF-MC BCP Server : Starting up on localhost port 5050
2020-09-07 13:34:33,966 : MPF-MC BCP Server : Waiting for a connection...
2020-09-07 13:34:33,978 : EventManager : Event: ======'client_disconnected'====== Args={'host': '127.0.0.1', 'port': 5050}
2020-09-07 13:34:35,297 : MPF-MC BCP Server : Received connection from: 127.0.0.1:51138
2020-09-07 13:34:35,312 : EventManager : Event: ======'client_connected'====== Args={'host': '127.0.0.1', 'port': 51138}
2020-09-07 13:34:35,312 : mpfmc : Initializing DMD
2020-09-07 13:34:35,324 : mpfmc : Setting DMD to 30fps
2020-09-07 13:34:35,429 : EventManager : Event: ======'machine_var_credits_string'====== Args={'value': 'FREE PLAY', 'prev_value': None, 'change': True}
2020-09-07 13:34:35,429 : EventManager : Event: ======'machine_var_player1_score'====== Args={'value': 0, 'prev_value': None, 'change': True}
2020-09-07 13:34:35,429 : EventManager : Event: ======'machine_var_mpf_version'====== Args={'value': 'MPF v0.54.0-dev.33', 'prev_value': None, 'change': True}
2020-09-07 13:34:35,429 : EventManager : Event: ======'machine_var_mpf_extended_version'====== Args={'value': 'MPF v0.54.0-dev.33, Config version:5, Show version: 5, BCP version:1.1', 'prev_value': None, 'change': True}
2020-09-07 13:34:35,429 : EventManager : Event: ======'machine_var_python_version'====== Args={'value': '3.6.4', 'prev_value': None, 'change': True}
2020-09-07 13:34:35,429 : EventManager : Event: ======'machine_var_platform'====== Args={'value': 'Windows-10-10.0.18362-SP0', 'prev_value': None, 'change': True}
2020-09-07 13:34:35,429 : EventManager : Event: ======'machine_var_platform_system'====== Args={'value': 'Windows', 'prev_value': None, 'change': True}
2020-09-07 13:34:35,429 : EventManager : Event: ======'machine_var_platform_release'====== Args={'value': '10', 'prev_value': None, 'change': True}
2020-09-07 13:34:35,429 : EventManager : Event: ======'machine_var_platform_version'====== Args={'value': '10.0.18362', 'prev_value': None, 'change': True}
2020-09-07 13:34:35,429 : EventManager : Event: ======'machine_var_platform_machine'====== Args={'value': 'AMD64', 'prev_value': None, 'change': True}
2020-09-07 13:34:35,429 : EventManager : Event: ======'machine_var_score1_label'====== Args={'value': 'GRAND ADMIRAL', 'prev_value': None, 'change': True}
2020-09-07 13:34:35,430 : EventManager : Event: ======'machine_var_score1_name'====== Args={'value': 'SBA', 'prev_value': None, 'change': True}
2020-09-07 13:34:35,430 : EventManager : Event: ======'machine_var_score1_value'====== Args={'value': 1000000000, 'prev_value': None, 'change': True}
2020-09-07 13:34:35,430 : EventManager : Event: ======'machine_var_score2_label'====== Args={'value': 'ADMIRAL 1', 'prev_value': None, 'change': True}
2020-09-07 13:34:35,430 : EventManager : Event: ======'machine_var_score2_name'====== Args={'value': 'OCP', 'prev_value': None, 'change': True}
2020-09-07 13:34:35,430 : EventManager : Event: ======'machine_var_score2_value'====== Args={'value': 900000000, 'prev_value': None, 'change': True}
2020-09-07 13:34:35,430 : EventManager : Event: ======'machine_var_score3_label'====== Args={'value': 'ADMIRAL 2', 'prev_value': None, 'change': True}
2020-09-07 13:34:35,430 : EventManager : Event: ======'machine_var_score3_name'====== Args={'value': 'AND', 'prev_value': None, 'change': True}
2020-09-07 13:34:35,430 : EventManager : Event: ======'machine_var_score3_value'====== Args={'value': 800000000, 'prev_value': None, 'change': True}
2020-09-07 13:34:35,430 : EventManager : Event: ======'machine_var_score4_label'====== Args={'value': 'ADMIRAL 3', 'prev_value': None, 'change': True}
2020-09-07 13:34:35,430 : EventManager : Event: ======'machine_var_score4_name'====== Args={'value': 'W G', 'prev_value': None, 'change': True}
2020-09-07 13:34:35,430 : EventManager : Event: ======'machine_var_score4_value'====== Args={'value': 700000000, 'prev_value': None, 'change': True}
2020-09-07 13:34:35,430 : EventManager : Event: ======'machine_var_score5_label'====== Args={'value': 'ADMIRAL 4', 'prev_value': None, 'change': True}
2020-09-07 13:34:35,430 : EventManager : Event: ======'machine_var_score5_name'====== Args={'value': 'WOW', 'prev_value': None, 'change': True}
2020-09-07 13:34:35,431 : EventManager : Event: ======'machine_var_score5_value'====== Args={'value': 600000000, 'prev_value': None, 'change': True}
2020-09-07 13:34:35,431 : EventManager : Event: ======'machine_var_mc_version'====== Args={'value': 'MPF-MC v0.54.0-dev.7', 'prev_value': None, 'change': True}
2020-09-07 13:34:35,431 : EventManager : Event: ======'machine_var_mc_extended_version'====== Args={'value': 'MPF-MC v0.54.0-dev.7 (config_version=5, BCP v1.1, Requires MPF v0.54.0-dev.0)', 'prev_value': None, 'change': True}
2020-09-07 13:34:35,431 : EventManager : Event: ======'machine_var_master_volume'====== Args={'value': 0.75, 'prev_value': None, 'change': True}
2020-09-07 13:34:35,462 : EventManager : Event: ======'machine_var_audits_events_game_ended'====== Args={'value': 1, 'prev_value': None, 'change': True}
2020-09-07 13:34:35,462 : EventManager : Event: ======'machine_var_audits_events_game_started'====== Args={'value': 653, 'prev_value': None, 'change': True}
2020-09-07 13:34:35,462 : EventManager : Event: ======'machine_var_audits_player_score'====== Args={'value': {'average': 0.0, 'top': [0], 'total': 1}, 'prev_value': None, 'change': True}
2020-09-07 13:34:35,462 : EventManager : Event: ======'machine_var_audits_shots_battle_shot'====== Args={'value': 66, 'prev_value': None, 'change': True}
2020-09-07 13:34:35,462 : EventManager : Event: ======'machine_var_audits_shots_confederate_1'====== Args={'value': 12, 'prev_value': None, 'change': True}
2020-09-07 13:34:35,462 : EventManager : Event: ======'machine_var_audits_shots_confederate_2'====== Args={'value': 208, 'prev_value': None, 'change': True}
2020-09-07 13:34:35,462 : EventManager : Event: ======'machine_var_audits_shots_confederate_3'====== Args={'value': 90, 'prev_value': None, 'change': True}
2020-09-07 13:34:35,463 : EventManager : Event: ======'machine_var_audits_shots_confederate_4'====== Args={'value': 27, 'prev_value': None, 'change': True}
2020-09-07 13:34:35,463 : EventManager : Event: ======'machine_var_audits_shots_confederate_5'====== Args={'value': 10, 'prev_value': None, 'change': True}
2020-09-07 13:34:35,463 : EventManager : Event: ======'machine_var_audits_shots_confederate_6'====== Args={'value': 255, 'prev_value': None, 'change': True}
2020-09-07 13:34:35,463 : EventManager : Event: ======'machine_var_audits_shots_detonation'====== Args={'value': 42, 'prev_value': None, 'change': True}
2020-09-07 13:34:35,463 : EventManager : Event: ======'machine_var_audits_shots_detonation_lit'====== Args={'value': 145, 'prev_value': None, 'change': True}
2020-09-07 13:34:35,463 : EventManager : Event: ======'machine_var_audits_shots_dmg_con_1'====== Args={'value': 80, 'prev_value': None, 'change': True}
2020-09-07 13:34:35,463 : EventManager : Event: ======'machine_var_audits_shots_dmg_con_2'====== Args={'value': 97, 'prev_value': None, 'change': True}
2020-09-07 13:34:35,463 : EventManager : Event: ======'machine_var_audits_shots_dmg_con_3'====== Args={'value': 66, 'prev_value': None, 'change': True}
2020-09-07 13:34:35,463 : EventManager : Event: ======'machine_var_audits_shots_dmg_con_4'====== Args={'value': 67, 'prev_value': None, 'change': True}
2020-09-07 13:34:35,464 : EventManager : Event: ======'machine_var_audits_shots_dmg_con_5'====== Args={'value': 66, 'prev_value': None, 'change': True}
2020-09-07 13:34:35,464 : EventManager : Event: ======'machine_var_audits_shots_dmg_con_6'====== Args={'value': 69, 'prev_value': None, 'change': True}
2020-09-07 13:34:35,464 : EventManager : Event: ======'machine_var_audits_shots_dmg_con_add_time_1'====== Args={'value': 4, 'prev_value': None, 'change': True}
2020-09-07 13:34:35,464 : EventManager : Event: ======'machine_var_audits_shots_dmg_con_add_time_2'====== Args={'value': 8, 'prev_value': None, 'change': True}
2020-09-07 13:34:35,464 : EventManager : Event: ======'machine_var_audits_shots_dmg_con_add_time_3'====== Args={'value': 2, 'prev_value': None, 'change': True}
2020-09-07 13:34:35,464 : EventManager : Event: ======'machine_var_audits_shots_dmg_con_add_time_4'====== Args={'value': 1, 'prev_value': None, 'change': True}
2020-09-07 13:34:35,464 : EventManager : Event: ======'machine_var_audits_shots_jackpot_1'====== Args={'value': 75, 'prev_value': None, 'change': True}
2020-09-07 13:34:35,464 : EventManager : Event: ======'machine_var_audits_shots_jackpot_2'====== Args={'value': 87, 'prev_value': None, 'change': True}
2020-09-07 13:34:35,464 : EventManager : Event: ======'machine_var_audits_shots_jackpot_3'====== Args={'value': 90, 'prev_value': None, 'change': True}
2020-09-07 13:34:35,464 : EventManager : Event: ======'machine_var_audits_shots_jackpot_4'====== Args={'value': 40, 'prev_value': None, 'change': True}
2020-09-07 13:34:35,464 : EventManager : Event: ======'machine_var_audits_shots_jackpot_5'====== Args={'value': 42, 'prev_value': None, 'change': True}
2020-09-07 13:34:35,465 : EventManager : Event: ======'machine_var_audits_shots_jackpot_6'====== Args={'value': 46, 'prev_value': None, 'change': True}
2020-09-07 13:34:35,465 : EventManager : Event: ======'machine_var_audits_shots_lane_A'====== Args={'value': 84, 'prev_value': None, 'change': True}
2020-09-07 13:34:35,465 : EventManager : Event: ======'machine_var_audits_shots_lane_B'====== Args={'value': 87, 'prev_value': None, 'change': True}
2020-09-07 13:34:35,465 : EventManager : Event: ======'machine_var_audits_shots_lane_C'====== Args={'value': 155, 'prev_value': None, 'change': True}
2020-09-07 13:34:35,465 : EventManager : Event: ======'machine_var_audits_shots_lane_D'====== Args={'value': 227, 'prev_value': None, 'change': True}
2020-09-07 13:34:35,465 : EventManager : Event: ======'machine_var_audits_shots_lane_E'====== Args={'value': 94, 'prev_value': None, 'change': True}
2020-09-07 13:34:35,465 : EventManager : Event: ======'machine_var_audits_shots_lock_lit_1'====== Args={'value': 880, 'prev_value': None, 'change': True}
2020-09-07 13:34:35,465 : EventManager : Event: ======'machine_var_audits_shots_lock_lit_2'====== Args={'value': 934, 'prev_value': None, 'change': True}
2020-09-07 13:34:35,465 : EventManager : Event: ======'machine_var_audits_shots_ricochet_1'====== Args={'value': 70, 'prev_value': None, 'change': True}
2020-09-07 13:34:35,465 : EventManager : Event: ======'machine_var_audits_shots_ricochet_2'====== Args={'value': 448, 'prev_value': None, 'change': True}
2020-09-07 13:34:35,465 : EventManager : Event: ======'machine_var_audits_shots_ricochet_3'====== Args={'value': 59, 'prev_value': None, 'change': True}
2020-09-07 13:34:35,465 : EventManager : Event: ======'machine_var_audits_shots_ricochet_4'====== Args={'value': 11, 'prev_value': None, 'change': True}
2020-09-07 13:34:35,466 : EventManager : Event: ======'machine_var_audits_shots_ricochet_5'====== Args={'value': 3, 'prev_value': None, 'change': True}
2020-09-07 13:34:35,466 : EventManager : Event: ======'machine_var_audits_switches_s_bumper_1'====== Args={'value': 361, 'prev_value': None, 'change': True}
2020-09-07 13:34:35,466 : EventManager : Event: ======'machine_var_audits_switches_s_bumper_2'====== Args={'value': 179, 'prev_value': None, 'change': True}
2020-09-07 13:34:35,466 : EventManager : Event: ======'machine_var_audits_switches_s_bumper_3'====== Args={'value': 22, 'prev_value': None, 'change': True}
2020-09-07 13:34:35,466 : EventManager : Event: ======'machine_var_audits_switches_s_center_ramp'====== Args={'value': 97, 'prev_value': None, 'change': True}
2020-09-07 13:34:35,466 : EventManager : Event: ======'machine_var_audits_switches_s_citadel'====== Args={'value': 22, 'prev_value': None, 'change': True}
2020-09-07 13:34:35,466 : EventManager : Event: ======'machine_var_audits_switches_s_citadel_lock'====== Args={'value': 203, 'prev_value': None, 'change': True}
2020-09-07 13:34:35,466 : EventManager : Event: ======'machine_var_audits_switches_s_detonation'====== Args={'value': 145, 'prev_value': None, 'change': True}
2020-09-07 13:34:35,466 : EventManager : Event: ======'machine_var_audits_switches_s_detonation_lit'====== Args={'value': 0, 'prev_value': None, 'change': True}
2020-09-07 13:34:35,466 : EventManager : Event: ======'machine_var_audits_switches_s_dmg_1'====== Args={'value': 2213, 'prev_value': None, 'change': True}
2020-09-07 13:34:35,467 : EventManager : Event: ======'machine_var_audits_switches_s_dmg_2'====== Args={'value': 60, 'prev_value': None, 'change': True}
2020-09-07 13:34:35,467 : EventManager : Event: ======'machine_var_audits_switches_s_dmg_3'====== Args={'value': 17, 'prev_value': None, 'change': True}
2020-09-07 13:34:35,467 : EventManager : Event: ======'machine_var_audits_switches_s_dmg_4'====== Args={'value': 17, 'prev_value': None, 'change': True}
2020-09-07 13:34:35,467 : EventManager : Event: ======'machine_var_audits_switches_s_dmg_5'====== Args={'value': 22, 'prev_value': None, 'change': True}
2020-09-07 13:34:35,467 : EventManager : Event: ======'machine_var_audits_switches_s_dmg_6'====== Args={'value': 139, 'prev_value': None, 'change': True}
2020-09-07 13:34:35,467 : EventManager : Event: ======'machine_var_audits_switches_s_dmg_7'====== Args={'value': 293, 'prev_value': None, 'change': True}
2020-09-07 13:34:35,467 : EventManager : Event: ======'machine_var_audits_switches_s_drop_target'====== Args={'value': 1604, 'prev_value': None, 'change': True}
2020-09-07 13:34:35,467 : EventManager : Event: ======'machine_var_audits_switches_s_jet_hole'====== Args={'value': 0, 'prev_value': None, 'change': True}
2020-09-07 13:34:35,467 : EventManager : Event: ======'machine_var_audits_switches_s_jet_lane'====== Args={'value': 1, 'prev_value': None, 'change': True}
2020-09-07 13:34:35,467 : EventManager : Event: ======'machine_var_audits_switches_s_kickback'====== Args={'value': 0, 'prev_value': None, 'change': True}
2020-09-07 13:34:35,479 : EventManager : Event: ======'machine_var_audits_switches_s_kickback_target_1'====== Args={'value': 0, 'prev_value': None, 'change': True}
2020-09-07 13:34:35,479 : EventManager : Event: ======'machine_var_audits_switches_s_kickback_target_2'====== Args={'value': 0, 'prev_value': None, 'change': True}
2020-09-07 13:34:35,479 : EventManager : Event: ======'machine_var_audits_switches_s_kickback_target_3'====== Args={'value': 4, 'prev_value': None, 'change': True}
2020-09-07 13:34:35,479 : EventManager : Event: ======'machine_var_audits_switches_s_kickback_terget_1'====== Args={'value': 0, 'prev_value': None, 'change': True}
2020-09-07 13:34:35,479 : EventManager : Event: ======'machine_var_audits_switches_s_left_flipper'====== Args={'value': 770, 'prev_value': None, 'change': True}
2020-09-07 13:34:35,479 : EventManager : Event: ======'machine_var_audits_switches_s_left_hole'====== Args={'value': 0, 'prev_value': None, 'change': True}
2020-09-07 13:34:35,479 : EventManager : Event: ======'machine_var_audits_switches_s_left_inlane'====== Args={'value': 155, 'prev_value': None, 'change': True}
2020-09-07 13:34:35,480 : EventManager : Event: ======'machine_var_audits_switches_s_left_loop_made'====== Args={'value': 150, 'prev_value': None, 'change': True}
2020-09-07 13:34:35,480 : EventManager : Event: ======'machine_var_audits_switches_s_left_loop_pre'====== Args={'value': 4, 'prev_value': None, 'change': True}
2020-09-07 13:34:35,480 : EventManager : Event: ======'machine_var_audits_switches_s_left_mid_inlane'====== Args={'value': 87, 'prev_value': None, 'change': True}
2020-09-07 13:34:35,480 : EventManager : Event: ======'machine_var_audits_switches_s_left_outlane'====== Args={'value': 84, 'prev_value': None, 'change': True}
2020-09-07 13:34:35,480 : EventManager : Event: ======'machine_var_audits_switches_s_left_ramp_made'====== Args={'value': 1178, 'prev_value': None, 'change': True}
2020-09-07 13:34:35,480 : EventManager : Event: ======'machine_var_audits_switches_s_left_ramp_pre'====== Args={'value': 204, 'prev_value': None, 'change': True}
2020-09-07 13:34:35,480 : EventManager : Event: ======'machine_var_audits_switches_s_left_slingshot'====== Args={'value': 4, 'prev_value': None, 'change': True}
2020-09-07 13:34:35,480 : EventManager : Event: ======'machine_var_audits_switches_s_lock_1'====== Args={'value': 363, 'prev_value': None, 'change': True}
2020-09-07 13:34:35,495 : EventManager : Event: ======'machine_var_audits_switches_s_lock_2'====== Args={'value': 375, 'prev_value': None, 'change': True}
2020-09-07 13:34:35,495 : EventManager : Event: ======'machine_var_audits_switches_s_lock_3'====== Args={'value': 458, 'prev_value': None, 'change': True}
2020-09-07 13:34:35,495 : EventManager : Event: ======'machine_var_audits_switches_s_magnet_switch'====== Args={'value': 0, 'prev_value': None, 'change': True}
2020-09-07 13:34:35,496 : EventManager : Event: ======'machine_var_audits_switches_s_main_hole'====== Args={'value': 487, 'prev_value': None, 'change': True}
2020-09-07 13:34:35,496 : EventManager : Event: ======'machine_var_audits_switches_s_pen_1'====== Args={'value': 24, 'prev_value': None, 'change': True}
2020-09-07 13:34:35,496 : EventManager : Event: ======'machine_var_audits_switches_s_pen_2'====== Args={'value': 36, 'prev_value': None, 'change': True}
2020-09-07 13:34:35,496 : EventManager : Event: ======'machine_var_audits_switches_s_pen_3'====== Args={'value': 112, 'prev_value': None, 'change': True}
2020-09-07 13:34:35,496 : EventManager : Event: ======'machine_var_audits_switches_s_pen_4'====== Args={'value': 5, 'prev_value': None, 'change': True}
2020-09-07 13:34:35,496 : EventManager : Event: ======'machine_var_audits_switches_s_pen_5'====== Args={'value': 2, 'prev_value': None, 'change': True}
2020-09-07 13:34:35,496 : EventManager : Event: ======'machine_var_audits_switches_s_pen_6'====== Args={'value': 8, 'prev_value': None, 'change': True}
2020-09-07 13:34:35,512 : EventManager : Event: ======'machine_var_audits_switches_s_plunger'====== Args={'value': 2568, 'prev_value': None, 'change': True}
2020-09-07 13:34:35,512 : EventManager : Event: ======'machine_var_audits_switches_s_plunger_button'====== Args={'value': 2, 'prev_value': None, 'change': True}
2020-09-07 13:34:35,512 : EventManager : Event: ======'machine_var_audits_switches_s_ricochet_1'====== Args={'value': 94, 'prev_value': None, 'change': True}
2020-09-07 13:34:35,512 : EventManager : Event: ======'machine_var_audits_switches_s_ricochet_2'====== Args={'value': 455, 'prev_value': None, 'change': True}
2020-09-07 13:34:35,512 : EventManager : Event: ======'machine_var_audits_switches_s_ricochet_3'====== Args={'value': 61, 'prev_value': None, 'change': True}
2020-09-07 13:34:35,512 : EventManager : Event: ======'machine_var_audits_switches_s_ricochet_4'====== Args={'value': 16, 'prev_value': None, 'change': True}
2020-09-07 13:34:35,513 : EventManager : Event: ======'machine_var_audits_switches_s_ricochet_5'====== Args={'value': 8, 'prev_value': None, 'change': True}
2020-09-07 13:34:35,513 : EventManager : Event: ======'machine_var_audits_switches_s_right_flipper'====== Args={'value': 2286, 'prev_value': None, 'change': True}
2020-09-07 13:34:35,513 : EventManager : Event: ======'machine_var_audits_switches_s_right_hole'====== Args={'value': 26, 'prev_value': None, 'change': True}
2020-09-07 13:34:35,513 : EventManager : Event: ======'machine_var_audits_switches_s_right_inlane'====== Args={'value': 229, 'prev_value': None, 'change': True}
2020-09-07 13:34:35,513 : EventManager : Event: ======'machine_var_audits_switches_s_right_loop_made'====== Args={'value': 5, 'prev_value': None, 'change': True}
2020-09-07 13:34:35,513 : EventManager : Event: ======'machine_var_audits_switches_s_right_loop_pre'====== Args={'value': 5, 'prev_value': None, 'change': True}
2020-09-07 13:34:35,513 : EventManager : Event: ======'machine_var_audits_switches_s_right_outlane'====== Args={'value': 96, 'prev_value': None, 'change': True}
2020-09-07 13:34:35,513 : EventManager : Event: ======'machine_var_audits_switches_s_right_ramp_made'====== Args={'value': 1070, 'prev_value': None, 'change': True}
2020-09-07 13:34:35,513 : EventManager : Event: ======'machine_var_audits_switches_s_right_ramp_pre'====== Args={'value': 1, 'prev_value': None, 'change': True}
2020-09-07 13:34:35,513 : EventManager : Event: ======'machine_var_audits_switches_s_right_slingshot'====== Args={'value': 44, 'prev_value': None, 'change': True}
2020-09-07 13:34:35,513 : EventManager : Event: ======'machine_var_audits_switches_s_right_small_ramp'====== Args={'value': 0, 'prev_value': None, 'change': True}
2020-09-07 13:34:35,513 : EventManager : Event: ======'machine_var_audits_switches_s_side_hole'====== Args={'value': 285, 'prev_value': None, 'change': True}
2020-09-07 13:34:35,513 : EventManager : Event: ======'machine_var_audits_switches_s_side_ramp_made'====== Args={'value': 914, 'prev_value': None, 'change': True}
2020-09-07 13:34:35,513 : EventManager : Event: ======'machine_var_audits_switches_s_side_ramp_pre'====== Args={'value': 21, 'prev_value': None, 'change': True}
2020-09-07 13:34:35,514 : EventManager : Event: ======'machine_var_audits_switches_s_start'====== Args={'value': 81, 'prev_value': None, 'change': True}
2020-09-07 13:34:35,514 : EventManager : Event: ======'machine_var_audits_switches_s_torpedo'====== Args={'value': 270, 'prev_value': None, 'change': True}
2020-09-07 13:34:35,514 : EventManager : Event: ======'machine_var_audits_switches_s_torpedo_lane'====== Args={'value': 2, 'prev_value': None, 'change': True}
2020-09-07 13:34:35,514 : EventManager : Event: ======'machine_var_audits_switches_s_torpedo_pre'====== Args={'value': 0, 'prev_value': None, 'change': True}
2020-09-07 13:34:35,514 : EventManager : Event: ======'machine_var_audits_switches_s_trough1'====== Args={'value': 417, 'prev_value': None, 'change': True}
2020-09-07 13:34:35,514 : EventManager : Event: ======'machine_var_audits_switches_s_trough2'====== Args={'value': 63, 'prev_value': None, 'change': True}
2020-09-07 13:34:35,514 : EventManager : Event: ======'machine_var_audits_switches_s_trough3'====== Args={'value': 68, 'prev_value': None, 'change': True}
2020-09-07 13:34:35,514 : EventManager : Event: ======'machine_var_audits_switches_s_trough4'====== Args={'value': 4, 'prev_value': None, 'change': True}
2020-09-07 13:34:35,514 : EventManager : Event: ======'machine_var_audits_switches_s_trough5'====== Args={'value': 1, 'prev_value': None, 'change': True}
2020-09-07 13:34:35,514 : EventManager : Event: ======'machine_var_audits_switches_s_trough6'====== Args={'value': 1, 'prev_value': None, 'change': True}
2020-09-07 13:34:35,514 : EventManager : Event: ======'machine_var_audits_switches_s_trough_jam'====== Args={'value': 0, 'prev_value': None, 'change': True}
2020-09-07 13:34:35,562 : EventManager : Event: ======'mc_reset_phase_1'====== Args={}
2020-09-07 13:34:35,562 : EventManager : Event: ======'mc_reset_phase_2'====== Args={}
2020-09-07 13:34:35,562 : EventManager : Event: ======'mc_reset_phase_3'====== Args={}
2020-09-07 13:34:35,562 : EventManager : Event: ======'mc_reset_complete'====== Args={}
2020-09-07 13:34:35,579 : EventManager : Event: ======'slides_play'====== Args={'settings': {'attract_game_over_slide': {'widgets': [{'type': 'text', 'text': 'GAME OVER', 'style': ['big'], 'font_size': 15, 'y': 'center+0.5', '_default_settings': ['type', 'text', 'style', 'font_size', 'y'], 'x': None, 'anchor_x': 'center', 'anchor_y': 'center', 'round_anchor_x': None, 'round_anchor_y': None, 'opacity': 1.0, 'z': 0, 'reset_animations_events': {}, 'color': [1.0, 1.0, 1.0, 1.0], 'adjust_top': 0, 'adjust_bottom': 0, 'adjust_left': 0, 'adjust_right': 0, 'expire': None, 'key': None, 'widget': None, 'events_when_added': [], 'events_when_removed': [], 'bitmap_font': False, 'font_kerning': True, 'bold': False, 'italic': False, 'number_grouping': False, 'min_digits': 0, 'halign': 'center', 'valign': 'middle', 'rotation': 0, 'scale': 1.0, 'casing': None, 'animations': None}], 'target': None, 'background_color': [0.0, 0.0, 0.0, 1.0], 'priority': None, 'show': True, 'force': False, 'expire': None, 'slide': None, 'tokens': {}, 'action': 'play'}}, 'context': 'show_1', 'calling_context': 0, 'priority': 10, 'show_tokens': {}, 'start_time': 1654767.234}
2020-09-07 13:34:35,579 : mpfmc : SlidePlayer: Play called with settings={'attract_game_over_slide': {'widgets': [{'type': 'text', 'text': 'GAME OVER', 'style': ['big'], 'font_size': 15, 'y': 'center+0.5', '_default_settings': ['type', 'text', 'style', 'font_size', 'y'], 'x': None, 'anchor_x': 'center', 'anchor_y': 'center', 'round_anchor_x': None, 'round_anchor_y': None, 'opacity': 1.0, 'z': 0, 'reset_animations_events': {}, 'color': [1.0, 1.0, 1.0, 1.0], 'adjust_top': 0, 'adjust_bottom': 0, 'adjust_left': 0, 'adjust_right': 0, 'expire': None, 'key': None, 'widget': None, 'events_when_added': [], 'events_when_removed': [], 'bitmap_font': False, 'font_kerning': True, 'bold': False, 'italic': False, 'number_grouping': False, 'min_digits': 0, 'halign': 'center', 'valign': 'middle', 'rotation': 0, 'scale': 1.0, 'casing': None, 'animations': None}], 'target': None, 'background_color': [0.0, 0.0, 0.0, 1.0], 'priority': None, 'show': True, 'force': False, 'expire': None, 'slide': None, 'tokens': {}, 'action': 'play'}}
2020-09-07 13:34:35,617 : EventManager : Event: ======'slide_attract_game_over_slide_created'====== Args={}
2020-09-07 13:34:35,620 : EventManager : Event: ======'slide_attract_game_over_slide_active'====== Args={}
2020-09-07 13:34:37,562 : EventManager : Event: ======'slides_play'====== Args={'settings': {'super_jackpot_3': {'widgets': [{'type': 'text', 'text': 'DOUBLE', 'x': '64', 'y': 'top-1', 'z': 120, 'anchor_y': 'top', 'style': ['big'], 'round_anchor_x': 'left', 'round_anchor_y': 'top', 'color': [0.0, 1.0, 0.0, 1], '_default_settings': ['type', 'text', 'x', 'y', 'z', 'anchor_y', 'style', 'round_anchor_x', 'round_anchor_y', 'color'], 'anchor_x': 'center', 'opacity': 1.0, 'reset_animations_events': {}, 'adjust_top': 0, 'adjust_bottom': 0, 'adjust_left': 0, 'adjust_right': 0, 'expire': None, 'key': None, 'widget': None, 'events_when_added': [], 'events_when_removed': [], 'font_size': 15, 'bitmap_font': False, 'font_kerning': True, 'bold': False, 'italic': False, 'number_grouping': False, 'min_digits': 0, 'halign': 'center', 'valign': 'middle', 'rotation': 0, 'scale': 1.0, 'casing': None, 'animations': None}, {'type': 'text', 'text': 'DOUBLE SUPER JACKPOT', 'x': '64', 'y': 'middle', 'z': 120, 'style': ['big'], 'round_anchor_x': 'left', 'round_anchor_y': 'top', 'color': [0.0, 1.0, 0.0, 1], '_default_settings': ['type', 'text', 'x', 'y', 'z', 'style', 'round_anchor_x', 'round_anchor_y', 'color'], 'anchor_x': 'center', 'anchor_y': 'center', 'opacity': 1.0, 'reset_animations_events': {}, 'adjust_top': 0, 'adjust_bottom': 0, 'adjust_left': 0, 'adjust_right': 0, 'expire': None, 'key': None, 'widget': None, 'events_when_added': [], 'events_when_removed': [], 'font_size': 15, 'bitmap_font': False, 'font_kerning': True, 'bold': False, 'italic': False, 'number_grouping': False, 'min_digits': 0, 'halign': 'center', 'valign': 'middle', 'rotation': 0, 'scale': 1.0, 'casing': None, 'animations': None}, {'type': 'text', 'text': '200M', 'x': '64', 'y': 'bottom+1', 'z': 120, 'anchor_y': 'bottom', 'style': ['big'], 'round_anchor_x': 'left', 'round_anchor_y': 'top', 'color': [0.0, 1.0, 0.0, 1], '_default_settings': ['type', 'text', 'x', 'y', 'z', 'anchor_y', 'style', 'round_anchor_x', 'round_anchor_y', 'color'], 'anchor_x': 'center', 'opacity': 1.0, 'reset_animations_events': {}, 'adjust_top': 0, 'adjust_bottom': 0, 'adjust_left': 0, 'adjust_right': 0, 'expire': None, 'key': None, 'widget': None, 'events_when_added': [], 'events_when_removed': [], 'font_size': 15, 'bitmap_font': False, 'font_kerning': True, 'bold': False, 'italic': False, 'number_grouping': False, 'min_digits': 0, 'halign': 'center', 'valign': 'middle', 'rotation': 0, 'scale': 1.0, 'casing': None, 'animations': None}], 'target': None, 'background_color': [0.0, 0.0, 0.0, 1.0], 'priority': None, 'show': True, 'force': False, 'expire': None, 'slide': None, 'tokens': {}, 'action': 'play'}}, 'context': 'show_1', 'calling_context': 1, 'priority': 10, 'show_tokens': {}, 'start_time': 1654769.234}
2020-09-07 13:34:37,562 : mpfmc : SlidePlayer: Play called with settings={'super_jackpot_3': {'widgets': [{'type': 'text', 'text': 'DOUBLE', 'x': '64', 'y': 'top-1', 'z': 120, 'anchor_y': 'top', 'style': ['big'], 'round_anchor_x': 'left', 'round_anchor_y': 'top', 'color': [0.0, 1.0, 0.0, 1], '_default_settings': ['type', 'text', 'x', 'y', 'z', 'anchor_y', 'style', 'round_anchor_x', 'round_anchor_y', 'color'], 'anchor_x': 'center', 'opacity': 1.0, 'reset_animations_events': {}, 'adjust_top': 0, 'adjust_bottom': 0, 'adjust_left': 0, 'adjust_right': 0, 'expire': None, 'key': None, 'widget': None, 'events_when_added': [], 'events_when_removed': [], 'font_size': 15, 'bitmap_font': False, 'font_kerning': True, 'bold': False, 'italic': False, 'number_grouping': False, 'min_digits': 0, 'halign': 'center', 'valign': 'middle', 'rotation': 0, 'scale': 1.0, 'casing': None, 'animations': None}, {'type': 'text', 'text': 'DOUBLE SUPER JACKPOT', 'x': '64', 'y': 'middle', 'z': 120, 'style': ['big'], 'round_anchor_x': 'left', 'round_anchor_y': 'top', 'color': [0.0, 1.0, 0.0, 1], '_default_settings': ['type', 'text', 'x', 'y', 'z', 'style', 'round_anchor_x', 'round_anchor_y', 'color'], 'anchor_x': 'center', 'anchor_y': 'center', 'opacity': 1.0, 'reset_animations_events': {}, 'adjust_top': 0, 'adjust_bottom': 0, 'adjust_left': 0, 'adjust_right': 0, 'expire': None, 'key': None, 'widget': None, 'events_when_added': [], 'events_when_removed': [], 'font_size': 15, 'bitmap_font': False, 'font_kerning': True, 'bold': False, 'italic': False, 'number_grouping': False, 'min_digits': 0, 'halign': 'center', 'valign': 'middle', 'rotation': 0, 'scale': 1.0, 'casing': None, 'animations': None}, {'type': 'text', 'text': '200M', 'x': '64', 'y': 'bottom+1', 'z': 120, 'anchor_y': 'bottom', 'style': ['big'], 'round_anchor_x': 'left', 'round_anchor_y': 'top', 'color': [0.0, 1.0, 0.0, 1], '_default_settings': ['type', 'text', 'x', 'y', 'z', 'anchor_y', 'style', 'round_anchor_x', 'round_anchor_y', 'color'], 'anchor_x': 'center', 'opacity': 1.0, 'reset_animations_events': {}, 'adjust_top': 0, 'adjust_bottom': 0, 'adjust_left': 0, 'adjust_right': 0, 'expire': None, 'key': None, 'widget': None, 'events_when_added': [], 'events_when_removed': [], 'font_size': 15, 'bitmap_font': False, 'font_kerning': True, 'bold': False, 'italic': False, 'number_grouping': False, 'min_digits': 0, 'halign': 'center', 'valign': 'middle', 'rotation': 0, 'scale': 1.0, 'casing': None, 'animations': None}], 'target': None, 'background_color': [0.0, 0.0, 0.0, 1.0], 'priority': None, 'show': True, 'force': False, 'expire': None, 'slide': None, 'tokens': {}, 'action': 'play'}}
2020-09-07 13:34:37,569 : EventManager : Event: ======'slide_super_jackpot_3_created'====== Args={}
2020-09-07 13:34:37,574 : EventManager : Event: ======'slide_super_jackpot_3_active'====== Args={}
2020-09-07 13:34:39,578 : EventManager : Event: ======'slides_play'====== Args={'settings': {'super_test': {'widgets': [{'type': 'image', 'image': 'super', 'x': 'left', 'y': 'bottom', 'anchor_x': 'left', 'anchor_y': 'bottom', '_default_settings': ['type', 'image', 'x', 'y', 'anchor_x', 'anchor_y'], 'round_anchor_x': None, 'round_anchor_y': None, 'opacity': 1.0, 'z': 0, 'reset_animations_events': {}, 'color': [1.0, 1.0, 1.0, 1.0], 'style': [], 'adjust_top': 0, 'adjust_bottom': 0, 'adjust_left': 0, 'adjust_right': 0, 'expire': None, 'key': None, 'widget': None, 'events_when_added': [], 'events_when_removed': [], 'fps': 10, 'loops': -1, 'auto_play': True, 'start_frame': 0, 'rotation': 0, 'scale': 1.0, 'animations': None}], 'target': None, 'background_color': [0.0, 0.0, 0.0, 1.0], 'priority': None, 'show': True, 'force': False, 'expire': None, 'slide': None, 'tokens': {}, 'action': 'play'}}, 'context': 'show_1', 'calling_context': 2, 'priority': 10, 'show_tokens': {}, 'start_time': 1654771.234}
2020-09-07 13:34:39,579 : mpfmc : SlidePlayer: Play called with settings={'super_test': {'widgets': [{'type': 'image', 'image': 'super', 'x': 'left', 'y': 'bottom', 'anchor_x': 'left', 'anchor_y': 'bottom', '_default_settings': ['type', 'image', 'x', 'y', 'anchor_x', 'anchor_y'], 'round_anchor_x': None, 'round_anchor_y': None, 'opacity': 1.0, 'z': 0, 'reset_animations_events': {}, 'color': [1.0, 1.0, 1.0, 1.0], 'style': [], 'adjust_top': 0, 'adjust_bottom': 0, 'adjust_left': 0, 'adjust_right': 0, 'expire': None, 'key': None, 'widget': None, 'events_when_added': [], 'events_when_removed': [], 'fps': 10, 'loops': -1, 'auto_play': True, 'start_frame': 0, 'rotation': 0, 'scale': 1.0, 'animations': None}], 'target': None, 'background_color': [0.0, 0.0, 0.0, 1.0], 'priority': None, 'show': True, 'force': False, 'expire': None, 'slide': None, 'tokens': {}, 'action': 'play'}}
2020-09-07 13:34:39,581 : EventManager : Event: ======'slide_super_test_created'====== Args={}
2020-09-07 13:34:39,582 : EventManager : Event: ======'slide_super_test_active'====== Args={}
2020-09-07 13:34:41,579 : EventManager : Event: ======'slides_play'====== Args={'settings': {'super_test_2': {'widgets': [{'type': 'image', 'image': 'super_2', 'x': 'left', 'y': 'bottom', 'anchor_x': 'left', 'anchor_y': 'bottom', '_default_settings': ['type', 'image', 'x', 'y', 'anchor_x', 'anchor_y'], 'round_anchor_x': None, 'round_anchor_y': None, 'opacity': 1.0, 'z': 0, 'reset_animations_events': {}, 'color': [1.0, 1.0, 1.0, 1.0], 'style': [], 'adjust_top': 0, 'adjust_bottom': 0, 'adjust_left': 0, 'adjust_right': 0, 'expire': None, 'key': None, 'widget': None, 'events_when_added': [], 'events_when_removed': [], 'fps': 10, 'loops': -1, 'auto_play': True, 'start_frame': 0, 'rotation': 0, 'scale': 1.0, 'animations': None}], 'target': None, 'background_color': [0.0, 0.0, 0.0, 1.0], 'priority': None, 'show': True, 'force': False, 'expire': None, 'slide': None, 'tokens': {}, 'action': 'play'}}, 'context': 'show_1', 'calling_context': 3, 'priority': 10, 'show_tokens': {}, 'start_time': 1654773.234}
2020-09-07 13:34:41,579 : mpfmc : SlidePlayer: Play called with settings={'super_test_2': {'widgets': [{'type': 'image', 'image': 'super_2', 'x': 'left', 'y': 'bottom', 'anchor_x': 'left', 'anchor_y': 'bottom', '_default_settings': ['type', 'image', 'x', 'y', 'anchor_x', 'anchor_y'], 'round_anchor_x': None, 'round_anchor_y': None, 'opacity': 1.0, 'z': 0, 'reset_animations_events': {}, 'color': [1.0, 1.0, 1.0, 1.0], 'style': [], 'adjust_top': 0, 'adjust_bottom': 0, 'adjust_left': 0, 'adjust_right': 0, 'expire': None, 'key': None, 'widget': None, 'events_when_added': [], 'events_when_removed': [], 'fps': 10, 'loops': -1, 'auto_play': True, 'start_frame': 0, 'rotation': 0, 'scale': 1.0, 'animations': None}], 'target': None, 'background_color': [0.0, 0.0, 0.0, 1.0], 'priority': None, 'show': True, 'force': False, 'expire': None, 'slide': None, 'tokens': {}, 'action': 'play'}}
2020-09-07 13:34:41,583 : EventManager : Event: ======'slide_super_test_2_created'====== Args={}
2020-09-07 13:34:41,584 : EventManager : Event: ======'slide_super_test_2_active'====== Args={}
2020-09-07 13:34:43,579 : EventManager : Event: ======'slides_play'====== Args={'settings': {'super_test_3': {'widgets': [{'type': 'image', 'image': 'super_3_muzzle', 'x': 'left', 'y': 'bottom', 'anchor_x': 'left', 'anchor_y': 'bottom', '_default_settings': ['type', 'image', 'x', 'y', 'anchor_x', 'anchor_y'], 'round_anchor_x': None, 'round_anchor_y': None, 'opacity': 1.0, 'z': 0, 'reset_animations_events': {}, 'color': [1.0, 1.0, 1.0, 1.0], 'style': [], 'adjust_top': 0, 'adjust_bottom': 0, 'adjust_left': 0, 'adjust_right': 0, 'expire': None, 'key': None, 'widget': None, 'events_when_added': [], 'events_when_removed': [], 'fps': 10, 'loops': -1, 'auto_play': True, 'start_frame': 0, 'rotation': 0, 'scale': 1.0, 'animations': None}], 'target': None, 'background_color': [0.0, 0.0, 0.0, 1.0], 'priority': None, 'show': True, 'force': False, 'expire': None, 'slide': None, 'tokens': {}, 'action': 'play'}}, 'context': 'show_1', 'calling_context': 4, 'priority': 10, 'show_tokens': {}, 'start_time': 1654775.234}
2020-09-07 13:34:43,579 : mpfmc : SlidePlayer: Play called with settings={'super_test_3': {'widgets': [{'type': 'image', 'image': 'super_3_muzzle', 'x': 'left', 'y': 'bottom', 'anchor_x': 'left', 'anchor_y': 'bottom', '_default_settings': ['type', 'image', 'x', 'y', 'anchor_x', 'anchor_y'], 'round_anchor_x': None, 'round_anchor_y': None, 'opacity': 1.0, 'z': 0, 'reset_animations_events': {}, 'color': [1.0, 1.0, 1.0, 1.0], 'style': [], 'adjust_top': 0, 'adjust_bottom': 0, 'adjust_left': 0, 'adjust_right': 0, 'expire': None, 'key': None, 'widget': None, 'events_when_added': [], 'events_when_removed': [], 'fps': 10, 'loops': -1, 'auto_play': True, 'start_frame': 0, 'rotation': 0, 'scale': 1.0, 'animations': None}], 'target': None, 'background_color': [0.0, 0.0, 0.0, 1.0], 'priority': None, 'show': True, 'force': False, 'expire': None, 'slide': None, 'tokens': {}, 'action': 'play'}}
2020-09-07 13:34:43,582 : EventManager : Event: ======'slide_super_test_3_created'====== Args={}
2020-09-07 13:34:43,583 : EventManager : Event: ======'slide_super_test_3_active'====== Args={}
2020-09-07 13:34:45,224 : kivy : WindowSDL: exiting mainloop and closing.
2020-09-07 13:34:45,596 : kivy : Base: Leaving application in progress...
2020-09-07 13:34:45,596 : mpfmc : Stopping...
2020-09-07 13:34:45,596 : EventManager : Event: ======'shutdown'====== Args={}
2020-09-07 13:34:45,598 : mpfmc : Loop rate 56.48 Hz
2020-09-07 13:34:45,598 : kivy : MC run loop ended.
2020-09-07 13:34:45,598 : kivy : Stopping child threads... (3 remaining)
2020-09-07 13:34:45,607 : mpfmc : Stopping...
2020-09-07 13:34:45,607 : EventManager : Event: ======'shutdown'====== Args={}
2020-09-07 13:34:45,607 : mpfmc : Loop rate 56.44 Hz
2020-09-07 13:34:46,149 : MPF-MC BCP Server : Stopping BCP sending thread
2020-09-07 13:34:46,203 : kivy : All child threads stopped.
