2020-01-26 17:57:10,070 : kivy : Factory: 184 symbols loaded
2020-01-26 17:57:10,167 : kivy : Image: Providers: img_tex, img_dds, img_sdl2, img_pil, img_gif (img_ffpyplayer ignored)
2020-01-26 17:57:10,219 : kivy : VideoGstplayer: Using Gstreamer 1.16.0.0
2020-01-26 17:57:10,220 : kivy : Video: Provider: gstplayer
2020-01-26 17:57:10,288 : kivy : Loading MPF-MC controller
2020-01-26 17:57:10,288 : mpfmc : Mission Pinball Framework Media Controller v0.53.0-dev.15
2020-01-26 17:57:10,289 : mpfmc : Mission Pinball Framework Game Engine v0.53.0-dev.68
2020-01-26 17:57:10,289 : mpfmc : Machine path: E:\mpf\wows\wows
2020-01-26 17:57:10,290 : ConfigProcessor : Config file in cache changed: E:\mpf\wows\wows\config\config
2020-01-26 17:57:10,290 : ConfigProcessor : Loading config from file c:\users\schol\appdata\local\programs\python\python36\lib\site-packages\mpfmc\mcconfig.yaml.
2020-01-26 17:57:10,333 : ConfigProcessor : Loading config: c:\users\schol\appdata\local\programs\python\python36\lib\site-packages\mpfmc\mcconfig.yaml
2020-01-26 17:57:10,339 : ConfigProcessor : Loading config from file E:\mpf\wows\wows\config\config.
2020-01-26 17:57:10,427 : ConfigProcessor : Loading config: E:\mpf\wows\wows\config\config
2020-01-26 17:57:10,428 : ConfigProcessor : Config file cache created: C:\Users\schol\AppData\Local\Temp\398a03908486e3c8525902f452489fb5.mpf_cache
2020-01-26 17:57:10,429 : mpfmc : Starting clock at 60.0Hz
2020-01-26 17:57:10,441 : kivy : Text: Provider: sdl2
2020-01-26 17:57:10,478 : kivy : Window: Provider: sdl2
2020-01-26 17:57:10,897 : kivy : GL: Using the "OpenGL" graphics system
2020-01-26 17:57:10,904 : kivy : GL: GLEW initialization succeeded
2020-01-26 17:57:10,904 : kivy : GL: Backend used <glew>
2020-01-26 17:57:10,904 : kivy : GL: OpenGL version <b'4.6.0 NVIDIA 432.00'>
2020-01-26 17:57:10,904 : kivy : GL: OpenGL vendor <b'NVIDIA Corporation'>
2020-01-26 17:57:10,904 : kivy : GL: OpenGL renderer <b'GeForce GTX 1060 6GB/PCIe/SSE2'>
2020-01-26 17:57:10,904 : kivy : GL: OpenGL parsed version: 4, 6
2020-01-26 17:57:10,904 : kivy : GL: Shading version <b'4.60 NVIDIA'>
2020-01-26 17:57:10,904 : kivy : GL: Texture max size <32768>
2020-01-26 17:57:10,904 : kivy : GL: Texture max units <32>
2020-01-26 17:57:10,922 : kivy : Window: auto add sdl2 input provider
2020-01-26 17:57:10,923 : kivy : Window: virtual keyboard not allowed, single mode, not docked
2020-01-26 17:57:10,930 : SoundSystem : SoundSystem: Using default 'sound_system' settings
2020-01-26 17:57:11,140 : AudioInterface : Initialized
2020-01-26 17:57:11,140 : SoundSystem : No audio tracks are specified in your machine config file. a track named 'default' has been created.
2020-01-26 17:57:11,142 : kivy : Base: Start application main loop
2020-01-26 17:57:11,143 : EventManager : Event: ======'display_window_initialized'====== Args={}
2020-01-26 17:57:11,143 : EventManager : Event: ======'display_dmd_initialized'====== Args={}
2020-01-26 17:57:11,202 : mpfmc : Display: Setting 'dmd' as default display
2020-01-26 17:57:11,209 : EventManager : Event: ======'displays_initialized'====== Args={}
2020-01-26 17:57:11,210 : EventManager : Event: ======'slide_window_blank_created'====== Args={}
2020-01-26 17:57:11,210 : EventManager : Event: ======'display_window_ready'====== Args={}
2020-01-26 17:57:11,210 : EventManager : Event: ======'slide_dmd_blank_created'====== Args={}
2020-01-26 17:57:11,210 : EventManager : Event: ======'display_dmd_ready'====== Args={}
2020-01-26 17:57:11,219 : EventManager : Event: ======'init_phase_1'====== Args={}
2020-01-26 17:57:11,222 : EventManager : Event: ======'mc_ready'====== Args={}
2020-01-26 17:57:11,222 : EventManager : Event: ======'init_phase_2'====== Args={}
2020-01-26 17:57:11,223 : ConfigProcessor : Loading config from cache: C:\Users\schol\AppData\Local\Temp\6e6d4708a613edd7635d35a6961997f3.mpf_cache
2020-01-26 17:57:11,224 : ConfigProcessor : Loading config from cache: C:\Users\schol\AppData\Local\Temp\5c4497fcd69d1d656c4b69a28e44c490.mpf_cache
2020-01-26 17:57:11,224 : ConfigProcessor : Loading config from cache: C:\Users\schol\AppData\Local\Temp\4aeaa69609f53d9b71d1dbbedd434b0b.mpf_cache
2020-01-26 17:57:11,225 : ConfigProcessor : Loading config from cache: C:\Users\schol\AppData\Local\Temp\1068177614fe5a40fc2c1e1b0504468c.mpf_cache
2020-01-26 17:57:11,225 : ConfigProcessor : Loading config from cache: C:\Users\schol\AppData\Local\Temp\f9a57b3955e1480227d6e8589f6567c4.mpf_cache
2020-01-26 17:57:11,226 : ConfigProcessor : Loading config from cache: C:\Users\schol\AppData\Local\Temp\1e6cc6775e87a3e14ded8d45fd065b10.mpf_cache
2020-01-26 17:57:11,226 : ConfigProcessor : Loading config from cache: C:\Users\schol\AppData\Local\Temp\a6527a592b6034dbfea56fdf726c3822.mpf_cache
2020-01-26 17:57:11,227 : ConfigProcessor : Loading config from cache: C:\Users\schol\AppData\Local\Temp\2f7452aae1b2779bb4a1388fc419c0c8.mpf_cache
2020-01-26 17:57:11,231 : ConfigProcessor : Loading config from cache: C:\Users\schol\AppData\Local\Temp\d5fd805c5432c1441bf01a6268536a3d.mpf_cache
2020-01-26 17:57:11,231 : EventManager : Event: ======'init_phase_3'====== Args={}
2020-01-26 17:57:11,231 : AssetManager : Registering Asset: C_Prog100, File: C_Prog100.jpg, Default Group: default, Final Config: {'load': 'preload', 'file': 'E:\\mpf\\wows\\wows\\images\\C_Prog100.jpg'}
2020-01-26 17:57:11,232 : AssetManager : Registering Asset: mode_1_shot_made, File: mode_1_shot_made.gif, Default Group: default, Final Config: {'load': 'preload', 'file': 'E:\\mpf\\wows\\wows\\modes\\mode_1\\images\\mode_1_shot_made.gif'}
2020-01-26 17:57:11,233 : EventManager : Event: ======'init_phase_4'====== Args={}
2020-01-26 17:57:11,233 : EventManager : Event: ======'init_phase_5'====== Args={}
2020-01-26 17:57:11,302 : EventManager : Event: ======'loading_assets'====== Args={'total': 2, 'loaded': 1, 'remaining': 1, 'percent': 50}
2020-01-26 17:57:11,302 : AssetManager : Loading assets: 1/2 (50%)
2020-01-26 17:57:11,302 : EventManager : Event: ======'loading_assets'====== Args={'total': 2, 'loaded': 2, 'remaining': 0, 'percent': 100}
2020-01-26 17:57:11,302 : AssetManager : Asset loading took: 0.16112303733825684
2020-01-26 17:57:11,302 : EventManager : Event: ======'asset_loading_complete'====== Args={}
2020-01-26 17:57:11,302 : AssetManager : Loading assets: 2/2 (100%)
2020-01-26 17:57:11,302 : EventManager : Event: ======'init_done'====== Args={}
2020-01-26 17:57:11,302 : MPF-MC BCP Server : Starting up on localhost port 5050
2020-01-26 17:57:11,306 : MPF-MC BCP Server : Waiting for a connection...
2020-01-26 17:57:11,306 : mpfmc : SlidePlayer: Play called with settings={'slides': {welcome_slide-None-None: {'target': 'window', 'priority': None, 'background_color': [0.0, 0.0, 0.0, 1.0], 'show': True, 'force': False, 'expire': None, 'slide': None, 'tokens': {}, 'action': 'play', 'transition': None, 'transition_out': None}}}
2020-01-26 17:57:11,309 : kivy : GL: NPOT texture support is available
2020-01-26 17:57:11,325 : EventManager : Event: ======'slide_welcome_slide_created'====== Args={}
2020-01-26 17:57:11,348 : EventManager : Event: ======'slide_welcome_slide_active'====== Args={}
2020-01-26 17:57:11,351 : EventManager : Event: ======'client_disconnected'====== Args={'host': '127.0.0.1', 'port': 5050}
2020-01-26 17:57:21,549 : kivy : WindowSDL: exiting mainloop and closing.
2020-01-26 17:57:21,657 : kivy : Base: Leaving application in progress...
2020-01-26 17:57:21,657 : mpfmc : Stopping...
2020-01-26 17:57:21,658 : EventManager : Event: ======'shutdown'====== Args={}
2020-01-26 17:57:21,658 : mpfmc : Loop rate 58.39 Hz
2020-01-26 17:57:21,658 : kivy : MC run loop ended.
2020-01-26 17:57:21,658 : kivy : Stopping child threads... (3 remaining)
2020-01-26 17:57:22,311 : MPF-MC BCP Server : Stopping BCP sending thread
2020-01-26 17:57:22,325 : MPF-MC BCP Server : Stopping BCP listener thread
2020-01-26 17:57:22,363 : kivy : All child threads stopped.
