2020-02-17 18:18:11,803 : kivy : Factory: 184 symbols loaded
2020-02-17 18:18:11,899 : kivy : Image: Providers: img_tex, img_dds, img_sdl2, img_pil, img_gif (img_ffpyplayer ignored)
2020-02-17 18:18:11,952 : kivy : VideoGstplayer: Using Gstreamer 1.16.0.0
2020-02-17 18:18:11,952 : kivy : Video: Provider: gstplayer
2020-02-17 18:18:12,019 : kivy : Loading MPF-MC controller
2020-02-17 18:18:12,019 : mpfmc : Mission Pinball Framework Media Controller v0.53.0
2020-02-17 18:18:12,019 : mpfmc : Mission Pinball Framework Game Engine v0.53.2
2020-02-17 18:18:12,020 : mpfmc : Machine path: E:\mpf\wows\wows
2020-02-17 18:18:12,021 : ConfigProcessor : Config file in cache changed: E:\mpf\wows\wows\config\config
2020-02-17 18:18:12,022 : ConfigProcessor : Loading config from file c:\users\schol\appdata\local\programs\python\python36\lib\site-packages\mpfmc\mcconfig.yaml.
2020-02-17 18:18:12,059 : ConfigProcessor : Loading config: c:\users\schol\appdata\local\programs\python\python36\lib\site-packages\mpfmc\mcconfig.yaml
2020-02-17 18:18:12,067 : ConfigProcessor : Loading config from file E:\mpf\wows\wows\config\config.
2020-02-17 18:18:12,158 : ConfigProcessor : Loading config: E:\mpf\wows\wows\config\config
2020-02-17 18:18:12,160 : ConfigProcessor : Config file cache created: C:\Users\schol\AppData\Local\Temp\398a03908486e3c8525902f452489fb5.mpf_cache
2020-02-17 18:18:12,160 : mpfmc : Starting clock at 60.0Hz
2020-02-17 18:18:12,172 : kivy : Text: Provider: sdl2
2020-02-17 18:18:12,208 : kivy : Window: Provider: sdl2
2020-02-17 18:18:12,617 : kivy : GL: Using the "OpenGL" graphics system
2020-02-17 18:18:12,622 : kivy : GL: GLEW initialization succeeded
2020-02-17 18:18:12,623 : kivy : GL: Backend used <glew>
2020-02-17 18:18:12,623 : kivy : GL: OpenGL version <b'4.6.0 NVIDIA 432.00'>
2020-02-17 18:18:12,623 : kivy : GL: OpenGL vendor <b'NVIDIA Corporation'>
2020-02-17 18:18:12,623 : kivy : GL: OpenGL renderer <b'GeForce GTX 1060 6GB/PCIe/SSE2'>
2020-02-17 18:18:12,623 : kivy : GL: OpenGL parsed version: 4, 6
2020-02-17 18:18:12,623 : kivy : GL: Shading version <b'4.60 NVIDIA'>
2020-02-17 18:18:12,623 : kivy : GL: Texture max size <32768>
2020-02-17 18:18:12,623 : kivy : GL: Texture max units <32>
2020-02-17 18:18:12,640 : kivy : Window: auto add sdl2 input provider
2020-02-17 18:18:12,640 : kivy : Window: virtual keyboard not allowed, single mode, not docked
2020-02-17 18:18:12,648 : SoundSystem : SoundSystem: Using default 'sound_system' settings
2020-02-17 18:18:12,829 : AudioInterface : Initialized
2020-02-17 18:18:12,829 : SoundSystem : No audio tracks are specified in your machine config file. a track named 'default' has been created.
2020-02-17 18:18:12,831 : kivy : Base: Start application main loop
2020-02-17 18:18:12,833 : EventManager : Event: ======'display_window_initialized'====== Args={}
2020-02-17 18:18:12,833 : EventManager : Event: ======'display_dmd_initialized'====== Args={}
2020-02-17 18:18:12,888 : mpfmc : Display: Setting 'dmd' as default display
2020-02-17 18:18:12,894 : EventManager : Event: ======'displays_initialized'====== Args={}
2020-02-17 18:18:12,895 : EventManager : Event: ======'slide_window_blank_created'====== Args={}
2020-02-17 18:18:12,895 : EventManager : Event: ======'display_window_ready'====== Args={}
2020-02-17 18:18:12,896 : EventManager : Event: ======'slide_dmd_blank_created'====== Args={}
2020-02-17 18:18:12,896 : EventManager : Event: ======'display_dmd_ready'====== Args={}
2020-02-17 18:18:12,904 : EventManager : Event: ======'init_phase_1'====== Args={}
2020-02-17 18:18:12,907 : EventManager : Event: ======'mc_ready'====== Args={}
2020-02-17 18:18:12,907 : EventManager : Event: ======'init_phase_2'====== Args={}
2020-02-17 18:18:12,908 : ConfigProcessor : Loading config from cache: C:\Users\schol\AppData\Local\Temp\fbcc5772262340622f93ebd98450e45f.mpf_cache
2020-02-17 18:18:12,909 : ConfigProcessor : Loading config from cache: C:\Users\schol\AppData\Local\Temp\4aeaa69609f53d9b71d1dbbedd434b0b.mpf_cache
2020-02-17 18:18:12,909 : ConfigProcessor : Loading config from cache: C:\Users\schol\AppData\Local\Temp\6e6d4708a613edd7635d35a6961997f3.mpf_cache
2020-02-17 18:18:12,910 : ConfigProcessor : Loading config from cache: C:\Users\schol\AppData\Local\Temp\5c4497fcd69d1d656c4b69a28e44c490.mpf_cache
2020-02-17 18:18:12,910 : ConfigProcessor : Loading config from cache: C:\Users\schol\AppData\Local\Temp\97f63c0afcbce8d9df7044fccf1035a4.mpf_cache
2020-02-17 18:18:12,910 : ConfigProcessor : Loading config from cache: C:\Users\schol\AppData\Local\Temp\61baf56902d438563ed6aa6cb9015dcd.mpf_cache
2020-02-17 18:18:12,915 : ConfigProcessor : Loading config from cache: C:\Users\schol\AppData\Local\Temp\2f7452aae1b2779bb4a1388fc419c0c8.mpf_cache
2020-02-17 18:18:12,915 : ConfigProcessor : Loading config from cache: C:\Users\schol\AppData\Local\Temp\1e6cc6775e87a3e14ded8d45fd065b10.mpf_cache
2020-02-17 18:18:12,916 : ConfigProcessor : Loading config from cache: C:\Users\schol\AppData\Local\Temp\d5fd805c5432c1441bf01a6268536a3d.mpf_cache
2020-02-17 18:18:12,917 : ConfigProcessor : Loading config from cache: C:\Users\schol\AppData\Local\Temp\f9a57b3955e1480227d6e8589f6567c4.mpf_cache
2020-02-17 18:18:12,917 : ConfigProcessor : Loading config from cache: C:\Users\schol\AppData\Local\Temp\5dbeda7d2775496a54d206d506904281.mpf_cache
2020-02-17 18:18:12,918 : ConfigProcessor : Loading config from cache: C:\Users\schol\AppData\Local\Temp\a6527a592b6034dbfea56fdf726c3822.mpf_cache
2020-02-17 18:18:12,918 : EventManager : Event: ======'init_phase_3'====== Args={}
2020-02-17 18:18:12,918 : AssetManager : Registering Asset: ConsumableCountdown100, File: ConsumableCountdown100.jpg, Default Group: default, Final Config: {'load': 'preload', 'file': 'E:\\mpf\\wows\\wows\\images\\ConsumableCountdown100.jpg'}
2020-02-17 18:18:12,918 : AssetManager : Registering Asset: ConsumableCountdown101, File: ConsumableCountdown101.jpg, Default Group: default, Final Config: {'load': 'preload', 'file': 'E:\\mpf\\wows\\wows\\images\\ConsumableCountdown101.jpg'}
2020-02-17 18:18:12,918 : AssetManager : Registering Asset: ConsumableCountdown102, File: ConsumableCountdown102.jpg, Default Group: default, Final Config: {'load': 'preload', 'file': 'E:\\mpf\\wows\\wows\\images\\ConsumableCountdown102.jpg'}
2020-02-17 18:18:12,919 : AssetManager : Registering Asset: ConsumableCountdown103, File: ConsumableCountdown103.jpg, Default Group: default, Final Config: {'load': 'preload', 'file': 'E:\\mpf\\wows\\wows\\images\\ConsumableCountdown103.jpg'}
2020-02-17 18:18:12,919 : AssetManager : Registering Asset: ConsumableCountdown104, File: ConsumableCountdown104.jpg, Default Group: default, Final Config: {'load': 'preload', 'file': 'E:\\mpf\\wows\\wows\\images\\ConsumableCountdown104.jpg'}
2020-02-17 18:18:12,919 : AssetManager : Registering Asset: ConsumableCountdown105, File: ConsumableCountdown105.jpg, Default Group: default, Final Config: {'load': 'preload', 'file': 'E:\\mpf\\wows\\wows\\images\\ConsumableCountdown105.jpg'}
2020-02-17 18:18:12,919 : AssetManager : Registering Asset: ConsumableCountdown106, File: ConsumableCountdown106.jpg, Default Group: default, Final Config: {'load': 'preload', 'file': 'E:\\mpf\\wows\\wows\\images\\ConsumableCountdown106.jpg'}
2020-02-17 18:18:12,919 : AssetManager : Registering Asset: ConsumableCountdown107, File: ConsumableCountdown107.jpg, Default Group: default, Final Config: {'load': 'preload', 'file': 'E:\\mpf\\wows\\wows\\images\\ConsumableCountdown107.jpg'}
2020-02-17 18:18:12,919 : AssetManager : Registering Asset: ConsumableCountdown108, File: ConsumableCountdown108.jpg, Default Group: default, Final Config: {'load': 'preload', 'file': 'E:\\mpf\\wows\\wows\\images\\ConsumableCountdown108.jpg'}
2020-02-17 18:18:12,919 : AssetManager : Registering Asset: ConsumableCountdown109, File: ConsumableCountdown109.jpg, Default Group: default, Final Config: {'load': 'preload', 'file': 'E:\\mpf\\wows\\wows\\images\\ConsumableCountdown109.jpg'}
2020-02-17 18:18:12,919 : AssetManager : Registering Asset: ConsumableCountdown110, File: ConsumableCountdown110.jpg, Default Group: default, Final Config: {'load': 'preload', 'file': 'E:\\mpf\\wows\\wows\\images\\ConsumableCountdown110.jpg'}
2020-02-17 18:18:12,919 : AssetManager : Registering Asset: ConsumableCountdown111, File: ConsumableCountdown111.jpg, Default Group: default, Final Config: {'load': 'preload', 'file': 'E:\\mpf\\wows\\wows\\images\\ConsumableCountdown111.jpg'}
2020-02-17 18:18:12,919 : AssetManager : Registering Asset: ConsumableCountdown112, File: ConsumableCountdown112.jpg, Default Group: default, Final Config: {'load': 'preload', 'file': 'E:\\mpf\\wows\\wows\\images\\ConsumableCountdown112.jpg'}
2020-02-17 18:18:12,919 : AssetManager : Registering Asset: ConsumableCountdown113, File: ConsumableCountdown113.jpg, Default Group: default, Final Config: {'load': 'preload', 'file': 'E:\\mpf\\wows\\wows\\images\\ConsumableCountdown113.jpg'}
2020-02-17 18:18:12,919 : AssetManager : Registering Asset: ConsumableCountdown114, File: ConsumableCountdown114.jpg, Default Group: default, Final Config: {'load': 'preload', 'file': 'E:\\mpf\\wows\\wows\\images\\ConsumableCountdown114.jpg'}
2020-02-17 18:18:12,919 : AssetManager : Registering Asset: ConsumableCountdown115, File: ConsumableCountdown115.jpg, Default Group: default, Final Config: {'load': 'preload', 'file': 'E:\\mpf\\wows\\wows\\images\\ConsumableCountdown115.jpg'}
2020-02-17 18:18:12,919 : AssetManager : Registering Asset: ConsumableCountdown116, File: ConsumableCountdown116.jpg, Default Group: default, Final Config: {'load': 'preload', 'file': 'E:\\mpf\\wows\\wows\\images\\ConsumableCountdown116.jpg'}
2020-02-17 18:18:12,919 : AssetManager : Registering Asset: ConsumableCountdown117, File: ConsumableCountdown117.jpg, Default Group: default, Final Config: {'load': 'preload', 'file': 'E:\\mpf\\wows\\wows\\images\\ConsumableCountdown117.jpg'}
2020-02-17 18:18:12,920 : AssetManager : Registering Asset: ConsumableCountdown118, File: ConsumableCountdown118.jpg, Default Group: default, Final Config: {'load': 'preload', 'file': 'E:\\mpf\\wows\\wows\\images\\ConsumableCountdown118.jpg'}
2020-02-17 18:18:12,920 : AssetManager : Registering Asset: ConsumableCountdown119, File: ConsumableCountdown119.jpg, Default Group: default, Final Config: {'load': 'preload', 'file': 'E:\\mpf\\wows\\wows\\images\\ConsumableCountdown119.jpg'}
2020-02-17 18:18:12,920 : AssetManager : Registering Asset: ConsumableCountdown120, File: ConsumableCountdown120.jpg, Default Group: default, Final Config: {'load': 'preload', 'file': 'E:\\mpf\\wows\\wows\\images\\ConsumableCountdown120.jpg'}
2020-02-17 18:18:12,920 : AssetManager : Registering Asset: ConsumableCountdown121, File: ConsumableCountdown121.jpg, Default Group: default, Final Config: {'load': 'preload', 'file': 'E:\\mpf\\wows\\wows\\images\\ConsumableCountdown121.jpg'}
2020-02-17 18:18:12,920 : AssetManager : Registering Asset: ConsumableCountdown122, File: ConsumableCountdown122.jpg, Default Group: default, Final Config: {'load': 'preload', 'file': 'E:\\mpf\\wows\\wows\\images\\ConsumableCountdown122.jpg'}
2020-02-17 18:18:12,920 : AssetManager : Registering Asset: ConsumableCountdown123, File: ConsumableCountdown123.jpg, Default Group: default, Final Config: {'load': 'preload', 'file': 'E:\\mpf\\wows\\wows\\images\\ConsumableCountdown123.jpg'}
2020-02-17 18:18:12,920 : AssetManager : Registering Asset: ConsumableCountdown124, File: ConsumableCountdown124.jpg, Default Group: default, Final Config: {'load': 'preload', 'file': 'E:\\mpf\\wows\\wows\\images\\ConsumableCountdown124.jpg'}
2020-02-17 18:18:12,920 : AssetManager : Registering Asset: ConsumableCountdown125, File: ConsumableCountdown125.jpg, Default Group: default, Final Config: {'load': 'preload', 'file': 'E:\\mpf\\wows\\wows\\images\\ConsumableCountdown125.jpg'}
2020-02-17 18:18:12,920 : AssetManager : Registering Asset: ConsumableCountdown126, File: ConsumableCountdown126.jpg, Default Group: default, Final Config: {'load': 'preload', 'file': 'E:\\mpf\\wows\\wows\\images\\ConsumableCountdown126.jpg'}
2020-02-17 18:18:12,920 : AssetManager : Registering Asset: ConsumableCountdown127, File: ConsumableCountdown127.jpg, Default Group: default, Final Config: {'load': 'preload', 'file': 'E:\\mpf\\wows\\wows\\images\\ConsumableCountdown127.jpg'}
2020-02-17 18:18:12,920 : AssetManager : Registering Asset: ConsumableCountdown128, File: ConsumableCountdown128.jpg, Default Group: default, Final Config: {'load': 'preload', 'file': 'E:\\mpf\\wows\\wows\\images\\ConsumableCountdown128.jpg'}
2020-02-17 18:18:12,920 : AssetManager : Registering Asset: ConsumableCountdown129, File: ConsumableCountdown129.jpg, Default Group: default, Final Config: {'load': 'preload', 'file': 'E:\\mpf\\wows\\wows\\images\\ConsumableCountdown129.jpg'}
2020-02-17 18:18:12,920 : AssetManager : Registering Asset: ConsumableCountdown130, File: ConsumableCountdown130.jpg, Default Group: default, Final Config: {'load': 'preload', 'file': 'E:\\mpf\\wows\\wows\\images\\ConsumableCountdown130.jpg'}
2020-02-17 18:18:12,920 : AssetManager : Registering Asset: C_Prog100, File: C_Prog100.jpg, Default Group: default, Final Config: {'load': 'preload', 'file': 'E:\\mpf\\wows\\wows\\images\\C_Prog100.jpg'}
2020-02-17 18:18:12,921 : AssetManager : Registering Asset: mode_1_shot_made, File: mode_1_shot_made.gif, Default Group: default, Final Config: {'load': 'preload', 'file': 'E:\\mpf\\wows\\wows\\modes\\mode_1\\images\\mode_1_shot_made.gif'}
2020-02-17 18:18:12,922 : EventManager : Event: ======'init_phase_4'====== Args={}
2020-02-17 18:18:12,922 : EventManager : Event: ======'init_phase_5'====== Args={}
2020-02-17 18:18:12,928 : EventManager : Event: ======'loading_assets'====== Args={'total': 33, 'loaded': 1, 'remaining': 32, 'percent': 3}
2020-02-17 18:18:12,928 : AssetManager : Loading assets: 1/33 (3%)
2020-02-17 18:18:13,013 : EventManager : Event: ======'loading_assets'====== Args={'total': 33, 'loaded': 33, 'remaining': 0, 'percent': 100}
2020-02-17 18:18:13,013 : AssetManager : Asset loading took: 0.1827564239501953
2020-02-17 18:18:13,013 : EventManager : Event: ======'asset_loading_complete'====== Args={}
2020-02-17 18:18:13,014 : AssetManager : Loading assets: 33/33 (100%)
2020-02-17 18:18:13,014 : EventManager : Event: ======'init_done'====== Args={}
2020-02-17 18:18:13,014 : MPF-MC BCP Server : Starting up on localhost port 5050
2020-02-17 18:18:13,021 : MPF-MC BCP Server : Waiting for a connection...
2020-02-17 18:18:13,021 : mpfmc : SlidePlayer: Play called with settings={'slides': {welcome_slide-None-None: {'target': 'window', 'priority': None, 'background_color': [0.0, 0.0, 0.0, 1.0], 'show': True, 'force': False, 'expire': None, 'slide': None, 'tokens': {}, 'action': 'play', 'transition': None, 'transition_out': None}}}
2020-02-17 18:18:13,024 : kivy : GL: NPOT texture support is available
2020-02-17 18:18:13,039 : EventManager : Event: ======'slide_welcome_slide_created'====== Args={}
2020-02-17 18:18:13,048 : EventManager : Event: ======'slide_welcome_slide_active'====== Args={}
2020-02-17 18:18:13,113 : EventManager : Event: ======'client_disconnected'====== Args={'host': '127.0.0.1', 'port': 5050}
2020-02-17 18:18:14,276 : kivy : WindowSDL: exiting mainloop and closing.
2020-02-17 18:18:14,375 : kivy : Base: Leaving application in progress...
2020-02-17 18:18:14,375 : mpfmc : Stopping...
2020-02-17 18:18:14,376 : EventManager : Event: ======'shutdown'====== Args={}
2020-02-17 18:18:14,376 : mpfmc : Loop rate 49.85 Hz
2020-02-17 18:18:14,376 : kivy : MC run loop ended.
2020-02-17 18:18:14,376 : kivy : Stopping child threads... (3 remaining)
2020-02-17 18:18:15,021 : MPF-MC BCP Server : Stopping BCP sending thread
2020-02-17 18:18:15,029 : MPF-MC BCP Server : Stopping BCP listener thread
2020-02-17 18:18:15,079 : kivy : All child threads stopped.
