2020-03-12 10:44:42,575 : INFO : Machine : Mission Pinball Framework Core Engine v0.53.2
2020-03-12 10:44:42,575 : INFO : Machine : Command line arguments: {'no_load_cache': False, 'create_config_cache': True, 'bcp': True, 'configfile': ['config.yaml'], 'mpfconfigfile': 'c:\\users\\schol\\appdata\\local\\programs\\python\\python36\\lib\\site-packages\\mpf\\mpfconfig.yaml', 'force_assets_load': False, 'jsonlogging': False, 'logfile': 'logs\\2020-03-12-10-44-42-mpf-DESKTOP-FPTMTCL.log', 'pause': False, 'production': False, 'text_ui': True, 'loglevel': 15, 'consoleloglevel': 20, 'force_platform': 'smart_virtual', 'syslog_address': None, 'mc_file_name': None, 'no_sound': False}
2020-03-12 10:44:42,575 : INFO : Machine : MPF path: c:\users\schol\appdata\local\programs\python\python36\lib\site-packages\mpf
2020-03-12 10:44:42,576 : INFO : Machine : Machine path: E:\mpf\wows\wows
2020-03-12 10:44:42,576 : INFO : Machine : Platform: win32
2020-03-12 10:44:42,576 : INFO : Machine : Python executable location: c:\users\schol\appdata\local\programs\python\python36\python.exe
2020-03-12 10:44:42,576 : INFO : Machine : Python version: 3.6.4 (64-bit)
2020-03-12 10:44:42,576 : INFO : Machine : Machine config file #1: config.yaml
2020-03-12 10:44:42,577 : INFO : ConfigProcessor : Loading config from cache: C:\Users\schol\AppData\Local\Temp\a7e9e9e882fa7eca7cb0ba00eaf15121.mpf_cache
2020-03-12 10:44:42,579 : INFO : Machine : Initialise MPF.
2020-03-12 10:44:42,813 : INFO : EventManager : Event: ======'machine_var_credits_string'====== Args={'value': 'FREE PLAY', 'prev_value': None, 'change': True}
2020-03-12 10:44:42,850 : INFO : EventManager : Event: ======'machine_var_player1_score'====== Args={'value': 0, 'prev_value': None, 'change': True}
2020-03-12 10:44:42,851 : INFO : EventManager : Event: ======'machine_var_mpf_version'====== Args={'value': 'MPF v0.53.2', 'prev_value': None, 'change': True}
2020-03-12 10:44:42,851 : INFO : EventManager : Event: ======'machine_var_mpf_extended_version'====== Args={'value': 'MPF v0.53.2, Config version:5, Show version: 5, BCP version:1.1', 'prev_value': None, 'change': True}
2020-03-12 10:44:42,851 : INFO : EventManager : Event: ======'machine_var_python_version'====== Args={'value': '3.6.4', 'prev_value': None, 'change': True}
2020-03-12 10:44:42,851 : INFO : EventManager : Event: ======'machine_var_platform'====== Args={'value': 'Windows-10-10.0.18362-SP0', 'prev_value': None, 'change': True}
2020-03-12 10:44:42,851 : INFO : EventManager : Event: ======'machine_var_platform_system'====== Args={'value': 'Windows', 'prev_value': None, 'change': True}
2020-03-12 10:44:42,851 : INFO : EventManager : Event: ======'machine_var_platform_release'====== Args={'value': '10', 'prev_value': None, 'change': True}
2020-03-12 10:44:42,851 : INFO : EventManager : Event: ======'machine_var_platform_version'====== Args={'value': '10.0.18362', 'prev_value': None, 'change': True}
2020-03-12 10:44:42,851 : INFO : EventManager : Event: ======'machine_var_platform_machine'====== Args={'value': 'AMD64', 'prev_value': None, 'change': True}
2020-03-12 10:44:42,851 : INFO : EventManager : Event: ======'init_phase_1'====== Args={}
2020-03-12 10:44:42,883 : INFO : ConfigProcessor : Loading config from cache: C:\Users\schol\AppData\Local\Temp\79b69aca05077178b8904472f0120320.mpf_cache
2020-03-12 10:44:42,885 : INFO : ConfigProcessor : Loading config from cache: C:\Users\schol\AppData\Local\Temp\5c4497fcd69d1d656c4b69a28e44c490.mpf_cache
2020-03-12 10:44:42,890 : INFO : ConfigProcessor : Loading config from cache: C:\Users\schol\AppData\Local\Temp\2f7452aae1b2779bb4a1388fc419c0c8.mpf_cache
2020-03-12 10:44:42,892 : WARNING : ConfigProcessor : Config file in cache changed: E:\mpf\wows\wows\modes\hc_multiball\config\hc_multiball.yaml
2020-03-12 10:44:42,892 : INFO : ConfigProcessor : Loading config from file E:\mpf\wows\wows\modes\hc_multiball\config\hc_multiball.yaml.
2020-03-12 10:44:42,906 : INFO : ConfigProcessor : Loading config: E:\mpf\wows\wows\modes\hc_multiball\config\hc_multiball.yaml
2020-03-12 10:44:42,907 : INFO : ConfigProcessor : Config file cache created: C:\Users\schol\AppData\Local\Temp\97f63c0afcbce8d9df7044fccf1035a4.mpf_cache
2020-03-12 10:44:42,909 : INFO : ConfigProcessor : Loading config from cache: C:\Users\schol\AppData\Local\Temp\f9a57b3955e1480227d6e8589f6567c4.mpf_cache
2020-03-12 10:44:42,911 : INFO : ConfigProcessor : Loading config from cache: C:\Users\schol\AppData\Local\Temp\4aeaa69609f53d9b71d1dbbedd434b0b.mpf_cache
2020-03-12 10:44:42,913 : INFO : ConfigProcessor : Loading config from cache: C:\Users\schol\AppData\Local\Temp\6e6d4708a613edd7635d35a6961997f3.mpf_cache
2020-03-12 10:44:42,915 : INFO : ConfigProcessor : Loading config from cache: C:\Users\schol\AppData\Local\Temp\d5fd805c5432c1441bf01a6268536a3d.mpf_cache
2020-03-12 10:44:42,919 : INFO : ConfigProcessor : Loading config from cache: C:\Users\schol\AppData\Local\Temp\fa1d48c05f4d8fd05f0b267836a1ac4f.mpf_cache
2020-03-12 10:44:42,921 : INFO : ConfigProcessor : Loading config from cache: C:\Users\schol\AppData\Local\Temp\bafdfa3518b80fac5c67bbc1ea3da4f8.mpf_cache
2020-03-12 10:44:42,923 : INFO : ConfigProcessor : Loading config from cache: C:\Users\schol\AppData\Local\Temp\5dbeda7d2775496a54d206d506904281.mpf_cache
2020-03-12 10:44:42,925 : INFO : ConfigProcessor : Loading config from cache: C:\Users\schol\AppData\Local\Temp\edfeac6524e6d1874b234b23d854175f.mpf_cache
2020-03-12 10:44:42,927 : INFO : ConfigProcessor : Loading config from cache: C:\Users\schol\AppData\Local\Temp\d01089fe8a4c8b32515bd43f8cd9fd8b.mpf_cache
2020-03-12 10:44:42,929 : INFO : ConfigProcessor : Loading config from cache: C:\Users\schol\AppData\Local\Temp\f6b4884431efff4cb2e21d23d2c7b801.mpf_cache
2020-03-12 10:44:42,931 : INFO : ConfigProcessor : Loading config from cache: C:\Users\schol\AppData\Local\Temp\a6527a592b6034dbfea56fdf726c3822.mpf_cache
2020-03-12 10:44:42,933 : INFO : ConfigProcessor : Loading config from cache: C:\Users\schol\AppData\Local\Temp\1e6cc6775e87a3e14ded8d45fd065b10.mpf_cache
2020-03-12 10:44:42,935 : INFO : ConfigProcessor : Loading config from cache: C:\Users\schol\AppData\Local\Temp\fbcc5772262340622f93ebd98450e45f.mpf_cache
2020-03-12 10:44:42,937 : INFO : ConfigProcessor : Loading config from cache: C:\Users\schol\AppData\Local\Temp\2242affd3e515f08e26d4d5b365e866b.mpf_cache
2020-03-12 10:44:42,968 : INFO : EventManager : Event: ======'main_state'====== Args={}
2020-03-12 10:44:42,968 : INFO : EventManager : Event: ======'lock_lit_started'====== Args={}
2020-03-12 10:44:42,969 : WARNING : Mode.confederate : Can only start mode confederate during a game. Aborting start.
2020-03-12 10:44:42,969 : WARNING : Mode.hc_lock_lit : Can only start mode hc_lock_lit during a game. Aborting start.
2020-03-12 10:44:42,969 : INFO : EventManager : Event: ======'init_phase_2'====== Args={}
2020-03-12 10:44:42,969 : INFO : SwitchController : Found active switch: ('2', <Platform.SmartVirtual>)
2020-03-12 10:44:42,970 : INFO : SwitchController : Found active switch: ('3', <Platform.SmartVirtual>)
2020-03-12 10:44:42,970 : INFO : SwitchController : Found active switch: ('4', <Platform.SmartVirtual>)
2020-03-12 10:44:42,970 : INFO : SwitchController : Found active switch: ('5', <Platform.SmartVirtual>)
2020-03-12 10:44:42,970 : INFO : SwitchController : Found active switch: ('6', <Platform.SmartVirtual>)
2020-03-12 10:44:42,970 : INFO : SwitchController : Found active switch: ('7', <Platform.SmartVirtual>)
2020-03-12 10:44:42,974 : ERROR : asyncio : Exception in callback EventManager._done(<Task finishe...= "unlit"}',)>)
handle: <Handle EventManager._done(<Task finishe...= "unlit"}',)>)>
Traceback (most recent call last):
  File "c:\users\schol\appdata\local\programs\python\python36\lib\asyncio\events.py", line 145, in _run
    self._callback(*self._args)
  File "c:\users\schol\appdata\local\programs\python\python36\lib\site-packages\mpf\core\events.py", line 698, in _done
    future.result()
  File "c:\users\schol\appdata\local\programs\python\python36\lib\site-packages\mpf\core\events.py", line 615, in _run_handlers_sequential
    handler.callback(queue=queue, **merged_kwargs)
  File "c:\users\schol\appdata\local\programs\python\python36\lib\site-packages\mpf\core\mode_controller.py", line 96, in initialise_modes
    mode.initialise_mode()
  File "c:\users\schol\appdata\local\programs\python\python36\lib\site-packages\mpf\core\mode.py", line 577, in initialise_mode
    **item.kwargs)
  File "c:\users\schol\appdata\local\programs\python\python36\lib\site-packages\mpf\core\config_player.py", line 133, in process_mode_config
    config = self.validate_config(config)
  File "c:\users\schol\appdata\local\programs\python\python36\lib\site-packages\mpf\core\config_player.py", line 105, in validate_config
    validated_config[event] = self.validate_config_entry(settings, event)
  File "c:\users\schol\appdata\local\programs\python\python36\lib\site-packages\mpf\config_players\flat_config_player.py", line 15, in validate_config_entry
    config = self._parse_config(settings, name)
  File "c:\users\schol\appdata\local\programs\python\python36\lib\site-packages\mpf\core\config_player.py", line 115, in _parse_config
    raise AssertionError("Empty config player {}".format(name))
AssertionError: Empty config player spot_jackpot_scan{device.shots.jackpots.common_state == "unlit"}
2020-03-12 10:44:43,026 : INFO : Machine : Starting the main run loop.
2020-03-12 10:44:43,028 : INFO : Machine : Shutting down...
2020-03-12 10:44:43,029 : INFO : EventManager : Event: ======'shutdown'====== Args={}
2020-03-12 10:44:43,030 : ERROR : Machine : Runtime Exception
Traceback (most recent call last):
  File "c:\users\schol\appdata\local\programs\python\python36\lib\site-packages\mpf\core\machine.py", line 765, in _run_loop
    raise self._exception['exception']
  File "c:\users\schol\appdata\local\programs\python\python36\lib\asyncio\events.py", line 145, in _run
    self._callback(*self._args)
  File "c:\users\schol\appdata\local\programs\python\python36\lib\site-packages\mpf\core\events.py", line 698, in _done
    future.result()
  File "c:\users\schol\appdata\local\programs\python\python36\lib\site-packages\mpf\core\events.py", line 615, in _run_handlers_sequential
    handler.callback(queue=queue, **merged_kwargs)
  File "c:\users\schol\appdata\local\programs\python\python36\lib\site-packages\mpf\core\mode_controller.py", line 96, in initialise_modes
    mode.initialise_mode()
  File "c:\users\schol\appdata\local\programs\python\python36\lib\site-packages\mpf\core\mode.py", line 577, in initialise_mode
    **item.kwargs)
  File "c:\users\schol\appdata\local\programs\python\python36\lib\site-packages\mpf\core\config_player.py", line 133, in process_mode_config
    config = self.validate_config(config)
  File "c:\users\schol\appdata\local\programs\python\python36\lib\site-packages\mpf\core\config_player.py", line 105, in validate_config
    validated_config[event] = self.validate_config_entry(settings, event)
  File "c:\users\schol\appdata\local\programs\python\python36\lib\site-packages\mpf\config_players\flat_config_player.py", line 15, in validate_config_entry
    config = self._parse_config(settings, name)
  File "c:\users\schol\appdata\local\programs\python\python36\lib\site-packages\mpf\core\config_player.py", line 115, in _parse_config
    raise AssertionError("Empty config player {}".format(name))
AssertionError: Empty config player spot_jackpot_scan{device.shots.jackpots.common_state == "unlit"}
2020-03-12 10:44:43,031 : INFO : root : MPF run loop ended.
