2020-02-17 17:39:49,945 : kivy : Factory: 184 symbols loaded
2020-02-17 17:39:50,039 : kivy : Image: Providers: img_tex, img_dds, img_sdl2, img_pil, img_gif (img_ffpyplayer ignored)
2020-02-17 17:39:50,091 : kivy : VideoGstplayer: Using Gstreamer 1.16.0.0
2020-02-17 17:39:50,091 : kivy : Video: Provider: gstplayer
2020-02-17 17:39:50,155 : kivy : Loading MPF-MC controller
2020-02-17 17:39:50,155 : mpfmc : Mission Pinball Framework Media Controller v0.53.0
2020-02-17 17:39:50,156 : mpfmc : Mission Pinball Framework Game Engine v0.53.2
2020-02-17 17:39:50,156 : mpfmc : Machine path: E:\mpf\wows\wows
2020-02-17 17:39:50,157 : ConfigProcessor : Config file in cache changed: E:\mpf\wows\wows\config\config
2020-02-17 17:39:50,157 : ConfigProcessor : Loading config from file c:\users\schol\appdata\local\programs\python\python36\lib\site-packages\mpfmc\mcconfig.yaml.
2020-02-17 17:39:50,195 : ConfigProcessor : Loading config: c:\users\schol\appdata\local\programs\python\python36\lib\site-packages\mpfmc\mcconfig.yaml
2020-02-17 17:39:50,203 : ConfigProcessor : Loading config from file E:\mpf\wows\wows\config\config.
2020-02-17 17:39:50,293 : ConfigProcessor : Loading config: E:\mpf\wows\wows\config\config
2020-02-17 17:39:50,295 : ConfigProcessor : Config file cache created: C:\Users\schol\AppData\Local\Temp\398a03908486e3c8525902f452489fb5.mpf_cache
2020-02-17 17:39:50,295 : mpfmc : Starting clock at 60.0Hz
2020-02-17 17:39:50,306 : kivy : Text: Provider: sdl2
2020-02-17 17:39:50,339 : kivy : Window: Provider: sdl2
2020-02-17 17:39:50,738 : kivy : GL: Using the "OpenGL" graphics system
2020-02-17 17:39:50,744 : kivy : GL: GLEW initialization succeeded
2020-02-17 17:39:50,745 : kivy : GL: Backend used <glew>
2020-02-17 17:39:50,745 : kivy : GL: OpenGL version <b'4.6.0 NVIDIA 432.00'>
2020-02-17 17:39:50,745 : kivy : GL: OpenGL vendor <b'NVIDIA Corporation'>
2020-02-17 17:39:50,745 : kivy : GL: OpenGL renderer <b'GeForce GTX 1060 6GB/PCIe/SSE2'>
2020-02-17 17:39:50,745 : kivy : GL: OpenGL parsed version: 4, 6
2020-02-17 17:39:50,745 : kivy : GL: Shading version <b'4.60 NVIDIA'>
2020-02-17 17:39:50,745 : kivy : GL: Texture max size <32768>
2020-02-17 17:39:50,745 : kivy : GL: Texture max units <32>
2020-02-17 17:39:50,762 : kivy : Window: auto add sdl2 input provider
2020-02-17 17:39:50,762 : kivy : Window: virtual keyboard not allowed, single mode, not docked
2020-02-17 17:39:50,769 : SoundSystem : SoundSystem: Using default 'sound_system' settings
2020-02-17 17:39:50,950 : AudioInterface : Initialized
2020-02-17 17:39:50,950 : SoundSystem : No audio tracks are specified in your machine config file. a track named 'default' has been created.
2020-02-17 17:39:50,952 : kivy : Base: Start application main loop
2020-02-17 17:39:50,953 : EventManager : Event: ======'display_window_initialized'====== Args={}
2020-02-17 17:39:50,953 : EventManager : Event: ======'display_dmd_initialized'====== Args={}
2020-02-17 17:39:51,008 : mpfmc : Display: Setting 'dmd' as default display
2020-02-17 17:39:51,015 : EventManager : Event: ======'displays_initialized'====== Args={}
2020-02-17 17:39:51,016 : EventManager : Event: ======'slide_window_blank_created'====== Args={}
2020-02-17 17:39:51,016 : EventManager : Event: ======'display_window_ready'====== Args={}
2020-02-17 17:39:51,016 : EventManager : Event: ======'slide_dmd_blank_created'====== Args={}
2020-02-17 17:39:51,017 : EventManager : Event: ======'display_dmd_ready'====== Args={}
2020-02-17 17:39:51,025 : EventManager : Event: ======'init_phase_1'====== Args={}
2020-02-17 17:39:51,028 : EventManager : Event: ======'mc_ready'====== Args={}
2020-02-17 17:39:51,028 : EventManager : Event: ======'init_phase_2'====== Args={}
2020-02-17 17:39:51,029 : ConfigProcessor : Loading config from cache: C:\Users\schol\AppData\Local\Temp\6e6d4708a613edd7635d35a6961997f3.mpf_cache
2020-02-17 17:39:51,030 : ConfigProcessor : Loading config from cache: C:\Users\schol\AppData\Local\Temp\1e6cc6775e87a3e14ded8d45fd065b10.mpf_cache
2020-02-17 17:39:51,031 : ConfigProcessor : Loading config from cache: C:\Users\schol\AppData\Local\Temp\2f7452aae1b2779bb4a1388fc419c0c8.mpf_cache
2020-02-17 17:39:51,031 : ConfigProcessor : Loading config from cache: C:\Users\schol\AppData\Local\Temp\4aeaa69609f53d9b71d1dbbedd434b0b.mpf_cache
2020-02-17 17:39:51,031 : ConfigProcessor : Loading config from cache: C:\Users\schol\AppData\Local\Temp\5c4497fcd69d1d656c4b69a28e44c490.mpf_cache
2020-02-17 17:39:51,032 : ConfigProcessor : Loading config from cache: C:\Users\schol\AppData\Local\Temp\d5fd805c5432c1441bf01a6268536a3d.mpf_cache
2020-02-17 17:39:51,032 : ConfigProcessor : Loading config from cache: C:\Users\schol\AppData\Local\Temp\5dbeda7d2775496a54d206d506904281.mpf_cache
2020-02-17 17:39:51,033 : ConfigProcessor : Loading config from cache: C:\Users\schol\AppData\Local\Temp\f9a57b3955e1480227d6e8589f6567c4.mpf_cache
2020-02-17 17:39:51,034 : ConfigProcessor : Loading config from cache: C:\Users\schol\AppData\Local\Temp\fbcc5772262340622f93ebd98450e45f.mpf_cache
2020-02-17 17:39:51,034 : ConfigProcessor : Loading config from cache: C:\Users\schol\AppData\Local\Temp\a6527a592b6034dbfea56fdf726c3822.mpf_cache
2020-02-17 17:39:51,034 : ConfigProcessor : Loading config from cache: C:\Users\schol\AppData\Local\Temp\61baf56902d438563ed6aa6cb9015dcd.mpf_cache
2020-02-17 17:39:51,035 : ConfigProcessor : Loading config from cache: C:\Users\schol\AppData\Local\Temp\97f63c0afcbce8d9df7044fccf1035a4.mpf_cache
2020-02-17 17:39:51,035 : EventManager : Event: ======'init_phase_3'====== Args={}
2020-02-17 17:39:51,036 : AssetManager : Registering Asset: ConsumableCountdown100, File: ConsumableCountdown100.jpg, Default Group: default, Final Config: {'load': 'preload', 'file': 'E:\\mpf\\wows\\wows\\images\\ConsumableCountdown100.jpg'}
2020-02-17 17:39:51,036 : AssetManager : Registering Asset: ConsumableCountdown101, File: ConsumableCountdown101.jpg, Default Group: default, Final Config: {'load': 'preload', 'file': 'E:\\mpf\\wows\\wows\\images\\ConsumableCountdown101.jpg'}
2020-02-17 17:39:51,036 : AssetManager : Registering Asset: ConsumableCountdown102, File: ConsumableCountdown102.jpg, Default Group: default, Final Config: {'load': 'preload', 'file': 'E:\\mpf\\wows\\wows\\images\\ConsumableCountdown102.jpg'}
2020-02-17 17:39:51,036 : AssetManager : Registering Asset: ConsumableCountdown103, File: ConsumableCountdown103.jpg, Default Group: default, Final Config: {'load': 'preload', 'file': 'E:\\mpf\\wows\\wows\\images\\ConsumableCountdown103.jpg'}
2020-02-17 17:39:51,036 : AssetManager : Registering Asset: ConsumableCountdown104, File: ConsumableCountdown104.jpg, Default Group: default, Final Config: {'load': 'preload', 'file': 'E:\\mpf\\wows\\wows\\images\\ConsumableCountdown104.jpg'}
2020-02-17 17:39:51,036 : AssetManager : Registering Asset: ConsumableCountdown105, File: ConsumableCountdown105.jpg, Default Group: default, Final Config: {'load': 'preload', 'file': 'E:\\mpf\\wows\\wows\\images\\ConsumableCountdown105.jpg'}
2020-02-17 17:39:51,036 : AssetManager : Registering Asset: ConsumableCountdown106, File: ConsumableCountdown106.jpg, Default Group: default, Final Config: {'load': 'preload', 'file': 'E:\\mpf\\wows\\wows\\images\\ConsumableCountdown106.jpg'}
2020-02-17 17:39:51,036 : AssetManager : Registering Asset: ConsumableCountdown107, File: ConsumableCountdown107.jpg, Default Group: default, Final Config: {'load': 'preload', 'file': 'E:\\mpf\\wows\\wows\\images\\ConsumableCountdown107.jpg'}
2020-02-17 17:39:51,036 : AssetManager : Registering Asset: ConsumableCountdown108, File: ConsumableCountdown108.jpg, Default Group: default, Final Config: {'load': 'preload', 'file': 'E:\\mpf\\wows\\wows\\images\\ConsumableCountdown108.jpg'}
2020-02-17 17:39:51,036 : AssetManager : Registering Asset: ConsumableCountdown109, File: ConsumableCountdown109.jpg, Default Group: default, Final Config: {'load': 'preload', 'file': 'E:\\mpf\\wows\\wows\\images\\ConsumableCountdown109.jpg'}
2020-02-17 17:39:51,036 : AssetManager : Registering Asset: ConsumableCountdown110, File: ConsumableCountdown110.jpg, Default Group: default, Final Config: {'load': 'preload', 'file': 'E:\\mpf\\wows\\wows\\images\\ConsumableCountdown110.jpg'}
2020-02-17 17:39:51,037 : AssetManager : Registering Asset: ConsumableCountdown111, File: ConsumableCountdown111.jpg, Default Group: default, Final Config: {'load': 'preload', 'file': 'E:\\mpf\\wows\\wows\\images\\ConsumableCountdown111.jpg'}
2020-02-17 17:39:51,037 : AssetManager : Registering Asset: ConsumableCountdown112, File: ConsumableCountdown112.jpg, Default Group: default, Final Config: {'load': 'preload', 'file': 'E:\\mpf\\wows\\wows\\images\\ConsumableCountdown112.jpg'}
2020-02-17 17:39:51,037 : AssetManager : Registering Asset: ConsumableCountdown113, File: ConsumableCountdown113.jpg, Default Group: default, Final Config: {'load': 'preload', 'file': 'E:\\mpf\\wows\\wows\\images\\ConsumableCountdown113.jpg'}
2020-02-17 17:39:51,037 : AssetManager : Registering Asset: ConsumableCountdown114, File: ConsumableCountdown114.jpg, Default Group: default, Final Config: {'load': 'preload', 'file': 'E:\\mpf\\wows\\wows\\images\\ConsumableCountdown114.jpg'}
2020-02-17 17:39:51,037 : AssetManager : Registering Asset: ConsumableCountdown115, File: ConsumableCountdown115.jpg, Default Group: default, Final Config: {'load': 'preload', 'file': 'E:\\mpf\\wows\\wows\\images\\ConsumableCountdown115.jpg'}
2020-02-17 17:39:51,037 : AssetManager : Registering Asset: ConsumableCountdown116, File: ConsumableCountdown116.jpg, Default Group: default, Final Config: {'load': 'preload', 'file': 'E:\\mpf\\wows\\wows\\images\\ConsumableCountdown116.jpg'}
2020-02-17 17:39:51,037 : AssetManager : Registering Asset: ConsumableCountdown117, File: ConsumableCountdown117.jpg, Default Group: default, Final Config: {'load': 'preload', 'file': 'E:\\mpf\\wows\\wows\\images\\ConsumableCountdown117.jpg'}
2020-02-17 17:39:51,037 : AssetManager : Registering Asset: ConsumableCountdown118, File: ConsumableCountdown118.jpg, Default Group: default, Final Config: {'load': 'preload', 'file': 'E:\\mpf\\wows\\wows\\images\\ConsumableCountdown118.jpg'}
2020-02-17 17:39:51,037 : AssetManager : Registering Asset: ConsumableCountdown119, File: ConsumableCountdown119.jpg, Default Group: default, Final Config: {'load': 'preload', 'file': 'E:\\mpf\\wows\\wows\\images\\ConsumableCountdown119.jpg'}
2020-02-17 17:39:51,037 : AssetManager : Registering Asset: ConsumableCountdown120, File: ConsumableCountdown120.jpg, Default Group: default, Final Config: {'load': 'preload', 'file': 'E:\\mpf\\wows\\wows\\images\\ConsumableCountdown120.jpg'}
2020-02-17 17:39:51,037 : AssetManager : Registering Asset: ConsumableCountdown121, File: ConsumableCountdown121.jpg, Default Group: default, Final Config: {'load': 'preload', 'file': 'E:\\mpf\\wows\\wows\\images\\ConsumableCountdown121.jpg'}
2020-02-17 17:39:51,037 : AssetManager : Registering Asset: ConsumableCountdown122, File: ConsumableCountdown122.jpg, Default Group: default, Final Config: {'load': 'preload', 'file': 'E:\\mpf\\wows\\wows\\images\\ConsumableCountdown122.jpg'}
2020-02-17 17:39:51,037 : AssetManager : Registering Asset: ConsumableCountdown123, File: ConsumableCountdown123.jpg, Default Group: default, Final Config: {'load': 'preload', 'file': 'E:\\mpf\\wows\\wows\\images\\ConsumableCountdown123.jpg'}
2020-02-17 17:39:51,037 : AssetManager : Registering Asset: ConsumableCountdown124, File: ConsumableCountdown124.jpg, Default Group: default, Final Config: {'load': 'preload', 'file': 'E:\\mpf\\wows\\wows\\images\\ConsumableCountdown124.jpg'}
2020-02-17 17:39:51,037 : AssetManager : Registering Asset: ConsumableCountdown125, File: ConsumableCountdown125.jpg, Default Group: default, Final Config: {'load': 'preload', 'file': 'E:\\mpf\\wows\\wows\\images\\ConsumableCountdown125.jpg'}
2020-02-17 17:39:51,037 : AssetManager : Registering Asset: ConsumableCountdown126, File: ConsumableCountdown126.jpg, Default Group: default, Final Config: {'load': 'preload', 'file': 'E:\\mpf\\wows\\wows\\images\\ConsumableCountdown126.jpg'}
2020-02-17 17:39:51,037 : AssetManager : Registering Asset: ConsumableCountdown127, File: ConsumableCountdown127.jpg, Default Group: default, Final Config: {'load': 'preload', 'file': 'E:\\mpf\\wows\\wows\\images\\ConsumableCountdown127.jpg'}
2020-02-17 17:39:51,038 : AssetManager : Registering Asset: ConsumableCountdown128, File: ConsumableCountdown128.jpg, Default Group: default, Final Config: {'load': 'preload', 'file': 'E:\\mpf\\wows\\wows\\images\\ConsumableCountdown128.jpg'}
2020-02-17 17:39:51,038 : AssetManager : Registering Asset: ConsumableCountdown129, File: ConsumableCountdown129.jpg, Default Group: default, Final Config: {'load': 'preload', 'file': 'E:\\mpf\\wows\\wows\\images\\ConsumableCountdown129.jpg'}
2020-02-17 17:39:51,038 : AssetManager : Registering Asset: ConsumableCountdown130, File: ConsumableCountdown130.jpg, Default Group: default, Final Config: {'load': 'preload', 'file': 'E:\\mpf\\wows\\wows\\images\\ConsumableCountdown130.jpg'}
2020-02-17 17:39:51,038 : AssetManager : Registering Asset: C_Prog100, File: C_Prog100.jpg, Default Group: default, Final Config: {'load': 'preload', 'file': 'E:\\mpf\\wows\\wows\\images\\C_Prog100.jpg'}
2020-02-17 17:39:51,039 : AssetManager : Registering Asset: mode_1_shot_made, File: mode_1_shot_made.gif, Default Group: default, Final Config: {'load': 'preload', 'file': 'E:\\mpf\\wows\\wows\\modes\\mode_1\\images\\mode_1_shot_made.gif'}
2020-02-17 17:39:51,040 : EventManager : Event: ======'init_phase_4'====== Args={}
2020-02-17 17:39:51,040 : EventManager : Event: ======'init_phase_5'====== Args={}
2020-02-17 17:39:51,045 : EventManager : Event: ======'loading_assets'====== Args={'total': 33, 'loaded': 1, 'remaining': 32, 'percent': 3}
2020-02-17 17:39:51,045 : AssetManager : Loading assets: 1/33 (3%)
2020-02-17 17:39:51,117 : EventManager : Event: ======'loading_assets'====== Args={'total': 33, 'loaded': 33, 'remaining': 0, 'percent': 100}
2020-02-17 17:39:51,117 : AssetManager : Asset loading took: 0.16655826568603516
2020-02-17 17:39:51,117 : EventManager : Event: ======'asset_loading_complete'====== Args={}
2020-02-17 17:39:51,117 : AssetManager : Loading assets: 33/33 (100%)
2020-02-17 17:39:51,117 : EventManager : Event: ======'init_done'====== Args={}
2020-02-17 17:39:51,117 : MPF-MC BCP Server : Starting up on localhost port 5050
2020-02-17 17:39:51,121 : MPF-MC BCP Server : Waiting for a connection...
2020-02-17 17:39:51,121 : mpfmc : SlidePlayer: Play called with settings={'slides': {welcome_slide-None-None: {'target': 'window', 'priority': None, 'background_color': [0.0, 0.0, 0.0, 1.0], 'show': True, 'force': False, 'expire': None, 'slide': None, 'tokens': {}, 'action': 'play', 'transition': None, 'transition_out': None}}}
2020-02-17 17:39:51,123 : kivy : GL: NPOT texture support is available
2020-02-17 17:39:51,136 : EventManager : Event: ======'slide_welcome_slide_created'====== Args={}
2020-02-17 17:39:51,145 : EventManager : Event: ======'slide_welcome_slide_active'====== Args={}
2020-02-17 17:39:51,210 : EventManager : Event: ======'client_disconnected'====== Args={'host': '127.0.0.1', 'port': 5050}
2020-02-17 17:39:52,529 : MPF-MC BCP Server : Received connection from: 127.0.0.1:55040
2020-02-17 17:39:52,545 : EventManager : Event: ======'client_connected'====== Args={'host': '127.0.0.1', 'port': 55040}
2020-02-17 17:39:52,578 : EventManager : Event: ======'machine_var_credits_string'====== Args={'value': 'FREE PLAY', 'prev_value': None, 'change': True}
2020-02-17 17:39:52,578 : EventManager : Event: ======'machine_var_player1_score'====== Args={'value': 0, 'prev_value': None, 'change': True}
2020-02-17 17:39:52,578 : EventManager : Event: ======'machine_var_mpf_version'====== Args={'value': 'MPF v0.53.2', 'prev_value': None, 'change': True}
2020-02-17 17:39:52,578 : EventManager : Event: ======'machine_var_mpf_extended_version'====== Args={'value': 'MPF v0.53.2, Config version:5, Show version: 5, BCP version:1.1', 'prev_value': None, 'change': True}
2020-02-17 17:39:52,579 : EventManager : Event: ======'machine_var_python_version'====== Args={'value': '3.6.4', 'prev_value': None, 'change': True}
2020-02-17 17:39:52,579 : EventManager : Event: ======'machine_var_platform'====== Args={'value': 'Windows-10-10.0.18362-SP0', 'prev_value': None, 'change': True}
2020-02-17 17:39:52,579 : EventManager : Event: ======'machine_var_platform_system'====== Args={'value': 'Windows', 'prev_value': None, 'change': True}
2020-02-17 17:39:52,579 : EventManager : Event: ======'machine_var_platform_release'====== Args={'value': '10', 'prev_value': None, 'change': True}
2020-02-17 17:39:52,579 : EventManager : Event: ======'machine_var_platform_version'====== Args={'value': '10.0.18362', 'prev_value': None, 'change': True}
2020-02-17 17:39:52,579 : EventManager : Event: ======'machine_var_platform_machine'====== Args={'value': 'AMD64', 'prev_value': None, 'change': True}
2020-02-17 17:39:52,579 : EventManager : Event: ======'machine_var_mc_version'====== Args={'value': 'MPF-MC v0.53.0', 'prev_value': None, 'change': True}
2020-02-17 17:39:52,579 : EventManager : Event: ======'machine_var_mc_extended_version'====== Args={'value': 'MPF-MC v0.53.0 (config_version=5, BCP v1.1, Requires MPF v0.53.0)', 'prev_value': None, 'change': True}
2020-02-17 17:39:52,579 : EventManager : Event: ======'machine_var_master_volume'====== Args={'value': 0.5, 'prev_value': None, 'change': True}
2020-02-17 17:39:52,628 : EventManager : Event: ======'machine_var_audits_events_game_ended'====== Args={'value': 1, 'prev_value': None, 'change': True}
2020-02-17 17:39:52,628 : EventManager : Event: ======'machine_var_audits_events_game_started'====== Args={'value': 252, 'prev_value': None, 'change': True}
2020-02-17 17:39:52,628 : EventManager : Event: ======'machine_var_audits_player_score'====== Args={'value': {'average': 0.0, 'top': [0], 'total': 1}, 'prev_value': None, 'change': True}
2020-02-17 17:39:52,629 : EventManager : Event: ======'machine_var_audits_shots_confederate_1'====== Args={'value': 5, 'prev_value': None, 'change': True}
2020-02-17 17:39:52,629 : EventManager : Event: ======'machine_var_audits_shots_confederate_2'====== Args={'value': 4, 'prev_value': None, 'change': True}
2020-02-17 17:39:52,629 : EventManager : Event: ======'machine_var_audits_shots_confederate_3'====== Args={'value': 1, 'prev_value': None, 'change': True}
2020-02-17 17:39:52,629 : EventManager : Event: ======'machine_var_audits_shots_confederate_4'====== Args={'value': 3, 'prev_value': None, 'change': True}
2020-02-17 17:39:52,629 : EventManager : Event: ======'machine_var_audits_shots_confederate_5'====== Args={'value': 1, 'prev_value': None, 'change': True}
2020-02-17 17:39:52,629 : EventManager : Event: ======'machine_var_audits_shots_confederate_6'====== Args={'value': 26, 'prev_value': None, 'change': True}
2020-02-17 17:39:52,629 : EventManager : Event: ======'machine_var_audits_shots_jackpot_1'====== Args={'value': 15, 'prev_value': None, 'change': True}
2020-02-17 17:39:52,629 : EventManager : Event: ======'machine_var_audits_shots_jackpot_2'====== Args={'value': 13, 'prev_value': None, 'change': True}
2020-02-17 17:39:52,629 : EventManager : Event: ======'machine_var_audits_shots_jackpot_3'====== Args={'value': 7, 'prev_value': None, 'change': True}
2020-02-17 17:39:52,629 : EventManager : Event: ======'machine_var_audits_shots_jackpot_4'====== Args={'value': 9, 'prev_value': None, 'change': True}
2020-02-17 17:39:52,629 : EventManager : Event: ======'machine_var_audits_shots_jackpot_5'====== Args={'value': 7, 'prev_value': None, 'change': True}
2020-02-17 17:39:52,629 : EventManager : Event: ======'machine_var_audits_shots_jackpot_6'====== Args={'value': 11, 'prev_value': None, 'change': True}
2020-02-17 17:39:52,630 : EventManager : Event: ======'machine_var_audits_shots_lane_A'====== Args={'value': 9, 'prev_value': None, 'change': True}
2020-02-17 17:39:52,630 : EventManager : Event: ======'machine_var_audits_shots_lane_B'====== Args={'value': 10, 'prev_value': None, 'change': True}
2020-02-17 17:39:52,630 : EventManager : Event: ======'machine_var_audits_shots_lane_C'====== Args={'value': 11, 'prev_value': None, 'change': True}
2020-02-17 17:39:52,630 : EventManager : Event: ======'machine_var_audits_shots_lane_D'====== Args={'value': 17, 'prev_value': None, 'change': True}
2020-02-17 17:39:52,630 : EventManager : Event: ======'machine_var_audits_shots_lane_E'====== Args={'value': 16, 'prev_value': None, 'change': True}
2020-02-17 17:39:52,630 : EventManager : Event: ======'machine_var_audits_shots_lock_lit_1'====== Args={'value': 6, 'prev_value': None, 'change': True}
2020-02-17 17:39:52,630 : EventManager : Event: ======'machine_var_audits_shots_lock_lit_2'====== Args={'value': 27, 'prev_value': None, 'change': True}
2020-02-17 17:39:52,630 : EventManager : Event: ======'machine_var_audits_shots_ricochet_1'====== Args={'value': 1, 'prev_value': None, 'change': True}
2020-02-17 17:39:52,631 : EventManager : Event: ======'machine_var_audits_shots_ricochet_2'====== Args={'value': 1, 'prev_value': None, 'change': True}
2020-02-17 17:39:52,631 : EventManager : Event: ======'machine_var_audits_shots_ricochet_3'====== Args={'value': 1, 'prev_value': None, 'change': True}
2020-02-17 17:39:52,631 : EventManager : Event: ======'machine_var_audits_shots_ricochet_4'====== Args={'value': 1, 'prev_value': None, 'change': True}
2020-02-17 17:39:52,631 : EventManager : Event: ======'machine_var_audits_shots_ricochet_5'====== Args={'value': 1, 'prev_value': None, 'change': True}
2020-02-17 17:39:52,631 : EventManager : Event: ======'machine_var_audits_switches_s_bumper_1'====== Args={'value': 9, 'prev_value': None, 'change': True}
2020-02-17 17:39:52,631 : EventManager : Event: ======'machine_var_audits_switches_s_bumper_2'====== Args={'value': 5, 'prev_value': None, 'change': True}
2020-02-17 17:39:52,631 : EventManager : Event: ======'machine_var_audits_switches_s_bumper_3'====== Args={'value': 1, 'prev_value': None, 'change': True}
2020-02-17 17:39:52,631 : EventManager : Event: ======'machine_var_audits_switches_s_center_ramp'====== Args={'value': 7, 'prev_value': None, 'change': True}
2020-02-17 17:39:52,631 : EventManager : Event: ======'machine_var_audits_switches_s_citadel'====== Args={'value': 6, 'prev_value': None, 'change': True}
2020-02-17 17:39:52,631 : EventManager : Event: ======'machine_var_audits_switches_s_citadel_lock'====== Args={'value': 9, 'prev_value': None, 'change': True}
2020-02-17 17:39:52,632 : EventManager : Event: ======'machine_var_audits_switches_s_detonation'====== Args={'value': 0, 'prev_value': None, 'change': True}
2020-02-17 17:39:52,632 : EventManager : Event: ======'machine_var_audits_switches_s_dmg_1'====== Args={'value': 541, 'prev_value': None, 'change': True}
2020-02-17 17:39:52,632 : EventManager : Event: ======'machine_var_audits_switches_s_dmg_2'====== Args={'value': 5, 'prev_value': None, 'change': True}
2020-02-17 17:39:52,632 : EventManager : Event: ======'machine_var_audits_switches_s_dmg_3'====== Args={'value': 4, 'prev_value': None, 'change': True}
2020-02-17 17:39:52,632 : EventManager : Event: ======'machine_var_audits_switches_s_dmg_4'====== Args={'value': 1, 'prev_value': None, 'change': True}
2020-02-17 17:39:52,632 : EventManager : Event: ======'machine_var_audits_switches_s_dmg_5'====== Args={'value': 2, 'prev_value': None, 'change': True}
2020-02-17 17:39:52,632 : EventManager : Event: ======'machine_var_audits_switches_s_dmg_6'====== Args={'value': 1, 'prev_value': None, 'change': True}
2020-02-17 17:39:52,632 : EventManager : Event: ======'machine_var_audits_switches_s_dmg_7'====== Args={'value': 2, 'prev_value': None, 'change': True}
2020-02-17 17:39:52,632 : EventManager : Event: ======'machine_var_audits_switches_s_drop_target'====== Args={'value': 5, 'prev_value': None, 'change': True}
2020-02-17 17:39:52,632 : EventManager : Event: ======'machine_var_audits_switches_s_jet_hole'====== Args={'value': 0, 'prev_value': None, 'change': True}
2020-02-17 17:39:52,633 : EventManager : Event: ======'machine_var_audits_switches_s_jet_lane'====== Args={'value': 1, 'prev_value': None, 'change': True}
2020-02-17 17:39:52,633 : EventManager : Event: ======'machine_var_audits_switches_s_kickback'====== Args={'value': 0, 'prev_value': None, 'change': True}
2020-02-17 17:39:52,633 : EventManager : Event: ======'machine_var_audits_switches_s_kickback_target_1'====== Args={'value': 0, 'prev_value': None, 'change': True}
2020-02-17 17:39:52,633 : EventManager : Event: ======'machine_var_audits_switches_s_kickback_target_2'====== Args={'value': 0, 'prev_value': None, 'change': True}
2020-02-17 17:39:52,633 : EventManager : Event: ======'machine_var_audits_switches_s_kickback_target_3'====== Args={'value': 2, 'prev_value': None, 'change': True}
2020-02-17 17:39:52,633 : EventManager : Event: ======'machine_var_audits_switches_s_kickback_terget_1'====== Args={'value': 0, 'prev_value': None, 'change': True}
2020-02-17 17:39:52,633 : EventManager : Event: ======'machine_var_audits_switches_s_left_flipper'====== Args={'value': 71, 'prev_value': None, 'change': True}
2020-02-17 17:39:52,633 : EventManager : Event: ======'machine_var_audits_switches_s_left_hole'====== Args={'value': 0, 'prev_value': None, 'change': True}
2020-02-17 17:39:52,633 : EventManager : Event: ======'machine_var_audits_switches_s_left_inlane'====== Args={'value': 11, 'prev_value': None, 'change': True}
2020-02-17 17:39:52,634 : EventManager : Event: ======'machine_var_audits_switches_s_left_loop_made'====== Args={'value': 19, 'prev_value': None, 'change': True}
2020-02-17 17:39:52,634 : EventManager : Event: ======'machine_var_audits_switches_s_left_loop_pre'====== Args={'value': 0, 'prev_value': None, 'change': True}
2020-02-17 17:39:52,634 : EventManager : Event: ======'machine_var_audits_switches_s_left_mid_inlane'====== Args={'value': 10, 'prev_value': None, 'change': True}
2020-02-17 17:39:52,634 : EventManager : Event: ======'machine_var_audits_switches_s_left_outlane'====== Args={'value': 9, 'prev_value': None, 'change': True}
2020-02-17 17:39:52,634 : EventManager : Event: ======'machine_var_audits_switches_s_left_ramp_made'====== Args={'value': 26, 'prev_value': None, 'change': True}
2020-02-17 17:39:52,634 : EventManager : Event: ======'machine_var_audits_switches_s_left_ramp_pre'====== Args={'value': 0, 'prev_value': None, 'change': True}
2020-02-17 17:39:52,634 : EventManager : Event: ======'machine_var_audits_switches_s_left_slingshot'====== Args={'value': 0, 'prev_value': None, 'change': True}
2020-02-17 17:39:52,634 : EventManager : Event: ======'machine_var_audits_switches_s_lock_1'====== Args={'value': 16, 'prev_value': None, 'change': True}
2020-02-17 17:39:52,635 : EventManager : Event: ======'machine_var_audits_switches_s_lock_2'====== Args={'value': 10, 'prev_value': None, 'change': True}
2020-02-17 17:39:52,635 : EventManager : Event: ======'machine_var_audits_switches_s_lock_3'====== Args={'value': 11, 'prev_value': None, 'change': True}
2020-02-17 17:39:52,635 : EventManager : Event: ======'machine_var_audits_switches_s_magnet_switch'====== Args={'value': 0, 'prev_value': None, 'change': True}
2020-02-17 17:39:52,635 : EventManager : Event: ======'machine_var_audits_switches_s_main_hole'====== Args={'value': 108, 'prev_value': None, 'change': True}
2020-02-17 17:39:52,635 : EventManager : Event: ======'machine_var_audits_switches_s_pen_1'====== Args={'value': 1, 'prev_value': None, 'change': True}
2020-02-17 17:39:52,635 : EventManager : Event: ======'machine_var_audits_switches_s_pen_2'====== Args={'value': 1, 'prev_value': None, 'change': True}
2020-02-17 17:39:52,635 : EventManager : Event: ======'machine_var_audits_switches_s_pen_3'====== Args={'value': 0, 'prev_value': None, 'change': True}
2020-02-17 17:39:52,635 : EventManager : Event: ======'machine_var_audits_switches_s_pen_4'====== Args={'value': 1, 'prev_value': None, 'change': True}
2020-02-17 17:39:52,635 : EventManager : Event: ======'machine_var_audits_switches_s_pen_5'====== Args={'value': 0, 'prev_value': None, 'change': True}
2020-02-17 17:39:52,635 : EventManager : Event: ======'machine_var_audits_switches_s_pen_6'====== Args={'value': 1, 'prev_value': None, 'change': True}
2020-02-17 17:39:52,636 : EventManager : Event: ======'machine_var_audits_switches_s_plunger'====== Args={'value': 290, 'prev_value': None, 'change': True}
2020-02-17 17:39:52,636 : EventManager : Event: ======'machine_var_audits_switches_s_plunger_button'====== Args={'value': 2, 'prev_value': None, 'change': True}
2020-02-17 17:39:52,636 : EventManager : Event: ======'machine_var_audits_switches_s_ricochet_1'====== Args={'value': 25, 'prev_value': None, 'change': True}
2020-02-17 17:39:52,636 : EventManager : Event: ======'machine_var_audits_switches_s_ricochet_2'====== Args={'value': 8, 'prev_value': None, 'change': True}
2020-02-17 17:39:52,636 : EventManager : Event: ======'machine_var_audits_switches_s_ricochet_3'====== Args={'value': 3, 'prev_value': None, 'change': True}
2020-02-17 17:39:52,636 : EventManager : Event: ======'machine_var_audits_switches_s_ricochet_4'====== Args={'value': 6, 'prev_value': None, 'change': True}
2020-02-17 17:39:52,636 : EventManager : Event: ======'machine_var_audits_switches_s_ricochet_5'====== Args={'value': 6, 'prev_value': None, 'change': True}
2020-02-17 17:39:52,636 : EventManager : Event: ======'machine_var_audits_switches_s_right_flipper'====== Args={'value': 561, 'prev_value': None, 'change': True}
2020-02-17 17:39:52,636 : EventManager : Event: ======'machine_var_audits_switches_s_right_hole'====== Args={'value': 26, 'prev_value': None, 'change': True}
2020-02-17 17:39:52,637 : EventManager : Event: ======'machine_var_audits_switches_s_right_inlane'====== Args={'value': 17, 'prev_value': None, 'change': True}
2020-02-17 17:39:52,637 : EventManager : Event: ======'machine_var_audits_switches_s_right_outlane'====== Args={'value': 16, 'prev_value': None, 'change': True}
2020-02-17 17:39:52,637 : EventManager : Event: ======'machine_var_audits_switches_s_right_ramp_made'====== Args={'value': 42, 'prev_value': None, 'change': True}
2020-02-17 17:39:52,637 : EventManager : Event: ======'machine_var_audits_switches_s_right_ramp_pre'====== Args={'value': 0, 'prev_value': None, 'change': True}
2020-02-17 17:39:52,637 : EventManager : Event: ======'machine_var_audits_switches_s_right_slingshot'====== Args={'value': 0, 'prev_value': None, 'change': True}
2020-02-17 17:39:52,637 : EventManager : Event: ======'machine_var_audits_switches_s_right_small_ramp'====== Args={'value': 0, 'prev_value': None, 'change': True}
2020-02-17 17:39:52,637 : EventManager : Event: ======'machine_var_audits_switches_s_side_hole'====== Args={'value': 2, 'prev_value': None, 'change': True}
2020-02-17 17:39:52,637 : EventManager : Event: ======'machine_var_audits_switches_s_side_ramp_made'====== Args={'value': 38, 'prev_value': None, 'change': True}
2020-02-17 17:39:52,637 : EventManager : Event: ======'machine_var_audits_switches_s_side_ramp_pre'====== Args={'value': 0, 'prev_value': None, 'change': True}
2020-02-17 17:39:52,638 : EventManager : Event: ======'machine_var_audits_switches_s_start'====== Args={'value': 8, 'prev_value': None, 'change': True}
2020-02-17 17:39:52,638 : EventManager : Event: ======'machine_var_audits_switches_s_torpedo'====== Args={'value': 23, 'prev_value': None, 'change': True}
2020-02-17 17:39:52,645 : EventManager : Event: ======'machine_var_audits_switches_s_trough1'====== Args={'value': 17, 'prev_value': None, 'change': True}
2020-02-17 17:39:52,645 : EventManager : Event: ======'machine_var_audits_switches_s_trough2'====== Args={'value': 2, 'prev_value': None, 'change': True}
2020-02-17 17:39:52,645 : EventManager : Event: ======'machine_var_audits_switches_s_trough3'====== Args={'value': 1, 'prev_value': None, 'change': True}
2020-02-17 17:39:52,645 : EventManager : Event: ======'machine_var_audits_switches_s_trough4'====== Args={'value': 2, 'prev_value': None, 'change': True}
2020-02-17 17:39:52,645 : EventManager : Event: ======'machine_var_audits_switches_s_trough5'====== Args={'value': 0, 'prev_value': None, 'change': True}
2020-02-17 17:39:52,646 : EventManager : Event: ======'machine_var_audits_switches_s_trough6'====== Args={'value': 1, 'prev_value': None, 'change': True}
2020-02-17 17:39:52,646 : EventManager : Event: ======'machine_var_audits_switches_s_trough_jam'====== Args={'value': 0, 'prev_value': None, 'change': True}
2020-02-17 17:39:52,711 : EventManager : Event: ======'slides_play'====== Args={'settings': {'welcome_slide': {'target': 'window', 'background_color': [0.0, 0.0, 0.0, 1.0], 'priority': None, 'show': True, 'force': False, 'expire': None, 'slide': None, 'tokens': {}, 'action': 'play'}}, 'context': '_global', 'calling_context': 'init_done', 'priority': 0}
2020-02-17 17:39:52,711 : EventManager : Event: ======'mc_reset_phase_1'====== Args={}
2020-02-17 17:39:52,711 : mpfmc : SlidePlayer: Play called with settings={'welcome_slide': {'target': 'window', 'background_color': [0.0, 0.0, 0.0, 1.0], 'priority': None, 'show': True, 'force': False, 'expire': None, 'slide': None, 'tokens': {}, 'action': 'play'}}
2020-02-17 17:39:52,713 : EventManager : Event: ======'slide_welcome_slide_removed'====== Args={}
2020-02-17 17:39:52,722 : EventManager : Event: ======'slide_welcome_slide_created'====== Args={}
2020-02-17 17:39:52,723 : EventManager : Event: ======'mc_reset_phase_2'====== Args={}
2020-02-17 17:39:52,723 : EventManager : Event: ======'mc_reset_phase_3'====== Args={}
2020-02-17 17:39:52,723 : EventManager : Event: ======'mc_reset_complete'====== Args={}
2020-02-17 17:39:52,724 : EventManager : Event: ======'slide_welcome_slide_active'====== Args={}
2020-02-17 17:39:52,747 : EventManager : Event: ======'slides_play'====== Args={'settings': {'attract_started': {'target': 'window', 'background_color': [0.0, 0.0, 0.0, 1.0], 'priority': None, 'show': True, 'force': False, 'expire': None, 'slide': None, 'tokens': {}, 'action': 'play'}}, 'context': '_global', 'calling_context': 'mode_attract_started', 'priority': 0}
2020-02-17 17:39:52,747 : mpfmc : SlidePlayer: Play called with settings={'attract_started': {'target': 'window', 'background_color': [0.0, 0.0, 0.0, 1.0], 'priority': None, 'show': True, 'force': False, 'expire': None, 'slide': None, 'tokens': {}, 'action': 'play'}}
2020-02-17 17:39:52,756 : EventManager : Event: ======'slide_attract_started_created'====== Args={}
2020-02-17 17:39:52,765 : EventManager : Event: ======'slide_attract_started_active'====== Args={}
2020-02-17 17:39:53,378 : EventManager : Event: ======'game_started'====== Args={}
2020-02-17 17:39:53,395 : EventManager : Event: ======'player_added'====== Args={'player': <Player 1>, 'num': 1}
2020-02-17 17:39:53,395 : EventManager : Event: ======'player_index'====== Args={'value': 0, 'prev_value': 0, 'change': 0, 'player_num': 1}
2020-02-17 17:39:53,395 : EventManager : Event: ======'player_number'====== Args={'value': 1, 'prev_value': 1, 'change': 0, 'player_num': 1}
2020-02-17 17:39:53,395 : EventManager : Event: ======'player_score'====== Args={'value': 0, 'prev_value': 0, 'change': 0, 'player_num': 1}
2020-02-17 17:39:53,395 : EventManager : Event: ======'player_ReceivedDMG'====== Args={'value': 1, 'prev_value': 0, 'change': 1, 'player_num': 1}
2020-02-17 17:39:53,395 : EventManager : Event: ======'player_DMGValue'====== Args={'value': 10000000, 'prev_value': 0, 'change': 10000000, 'player_num': 1}
2020-02-17 17:39:53,395 : EventManager : Event: ======'player_m1shotmade'====== Args={'value': 0, 'prev_value': 0, 'change': 0, 'player_num': 1}
2020-02-17 17:39:53,395 : EventManager : Event: ======'player_m2shotmade'====== Args={'value': 0, 'prev_value': 0, 'change': 0, 'player_num': 1}
2020-02-17 17:39:53,395 : EventManager : Event: ======'player_m3shotmade'====== Args={'value': 0, 'prev_value': 0, 'change': 0, 'player_num': 1}
2020-02-17 17:39:53,395 : EventManager : Event: ======'player_m4shotmade'====== Args={'value': 0, 'prev_value': 0, 'change': 0, 'player_num': 1}
2020-02-17 17:39:53,396 : EventManager : Event: ======'player_m5shotmade'====== Args={'value': 0, 'prev_value': 0, 'change': 0, 'player_num': 1}
2020-02-17 17:39:53,396 : EventManager : Event: ======'player_m6shotmade'====== Args={'value': 0, 'prev_value': 0, 'change': 0, 'player_num': 1}
2020-02-17 17:39:53,396 : EventManager : Event: ======'player_m7shotmade'====== Args={'value': 0, 'prev_value': 0, 'change': 0, 'player_num': 1}
2020-02-17 17:39:53,396 : EventManager : Event: ======'player_m8shotmade'====== Args={'value': 0, 'prev_value': 0, 'change': 0, 'player_num': 1}
2020-02-17 17:39:53,396 : EventManager : Event: ======'player_m9shotmade'====== Args={'value': 0, 'prev_value': 0, 'change': 0, 'player_num': 1}
2020-02-17 17:39:53,396 : EventManager : Event: ======'player_m1_active'====== Args={'value': 0, 'prev_value': 0, 'change': 0, 'player_num': 1}
2020-02-17 17:39:53,396 : EventManager : Event: ======'player_m2_active'====== Args={'value': 0, 'prev_value': 0, 'change': 0, 'player_num': 1}
2020-02-17 17:39:53,396 : EventManager : Event: ======'player_m3_active'====== Args={'value': 0, 'prev_value': 0, 'change': 0, 'player_num': 1}
2020-02-17 17:39:53,396 : EventManager : Event: ======'player_m4_active'====== Args={'value': 0, 'prev_value': 0, 'change': 0, 'player_num': 1}
2020-02-17 17:39:53,396 : EventManager : Event: ======'player_m5_active'====== Args={'value': 0, 'prev_value': 0, 'change': 0, 'player_num': 1}
2020-02-17 17:39:53,396 : EventManager : Event: ======'player_m6_active'====== Args={'value': 0, 'prev_value': 0, 'change': 0, 'player_num': 1}
2020-02-17 17:39:53,396 : EventManager : Event: ======'player_m7_active'====== Args={'value': 0, 'prev_value': 0, 'change': 0, 'player_num': 1}
2020-02-17 17:39:53,396 : EventManager : Event: ======'player_m8_active'====== Args={'value': 0, 'prev_value': 0, 'change': 0, 'player_num': 1}
2020-02-17 17:39:53,396 : EventManager : Event: ======'player_m9_active'====== Args={'value': 0, 'prev_value': 0, 'change': 0, 'player_num': 1}
2020-02-17 17:39:53,397 : EventManager : Event: ======'player_lock_lit_1_state'====== Args={'value': 0, 'prev_value': 0, 'change': 0, 'player_num': 1}
2020-02-17 17:39:53,397 : EventManager : Event: ======'player_lock_lit_2_state'====== Args={'value': 0, 'prev_value': 0, 'change': 0, 'player_num': 1}
2020-02-17 17:39:53,397 : EventManager : Event: ======'player_frezee_started'====== Args={'value': 0, 'prev_value': 0, 'change': 0, 'player_num': 1}
2020-02-17 17:39:53,397 : EventManager : Event: ======'player_timer_height'====== Args={'value': 0.0, 'prev_value': 0, 'change': 0.0, 'player_num': 1}
2020-02-17 17:39:53,397 : EventManager : Event: ======'player_citadel_loaded'====== Args={'value': 0, 'prev_value': 0, 'change': 0, 'player_num': 1}
2020-02-17 17:39:53,397 : EventManager : Event: ======'player_torpedo_loaded'====== Args={'value': 0, 'prev_value': 0, 'change': 0, 'player_num': 1}
2020-02-17 17:39:53,397 : EventManager : Event: ======'player_citadel_load_number'====== Args={'value': 3, 'prev_value': 0, 'change': 3, 'player_num': 1}
2020-02-17 17:39:53,397 : EventManager : Event: ======'player_torpedo_load_number'====== Args={'value': 3, 'prev_value': 0, 'change': 3, 'player_num': 1}
2020-02-17 17:39:53,428 : EventManager : Event: ======'player_ball'====== Args={'value': 1, 'prev_value': 0, 'change': 1, 'player_num': 1}
2020-02-17 17:39:53,428 : EventManager : Event: ======'player_turn_start'====== Args={'number': 1, 'player': <Player 1>}
2020-02-17 17:39:53,461 : EventManager : Event: ======'slides_play'====== Args={'settings': {'widgets': {'widgets': [{'type': 'text', 'text': '(score)', 'number_grouping': True, 'min_digits': 2, 'font_size': 30, 'color': [1.0, 0.0, 0.0, 1], '_default_settings': ['type', 'text', 'number_grouping', 'min_digits', 'font_size', 'color'], 'x': None, 'y': None, 'anchor_x': 'center', 'anchor_y': 'center', 'round_anchor_x': None, 'round_anchor_y': None, 'opacity': 1.0, 'z': 0, 'reset_animations_events': {}, 'style': [], 'adjust_top': 0, 'adjust_bottom': 0, 'adjust_left': 0, 'adjust_right': 0, 'expire': None, 'key': None, 'widget': None, 'events_when_added': [], 'events_when_removed': [], 'bitmap_font': False, 'font_kerning': True, 'bold': False, 'italic': False, 'halign': 'center', 'valign': 'middle', 'rotation': 0, 'scale': 1.0, 'casing': None, 'animations': None}, {'type': 'text', 'text': 'PLAYER (number)', 'y': '0', 'x': '0', 'font_size': 8, 'anchor_x': 'left', 'anchor_y': 'bottom', 'color': [0.0, 0.0, 1.0, 1], '_default_settings': ['type', 'text', 'y', 'x', 'font_size', 'anchor_x', 'anchor_y', 'color'], 'round_anchor_x': None, 'round_anchor_y': None, 'opacity': 1.0, 'z': 0, 'reset_animations_events': {}, 'style': [], 'adjust_top': 0, 'adjust_bottom': 0, 'adjust_left': 0, 'adjust_right': 0, 'expire': None, 'key': None, 'widget': None, 'events_when_added': [], 'events_when_removed': [], 'bitmap_font': False, 'font_kerning': True, 'bold': False, 'italic': False, 'number_grouping': False, 'min_digits': 0, 'halign': 'center', 'valign': 'middle', 'rotation': 0, 'scale': 1.0, 'casing': None, 'animations': None}, {'type': 'text', 'text': 'BALL (ball)', 'y': '0', 'x': 'right-10', 'anchor_x': 'right', 'anchor_y': 'bottom', 'font_size': 8, 'color': [0.0, 0.5019607843137255, 0.0, 1], '_default_settings': ['type', 'text', 'y', 'x', 'anchor_x', 'anchor_y', 'font_size', 'color'], 'round_anchor_x': None, 'round_anchor_y': None, 'opacity': 1.0, 'z': 0, 'reset_animations_events': {}, 'style': [], 'adjust_top': 0, 'adjust_bottom': 0, 'adjust_left': 0, 'adjust_right': 0, 'expire': None, 'key': None, 'widget': None, 'events_when_added': [], 'events_when_removed': [], 'bitmap_font': False, 'font_kerning': True, 'bold': False, 'italic': False, 'number_grouping': False, 'min_digits': 0, 'halign': 'center', 'valign': 'middle', 'rotation': 0, 'scale': 1.0, 'casing': None, 'animations': None}], 'target': None, 'background_color': [0.0, 0.0, 0.0, 1.0], 'priority': None, 'show': True, 'force': False, 'expire': None, 'slide': None, 'tokens': {}, 'action': 'play'}}, 'context': 'base', 'calling_context': 'mode_base_started', 'priority': 100, 'queue': '<QueuedEvent>', 'player': 1, 'ball': 1, 'balls_remaining': 2, 'is_extra_ball': False}
2020-02-17 17:39:53,462 : EventManager : Event: ======'player_shot_lane_A_enabled'====== Args={'value': True, 'prev_value': 0, 'change': 1, 'player_num': 1}
2020-02-17 17:39:53,462 : EventManager : Event: ======'player_shot_lane_B_enabled'====== Args={'value': True, 'prev_value': 0, 'change': 1, 'player_num': 1}
2020-02-17 17:39:53,462 : EventManager : Event: ======'player_shot_lane_C_enabled'====== Args={'value': True, 'prev_value': 0, 'change': 1, 'player_num': 1}
2020-02-17 17:39:53,463 : EventManager : Event: ======'player_shot_lane_D_enabled'====== Args={'value': True, 'prev_value': 0, 'change': 1, 'player_num': 1}
2020-02-17 17:39:53,463 : EventManager : Event: ======'player_shot_lane_E_enabled'====== Args={'value': True, 'prev_value': 0, 'change': 1, 'player_num': 1}
2020-02-17 17:39:53,463 : EventManager : Event: ======'player_shot_ricochet_1_enabled'====== Args={'value': True, 'prev_value': 0, 'change': 1, 'player_num': 1}
2020-02-17 17:39:53,463 : EventManager : Event: ======'player_shot_ricochet_2_enabled'====== Args={'value': True, 'prev_value': 0, 'change': 1, 'player_num': 1}
2020-02-17 17:39:53,463 : EventManager : Event: ======'player_shot_ricochet_3_enabled'====== Args={'value': True, 'prev_value': 0, 'change': 1, 'player_num': 1}
2020-02-17 17:39:53,463 : EventManager : Event: ======'player_shot_ricochet_4_enabled'====== Args={'value': True, 'prev_value': 0, 'change': 1, 'player_num': 1}
2020-02-17 17:39:53,463 : EventManager : Event: ======'player_shot_ricochet_5_enabled'====== Args={'value': True, 'prev_value': 0, 'change': 1, 'player_num': 1}
2020-02-17 17:39:53,463 : mpfmc : SlidePlayer: Play called with settings={'widgets': {'widgets': [{'type': 'text', 'text': '(score)', 'number_grouping': True, 'min_digits': 2, 'font_size': 30, 'color': [1.0, 0.0, 0.0, 1], '_default_settings': ['type', 'text', 'number_grouping', 'min_digits', 'font_size', 'color'], 'x': None, 'y': None, 'anchor_x': 'center', 'anchor_y': 'center', 'round_anchor_x': None, 'round_anchor_y': None, 'opacity': 1.0, 'z': 0, 'reset_animations_events': {}, 'style': [], 'adjust_top': 0, 'adjust_bottom': 0, 'adjust_left': 0, 'adjust_right': 0, 'expire': None, 'key': None, 'widget': None, 'events_when_added': [], 'events_when_removed': [], 'bitmap_font': False, 'font_kerning': True, 'bold': False, 'italic': False, 'halign': 'center', 'valign': 'middle', 'rotation': 0, 'scale': 1.0, 'casing': None, 'animations': None}, {'type': 'text', 'text': 'PLAYER (number)', 'y': '0', 'x': '0', 'font_size': 8, 'anchor_x': 'left', 'anchor_y': 'bottom', 'color': [0.0, 0.0, 1.0, 1], '_default_settings': ['type', 'text', 'y', 'x', 'font_size', 'anchor_x', 'anchor_y', 'color'], 'round_anchor_x': None, 'round_anchor_y': None, 'opacity': 1.0, 'z': 0, 'reset_animations_events': {}, 'style': [], 'adjust_top': 0, 'adjust_bottom': 0, 'adjust_left': 0, 'adjust_right': 0, 'expire': None, 'key': None, 'widget': None, 'events_when_added': [], 'events_when_removed': [], 'bitmap_font': False, 'font_kerning': True, 'bold': False, 'italic': False, 'number_grouping': False, 'min_digits': 0, 'halign': 'center', 'valign': 'middle', 'rotation': 0, 'scale': 1.0, 'casing': None, 'animations': None}, {'type': 'text', 'text': 'BALL (ball)', 'y': '0', 'x': 'right-10', 'anchor_x': 'right', 'anchor_y': 'bottom', 'font_size': 8, 'color': [0.0, 0.5019607843137255, 0.0, 1], '_default_settings': ['type', 'text', 'y', 'x', 'anchor_x', 'anchor_y', 'font_size', 'color'], 'round_anchor_x': None, 'round_anchor_y': None, 'opacity': 1.0, 'z': 0, 'reset_animations_events': {}, 'style': [], 'adjust_top': 0, 'adjust_bottom': 0, 'adjust_left': 0, 'adjust_right': 0, 'expire': None, 'key': None, 'widget': None, 'events_when_added': [], 'events_when_removed': [], 'bitmap_font': False, 'font_kerning': True, 'bold': False, 'italic': False, 'number_grouping': False, 'min_digits': 0, 'halign': 'center', 'valign': 'middle', 'rotation': 0, 'scale': 1.0, 'casing': None, 'animations': None}], 'target': None, 'background_color': [0.0, 0.0, 0.0, 1.0], 'priority': None, 'show': True, 'force': False, 'expire': None, 'slide': None, 'tokens': {}, 'action': 'play'}}
2020-02-17 17:39:53,471 : EventManager : Event: ======'slide_base.slide_player-mode_base_started_created'====== Args={}
2020-02-17 17:39:53,474 : EventManager : Event: ======'slide_base.slide_player-mode_base_started_active'====== Args={}
2020-02-17 17:39:53,495 : EventManager : Event: ======'player_shot_confederate_1_enabled'====== Args={'value': True, 'prev_value': 0, 'change': 1, 'player_num': 1}
2020-02-17 17:39:53,495 : EventManager : Event: ======'player_shot_confederate_2_enabled'====== Args={'value': True, 'prev_value': 0, 'change': 1, 'player_num': 1}
2020-02-17 17:39:53,495 : EventManager : Event: ======'player_shot_confederate_3_enabled'====== Args={'value': True, 'prev_value': 0, 'change': 1, 'player_num': 1}
2020-02-17 17:39:53,495 : EventManager : Event: ======'player_shot_confederate_4_enabled'====== Args={'value': True, 'prev_value': 0, 'change': 1, 'player_num': 1}
2020-02-17 17:39:53,495 : EventManager : Event: ======'player_shot_confederate_5_enabled'====== Args={'value': True, 'prev_value': 0, 'change': 1, 'player_num': 1}
2020-02-17 17:39:53,495 : EventManager : Event: ======'player_shot_confederate_6_enabled'====== Args={'value': True, 'prev_value': 0, 'change': 1, 'player_num': 1}
2020-02-17 17:39:53,496 : EventManager : Event: ======'player_shot_lock_lit_1_enabled'====== Args={'value': True, 'prev_value': 0, 'change': 1, 'player_num': 1}
2020-02-17 17:39:53,496 : EventManager : Event: ======'player_shot_lock_lit_2_enabled'====== Args={'value': True, 'prev_value': 0, 'change': 1, 'player_num': 1}
2020-02-17 17:39:53,544 : EventManager : Event: ======'slides_play'====== Args={'settings': {'widgets': {'widgets': [{'type': 'text', 'text': '(score)', 'number_grouping': True, 'min_digits': 2, 'font_size': 30, 'color': [1.0, 0.0, 0.0, 1], '_default_settings': ['type', 'text', 'number_grouping', 'min_digits', 'font_size', 'color'], 'x': None, 'y': None, 'anchor_x': 'center', 'anchor_y': 'center', 'round_anchor_x': None, 'round_anchor_y': None, 'opacity': 1.0, 'z': 0, 'reset_animations_events': {}, 'style': [], 'adjust_top': 0, 'adjust_bottom': 0, 'adjust_left': 0, 'adjust_right': 0, 'expire': None, 'key': None, 'widget': None, 'events_when_added': [], 'events_when_removed': [], 'bitmap_font': False, 'font_kerning': True, 'bold': False, 'italic': False, 'halign': 'center', 'valign': 'middle', 'rotation': 0, 'scale': 1.0, 'casing': None, 'animations': None}, {'type': 'text', 'text': 'PLAYER (number)', 'y': '0', 'x': '0', 'font_size': 8, 'anchor_x': 'left', 'anchor_y': 'bottom', 'color': [0.0, 0.0, 1.0, 1], '_default_settings': ['type', 'text', 'y', 'x', 'font_size', 'anchor_x', 'anchor_y', 'color'], 'round_anchor_x': None, 'round_anchor_y': None, 'opacity': 1.0, 'z': 0, 'reset_animations_events': {}, 'style': [], 'adjust_top': 0, 'adjust_bottom': 0, 'adjust_left': 0, 'adjust_right': 0, 'expire': None, 'key': None, 'widget': None, 'events_when_added': [], 'events_when_removed': [], 'bitmap_font': False, 'font_kerning': True, 'bold': False, 'italic': False, 'number_grouping': False, 'min_digits': 0, 'halign': 'center', 'valign': 'middle', 'rotation': 0, 'scale': 1.0, 'casing': None, 'animations': None}, {'type': 'text', 'text': 'BALL (citadel_loaded)', 'y': '0', 'x': 'right-10', 'anchor_x': 'right', 'anchor_y': 'bottom', 'font_size': 8, 'color': [0.0, 0.5019607843137255, 0.0, 1], '_default_settings': ['type', 'text', 'y', 'x', 'anchor_x', 'anchor_y', 'font_size', 'color'], 'round_anchor_x': None, 'round_anchor_y': None, 'opacity': 1.0, 'z': 0, 'reset_animations_events': {}, 'style': [], 'adjust_top': 0, 'adjust_bottom': 0, 'adjust_left': 0, 'adjust_right': 0, 'expire': None, 'key': None, 'widget': None, 'events_when_added': [], 'events_when_removed': [], 'bitmap_font': False, 'font_kerning': True, 'bold': False, 'italic': False, 'number_grouping': False, 'min_digits': 0, 'halign': 'center', 'valign': 'middle', 'rotation': 0, 'scale': 1.0, 'casing': None, 'animations': None}], 'target': None, 'background_color': [0.0, 0.0, 0.0, 1.0], 'priority': None, 'show': True, 'force': False, 'expire': None, 'slide': None, 'tokens': {}, 'action': 'play'}}, 'context': 'battle', 'calling_context': 'mode_battle_started', 'priority': 300, 'player': 1, 'ball': 1, 'balls_remaining': 2, 'is_extra_ball': False}
2020-02-17 17:39:53,545 : mpfmc : SlidePlayer: Play called with settings={'widgets': {'widgets': [{'type': 'text', 'text': '(score)', 'number_grouping': True, 'min_digits': 2, 'font_size': 30, 'color': [1.0, 0.0, 0.0, 1], '_default_settings': ['type', 'text', 'number_grouping', 'min_digits', 'font_size', 'color'], 'x': None, 'y': None, 'anchor_x': 'center', 'anchor_y': 'center', 'round_anchor_x': None, 'round_anchor_y': None, 'opacity': 1.0, 'z': 0, 'reset_animations_events': {}, 'style': [], 'adjust_top': 0, 'adjust_bottom': 0, 'adjust_left': 0, 'adjust_right': 0, 'expire': None, 'key': None, 'widget': None, 'events_when_added': [], 'events_when_removed': [], 'bitmap_font': False, 'font_kerning': True, 'bold': False, 'italic': False, 'halign': 'center', 'valign': 'middle', 'rotation': 0, 'scale': 1.0, 'casing': None, 'animations': None}, {'type': 'text', 'text': 'PLAYER (number)', 'y': '0', 'x': '0', 'font_size': 8, 'anchor_x': 'left', 'anchor_y': 'bottom', 'color': [0.0, 0.0, 1.0, 1], '_default_settings': ['type', 'text', 'y', 'x', 'font_size', 'anchor_x', 'anchor_y', 'color'], 'round_anchor_x': None, 'round_anchor_y': None, 'opacity': 1.0, 'z': 0, 'reset_animations_events': {}, 'style': [], 'adjust_top': 0, 'adjust_bottom': 0, 'adjust_left': 0, 'adjust_right': 0, 'expire': None, 'key': None, 'widget': None, 'events_when_added': [], 'events_when_removed': [], 'bitmap_font': False, 'font_kerning': True, 'bold': False, 'italic': False, 'number_grouping': False, 'min_digits': 0, 'halign': 'center', 'valign': 'middle', 'rotation': 0, 'scale': 1.0, 'casing': None, 'animations': None}, {'type': 'text', 'text': 'BALL (citadel_loaded)', 'y': '0', 'x': 'right-10', 'anchor_x': 'right', 'anchor_y': 'bottom', 'font_size': 8, 'color': [0.0, 0.5019607843137255, 0.0, 1], '_default_settings': ['type', 'text', 'y', 'x', 'anchor_x', 'anchor_y', 'font_size', 'color'], 'round_anchor_x': None, 'round_anchor_y': None, 'opacity': 1.0, 'z': 0, 'reset_animations_events': {}, 'style': [], 'adjust_top': 0, 'adjust_bottom': 0, 'adjust_left': 0, 'adjust_right': 0, 'expire': None, 'key': None, 'widget': None, 'events_when_added': [], 'events_when_removed': [], 'bitmap_font': False, 'font_kerning': True, 'bold': False, 'italic': False, 'number_grouping': False, 'min_digits': 0, 'halign': 'center', 'valign': 'middle', 'rotation': 0, 'scale': 1.0, 'casing': None, 'animations': None}], 'target': None, 'background_color': [0.0, 0.0, 0.0, 1.0], 'priority': None, 'show': True, 'force': False, 'expire': None, 'slide': None, 'tokens': {}, 'action': 'play'}}
2020-02-17 17:39:53,549 : EventManager : Event: ======'slide_battle.slide_player-mode_battle_started_created'====== Args={}
2020-02-17 17:39:53,553 : EventManager : Event: ======'slide_battle.slide_player-mode_battle_started_active'====== Args={}
2020-02-17 17:39:53,695 : EventManager : Event: ======'machine_var_audits_switches_s_plunger'====== Args={'value': 291, 'prev_value': 290, 'change': 1}
2020-02-17 17:39:55,562 : EventManager : Event: ======'machine_var_audits_switches_s_side_ramp_made'====== Args={'value': 39, 'prev_value': 38, 'change': 1}
2020-02-17 17:39:55,978 : EventManager : Event: ======'machine_var_audits_switches_s_side_ramp_made'====== Args={'value': 40, 'prev_value': 39, 'change': 1}
2020-02-17 17:39:56,378 : EventManager : Event: ======'machine_var_audits_switches_s_side_ramp_made'====== Args={'value': 41, 'prev_value': 40, 'change': 1}
2020-02-17 17:39:56,378 : EventManager : Event: ======'player_citadel_number'====== Args={'value': 1, 'prev_value': 0, 'change': 1, 'player_num': 1}
2020-02-17 17:39:56,379 : EventManager : Event: ======'player_torpedo_number'====== Args={'value': 1, 'prev_value': 0, 'change': 1, 'player_num': 1}
2020-02-17 17:40:22,900 : EventManager : Event: ======'machine_var_audits_switches_s_side_ramp_made'====== Args={'value': 42, 'prev_value': 41, 'change': 1}
2020-02-17 17:40:23,813 : EventManager : Event: ======'machine_var_audits_switches_s_side_ramp_made'====== Args={'value': 43, 'prev_value': 42, 'change': 1}
2020-02-17 17:40:24,413 : EventManager : Event: ======'machine_var_audits_switches_s_side_ramp_made'====== Args={'value': 44, 'prev_value': 43, 'change': 1}
2020-02-17 17:40:25,147 : EventManager : Event: ======'machine_var_audits_switches_s_side_ramp_made'====== Args={'value': 45, 'prev_value': 44, 'change': 1}
2020-02-17 17:40:25,763 : EventManager : Event: ======'machine_var_audits_switches_s_side_ramp_made'====== Args={'value': 46, 'prev_value': 45, 'change': 1}
2020-02-17 17:40:25,997 : EventManager : Event: ======'machine_var_audits_switches_s_side_ramp_made'====== Args={'value': 47, 'prev_value': 46, 'change': 1}
2020-02-17 17:40:26,213 : EventManager : Event: ======'machine_var_audits_switches_s_side_ramp_made'====== Args={'value': 48, 'prev_value': 47, 'change': 1}
2020-02-17 17:40:26,697 : EventManager : Event: ======'machine_var_audits_switches_s_side_ramp_made'====== Args={'value': 49, 'prev_value': 48, 'change': 1}
2020-02-17 17:40:27,830 : EventManager : Event: ======'machine_var_audits_switches_s_side_ramp_made'====== Args={'value': 50, 'prev_value': 49, 'change': 1}
2020-02-17 17:40:28,131 : EventManager : Event: ======'machine_var_audits_switches_s_side_ramp_made'====== Args={'value': 51, 'prev_value': 50, 'change': 1}
2020-02-17 17:40:29,497 : EventManager : Event: ======'machine_var_audits_switches_s_side_ramp_made'====== Args={'value': 52, 'prev_value': 51, 'change': 1}
2020-02-17 17:40:31,380 : EventManager : Event: ======'machine_var_audits_switches_s_side_ramp_made'====== Args={'value': 53, 'prev_value': 52, 'change': 1}
2020-02-17 17:40:32,080 : EventManager : Event: ======'machine_var_audits_switches_s_side_ramp_made'====== Args={'value': 54, 'prev_value': 53, 'change': 1}
2020-02-17 17:40:33,297 : EventManager : Event: ======'machine_var_audits_switches_s_side_ramp_made'====== Args={'value': 55, 'prev_value': 54, 'change': 1}
2020-02-17 17:40:39,898 : kivy : WindowSDL: exiting mainloop and closing.
2020-02-17 17:40:40,000 : kivy : Base: Leaving application in progress...
2020-02-17 17:40:40,000 : mpfmc : Stopping...
2020-02-17 17:40:40,000 : EventManager : Event: ======'shutdown'====== Args={}
2020-02-17 17:40:40,000 : mpfmc : Loop rate 54.84 Hz
2020-02-17 17:40:40,000 : kivy : MC run loop ended.
2020-02-17 17:40:40,000 : kivy : Stopping child threads... (3 remaining)
2020-02-17 17:40:40,954 : mpfmc : Stopping...
2020-02-17 17:40:40,954 : EventManager : Event: ======'shutdown'====== Args={}
2020-02-17 17:40:40,954 : mpfmc : Loop rate 53.8 Hz
2020-02-17 17:40:40,987 : MPF-MC BCP Server : Stopping BCP sending thread
2020-02-17 17:40:41,004 : kivy : All child threads stopped.
