2020-05-23 16:29:46,104 : kivy : Factory: 184 symbols loaded
2020-05-23 16:29:46,213 : kivy : ImageLoaderFFPy: Using ffpyplayer 4.3.1
2020-05-23 16:29:46,214 : kivy : Image: Providers: img_tex, img_dds, img_sdl2, img_pil, img_ffpyplayer, img_gif 
2020-05-23 16:29:46,260 : kivy : VideoGstplayer: Using Gstreamer 1.16.0.0
2020-05-23 16:29:46,260 : kivy : Video: Provider: gstplayer
2020-05-23 16:29:46,329 : kivy : Loading MPF-MC controller
2020-05-23 16:29:46,331 : YamlMultifileConfigLoader : Machine config file #1: config
2020-05-23 16:29:46,331 : ConfigProcessor : Config file in cache changed: E:\MPF\wows\wows\config\config
2020-05-23 16:29:46,332 : ConfigProcessor : Loading config from file c:\users\schol\appdata\local\programs\python\python36\lib\site-packages\mpfmc\mcconfig.yaml.
2020-05-23 16:29:46,371 : ConfigProcessor : Loading config: c:\users\schol\appdata\local\programs\python\python36\lib\site-packages\mpfmc\mcconfig.yaml
2020-05-23 16:29:46,372 : ConfigProcessor : Loading config from file E:\MPF\wows\wows\config\config.
2020-05-23 16:29:46,507 : ConfigProcessor : Loading config: E:\MPF\wows\wows\config\config
2020-05-23 16:29:46,509 : ConfigProcessor : Config file cache created: C:\Users\schol\AppData\Local\Temp\051200dc57c22661ccd061bb2017f3a6.mpf_cache
2020-05-23 16:29:46,510 : ConfigProcessor : Loading config from cache: C:\Users\schol\AppData\Local\Temp\d7d60495530237b374578b281bb65f31.mpf_cache
2020-05-23 16:29:46,510 : ConfigProcessor : Loading config from cache: C:\Users\schol\AppData\Local\Temp\5c4497fcd69d1d656c4b69a28e44c490.mpf_cache
2020-05-23 16:29:46,510 : ConfigProcessor : Loading config from cache: C:\Users\schol\AppData\Local\Temp\d7d60495530237b374578b281bb65f31.mpf_cache
2020-05-23 16:29:46,511 : ConfigProcessor : Loading config from cache: C:\Users\schol\AppData\Local\Temp\dec453850496132f8dddcdfa0a36feb5.mpf_cache
2020-05-23 16:29:46,511 : ConfigProcessor : Loading config from cache: C:\Users\schol\AppData\Local\Temp\72e9fea1cb562e40024eb5e8538ccaf2.mpf_cache
2020-05-23 16:29:46,511 : ConfigProcessor : Loading config from cache: C:\Users\schol\AppData\Local\Temp\1ff29be1d22fb14fe5fd1c82a6918df4.mpf_cache
2020-05-23 16:29:46,512 : ConfigProcessor : Loading config from cache: C:\Users\schol\AppData\Local\Temp\b0de444617e3bf30a07f755a6d4831cc.mpf_cache
2020-05-23 16:29:46,512 : ConfigProcessor : Loading config from cache: C:\Users\schol\AppData\Local\Temp\200a9b2dddbe7706ffb4c4426b6d54a8.mpf_cache
2020-05-23 16:29:46,513 : ConfigProcessor : Loading config from cache: C:\Users\schol\AppData\Local\Temp\5ab98d4be1e8de85bea62364890eb2e9.mpf_cache
2020-05-23 16:29:46,513 : ConfigProcessor : Loading config from cache: C:\Users\schol\AppData\Local\Temp\4303dca7489148da2d256fc831cf8c96.mpf_cache
2020-05-23 16:29:46,513 : ConfigProcessor : Loading config from cache: C:\Users\schol\AppData\Local\Temp\e8fceecd8f65a6a7269e98c7961bbf6a.mpf_cache
2020-05-23 16:29:46,514 : ConfigProcessor : Loading config from cache: C:\Users\schol\AppData\Local\Temp\c84d6d08bf6f923cbcccfeeea02d2c8a.mpf_cache
2020-05-23 16:29:46,514 : ConfigProcessor : Loading config from cache: C:\Users\schol\AppData\Local\Temp\159a0b7ffc6de2ed1a8cdcd57b7df3c0.mpf_cache
2020-05-23 16:29:46,514 : ConfigProcessor : Loading config from cache: C:\Users\schol\AppData\Local\Temp\b1234e2c44a33609dc2af4760c4a3f89.mpf_cache
2020-05-23 16:29:46,515 : ConfigProcessor : Loading config from cache: C:\Users\schol\AppData\Local\Temp\466eddfec572894d9eb472ce07aa5fba.mpf_cache
2020-05-23 16:29:46,515 : ConfigProcessor : Loading config from cache: C:\Users\schol\AppData\Local\Temp\93429a2a8e0859f6546b68f40c2a4656.mpf_cache
2020-05-23 16:29:46,515 : ConfigProcessor : Loading config from cache: C:\Users\schol\AppData\Local\Temp\95ae88fb094583fa2b4097c6df179650.mpf_cache
2020-05-23 16:29:46,516 : ConfigProcessor : Loading config from cache: C:\Users\schol\AppData\Local\Temp\de2d3fc178b15ce3807fa4ab35b9c965.mpf_cache
2020-05-23 16:29:46,516 : ConfigProcessor : Loading config from cache: C:\Users\schol\AppData\Local\Temp\0c80ca2179989d09b86c78c19ec87d9b.mpf_cache
2020-05-23 16:29:46,517 : ConfigProcessor : Loading config from cache: C:\Users\schol\AppData\Local\Temp\95e265efe14e4eb05d8d5c5689c9ae6b.mpf_cache
2020-05-23 16:29:46,517 : ConfigProcessor : Loading config from cache: C:\Users\schol\AppData\Local\Temp\ba047bbdc168fca96d58d351c4240916.mpf_cache
2020-05-23 16:29:46,517 : ConfigProcessor : Loading config from cache: C:\Users\schol\AppData\Local\Temp\7c1900736275ba8a713cfe77e991e929.mpf_cache
2020-05-23 16:29:46,518 : ConfigProcessor : Loading config from cache: C:\Users\schol\AppData\Local\Temp\db3d1ab92e5d5c563b40d82372434517.mpf_cache
2020-05-23 16:29:46,518 : ConfigProcessor : Loading config from cache: C:\Users\schol\AppData\Local\Temp\2f89b2ab1d9f3cef79a660914b2a527a.mpf_cache
2020-05-23 16:29:46,518 : ConfigProcessor : Loading config from cache: C:\Users\schol\AppData\Local\Temp\efcf079e5af2b94e88dae4e07273acc8.mpf_cache
2020-05-23 16:29:46,519 : ConfigProcessor : Loading config from cache: C:\Users\schol\AppData\Local\Temp\09a80c6d3887bcc7b9c4580b6d9cb499.mpf_cache
2020-05-23 16:29:46,524 : mpfmc : Mission Pinball Framework Media Controller v0.54.0-dev.7
2020-05-23 16:29:46,524 : mpfmc : Mission Pinball Framework Game Engine v0.54.0-dev.33
2020-05-23 16:29:46,524 : mpfmc : Machine path: E:\MPF\wows\wows
2020-05-23 16:29:46,524 : mpfmc : Starting clock at 60.0Hz
2020-05-23 16:29:46,536 : kivy : Text: Provider: sdl2
2020-05-23 16:29:46,575 : kivy : Window: Provider: sdl2
2020-05-23 16:29:46,954 : kivy : GL: Using the "OpenGL" graphics system
2020-05-23 16:29:46,963 : kivy : GL: GLEW initialization succeeded
2020-05-23 16:29:46,963 : kivy : GL: Backend used <glew>
2020-05-23 16:29:46,963 : kivy : GL: OpenGL version <b'4.6.0 NVIDIA 442.59'>
2020-05-23 16:29:46,963 : kivy : GL: OpenGL vendor <b'NVIDIA Corporation'>
2020-05-23 16:29:46,963 : kivy : GL: OpenGL renderer <b'GeForce GTX 1060 6GB/PCIe/SSE2'>
2020-05-23 16:29:46,963 : kivy : GL: OpenGL parsed version: 4, 6
2020-05-23 16:29:46,963 : kivy : GL: Shading version <b'4.60 NVIDIA'>
2020-05-23 16:29:46,964 : kivy : GL: Texture max size <32768>
2020-05-23 16:29:46,964 : kivy : GL: Texture max units <32>
2020-05-23 16:29:46,979 : kivy : Window: auto add sdl2 input provider
2020-05-23 16:29:46,979 : kivy : Window: virtual keyboard not allowed, single mode, not docked
2020-05-23 16:29:46,988 : SoundSystem : SoundSystem: Using default 'sound_system' settings
2020-05-23 16:29:47,193 : AudioInterface : Initialized
2020-05-23 16:29:47,193 : SoundSystem : No audio tracks are specified in your machine config file. a track named 'default' has been created.
2020-05-23 16:29:47,195 : kivy : Base: Start application main loop
2020-05-23 16:29:47,196 : EventManager : Event: ======'display_dmd_initialized'====== Args={}
2020-05-23 16:29:47,249 : mpfmc : Display: Setting 'dmd' as default display
2020-05-23 16:29:47,255 : kivy : GL: NPOT texture support is available
2020-05-23 16:29:47,266 : EventManager : Event: ======'displays_initialized'====== Args={}
2020-05-23 16:29:47,267 : EventManager : Event: ======'slide_dmd_blank_created'====== Args={}
2020-05-23 16:29:47,267 : EventManager : Event: ======'display_dmd_ready'====== Args={}
2020-05-23 16:29:47,278 : EventManager : Event: ======'init_phase_1'====== Args={}
2020-05-23 16:29:47,280 : EventManager : Event: ======'mc_ready'====== Args={}
2020-05-23 16:29:47,280 : EventManager : Event: ======'init_phase_2'====== Args={}
2020-05-23 16:29:47,285 : EventManager : Event: ======'init_phase_3'====== Args={}
2020-05-23 16:29:47,286 : AssetManager : Registering Asset: conqueror, File: conqueror.png, Default Group: default, Final Config: {'load': 'preload', 'file': 'E:\\MPF\\wows\\wows\\images\\conqueror.png'}
2020-05-23 16:29:47,286 : AssetManager : Registering Asset: ConsumableCountdown100, File: ConsumableCountdown100.jpg, Default Group: default, Final Config: {'load': 'preload', 'file': 'E:\\MPF\\wows\\wows\\images\\ConsumableCountdown100.jpg'}
2020-05-23 16:29:47,286 : AssetManager : Registering Asset: ConsumableCountdown101, File: ConsumableCountdown101.jpg, Default Group: default, Final Config: {'load': 'preload', 'file': 'E:\\MPF\\wows\\wows\\images\\ConsumableCountdown101.jpg'}
2020-05-23 16:29:47,286 : AssetManager : Registering Asset: ConsumableCountdown102, File: ConsumableCountdown102.jpg, Default Group: default, Final Config: {'load': 'preload', 'file': 'E:\\MPF\\wows\\wows\\images\\ConsumableCountdown102.jpg'}
2020-05-23 16:29:47,286 : AssetManager : Registering Asset: ConsumableCountdown103, File: ConsumableCountdown103.jpg, Default Group: default, Final Config: {'load': 'preload', 'file': 'E:\\MPF\\wows\\wows\\images\\ConsumableCountdown103.jpg'}
2020-05-23 16:29:47,286 : AssetManager : Registering Asset: ConsumableCountdown104, File: ConsumableCountdown104.jpg, Default Group: default, Final Config: {'load': 'preload', 'file': 'E:\\MPF\\wows\\wows\\images\\ConsumableCountdown104.jpg'}
2020-05-23 16:29:47,286 : AssetManager : Registering Asset: ConsumableCountdown105, File: ConsumableCountdown105.jpg, Default Group: default, Final Config: {'load': 'preload', 'file': 'E:\\MPF\\wows\\wows\\images\\ConsumableCountdown105.jpg'}
2020-05-23 16:29:47,286 : AssetManager : Registering Asset: ConsumableCountdown106, File: ConsumableCountdown106.jpg, Default Group: default, Final Config: {'load': 'preload', 'file': 'E:\\MPF\\wows\\wows\\images\\ConsumableCountdown106.jpg'}
2020-05-23 16:29:47,286 : AssetManager : Registering Asset: ConsumableCountdown107, File: ConsumableCountdown107.jpg, Default Group: default, Final Config: {'load': 'preload', 'file': 'E:\\MPF\\wows\\wows\\images\\ConsumableCountdown107.jpg'}
2020-05-23 16:29:47,286 : AssetManager : Registering Asset: ConsumableCountdown108, File: ConsumableCountdown108.jpg, Default Group: default, Final Config: {'load': 'preload', 'file': 'E:\\MPF\\wows\\wows\\images\\ConsumableCountdown108.jpg'}
2020-05-23 16:29:47,287 : AssetManager : Registering Asset: ConsumableCountdown109, File: ConsumableCountdown109.jpg, Default Group: default, Final Config: {'load': 'preload', 'file': 'E:\\MPF\\wows\\wows\\images\\ConsumableCountdown109.jpg'}
2020-05-23 16:29:47,287 : AssetManager : Registering Asset: ConsumableCountdown110, File: ConsumableCountdown110.jpg, Default Group: default, Final Config: {'load': 'preload', 'file': 'E:\\MPF\\wows\\wows\\images\\ConsumableCountdown110.jpg'}
2020-05-23 16:29:47,287 : AssetManager : Registering Asset: ConsumableCountdown111, File: ConsumableCountdown111.jpg, Default Group: default, Final Config: {'load': 'preload', 'file': 'E:\\MPF\\wows\\wows\\images\\ConsumableCountdown111.jpg'}
2020-05-23 16:29:47,287 : AssetManager : Registering Asset: ConsumableCountdown112, File: ConsumableCountdown112.jpg, Default Group: default, Final Config: {'load': 'preload', 'file': 'E:\\MPF\\wows\\wows\\images\\ConsumableCountdown112.jpg'}
2020-05-23 16:29:47,287 : AssetManager : Registering Asset: ConsumableCountdown113, File: ConsumableCountdown113.jpg, Default Group: default, Final Config: {'load': 'preload', 'file': 'E:\\MPF\\wows\\wows\\images\\ConsumableCountdown113.jpg'}
2020-05-23 16:29:47,287 : AssetManager : Registering Asset: ConsumableCountdown114, File: ConsumableCountdown114.jpg, Default Group: default, Final Config: {'load': 'preload', 'file': 'E:\\MPF\\wows\\wows\\images\\ConsumableCountdown114.jpg'}
2020-05-23 16:29:47,287 : AssetManager : Registering Asset: ConsumableCountdown115, File: ConsumableCountdown115.jpg, Default Group: default, Final Config: {'load': 'preload', 'file': 'E:\\MPF\\wows\\wows\\images\\ConsumableCountdown115.jpg'}
2020-05-23 16:29:47,287 : AssetManager : Registering Asset: ConsumableCountdown116, File: ConsumableCountdown116.jpg, Default Group: default, Final Config: {'load': 'preload', 'file': 'E:\\MPF\\wows\\wows\\images\\ConsumableCountdown116.jpg'}
2020-05-23 16:29:47,287 : AssetManager : Registering Asset: ConsumableCountdown117, File: ConsumableCountdown117.jpg, Default Group: default, Final Config: {'load': 'preload', 'file': 'E:\\MPF\\wows\\wows\\images\\ConsumableCountdown117.jpg'}
2020-05-23 16:29:47,287 : AssetManager : Registering Asset: ConsumableCountdown118, File: ConsumableCountdown118.jpg, Default Group: default, Final Config: {'load': 'preload', 'file': 'E:\\MPF\\wows\\wows\\images\\ConsumableCountdown118.jpg'}
2020-05-23 16:29:47,287 : AssetManager : Registering Asset: ConsumableCountdown119, File: ConsumableCountdown119.jpg, Default Group: default, Final Config: {'load': 'preload', 'file': 'E:\\MPF\\wows\\wows\\images\\ConsumableCountdown119.jpg'}
2020-05-23 16:29:47,287 : AssetManager : Registering Asset: ConsumableCountdown120, File: ConsumableCountdown120.jpg, Default Group: default, Final Config: {'load': 'preload', 'file': 'E:\\MPF\\wows\\wows\\images\\ConsumableCountdown120.jpg'}
2020-05-23 16:29:47,287 : AssetManager : Registering Asset: ConsumableCountdown121, File: ConsumableCountdown121.jpg, Default Group: default, Final Config: {'load': 'preload', 'file': 'E:\\MPF\\wows\\wows\\images\\ConsumableCountdown121.jpg'}
2020-05-23 16:29:47,287 : AssetManager : Registering Asset: ConsumableCountdown122, File: ConsumableCountdown122.jpg, Default Group: default, Final Config: {'load': 'preload', 'file': 'E:\\MPF\\wows\\wows\\images\\ConsumableCountdown122.jpg'}
2020-05-23 16:29:47,287 : AssetManager : Registering Asset: ConsumableCountdown123, File: ConsumableCountdown123.jpg, Default Group: default, Final Config: {'load': 'preload', 'file': 'E:\\MPF\\wows\\wows\\images\\ConsumableCountdown123.jpg'}
2020-05-23 16:29:47,287 : AssetManager : Registering Asset: ConsumableCountdown124, File: ConsumableCountdown124.jpg, Default Group: default, Final Config: {'load': 'preload', 'file': 'E:\\MPF\\wows\\wows\\images\\ConsumableCountdown124.jpg'}
2020-05-23 16:29:47,287 : AssetManager : Registering Asset: ConsumableCountdown125, File: ConsumableCountdown125.jpg, Default Group: default, Final Config: {'load': 'preload', 'file': 'E:\\MPF\\wows\\wows\\images\\ConsumableCountdown125.jpg'}
2020-05-23 16:29:47,287 : AssetManager : Registering Asset: ConsumableCountdown126, File: ConsumableCountdown126.jpg, Default Group: default, Final Config: {'load': 'preload', 'file': 'E:\\MPF\\wows\\wows\\images\\ConsumableCountdown126.jpg'}
2020-05-23 16:29:47,287 : AssetManager : Registering Asset: ConsumableCountdown127, File: ConsumableCountdown127.jpg, Default Group: default, Final Config: {'load': 'preload', 'file': 'E:\\MPF\\wows\\wows\\images\\ConsumableCountdown127.jpg'}
2020-05-23 16:29:47,287 : AssetManager : Registering Asset: ConsumableCountdown128, File: ConsumableCountdown128.jpg, Default Group: default, Final Config: {'load': 'preload', 'file': 'E:\\MPF\\wows\\wows\\images\\ConsumableCountdown128.jpg'}
2020-05-23 16:29:47,287 : AssetManager : Registering Asset: ConsumableCountdown129, File: ConsumableCountdown129.jpg, Default Group: default, Final Config: {'load': 'preload', 'file': 'E:\\MPF\\wows\\wows\\images\\ConsumableCountdown129.jpg'}
2020-05-23 16:29:47,287 : AssetManager : Registering Asset: ConsumableCountdown130, File: ConsumableCountdown130.jpg, Default Group: default, Final Config: {'load': 'preload', 'file': 'E:\\MPF\\wows\\wows\\images\\ConsumableCountdown130.jpg'}
2020-05-23 16:29:47,287 : AssetManager : Registering Asset: container_ball, File: container_ball.gif, Default Group: default, Final Config: {'load': 'preload', 'file': 'E:\\MPF\\wows\\wows\\images\\container_ball.gif'}
2020-05-23 16:29:47,287 : AssetManager : Registering Asset: container_ball_text, File: container_ball_text.jpg, Default Group: default, Final Config: {'load': 'preload', 'file': 'E:\\MPF\\wows\\wows\\images\\container_ball_text.jpg'}
2020-05-23 16:29:47,288 : AssetManager : Registering Asset: container_dmg, File: container_dmg.gif, Default Group: default, Final Config: {'load': 'preload', 'file': 'E:\\MPF\\wows\\wows\\images\\container_dmg.gif'}
2020-05-23 16:29:47,288 : AssetManager : Registering Asset: container_dmg_text, File: container_dmg_text.jpg, Default Group: default, Final Config: {'load': 'preload', 'file': 'E:\\MPF\\wows\\wows\\images\\container_dmg_text.jpg'}
2020-05-23 16:29:47,288 : AssetManager : Registering Asset: container_jet, File: container_jet.gif, Default Group: default, Final Config: {'load': 'preload', 'file': 'E:\\MPF\\wows\\wows\\images\\container_jet.gif'}
2020-05-23 16:29:47,288 : AssetManager : Registering Asset: container_jet_text, File: container_jet_text.jpg, Default Group: default, Final Config: {'load': 'preload', 'file': 'E:\\MPF\\wows\\wows\\images\\container_jet_text.jpg'}
2020-05-23 16:29:47,288 : AssetManager : Registering Asset: container_time, File: container_time.gif, Default Group: default, Final Config: {'load': 'preload', 'file': 'E:\\MPF\\wows\\wows\\images\\container_time.gif'}
2020-05-23 16:29:47,288 : AssetManager : Registering Asset: container_time_text, File: container_time_text.jpg, Default Group: default, Final Config: {'load': 'preload', 'file': 'E:\\MPF\\wows\\wows\\images\\container_time_text.jpg'}
2020-05-23 16:29:47,289 : AssetManager : Registering Asset: container_x, File: container_x.gif, Default Group: default, Final Config: {'load': 'preload', 'file': 'E:\\MPF\\wows\\wows\\images\\container_x.gif'}
2020-05-23 16:29:47,289 : AssetManager : Registering Asset: container_xp, File: container_xp.gif, Default Group: default, Final Config: {'load': 'preload', 'file': 'E:\\MPF\\wows\\wows\\images\\container_xp.gif'}
2020-05-23 16:29:47,289 : AssetManager : Registering Asset: container_xp_text, File: container_xp_text.jpg, Default Group: default, Final Config: {'load': 'preload', 'file': 'E:\\MPF\\wows\\wows\\images\\container_xp_text.jpg'}
2020-05-23 16:29:47,289 : AssetManager : Registering Asset: container_x_text, File: container_x_text.jpg, Default Group: default, Final Config: {'load': 'preload', 'file': 'E:\\MPF\\wows\\wows\\images\\container_x_text.jpg'}
2020-05-23 16:29:47,289 : AssetManager : Registering Asset: C_Prog100, File: C_Prog100.jpg, Default Group: default, Final Config: {'load': 'preload', 'file': 'E:\\MPF\\wows\\wows\\images\\C_Prog100.jpg'}
2020-05-23 16:29:47,289 : AssetManager : Registering Asset: daring, File: daring.png, Default Group: default, Final Config: {'load': 'preload', 'file': 'E:\\MPF\\wows\\wows\\images\\daring.png'}
2020-05-23 16:29:47,289 : AssetManager : Registering Asset: des moines, File: des moines.png, Default Group: default, Final Config: {'load': 'preload', 'file': 'E:\\MPF\\wows\\wows\\images\\des moines.png'}
2020-05-23 16:29:47,289 : AssetManager : Registering Asset: fire, File: fire.gif, Default Group: default, Final Config: {'load': 'preload', 'file': 'E:\\MPF\\wows\\wows\\images\\fire.gif'}
2020-05-23 16:29:47,289 : AssetManager : Registering Asset: fire_start, File: fire_start.gif, Default Group: default, Final Config: {'load': 'preload', 'file': 'E:\\MPF\\wows\\wows\\images\\fire_start.gif'}
2020-05-23 16:29:47,289 : AssetManager : Registering Asset: grosser kurfurst, File: grosser kurfurst.png, Default Group: default, Final Config: {'load': 'preload', 'file': 'E:\\MPF\\wows\\wows\\images\\grosser kurfurst.png'}
2020-05-23 16:29:47,289 : AssetManager : Registering Asset: haragumo, File: haragumo.jpg, Default Group: default, Final Config: {'load': 'preload', 'file': 'E:\\MPF\\wows\\wows\\images\\haragumo.jpg'}
2020-05-23 16:29:47,289 : AssetManager : Registering Asset: haragumo2, File: haragumo2.png, Default Group: default, Final Config: {'load': 'preload', 'file': 'E:\\MPF\\wows\\wows\\images\\haragumo2.png'}
2020-05-23 16:29:47,289 : AssetManager : Registering Asset: hc_start, File: hc_start.gif, Default Group: default, Final Config: {'load': 'preload', 'file': 'E:\\MPF\\wows\\wows\\images\\hc_start.gif'}
2020-05-23 16:29:47,289 : AssetManager : Registering Asset: hc_start_end, File: hc_start_end.jpg, Default Group: default, Final Config: {'load': 'preload', 'file': 'E:\\MPF\\wows\\wows\\images\\hc_start_end.jpg'}
2020-05-23 16:29:47,289 : AssetManager : Registering Asset: mode_1_start, File: mode_1_start.gif, Default Group: default, Final Config: {'load': 'preload', 'file': 'E:\\MPF\\wows\\wows\\images\\mode_1_start.gif'}
2020-05-23 16:29:47,290 : AssetManager : Registering Asset: mode_1_start_text, File: mode_1_start_text.jpg, Default Group: default, Final Config: {'load': 'preload', 'file': 'E:\\MPF\\wows\\wows\\images\\mode_1_start_text.jpg'}
2020-05-23 16:29:47,290 : AssetManager : Registering Asset: mode_2_start, File: mode_2_start.gif, Default Group: default, Final Config: {'load': 'preload', 'file': 'E:\\MPF\\wows\\wows\\images\\mode_2_start.gif'}
2020-05-23 16:29:47,290 : AssetManager : Registering Asset: mode_2_start_text, File: mode_2_start_text.jpg, Default Group: default, Final Config: {'load': 'preload', 'file': 'E:\\MPF\\wows\\wows\\images\\mode_2_start_text.jpg'}
2020-05-23 16:29:47,290 : AssetManager : Registering Asset: mode_3_start, File: mode_3_start.gif, Default Group: default, Final Config: {'load': 'preload', 'file': 'E:\\MPF\\wows\\wows\\images\\mode_3_start.gif'}
2020-05-23 16:29:47,290 : AssetManager : Registering Asset: mode_3_start_text, File: mode_3_start_text.jpg, Default Group: default, Final Config: {'load': 'preload', 'file': 'E:\\MPF\\wows\\wows\\images\\mode_3_start_text.jpg'}
2020-05-23 16:29:47,290 : AssetManager : Registering Asset: mode_4_start, File: mode_4_start.gif, Default Group: default, Final Config: {'load': 'preload', 'file': 'E:\\MPF\\wows\\wows\\images\\mode_4_start.gif'}
2020-05-23 16:29:47,290 : AssetManager : Registering Asset: mode_4_start_text, File: mode_4_start_text.jpg, Default Group: default, Final Config: {'load': 'preload', 'file': 'E:\\MPF\\wows\\wows\\images\\mode_4_start_text.jpg'}
2020-05-23 16:29:47,290 : AssetManager : Registering Asset: mode_5_start, File: mode_5_start.gif, Default Group: default, Final Config: {'load': 'preload', 'file': 'E:\\MPF\\wows\\wows\\images\\mode_5_start.gif'}
2020-05-23 16:29:47,290 : AssetManager : Registering Asset: mode_5_start_text, File: mode_5_start_text.jpg, Default Group: default, Final Config: {'load': 'preload', 'file': 'E:\\MPF\\wows\\wows\\images\\mode_5_start_text.jpg'}
2020-05-23 16:29:47,290 : AssetManager : Registering Asset: mode_6_start, File: mode_6_start.gif, Default Group: default, Final Config: {'load': 'preload', 'file': 'E:\\MPF\\wows\\wows\\images\\mode_6_start.gif'}
2020-05-23 16:29:47,290 : AssetManager : Registering Asset: mode_6_start_text, File: mode_6_start_text.jpg, Default Group: default, Final Config: {'load': 'preload', 'file': 'E:\\MPF\\wows\\wows\\images\\mode_6_start_text.jpg'}
2020-05-23 16:29:47,290 : AssetManager : Registering Asset: mode_7_start, File: mode_7_start.gif, Default Group: default, Final Config: {'load': 'preload', 'file': 'E:\\MPF\\wows\\wows\\images\\mode_7_start.gif'}
2020-05-23 16:29:47,290 : AssetManager : Registering Asset: mode_7_start_text, File: mode_7_start_text.jpg, Default Group: default, Final Config: {'load': 'preload', 'file': 'E:\\MPF\\wows\\wows\\images\\mode_7_start_text.jpg'}
2020-05-23 16:29:47,290 : AssetManager : Registering Asset: mode_8_start, File: mode_8_start.gif, Default Group: default, Final Config: {'load': 'preload', 'file': 'E:\\MPF\\wows\\wows\\images\\mode_8_start.gif'}
2020-05-23 16:29:47,290 : AssetManager : Registering Asset: mode_8_start_text, File: mode_8_start_text.jpg, Default Group: default, Final Config: {'load': 'preload', 'file': 'E:\\MPF\\wows\\wows\\images\\mode_8_start_text.jpg'}
2020-05-23 16:29:47,291 : AssetManager : Registering Asset: mode_9_start, File: mode_9_start.gif, Default Group: default, Final Config: {'load': 'preload', 'file': 'E:\\MPF\\wows\\wows\\images\\mode_9_start.gif'}
2020-05-23 16:29:47,291 : AssetManager : Registering Asset: mode_9_start_text, File: mode_9_start_text.jpg, Default Group: default, Final Config: {'load': 'preload', 'file': 'E:\\MPF\\wows\\wows\\images\\mode_9_start_text.jpg'}
2020-05-23 16:29:47,291 : AssetManager : Registering Asset: shell, File: shell.gif, Default Group: default, Final Config: {'load': 'preload', 'file': 'E:\\MPF\\wows\\wows\\images\\shell.gif'}
2020-05-23 16:29:47,291 : AssetManager : Registering Asset: shimakaze, File: shimakaze.png, Default Group: default, Final Config: {'load': 'preload', 'file': 'E:\\MPF\\wows\\wows\\images\\shimakaze.png'}
2020-05-23 16:29:47,291 : AssetManager : Registering Asset: shimakaze2, File: shimakaze2.jpg, Default Group: default, Final Config: {'load': 'preload', 'file': 'E:\\MPF\\wows\\wows\\images\\shimakaze2.jpg'}
2020-05-23 16:29:47,291 : AssetManager : Registering Asset: small_explosion, File: small_explosion.gif, Default Group: default, Final Config: {'load': 'preload', 'file': 'E:\\MPF\\wows\\wows\\images\\small_explosion.gif'}
2020-05-23 16:29:47,291 : AssetManager : Registering Asset: stalingrad, File: stalingrad.png, Default Group: default, Final Config: {'load': 'preload', 'file': 'E:\\MPF\\wows\\wows\\images\\stalingrad.png'}
2020-05-23 16:29:47,291 : AssetManager : Registering Asset: stalingrad2, File: stalingrad2.jpg, Default Group: default, Final Config: {'load': 'preload', 'file': 'E:\\MPF\\wows\\wows\\images\\stalingrad2.jpg'}
2020-05-23 16:29:47,291 : AssetManager : Registering Asset: venezia, File: venezia.png, Default Group: default, Final Config: {'load': 'preload', 'file': 'E:\\MPF\\wows\\wows\\images\\venezia.png'}
2020-05-23 16:29:47,291 : AssetManager : Registering Asset: yamato, File: yamato.jpg, Default Group: default, Final Config: {'load': 'preload', 'file': 'E:\\MPF\\wows\\wows\\images\\yamato.jpg'}
2020-05-23 16:29:47,291 : AssetManager : Registering Asset: yamato2, File: yamato2.png, Default Group: default, Final Config: {'load': 'preload', 'file': 'E:\\MPF\\wows\\wows\\images\\yamato2.png'}
2020-05-23 16:29:47,293 : AssetManager : Registering Asset: mode_7_shot_made, File: mode_7_shot_made.gif, Default Group: default, Final Config: {'load': 'preload', 'file': 'E:\\MPF\\wows\\wows\\modes\\mode_7\\images\\mode_7_shot_made.gif'}
2020-05-23 16:29:47,294 : AssetManager : Registering Asset: mode_9_shot_made, File: mode_9_shot_made.gif, Default Group: default, Final Config: {'load': 'preload', 'file': 'E:\\MPF\\wows\\wows\\modes\\mode_9\\images\\mode_9_shot_made.gif'}
2020-05-23 16:29:47,294 : AssetManager : Registering Asset: mode_8_shot_made, File: mode_8_shot_made.gif, Default Group: default, Final Config: {'load': 'preload', 'file': 'E:\\MPF\\wows\\wows\\modes\\mode_8\\images\\mode_8_shot_made.gif'}
2020-05-23 16:29:47,295 : AssetManager : Registering Asset: mode_5_shot_made, File: mode_5_shot_made.gif, Default Group: default, Final Config: {'load': 'preload', 'file': 'E:\\MPF\\wows\\wows\\modes\\mode_5\\images\\mode_5_shot_made.gif'}
2020-05-23 16:29:47,295 : AssetManager : Registering Asset: mode_1_shot_made, File: mode_1_shot_made.gif, Default Group: default, Final Config: {'load': 'preload', 'file': 'E:\\MPF\\wows\\wows\\modes\\mode_1\\images\\mode_1_shot_made.gif'}
2020-05-23 16:29:47,295 : AssetManager : Registering Asset: mode_3_shot_made, File: mode_3_shot_made.gif, Default Group: default, Final Config: {'load': 'preload', 'file': 'E:\\MPF\\wows\\wows\\modes\\mode_3\\images\\mode_3_shot_made.gif'}
2020-05-23 16:29:47,296 : AssetManager : Registering Asset: mode_4_shot_made, File: mode_4_shot_made.gif, Default Group: default, Final Config: {'load': 'preload', 'file': 'E:\\MPF\\wows\\wows\\modes\\mode_4\\images\\mode_4_shot_made.gif'}
2020-05-23 16:29:47,296 : AssetManager : Registering Asset: mode_6_shot_made, File: mode_6_shot_made.gif, Default Group: default, Final Config: {'load': 'preload', 'file': 'E:\\MPF\\wows\\wows\\modes\\mode_6\\images\\mode_6_shot_made.gif'}
2020-05-23 16:29:47,297 : EventManager : Event: ======'init_phase_4'====== Args={}
2020-05-23 16:29:47,297 : EventManager : Event: ======'init_phase_5'====== Args={}
2020-05-23 16:29:47,310 : EventManager : Event: ======'loading_assets'====== Args={'total': 89, 'loaded': 1, 'remaining': 88, 'percent': 1}
2020-05-23 16:29:47,310 : AssetManager : Loading assets: 1/89 (1%)
2020-05-23 16:29:47,498 : EventManager : Event: ======'loading_assets'====== Args={'total': 89, 'loaded': 89, 'remaining': 0, 'percent': 100}
2020-05-23 16:29:47,498 : AssetManager : Asset loading took: 0.3041987419128418
2020-05-23 16:29:47,498 : EventManager : Event: ======'asset_loading_complete'====== Args={}
2020-05-23 16:29:47,498 : AssetManager : Loading assets: 89/89 (100%)
2020-05-23 16:29:47,498 : EventManager : Event: ======'init_done'====== Args={}
2020-05-23 16:29:47,498 : MPF-MC BCP Server : Starting up on localhost port 5050
2020-05-23 16:29:47,502 : MPF-MC BCP Server : Waiting for a connection...
2020-05-23 16:29:47,514 : EventManager : Event: ======'client_disconnected'====== Args={'host': '127.0.0.1', 'port': 5050}
2020-05-23 16:29:48,357 : MPF-MC BCP Server : Received connection from: 127.0.0.1:57582
2020-05-23 16:29:48,364 : EventManager : Event: ======'client_connected'====== Args={'host': '127.0.0.1', 'port': 57582}
2020-05-23 16:29:48,364 : mpfmc : Initializing DMD
2020-05-23 16:29:48,377 : mpfmc : Setting DMD to 30fps
2020-05-23 16:29:48,381 : EventManager : Event: ======'machine_var_credits_string'====== Args={'value': 'FREE PLAY', 'prev_value': None, 'change': True}
2020-05-23 16:29:48,381 : EventManager : Event: ======'machine_var_player1_score'====== Args={'value': 0, 'prev_value': None, 'change': True}
2020-05-23 16:29:48,381 : EventManager : Event: ======'machine_var_mpf_version'====== Args={'value': 'MPF v0.54.0-dev.33', 'prev_value': None, 'change': True}
2020-05-23 16:29:48,381 : EventManager : Event: ======'machine_var_mpf_extended_version'====== Args={'value': 'MPF v0.54.0-dev.33, Config version:5, Show version: 5, BCP version:1.1', 'prev_value': None, 'change': True}
2020-05-23 16:29:48,381 : EventManager : Event: ======'machine_var_python_version'====== Args={'value': '3.6.4', 'prev_value': None, 'change': True}
2020-05-23 16:29:48,381 : EventManager : Event: ======'machine_var_platform'====== Args={'value': 'Windows-10-10.0.18362-SP0', 'prev_value': None, 'change': True}
2020-05-23 16:29:48,381 : EventManager : Event: ======'machine_var_platform_system'====== Args={'value': 'Windows', 'prev_value': None, 'change': True}
2020-05-23 16:29:48,381 : EventManager : Event: ======'machine_var_platform_release'====== Args={'value': '10', 'prev_value': None, 'change': True}
2020-05-23 16:29:48,382 : EventManager : Event: ======'machine_var_platform_version'====== Args={'value': '10.0.18362', 'prev_value': None, 'change': True}
2020-05-23 16:29:48,382 : EventManager : Event: ======'machine_var_platform_machine'====== Args={'value': 'AMD64', 'prev_value': None, 'change': True}
2020-05-23 16:29:48,382 : EventManager : Event: ======'machine_var_mc_version'====== Args={'value': 'MPF-MC v0.54.0-dev.7', 'prev_value': None, 'change': True}
2020-05-23 16:29:48,382 : EventManager : Event: ======'machine_var_mc_extended_version'====== Args={'value': 'MPF-MC v0.54.0-dev.7 (config_version=5, BCP v1.1, Requires MPF v0.54.0-dev.0)', 'prev_value': None, 'change': True}
2020-05-23 16:29:48,397 : EventManager : Event: ======'machine_var_master_volume'====== Args={'value': 0.5, 'prev_value': None, 'change': True}
2020-05-23 16:29:48,464 : EventManager : Event: ======'machine_var_audits_events_game_ended'====== Args={'value': 1, 'prev_value': None, 'change': True}
2020-05-23 16:29:48,464 : EventManager : Event: ======'machine_var_audits_events_game_started'====== Args={'value': 653, 'prev_value': None, 'change': True}
2020-05-23 16:29:48,464 : EventManager : Event: ======'machine_var_audits_player_score'====== Args={'value': {'average': 0.0, 'top': [0], 'total': 1}, 'prev_value': None, 'change': True}
2020-05-23 16:29:48,465 : EventManager : Event: ======'machine_var_audits_shots_battle_shot'====== Args={'value': 66, 'prev_value': None, 'change': True}
2020-05-23 16:29:48,465 : EventManager : Event: ======'machine_var_audits_shots_confederate_1'====== Args={'value': 9, 'prev_value': None, 'change': True}
2020-05-23 16:29:48,465 : EventManager : Event: ======'machine_var_audits_shots_confederate_2'====== Args={'value': 202, 'prev_value': None, 'change': True}
2020-05-23 16:29:48,465 : EventManager : Event: ======'machine_var_audits_shots_confederate_3'====== Args={'value': 87, 'prev_value': None, 'change': True}
2020-05-23 16:29:48,465 : EventManager : Event: ======'machine_var_audits_shots_confederate_4'====== Args={'value': 22, 'prev_value': None, 'change': True}
2020-05-23 16:29:48,465 : EventManager : Event: ======'machine_var_audits_shots_confederate_5'====== Args={'value': 7, 'prev_value': None, 'change': True}
2020-05-23 16:29:48,465 : EventManager : Event: ======'machine_var_audits_shots_confederate_6'====== Args={'value': 249, 'prev_value': None, 'change': True}
2020-05-23 16:29:48,465 : EventManager : Event: ======'machine_var_audits_shots_detonation'====== Args={'value': 42, 'prev_value': None, 'change': True}
2020-05-23 16:29:48,465 : EventManager : Event: ======'machine_var_audits_shots_detonation_lit'====== Args={'value': 145, 'prev_value': None, 'change': True}
2020-05-23 16:29:48,466 : EventManager : Event: ======'machine_var_audits_shots_jackpot_1'====== Args={'value': 37, 'prev_value': None, 'change': True}
2020-05-23 16:29:48,466 : EventManager : Event: ======'machine_var_audits_shots_jackpot_2'====== Args={'value': 35, 'prev_value': None, 'change': True}
2020-05-23 16:29:48,466 : EventManager : Event: ======'machine_var_audits_shots_jackpot_3'====== Args={'value': 55, 'prev_value': None, 'change': True}
2020-05-23 16:29:48,466 : EventManager : Event: ======'machine_var_audits_shots_jackpot_4'====== Args={'value': 32, 'prev_value': None, 'change': True}
2020-05-23 16:29:48,466 : EventManager : Event: ======'machine_var_audits_shots_jackpot_5'====== Args={'value': 32, 'prev_value': None, 'change': True}
2020-05-23 16:29:48,466 : EventManager : Event: ======'machine_var_audits_shots_jackpot_6'====== Args={'value': 33, 'prev_value': None, 'change': True}
2020-05-23 16:29:48,466 : EventManager : Event: ======'machine_var_audits_shots_lane_A'====== Args={'value': 47, 'prev_value': None, 'change': True}
2020-05-23 16:29:48,466 : EventManager : Event: ======'machine_var_audits_shots_lane_B'====== Args={'value': 50, 'prev_value': None, 'change': True}
2020-05-23 16:29:48,466 : EventManager : Event: ======'machine_var_audits_shots_lane_C'====== Args={'value': 52, 'prev_value': None, 'change': True}
2020-05-23 16:29:48,466 : EventManager : Event: ======'machine_var_audits_shots_lane_D'====== Args={'value': 58, 'prev_value': None, 'change': True}
2020-05-23 16:29:48,466 : EventManager : Event: ======'machine_var_audits_shots_lane_E'====== Args={'value': 56, 'prev_value': None, 'change': True}
2020-05-23 16:29:48,466 : EventManager : Event: ======'machine_var_audits_shots_lock_lit_1'====== Args={'value': 238, 'prev_value': None, 'change': True}
2020-05-23 16:29:48,467 : EventManager : Event: ======'machine_var_audits_shots_lock_lit_2'====== Args={'value': 287, 'prev_value': None, 'change': True}
2020-05-23 16:29:48,467 : EventManager : Event: ======'machine_var_audits_shots_ricochet_1'====== Args={'value': 20, 'prev_value': None, 'change': True}
2020-05-23 16:29:48,467 : EventManager : Event: ======'machine_var_audits_shots_ricochet_2'====== Args={'value': 23, 'prev_value': None, 'change': True}
2020-05-23 16:29:48,467 : EventManager : Event: ======'machine_var_audits_shots_ricochet_3'====== Args={'value': 3, 'prev_value': None, 'change': True}
2020-05-23 16:29:48,467 : EventManager : Event: ======'machine_var_audits_shots_ricochet_4'====== Args={'value': 1, 'prev_value': None, 'change': True}
2020-05-23 16:29:48,467 : EventManager : Event: ======'machine_var_audits_shots_ricochet_5'====== Args={'value': 2, 'prev_value': None, 'change': True}
2020-05-23 16:29:48,467 : EventManager : Event: ======'machine_var_audits_switches_s_bumper_1'====== Args={'value': 20, 'prev_value': None, 'change': True}
2020-05-23 16:29:48,467 : EventManager : Event: ======'machine_var_audits_switches_s_bumper_2'====== Args={'value': 16, 'prev_value': None, 'change': True}
2020-05-23 16:29:48,467 : EventManager : Event: ======'machine_var_audits_switches_s_bumper_3'====== Args={'value': 1, 'prev_value': None, 'change': True}
2020-05-23 16:29:48,467 : EventManager : Event: ======'machine_var_audits_switches_s_center_ramp'====== Args={'value': 13, 'prev_value': None, 'change': True}
2020-05-23 16:29:48,467 : EventManager : Event: ======'machine_var_audits_switches_s_citadel'====== Args={'value': 14, 'prev_value': None, 'change': True}
2020-05-23 16:29:48,467 : EventManager : Event: ======'machine_var_audits_switches_s_citadel_lock'====== Args={'value': 95, 'prev_value': None, 'change': True}
2020-05-23 16:29:48,467 : EventManager : Event: ======'machine_var_audits_switches_s_detonation'====== Args={'value': 145, 'prev_value': None, 'change': True}
2020-05-23 16:29:48,468 : EventManager : Event: ======'machine_var_audits_switches_s_dmg_1'====== Args={'value': 569, 'prev_value': None, 'change': True}
2020-05-23 16:29:48,468 : EventManager : Event: ======'machine_var_audits_switches_s_dmg_2'====== Args={'value': 14, 'prev_value': None, 'change': True}
2020-05-23 16:29:48,468 : EventManager : Event: ======'machine_var_audits_switches_s_dmg_3'====== Args={'value': 13, 'prev_value': None, 'change': True}
2020-05-23 16:29:48,468 : EventManager : Event: ======'machine_var_audits_switches_s_dmg_4'====== Args={'value': 5, 'prev_value': None, 'change': True}
2020-05-23 16:29:48,468 : EventManager : Event: ======'machine_var_audits_switches_s_dmg_5'====== Args={'value': 8, 'prev_value': None, 'change': True}
2020-05-23 16:29:48,468 : EventManager : Event: ======'machine_var_audits_switches_s_dmg_6'====== Args={'value': 5, 'prev_value': None, 'change': True}
2020-05-23 16:29:48,468 : EventManager : Event: ======'machine_var_audits_switches_s_dmg_7'====== Args={'value': 7, 'prev_value': None, 'change': True}
2020-05-23 16:29:48,468 : EventManager : Event: ======'machine_var_audits_switches_s_drop_target'====== Args={'value': 566, 'prev_value': None, 'change': True}
2020-05-23 16:29:48,468 : EventManager : Event: ======'machine_var_audits_switches_s_jet_hole'====== Args={'value': 0, 'prev_value': None, 'change': True}
2020-05-23 16:29:48,468 : EventManager : Event: ======'machine_var_audits_switches_s_jet_lane'====== Args={'value': 1, 'prev_value': None, 'change': True}
2020-05-23 16:29:48,468 : EventManager : Event: ======'machine_var_audits_switches_s_kickback'====== Args={'value': 0, 'prev_value': None, 'change': True}
2020-05-23 16:29:48,468 : EventManager : Event: ======'machine_var_audits_switches_s_kickback_target_1'====== Args={'value': 0, 'prev_value': None, 'change': True}
2020-05-23 16:29:48,468 : EventManager : Event: ======'machine_var_audits_switches_s_kickback_target_2'====== Args={'value': 0, 'prev_value': None, 'change': True}
2020-05-23 16:29:48,469 : EventManager : Event: ======'machine_var_audits_switches_s_kickback_target_3'====== Args={'value': 2, 'prev_value': None, 'change': True}
2020-05-23 16:29:48,469 : EventManager : Event: ======'machine_var_audits_switches_s_kickback_terget_1'====== Args={'value': 0, 'prev_value': None, 'change': True}
2020-05-23 16:29:48,469 : EventManager : Event: ======'machine_var_audits_switches_s_left_flipper'====== Args={'value': 545, 'prev_value': None, 'change': True}
2020-05-23 16:29:48,469 : EventManager : Event: ======'machine_var_audits_switches_s_left_hole'====== Args={'value': 0, 'prev_value': None, 'change': True}
2020-05-23 16:29:48,469 : EventManager : Event: ======'machine_var_audits_switches_s_left_inlane'====== Args={'value': 52, 'prev_value': None, 'change': True}
2020-05-23 16:29:48,469 : EventManager : Event: ======'machine_var_audits_switches_s_left_loop_made'====== Args={'value': 25, 'prev_value': None, 'change': True}
2020-05-23 16:29:48,469 : EventManager : Event: ======'machine_var_audits_switches_s_left_loop_pre'====== Args={'value': 2, 'prev_value': None, 'change': True}
2020-05-23 16:29:48,469 : EventManager : Event: ======'machine_var_audits_switches_s_left_mid_inlane'====== Args={'value': 50, 'prev_value': None, 'change': True}
2020-05-23 16:29:48,469 : EventManager : Event: ======'machine_var_audits_switches_s_left_outlane'====== Args={'value': 47, 'prev_value': None, 'change': True}
2020-05-23 16:29:48,469 : EventManager : Event: ======'machine_var_audits_switches_s_left_ramp_made'====== Args={'value': 298, 'prev_value': None, 'change': True}
2020-05-23 16:29:48,469 : EventManager : Event: ======'machine_var_audits_switches_s_left_ramp_pre'====== Args={'value': 2, 'prev_value': None, 'change': True}
2020-05-23 16:29:48,469 : EventManager : Event: ======'machine_var_audits_switches_s_left_slingshot'====== Args={'value': 0, 'prev_value': None, 'change': True}
2020-05-23 16:29:48,470 : EventManager : Event: ======'machine_var_audits_switches_s_lock_1'====== Args={'value': 133, 'prev_value': None, 'change': True}
2020-05-23 16:29:48,470 : EventManager : Event: ======'machine_var_audits_switches_s_lock_2'====== Args={'value': 135, 'prev_value': None, 'change': True}
2020-05-23 16:29:48,470 : EventManager : Event: ======'machine_var_audits_switches_s_lock_3'====== Args={'value': 192, 'prev_value': None, 'change': True}
2020-05-23 16:29:48,470 : EventManager : Event: ======'machine_var_audits_switches_s_magnet_switch'====== Args={'value': 0, 'prev_value': None, 'change': True}
2020-05-23 16:29:48,470 : EventManager : Event: ======'machine_var_audits_switches_s_main_hole'====== Args={'value': 250, 'prev_value': None, 'change': True}
2020-05-23 16:29:48,470 : EventManager : Event: ======'machine_var_audits_switches_s_pen_1'====== Args={'value': 3, 'prev_value': None, 'change': True}
2020-05-23 16:29:48,470 : EventManager : Event: ======'machine_var_audits_switches_s_pen_2'====== Args={'value': 2, 'prev_value': None, 'change': True}
2020-05-23 16:29:48,481 : EventManager : Event: ======'machine_var_audits_switches_s_pen_3'====== Args={'value': 1, 'prev_value': None, 'change': True}
2020-05-23 16:29:48,481 : EventManager : Event: ======'machine_var_audits_switches_s_pen_4'====== Args={'value': 3, 'prev_value': None, 'change': True}
2020-05-23 16:29:48,481 : EventManager : Event: ======'machine_var_audits_switches_s_pen_5'====== Args={'value': 1, 'prev_value': None, 'change': True}
2020-05-23 16:29:48,481 : EventManager : Event: ======'machine_var_audits_switches_s_pen_6'====== Args={'value': 6, 'prev_value': None, 'change': True}
2020-05-23 16:29:48,481 : EventManager : Event: ======'machine_var_audits_switches_s_plunger'====== Args={'value': 1088, 'prev_value': None, 'change': True}
2020-05-23 16:29:48,481 : EventManager : Event: ======'machine_var_audits_switches_s_plunger_button'====== Args={'value': 2, 'prev_value': None, 'change': True}
2020-05-23 16:29:48,481 : EventManager : Event: ======'machine_var_audits_switches_s_ricochet_1'====== Args={'value': 44, 'prev_value': None, 'change': True}
2020-05-23 16:29:48,482 : EventManager : Event: ======'machine_var_audits_switches_s_ricochet_2'====== Args={'value': 30, 'prev_value': None, 'change': True}
2020-05-23 16:29:48,482 : EventManager : Event: ======'machine_var_audits_switches_s_ricochet_3'====== Args={'value': 5, 'prev_value': None, 'change': True}
2020-05-23 16:29:48,482 : EventManager : Event: ======'machine_var_audits_switches_s_ricochet_4'====== Args={'value': 6, 'prev_value': None, 'change': True}
2020-05-23 16:29:48,482 : EventManager : Event: ======'machine_var_audits_switches_s_ricochet_5'====== Args={'value': 7, 'prev_value': None, 'change': True}
2020-05-23 16:29:48,482 : EventManager : Event: ======'machine_var_audits_switches_s_right_flipper'====== Args={'value': 1262, 'prev_value': None, 'change': True}
2020-05-23 16:29:48,482 : EventManager : Event: ======'machine_var_audits_switches_s_right_hole'====== Args={'value': 26, 'prev_value': None, 'change': True}
2020-05-23 16:29:48,482 : EventManager : Event: ======'machine_var_audits_switches_s_right_inlane'====== Args={'value': 60, 'prev_value': None, 'change': True}
2020-05-23 16:29:48,498 : EventManager : Event: ======'machine_var_audits_switches_s_right_loop_made'====== Args={'value': 5, 'prev_value': None, 'change': True}
2020-05-23 16:29:48,498 : EventManager : Event: ======'machine_var_audits_switches_s_right_loop_pre'====== Args={'value': 3, 'prev_value': None, 'change': True}
2020-05-23 16:29:48,498 : EventManager : Event: ======'machine_var_audits_switches_s_right_outlane'====== Args={'value': 58, 'prev_value': None, 'change': True}
2020-05-23 16:29:48,498 : EventManager : Event: ======'machine_var_audits_switches_s_right_ramp_made'====== Args={'value': 368, 'prev_value': None, 'change': True}
2020-05-23 16:29:48,498 : EventManager : Event: ======'machine_var_audits_switches_s_right_ramp_pre'====== Args={'value': 0, 'prev_value': None, 'change': True}
2020-05-23 16:29:48,498 : EventManager : Event: ======'machine_var_audits_switches_s_right_slingshot'====== Args={'value': 0, 'prev_value': None, 'change': True}
2020-05-23 16:29:48,498 : EventManager : Event: ======'machine_var_audits_switches_s_right_small_ramp'====== Args={'value': 0, 'prev_value': None, 'change': True}
2020-05-23 16:29:48,498 : EventManager : Event: ======'machine_var_audits_switches_s_side_hole'====== Args={'value': 193, 'prev_value': None, 'change': True}
2020-05-23 16:29:48,498 : EventManager : Event: ======'machine_var_audits_switches_s_side_ramp_made'====== Args={'value': 176, 'prev_value': None, 'change': True}
2020-05-23 16:29:48,498 : EventManager : Event: ======'machine_var_audits_switches_s_side_ramp_pre'====== Args={'value': 2, 'prev_value': None, 'change': True}
2020-05-23 16:29:48,498 : EventManager : Event: ======'machine_var_audits_switches_s_start'====== Args={'value': 22, 'prev_value': None, 'change': True}
2020-05-23 16:29:48,499 : EventManager : Event: ======'machine_var_audits_switches_s_torpedo'====== Args={'value': 145, 'prev_value': None, 'change': True}
2020-05-23 16:29:48,499 : EventManager : Event: ======'machine_var_audits_switches_s_torpedo_lane'====== Args={'value': 2, 'prev_value': None, 'change': True}
2020-05-23 16:29:48,499 : EventManager : Event: ======'machine_var_audits_switches_s_trough1'====== Args={'value': 21, 'prev_value': None, 'change': True}
2020-05-23 16:29:48,499 : EventManager : Event: ======'machine_var_audits_switches_s_trough2'====== Args={'value': 21, 'prev_value': None, 'change': True}
2020-05-23 16:29:48,499 : EventManager : Event: ======'machine_var_audits_switches_s_trough3'====== Args={'value': 24, 'prev_value': None, 'change': True}
2020-05-23 16:29:48,499 : EventManager : Event: ======'machine_var_audits_switches_s_trough4'====== Args={'value': 3, 'prev_value': None, 'change': True}
2020-05-23 16:29:48,499 : EventManager : Event: ======'machine_var_audits_switches_s_trough5'====== Args={'value': 0, 'prev_value': None, 'change': True}
2020-05-23 16:29:48,499 : EventManager : Event: ======'machine_var_audits_switches_s_trough6'====== Args={'value': 1, 'prev_value': None, 'change': True}
2020-05-23 16:29:48,499 : EventManager : Event: ======'machine_var_audits_switches_s_trough_jam'====== Args={'value': 0, 'prev_value': None, 'change': True}
2020-05-23 16:29:48,548 : EventManager : Event: ======'mc_reset_phase_1'====== Args={}
2020-05-23 16:29:48,548 : EventManager : Event: ======'mc_reset_phase_2'====== Args={}
2020-05-23 16:29:48,548 : EventManager : Event: ======'mc_reset_phase_3'====== Args={}
2020-05-23 16:29:48,548 : EventManager : Event: ======'mc_reset_complete'====== Args={}
2020-05-23 16:29:49,948 : EventManager : Event: ======'game_started'====== Args={}
2020-05-23 16:29:50,053 : EventManager : Event: ======'player_added'====== Args={'player': <Player 1>, 'num': 1}
2020-05-23 16:29:50,053 : EventManager : Event: ======'player_index'====== Args={'value': 0, 'prev_value': 0, 'change': 0, 'player_num': 1}
2020-05-23 16:29:50,053 : EventManager : Event: ======'player_number'====== Args={'value': 1, 'prev_value': 1, 'change': 0, 'player_num': 1}
2020-05-23 16:29:50,053 : EventManager : Event: ======'player_score'====== Args={'value': 0, 'prev_value': 0, 'change': 0, 'player_num': 1}
2020-05-23 16:29:50,053 : EventManager : Event: ======'player_ReceivedDMG'====== Args={'value': 1, 'prev_value': 0, 'change': 1, 'player_num': 1}
2020-05-23 16:29:50,053 : EventManager : Event: ======'player_DMGValue'====== Args={'value': 10000000, 'prev_value': 0, 'change': 10000000, 'player_num': 1}
2020-05-23 16:29:50,053 : EventManager : Event: ======'player_m1shotmade'====== Args={'value': 0, 'prev_value': 0, 'change': 0, 'player_num': 1}
2020-05-23 16:29:50,053 : EventManager : Event: ======'player_m2shotmade'====== Args={'value': 0, 'prev_value': 0, 'change': 0, 'player_num': 1}
2020-05-23 16:29:50,053 : EventManager : Event: ======'player_m3shotmade'====== Args={'value': 0, 'prev_value': 0, 'change': 0, 'player_num': 1}
2020-05-23 16:29:50,053 : EventManager : Event: ======'player_m4shotmade'====== Args={'value': 0, 'prev_value': 0, 'change': 0, 'player_num': 1}
2020-05-23 16:29:50,053 : EventManager : Event: ======'player_m5shotmade'====== Args={'value': 0, 'prev_value': 0, 'change': 0, 'player_num': 1}
2020-05-23 16:29:50,053 : EventManager : Event: ======'player_m6shotmade'====== Args={'value': 0, 'prev_value': 0, 'change': 0, 'player_num': 1}
2020-05-23 16:29:50,053 : EventManager : Event: ======'player_m7shotmade'====== Args={'value': 0, 'prev_value': 0, 'change': 0, 'player_num': 1}
2020-05-23 16:29:50,054 : EventManager : Event: ======'player_m8shotmade'====== Args={'value': 0, 'prev_value': 0, 'change': 0, 'player_num': 1}
2020-05-23 16:29:50,054 : EventManager : Event: ======'player_m9shotmade'====== Args={'value': 0, 'prev_value': 0, 'change': 0, 'player_num': 1}
2020-05-23 16:29:50,054 : EventManager : Event: ======'player_m1_active'====== Args={'value': 0, 'prev_value': 0, 'change': 0, 'player_num': 1}
2020-05-23 16:29:50,054 : EventManager : Event: ======'player_m2_active'====== Args={'value': 0, 'prev_value': 0, 'change': 0, 'player_num': 1}
2020-05-23 16:29:50,054 : EventManager : Event: ======'player_m3_active'====== Args={'value': 0, 'prev_value': 0, 'change': 0, 'player_num': 1}
2020-05-23 16:29:50,054 : EventManager : Event: ======'player_m4_active'====== Args={'value': 0, 'prev_value': 0, 'change': 0, 'player_num': 1}
2020-05-23 16:29:50,054 : EventManager : Event: ======'player_m5_active'====== Args={'value': 0, 'prev_value': 0, 'change': 0, 'player_num': 1}
2020-05-23 16:29:50,054 : EventManager : Event: ======'player_m6_active'====== Args={'value': 0, 'prev_value': 0, 'change': 0, 'player_num': 1}
2020-05-23 16:29:50,054 : EventManager : Event: ======'player_m7_active'====== Args={'value': 0, 'prev_value': 0, 'change': 0, 'player_num': 1}
2020-05-23 16:29:50,054 : EventManager : Event: ======'player_m8_active'====== Args={'value': 0, 'prev_value': 0, 'change': 0, 'player_num': 1}
2020-05-23 16:29:50,054 : EventManager : Event: ======'player_m9_active'====== Args={'value': 0, 'prev_value': 0, 'change': 0, 'player_num': 1}
2020-05-23 16:29:50,054 : EventManager : Event: ======'player_lock_lit_1_state'====== Args={'value': 0, 'prev_value': 0, 'change': 0, 'player_num': 1}
2020-05-23 16:29:50,054 : EventManager : Event: ======'player_lock_lit_2_state'====== Args={'value': 0, 'prev_value': 0, 'change': 0, 'player_num': 1}
2020-05-23 16:29:50,054 : EventManager : Event: ======'player_freeze_started'====== Args={'value': 0, 'prev_value': 0, 'change': 0, 'player_num': 1}
2020-05-23 16:29:50,055 : EventManager : Event: ======'player_timer_height'====== Args={'value': 0.0, 'prev_value': 0, 'change': 0.0, 'player_num': 1}
2020-05-23 16:29:50,055 : EventManager : Event: ======'player_citadel_number'====== Args={'value': 0, 'prev_value': 0, 'change': 0, 'player_num': 1}
2020-05-23 16:29:50,055 : EventManager : Event: ======'player_torpedo_number'====== Args={'value': 0, 'prev_value': 0, 'change': 0, 'player_num': 1}
2020-05-23 16:29:50,055 : EventManager : Event: ======'player_citadel_load_number'====== Args={'value': 3, 'prev_value': 0, 'change': 3, 'player_num': 1}
2020-05-23 16:29:50,055 : EventManager : Event: ======'player_torpedo_load_number'====== Args={'value': 3, 'prev_value': 0, 'change': 3, 'player_num': 1}
2020-05-23 16:29:50,055 : EventManager : Event: ======'player_citadel_ready'====== Args={'value': 0, 'prev_value': 0, 'change': 0, 'player_num': 1}
2020-05-23 16:29:50,055 : EventManager : Event: ======'player_torpedo_ready'====== Args={'value': 0, 'prev_value': 0, 'change': 0, 'player_num': 1}
2020-05-23 16:29:50,055 : EventManager : Event: ======'player_torpedo_dmg'====== Args={'value': 10.0, 'prev_value': 0, 'change': 10.0, 'player_num': 1}
2020-05-23 16:29:50,055 : EventManager : Event: ======'player_citadel_dmg'====== Args={'value': 10.0, 'prev_value': 0, 'change': 10.0, 'player_num': 1}
2020-05-23 16:29:50,055 : EventManager : Event: ======'player_fire_dmg'====== Args={'value': 10.0, 'prev_value': 0, 'change': 10.0, 'player_num': 1}
2020-05-23 16:29:50,055 : EventManager : Event: ======'player_modeshotmade'====== Args={'value': 0, 'prev_value': 0, 'change': 0, 'player_num': 1}
2020-05-23 16:29:50,055 : EventManager : Event: ======'player_super_lock'====== Args={'value': 0, 'prev_value': 0, 'change': 0, 'player_num': 1}
2020-05-23 16:29:50,056 : EventManager : Event: ======'player_container_lit'====== Args={'value': 0, 'prev_value': 0, 'change': 0, 'player_num': 1}
2020-05-23 16:29:50,056 : EventManager : Event: ======'player_addaball_lit'====== Args={'value': 0, 'prev_value': 0, 'change': 0, 'player_num': 1}
2020-05-23 16:29:50,066 : EventManager : Event: ======'player_more_time_lit'====== Args={'value': 0, 'prev_value': 0, 'change': 0, 'player_num': 1}
2020-05-23 16:29:50,066 : EventManager : Event: ======'player_ship'====== Args={'value': 'None', 'prev_value': 0, 'change': True, 'player_num': 1}
2020-05-23 16:29:50,066 : EventManager : Event: ======'player_language'====== Args={'value': 'None', 'prev_value': 0, 'change': True, 'player_num': 1}
2020-05-23 16:29:50,066 : EventManager : Event: ======'player_battle_bumper'====== Args={'value': 'fire', 'prev_value': 0, 'change': True, 'player_num': 1}
2020-05-23 16:29:50,114 : EventManager : Event: ======'player_ball'====== Args={'value': 1, 'prev_value': 0, 'change': 1, 'player_num': 1}
2020-05-23 16:29:50,115 : EventManager : Event: ======'player_turn_start'====== Args={'number': 1, 'player': <Player 1>}
2020-05-23 16:29:50,182 : EventManager : Event: ======'player_shot_detonation_lit_enabled'====== Args={'value': True, 'prev_value': 0, 'change': 1, 'player_num': 1}
2020-05-23 16:29:50,183 : EventManager : Event: ======'player_shot_detonation_enabled'====== Args={'value': False, 'prev_value': 0, 'change': 0, 'player_num': 1}
2020-05-23 16:29:50,183 : EventManager : Event: ======'player_shot_ricochet_1_enabled'====== Args={'value': True, 'prev_value': 0, 'change': 1, 'player_num': 1}
2020-05-23 16:29:50,183 : EventManager : Event: ======'player_shot_ricochet_2_enabled'====== Args={'value': True, 'prev_value': 0, 'change': 1, 'player_num': 1}
2020-05-23 16:29:50,183 : EventManager : Event: ======'player_shot_ricochet_3_enabled'====== Args={'value': True, 'prev_value': 0, 'change': 1, 'player_num': 1}
2020-05-23 16:29:50,183 : EventManager : Event: ======'player_shot_ricochet_4_enabled'====== Args={'value': True, 'prev_value': 0, 'change': 1, 'player_num': 1}
2020-05-23 16:29:50,183 : EventManager : Event: ======'player_shot_ricochet_5_enabled'====== Args={'value': True, 'prev_value': 0, 'change': 1, 'player_num': 1}
2020-05-23 16:29:50,184 : EventManager : Event: ======'player_shot_lock_lit_1_enabled'====== Args={'value': True, 'prev_value': 0, 'change': 1, 'player_num': 1}
2020-05-23 16:29:50,184 : EventManager : Event: ======'player_shot_lock_lit_2_enabled'====== Args={'value': True, 'prev_value': 0, 'change': 1, 'player_num': 1}
2020-05-23 16:29:50,198 : EventManager : Event: ======'player_shot_lane_A_enabled'====== Args={'value': True, 'prev_value': 0, 'change': 1, 'player_num': 1}
2020-05-23 16:29:50,198 : EventManager : Event: ======'player_shot_lane_B_enabled'====== Args={'value': True, 'prev_value': 0, 'change': 1, 'player_num': 1}
2020-05-23 16:29:50,199 : EventManager : Event: ======'player_shot_lane_C_enabled'====== Args={'value': True, 'prev_value': 0, 'change': 1, 'player_num': 1}
2020-05-23 16:29:50,199 : EventManager : Event: ======'player_shot_lane_D_enabled'====== Args={'value': True, 'prev_value': 0, 'change': 1, 'player_num': 1}
2020-05-23 16:29:50,199 : EventManager : Event: ======'player_shot_lane_E_enabled'====== Args={'value': True, 'prev_value': 0, 'change': 1, 'player_num': 1}
2020-05-23 16:29:50,199 : EventManager : Event: ======'player_DMGValue'====== Args={'value': 120000000, 'prev_value': 10000000, 'change': 110000000, 'player_num': 1}
2020-05-23 16:29:50,199 : EventManager : Event: ======'player_shot_lock_lit_1_enabled'====== Args={'value': False, 'prev_value': True, 'change': -1, 'player_num': 1}
2020-05-23 16:29:50,199 : EventManager : Event: ======'player_shot_lock_lit_2_enabled'====== Args={'value': False, 'prev_value': True, 'change': -1, 'player_num': 1}
2020-05-23 16:29:50,199 : EventManager : Event: ======'player_shot_lock_lit_1_enabled'====== Args={'value': True, 'prev_value': False, 'change': 1, 'player_num': 1}
2020-05-23 16:29:50,199 : EventManager : Event: ======'player_shot_lock_lit_2_enabled'====== Args={'value': True, 'prev_value': False, 'change': 1, 'player_num': 1}
2020-05-23 16:29:50,248 : EventManager : Event: ======'slides_play'====== Args={'settings': {'grosser_kurfurst_lit': {'widgets': [{'type': 'image', 'image': 'grosser kurfurst', '_default_settings': ['type', 'image'], 'x': None, 'y': None, 'anchor_x': 'center', 'anchor_y': 'center', 'round_anchor_x': None, 'round_anchor_y': None, 'opacity': 1.0, 'z': 0, 'reset_animations_events': {}, 'color': [1.0, 1.0, 1.0, 1.0], 'style': [], 'adjust_top': 0, 'adjust_bottom': 0, 'adjust_left': 0, 'adjust_right': 0, 'expire': None, 'key': None, 'widget': None, 'events_when_added': [], 'events_when_removed': [], 'fps': 10, 'loops': -1, 'auto_play': True, 'start_frame': 0, 'rotation': 0, 'scale': 1.0, 'animations': None}], 'target': None, 'background_color': [0.0, 0.0, 0.0, 1.0], 'priority': None, 'show': True, 'force': False, 'expire': None, 'slide': None, 'tokens': {}, 'action': 'play'}}, 'context': 'show_20', 'calling_context': 0, 'priority': 100, 'show_tokens': {}, 'start_time': 611444.109}
2020-05-23 16:29:50,248 : mpfmc : SlidePlayer: Play called with settings={'grosser_kurfurst_lit': {'widgets': [{'type': 'image', 'image': 'grosser kurfurst', '_default_settings': ['type', 'image'], 'x': None, 'y': None, 'anchor_x': 'center', 'anchor_y': 'center', 'round_anchor_x': None, 'round_anchor_y': None, 'opacity': 1.0, 'z': 0, 'reset_animations_events': {}, 'color': [1.0, 1.0, 1.0, 1.0], 'style': [], 'adjust_top': 0, 'adjust_bottom': 0, 'adjust_left': 0, 'adjust_right': 0, 'expire': None, 'key': None, 'widget': None, 'events_when_added': [], 'events_when_removed': [], 'fps': 10, 'loops': -1, 'auto_play': True, 'start_frame': 0, 'rotation': 0, 'scale': 1.0, 'animations': None}], 'target': None, 'background_color': [0.0, 0.0, 0.0, 1.0], 'priority': None, 'show': True, 'force': False, 'expire': None, 'slide': None, 'tokens': {}, 'action': 'play'}}
2020-05-23 16:29:50,250 : EventManager : Event: ======'slide_grosser_kurfurst_lit_created'====== Args={}
2020-05-23 16:29:50,251 : EventManager : Event: ======'slide_grosser_kurfurst_lit_active'====== Args={}
2020-05-23 16:29:50,399 : EventManager : Event: ======'machine_var_audits_switches_s_plunger'====== Args={'value': 1089, 'prev_value': 1088, 'change': 1}
2020-05-23 16:29:50,997 : EventManager : Event: ======'machine_var_audits_switches_s_right_flipper'====== Args={'value': 1263, 'prev_value': 1262, 'change': 1}
2020-05-23 16:29:51,064 : EventManager : Event: ======'slides_clear'====== Args={'context': 'show_20'}
2020-05-23 16:29:51,064 : EventManager : Event: ======'slides_play'====== Args={'settings': {'shimakaze_lit': {'widgets': [{'type': 'image', 'image': 'shimakaze', '_default_settings': ['type', 'image'], 'x': None, 'y': None, 'anchor_x': 'center', 'anchor_y': 'center', 'round_anchor_x': None, 'round_anchor_y': None, 'opacity': 1.0, 'z': 0, 'reset_animations_events': {}, 'color': [1.0, 1.0, 1.0, 1.0], 'style': [], 'adjust_top': 0, 'adjust_bottom': 0, 'adjust_left': 0, 'adjust_right': 0, 'expire': None, 'key': None, 'widget': None, 'events_when_added': [], 'events_when_removed': [], 'fps': 10, 'loops': -1, 'auto_play': True, 'start_frame': 0, 'rotation': 0, 'scale': 1.0, 'animations': None}], 'target': None, 'background_color': [0.0, 0.0, 0.0, 1.0], 'priority': None, 'show': True, 'force': False, 'expire': None, 'slide': None, 'tokens': {}, 'action': 'play'}}, 'context': 'show_23', 'calling_context': 0, 'priority': 100, 'show_tokens': {}, 'start_time': 611444.921}
2020-05-23 16:29:51,065 : EventManager : Event: ======'slide_grosser_kurfurst_lit_removed'====== Args={}
2020-05-23 16:29:51,066 : mpfmc : SlidePlayer: Play called with settings={'shimakaze_lit': {'widgets': [{'type': 'image', 'image': 'shimakaze', '_default_settings': ['type', 'image'], 'x': None, 'y': None, 'anchor_x': 'center', 'anchor_y': 'center', 'round_anchor_x': None, 'round_anchor_y': None, 'opacity': 1.0, 'z': 0, 'reset_animations_events': {}, 'color': [1.0, 1.0, 1.0, 1.0], 'style': [], 'adjust_top': 0, 'adjust_bottom': 0, 'adjust_left': 0, 'adjust_right': 0, 'expire': None, 'key': None, 'widget': None, 'events_when_added': [], 'events_when_removed': [], 'fps': 10, 'loops': -1, 'auto_play': True, 'start_frame': 0, 'rotation': 0, 'scale': 1.0, 'animations': None}], 'target': None, 'background_color': [0.0, 0.0, 0.0, 1.0], 'priority': None, 'show': True, 'force': False, 'expire': None, 'slide': None, 'tokens': {}, 'action': 'play'}}
2020-05-23 16:29:51,067 : EventManager : Event: ======'slide_shimakaze_lit_created'====== Args={}
2020-05-23 16:29:51,068 : EventManager : Event: ======'slide_shimakaze_lit_active'====== Args={}
2020-05-23 16:29:51,198 : EventManager : Event: ======'machine_var_audits_switches_s_right_flipper'====== Args={'value': 1264, 'prev_value': 1263, 'change': 1}
2020-05-23 16:29:51,265 : EventManager : Event: ======'slides_clear'====== Args={'context': 'show_23'}
2020-05-23 16:29:51,265 : EventManager : Event: ======'slides_play'====== Args={'settings': {'daring_lit': {'widgets': [{'type': 'image', 'image': 'daring', '_default_settings': ['type', 'image'], 'x': None, 'y': None, 'anchor_x': 'center', 'anchor_y': 'center', 'round_anchor_x': None, 'round_anchor_y': None, 'opacity': 1.0, 'z': 0, 'reset_animations_events': {}, 'color': [1.0, 1.0, 1.0, 1.0], 'style': [], 'adjust_top': 0, 'adjust_bottom': 0, 'adjust_left': 0, 'adjust_right': 0, 'expire': None, 'key': None, 'widget': None, 'events_when_added': [], 'events_when_removed': [], 'fps': 10, 'loops': -1, 'auto_play': True, 'start_frame': 0, 'rotation': 0, 'scale': 1.0, 'animations': None}], 'target': None, 'background_color': [0.0, 0.0, 0.0, 1.0], 'priority': None, 'show': True, 'force': False, 'expire': None, 'slide': None, 'tokens': {}, 'action': 'play'}}, 'context': 'show_26', 'calling_context': 0, 'priority': 100, 'show_tokens': {}, 'start_time': 611445.109}
2020-05-23 16:29:51,266 : EventManager : Event: ======'slide_shimakaze_lit_removed'====== Args={}
2020-05-23 16:29:51,266 : mpfmc : SlidePlayer: Play called with settings={'daring_lit': {'widgets': [{'type': 'image', 'image': 'daring', '_default_settings': ['type', 'image'], 'x': None, 'y': None, 'anchor_x': 'center', 'anchor_y': 'center', 'round_anchor_x': None, 'round_anchor_y': None, 'opacity': 1.0, 'z': 0, 'reset_animations_events': {}, 'color': [1.0, 1.0, 1.0, 1.0], 'style': [], 'adjust_top': 0, 'adjust_bottom': 0, 'adjust_left': 0, 'adjust_right': 0, 'expire': None, 'key': None, 'widget': None, 'events_when_added': [], 'events_when_removed': [], 'fps': 10, 'loops': -1, 'auto_play': True, 'start_frame': 0, 'rotation': 0, 'scale': 1.0, 'animations': None}], 'target': None, 'background_color': [0.0, 0.0, 0.0, 1.0], 'priority': None, 'show': True, 'force': False, 'expire': None, 'slide': None, 'tokens': {}, 'action': 'play'}}
2020-05-23 16:29:51,268 : EventManager : Event: ======'slide_daring_lit_created'====== Args={}
2020-05-23 16:29:51,269 : EventManager : Event: ======'slide_daring_lit_active'====== Args={}
2020-05-23 16:29:51,481 : EventManager : Event: ======'machine_var_audits_switches_s_right_flipper'====== Args={'value': 1265, 'prev_value': 1264, 'change': 1}
2020-05-23 16:29:51,565 : EventManager : Event: ======'slides_clear'====== Args={'context': 'show_26'}
2020-05-23 16:29:51,565 : EventManager : Event: ======'slides_play'====== Args={'settings': {'haragumo_lit': {'widgets': [{'type': 'image', 'image': 'haragumo', '_default_settings': ['type', 'image'], 'x': None, 'y': None, 'anchor_x': 'center', 'anchor_y': 'center', 'round_anchor_x': None, 'round_anchor_y': None, 'opacity': 1.0, 'z': 0, 'reset_animations_events': {}, 'color': [1.0, 1.0, 1.0, 1.0], 'style': [], 'adjust_top': 0, 'adjust_bottom': 0, 'adjust_left': 0, 'adjust_right': 0, 'expire': None, 'key': None, 'widget': None, 'events_when_added': [], 'events_when_removed': [], 'fps': 10, 'loops': -1, 'auto_play': True, 'start_frame': 0, 'rotation': 0, 'scale': 1.0, 'animations': None}], 'target': None, 'background_color': [0.0, 0.0, 0.0, 1.0], 'priority': None, 'show': True, 'force': False, 'expire': None, 'slide': None, 'tokens': {}, 'action': 'play'}}, 'context': 'show_29', 'calling_context': 0, 'priority': 100, 'show_tokens': {}, 'start_time': 611445.421}
2020-05-23 16:29:51,566 : EventManager : Event: ======'slide_daring_lit_removed'====== Args={}
2020-05-23 16:29:51,566 : mpfmc : SlidePlayer: Play called with settings={'haragumo_lit': {'widgets': [{'type': 'image', 'image': 'haragumo', '_default_settings': ['type', 'image'], 'x': None, 'y': None, 'anchor_x': 'center', 'anchor_y': 'center', 'round_anchor_x': None, 'round_anchor_y': None, 'opacity': 1.0, 'z': 0, 'reset_animations_events': {}, 'color': [1.0, 1.0, 1.0, 1.0], 'style': [], 'adjust_top': 0, 'adjust_bottom': 0, 'adjust_left': 0, 'adjust_right': 0, 'expire': None, 'key': None, 'widget': None, 'events_when_added': [], 'events_when_removed': [], 'fps': 10, 'loops': -1, 'auto_play': True, 'start_frame': 0, 'rotation': 0, 'scale': 1.0, 'animations': None}], 'target': None, 'background_color': [0.0, 0.0, 0.0, 1.0], 'priority': None, 'show': True, 'force': False, 'expire': None, 'slide': None, 'tokens': {}, 'action': 'play'}}
2020-05-23 16:29:51,568 : EventManager : Event: ======'slide_haragumo_lit_created'====== Args={}
2020-05-23 16:29:51,569 : EventManager : Event: ======'slide_haragumo_lit_active'====== Args={}
2020-05-23 16:29:51,682 : EventManager : Event: ======'machine_var_audits_switches_s_right_flipper'====== Args={'value': 1266, 'prev_value': 1265, 'change': 1}
2020-05-23 16:29:51,764 : EventManager : Event: ======'slides_clear'====== Args={'context': 'show_29'}
2020-05-23 16:29:51,764 : EventManager : Event: ======'slides_play'====== Args={'settings': {'des_moines_lit': {'widgets': [{'type': 'image', 'image': 'des moines', '_default_settings': ['type', 'image'], 'x': None, 'y': None, 'anchor_x': 'center', 'anchor_y': 'center', 'round_anchor_x': None, 'round_anchor_y': None, 'opacity': 1.0, 'z': 0, 'reset_animations_events': {}, 'color': [1.0, 1.0, 1.0, 1.0], 'style': [], 'adjust_top': 0, 'adjust_bottom': 0, 'adjust_left': 0, 'adjust_right': 0, 'expire': None, 'key': None, 'widget': None, 'events_when_added': [], 'events_when_removed': [], 'fps': 10, 'loops': -1, 'auto_play': True, 'start_frame': 0, 'rotation': 0, 'scale': 1.0, 'animations': None}], 'target': None, 'background_color': [0.0, 0.0, 0.0, 1.0], 'priority': None, 'show': True, 'force': False, 'expire': None, 'slide': None, 'tokens': {}, 'action': 'play'}}, 'context': 'show_32', 'calling_context': 0, 'priority': 100, 'show_tokens': {}, 'start_time': 611445.609}
2020-05-23 16:29:51,765 : EventManager : Event: ======'slide_haragumo_lit_removed'====== Args={}
2020-05-23 16:29:51,765 : mpfmc : SlidePlayer: Play called with settings={'des_moines_lit': {'widgets': [{'type': 'image', 'image': 'des moines', '_default_settings': ['type', 'image'], 'x': None, 'y': None, 'anchor_x': 'center', 'anchor_y': 'center', 'round_anchor_x': None, 'round_anchor_y': None, 'opacity': 1.0, 'z': 0, 'reset_animations_events': {}, 'color': [1.0, 1.0, 1.0, 1.0], 'style': [], 'adjust_top': 0, 'adjust_bottom': 0, 'adjust_left': 0, 'adjust_right': 0, 'expire': None, 'key': None, 'widget': None, 'events_when_added': [], 'events_when_removed': [], 'fps': 10, 'loops': -1, 'auto_play': True, 'start_frame': 0, 'rotation': 0, 'scale': 1.0, 'animations': None}], 'target': None, 'background_color': [0.0, 0.0, 0.0, 1.0], 'priority': None, 'show': True, 'force': False, 'expire': None, 'slide': None, 'tokens': {}, 'action': 'play'}}
2020-05-23 16:29:51,767 : EventManager : Event: ======'slide_des_moines_lit_created'====== Args={}
2020-05-23 16:29:51,768 : EventManager : Event: ======'slide_des_moines_lit_active'====== Args={}
2020-05-23 16:29:52,231 : EventManager : Event: ======'machine_var_audits_switches_s_right_flipper'====== Args={'value': 1267, 'prev_value': 1266, 'change': 1}
2020-05-23 16:29:52,315 : EventManager : Event: ======'slides_clear'====== Args={'context': 'show_32'}
2020-05-23 16:29:52,315 : EventManager : Event: ======'slides_play'====== Args={'settings': {'stalingrad_lit': {'widgets': [{'type': 'image', 'image': 'stalingrad', '_default_settings': ['type', 'image'], 'x': None, 'y': None, 'anchor_x': 'center', 'anchor_y': 'center', 'round_anchor_x': None, 'round_anchor_y': None, 'opacity': 1.0, 'z': 0, 'reset_animations_events': {}, 'color': [1.0, 1.0, 1.0, 1.0], 'style': [], 'adjust_top': 0, 'adjust_bottom': 0, 'adjust_left': 0, 'adjust_right': 0, 'expire': None, 'key': None, 'widget': None, 'events_when_added': [], 'events_when_removed': [], 'fps': 10, 'loops': -1, 'auto_play': True, 'start_frame': 0, 'rotation': 0, 'scale': 1.0, 'animations': None}], 'target': None, 'background_color': [0.0, 0.0, 0.0, 1.0], 'priority': None, 'show': True, 'force': False, 'expire': None, 'slide': None, 'tokens': {}, 'action': 'play'}}, 'context': 'show_35', 'calling_context': 0, 'priority': 100, 'show_tokens': {}, 'start_time': 611446.171}
2020-05-23 16:29:52,316 : EventManager : Event: ======'slide_des_moines_lit_removed'====== Args={}
2020-05-23 16:29:52,316 : mpfmc : SlidePlayer: Play called with settings={'stalingrad_lit': {'widgets': [{'type': 'image', 'image': 'stalingrad', '_default_settings': ['type', 'image'], 'x': None, 'y': None, 'anchor_x': 'center', 'anchor_y': 'center', 'round_anchor_x': None, 'round_anchor_y': None, 'opacity': 1.0, 'z': 0, 'reset_animations_events': {}, 'color': [1.0, 1.0, 1.0, 1.0], 'style': [], 'adjust_top': 0, 'adjust_bottom': 0, 'adjust_left': 0, 'adjust_right': 0, 'expire': None, 'key': None, 'widget': None, 'events_when_added': [], 'events_when_removed': [], 'fps': 10, 'loops': -1, 'auto_play': True, 'start_frame': 0, 'rotation': 0, 'scale': 1.0, 'animations': None}], 'target': None, 'background_color': [0.0, 0.0, 0.0, 1.0], 'priority': None, 'show': True, 'force': False, 'expire': None, 'slide': None, 'tokens': {}, 'action': 'play'}}
2020-05-23 16:29:52,318 : EventManager : Event: ======'slide_stalingrad_lit_created'====== Args={}
2020-05-23 16:29:52,318 : EventManager : Event: ======'slide_stalingrad_lit_active'====== Args={}
2020-05-23 16:29:52,481 : EventManager : Event: ======'machine_var_audits_switches_s_right_flipper'====== Args={'value': 1268, 'prev_value': 1267, 'change': 1}
2020-05-23 16:29:52,564 : EventManager : Event: ======'slides_clear'====== Args={'context': 'show_35'}
2020-05-23 16:29:52,565 : EventManager : Event: ======'slides_play'====== Args={'settings': {'venezia_lit': {'widgets': [{'type': 'image', 'image': 'venezia', '_default_settings': ['type', 'image'], 'x': None, 'y': None, 'anchor_x': 'center', 'anchor_y': 'center', 'round_anchor_x': None, 'round_anchor_y': None, 'opacity': 1.0, 'z': 0, 'reset_animations_events': {}, 'color': [1.0, 1.0, 1.0, 1.0], 'style': [], 'adjust_top': 0, 'adjust_bottom': 0, 'adjust_left': 0, 'adjust_right': 0, 'expire': None, 'key': None, 'widget': None, 'events_when_added': [], 'events_when_removed': [], 'fps': 10, 'loops': -1, 'auto_play': True, 'start_frame': 0, 'rotation': 0, 'scale': 1.0, 'animations': None}], 'target': None, 'background_color': [0.0, 0.0, 0.0, 1.0], 'priority': None, 'show': True, 'force': False, 'expire': None, 'slide': None, 'tokens': {}, 'action': 'play'}}, 'context': 'show_38', 'calling_context': 0, 'priority': 100, 'show_tokens': {}, 'start_time': 611446.421}
2020-05-23 16:29:52,565 : EventManager : Event: ======'slide_stalingrad_lit_removed'====== Args={}
2020-05-23 16:29:52,566 : mpfmc : SlidePlayer: Play called with settings={'venezia_lit': {'widgets': [{'type': 'image', 'image': 'venezia', '_default_settings': ['type', 'image'], 'x': None, 'y': None, 'anchor_x': 'center', 'anchor_y': 'center', 'round_anchor_x': None, 'round_anchor_y': None, 'opacity': 1.0, 'z': 0, 'reset_animations_events': {}, 'color': [1.0, 1.0, 1.0, 1.0], 'style': [], 'adjust_top': 0, 'adjust_bottom': 0, 'adjust_left': 0, 'adjust_right': 0, 'expire': None, 'key': None, 'widget': None, 'events_when_added': [], 'events_when_removed': [], 'fps': 10, 'loops': -1, 'auto_play': True, 'start_frame': 0, 'rotation': 0, 'scale': 1.0, 'animations': None}], 'target': None, 'background_color': [0.0, 0.0, 0.0, 1.0], 'priority': None, 'show': True, 'force': False, 'expire': None, 'slide': None, 'tokens': {}, 'action': 'play'}}
2020-05-23 16:29:52,568 : EventManager : Event: ======'slide_venezia_lit_created'====== Args={}
2020-05-23 16:29:52,569 : EventManager : Event: ======'slide_venezia_lit_active'====== Args={}
2020-05-23 16:29:52,698 : EventManager : Event: ======'machine_var_audits_switches_s_right_flipper'====== Args={'value': 1269, 'prev_value': 1268, 'change': 1}
2020-05-23 16:29:52,798 : EventManager : Event: ======'slides_clear'====== Args={'context': 'show_38'}
2020-05-23 16:29:52,799 : EventManager : Event: ======'slides_play'====== Args={'settings': {'yamato': {'target': None, 'background_color': [0.0, 0.0, 0.0, 1.0], 'priority': None, 'show': True, 'force': False, 'expire': None, 'slide': None, 'tokens': {}, 'action': 'play'}}, 'context': 'ship_crew', 'calling_context': 'achievement_yamato_state_selected', 'priority': 100, 'restore': False, 'state': 'enabled', 'selected': True}
2020-05-23 16:29:52,800 : EventManager : Event: ======'slide_venezia_lit_removed'====== Args={}
2020-05-23 16:29:52,800 : mpfmc : SlidePlayer: Play called with settings={'yamato': {'target': None, 'background_color': [0.0, 0.0, 0.0, 1.0], 'priority': None, 'show': True, 'force': False, 'expire': None, 'slide': None, 'tokens': {}, 'action': 'play'}}
2020-05-23 16:29:52,803 : EventManager : Event: ======'slide_yamato_created'====== Args={}
2020-05-23 16:29:52,804 : EventManager : Event: ======'slide_yamato_active'====== Args={}
2020-05-23 16:31:22,946 : kivy : WindowSDL: exiting mainloop and closing.
2020-05-23 16:31:23,110 : kivy : Base: Leaving application in progress...
2020-05-23 16:31:23,110 : mpfmc : Stopping...
2020-05-23 16:31:23,110 : EventManager : Event: ======'shutdown'====== Args={}
2020-05-23 16:31:23,110 : mpfmc : Loop rate 59.74 Hz
2020-05-23 16:31:23,111 : kivy : MC run loop ended.
2020-05-23 16:31:23,111 : kivy : Stopping child threads... (3 remaining)
2020-05-23 16:31:23,857 : MPF-MC BCP Server : Stopping BCP sending thread
2020-05-23 16:31:24,005 : mpfmc : Stopping...
2020-05-23 16:31:24,005 : EventManager : Event: ======'shutdown'====== Args={}
2020-05-23 16:31:24,005 : mpfmc : Loop rate 59.19 Hz
2020-05-23 16:31:24,014 : kivy : All child threads stopped.
