2020-01-21 18:52:18,777 : INFO : Machine : Mission Pinball Framework Core Engine v0.53.0-dev.68
2020-01-21 18:52:18,778 : INFO : Machine : Command line arguments: {'no_load_cache': False, 'create_config_cache': True, 'bcp': True, 'configfile': ['config.yaml'], 'mpfconfigfile': 'c:\\users\\schol\\appdata\\local\\programs\\python\\python36\\lib\\site-packages\\mpf\\mpfconfig.yaml', 'force_assets_load': False, 'jsonlogging': False, 'logfile': 'logs\\2020-01-21-18-52-18-mpf-DESKTOP-FPTMTCL.log', 'pause': False, 'production': False, 'text_ui': True, 'loglevel': 15, 'consoleloglevel': 20, 'force_platform': 'smart_virtual', 'syslog_address': None, 'mc_file_name': None, 'no_sound': False}
2020-01-21 18:52:18,778 : INFO : Machine : MPF path: c:\users\schol\appdata\local\programs\python\python36\lib\site-packages\mpf
2020-01-21 18:52:18,778 : INFO : Machine : Machine path: E:\mpf\wows\wows
2020-01-21 18:52:18,778 : INFO : Machine : Platform: win32
2020-01-21 18:52:18,778 : INFO : Machine : Python executable location: c:\users\schol\appdata\local\programs\python\python36\python.exe
2020-01-21 18:52:18,778 : INFO : Machine : Python version: 3.6.4 (64-bit)
2020-01-21 18:52:18,778 : INFO : Machine : Machine config file #1: config.yaml
2020-01-21 18:52:18,779 : INFO : ConfigProcessor : Loading config from cache: C:\Users\schol\AppData\Local\Temp\a7e9e9e882fa7eca7cb0ba00eaf15121.mpf_cache
2020-01-21 18:52:18,781 : INFO : Machine : Initialise MPF.
2020-01-21 18:52:19,007 : INFO : EventManager : Event: ======'machine_var_credits_string'====== Args={'value': 'FREE PLAY', 'prev_value': None, 'change': True}
2020-01-21 18:52:19,044 : INFO : EventManager : Event: ======'machine_var_player1_score'====== Args={'value': 0, 'prev_value': None, 'change': True}
2020-01-21 18:52:19,044 : INFO : EventManager : Event: ======'machine_var_mpf_version'====== Args={'value': 'MPF v0.53.0-dev.68', 'prev_value': None, 'change': True}
2020-01-21 18:52:19,044 : INFO : EventManager : Event: ======'machine_var_mpf_extended_version'====== Args={'value': 'MPF v0.53.0-dev.68, Config version:5, Show version: 5, BCP version:1.1', 'prev_value': None, 'change': True}
2020-01-21 18:52:19,044 : INFO : EventManager : Event: ======'machine_var_python_version'====== Args={'value': '3.6.4', 'prev_value': None, 'change': True}
2020-01-21 18:52:19,044 : INFO : EventManager : Event: ======'machine_var_platform'====== Args={'value': 'Windows-10-10.0.18362-SP0', 'prev_value': None, 'change': True}
2020-01-21 18:52:19,044 : INFO : EventManager : Event: ======'machine_var_platform_system'====== Args={'value': 'Windows', 'prev_value': None, 'change': True}
2020-01-21 18:52:19,044 : INFO : EventManager : Event: ======'machine_var_platform_release'====== Args={'value': '10', 'prev_value': None, 'change': True}
2020-01-21 18:52:19,044 : INFO : EventManager : Event: ======'machine_var_platform_version'====== Args={'value': '10.0.18362', 'prev_value': None, 'change': True}
2020-01-21 18:52:19,044 : INFO : EventManager : Event: ======'machine_var_platform_machine'====== Args={'value': 'AMD64', 'prev_value': None, 'change': True}
2020-01-21 18:52:19,045 : INFO : EventManager : Event: ======'init_phase_1'====== Args={}
2020-01-21 18:52:19,075 : INFO : ConfigProcessor : Loading config from cache: C:\Users\schol\AppData\Local\Temp\1068177614fe5a40fc2c1e1b0504468c.mpf_cache
2020-01-21 18:52:19,077 : INFO : ConfigProcessor : Loading config from cache: C:\Users\schol\AppData\Local\Temp\6e6d4708a613edd7635d35a6961997f3.mpf_cache
2020-01-21 18:52:19,079 : INFO : ConfigProcessor : Loading config from cache: C:\Users\schol\AppData\Local\Temp\4aeaa69609f53d9b71d1dbbedd434b0b.mpf_cache
2020-01-21 18:52:19,081 : INFO : ConfigProcessor : Loading config from cache: C:\Users\schol\AppData\Local\Temp\1e6cc6775e87a3e14ded8d45fd065b10.mpf_cache
2020-01-21 18:52:19,083 : INFO : ConfigProcessor : Loading config from cache: C:\Users\schol\AppData\Local\Temp\d5fd805c5432c1441bf01a6268536a3d.mpf_cache
2020-01-21 18:52:19,088 : INFO : ConfigProcessor : Loading config from cache: C:\Users\schol\AppData\Local\Temp\5c4497fcd69d1d656c4b69a28e44c490.mpf_cache
2020-01-21 18:52:19,116 : INFO : EventManager : Event: ======'init_phase_2'====== Args={}
2020-01-21 18:52:19,117 : INFO : SwitchController : Found active switch: ('2', <Platform.SmartVirtual>)
2020-01-21 18:52:19,117 : INFO : SwitchController : Found active switch: ('3', <Platform.SmartVirtual>)
2020-01-21 18:52:19,117 : INFO : SwitchController : Found active switch: ('4', <Platform.SmartVirtual>)
2020-01-21 18:52:19,117 : INFO : SwitchController : Found active switch: ('5', <Platform.SmartVirtual>)
2020-01-21 18:52:19,117 : INFO : SwitchController : Found active switch: ('6', <Platform.SmartVirtual>)
2020-01-21 18:52:19,117 : INFO : SwitchController : Found active switch: ('7', <Platform.SmartVirtual>)
2020-01-21 18:52:19,122 : INFO : EventManager : Event: ======'bcp_connection_attempt'====== Args={'name': 'local_display', 'host': 'localhost', 'port': 5050}
2020-01-21 18:52:19,123 : INFO : BCPClientSocket : Connecting BCP to 'local_display' at localhost:5050...
2020-01-21 18:52:21,139 : INFO : BCPClientSocket : Connected BCP to 'local_display' localhost:5050
2020-01-21 18:52:21,140 : INFO : EventManager : Event: ======'bcp_clients_connected'====== Args={}
2020-01-21 18:52:21,150 : INFO : EventManager : Event: ======'machine_var_mc_version'====== Args={'value': 'MPF-MC v0.53.0-dev.15', 'prev_value': None, 'change': True}
2020-01-21 18:52:21,150 : INFO : EventManager : Event: ======'machine_var_mc_extended_version'====== Args={'value': 'MPF-MC v0.53.0-dev.15 (config_version=5, BCP v1.1, Requires MPF v0.53.0-dev.51)', 'prev_value': None, 'change': True}
2020-01-21 18:52:21,151 : INFO : EventManager : Event: ======'machine_var_master_volume'====== Args={'value': 0.5, 'prev_value': None, 'change': True}
2020-01-21 18:52:21,186 : INFO : EventManager : Event: ======'init_phase_3'====== Args={}
2020-01-21 18:52:21,187 : INFO : AssetManager : Registering Asset: sh_mode_1_shot_made, File: sh_mode_1_shot_made.yaml, Default Group: default, Final Config: {'load': 'preload', 'file': 'E:\\mpf\\wows\\wows\\shows\\sh_mode_1_shot_made.yaml'}
2020-01-21 18:52:21,187 : INFO : AssetManager : Registering Asset: sh_mode_3_shot_made, File: sh_mode_3_shot_made.yaml, Default Group: default, Final Config: {'load': 'preload', 'file': 'E:\\mpf\\wows\\wows\\shows\\sh_mode_3_shot_made.yaml'}
2020-01-21 18:52:21,187 : INFO : AssetManager : Registering Asset: sh_mode_4_shot_made, File: sh_mode_4_shot_made.yaml, Default Group: default, Final Config: {'load': 'preload', 'file': 'E:\\mpf\\wows\\wows\\shows\\sh_mode_4_shot_made.yaml'}
2020-01-21 18:52:21,187 : INFO : AssetManager : Registering Asset: sh_mode_5_shot_made, File: sh_mode_5_shot_made.yaml, Default Group: default, Final Config: {'load': 'preload', 'file': 'E:\\mpf\\wows\\wows\\shows\\sh_mode_5_shot_made.yaml'}
2020-01-21 18:52:21,187 : INFO : AssetManager : Registering Asset: sh_mode_6_shot_made, File: sh_mode_6_shot_made.yaml, Default Group: default, Final Config: {'load': 'preload', 'file': 'E:\\mpf\\wows\\wows\\shows\\sh_mode_6_shot_made.yaml'}
2020-01-21 18:52:21,187 : INFO : AssetManager : Registering Asset: sh_mode_7_shot_made, File: sh_mode_7_shot_made.yaml, Default Group: default, Final Config: {'load': 'preload', 'file': 'E:\\mpf\\wows\\wows\\shows\\sh_mode_7_shot_made.yaml'}
2020-01-21 18:52:21,187 : INFO : AssetManager : Registering Asset: sh_mode_8_shot_made, File: sh_mode_8_shot_made.yaml, Default Group: default, Final Config: {'load': 'preload', 'file': 'E:\\mpf\\wows\\wows\\shows\\sh_mode_8_shot_made.yaml'}
2020-01-21 18:52:21,187 : INFO : AssetManager : Registering Asset: sh_mode_9_shot_made, File: sh_mode_9_shot_made.yaml, Default Group: default, Final Config: {'load': 'preload', 'file': 'E:\\mpf\\wows\\wows\\shows\\sh_mode_9_shot_made.yaml'}
2020-01-21 18:52:21,189 : INFO : ConfigProcessor : Loading config from cache: C:\Users\schol\AppData\Local\Temp\9b528347051cb782f006c12877dcdcaa.mpf_cache
2020-01-21 18:52:21,190 : INFO : EventManager : Event: ======'loading_assets'====== Args={'total': 8, 'loaded': 1, 'remaining': 7, 'percent': 12}
2020-01-21 18:52:21,190 : INFO : AssetManager : Loading assets: 1/8 (12%)
2020-01-21 18:52:21,191 : INFO : ConfigProcessor : Loading config from cache: C:\Users\schol\AppData\Local\Temp\d7de7b0977d157ca405b11c805af3796.mpf_cache
2020-01-21 18:52:21,192 : INFO : ConfigProcessor : Loading config from cache: C:\Users\schol\AppData\Local\Temp\52f81a04bd1ef6d87bf151768dd36663.mpf_cache
2020-01-21 18:52:21,192 : INFO : ConfigProcessor : Loading config from cache: C:\Users\schol\AppData\Local\Temp\de0d3921406543974e6ec49e041634fd.mpf_cache
2020-01-21 18:52:21,193 : INFO : ConfigProcessor : Loading config from cache: C:\Users\schol\AppData\Local\Temp\102503bf7ce56b6821df42862c9d56eb.mpf_cache
2020-01-21 18:52:21,194 : INFO : ConfigProcessor : Loading config from cache: C:\Users\schol\AppData\Local\Temp\c5830c548f120859d3cdb1059c94ba18.mpf_cache
2020-01-21 18:52:21,195 : INFO : ConfigProcessor : Loading config from cache: C:\Users\schol\AppData\Local\Temp\3d3900be9a5cd37c0cc6f23ed42b0013.mpf_cache
2020-01-21 18:52:21,196 : INFO : ConfigProcessor : Loading config from cache: C:\Users\schol\AppData\Local\Temp\9fcc5d068c11e0550a899eaf73312658.mpf_cache
2020-01-21 18:52:21,197 : INFO : EventManager : Event: ======'loading_assets'====== Args={'total': 8, 'loaded': 8, 'remaining': 0, 'percent': 100}
2020-01-21 18:52:21,197 : INFO : AssetManager : Asset loading took: 2.207249164581299
2020-01-21 18:52:21,197 : INFO : EventManager : Event: ======'asset_loading_complete'====== Args={}
2020-01-21 18:52:21,197 : INFO : AssetManager : Loading assets: 8/8 (100%)
2020-01-21 18:52:21,197 : INFO : EventManager : Event: ======'init_phase_4'====== Args={}
2020-01-21 18:52:21,204 : INFO : EventManager : Event: ======'machine_var_audits_events_game_ended'====== Args={'value': 1, 'prev_value': None, 'change': True}
2020-01-21 18:52:21,204 : INFO : EventManager : Event: ======'machine_var_audits_events_game_started'====== Args={'value': 142, 'prev_value': None, 'change': True}
2020-01-21 18:52:21,204 : INFO : EventManager : Event: ======'machine_var_audits_player_score'====== Args={'value': {'average': 0.0, 'top': [0], 'total': 1}, 'prev_value': None, 'change': True}
2020-01-21 18:52:21,204 : INFO : EventManager : Event: ======'machine_var_audits_switches_s_bumper_1'====== Args={'value': 0, 'prev_value': None, 'change': True}
2020-01-21 18:52:21,204 : INFO : EventManager : Event: ======'machine_var_audits_switches_s_bumper_2'====== Args={'value': 0, 'prev_value': None, 'change': True}
2020-01-21 18:52:21,205 : INFO : EventManager : Event: ======'machine_var_audits_switches_s_bumper_3'====== Args={'value': 0, 'prev_value': None, 'change': True}
2020-01-21 18:52:21,205 : INFO : EventManager : Event: ======'machine_var_audits_switches_s_center_ramp'====== Args={'value': 0, 'prev_value': None, 'change': True}
2020-01-21 18:52:21,205 : INFO : EventManager : Event: ======'machine_var_audits_switches_s_citadel'====== Args={'value': 0, 'prev_value': None, 'change': True}
2020-01-21 18:52:21,205 : INFO : EventManager : Event: ======'machine_var_audits_switches_s_citadel_lock'====== Args={'value': 0, 'prev_value': None, 'change': True}
2020-01-21 18:52:21,205 : INFO : EventManager : Event: ======'machine_var_audits_switches_s_detonation'====== Args={'value': 0, 'prev_value': None, 'change': True}
2020-01-21 18:52:21,205 : INFO : EventManager : Event: ======'machine_var_audits_switches_s_dmg_1'====== Args={'value': 384, 'prev_value': None, 'change': True}
2020-01-21 18:52:21,206 : INFO : EventManager : Event: ======'machine_var_audits_switches_s_dmg_2'====== Args={'value': 3, 'prev_value': None, 'change': True}
2020-01-21 18:52:21,206 : INFO : EventManager : Event: ======'machine_var_audits_switches_s_dmg_3'====== Args={'value': 3, 'prev_value': None, 'change': True}
2020-01-21 18:52:21,206 : INFO : EventManager : Event: ======'machine_var_audits_switches_s_dmg_4'====== Args={'value': 1, 'prev_value': None, 'change': True}
2020-01-21 18:52:21,206 : INFO : EventManager : Event: ======'machine_var_audits_switches_s_dmg_5'====== Args={'value': 2, 'prev_value': None, 'change': True}
2020-01-21 18:52:21,206 : INFO : EventManager : Event: ======'machine_var_audits_switches_s_dmg_6'====== Args={'value': 1, 'prev_value': None, 'change': True}
2020-01-21 18:52:21,207 : INFO : EventManager : Event: ======'machine_var_audits_switches_s_dmg_7'====== Args={'value': 2, 'prev_value': None, 'change': True}
2020-01-21 18:52:21,207 : INFO : EventManager : Event: ======'machine_var_audits_switches_s_drop_target'====== Args={'value': 5, 'prev_value': None, 'change': True}
2020-01-21 18:52:21,207 : INFO : EventManager : Event: ======'machine_var_audits_switches_s_jet_hole'====== Args={'value': 0, 'prev_value': None, 'change': True}
2020-01-21 18:52:21,207 : INFO : EventManager : Event: ======'machine_var_audits_switches_s_jet_lane'====== Args={'value': 0, 'prev_value': None, 'change': True}
2020-01-21 18:52:21,207 : INFO : EventManager : Event: ======'machine_var_audits_switches_s_kickback'====== Args={'value': 0, 'prev_value': None, 'change': True}
2020-01-21 18:52:21,208 : INFO : EventManager : Event: ======'machine_var_audits_switches_s_kickback_target_2'====== Args={'value': 0, 'prev_value': None, 'change': True}
2020-01-21 18:52:21,208 : INFO : EventManager : Event: ======'machine_var_audits_switches_s_kickback_target_3'====== Args={'value': 2, 'prev_value': None, 'change': True}
2020-01-21 18:52:21,208 : INFO : EventManager : Event: ======'machine_var_audits_switches_s_kickback_terget_1'====== Args={'value': 0, 'prev_value': None, 'change': True}
2020-01-21 18:52:21,208 : INFO : EventManager : Event: ======'machine_var_audits_switches_s_left_flipper'====== Args={'value': 59, 'prev_value': None, 'change': True}
2020-01-21 18:52:21,208 : INFO : EventManager : Event: ======'machine_var_audits_switches_s_left_hole'====== Args={'value': 0, 'prev_value': None, 'change': True}
2020-01-21 18:52:21,209 : INFO : EventManager : Event: ======'machine_var_audits_switches_s_left_inlane'====== Args={'value': 0, 'prev_value': None, 'change': True}
2020-01-21 18:52:21,209 : INFO : EventManager : Event: ======'machine_var_audits_switches_s_left_loop_made'====== Args={'value': 3, 'prev_value': None, 'change': True}
2020-01-21 18:52:21,209 : INFO : EventManager : Event: ======'machine_var_audits_switches_s_left_loop_pre'====== Args={'value': 0, 'prev_value': None, 'change': True}
2020-01-21 18:52:21,209 : INFO : EventManager : Event: ======'machine_var_audits_switches_s_left_mid_inlane'====== Args={'value': 0, 'prev_value': None, 'change': True}
2020-01-21 18:52:21,210 : INFO : EventManager : Event: ======'machine_var_audits_switches_s_left_outlane'====== Args={'value': 0, 'prev_value': None, 'change': True}
2020-01-21 18:52:21,210 : INFO : EventManager : Event: ======'machine_var_audits_switches_s_left_ramp_made'====== Args={'value': 2, 'prev_value': None, 'change': True}
2020-01-21 18:52:21,210 : INFO : EventManager : Event: ======'machine_var_audits_switches_s_left_ramp_pre'====== Args={'value': 0, 'prev_value': None, 'change': True}
2020-01-21 18:52:21,210 : INFO : EventManager : Event: ======'machine_var_audits_switches_s_left_slingshot'====== Args={'value': 0, 'prev_value': None, 'change': True}
2020-01-21 18:52:21,210 : INFO : EventManager : Event: ======'machine_var_audits_switches_s_lock_1'====== Args={'value': 0, 'prev_value': None, 'change': True}
2020-01-21 18:52:21,211 : INFO : EventManager : Event: ======'machine_var_audits_switches_s_lock_2'====== Args={'value': 0, 'prev_value': None, 'change': True}
2020-01-21 18:52:21,211 : INFO : EventManager : Event: ======'machine_var_audits_switches_s_lock_3'====== Args={'value': 0, 'prev_value': None, 'change': True}
2020-01-21 18:52:21,211 : INFO : EventManager : Event: ======'machine_var_audits_switches_s_main_hole'====== Args={'value': 34, 'prev_value': None, 'change': True}
2020-01-21 18:52:21,211 : INFO : EventManager : Event: ======'machine_var_audits_switches_s_pen_1'====== Args={'value': 1, 'prev_value': None, 'change': True}
2020-01-21 18:52:21,212 : INFO : EventManager : Event: ======'machine_var_audits_switches_s_pen_2'====== Args={'value': 1, 'prev_value': None, 'change': True}
2020-01-21 18:52:21,212 : INFO : EventManager : Event: ======'machine_var_audits_switches_s_pen_3'====== Args={'value': 0, 'prev_value': None, 'change': True}
2020-01-21 18:52:21,212 : INFO : EventManager : Event: ======'machine_var_audits_switches_s_pen_4'====== Args={'value': 1, 'prev_value': None, 'change': True}
2020-01-21 18:52:21,213 : INFO : EventManager : Event: ======'machine_var_audits_switches_s_pen_5'====== Args={'value': 0, 'prev_value': None, 'change': True}
2020-01-21 18:52:21,213 : INFO : EventManager : Event: ======'machine_var_audits_switches_s_pen_6'====== Args={'value': 1, 'prev_value': None, 'change': True}
2020-01-21 18:52:21,213 : INFO : EventManager : Event: ======'machine_var_audits_switches_s_plunger'====== Args={'value': 162, 'prev_value': None, 'change': True}
2020-01-21 18:52:21,213 : INFO : EventManager : Event: ======'machine_var_audits_switches_s_plunger_button'====== Args={'value': 2, 'prev_value': None, 'change': True}
2020-01-21 18:52:21,214 : INFO : EventManager : Event: ======'machine_var_audits_switches_s_ricochet_1'====== Args={'value': 24, 'prev_value': None, 'change': True}
2020-01-21 18:52:21,214 : INFO : EventManager : Event: ======'machine_var_audits_switches_s_ricochet_2'====== Args={'value': 7, 'prev_value': None, 'change': True}
2020-01-21 18:52:21,214 : INFO : EventManager : Event: ======'machine_var_audits_switches_s_ricochet_3'====== Args={'value': 2, 'prev_value': None, 'change': True}
2020-01-21 18:52:21,215 : INFO : EventManager : Event: ======'machine_var_audits_switches_s_ricochet_4'====== Args={'value': 5, 'prev_value': None, 'change': True}
2020-01-21 18:52:21,215 : INFO : EventManager : Event: ======'machine_var_audits_switches_s_ricochet_5'====== Args={'value': 5, 'prev_value': None, 'change': True}
2020-01-21 18:52:21,215 : INFO : EventManager : Event: ======'machine_var_audits_switches_s_right_flipper'====== Args={'value': 304, 'prev_value': None, 'change': True}
2020-01-21 18:52:21,216 : INFO : EventManager : Event: ======'machine_var_audits_switches_s_right_hole'====== Args={'value': 26, 'prev_value': None, 'change': True}
2020-01-21 18:52:21,216 : INFO : EventManager : Event: ======'machine_var_audits_switches_s_right_inlane'====== Args={'value': 0, 'prev_value': None, 'change': True}
2020-01-21 18:52:21,216 : INFO : EventManager : Event: ======'machine_var_audits_switches_s_right_outlane'====== Args={'value': 0, 'prev_value': None, 'change': True}
2020-01-21 18:52:21,217 : INFO : EventManager : Event: ======'machine_var_audits_switches_s_right_ramp_made'====== Args={'value': 2, 'prev_value': None, 'change': True}
2020-01-21 18:52:21,217 : INFO : EventManager : Event: ======'machine_var_audits_switches_s_right_ramp_pre'====== Args={'value': 0, 'prev_value': None, 'change': True}
2020-01-21 18:52:21,217 : INFO : EventManager : Event: ======'machine_var_audits_switches_s_right_slingshot'====== Args={'value': 0, 'prev_value': None, 'change': True}
2020-01-21 18:52:21,217 : INFO : EventManager : Event: ======'machine_var_audits_switches_s_side_hole'====== Args={'value': 2, 'prev_value': None, 'change': True}
2020-01-21 18:52:21,218 : INFO : EventManager : Event: ======'machine_var_audits_switches_s_side_ramp_made'====== Args={'value': 0, 'prev_value': None, 'change': True}
2020-01-21 18:52:21,218 : INFO : EventManager : Event: ======'machine_var_audits_switches_s_side_ramp_pre'====== Args={'value': 0, 'prev_value': None, 'change': True}
2020-01-21 18:52:21,218 : INFO : EventManager : Event: ======'machine_var_audits_switches_s_start'====== Args={'value': 7, 'prev_value': None, 'change': True}
2020-01-21 18:52:21,219 : INFO : EventManager : Event: ======'machine_var_audits_switches_s_torpedo'====== Args={'value': 16, 'prev_value': None, 'change': True}
2020-01-21 18:52:21,219 : INFO : EventManager : Event: ======'machine_var_audits_switches_s_trough1'====== Args={'value': 17, 'prev_value': None, 'change': True}
2020-01-21 18:52:21,220 : INFO : EventManager : Event: ======'machine_var_audits_switches_s_trough2'====== Args={'value': 0, 'prev_value': None, 'change': True}
2020-01-21 18:52:21,220 : INFO : EventManager : Event: ======'machine_var_audits_switches_s_trough3'====== Args={'value': 0, 'prev_value': None, 'change': True}
2020-01-21 18:52:21,220 : INFO : EventManager : Event: ======'machine_var_audits_switches_s_trough4'====== Args={'value': 0, 'prev_value': None, 'change': True}
2020-01-21 18:52:21,221 : INFO : EventManager : Event: ======'machine_var_audits_switches_s_trough5'====== Args={'value': 0, 'prev_value': None, 'change': True}
2020-01-21 18:52:21,221 : INFO : EventManager : Event: ======'machine_var_audits_switches_s_trough6'====== Args={'value': 1, 'prev_value': None, 'change': True}
2020-01-21 18:52:21,221 : INFO : EventManager : Event: ======'machine_var_audits_switches_s_trough_jam'====== Args={'value': 0, 'prev_value': None, 'change': True}
2020-01-21 18:52:21,222 : INFO : EventManager : Event: ======'init_phase_5'====== Args={}
2020-01-21 18:52:21,240 : INFO : EventManager : Event: ======'init_done'====== Args={}
2020-01-21 18:52:21,240 : INFO : EventManager : Event: ======'machine_reset_phase_1'====== Args={}
2020-01-21 18:52:21,249 : INFO : EventManager : Event: ======'slide_welcome_slide_removed'====== Args={'_from_bcp': True}
2020-01-21 18:52:21,259 : INFO : EventManager : Event: ======'slide_welcome_slide_created'====== Args={'_from_bcp': True}
2020-01-21 18:52:21,260 : INFO : EventManager : Event: ======'slide_welcome_slide_active'====== Args={'_from_bcp': True}
2020-01-21 18:52:21,260 : INFO : EventManager : Event: ======'machine_reset_phase_2'====== Args={}
2020-01-21 18:52:21,260 : INFO : EventManager : Event: ======'machine_reset_phase_3'====== Args={}
2020-01-21 18:52:21,260 : INFO : EventManager : Event: ======'reset_complete'====== Args={}
2020-01-21 18:52:21,261 : INFO : EventManager : Event: ======'mode_attract_will_start'====== Args={}
2020-01-21 18:52:21,261 : INFO : EventManager : Event: ======'mode_attract_starting'====== Args={}
2020-01-21 18:52:21,261 : INFO : Mode.attract : Started. Priority: 10
2020-01-21 18:52:21,261 : INFO : EventManager : Event: ======'mode_attract_started'====== Args={}
2020-01-21 18:52:21,262 : INFO : EventManager : Event: ======'collecting_balls_complete'====== Args={}
2020-01-21 18:52:21,286 : INFO : EventManager : Event: ======'slide_attract_started_created'====== Args={'_from_bcp': True}
2020-01-21 18:52:21,286 : INFO : Machine : Starting the main run loop.
2020-01-21 18:52:21,286 : INFO : BcpServer : New client connected.
2020-01-21 18:52:21,294 : INFO : EventManager : Event: ======'slide_attract_started_active'====== Args={'_from_bcp': True}
2020-01-21 18:52:25,857 : INFO : Machine : Shutting down...
2020-01-21 18:52:25,857 : INFO : EventManager : Event: ======'shutdown'====== Args={}
2020-01-21 18:52:25,860 : INFO : root : MPF run loop ended.
