2020-01-21 18:36:37,397 : INFO : Machine : Mission Pinball Framework Core Engine v0.53.0-dev.68
2020-01-21 18:36:37,397 : INFO : Machine : Command line arguments: {'no_load_cache': False, 'create_config_cache': True, 'bcp': True, 'configfile': ['config.yaml'], 'mpfconfigfile': 'c:\\users\\schol\\appdata\\local\\programs\\python\\python36\\lib\\site-packages\\mpf\\mpfconfig.yaml', 'force_assets_load': False, 'jsonlogging': False, 'logfile': 'logs\\2020-01-21-18-36-37-mpf-DESKTOP-FPTMTCL.log', 'pause': False, 'production': False, 'text_ui': True, 'loglevel': 15, 'consoleloglevel': 20, 'force_platform': 'smart_virtual', 'syslog_address': None, 'mc_file_name': None, 'no_sound': False}
2020-01-21 18:36:37,397 : INFO : Machine : MPF path: c:\users\schol\appdata\local\programs\python\python36\lib\site-packages\mpf
2020-01-21 18:36:37,397 : INFO : Machine : Machine path: E:\mpf\wows\wows
2020-01-21 18:36:37,397 : INFO : Machine : Platform: win32
2020-01-21 18:36:37,397 : INFO : Machine : Python executable location: c:\users\schol\appdata\local\programs\python\python36\python.exe
2020-01-21 18:36:37,397 : INFO : Machine : Python version: 3.6.4 (64-bit)
2020-01-21 18:36:37,397 : INFO : Machine : Machine config file #1: config.yaml
2020-01-21 18:36:37,400 : WARNING : ConfigProcessor : Config file in cache changed: E:\mpf\wows\wows\config\config.yaml
2020-01-21 18:36:37,401 : INFO : ConfigProcessor : Loading config from file c:\users\schol\appdata\local\programs\python\python36\lib\site-packages\mpf\mpfconfig.yaml.
2020-01-21 18:36:37,479 : INFO : ConfigProcessor : Loading config: c:\users\schol\appdata\local\programs\python\python36\lib\site-packages\mpf\mpfconfig.yaml
2020-01-21 18:36:37,516 : INFO : ConfigProcessor : Loading config from file E:\mpf\wows\wows\config\config.yaml.
2020-01-21 18:36:37,606 : INFO : ConfigProcessor : Loading config: E:\mpf\wows\wows\config\config.yaml
2020-01-21 18:36:37,608 : INFO : ConfigProcessor : Config file cache created: C:\Users\schol\AppData\Local\Temp\a7e9e9e882fa7eca7cb0ba00eaf15121.mpf_cache
2020-01-21 18:36:37,612 : INFO : Machine : Initialise MPF.
2020-01-21 18:36:38,083 : INFO : EventManager : Event: ======'machine_var_credits_string'====== Args={'value': 'FREE PLAY', 'prev_value': None, 'change': True}
2020-01-21 18:36:38,146 : INFO : EventManager : Event: ======'machine_var_player1_score'====== Args={'value': 0, 'prev_value': None, 'change': True}
2020-01-21 18:36:38,146 : INFO : EventManager : Event: ======'machine_var_mpf_version'====== Args={'value': 'MPF v0.53.0-dev.68', 'prev_value': None, 'change': True}
2020-01-21 18:36:38,146 : INFO : EventManager : Event: ======'machine_var_mpf_extended_version'====== Args={'value': 'MPF v0.53.0-dev.68, Config version:5, Show version: 5, BCP version:1.1', 'prev_value': None, 'change': True}
2020-01-21 18:36:38,146 : INFO : EventManager : Event: ======'machine_var_python_version'====== Args={'value': '3.6.4', 'prev_value': None, 'change': True}
2020-01-21 18:36:38,146 : INFO : EventManager : Event: ======'machine_var_platform'====== Args={'value': 'Windows-10-10.0.18362-SP0', 'prev_value': None, 'change': True}
2020-01-21 18:36:38,146 : INFO : EventManager : Event: ======'machine_var_platform_system'====== Args={'value': 'Windows', 'prev_value': None, 'change': True}
2020-01-21 18:36:38,146 : INFO : EventManager : Event: ======'machine_var_platform_release'====== Args={'value': '10', 'prev_value': None, 'change': True}
2020-01-21 18:36:38,146 : INFO : EventManager : Event: ======'machine_var_platform_version'====== Args={'value': '10.0.18362', 'prev_value': None, 'change': True}
2020-01-21 18:36:38,146 : INFO : EventManager : Event: ======'machine_var_platform_machine'====== Args={'value': 'AMD64', 'prev_value': None, 'change': True}
2020-01-21 18:36:38,146 : INFO : EventManager : Event: ======'init_phase_1'====== Args={}
2020-01-21 18:36:38,214 : INFO : ConfigProcessor : Loading config from cache: C:\Users\schol\AppData\Local\Temp\d5fd805c5432c1441bf01a6268536a3d.mpf_cache
2020-01-21 18:36:38,224 : INFO : ConfigProcessor : Loading config from cache: C:\Users\schol\AppData\Local\Temp\1e6cc6775e87a3e14ded8d45fd065b10.mpf_cache
2020-01-21 18:36:38,230 : INFO : ConfigProcessor : Loading config from cache: C:\Users\schol\AppData\Local\Temp\6e6d4708a613edd7635d35a6961997f3.mpf_cache
2020-01-21 18:36:38,237 : WARNING : ConfigProcessor : Cache file not found: C:\Users\schol\AppData\Local\Temp\4aeaa69609f53d9b71d1dbbedd434b0b.mpf_cache
2020-01-21 18:36:38,237 : INFO : ConfigProcessor : Loading config from file E:\mpf\wows\wows\modes\mode_1\config\mode_1.yaml.
2020-01-21 18:36:38,247 : INFO : ConfigProcessor : Loading config: E:\mpf\wows\wows\modes\mode_1\config\mode_1.yaml
2020-01-21 18:36:38,247 : INFO : ConfigProcessor : Config file cache created: C:\Users\schol\AppData\Local\Temp\4aeaa69609f53d9b71d1dbbedd434b0b.mpf_cache
2020-01-21 18:36:38,250 : INFO : ConfigProcessor : Loading config from cache: C:\Users\schol\AppData\Local\Temp\5c4497fcd69d1d656c4b69a28e44c490.mpf_cache
2020-01-21 18:36:38,290 : INFO : EventManager : Event: ======'init_phase_2'====== Args={}
2020-01-21 18:36:38,291 : INFO : SwitchController : Found active switch: ('2', <Platform.SmartVirtual>)
2020-01-21 18:36:38,291 : INFO : SwitchController : Found active switch: ('3', <Platform.SmartVirtual>)
2020-01-21 18:36:38,291 : INFO : SwitchController : Found active switch: ('4', <Platform.SmartVirtual>)
2020-01-21 18:36:38,291 : INFO : SwitchController : Found active switch: ('5', <Platform.SmartVirtual>)
2020-01-21 18:36:38,291 : INFO : SwitchController : Found active switch: ('6', <Platform.SmartVirtual>)
2020-01-21 18:36:38,291 : INFO : SwitchController : Found active switch: ('7', <Platform.SmartVirtual>)
2020-01-21 18:36:38,296 : INFO : EventManager : Event: ======'bcp_connection_attempt'====== Args={'name': 'local_display', 'host': 'localhost', 'port': 5050}
2020-01-21 18:36:38,297 : INFO : BCPClientSocket : Connecting BCP to 'local_display' at localhost:5050...
2020-01-21 18:36:41,830 : INFO : BCPClientSocket : Connected BCP to 'local_display' localhost:5050
2020-01-21 18:36:41,830 : INFO : EventManager : Event: ======'bcp_clients_connected'====== Args={}
2020-01-21 18:36:41,841 : INFO : EventManager : Event: ======'machine_var_mc_version'====== Args={'value': 'MPF-MC v0.53.0-dev.15', 'prev_value': None, 'change': True}
2020-01-21 18:36:41,841 : INFO : EventManager : Event: ======'machine_var_mc_extended_version'====== Args={'value': 'MPF-MC v0.53.0-dev.15 (config_version=5, BCP v1.1, Requires MPF v0.53.0-dev.51)', 'prev_value': None, 'change': True}
2020-01-21 18:36:41,842 : INFO : EventManager : Event: ======'machine_var_master_volume'====== Args={'value': 0.5, 'prev_value': None, 'change': True}
2020-01-21 18:36:41,915 : INFO : EventManager : Event: ======'init_phase_3'====== Args={}
2020-01-21 18:36:41,916 : INFO : AssetManager : Registering Asset: sh_mode_1_shot_made, File: sh_mode_1_shot_made.yaml, Default Group: default, Final Config: {'load': 'preload', 'file': 'E:\\mpf\\wows\\wows\\shows\\sh_mode_1_shot_made.yaml'}
2020-01-21 18:36:41,916 : INFO : AssetManager : Registering Asset: sh_mode_3_shot_made, File: sh_mode_3_shot_made.yaml, Default Group: default, Final Config: {'load': 'preload', 'file': 'E:\\mpf\\wows\\wows\\shows\\sh_mode_3_shot_made.yaml'}
2020-01-21 18:36:41,916 : INFO : AssetManager : Registering Asset: sh_mode_4_shot_made, File: sh_mode_4_shot_made.yaml, Default Group: default, Final Config: {'load': 'preload', 'file': 'E:\\mpf\\wows\\wows\\shows\\sh_mode_4_shot_made.yaml'}
2020-01-21 18:36:41,916 : INFO : AssetManager : Registering Asset: sh_mode_5_shot_made, File: sh_mode_5_shot_made.yaml, Default Group: default, Final Config: {'load': 'preload', 'file': 'E:\\mpf\\wows\\wows\\shows\\sh_mode_5_shot_made.yaml'}
2020-01-21 18:36:41,916 : INFO : AssetManager : Registering Asset: sh_mode_6_shot_made, File: sh_mode_6_shot_made.yaml, Default Group: default, Final Config: {'load': 'preload', 'file': 'E:\\mpf\\wows\\wows\\shows\\sh_mode_6_shot_made.yaml'}
2020-01-21 18:36:41,916 : INFO : AssetManager : Registering Asset: sh_mode_7_shot_made, File: sh_mode_7_shot_made.yaml, Default Group: default, Final Config: {'load': 'preload', 'file': 'E:\\mpf\\wows\\wows\\shows\\sh_mode_7_shot_made.yaml'}
2020-01-21 18:36:41,916 : INFO : AssetManager : Registering Asset: sh_mode_8_shot_made, File: sh_mode_8_shot_made.yaml, Default Group: default, Final Config: {'load': 'preload', 'file': 'E:\\mpf\\wows\\wows\\shows\\sh_mode_8_shot_made.yaml'}
2020-01-21 18:36:41,916 : INFO : AssetManager : Registering Asset: sh_mode_9_shot_made, File: sh_mode_9_shot_made.yaml, Default Group: default, Final Config: {'load': 'preload', 'file': 'E:\\mpf\\wows\\wows\\shows\\sh_mode_9_shot_made.yaml'}
2020-01-21 18:36:41,918 : INFO : ConfigProcessor : Loading config from cache: C:\Users\schol\AppData\Local\Temp\9b528347051cb782f006c12877dcdcaa.mpf_cache
2020-01-21 18:36:41,923 : INFO : EventManager : Event: ======'loading_assets'====== Args={'total': 8, 'loaded': 1, 'remaining': 7, 'percent': 12}
2020-01-21 18:36:41,923 : INFO : AssetManager : Loading assets: 1/8 (12%)
2020-01-21 18:36:41,924 : INFO : ConfigProcessor : Loading config from cache: C:\Users\schol\AppData\Local\Temp\d7de7b0977d157ca405b11c805af3796.mpf_cache
2020-01-21 18:36:41,928 : INFO : ConfigProcessor : Loading config from cache: C:\Users\schol\AppData\Local\Temp\52f81a04bd1ef6d87bf151768dd36663.mpf_cache
2020-01-21 18:36:41,933 : INFO : ConfigProcessor : Loading config from cache: C:\Users\schol\AppData\Local\Temp\de0d3921406543974e6ec49e041634fd.mpf_cache
2020-01-21 18:36:41,938 : INFO : ConfigProcessor : Loading config from cache: C:\Users\schol\AppData\Local\Temp\102503bf7ce56b6821df42862c9d56eb.mpf_cache
2020-01-21 18:36:41,943 : INFO : ConfigProcessor : Loading config from cache: C:\Users\schol\AppData\Local\Temp\c5830c548f120859d3cdb1059c94ba18.mpf_cache
2020-01-21 18:36:41,948 : INFO : ConfigProcessor : Loading config from cache: C:\Users\schol\AppData\Local\Temp\3d3900be9a5cd37c0cc6f23ed42b0013.mpf_cache
2020-01-21 18:36:41,952 : INFO : ConfigProcessor : Loading config from cache: C:\Users\schol\AppData\Local\Temp\9fcc5d068c11e0550a899eaf73312658.mpf_cache
2020-01-21 18:36:41,957 : INFO : EventManager : Event: ======'loading_assets'====== Args={'total': 8, 'loaded': 8, 'remaining': 0, 'percent': 100}
2020-01-21 18:36:41,957 : INFO : AssetManager : Asset loading took: 3.9024007320404053
2020-01-21 18:36:41,957 : INFO : EventManager : Event: ======'asset_loading_complete'====== Args={}
2020-01-21 18:36:41,957 : INFO : AssetManager : Loading assets: 8/8 (100%)
2020-01-21 18:36:41,957 : INFO : EventManager : Event: ======'init_phase_4'====== Args={}
2020-01-21 18:36:41,964 : INFO : EventManager : Event: ======'machine_var_audits_events_game_ended'====== Args={'value': 1, 'prev_value': None, 'change': True}
2020-01-21 18:36:41,964 : INFO : EventManager : Event: ======'machine_var_audits_events_game_started'====== Args={'value': 138, 'prev_value': None, 'change': True}
2020-01-21 18:36:41,964 : INFO : EventManager : Event: ======'machine_var_audits_player_score'====== Args={'value': {'average': 0.0, 'top': [0], 'total': 1}, 'prev_value': None, 'change': True}
2020-01-21 18:36:41,964 : INFO : EventManager : Event: ======'machine_var_audits_switches_s_bumper_1'====== Args={'value': 0, 'prev_value': None, 'change': True}
2020-01-21 18:36:41,964 : INFO : EventManager : Event: ======'machine_var_audits_switches_s_bumper_2'====== Args={'value': 0, 'prev_value': None, 'change': True}
2020-01-21 18:36:41,965 : INFO : EventManager : Event: ======'machine_var_audits_switches_s_bumper_3'====== Args={'value': 0, 'prev_value': None, 'change': True}
2020-01-21 18:36:41,965 : INFO : EventManager : Event: ======'machine_var_audits_switches_s_center_ramp'====== Args={'value': 0, 'prev_value': None, 'change': True}
2020-01-21 18:36:41,965 : INFO : EventManager : Event: ======'machine_var_audits_switches_s_citadel'====== Args={'value': 0, 'prev_value': None, 'change': True}
2020-01-21 18:36:41,965 : INFO : EventManager : Event: ======'machine_var_audits_switches_s_citadel_lock'====== Args={'value': 0, 'prev_value': None, 'change': True}
2020-01-21 18:36:41,965 : INFO : EventManager : Event: ======'machine_var_audits_switches_s_detonation'====== Args={'value': 0, 'prev_value': None, 'change': True}
2020-01-21 18:36:41,965 : INFO : EventManager : Event: ======'machine_var_audits_switches_s_dmg_1'====== Args={'value': 363, 'prev_value': None, 'change': True}
2020-01-21 18:36:41,966 : INFO : EventManager : Event: ======'machine_var_audits_switches_s_dmg_2'====== Args={'value': 3, 'prev_value': None, 'change': True}
2020-01-21 18:36:41,966 : INFO : EventManager : Event: ======'machine_var_audits_switches_s_dmg_3'====== Args={'value': 3, 'prev_value': None, 'change': True}
2020-01-21 18:36:41,966 : INFO : EventManager : Event: ======'machine_var_audits_switches_s_dmg_4'====== Args={'value': 1, 'prev_value': None, 'change': True}
2020-01-21 18:36:41,966 : INFO : EventManager : Event: ======'machine_var_audits_switches_s_dmg_5'====== Args={'value': 2, 'prev_value': None, 'change': True}
2020-01-21 18:36:41,967 : INFO : EventManager : Event: ======'machine_var_audits_switches_s_dmg_6'====== Args={'value': 1, 'prev_value': None, 'change': True}
2020-01-21 18:36:41,967 : INFO : EventManager : Event: ======'machine_var_audits_switches_s_dmg_7'====== Args={'value': 2, 'prev_value': None, 'change': True}
2020-01-21 18:36:41,967 : INFO : EventManager : Event: ======'machine_var_audits_switches_s_drop_target'====== Args={'value': 5, 'prev_value': None, 'change': True}
2020-01-21 18:36:41,967 : INFO : EventManager : Event: ======'machine_var_audits_switches_s_jet_hole'====== Args={'value': 0, 'prev_value': None, 'change': True}
2020-01-21 18:36:41,968 : INFO : EventManager : Event: ======'machine_var_audits_switches_s_jet_lane'====== Args={'value': 0, 'prev_value': None, 'change': True}
2020-01-21 18:36:41,968 : INFO : EventManager : Event: ======'machine_var_audits_switches_s_kickback'====== Args={'value': 0, 'prev_value': None, 'change': True}
2020-01-21 18:36:41,968 : INFO : EventManager : Event: ======'machine_var_audits_switches_s_kickback_target_2'====== Args={'value': 0, 'prev_value': None, 'change': True}
2020-01-21 18:36:41,969 : INFO : EventManager : Event: ======'machine_var_audits_switches_s_kickback_target_3'====== Args={'value': 2, 'prev_value': None, 'change': True}
2020-01-21 18:36:41,969 : INFO : EventManager : Event: ======'machine_var_audits_switches_s_kickback_terget_1'====== Args={'value': 0, 'prev_value': None, 'change': True}
2020-01-21 18:36:41,969 : INFO : EventManager : Event: ======'machine_var_audits_switches_s_left_flipper'====== Args={'value': 59, 'prev_value': None, 'change': True}
2020-01-21 18:36:41,969 : INFO : EventManager : Event: ======'machine_var_audits_switches_s_left_hole'====== Args={'value': 0, 'prev_value': None, 'change': True}
2020-01-21 18:36:41,969 : INFO : EventManager : Event: ======'machine_var_audits_switches_s_left_inlane'====== Args={'value': 0, 'prev_value': None, 'change': True}
2020-01-21 18:36:41,970 : INFO : EventManager : Event: ======'machine_var_audits_switches_s_left_loop_made'====== Args={'value': 3, 'prev_value': None, 'change': True}
2020-01-21 18:36:41,970 : INFO : EventManager : Event: ======'machine_var_audits_switches_s_left_loop_pre'====== Args={'value': 0, 'prev_value': None, 'change': True}
2020-01-21 18:36:41,970 : INFO : EventManager : Event: ======'machine_var_audits_switches_s_left_mid_inlane'====== Args={'value': 0, 'prev_value': None, 'change': True}
2020-01-21 18:36:41,970 : INFO : EventManager : Event: ======'machine_var_audits_switches_s_left_outlane'====== Args={'value': 0, 'prev_value': None, 'change': True}
2020-01-21 18:36:41,970 : INFO : EventManager : Event: ======'machine_var_audits_switches_s_left_ramp_made'====== Args={'value': 2, 'prev_value': None, 'change': True}
2020-01-21 18:36:41,971 : INFO : EventManager : Event: ======'machine_var_audits_switches_s_left_ramp_pre'====== Args={'value': 0, 'prev_value': None, 'change': True}
2020-01-21 18:36:41,971 : INFO : EventManager : Event: ======'machine_var_audits_switches_s_left_slingshot'====== Args={'value': 0, 'prev_value': None, 'change': True}
2020-01-21 18:36:41,971 : INFO : EventManager : Event: ======'machine_var_audits_switches_s_lock_1'====== Args={'value': 0, 'prev_value': None, 'change': True}
2020-01-21 18:36:41,971 : INFO : EventManager : Event: ======'machine_var_audits_switches_s_lock_2'====== Args={'value': 0, 'prev_value': None, 'change': True}
2020-01-21 18:36:41,971 : INFO : EventManager : Event: ======'machine_var_audits_switches_s_lock_3'====== Args={'value': 0, 'prev_value': None, 'change': True}
2020-01-21 18:36:41,972 : INFO : EventManager : Event: ======'machine_var_audits_switches_s_main_hole'====== Args={'value': 29, 'prev_value': None, 'change': True}
2020-01-21 18:36:41,972 : INFO : EventManager : Event: ======'machine_var_audits_switches_s_pen_1'====== Args={'value': 1, 'prev_value': None, 'change': True}
2020-01-21 18:36:41,972 : INFO : EventManager : Event: ======'machine_var_audits_switches_s_pen_2'====== Args={'value': 1, 'prev_value': None, 'change': True}
2020-01-21 18:36:41,972 : INFO : EventManager : Event: ======'machine_var_audits_switches_s_pen_3'====== Args={'value': 0, 'prev_value': None, 'change': True}
2020-01-21 18:36:41,972 : INFO : EventManager : Event: ======'machine_var_audits_switches_s_pen_4'====== Args={'value': 1, 'prev_value': None, 'change': True}
2020-01-21 18:36:41,973 : INFO : EventManager : Event: ======'machine_var_audits_switches_s_pen_5'====== Args={'value': 0, 'prev_value': None, 'change': True}
2020-01-21 18:36:41,973 : INFO : EventManager : Event: ======'machine_var_audits_switches_s_pen_6'====== Args={'value': 1, 'prev_value': None, 'change': True}
2020-01-21 18:36:41,973 : INFO : EventManager : Event: ======'machine_var_audits_switches_s_plunger'====== Args={'value': 158, 'prev_value': None, 'change': True}
2020-01-21 18:36:41,973 : INFO : EventManager : Event: ======'machine_var_audits_switches_s_plunger_button'====== Args={'value': 2, 'prev_value': None, 'change': True}
2020-01-21 18:36:41,973 : INFO : EventManager : Event: ======'machine_var_audits_switches_s_ricochet_1'====== Args={'value': 24, 'prev_value': None, 'change': True}
2020-01-21 18:36:41,974 : INFO : EventManager : Event: ======'machine_var_audits_switches_s_ricochet_2'====== Args={'value': 7, 'prev_value': None, 'change': True}
2020-01-21 18:36:41,974 : INFO : EventManager : Event: ======'machine_var_audits_switches_s_ricochet_3'====== Args={'value': 2, 'prev_value': None, 'change': True}
2020-01-21 18:36:41,974 : INFO : EventManager : Event: ======'machine_var_audits_switches_s_ricochet_4'====== Args={'value': 5, 'prev_value': None, 'change': True}
2020-01-21 18:36:41,974 : INFO : EventManager : Event: ======'machine_var_audits_switches_s_ricochet_5'====== Args={'value': 5, 'prev_value': None, 'change': True}
2020-01-21 18:36:41,975 : INFO : EventManager : Event: ======'machine_var_audits_switches_s_right_flipper'====== Args={'value': 284, 'prev_value': None, 'change': True}
2020-01-21 18:36:41,975 : INFO : EventManager : Event: ======'machine_var_audits_switches_s_right_hole'====== Args={'value': 26, 'prev_value': None, 'change': True}
2020-01-21 18:36:41,975 : INFO : EventManager : Event: ======'machine_var_audits_switches_s_right_inlane'====== Args={'value': 0, 'prev_value': None, 'change': True}
2020-01-21 18:36:41,975 : INFO : EventManager : Event: ======'machine_var_audits_switches_s_right_outlane'====== Args={'value': 0, 'prev_value': None, 'change': True}
2020-01-21 18:36:41,976 : INFO : EventManager : Event: ======'machine_var_audits_switches_s_right_ramp_made'====== Args={'value': 2, 'prev_value': None, 'change': True}
2020-01-21 18:36:41,976 : INFO : EventManager : Event: ======'machine_var_audits_switches_s_right_ramp_pre'====== Args={'value': 0, 'prev_value': None, 'change': True}
2020-01-21 18:36:41,976 : INFO : EventManager : Event: ======'machine_var_audits_switches_s_right_slingshot'====== Args={'value': 0, 'prev_value': None, 'change': True}
2020-01-21 18:36:41,976 : INFO : EventManager : Event: ======'machine_var_audits_switches_s_side_hole'====== Args={'value': 2, 'prev_value': None, 'change': True}
2020-01-21 18:36:41,977 : INFO : EventManager : Event: ======'machine_var_audits_switches_s_side_ramp_made'====== Args={'value': 0, 'prev_value': None, 'change': True}
2020-01-21 18:36:41,977 : INFO : EventManager : Event: ======'machine_var_audits_switches_s_side_ramp_pre'====== Args={'value': 0, 'prev_value': None, 'change': True}
2020-01-21 18:36:41,977 : INFO : EventManager : Event: ======'machine_var_audits_switches_s_start'====== Args={'value': 7, 'prev_value': None, 'change': True}
2020-01-21 18:36:41,977 : INFO : EventManager : Event: ======'machine_var_audits_switches_s_torpedo'====== Args={'value': 16, 'prev_value': None, 'change': True}
2020-01-21 18:36:41,978 : INFO : EventManager : Event: ======'machine_var_audits_switches_s_trough1'====== Args={'value': 17, 'prev_value': None, 'change': True}
2020-01-21 18:36:41,978 : INFO : EventManager : Event: ======'machine_var_audits_switches_s_trough2'====== Args={'value': 0, 'prev_value': None, 'change': True}
2020-01-21 18:36:41,978 : INFO : EventManager : Event: ======'machine_var_audits_switches_s_trough3'====== Args={'value': 0, 'prev_value': None, 'change': True}
2020-01-21 18:36:41,978 : INFO : EventManager : Event: ======'machine_var_audits_switches_s_trough4'====== Args={'value': 0, 'prev_value': None, 'change': True}
2020-01-21 18:36:41,979 : INFO : EventManager : Event: ======'machine_var_audits_switches_s_trough5'====== Args={'value': 0, 'prev_value': None, 'change': True}
2020-01-21 18:36:41,979 : INFO : EventManager : Event: ======'machine_var_audits_switches_s_trough6'====== Args={'value': 1, 'prev_value': None, 'change': True}
2020-01-21 18:36:41,979 : INFO : EventManager : Event: ======'machine_var_audits_switches_s_trough_jam'====== Args={'value': 0, 'prev_value': None, 'change': True}
2020-01-21 18:36:41,980 : INFO : EventManager : Event: ======'init_phase_5'====== Args={}
2020-01-21 18:36:41,997 : INFO : EventManager : Event: ======'init_done'====== Args={}
2020-01-21 18:36:41,997 : INFO : EventManager : Event: ======'machine_reset_phase_1'====== Args={}
2020-01-21 18:36:42,264 : INFO : BcpServer : New client connected.
2020-01-21 18:36:44,264 : INFO : EventManager : Event: ======'slide_welcome_slide_removed'====== Args={'_from_bcp': True}
2020-01-21 18:36:44,275 : INFO : EventManager : Event: ======'slide_welcome_slide_created'====== Args={'_from_bcp': True}
2020-01-21 18:36:44,276 : INFO : EventManager : Event: ======'slide_welcome_slide_active'====== Args={'_from_bcp': True}
2020-01-21 18:36:44,276 : INFO : EventManager : Event: ======'machine_reset_phase_2'====== Args={}
2020-01-21 18:36:44,276 : INFO : EventManager : Event: ======'machine_reset_phase_3'====== Args={}
2020-01-21 18:36:44,277 : INFO : EventManager : Event: ======'reset_complete'====== Args={}
2020-01-21 18:36:44,277 : INFO : EventManager : Event: ======'mode_attract_will_start'====== Args={}
2020-01-21 18:36:44,278 : INFO : EventManager : Event: ======'mode_attract_starting'====== Args={}
2020-01-21 18:36:44,278 : INFO : Mode.attract : Started. Priority: 10
2020-01-21 18:36:44,278 : INFO : EventManager : Event: ======'mode_attract_started'====== Args={}
2020-01-21 18:36:44,279 : INFO : EventManager : Event: ======'collecting_balls_complete'====== Args={}
2020-01-21 18:36:44,305 : INFO : EventManager : Event: ======'slide_attract_started_created'====== Args={'_from_bcp': True}
2020-01-21 18:36:44,305 : INFO : Machine : Starting the main run loop.
2020-01-21 18:36:44,311 : INFO : EventManager : Event: ======'slide_attract_started_active'====== Args={'_from_bcp': True}
2020-01-21 18:37:02,265 : INFO : SwitchController : <<<<<<< 's_start' active >>>>>>>
2020-01-21 18:37:02,366 : INFO : SwitchController : <<<<<<< 's_start' inactive >>>>>>>
2020-01-21 18:37:02,366 : INFO : EventManager : Event: ======'request_to_start_game'====== Args={}
2020-01-21 18:37:02,366 : INFO : EventManager : Event: ======'game_start'====== Args={'buttons': [], 'hold_time': 0.09299999999348074}
2020-01-21 18:37:02,366 : INFO : EventManager : Event: ======'mode_game_will_start'====== Args={'buttons': [], 'hold_time': 0.09299999999348074}
2020-01-21 18:37:02,367 : INFO : EventManager : Event: ======'mode_game_starting'====== Args={'buttons': [], 'hold_time': 0.09299999999348074}
2020-01-21 18:37:02,367 : INFO : EventManager : Event: ======'mode_attract_will_stop'====== Args={}
2020-01-21 18:37:02,367 : INFO : EventManager : Event: ======'mode_attract_stopping'====== Args={}
2020-01-21 18:37:02,367 : INFO : Mode.attract : Stopped.
2020-01-21 18:37:02,367 : INFO : EventManager : Event: ======'mode_attract_stopped'====== Args={}
2020-01-21 18:37:02,368 : INFO : EventManager : Event: ======'clear'====== Args={'key': 'attract'}
2020-01-21 18:37:02,368 : INFO : Mode.game : Started. Priority: 20
2020-01-21 18:37:02,368 : INFO : EventManager : Event: ======'mode_game_started'====== Args={'buttons': [], 'hold_time': 0.09299999999348074}
2020-01-21 18:37:02,377 : INFO : EventManager : Event: ======'game_will_start'====== Args={}
2020-01-21 18:37:02,378 : INFO : EventManager : Event: ======'game_starting'====== Args={'game': <Mode.game>}
2020-01-21 18:37:02,378 : INFO : EventManager : Event: ======'player_add_request'====== Args={}
2020-01-21 18:37:02,379 : INFO : EventManager : Event: ======'player_will_add'====== Args={'number': 1}
2020-01-21 18:37:02,379 : INFO : EventManager : Event: ======'player_adding'====== Args={'player': <Player 1>, 'number': 1}
2020-01-21 18:37:02,379 : INFO : EventManager : Event: ======'player_added'====== Args={'player': <Player 1>, 'num': 1}
2020-01-21 18:37:02,379 : INFO : Mode.game : Player added successfully. Total players: 1
2020-01-21 18:37:02,380 : INFO : EventManager : Event: ======'player_index'====== Args={'value': 0, 'prev_value': 0, 'change': 0, 'player_num': 1}
2020-01-21 18:37:02,380 : INFO : EventManager : Event: ======'player_number'====== Args={'value': 1, 'prev_value': 1, 'change': 0, 'player_num': 1}
2020-01-21 18:37:02,380 : INFO : EventManager : Event: ======'player_ReceivedDMG'====== Args={'value': 1, 'prev_value': 1, 'change': 0, 'player_num': 1}
2020-01-21 18:37:02,380 : INFO : EventManager : Event: ======'player_DMGValue'====== Args={'value': 10000000, 'prev_value': 10000000, 'change': 0, 'player_num': 1}
2020-01-21 18:37:02,381 : INFO : EventManager : Event: ======'player_m1shotmade'====== Args={'value': 0, 'prev_value': 0, 'change': 0, 'player_num': 1}
2020-01-21 18:37:02,381 : INFO : EventManager : Event: ======'player_m2shotmade'====== Args={'value': 0, 'prev_value': 0, 'change': 0, 'player_num': 1}
2020-01-21 18:37:02,381 : INFO : EventManager : Event: ======'player_m3shotmade'====== Args={'value': 0, 'prev_value': 0, 'change': 0, 'player_num': 1}
2020-01-21 18:37:02,381 : INFO : EventManager : Event: ======'player_m4shotmade'====== Args={'value': 0, 'prev_value': 0, 'change': 0, 'player_num': 1}
2020-01-21 18:37:02,381 : INFO : EventManager : Event: ======'player_m5shotmade'====== Args={'value': 0, 'prev_value': 0, 'change': 0, 'player_num': 1}
2020-01-21 18:37:02,382 : INFO : EventManager : Event: ======'player_m6shotmade'====== Args={'value': 0, 'prev_value': 0, 'change': 0, 'player_num': 1}
2020-01-21 18:37:02,382 : INFO : EventManager : Event: ======'player_m7shotmade'====== Args={'value': 0, 'prev_value': 0, 'change': 0, 'player_num': 1}
2020-01-21 18:37:02,382 : INFO : EventManager : Event: ======'player_m8shotmade'====== Args={'value': 0, 'prev_value': 0, 'change': 0, 'player_num': 1}
2020-01-21 18:37:02,382 : INFO : EventManager : Event: ======'player_m9shotmade'====== Args={'value': 0, 'prev_value': 0, 'change': 0, 'player_num': 1}
2020-01-21 18:37:02,383 : INFO : EventManager : Event: ======'player_score'====== Args={'value': 0, 'prev_value': 0, 'change': 0, 'player_num': 1}
2020-01-21 18:37:02,383 : INFO : EventManager : Event: ======'game_started'====== Args={}
2020-01-21 18:37:02,400 : INFO : EventManager : Event: ======'player_turn_will_start'====== Args={'player': <Player 1>, 'number': 1}
2020-01-21 18:37:02,400 : INFO : EventManager : Event: ======'player_turn_starting'====== Args={'player': <Player 1>, 'number': 1}
2020-01-21 18:37:02,406 : INFO : EventManager : Event: ======'player_ball'====== Args={'value': 1, 'prev_value': 0, 'change': 1, 'player_num': 1}
2020-01-21 18:37:02,407 : INFO : EventManager : Event: ======'player_turn_started'====== Args={'player': <Player 1>, 'number': 1}
2020-01-21 18:37:02,407 : INFO : EventManager : Event: ======'ball_will_start'====== Args={'player': 1, 'ball': 1, 'balls_remaining': 2, 'is_extra_ball': False}
2020-01-21 18:37:02,415 : INFO : EventManager : Event: ======'ball_starting'====== Args={'player': 1, 'ball': 1, 'balls_remaining': 2, 'is_extra_ball': False}
2020-01-21 18:37:02,415 : INFO : EventManager : Event: ======'mode_mode_1_will_start'====== Args={'queue': <QueuedEvent>, 'player': 1, 'ball': 1, 'balls_remaining': 2, 'is_extra_ball': False}
2020-01-21 18:37:02,416 : INFO : Timer.mode_countdown : Starting Timer.
2020-01-21 18:37:02,416 : INFO : EventManager : Event: ======'timer_mode_countdown_started'====== Args={'ticks': 30, 'ticks_remaining': 30}
2020-01-21 18:37:02,416 : INFO : EventManager : Event: ======'timer_mode_countdown_tick'====== Args={'ticks': 30, 'ticks_remaining': 30}
2020-01-21 18:37:02,417 : INFO : EventManager : Event: ======'mode_mode_1_starting'====== Args={'queue': <QueuedEvent>, 'player': 1, 'ball': 1, 'balls_remaining': 2, 'is_extra_ball': False}
2020-01-21 18:37:02,417 : INFO : EventManager : Event: ======'mode_base_will_start'====== Args={'queue': <QueuedEvent>, 'player': 1, 'ball': 1, 'balls_remaining': 2, 'is_extra_ball': False}
2020-01-21 18:37:02,418 : INFO : EventManager : Event: ======'mode_base_starting'====== Args={'queue': <QueuedEvent>, 'player': 1, 'ball': 1, 'balls_remaining': 2, 'is_extra_ball': False}
2020-01-21 18:37:02,418 : INFO : EventManager : Event: ======'mode_mode_lit_will_start'====== Args={'queue': <QueuedEvent>, 'player': 1, 'ball': 1, 'balls_remaining': 2, 'is_extra_ball': False}
2020-01-21 18:37:02,419 : INFO : EventManager : Event: ======'achievement_mode_1_changed_state'====== Args={'restore': False, 'state': 'enabled', 'selected': False}
2020-01-21 18:37:02,419 : INFO : EventManager : Event: ======'achievement_mode_1_state_enabled'====== Args={'restore': False, 'state': 'enabled', 'selected': False}
2020-01-21 18:37:02,419 : INFO : EventManager : Event: ======'achievement_mode_2_changed_state'====== Args={'restore': False, 'state': 'enabled', 'selected': False}
2020-01-21 18:37:02,419 : INFO : EventManager : Event: ======'achievement_mode_2_state_enabled'====== Args={'restore': False, 'state': 'enabled', 'selected': False}
2020-01-21 18:37:02,420 : INFO : EventManager : Event: ======'achievement_mode_3_changed_state'====== Args={'restore': False, 'state': 'enabled', 'selected': False}
2020-01-21 18:37:02,420 : INFO : EventManager : Event: ======'achievement_mode_3_state_enabled'====== Args={'restore': False, 'state': 'enabled', 'selected': False}
2020-01-21 18:37:02,421 : INFO : EventManager : Event: ======'achievement_mode_4_changed_state'====== Args={'restore': False, 'state': 'enabled', 'selected': False}
2020-01-21 18:37:02,421 : INFO : EventManager : Event: ======'achievement_mode_4_state_enabled'====== Args={'restore': False, 'state': 'enabled', 'selected': False}
2020-01-21 18:37:02,421 : INFO : EventManager : Event: ======'achievement_mode_5_changed_state'====== Args={'restore': False, 'state': 'enabled', 'selected': False}
2020-01-21 18:37:02,422 : INFO : EventManager : Event: ======'achievement_mode_5_state_enabled'====== Args={'restore': False, 'state': 'enabled', 'selected': False}
2020-01-21 18:37:02,422 : INFO : EventManager : Event: ======'achievement_mode_6_changed_state'====== Args={'restore': False, 'state': 'enabled', 'selected': False}
2020-01-21 18:37:02,422 : INFO : EventManager : Event: ======'achievement_mode_6_state_enabled'====== Args={'restore': False, 'state': 'enabled', 'selected': False}
2020-01-21 18:37:02,423 : INFO : EventManager : Event: ======'achievement_mode_7_changed_state'====== Args={'restore': False, 'state': 'enabled', 'selected': False}
2020-01-21 18:37:02,423 : INFO : EventManager : Event: ======'achievement_mode_7_state_enabled'====== Args={'restore': False, 'state': 'enabled', 'selected': False}
2020-01-21 18:37:02,424 : INFO : EventManager : Event: ======'achievement_mode_8_changed_state'====== Args={'restore': False, 'state': 'enabled', 'selected': False}
2020-01-21 18:37:02,424 : INFO : EventManager : Event: ======'achievement_mode_8_state_enabled'====== Args={'restore': False, 'state': 'enabled', 'selected': False}
2020-01-21 18:37:02,424 : INFO : EventManager : Event: ======'achievement_mode_9_changed_state'====== Args={'restore': False, 'state': 'enabled', 'selected': False}
2020-01-21 18:37:02,424 : INFO : EventManager : Event: ======'achievement_mode_9_state_enabled'====== Args={'restore': False, 'state': 'enabled', 'selected': False}
2020-01-21 18:37:02,426 : INFO : EventManager : Event: ======'mode_mode_lit_starting'====== Args={'queue': <QueuedEvent>, 'player': 1, 'ball': 1, 'balls_remaining': 2, 'is_extra_ball': False}
2020-01-21 18:37:02,427 : INFO : EventManager : Event: ======'achievement_mode_4_changed_state'====== Args={'restore': False, 'state': 'enabled', 'selected': True}
2020-01-21 18:37:02,427 : INFO : EventManager : Event: ======'achievement_mode_4_state_enabled'====== Args={'restore': False, 'state': 'enabled', 'selected': True}
2020-01-21 18:37:02,427 : INFO : EventManager : Event: ======'achievement_mode_4_state_selected'====== Args={'restore': False, 'state': 'enabled', 'selected': True}
2020-01-21 18:37:02,428 : INFO : Mode.mode_lit : Started. Priority: 100
2020-01-21 18:37:02,428 : INFO : EventManager : Event: ======'mode_mode_lit_started'====== Args={'queue': <QueuedEvent>, 'player': 1, 'ball': 1, 'balls_remaining': 2, 'is_extra_ball': False}
2020-01-21 18:37:02,428 : INFO : Mode.base : Started. Priority: 100
2020-01-21 18:37:02,428 : INFO : EventManager : Event: ======'mode_base_started'====== Args={'queue': <QueuedEvent>, 'player': 1, 'ball': 1, 'balls_remaining': 2, 'is_extra_ball': False}
2020-01-21 18:37:02,429 : INFO : Mode.mode_1 : Started. Priority: 300
2020-01-21 18:37:02,429 : INFO : EventManager : Event: ======'mode_mode_1_started'====== Args={'queue': <QueuedEvent>, 'player': 1, 'ball': 1, 'balls_remaining': 2, 'is_extra_ball': False}
2020-01-21 18:37:02,430 : INFO : EventManager : Event: ======'balls_in_play'====== Args={'balls': 1}
2020-01-21 18:37:02,430 : INFO : EventManager : Event: ======'ball_started'====== Args={'player': 1, 'ball': 1, 'balls_remaining': 2, 'is_extra_ball': False}
2020-01-21 18:37:02,456 : INFO : EventManager : Event: ======'single_player_ball_started'====== Args={}
2020-01-21 18:37:02,456 : INFO : EventManager : Event: ======'slide_base.slide_player-mode_base_started_created'====== Args={'_from_bcp': True}
2020-01-21 18:37:02,457 : INFO : EventManager : Event: ======'slide_base.slide_player-mode_base_started_active'====== Args={'_from_bcp': True}
2020-01-21 18:37:02,457 : INFO : EventManager : Event: ======'balldevice_balls_available'====== Args={}
2020-01-21 18:37:02,458 : INFO : EventManager : Event: ======'balldevice_bd_trough_ball_eject_attempt'====== Args={'balls': 1, 'target': <ball_device.bd_plunger>, 'source': <ball_device.bd_trough>, 'mechanical_eject': True, 'num_attempts': 0}
2020-01-21 18:37:02,459 : INFO : ball_device.bd_trough : Ejecting ball to <ball_device.bd_plunger>
2020-01-21 18:37:02,459 : INFO : EventManager : Event: ======'balldevice_bd_trough_ejecting_ball'====== Args={'balls': 1, 'target': <ball_device.bd_plunger>, 'source': <ball_device.bd_trough>, 'mechanical_eject': True, 'num_attempts': 0}
2020-01-21 18:37:02,460 : INFO : coil.c_trough_eject : Pulsing Driver for 20ms (1.0 pulse_power)
2020-01-21 18:37:02,460 : INFO : SwitchController : <<<<<<< 's_trough1' inactive >>>>>>>
2020-01-21 18:37:02,550 : INFO : SwitchController : <<<<<<< 's_plunger' active >>>>>>>
2020-01-21 18:37:02,550 : INFO : EventManager : Event: ======'machine_var_audits_switches_s_plunger'====== Args={'value': 159, 'prev_value': 158, 'change': 1}
2020-01-21 18:37:02,860 : INFO : EventManager : Event: ======'balldevice_bd_plunger_ball_enter'====== Args={'new_balls': 1, 'unclaimed_balls': 0, 'new_available_balls': 0, 'device': <ball_device.bd_plunger>}
2020-01-21 18:37:02,861 : INFO : EventManager : Event: ======'balldevice_bd_plunger_ball_entered'====== Args={'new_balls': 0, 'device': <ball_device.bd_plunger>}
2020-01-21 18:37:02,861 : INFO : EventManager : Event: ======'balldevice_bd_plunger_ball_count_changed'====== Args={'balls': 1}
2020-01-21 18:37:02,861 : INFO : EventManager : Event: ======'balldevice_bd_trough_ball_eject_success'====== Args={'balls': 1, 'target': <ball_device.bd_plunger>}
2020-01-21 18:37:02,862 : INFO : EventManager : Event: ======'balldevice_bd_trough_ball_count_changed'====== Args={'balls': 4}
2020-01-21 18:37:02,862 : INFO : EventManager : Event: ======'balldevice_bd_plunger_ball_eject_attempt'====== Args={'balls': 1, 'target': <playfield.playfield>, 'source': <ball_device.bd_plunger>, 'mechanical_eject': True, 'num_attempts': 0}
2020-01-21 18:37:02,863 : INFO : ball_device.bd_plunger : Ejecting ball to <playfield.playfield>
2020-01-21 18:37:02,863 : INFO : EventManager : Event: ======'balldevice_bd_plunger_ejecting_ball'====== Args={'balls': 1, 'target': <playfield.playfield>, 'source': <ball_device.bd_plunger>, 'mechanical_eject': True, 'num_attempts': 0}
2020-01-21 18:37:03,405 : INFO : EventManager : Event: ======'player_mode_1_mode_countdown_tick'====== Args={'value': 29, 'prev_value': 0, 'change': 29, 'player_num': 1}
2020-01-21 18:37:03,405 : INFO : EventManager : Event: ======'timer_mode_countdown_tick'====== Args={'ticks': 29, 'ticks_remaining': 29}
2020-01-21 18:37:04,396 : INFO : EventManager : Event: ======'player_mode_1_mode_countdown_tick'====== Args={'value': 28, 'prev_value': 29, 'change': -1, 'player_num': 1}
2020-01-21 18:37:04,398 : INFO : EventManager : Event: ======'timer_mode_countdown_tick'====== Args={'ticks': 28, 'ticks_remaining': 28}
2020-01-21 18:37:05,395 : INFO : EventManager : Event: ======'player_mode_1_mode_countdown_tick'====== Args={'value': 27, 'prev_value': 28, 'change': -1, 'player_num': 1}
2020-01-21 18:37:05,395 : INFO : EventManager : Event: ======'timer_mode_countdown_tick'====== Args={'ticks': 27, 'ticks_remaining': 27}
2020-01-21 18:37:06,253 : INFO : SwitchController : <<<<<<< 's_right_flipper' active >>>>>>>
2020-01-21 18:37:06,254 : INFO : EventManager : Event: ======'s_right_flipper_active'====== Args={}
2020-01-21 18:37:06,254 : INFO : EventManager : Event: ======'machine_var_audits_switches_s_right_flipper'====== Args={'value': 285, 'prev_value': 284, 'change': 1}
2020-01-21 18:37:06,257 : INFO : EventManager : Event: ======'achievement_mode_4_changed_state'====== Args={'restore': False, 'state': 'enabled', 'selected': False}
2020-01-21 18:37:06,257 : INFO : EventManager : Event: ======'achievement_mode_4_state_enabled'====== Args={'restore': False, 'state': 'enabled', 'selected': False}
2020-01-21 18:37:06,258 : INFO : EventManager : Event: ======'achievement_mode_5_changed_state'====== Args={'restore': False, 'state': 'enabled', 'selected': True}
2020-01-21 18:37:06,258 : INFO : EventManager : Event: ======'achievement_mode_5_state_enabled'====== Args={'restore': False, 'state': 'enabled', 'selected': True}
2020-01-21 18:37:06,258 : INFO : EventManager : Event: ======'achievement_mode_5_state_selected'====== Args={'restore': False, 'state': 'enabled', 'selected': True}
2020-01-21 18:37:06,351 : INFO : SwitchController : <<<<<<< 's_right_flipper' inactive >>>>>>>
2020-01-21 18:37:06,391 : INFO : EventManager : Event: ======'player_mode_1_mode_countdown_tick'====== Args={'value': 26, 'prev_value': 27, 'change': -1, 'player_num': 1}
2020-01-21 18:37:06,391 : INFO : EventManager : Event: ======'timer_mode_countdown_tick'====== Args={'ticks': 26, 'ticks_remaining': 26}
2020-01-21 18:37:06,691 : INFO : SwitchController : <<<<<<< 's_right_flipper' active >>>>>>>
2020-01-21 18:37:06,691 : INFO : EventManager : Event: ======'s_right_flipper_active'====== Args={}
2020-01-21 18:37:06,691 : INFO : EventManager : Event: ======'machine_var_audits_switches_s_right_flipper'====== Args={'value': 286, 'prev_value': 285, 'change': 1}
2020-01-21 18:37:06,693 : INFO : EventManager : Event: ======'achievement_mode_5_changed_state'====== Args={'restore': False, 'state': 'enabled', 'selected': False}
2020-01-21 18:37:06,693 : INFO : EventManager : Event: ======'achievement_mode_5_state_enabled'====== Args={'restore': False, 'state': 'enabled', 'selected': False}
2020-01-21 18:37:06,694 : INFO : EventManager : Event: ======'achievement_mode_6_changed_state'====== Args={'restore': False, 'state': 'enabled', 'selected': True}
2020-01-21 18:37:06,694 : INFO : EventManager : Event: ======'achievement_mode_6_state_enabled'====== Args={'restore': False, 'state': 'enabled', 'selected': True}
2020-01-21 18:37:06,694 : INFO : EventManager : Event: ======'achievement_mode_6_state_selected'====== Args={'restore': False, 'state': 'enabled', 'selected': True}
2020-01-21 18:37:06,756 : INFO : SwitchController : <<<<<<< 's_right_flipper' inactive >>>>>>>
2020-01-21 18:37:07,011 : INFO : SwitchController : <<<<<<< 's_right_flipper' active >>>>>>>
2020-01-21 18:37:07,012 : INFO : EventManager : Event: ======'s_right_flipper_active'====== Args={}
2020-01-21 18:37:07,013 : INFO : EventManager : Event: ======'machine_var_audits_switches_s_right_flipper'====== Args={'value': 287, 'prev_value': 286, 'change': 1}
2020-01-21 18:37:07,016 : INFO : EventManager : Event: ======'achievement_mode_6_changed_state'====== Args={'restore': False, 'state': 'enabled', 'selected': False}
2020-01-21 18:37:07,017 : INFO : EventManager : Event: ======'achievement_mode_6_state_enabled'====== Args={'restore': False, 'state': 'enabled', 'selected': False}
2020-01-21 18:37:07,018 : INFO : EventManager : Event: ======'achievement_mode_7_changed_state'====== Args={'restore': False, 'state': 'enabled', 'selected': True}
2020-01-21 18:37:07,019 : INFO : EventManager : Event: ======'achievement_mode_7_state_enabled'====== Args={'restore': False, 'state': 'enabled', 'selected': True}
2020-01-21 18:37:07,019 : INFO : EventManager : Event: ======'achievement_mode_7_state_selected'====== Args={'restore': False, 'state': 'enabled', 'selected': True}
2020-01-21 18:37:07,078 : INFO : SwitchController : <<<<<<< 's_right_flipper' inactive >>>>>>>
2020-01-21 18:37:07,315 : INFO : SwitchController : <<<<<<< 's_right_flipper' active >>>>>>>
2020-01-21 18:37:07,315 : INFO : EventManager : Event: ======'s_right_flipper_active'====== Args={}
2020-01-21 18:37:07,315 : INFO : EventManager : Event: ======'machine_var_audits_switches_s_right_flipper'====== Args={'value': 288, 'prev_value': 287, 'change': 1}
2020-01-21 18:37:07,317 : INFO : EventManager : Event: ======'achievement_mode_7_changed_state'====== Args={'restore': False, 'state': 'enabled', 'selected': False}
2020-01-21 18:37:07,317 : INFO : EventManager : Event: ======'achievement_mode_7_state_enabled'====== Args={'restore': False, 'state': 'enabled', 'selected': False}
2020-01-21 18:37:07,317 : INFO : EventManager : Event: ======'achievement_mode_8_changed_state'====== Args={'restore': False, 'state': 'enabled', 'selected': True}
2020-01-21 18:37:07,317 : INFO : EventManager : Event: ======'achievement_mode_8_state_enabled'====== Args={'restore': False, 'state': 'enabled', 'selected': True}
2020-01-21 18:37:07,317 : INFO : EventManager : Event: ======'achievement_mode_8_state_selected'====== Args={'restore': False, 'state': 'enabled', 'selected': True}
2020-01-21 18:37:07,387 : INFO : SwitchController : <<<<<<< 's_right_flipper' inactive >>>>>>>
2020-01-21 18:37:07,397 : INFO : EventManager : Event: ======'player_mode_1_mode_countdown_tick'====== Args={'value': 25, 'prev_value': 26, 'change': -1, 'player_num': 1}
2020-01-21 18:37:07,397 : INFO : EventManager : Event: ======'timer_mode_countdown_tick'====== Args={'ticks': 25, 'ticks_remaining': 25}
2020-01-21 18:37:07,637 : INFO : SwitchController : <<<<<<< 's_right_flipper' active >>>>>>>
2020-01-21 18:37:07,637 : INFO : EventManager : Event: ======'s_right_flipper_active'====== Args={}
2020-01-21 18:37:07,639 : INFO : EventManager : Event: ======'machine_var_audits_switches_s_right_flipper'====== Args={'value': 289, 'prev_value': 288, 'change': 1}
2020-01-21 18:37:07,643 : INFO : EventManager : Event: ======'achievement_mode_8_changed_state'====== Args={'restore': False, 'state': 'enabled', 'selected': False}
2020-01-21 18:37:07,644 : INFO : EventManager : Event: ======'achievement_mode_8_state_enabled'====== Args={'restore': False, 'state': 'enabled', 'selected': False}
2020-01-21 18:37:07,647 : INFO : EventManager : Event: ======'achievement_mode_9_changed_state'====== Args={'restore': False, 'state': 'enabled', 'selected': True}
2020-01-21 18:37:07,648 : INFO : EventManager : Event: ======'achievement_mode_9_state_enabled'====== Args={'restore': False, 'state': 'enabled', 'selected': True}
2020-01-21 18:37:07,650 : INFO : EventManager : Event: ======'achievement_mode_9_state_selected'====== Args={'restore': False, 'state': 'enabled', 'selected': True}
2020-01-21 18:37:07,729 : INFO : SwitchController : <<<<<<< 's_right_flipper' inactive >>>>>>>
2020-01-21 18:37:07,992 : INFO : SwitchController : <<<<<<< 's_right_flipper' active >>>>>>>
2020-01-21 18:37:07,992 : INFO : EventManager : Event: ======'s_right_flipper_active'====== Args={}
2020-01-21 18:37:07,993 : INFO : EventManager : Event: ======'machine_var_audits_switches_s_right_flipper'====== Args={'value': 290, 'prev_value': 289, 'change': 1}
2020-01-21 18:37:07,994 : INFO : EventManager : Event: ======'achievement_mode_9_changed_state'====== Args={'restore': False, 'state': 'enabled', 'selected': False}
2020-01-21 18:37:07,995 : INFO : EventManager : Event: ======'achievement_mode_9_state_enabled'====== Args={'restore': False, 'state': 'enabled', 'selected': False}
2020-01-21 18:37:07,996 : INFO : EventManager : Event: ======'achievement_mode_1_changed_state'====== Args={'restore': False, 'state': 'enabled', 'selected': True}
2020-01-21 18:37:07,996 : INFO : EventManager : Event: ======'achievement_mode_1_state_enabled'====== Args={'restore': False, 'state': 'enabled', 'selected': True}
2020-01-21 18:37:07,996 : INFO : EventManager : Event: ======'achievement_mode_1_state_selected'====== Args={'restore': False, 'state': 'enabled', 'selected': True}
2020-01-21 18:37:08,071 : INFO : SwitchController : <<<<<<< 's_right_flipper' inactive >>>>>>>
2020-01-21 18:37:08,392 : INFO : EventManager : Event: ======'player_mode_1_mode_countdown_tick'====== Args={'value': 24, 'prev_value': 25, 'change': -1, 'player_num': 1}
2020-01-21 18:37:08,393 : INFO : EventManager : Event: ======'timer_mode_countdown_tick'====== Args={'ticks': 24, 'ticks_remaining': 24}
2020-01-21 18:37:09,404 : INFO : EventManager : Event: ======'player_mode_1_mode_countdown_tick'====== Args={'value': 23, 'prev_value': 24, 'change': -1, 'player_num': 1}
2020-01-21 18:37:09,404 : INFO : EventManager : Event: ======'timer_mode_countdown_tick'====== Args={'ticks': 23, 'ticks_remaining': 23}
2020-01-21 18:37:09,867 : INFO : SwitchController : <<<<<<< 's_main_hole' active >>>>>>>
2020-01-21 18:37:09,868 : INFO : EventManager : Event: ======'machine_var_audits_switches_s_main_hole'====== Args={'value': 30, 'prev_value': 29, 'change': 1}
2020-01-21 18:37:10,370 : INFO : EventManager : Event: ======'balldevice_bd_main_hole_ball_count_changed'====== Args={'balls': 1}
2020-01-21 18:37:10,371 : INFO : EventManager : Event: ======'balldevice_captured_from_playfield'====== Args={'balls': 1}
2020-01-21 18:37:10,372 : INFO : EventManager : Event: ======'sw_playfield_active'====== Args={'balls': 1}
2020-01-21 18:37:10,374 : INFO : EventManager : Event: ======'playfield_active'====== Args={}
2020-01-21 18:37:10,375 : INFO : EventManager : Event: ======'playfield_ball_count_change'====== Args={'balls': -1, 'change': -1}
2020-01-21 18:37:10,377 : INFO : EventManager : Event: ======'balldevice_playfield_ball_enter'====== Args={'new_balls': 1, 'unclaimed_balls': 1, 'device': <playfield.playfield>}
2020-01-21 18:37:10,379 : INFO : EventManager : Event: ======'playfield_ball_count_change'====== Args={'balls': 0, 'change': 1}
2020-01-21 18:37:10,381 : INFO : BallController : Found a new ball which was captured from playfield. Known balls: 6
2020-01-21 18:37:10,381 : INFO : EventManager : Event: ======'found_new_ball'====== Args={}
2020-01-21 18:37:10,382 : INFO : EventManager : Event: ======'balldevice_bd_main_hole_ball_enter'====== Args={'new_balls': 1, 'unclaimed_balls': 1, 'new_available_balls': 1, 'device': <ball_device.bd_main_hole>}
2020-01-21 18:37:10,386 : INFO : EventManager : Event: ======'balldevice_balls_available'====== Args={}
2020-01-21 18:37:10,387 : INFO : EventManager : Event: ======'balldevice_balls_available'====== Args={}
2020-01-21 18:37:10,389 : INFO : EventManager : Event: ======'balldevice_bd_main_hole_ball_entered'====== Args={'new_balls': 1, 'device': <ball_device.bd_main_hole>}
2020-01-21 18:37:10,391 : INFO : EventManager : Event: ======'player_mode_1_mode_countdown_tick'====== Args={'value': 22, 'prev_value': 23, 'change': -1, 'player_num': 1}
2020-01-21 18:37:10,392 : INFO : EventManager : Event: ======'timer_mode_countdown_tick'====== Args={'ticks': 22, 'ticks_remaining': 22}
2020-01-21 18:37:10,394 : INFO : EventManager : Event: ======'balldevice_bd_main_hole_ball_eject_attempt'====== Args={'balls': 1, 'target': <playfield.playfield>, 'source': <ball_device.bd_main_hole>, 'mechanical_eject': False, 'num_attempts': 0}
2020-01-21 18:37:10,395 : INFO : ball_device.bd_main_hole : Ejecting ball to <playfield.playfield>
2020-01-21 18:37:10,395 : INFO : EventManager : Event: ======'balldevice_bd_main_hole_ejecting_ball'====== Args={'balls': 1, 'target': <playfield.playfield>, 'source': <ball_device.bd_main_hole>, 'mechanical_eject': False, 'num_attempts': 0}
2020-01-21 18:37:10,396 : INFO : coil.c_scoop_eject : Pulsing Driver for 10ms (1.0 pulse_power)
2020-01-21 18:37:10,397 : INFO : SwitchController : <<<<<<< 's_main_hole' inactive >>>>>>>
2020-01-21 18:37:11,398 : INFO : EventManager : Event: ======'player_mode_1_mode_countdown_tick'====== Args={'value': 21, 'prev_value': 22, 'change': -1, 'player_num': 1}
2020-01-21 18:37:11,398 : INFO : EventManager : Event: ======'timer_mode_countdown_tick'====== Args={'ticks': 21, 'ticks_remaining': 21}
2020-01-21 18:37:11,501 : INFO : EventManager : Event: ======'balldevice_bd_main_hole_ball_eject_success'====== Args={'balls': 1, 'target': <playfield.playfield>}
2020-01-21 18:37:11,501 : INFO : EventManager : Event: ======'balldevice_playfield_ball_enter'====== Args={'new_balls': 1, 'unclaimed_balls': 1, 'device': <playfield.playfield>}
2020-01-21 18:37:11,501 : INFO : EventManager : Event: ======'playfield_ball_count_change'====== Args={'balls': 1, 'change': 1}
2020-01-21 18:37:11,502 : INFO : EventManager : Event: ======'balldevice_bd_main_hole_ball_count_changed'====== Args={'balls': 0}
2020-01-21 18:37:12,397 : INFO : EventManager : Event: ======'player_mode_1_mode_countdown_tick'====== Args={'value': 20, 'prev_value': 21, 'change': -1, 'player_num': 1}
2020-01-21 18:37:12,397 : INFO : EventManager : Event: ======'timer_mode_countdown_tick'====== Args={'ticks': 20, 'ticks_remaining': 20}
2020-01-21 18:37:12,875 : INFO : SwitchController : <<<<<<< 's_dmg_1' active >>>>>>>
2020-01-21 18:37:12,876 : INFO : EventManager : Event: ======'s_dmg_1_active'====== Args={}
2020-01-21 18:37:12,876 : INFO : EventManager : Event: ======'machine_var_audits_switches_s_dmg_1'====== Args={'value': 364, 'prev_value': 363, 'change': 1}
2020-01-21 18:37:12,878 : INFO : EventManager : Event: ======'m1calculate'====== Args={'priority': 0}
2020-01-21 18:37:12,878 : INFO : EventManager : Event: ======'player_score'====== Args={'value': 10000, 'prev_value': 0, 'change': 10000, 'player_num': 1}
2020-01-21 18:37:12,879 : INFO : EventManager : Event: ======'player_RecivedDMG'====== Args={'value': 3, 'prev_value': 0, 'change': 3, 'player_num': 1}
2020-01-21 18:37:12,879 : INFO : EventManager : Event: ======'player_m1value'====== Args={'value': 50000, 'prev_value': 0, 'change': 50000, 'player_num': 1}
2020-01-21 18:37:12,879 : INFO : EventManager : Event: ======'player_modetotal'====== Args={'value': 50000, 'prev_value': 0, 'change': 50000, 'player_num': 1}
2020-01-21 18:37:12,881 : INFO : EventManager : Event: ======'player_score'====== Args={'value': 60000, 'prev_value': 10000, 'change': 50000, 'player_num': 1}
2020-01-21 18:37:12,881 : INFO : EventManager : Event: ======'player_m1shotmade'====== Args={'value': 1, 'prev_value': 0, 'change': 1, 'player_num': 1}
2020-01-21 18:37:12,900 : INFO : EventManager : Event: ======'slide_mode_1_shot_made_slide_1_created'====== Args={'_from_bcp': True}
2020-01-21 18:37:12,901 : INFO : EventManager : Event: ======'slide_mode_1_shot_made_slide_1_active'====== Args={'_from_bcp': True}
2020-01-21 18:37:12,962 : INFO : SwitchController : <<<<<<< 's_dmg_1' inactive >>>>>>>
2020-01-21 18:37:13,388 : INFO : EventManager : Event: ======'player_mode_1_mode_countdown_tick'====== Args={'value': 19, 'prev_value': 20, 'change': -1, 'player_num': 1}
2020-01-21 18:37:13,390 : INFO : EventManager : Event: ======'timer_mode_countdown_tick'====== Args={'ticks': 19, 'ticks_remaining': 19}
2020-01-21 18:37:13,992 : INFO : EventManager : Event: ======'slide_mode_1_shot_made_slide_2_created'====== Args={'_from_bcp': True}
2020-01-21 18:37:13,993 : INFO : EventManager : Event: ======'slide_mode_1_shot_made_slide_2_active'====== Args={'_from_bcp': True}
2020-01-21 18:37:14,401 : INFO : EventManager : Event: ======'player_mode_1_mode_countdown_tick'====== Args={'value': 18, 'prev_value': 19, 'change': -1, 'player_num': 1}
2020-01-21 18:37:14,401 : INFO : EventManager : Event: ======'timer_mode_countdown_tick'====== Args={'ticks': 18, 'ticks_remaining': 18}
2020-01-21 18:37:15,396 : INFO : EventManager : Event: ======'player_mode_1_mode_countdown_tick'====== Args={'value': 17, 'prev_value': 18, 'change': -1, 'player_num': 1}
2020-01-21 18:37:15,396 : INFO : EventManager : Event: ======'timer_mode_countdown_tick'====== Args={'ticks': 17, 'ticks_remaining': 17}
2020-01-21 18:37:15,992 : INFO : EventManager : Event: ======'slide_mode_1_shot_made_slide_1_removed'====== Args={'_from_bcp': True}
2020-01-21 18:37:15,992 : INFO : EventManager : Event: ======'slide_mode_1_shot_made_slide_2_removed'====== Args={'_from_bcp': True}
2020-01-21 18:37:15,992 : INFO : EventManager : Event: ======'slide_base.slide_player-mode_base_started_active'====== Args={'_from_bcp': True}
2020-01-21 18:37:16,403 : INFO : EventManager : Event: ======'player_mode_1_mode_countdown_tick'====== Args={'value': 16, 'prev_value': 17, 'change': -1, 'player_num': 1}
2020-01-21 18:37:16,404 : INFO : EventManager : Event: ======'timer_mode_countdown_tick'====== Args={'ticks': 16, 'ticks_remaining': 16}
2020-01-21 18:37:16,884 : INFO : SwitchController : <<<<<<< 's_dmg_1' active >>>>>>>
2020-01-21 18:37:16,884 : INFO : EventManager : Event: ======'s_dmg_1_active'====== Args={}
2020-01-21 18:37:16,885 : INFO : EventManager : Event: ======'machine_var_audits_switches_s_dmg_1'====== Args={'value': 365, 'prev_value': 364, 'change': 1}
2020-01-21 18:37:16,885 : INFO : EventManager : Event: ======'m1calculate'====== Args={'priority': 0}
2020-01-21 18:37:16,886 : INFO : EventManager : Event: ======'player_score'====== Args={'value': 70000, 'prev_value': 60000, 'change': 10000, 'player_num': 1}
2020-01-21 18:37:16,886 : INFO : EventManager : Event: ======'player_RecivedDMG'====== Args={'value': 6, 'prev_value': 3, 'change': 3, 'player_num': 1}
2020-01-21 18:37:16,886 : INFO : EventManager : Event: ======'player_modetotal'====== Args={'value': 100000, 'prev_value': 50000, 'change': 50000, 'player_num': 1}
2020-01-21 18:37:16,887 : INFO : EventManager : Event: ======'player_score'====== Args={'value': 120000, 'prev_value': 70000, 'change': 50000, 'player_num': 1}
2020-01-21 18:37:16,887 : INFO : EventManager : Event: ======'player_m1shotmade'====== Args={'value': 2, 'prev_value': 1, 'change': 1, 'player_num': 1}
2020-01-21 18:37:16,899 : INFO : EventManager : Event: ======'slide_mode_1_shot_made_slide_1_created'====== Args={'_from_bcp': True}
2020-01-21 18:37:16,904 : INFO : EventManager : Event: ======'slide_mode_1_shot_made_slide_1_active'====== Args={'_from_bcp': True}
2020-01-21 18:37:16,922 : INFO : SwitchController : <<<<<<< 's_dmg_1' inactive >>>>>>>
2020-01-21 18:37:17,394 : INFO : EventManager : Event: ======'player_mode_1_mode_countdown_tick'====== Args={'value': 15, 'prev_value': 16, 'change': -1, 'player_num': 1}
2020-01-21 18:37:17,396 : INFO : EventManager : Event: ======'timer_mode_countdown_tick'====== Args={'ticks': 15, 'ticks_remaining': 15}
2020-01-21 18:37:17,993 : INFO : EventManager : Event: ======'slide_mode_1_shot_made_slide_2_created'====== Args={'_from_bcp': True}
2020-01-21 18:37:17,994 : INFO : EventManager : Event: ======'slide_mode_1_shot_made_slide_2_active'====== Args={'_from_bcp': True}
2020-01-21 18:37:18,403 : INFO : EventManager : Event: ======'player_mode_1_mode_countdown_tick'====== Args={'value': 14, 'prev_value': 15, 'change': -1, 'player_num': 1}
2020-01-21 18:37:18,403 : INFO : EventManager : Event: ======'timer_mode_countdown_tick'====== Args={'ticks': 14, 'ticks_remaining': 14}
2020-01-21 18:37:19,394 : INFO : EventManager : Event: ======'player_mode_1_mode_countdown_tick'====== Args={'value': 13, 'prev_value': 14, 'change': -1, 'player_num': 1}
2020-01-21 18:37:19,395 : INFO : EventManager : Event: ======'timer_mode_countdown_tick'====== Args={'ticks': 13, 'ticks_remaining': 13}
2020-01-21 18:37:19,994 : INFO : EventManager : Event: ======'slide_mode_1_shot_made_slide_1_removed'====== Args={'_from_bcp': True}
2020-01-21 18:37:19,994 : INFO : EventManager : Event: ======'slide_mode_1_shot_made_slide_2_removed'====== Args={'_from_bcp': True}
2020-01-21 18:37:19,994 : INFO : EventManager : Event: ======'slide_base.slide_player-mode_base_started_active'====== Args={'_from_bcp': True}
2020-01-21 18:37:20,400 : INFO : EventManager : Event: ======'player_mode_1_mode_countdown_tick'====== Args={'value': 12, 'prev_value': 13, 'change': -1, 'player_num': 1}
2020-01-21 18:37:20,400 : INFO : EventManager : Event: ======'timer_mode_countdown_tick'====== Args={'ticks': 12, 'ticks_remaining': 12}
2020-01-21 18:37:21,403 : INFO : EventManager : Event: ======'player_mode_1_mode_countdown_tick'====== Args={'value': 11, 'prev_value': 12, 'change': -1, 'player_num': 1}
2020-01-21 18:37:21,403 : INFO : EventManager : Event: ======'timer_mode_countdown_tick'====== Args={'ticks': 11, 'ticks_remaining': 11}
2020-01-21 18:37:22,389 : INFO : EventManager : Event: ======'player_mode_1_mode_countdown_tick'====== Args={'value': 10, 'prev_value': 11, 'change': -1, 'player_num': 1}
2020-01-21 18:37:22,389 : INFO : EventManager : Event: ======'timer_mode_countdown_tick'====== Args={'ticks': 10, 'ticks_remaining': 10}
2020-01-21 18:37:22,583 : INFO : SwitchController : <<<<<<< 's_dmg_1' active >>>>>>>
2020-01-21 18:37:22,583 : INFO : EventManager : Event: ======'s_dmg_1_active'====== Args={}
2020-01-21 18:37:22,585 : INFO : EventManager : Event: ======'machine_var_audits_switches_s_dmg_1'====== Args={'value': 366, 'prev_value': 365, 'change': 1}
2020-01-21 18:37:22,590 : INFO : EventManager : Event: ======'m1calculate'====== Args={'priority': 0}
2020-01-21 18:37:22,591 : INFO : EventManager : Event: ======'player_score'====== Args={'value': 130000, 'prev_value': 120000, 'change': 10000, 'player_num': 1}
2020-01-21 18:37:22,597 : INFO : EventManager : Event: ======'player_RecivedDMG'====== Args={'value': 9, 'prev_value': 6, 'change': 3, 'player_num': 1}
2020-01-21 18:37:22,598 : INFO : EventManager : Event: ======'player_modetotal'====== Args={'value': 150000, 'prev_value': 100000, 'change': 50000, 'player_num': 1}
2020-01-21 18:37:22,598 : INFO : EventManager : Event: ======'player_score'====== Args={'value': 180000, 'prev_value': 130000, 'change': 50000, 'player_num': 1}
2020-01-21 18:37:22,598 : INFO : EventManager : Event: ======'player_m1shotmade'====== Args={'value': 3, 'prev_value': 2, 'change': 1, 'player_num': 1}
2020-01-21 18:37:22,609 : INFO : EventManager : Event: ======'slide_mode_1_shot_made_slide_1_created'====== Args={'_from_bcp': True}
2020-01-21 18:37:22,609 : INFO : EventManager : Event: ======'slide_mode_1_shot_made_slide_1_active'====== Args={'_from_bcp': True}
2020-01-21 18:37:22,650 : INFO : SwitchController : <<<<<<< 's_dmg_1' inactive >>>>>>>
2020-01-21 18:37:23,391 : INFO : EventManager : Event: ======'player_mode_1_mode_countdown_tick'====== Args={'value': 9, 'prev_value': 10, 'change': -1, 'player_num': 1}
2020-01-21 18:37:23,391 : INFO : EventManager : Event: ======'timer_mode_countdown_tick'====== Args={'ticks': 9, 'ticks_remaining': 9}
2020-01-21 18:37:23,711 : INFO : EventManager : Event: ======'slide_mode_1_shot_made_slide_2_created'====== Args={'_from_bcp': True}
2020-01-21 18:37:23,713 : INFO : EventManager : Event: ======'slide_mode_1_shot_made_slide_2_active'====== Args={'_from_bcp': True}
2020-01-21 18:37:24,393 : INFO : EventManager : Event: ======'player_mode_1_mode_countdown_tick'====== Args={'value': 8, 'prev_value': 9, 'change': -1, 'player_num': 1}
2020-01-21 18:37:24,395 : INFO : EventManager : Event: ======'timer_mode_countdown_tick'====== Args={'ticks': 8, 'ticks_remaining': 8}
2020-01-21 18:37:25,390 : INFO : EventManager : Event: ======'player_mode_1_mode_countdown_tick'====== Args={'value': 7, 'prev_value': 8, 'change': -1, 'player_num': 1}
2020-01-21 18:37:25,391 : INFO : EventManager : Event: ======'timer_mode_countdown_tick'====== Args={'ticks': 7, 'ticks_remaining': 7}
2020-01-21 18:37:25,719 : INFO : EventManager : Event: ======'slide_mode_1_shot_made_slide_1_removed'====== Args={'_from_bcp': True}
2020-01-21 18:37:25,721 : INFO : EventManager : Event: ======'slide_mode_1_shot_made_slide_2_removed'====== Args={'_from_bcp': True}
2020-01-21 18:37:25,723 : INFO : EventManager : Event: ======'slide_base.slide_player-mode_base_started_active'====== Args={'_from_bcp': True}
2020-01-21 18:37:26,388 : INFO : EventManager : Event: ======'player_mode_1_mode_countdown_tick'====== Args={'value': 6, 'prev_value': 7, 'change': -1, 'player_num': 1}
2020-01-21 18:37:26,388 : INFO : EventManager : Event: ======'timer_mode_countdown_tick'====== Args={'ticks': 6, 'ticks_remaining': 6}
2020-01-21 18:37:26,980 : INFO : SwitchController : <<<<<<< 's_dmg_1' active >>>>>>>
2020-01-21 18:37:26,980 : INFO : EventManager : Event: ======'s_dmg_1_active'====== Args={}
2020-01-21 18:37:26,981 : INFO : EventManager : Event: ======'machine_var_audits_switches_s_dmg_1'====== Args={'value': 367, 'prev_value': 366, 'change': 1}
2020-01-21 18:37:26,983 : INFO : EventManager : Event: ======'m1calculate'====== Args={'priority': 0}
2020-01-21 18:37:26,984 : INFO : EventManager : Event: ======'player_score'====== Args={'value': 190000, 'prev_value': 180000, 'change': 10000, 'player_num': 1}
2020-01-21 18:37:26,985 : INFO : EventManager : Event: ======'player_RecivedDMG'====== Args={'value': 12, 'prev_value': 9, 'change': 3, 'player_num': 1}
2020-01-21 18:37:27,002 : INFO : EventManager : Event: ======'player_modetotal'====== Args={'value': 200000, 'prev_value': 150000, 'change': 50000, 'player_num': 1}
2020-01-21 18:37:27,003 : INFO : EventManager : Event: ======'player_score'====== Args={'value': 240000, 'prev_value': 190000, 'change': 50000, 'player_num': 1}
2020-01-21 18:37:27,003 : INFO : EventManager : Event: ======'player_m1shotmade'====== Args={'value': 4, 'prev_value': 3, 'change': 1, 'player_num': 1}
2020-01-21 18:37:27,017 : INFO : EventManager : Event: ======'slide_mode_1_shot_made_slide_1_created'====== Args={'_from_bcp': True}
2020-01-21 18:37:27,017 : INFO : EventManager : Event: ======'slide_mode_1_shot_made_slide_1_active'====== Args={'_from_bcp': True}
2020-01-21 18:37:27,059 : INFO : SwitchController : <<<<<<< 's_dmg_1' inactive >>>>>>>
2020-01-21 18:37:27,408 : INFO : EventManager : Event: ======'player_mode_1_mode_countdown_tick'====== Args={'value': 5, 'prev_value': 6, 'change': -1, 'player_num': 1}
2020-01-21 18:37:27,409 : INFO : EventManager : Event: ======'timer_mode_countdown_tick'====== Args={'ticks': 5, 'ticks_remaining': 5}
2020-01-21 18:37:28,109 : INFO : EventManager : Event: ======'slide_mode_1_shot_made_slide_2_created'====== Args={'_from_bcp': True}
2020-01-21 18:37:28,110 : INFO : EventManager : Event: ======'slide_mode_1_shot_made_slide_2_active'====== Args={'_from_bcp': True}
2020-01-21 18:37:28,394 : INFO : EventManager : Event: ======'player_mode_1_mode_countdown_tick'====== Args={'value': 4, 'prev_value': 5, 'change': -1, 'player_num': 1}
2020-01-21 18:37:28,394 : INFO : EventManager : Event: ======'timer_mode_countdown_tick'====== Args={'ticks': 4, 'ticks_remaining': 4}
2020-01-21 18:37:29,388 : INFO : EventManager : Event: ======'player_mode_1_mode_countdown_tick'====== Args={'value': 3, 'prev_value': 4, 'change': -1, 'player_num': 1}
2020-01-21 18:37:29,389 : INFO : EventManager : Event: ======'timer_mode_countdown_tick'====== Args={'ticks': 3, 'ticks_remaining': 3}
2020-01-21 18:37:30,118 : INFO : EventManager : Event: ======'slide_mode_1_shot_made_slide_1_removed'====== Args={'_from_bcp': True}
2020-01-21 18:37:30,121 : INFO : EventManager : Event: ======'slide_mode_1_shot_made_slide_2_removed'====== Args={'_from_bcp': True}
2020-01-21 18:37:30,122 : INFO : EventManager : Event: ======'slide_base.slide_player-mode_base_started_active'====== Args={'_from_bcp': True}
2020-01-21 18:37:30,388 : INFO : EventManager : Event: ======'player_mode_1_mode_countdown_tick'====== Args={'value': 2, 'prev_value': 3, 'change': -1, 'player_num': 1}
2020-01-21 18:37:30,389 : INFO : EventManager : Event: ======'timer_mode_countdown_tick'====== Args={'ticks': 2, 'ticks_remaining': 2}
2020-01-21 18:37:31,404 : INFO : EventManager : Event: ======'player_mode_1_mode_countdown_tick'====== Args={'value': 1, 'prev_value': 2, 'change': -1, 'player_num': 1}
2020-01-21 18:37:31,404 : INFO : EventManager : Event: ======'timer_mode_countdown_tick'====== Args={'ticks': 1, 'ticks_remaining': 1}
2020-01-21 18:37:31,492 : INFO : SwitchController : <<<<<<< 's_dmg_1' active >>>>>>>
2020-01-21 18:37:31,492 : INFO : EventManager : Event: ======'s_dmg_1_active'====== Args={}
2020-01-21 18:37:31,492 : INFO : EventManager : Event: ======'machine_var_audits_switches_s_dmg_1'====== Args={'value': 368, 'prev_value': 367, 'change': 1}
2020-01-21 18:37:31,493 : INFO : EventManager : Event: ======'m1calculate'====== Args={'priority': 0}
2020-01-21 18:37:31,493 : INFO : EventManager : Event: ======'player_score'====== Args={'value': 250000, 'prev_value': 240000, 'change': 10000, 'player_num': 1}
2020-01-21 18:37:31,493 : INFO : EventManager : Event: ======'player_RecivedDMG'====== Args={'value': 15, 'prev_value': 12, 'change': 3, 'player_num': 1}
2020-01-21 18:37:31,494 : INFO : EventManager : Event: ======'player_modetotal'====== Args={'value': 250000, 'prev_value': 200000, 'change': 50000, 'player_num': 1}
2020-01-21 18:37:31,495 : INFO : EventManager : Event: ======'player_score'====== Args={'value': 300000, 'prev_value': 250000, 'change': 50000, 'player_num': 1}
2020-01-21 18:37:31,495 : INFO : EventManager : Event: ======'player_m1shotmade'====== Args={'value': 5, 'prev_value': 4, 'change': 1, 'player_num': 1}
2020-01-21 18:37:31,509 : INFO : EventManager : Event: ======'slide_mode_1_shot_made_slide_1_created'====== Args={'_from_bcp': True}
2020-01-21 18:37:31,515 : INFO : EventManager : Event: ======'slide_mode_1_shot_made_slide_1_active'====== Args={'_from_bcp': True}
2020-01-21 18:37:31,571 : INFO : SwitchController : <<<<<<< 's_dmg_1' inactive >>>>>>>
2020-01-21 18:37:32,405 : INFO : EventManager : Event: ======'player_mode_1_mode_countdown_tick'====== Args={'value': 0, 'prev_value': 1, 'change': -1, 'player_num': 1}
2020-01-21 18:37:32,405 : INFO : Timer.mode_countdown : Timer Complete
2020-01-21 18:37:32,405 : INFO : Timer.mode_countdown : Stopping Timer
2020-01-21 18:37:32,405 : INFO : EventManager : Event: ======'timer_mode_countdown_stopped'====== Args={'ticks': 0, 'ticks_remaining': 1}
2020-01-21 18:37:32,406 : INFO : EventManager : Event: ======'timer_mode_countdown_complete'====== Args={'ticks': 0, 'ticks_remaining': 1}
2020-01-21 18:37:32,617 : INFO : EventManager : Event: ======'slide_mode_1_shot_made_slide_2_created'====== Args={'_from_bcp': True}
2020-01-21 18:37:32,618 : INFO : EventManager : Event: ======'slide_mode_1_shot_made_slide_2_active'====== Args={'_from_bcp': True}
2020-01-21 18:37:34,611 : INFO : EventManager : Event: ======'slide_mode_1_shot_made_slide_1_removed'====== Args={'_from_bcp': True}
2020-01-21 18:37:34,611 : INFO : EventManager : Event: ======'slide_mode_1_shot_made_slide_2_removed'====== Args={'_from_bcp': True}
2020-01-21 18:37:34,612 : INFO : EventManager : Event: ======'slide_base.slide_player-mode_base_started_active'====== Args={'_from_bcp': True}
2020-01-21 18:37:35,971 : INFO : SwitchController : <<<<<<< 's_dmg_1' active >>>>>>>
2020-01-21 18:37:35,971 : INFO : EventManager : Event: ======'s_dmg_1_active'====== Args={}
2020-01-21 18:37:35,971 : INFO : EventManager : Event: ======'machine_var_audits_switches_s_dmg_1'====== Args={'value': 369, 'prev_value': 368, 'change': 1}
2020-01-21 18:37:35,973 : INFO : EventManager : Event: ======'m1calculate'====== Args={'priority': 0}
2020-01-21 18:37:35,974 : INFO : EventManager : Event: ======'player_score'====== Args={'value': 310000, 'prev_value': 300000, 'change': 10000, 'player_num': 1}
2020-01-21 18:37:35,974 : INFO : EventManager : Event: ======'player_RecivedDMG'====== Args={'value': 18, 'prev_value': 15, 'change': 3, 'player_num': 1}
2020-01-21 18:37:35,975 : INFO : EventManager : Event: ======'player_modetotal'====== Args={'value': 300000, 'prev_value': 250000, 'change': 50000, 'player_num': 1}
2020-01-21 18:37:35,975 : INFO : EventManager : Event: ======'player_score'====== Args={'value': 360000, 'prev_value': 310000, 'change': 50000, 'player_num': 1}
2020-01-21 18:37:35,981 : INFO : EventManager : Event: ======'player_m1shotmade'====== Args={'value': 6, 'prev_value': 5, 'change': 1, 'player_num': 1}
2020-01-21 18:37:36,001 : INFO : EventManager : Event: ======'slide_mode_1_shot_made_slide_1_created'====== Args={'_from_bcp': True}
2020-01-21 18:37:36,001 : INFO : EventManager : Event: ======'slide_mode_1_shot_made_slide_1_active'====== Args={'_from_bcp': True}
2020-01-21 18:37:36,064 : INFO : SwitchController : <<<<<<< 's_dmg_1' inactive >>>>>>>
2020-01-21 18:37:37,088 : INFO : EventManager : Event: ======'slide_mode_1_shot_made_slide_2_created'====== Args={'_from_bcp': True}
2020-01-21 18:37:37,090 : INFO : EventManager : Event: ======'slide_mode_1_shot_made_slide_2_active'====== Args={'_from_bcp': True}
2020-01-21 18:37:38,770 : INFO : SwitchController : <<<<<<< 's_dmg_1' active >>>>>>>
2020-01-21 18:37:38,770 : INFO : EventManager : Event: ======'s_dmg_1_active'====== Args={}
2020-01-21 18:37:38,770 : INFO : EventManager : Event: ======'machine_var_audits_switches_s_dmg_1'====== Args={'value': 370, 'prev_value': 369, 'change': 1}
2020-01-21 18:37:38,771 : INFO : EventManager : Event: ======'m1calculate'====== Args={'priority': 0}
2020-01-21 18:37:38,771 : INFO : EventManager : Event: ======'player_score'====== Args={'value': 370000, 'prev_value': 360000, 'change': 10000, 'player_num': 1}
2020-01-21 18:37:38,771 : INFO : EventManager : Event: ======'player_RecivedDMG'====== Args={'value': 21, 'prev_value': 18, 'change': 3, 'player_num': 1}
2020-01-21 18:37:38,772 : INFO : EventManager : Event: ======'player_modetotal'====== Args={'value': 350000, 'prev_value': 300000, 'change': 50000, 'player_num': 1}
2020-01-21 18:37:38,773 : INFO : EventManager : Event: ======'player_score'====== Args={'value': 420000, 'prev_value': 370000, 'change': 50000, 'player_num': 1}
2020-01-21 18:37:38,773 : INFO : EventManager : Event: ======'player_m1shotmade'====== Args={'value': 7, 'prev_value': 6, 'change': 1, 'player_num': 1}
2020-01-21 18:37:38,791 : INFO : EventManager : Event: ======'slide_mode_1_shot_made_slide_1_removed'====== Args={'_from_bcp': True}
2020-01-21 18:37:38,792 : INFO : EventManager : Event: ======'slide_mode_1_shot_made_slide_2_removed'====== Args={'_from_bcp': True}
2020-01-21 18:37:38,792 : INFO : EventManager : Event: ======'slide_mode_1_shot_made_slide_1_created'====== Args={'_from_bcp': True}
2020-01-21 18:37:38,792 : INFO : EventManager : Event: ======'slide_mode_1_shot_made_slide_1_active'====== Args={'_from_bcp': True}
2020-01-21 18:37:38,835 : INFO : SwitchController : <<<<<<< 's_dmg_1' inactive >>>>>>>
2020-01-21 18:37:39,890 : INFO : EventManager : Event: ======'slide_mode_1_shot_made_slide_2_created'====== Args={'_from_bcp': True}
2020-01-21 18:37:39,896 : INFO : EventManager : Event: ======'slide_mode_1_shot_made_slide_2_active'====== Args={'_from_bcp': True}
2020-01-21 18:37:41,876 : INFO : EventManager : Event: ======'slide_mode_1_shot_made_slide_1_removed'====== Args={'_from_bcp': True}
2020-01-21 18:37:41,876 : INFO : EventManager : Event: ======'slide_mode_1_shot_made_slide_2_removed'====== Args={'_from_bcp': True}
2020-01-21 18:37:41,877 : INFO : EventManager : Event: ======'slide_base.slide_player-mode_base_started_active'====== Args={'_from_bcp': True}
2020-01-21 18:37:43,852 : INFO : Machine : Shutting down...
2020-01-21 18:37:43,852 : INFO : EventManager : Event: ======'shutdown'====== Args={}
2020-01-21 18:37:43,854 : INFO : root : MPF run loop ended.
