2020-04-04 12:46:10,929 : kivy : Factory: 184 symbols loaded
2020-04-04 12:46:11,291 : kivy : Image: Providers: img_tex, img_dds, img_sdl2, img_pil, img_gif (img_ffpyplayer ignored)
2020-04-04 12:46:11,545 : kivy : VideoGstplayer: Using Gstreamer 1.16.0.0
2020-04-04 12:46:11,545 : kivy : Video: Provider: gstplayer
2020-04-04 12:46:11,754 : kivy : Loading MPF-MC controller
2020-04-04 12:46:11,754 : mpfmc : Mission Pinball Framework Media Controller v0.53.0
2020-04-04 12:46:11,754 : mpfmc : Mission Pinball Framework Game Engine v0.53.2
2020-04-04 12:46:11,754 : mpfmc : Machine path: E:\MPF\wows\wows
2020-04-04 12:46:11,756 : ConfigProcessor : Config file in cache changed: E:\MPF\wows\wows\config\config
2020-04-04 12:46:11,757 : ConfigProcessor : Loading config from file c:\users\schol\appdata\local\programs\python\python36\lib\site-packages\mpfmc\mcconfig.yaml.
2020-04-04 12:46:11,799 : ConfigProcessor : Loading config: c:\users\schol\appdata\local\programs\python\python36\lib\site-packages\mpfmc\mcconfig.yaml
2020-04-04 12:46:11,811 : ConfigProcessor : Loading config from file E:\MPF\wows\wows\config\config.
2020-04-04 12:46:11,935 : ConfigProcessor : Loading config: E:\MPF\wows\wows\config\config
2020-04-04 12:46:11,937 : ConfigProcessor : Config file cache created: C:\Users\schol\AppData\Local\Temp\051200dc57c22661ccd061bb2017f3a6.mpf_cache
2020-04-04 12:46:11,937 : mpfmc : Starting clock at 60.0Hz
2020-04-04 12:46:12,020 : kivy : Text: Provider: sdl2
2020-04-04 12:46:12,125 : kivy : Window: Provider: sdl2
2020-04-04 12:46:12,661 : kivy : GL: Using the "OpenGL" graphics system
2020-04-04 12:46:12,672 : kivy : GL: GLEW initialization succeeded
2020-04-04 12:46:12,673 : kivy : GL: Backend used <glew>
2020-04-04 12:46:12,674 : kivy : GL: OpenGL version <b'4.6.0 NVIDIA 442.59'>
2020-04-04 12:46:12,674 : kivy : GL: OpenGL vendor <b'NVIDIA Corporation'>
2020-04-04 12:46:12,674 : kivy : GL: OpenGL renderer <b'GeForce GTX 1060 6GB/PCIe/SSE2'>
2020-04-04 12:46:12,674 : kivy : GL: OpenGL parsed version: 4, 6
2020-04-04 12:46:12,674 : kivy : GL: Shading version <b'4.60 NVIDIA'>
2020-04-04 12:46:12,675 : kivy : GL: Texture max size <32768>
2020-04-04 12:46:12,675 : kivy : GL: Texture max units <32>
2020-04-04 12:46:12,748 : kivy : Window: auto add sdl2 input provider
2020-04-04 12:46:12,748 : kivy : Window: virtual keyboard not allowed, single mode, not docked
2020-04-04 12:46:12,762 : SoundSystem : SoundSystem: Using default 'sound_system' settings
2020-04-04 12:46:14,670 : AudioInterface : Initialized
2020-04-04 12:46:14,671 : SoundSystem : No audio tracks are specified in your machine config file. a track named 'default' has been created.
2020-04-04 12:46:14,673 : kivy : Base: Start application main loop
2020-04-04 12:46:14,674 : EventManager : Event: ======'display_dmd_initialized'====== Args={}
2020-04-04 12:46:14,742 : mpfmc : Display: Setting 'dmd' as default display
2020-04-04 12:46:14,749 : kivy : GL: NPOT texture support is available
2020-04-04 12:46:14,762 : EventManager : Event: ======'displays_initialized'====== Args={}
2020-04-04 12:46:14,763 : EventManager : Event: ======'slide_dmd_blank_created'====== Args={}
2020-04-04 12:46:14,763 : EventManager : Event: ======'display_dmd_ready'====== Args={}
2020-04-04 12:46:14,782 : EventManager : Event: ======'init_phase_1'====== Args={}
2020-04-04 12:46:14,786 : EventManager : Event: ======'mc_ready'====== Args={}
2020-04-04 12:46:14,786 : EventManager : Event: ======'init_phase_2'====== Args={}
2020-04-04 12:46:14,788 : ConfigProcessor : Loading config from cache: C:\Users\schol\AppData\Local\Temp\db3d1ab92e5d5c563b40d82372434517.mpf_cache
2020-04-04 12:46:14,788 : ConfigProcessor : Loading config from cache: C:\Users\schol\AppData\Local\Temp\d5fd805c5432c1441bf01a6268536a3d.mpf_cache
2020-04-04 12:46:14,789 : ConfigProcessor : Loading config from cache: C:\Users\schol\AppData\Local\Temp\ba047bbdc168fca96d58d351c4240916.mpf_cache
2020-04-04 12:46:14,790 : ConfigProcessor : Loading config from cache: C:\Users\schol\AppData\Local\Temp\1ff29be1d22fb14fe5fd1c82a6918df4.mpf_cache
2020-04-04 12:46:14,790 : ConfigProcessor : Loading config from cache: C:\Users\schol\AppData\Local\Temp\5ab98d4be1e8de85bea62364890eb2e9.mpf_cache
2020-04-04 12:46:14,791 : ConfigProcessor : Loading config from cache: C:\Users\schol\AppData\Local\Temp\c84d6d08bf6f923cbcccfeeea02d2c8a.mpf_cache
2020-04-04 12:46:14,792 : ConfigProcessor : Loading config from cache: C:\Users\schol\AppData\Local\Temp\5c4497fcd69d1d656c4b69a28e44c490.mpf_cache
2020-04-04 12:46:14,792 : ConfigProcessor : Loading config from cache: C:\Users\schol\AppData\Local\Temp\7c1900736275ba8a713cfe77e991e929.mpf_cache
2020-04-04 12:46:14,793 : ConfigProcessor : Loading config from cache: C:\Users\schol\AppData\Local\Temp\dec453850496132f8dddcdfa0a36feb5.mpf_cache
2020-04-04 12:46:14,798 : ConfigProcessor : Loading config from cache: C:\Users\schol\AppData\Local\Temp\0c80ca2179989d09b86c78c19ec87d9b.mpf_cache
2020-04-04 12:46:14,799 : ConfigProcessor : Loading config from cache: C:\Users\schol\AppData\Local\Temp\466eddfec572894d9eb472ce07aa5fba.mpf_cache
2020-04-04 12:46:14,799 : ConfigProcessor : Loading config from cache: C:\Users\schol\AppData\Local\Temp\72e9fea1cb562e40024eb5e8538ccaf2.mpf_cache
2020-04-04 12:46:14,800 : ConfigProcessor : Loading config from cache: C:\Users\schol\AppData\Local\Temp\159a0b7ffc6de2ed1a8cdcd57b7df3c0.mpf_cache
2020-04-04 12:46:14,801 : ConfigProcessor : Loading config from cache: C:\Users\schol\AppData\Local\Temp\95ae88fb094583fa2b4097c6df179650.mpf_cache
2020-04-04 12:46:14,801 : ConfigProcessor : Loading config from cache: C:\Users\schol\AppData\Local\Temp\200a9b2dddbe7706ffb4c4426b6d54a8.mpf_cache
2020-04-04 12:46:14,802 : ConfigProcessor : Loading config from cache: C:\Users\schol\AppData\Local\Temp\2f89b2ab1d9f3cef79a660914b2a527a.mpf_cache
2020-04-04 12:46:14,802 : ConfigProcessor : Loading config from cache: C:\Users\schol\AppData\Local\Temp\4303dca7489148da2d256fc831cf8c96.mpf_cache
2020-04-04 12:46:14,803 : ConfigProcessor : Loading config from cache: C:\Users\schol\AppData\Local\Temp\b1234e2c44a33609dc2af4760c4a3f89.mpf_cache
2020-04-04 12:46:14,804 : ConfigProcessor : Loading config from cache: C:\Users\schol\AppData\Local\Temp\e8fceecd8f65a6a7269e98c7961bbf6a.mpf_cache
2020-04-04 12:46:14,805 : ConfigProcessor : Loading config from cache: C:\Users\schol\AppData\Local\Temp\95e265efe14e4eb05d8d5c5689c9ae6b.mpf_cache
2020-04-04 12:46:14,805 : ConfigProcessor : Loading config from cache: C:\Users\schol\AppData\Local\Temp\de2d3fc178b15ce3807fa4ab35b9c965.mpf_cache
2020-04-04 12:46:14,806 : ConfigProcessor : Loading config from cache: C:\Users\schol\AppData\Local\Temp\b0de444617e3bf30a07f755a6d4831cc.mpf_cache
2020-04-04 12:46:14,807 : ConfigProcessor : Loading config from cache: C:\Users\schol\AppData\Local\Temp\93429a2a8e0859f6546b68f40c2a4656.mpf_cache
2020-04-04 12:46:14,807 : EventManager : Event: ======'init_phase_3'====== Args={}
2020-04-04 12:46:14,823 : AssetManager : Registering Asset: ConsumableCountdown100, File: ConsumableCountdown100.jpg, Default Group: default, Final Config: {'load': 'preload', 'file': 'E:\\MPF\\wows\\wows\\images\\ConsumableCountdown100.jpg'}
2020-04-04 12:46:14,824 : AssetManager : Registering Asset: ConsumableCountdown101, File: ConsumableCountdown101.jpg, Default Group: default, Final Config: {'load': 'preload', 'file': 'E:\\MPF\\wows\\wows\\images\\ConsumableCountdown101.jpg'}
2020-04-04 12:46:14,824 : AssetManager : Registering Asset: ConsumableCountdown102, File: ConsumableCountdown102.jpg, Default Group: default, Final Config: {'load': 'preload', 'file': 'E:\\MPF\\wows\\wows\\images\\ConsumableCountdown102.jpg'}
2020-04-04 12:46:14,824 : AssetManager : Registering Asset: ConsumableCountdown103, File: ConsumableCountdown103.jpg, Default Group: default, Final Config: {'load': 'preload', 'file': 'E:\\MPF\\wows\\wows\\images\\ConsumableCountdown103.jpg'}
2020-04-04 12:46:14,824 : AssetManager : Registering Asset: ConsumableCountdown104, File: ConsumableCountdown104.jpg, Default Group: default, Final Config: {'load': 'preload', 'file': 'E:\\MPF\\wows\\wows\\images\\ConsumableCountdown104.jpg'}
2020-04-04 12:46:14,824 : AssetManager : Registering Asset: ConsumableCountdown105, File: ConsumableCountdown105.jpg, Default Group: default, Final Config: {'load': 'preload', 'file': 'E:\\MPF\\wows\\wows\\images\\ConsumableCountdown105.jpg'}
2020-04-04 12:46:14,824 : AssetManager : Registering Asset: ConsumableCountdown106, File: ConsumableCountdown106.jpg, Default Group: default, Final Config: {'load': 'preload', 'file': 'E:\\MPF\\wows\\wows\\images\\ConsumableCountdown106.jpg'}
2020-04-04 12:46:14,824 : AssetManager : Registering Asset: ConsumableCountdown107, File: ConsumableCountdown107.jpg, Default Group: default, Final Config: {'load': 'preload', 'file': 'E:\\MPF\\wows\\wows\\images\\ConsumableCountdown107.jpg'}
2020-04-04 12:46:14,824 : AssetManager : Registering Asset: ConsumableCountdown108, File: ConsumableCountdown108.jpg, Default Group: default, Final Config: {'load': 'preload', 'file': 'E:\\MPF\\wows\\wows\\images\\ConsumableCountdown108.jpg'}
2020-04-04 12:46:14,825 : AssetManager : Registering Asset: ConsumableCountdown109, File: ConsumableCountdown109.jpg, Default Group: default, Final Config: {'load': 'preload', 'file': 'E:\\MPF\\wows\\wows\\images\\ConsumableCountdown109.jpg'}
2020-04-04 12:46:14,825 : AssetManager : Registering Asset: ConsumableCountdown110, File: ConsumableCountdown110.jpg, Default Group: default, Final Config: {'load': 'preload', 'file': 'E:\\MPF\\wows\\wows\\images\\ConsumableCountdown110.jpg'}
2020-04-04 12:46:14,825 : AssetManager : Registering Asset: ConsumableCountdown111, File: ConsumableCountdown111.jpg, Default Group: default, Final Config: {'load': 'preload', 'file': 'E:\\MPF\\wows\\wows\\images\\ConsumableCountdown111.jpg'}
2020-04-04 12:46:14,825 : AssetManager : Registering Asset: ConsumableCountdown112, File: ConsumableCountdown112.jpg, Default Group: default, Final Config: {'load': 'preload', 'file': 'E:\\MPF\\wows\\wows\\images\\ConsumableCountdown112.jpg'}
2020-04-04 12:46:14,825 : AssetManager : Registering Asset: ConsumableCountdown113, File: ConsumableCountdown113.jpg, Default Group: default, Final Config: {'load': 'preload', 'file': 'E:\\MPF\\wows\\wows\\images\\ConsumableCountdown113.jpg'}
2020-04-04 12:46:14,825 : AssetManager : Registering Asset: ConsumableCountdown114, File: ConsumableCountdown114.jpg, Default Group: default, Final Config: {'load': 'preload', 'file': 'E:\\MPF\\wows\\wows\\images\\ConsumableCountdown114.jpg'}
2020-04-04 12:46:14,825 : AssetManager : Registering Asset: ConsumableCountdown115, File: ConsumableCountdown115.jpg, Default Group: default, Final Config: {'load': 'preload', 'file': 'E:\\MPF\\wows\\wows\\images\\ConsumableCountdown115.jpg'}
2020-04-04 12:46:14,825 : AssetManager : Registering Asset: ConsumableCountdown116, File: ConsumableCountdown116.jpg, Default Group: default, Final Config: {'load': 'preload', 'file': 'E:\\MPF\\wows\\wows\\images\\ConsumableCountdown116.jpg'}
2020-04-04 12:46:14,826 : AssetManager : Registering Asset: ConsumableCountdown117, File: ConsumableCountdown117.jpg, Default Group: default, Final Config: {'load': 'preload', 'file': 'E:\\MPF\\wows\\wows\\images\\ConsumableCountdown117.jpg'}
2020-04-04 12:46:14,826 : AssetManager : Registering Asset: ConsumableCountdown118, File: ConsumableCountdown118.jpg, Default Group: default, Final Config: {'load': 'preload', 'file': 'E:\\MPF\\wows\\wows\\images\\ConsumableCountdown118.jpg'}
2020-04-04 12:46:14,826 : AssetManager : Registering Asset: ConsumableCountdown119, File: ConsumableCountdown119.jpg, Default Group: default, Final Config: {'load': 'preload', 'file': 'E:\\MPF\\wows\\wows\\images\\ConsumableCountdown119.jpg'}
2020-04-04 12:46:14,826 : AssetManager : Registering Asset: ConsumableCountdown120, File: ConsumableCountdown120.jpg, Default Group: default, Final Config: {'load': 'preload', 'file': 'E:\\MPF\\wows\\wows\\images\\ConsumableCountdown120.jpg'}
2020-04-04 12:46:14,826 : AssetManager : Registering Asset: ConsumableCountdown121, File: ConsumableCountdown121.jpg, Default Group: default, Final Config: {'load': 'preload', 'file': 'E:\\MPF\\wows\\wows\\images\\ConsumableCountdown121.jpg'}
2020-04-04 12:46:14,826 : AssetManager : Registering Asset: ConsumableCountdown122, File: ConsumableCountdown122.jpg, Default Group: default, Final Config: {'load': 'preload', 'file': 'E:\\MPF\\wows\\wows\\images\\ConsumableCountdown122.jpg'}
2020-04-04 12:46:14,826 : AssetManager : Registering Asset: ConsumableCountdown123, File: ConsumableCountdown123.jpg, Default Group: default, Final Config: {'load': 'preload', 'file': 'E:\\MPF\\wows\\wows\\images\\ConsumableCountdown123.jpg'}
2020-04-04 12:46:14,826 : AssetManager : Registering Asset: ConsumableCountdown124, File: ConsumableCountdown124.jpg, Default Group: default, Final Config: {'load': 'preload', 'file': 'E:\\MPF\\wows\\wows\\images\\ConsumableCountdown124.jpg'}
2020-04-04 12:46:14,826 : AssetManager : Registering Asset: ConsumableCountdown125, File: ConsumableCountdown125.jpg, Default Group: default, Final Config: {'load': 'preload', 'file': 'E:\\MPF\\wows\\wows\\images\\ConsumableCountdown125.jpg'}
2020-04-04 12:46:14,827 : AssetManager : Registering Asset: ConsumableCountdown126, File: ConsumableCountdown126.jpg, Default Group: default, Final Config: {'load': 'preload', 'file': 'E:\\MPF\\wows\\wows\\images\\ConsumableCountdown126.jpg'}
2020-04-04 12:46:14,827 : AssetManager : Registering Asset: ConsumableCountdown127, File: ConsumableCountdown127.jpg, Default Group: default, Final Config: {'load': 'preload', 'file': 'E:\\MPF\\wows\\wows\\images\\ConsumableCountdown127.jpg'}
2020-04-04 12:46:14,827 : AssetManager : Registering Asset: ConsumableCountdown128, File: ConsumableCountdown128.jpg, Default Group: default, Final Config: {'load': 'preload', 'file': 'E:\\MPF\\wows\\wows\\images\\ConsumableCountdown128.jpg'}
2020-04-04 12:46:14,827 : AssetManager : Registering Asset: ConsumableCountdown129, File: ConsumableCountdown129.jpg, Default Group: default, Final Config: {'load': 'preload', 'file': 'E:\\MPF\\wows\\wows\\images\\ConsumableCountdown129.jpg'}
2020-04-04 12:46:14,827 : AssetManager : Registering Asset: ConsumableCountdown130, File: ConsumableCountdown130.jpg, Default Group: default, Final Config: {'load': 'preload', 'file': 'E:\\MPF\\wows\\wows\\images\\ConsumableCountdown130.jpg'}
2020-04-04 12:46:14,827 : AssetManager : Registering Asset: C_Prog100, File: C_Prog100.jpg, Default Group: default, Final Config: {'load': 'preload', 'file': 'E:\\MPF\\wows\\wows\\images\\C_Prog100.jpg'}
2020-04-04 12:46:14,829 : AssetManager : Registering Asset: mode_1_shot_made, File: mode_1_shot_made.gif, Default Group: default, Final Config: {'load': 'preload', 'file': 'E:\\MPF\\wows\\wows\\modes\\mode_1\\images\\mode_1_shot_made.gif'}
2020-04-04 12:46:14,830 : AssetManager : Registering Asset: mode_5_shot_made, File: mode_5_shot_made.gif, Default Group: default, Final Config: {'load': 'preload', 'file': 'E:\\MPF\\wows\\wows\\modes\\mode_5\\images\\mode_5_shot_made.gif'}
2020-04-04 12:46:14,830 : AssetManager : Registering Asset: mode_8_shot_made, File: mode_8_shot_made.gif, Default Group: default, Final Config: {'load': 'preload', 'file': 'E:\\MPF\\wows\\wows\\modes\\mode_8\\images\\mode_8_shot_made.gif'}
2020-04-04 12:46:14,831 : AssetManager : Registering Asset: mode_9_shot_made, File: mode_9_shot_made.gif, Default Group: default, Final Config: {'load': 'preload', 'file': 'E:\\MPF\\wows\\wows\\modes\\mode_9\\images\\mode_9_shot_made.gif'}
2020-04-04 12:46:14,832 : AssetManager : Registering Asset: mode_4_shot_made, File: mode_4_shot_made.gif, Default Group: default, Final Config: {'load': 'preload', 'file': 'E:\\MPF\\wows\\wows\\modes\\mode_4\\images\\mode_4_shot_made.gif'}
2020-04-04 12:46:14,833 : AssetManager : Registering Asset: mode_6_shot_made, File: mode_6_shot_made.gif, Default Group: default, Final Config: {'load': 'preload', 'file': 'E:\\MPF\\wows\\wows\\modes\\mode_6\\images\\mode_6_shot_made.gif'}
2020-04-04 12:46:14,833 : AssetManager : Registering Asset: mode_7_shot_made, File: mode_7_shot_made.gif, Default Group: default, Final Config: {'load': 'preload', 'file': 'E:\\MPF\\wows\\wows\\modes\\mode_7\\images\\mode_7_shot_made.gif'}
2020-04-04 12:46:14,834 : AssetManager : Registering Asset: mode_3_shot_made, File: mode_3_shot_made.gif, Default Group: default, Final Config: {'load': 'preload', 'file': 'E:\\MPF\\wows\\wows\\modes\\mode_3\\images\\mode_3_shot_made.gif'}
2020-04-04 12:46:14,835 : EventManager : Event: ======'init_phase_4'====== Args={}
2020-04-04 12:46:14,835 : EventManager : Event: ======'init_phase_5'====== Args={}
2020-04-04 12:46:14,850 : EventManager : Event: ======'loading_assets'====== Args={'total': 40, 'loaded': 1, 'remaining': 39, 'percent': 2}
2020-04-04 12:46:14,851 : AssetManager : Loading assets: 1/40 (2%)
2020-04-04 12:46:15,074 : EventManager : Event: ======'loading_assets'====== Args={'total': 40, 'loaded': 6, 'remaining': 34, 'percent': 15}
2020-04-04 12:46:15,074 : AssetManager : Loading assets: 6/40 (15%)
2020-04-04 12:46:15,275 : EventManager : Event: ======'loading_assets'====== Args={'total': 40, 'loaded': 32, 'remaining': 8, 'percent': 80}
2020-04-04 12:46:15,275 : AssetManager : Loading assets: 32/40 (80%)
2020-04-04 12:46:15,358 : EventManager : Event: ======'loading_assets'====== Args={'total': 40, 'loaded': 40, 'remaining': 0, 'percent': 100}
2020-04-04 12:46:15,359 : AssetManager : Asset loading took: 0.6866395473480225
2020-04-04 12:46:15,359 : EventManager : Event: ======'asset_loading_complete'====== Args={}
2020-04-04 12:46:15,359 : AssetManager : Loading assets: 40/40 (100%)
2020-04-04 12:46:15,359 : EventManager : Event: ======'init_done'====== Args={}
2020-04-04 12:46:15,359 : MPF-MC BCP Server : Starting up on localhost port 5050
2020-04-04 12:46:15,363 : MPF-MC BCP Server : Waiting for a connection...
2020-04-04 12:46:15,374 : EventManager : Event: ======'client_disconnected'====== Args={'host': '127.0.0.1', 'port': 5050}
2020-04-04 12:46:15,410 : MPF-MC BCP Server : Received connection from: 127.0.0.1:54333
2020-04-04 12:46:15,424 : EventManager : Event: ======'client_connected'====== Args={'host': '127.0.0.1', 'port': 54333}
2020-04-04 12:46:15,458 : EventManager : Event: ======'machine_var_credits_string'====== Args={'value': 'FREE PLAY', 'prev_value': None, 'change': True}
2020-04-04 12:46:15,458 : EventManager : Event: ======'machine_var_player1_score'====== Args={'value': 0, 'prev_value': None, 'change': True}
2020-04-04 12:46:15,458 : EventManager : Event: ======'machine_var_mpf_version'====== Args={'value': 'MPF v0.53.2', 'prev_value': None, 'change': True}
2020-04-04 12:46:15,458 : EventManager : Event: ======'machine_var_mpf_extended_version'====== Args={'value': 'MPF v0.53.2, Config version:5, Show version: 5, BCP version:1.1', 'prev_value': None, 'change': True}
2020-04-04 12:46:15,459 : EventManager : Event: ======'machine_var_python_version'====== Args={'value': '3.6.4', 'prev_value': None, 'change': True}
2020-04-04 12:46:15,459 : EventManager : Event: ======'machine_var_platform'====== Args={'value': 'Windows-10-10.0.18362-SP0', 'prev_value': None, 'change': True}
2020-04-04 12:46:15,459 : EventManager : Event: ======'machine_var_platform_system'====== Args={'value': 'Windows', 'prev_value': None, 'change': True}
2020-04-04 12:46:15,459 : EventManager : Event: ======'machine_var_platform_release'====== Args={'value': '10', 'prev_value': None, 'change': True}
2020-04-04 12:46:15,459 : EventManager : Event: ======'machine_var_platform_version'====== Args={'value': '10.0.18362', 'prev_value': None, 'change': True}
2020-04-04 12:46:15,459 : EventManager : Event: ======'machine_var_platform_machine'====== Args={'value': 'AMD64', 'prev_value': None, 'change': True}
2020-04-04 12:46:15,459 : EventManager : Event: ======'machine_var_mc_version'====== Args={'value': 'MPF-MC v0.53.0', 'prev_value': None, 'change': True}
2020-04-04 12:46:15,460 : EventManager : Event: ======'machine_var_mc_extended_version'====== Args={'value': 'MPF-MC v0.53.0 (config_version=5, BCP v1.1, Requires MPF v0.53.0)', 'prev_value': None, 'change': True}
2020-04-04 12:46:15,460 : EventManager : Event: ======'machine_var_master_volume'====== Args={'value': 0.5, 'prev_value': None, 'change': True}
2020-04-04 12:46:15,471 : mpfmc : Stopping...
2020-04-04 12:46:15,472 : EventManager : Event: ======'shutdown'====== Args={}
2020-04-04 12:46:15,582 : mpfmc : Loop rate 44.02 Hz
2020-04-04 12:46:15,586 : kivy : Base: Leaving application in progress...
2020-04-04 12:46:15,586 : kivy : WindowSDL: exiting mainloop and closing.
2020-04-04 12:46:15,606 : mpfmc : Stopping...
2020-04-04 12:46:15,606 : EventManager : Event: ======'shutdown'====== Args={}
2020-04-04 12:46:15,606 : mpfmc : Loop rate 43.96 Hz
2020-04-04 12:46:15,606 : kivy : MC run loop ended.
2020-04-04 12:46:15,606 : kivy : Stopping child threads... (2 remaining)
2020-04-04 12:46:16,427 : MPF-MC BCP Server : Stopping BCP sending thread
2020-04-04 12:46:16,511 : kivy : All child threads stopped.
