2020-07-08 11:14:18,881 : kivy : Factory: 184 symbols loaded
2020-07-08 11:14:18,982 : kivy : ImageLoaderFFPy: Using ffpyplayer 4.3.1
2020-07-08 11:14:18,983 : kivy : Image: Providers: img_tex, img_dds, img_sdl2, img_pil, img_ffpyplayer, img_gif 
2020-07-08 11:14:19,027 : kivy : VideoGstplayer: Using Gstreamer 1.16.0.0
2020-07-08 11:14:19,027 : kivy : Video: Provider: gstplayer
2020-07-08 11:14:19,091 : kivy : Loading MPF-MC controller
2020-07-08 11:14:19,093 : YamlMultifileConfigLoader : Machine config file #1: config
2020-07-08 11:14:19,094 : ConfigProcessor : Config file in cache changed: E:\MPF\wows\wows\config\config
2020-07-08 11:14:19,094 : ConfigProcessor : Loading config from file c:\users\schol\appdata\local\programs\python\python36\lib\site-packages\mpfmc\mcconfig.yaml.
2020-07-08 11:14:19,131 : ConfigProcessor : Loading config: c:\users\schol\appdata\local\programs\python\python36\lib\site-packages\mpfmc\mcconfig.yaml
2020-07-08 11:14:19,132 : ConfigProcessor : Loading config from file E:\MPF\wows\wows\config\config.
2020-07-08 11:14:19,286 : ConfigProcessor : Loading config: E:\MPF\wows\wows\config\config
2020-07-08 11:14:19,289 : ConfigProcessor : Config file cache created: C:\Users\schol\AppData\Local\Temp\051200dc57c22661ccd061bb2017f3a6.mpf_cache
2020-07-08 11:14:19,289 : ConfigProcessor : Loading config from cache: C:\Users\schol\AppData\Local\Temp\d7d60495530237b374578b281bb65f31.mpf_cache
2020-07-08 11:14:19,289 : ConfigProcessor : Loading config from cache: C:\Users\schol\AppData\Local\Temp\cd9adc04f71a18563c8a43d82180f6f2.mpf_cache
2020-07-08 11:14:19,290 : ConfigProcessor : Loading config from cache: C:\Users\schol\AppData\Local\Temp\d7d60495530237b374578b281bb65f31.mpf_cache
2020-07-08 11:14:19,290 : ConfigProcessor : Loading config from cache: C:\Users\schol\AppData\Local\Temp\4bea832e3562a43fbe38f9764d71c298.mpf_cache
2020-07-08 11:14:19,291 : ConfigProcessor : Config file in cache changed: E:\MPF\wows\wows\modes\match\config\match.yaml
2020-07-08 11:14:19,291 : ConfigProcessor : Loading config from file c:\users\schol\appdata\local\programs\python\python36\lib\site-packages\mpf\modes\match\config\match.yaml.
2020-07-08 11:14:19,292 : ConfigProcessor : Loading config: c:\users\schol\appdata\local\programs\python\python36\lib\site-packages\mpf\modes\match\config\match.yaml
2020-07-08 11:14:19,293 : ConfigProcessor : Loading config from file E:\MPF\wows\wows\modes\match\config\match.yaml.
