2020-08-09 22:13:21,570 : INFO : root : Loading config.
2020-08-09 22:13:21,573 : INFO : YamlMultifileConfigLoader : Machine config file #1: config.yaml
2020-08-09 22:13:21,573 : INFO : ConfigProcessor : Loading config from cache: C:\Users\schol\AppData\Local\Temp\1ed54315bc874a19390ba34e1a0f1800.mpf_cache
2020-08-09 22:13:21,651 : INFO : ConfigProcessor : Loading config from cache: C:\Users\schol\AppData\Local\Temp\d7d60495530237b374578b281bb65f31.mpf_cache
2020-08-09 22:13:21,652 : INFO : ConfigProcessor : Loading config from cache: C:\Users\schol\AppData\Local\Temp\cd9adc04f71a18563c8a43d82180f6f2.mpf_cache
2020-08-09 22:13:21,652 : INFO : ConfigProcessor : Loading config from cache: C:\Users\schol\AppData\Local\Temp\d7d60495530237b374578b281bb65f31.mpf_cache
2020-08-09 22:13:21,652 : INFO : ConfigProcessor : Loading config from cache: C:\Users\schol\AppData\Local\Temp\4bea832e3562a43fbe38f9764d71c298.mpf_cache
2020-08-09 22:13:21,653 : INFO : ConfigProcessor : Loading config from cache: C:\Users\schol\AppData\Local\Temp\45b3b9aa5591eaef8a230445e70fa468.mpf_cache
2020-08-09 22:13:21,653 : INFO : ConfigProcessor : Loading config from cache: C:\Users\schol\AppData\Local\Temp\dec453850496132f8dddcdfa0a36feb5.mpf_cache
2020-08-09 22:13:21,654 : INFO : ConfigProcessor : Loading config from cache: C:\Users\schol\AppData\Local\Temp\72e9fea1cb562e40024eb5e8538ccaf2.mpf_cache
2020-08-09 22:13:21,654 : INFO : ConfigProcessor : Loading config from cache: C:\Users\schol\AppData\Local\Temp\1ff29be1d22fb14fe5fd1c82a6918df4.mpf_cache
2020-08-09 22:13:21,655 : INFO : ConfigProcessor : Loading config from cache: C:\Users\schol\AppData\Local\Temp\f0ffd5ecaddfe34035bf3b1779215a88.mpf_cache
2020-08-09 22:13:21,657 : INFO : ConfigProcessor : Loading config from cache: C:\Users\schol\AppData\Local\Temp\b0de444617e3bf30a07f755a6d4831cc.mpf_cache
2020-08-09 22:13:21,657 : INFO : ConfigProcessor : Loading config from cache: C:\Users\schol\AppData\Local\Temp\200a9b2dddbe7706ffb4c4426b6d54a8.mpf_cache
2020-08-09 22:13:21,657 : INFO : ConfigProcessor : Loading config from cache: C:\Users\schol\AppData\Local\Temp\5ab98d4be1e8de85bea62364890eb2e9.mpf_cache
2020-08-09 22:13:21,658 : INFO : ConfigProcessor : Loading config from cache: C:\Users\schol\AppData\Local\Temp\4303dca7489148da2d256fc831cf8c96.mpf_cache
2020-08-09 22:13:21,658 : INFO : ConfigProcessor : Loading config from cache: C:\Users\schol\AppData\Local\Temp\e8fceecd8f65a6a7269e98c7961bbf6a.mpf_cache
2020-08-09 22:13:21,658 : INFO : ConfigProcessor : Loading config from cache: C:\Users\schol\AppData\Local\Temp\c84d6d08bf6f923cbcccfeeea02d2c8a.mpf_cache
2020-08-09 22:13:21,658 : INFO : ConfigProcessor : Loading config from cache: C:\Users\schol\AppData\Local\Temp\159a0b7ffc6de2ed1a8cdcd57b7df3c0.mpf_cache
2020-08-09 22:13:21,660 : INFO : ConfigProcessor : Loading config from cache: C:\Users\schol\AppData\Local\Temp\b1234e2c44a33609dc2af4760c4a3f89.mpf_cache
2020-08-09 22:13:21,661 : INFO : ConfigProcessor : Loading config from cache: C:\Users\schol\AppData\Local\Temp\466eddfec572894d9eb472ce07aa5fba.mpf_cache
2020-08-09 22:13:21,661 : INFO : ConfigProcessor : Loading config from cache: C:\Users\schol\AppData\Local\Temp\93429a2a8e0859f6546b68f40c2a4656.mpf_cache
2020-08-09 22:13:21,661 : INFO : ConfigProcessor : Loading config from cache: C:\Users\schol\AppData\Local\Temp\95ae88fb094583fa2b4097c6df179650.mpf_cache
2020-08-09 22:13:21,661 : INFO : ConfigProcessor : Loading config from cache: C:\Users\schol\AppData\Local\Temp\de2d3fc178b15ce3807fa4ab35b9c965.mpf_cache
2020-08-09 22:13:21,662 : INFO : ConfigProcessor : Loading config from cache: C:\Users\schol\AppData\Local\Temp\0c80ca2179989d09b86c78c19ec87d9b.mpf_cache
2020-08-09 22:13:21,663 : INFO : ConfigProcessor : Loading config from cache: C:\Users\schol\AppData\Local\Temp\95e265efe14e4eb05d8d5c5689c9ae6b.mpf_cache
2020-08-09 22:13:21,663 : INFO : ConfigProcessor : Loading config from cache: C:\Users\schol\AppData\Local\Temp\ba047bbdc168fca96d58d351c4240916.mpf_cache
2020-08-09 22:13:21,664 : INFO : ConfigProcessor : Loading config from cache: C:\Users\schol\AppData\Local\Temp\7c1900736275ba8a713cfe77e991e929.mpf_cache
2020-08-09 22:13:21,664 : INFO : ConfigProcessor : Loading config from cache: C:\Users\schol\AppData\Local\Temp\db3d1ab92e5d5c563b40d82372434517.mpf_cache
2020-08-09 22:13:21,665 : INFO : ConfigProcessor : Loading config from cache: C:\Users\schol\AppData\Local\Temp\efcf079e5af2b94e88dae4e07273acc8.mpf_cache
2020-08-09 22:13:21,666 : INFO : ConfigProcessor : Loading config from cache: C:\Users\schol\AppData\Local\Temp\6d62665f0d27f04673542af594d4fd9b.mpf_cache
2020-08-09 22:13:21,666 : INFO : ConfigProcessor : Loading config from cache: C:\Users\schol\AppData\Local\Temp\ff8f94bde3fa94916ad1b7409fed77bd.mpf_cache
2020-08-09 22:13:21,667 : INFO : ConfigProcessor : Loading config from cache: C:\Users\schol\AppData\Local\Temp\804b9a1ad2b0368c8378a1697de79431.mpf_cache
2020-08-09 22:13:21,667 : INFO : ConfigProcessor : Loading config from cache: C:\Users\schol\AppData\Local\Temp\3f05176740ce9b1ce630d9f26057f472.mpf_cache
2020-08-09 22:13:21,667 : INFO : ConfigProcessor : Loading config from cache: C:\Users\schol\AppData\Local\Temp\d75c6855c6bfc342a42171d44ee55d0f.mpf_cache
2020-08-09 22:13:21,668 : INFO : ConfigProcessor : Loading config from cache: C:\Users\schol\AppData\Local\Temp\add867c5df761e1504adb97d6f9bf236.mpf_cache
2020-08-09 22:13:21,668 : INFO : ConfigProcessor : Loading config from cache: C:\Users\schol\AppData\Local\Temp\c03af884f77fd2edff48f1f1b29a0001.mpf_cache
2020-08-09 22:13:21,669 : INFO : ConfigProcessor : Loading config from cache: C:\Users\schol\AppData\Local\Temp\125cf4d7d8d0f7b14ac4e9b5c5fc6dd9.mpf_cache
2020-08-09 22:13:21,669 : INFO : ConfigProcessor : Loading config from cache: C:\Users\schol\AppData\Local\Temp\e98bbe1017594ac8f5dc55070bdaec1b.mpf_cache
2020-08-09 22:13:21,670 : INFO : ConfigProcessor : Loading config from cache: C:\Users\schol\AppData\Local\Temp\540f9a41a139edc7fb3c0d3fef764d79.mpf_cache
2020-08-09 22:13:21,670 : INFO : ConfigProcessor : Loading config from cache: C:\Users\schol\AppData\Local\Temp\66310f6b7da6aa9e1e12a092b4e5ea1e.mpf_cache
2020-08-09 22:13:21,670 : INFO : ConfigProcessor : Loading config from cache: C:\Users\schol\AppData\Local\Temp\e39b84c1f1807716ec310701a6bf0d73.mpf_cache
2020-08-09 22:13:21,671 : INFO : ConfigProcessor : Loading config from cache: C:\Users\schol\AppData\Local\Temp\a3a3c1b8b3198ac6ffa6b5064057ae07.mpf_cache
2020-08-09 22:13:21,671 : INFO : ConfigProcessor : Loading config from cache: C:\Users\schol\AppData\Local\Temp\4eebc146e222c8d9b7fa4d2858e69ea1.mpf_cache
2020-08-09 22:13:21,671 : INFO : ConfigProcessor : Loading config from cache: C:\Users\schol\AppData\Local\Temp\e126248c44ebfdee710b05c2b7d5fe82.mpf_cache
2020-08-09 22:13:21,672 : INFO : ConfigProcessor : Loading config from cache: C:\Users\schol\AppData\Local\Temp\69ecee52b21d2a851426dcc7135d38ea.mpf_cache
2020-08-09 22:13:21,672 : INFO : ConfigProcessor : Loading config from cache: C:\Users\schol\AppData\Local\Temp\56ece61e32d3cc2ed53dd325a47460b4.mpf_cache
2020-08-09 22:13:21,673 : INFO : ConfigProcessor : Loading config from cache: C:\Users\schol\AppData\Local\Temp\d0b1dbeaceec3deef73ab0fce07cd740.mpf_cache
2020-08-09 22:13:21,673 : INFO : ConfigProcessor : Loading config from cache: C:\Users\schol\AppData\Local\Temp\3d3afc7fea552c2bae3e6e1d92aa1a26.mpf_cache
2020-08-09 22:13:21,673 : INFO : ConfigProcessor : Loading config from cache: C:\Users\schol\AppData\Local\Temp\4bd243ad0d8c16d00a837306cf5c3d29.mpf_cache
2020-08-09 22:13:21,674 : INFO : ConfigProcessor : Loading config from cache: C:\Users\schol\AppData\Local\Temp\7f312b640f6d5109d8d1be2a05f128e8.mpf_cache
2020-08-09 22:13:21,674 : INFO : ConfigProcessor : Loading config from cache: C:\Users\schol\AppData\Local\Temp\67980d6a57506cd4da44486112b91bec.mpf_cache
2020-08-09 22:13:21,675 : INFO : ConfigProcessor : Loading config from cache: C:\Users\schol\AppData\Local\Temp\9ec3c911ae7e15f7065133c529810f95.mpf_cache
2020-08-09 22:13:21,675 : INFO : ConfigProcessor : Loading config from cache: C:\Users\schol\AppData\Local\Temp\930069940b749f97f86d219b2ddeacf1.mpf_cache
2020-08-09 22:13:21,676 : INFO : ConfigProcessor : Loading config from cache: C:\Users\schol\AppData\Local\Temp\650f26d6333e64d21657a8ef260f5acf.mpf_cache
2020-08-09 22:13:21,676 : INFO : ConfigProcessor : Loading config from cache: C:\Users\schol\AppData\Local\Temp\7fe69373349de136ea08d265848ee2de.mpf_cache
2020-08-09 22:13:21,676 : INFO : ConfigProcessor : Loading config from cache: C:\Users\schol\AppData\Local\Temp\24196d5bffa5766d9b4a62f9ae23e660.mpf_cache
2020-08-09 22:13:21,677 : INFO : ConfigProcessor : Loading config from cache: C:\Users\schol\AppData\Local\Temp\5f56171e4007003f2e0029bfa218d47c.mpf_cache
2020-08-09 22:13:21,677 : INFO : ConfigProcessor : Loading config from cache: C:\Users\schol\AppData\Local\Temp\9828dc3aacab1158f9e233d43cb3fe1f.mpf_cache
2020-08-09 22:13:21,677 : WARNING : ConfigProcessor : Config file in cache changed: E:\MPF\wows\wows\shows\.\sh_jackpot_to_super.yaml
2020-08-09 22:13:21,677 : INFO : ConfigProcessor : Loading config from file E:\MPF\wows\wows\shows\.\sh_jackpot_to_super.yaml.
