2020-12-30 13:57:28,680 : kivy : Factory: 184 symbols loaded
2020-12-30 13:57:28,790 : kivy : ImageLoaderFFPy: Using ffpyplayer 4.3.1
2020-12-30 13:57:28,790 : kivy : Image: Providers: img_tex, img_dds, img_sdl2, img_pil, img_ffpyplayer, img_gif 
2020-12-30 13:57:28,841 : kivy : VideoGstplayer: Using Gstreamer 1.16.0.0
2020-12-30 13:57:28,841 : kivy : Video: Provider: gstplayer
2020-12-30 13:57:28,910 : kivy : Loading MPF-MC controller
2020-12-30 13:57:28,913 : YamlMultifileConfigLoader : Machine config file #1: config
2020-12-30 13:57:28,913 : ConfigProcessor : Config file in cache changed: E:\MPF\wows\wows\config\config
2020-12-30 13:57:28,913 : ConfigProcessor : Loading config from file c:\users\schol\appdata\local\programs\python\python36\lib\site-packages\mpfmc\mcconfig.yaml.
2020-12-30 13:57:28,951 : ConfigProcessor : Loading config: c:\users\schol\appdata\local\programs\python\python36\lib\site-packages\mpfmc\mcconfig.yaml
2020-12-30 13:57:28,951 : ConfigProcessor : Loading config from file E:\MPF\wows\wows\config\config.
2020-12-30 13:57:29,142 : ConfigProcessor : Loading config: E:\MPF\wows\wows\config\config
2020-12-30 13:57:29,177 : ConfigProcessor : Loading config: E:\MPF\wows\wows\config\config_mode_support.yaml
2020-12-30 13:57:29,202 : ConfigProcessor : Loading config: E:\MPF\wows\wows\config\config_hc_support.yaml
2020-12-30 13:57:29,207 : ConfigProcessor : Config file cache created: C:\Users\schol\AppData\Local\Temp\051200dc57c22661ccd061bb2017f3a6.mpf_cache
2020-12-30 13:57:29,208 : ConfigProcessor : Loading config from cache: C:\Users\schol\AppData\Local\Temp\d7d60495530237b374578b281bb65f31.mpf_cache
2020-12-30 13:57:29,208 : ConfigProcessor : Loading config from cache: C:\Users\schol\AppData\Local\Temp\cd9adc04f71a18563c8a43d82180f6f2.mpf_cache
2020-12-30 13:57:29,209 : ConfigProcessor : Loading config from cache: C:\Users\schol\AppData\Local\Temp\d7d60495530237b374578b281bb65f31.mpf_cache
2020-12-30 13:57:29,209 : ConfigProcessor : Loading config from cache: C:\Users\schol\AppData\Local\Temp\4bea832e3562a43fbe38f9764d71c298.mpf_cache
2020-12-30 13:57:29,210 : ConfigProcessor : Loading config from cache: C:\Users\schol\AppData\Local\Temp\45b3b9aa5591eaef8a230445e70fa468.mpf_cache
2020-12-30 13:57:29,210 : ConfigProcessor : Loading config from cache: C:\Users\schol\AppData\Local\Temp\dec453850496132f8dddcdfa0a36feb5.mpf_cache
2020-12-30 13:57:29,211 : ConfigProcessor : Loading config from cache: C:\Users\schol\AppData\Local\Temp\72e9fea1cb562e40024eb5e8538ccaf2.mpf_cache
2020-12-30 13:57:29,211 : ConfigProcessor : Loading config from cache: C:\Users\schol\AppData\Local\Temp\1ff29be1d22fb14fe5fd1c82a6918df4.mpf_cache
2020-12-30 13:57:29,211 : ConfigProcessor : Loading config from cache: C:\Users\schol\AppData\Local\Temp\f0ffd5ecaddfe34035bf3b1779215a88.mpf_cache
2020-12-30 13:57:29,212 : ConfigProcessor : Loading config from cache: C:\Users\schol\AppData\Local\Temp\b0de444617e3bf30a07f755a6d4831cc.mpf_cache
2020-12-30 13:57:29,212 : ConfigProcessor : Loading config from cache: C:\Users\schol\AppData\Local\Temp\200a9b2dddbe7706ffb4c4426b6d54a8.mpf_cache
2020-12-30 13:57:29,212 : ConfigProcessor : Loading config from cache: C:\Users\schol\AppData\Local\Temp\5ab98d4be1e8de85bea62364890eb2e9.mpf_cache
2020-12-30 13:57:29,213 : ConfigProcessor : Loading config from cache: C:\Users\schol\AppData\Local\Temp\4303dca7489148da2d256fc831cf8c96.mpf_cache
2020-12-30 13:57:29,213 : ConfigProcessor : Loading config from cache: C:\Users\schol\AppData\Local\Temp\e8fceecd8f65a6a7269e98c7961bbf6a.mpf_cache
2020-12-30 13:57:29,214 : ConfigProcessor : Loading config from cache: C:\Users\schol\AppData\Local\Temp\c84d6d08bf6f923cbcccfeeea02d2c8a.mpf_cache
2020-12-30 13:57:29,214 : ConfigProcessor : Loading config from cache: C:\Users\schol\AppData\Local\Temp\159a0b7ffc6de2ed1a8cdcd57b7df3c0.mpf_cache
2020-12-30 13:57:29,214 : ConfigProcessor : Loading config from cache: C:\Users\schol\AppData\Local\Temp\b1234e2c44a33609dc2af4760c4a3f89.mpf_cache
2020-12-30 13:57:29,215 : ConfigProcessor : Loading config from cache: C:\Users\schol\AppData\Local\Temp\466eddfec572894d9eb472ce07aa5fba.mpf_cache
2020-12-30 13:57:29,215 : ConfigProcessor : Loading config from cache: C:\Users\schol\AppData\Local\Temp\93429a2a8e0859f6546b68f40c2a4656.mpf_cache
2020-12-30 13:57:29,216 : ConfigProcessor : Loading config from cache: C:\Users\schol\AppData\Local\Temp\95ae88fb094583fa2b4097c6df179650.mpf_cache
2020-12-30 13:57:29,216 : ConfigProcessor : Loading config from cache: C:\Users\schol\AppData\Local\Temp\de2d3fc178b15ce3807fa4ab35b9c965.mpf_cache
2020-12-30 13:57:29,217 : ConfigProcessor : Loading config from cache: C:\Users\schol\AppData\Local\Temp\0c80ca2179989d09b86c78c19ec87d9b.mpf_cache
2020-12-30 13:57:29,218 : ConfigProcessor : Loading config from cache: C:\Users\schol\AppData\Local\Temp\95e265efe14e4eb05d8d5c5689c9ae6b.mpf_cache
2020-12-30 13:57:29,218 : ConfigProcessor : Loading config from cache: C:\Users\schol\AppData\Local\Temp\ba047bbdc168fca96d58d351c4240916.mpf_cache
2020-12-30 13:57:29,218 : ConfigProcessor : Loading config from cache: C:\Users\schol\AppData\Local\Temp\7c1900736275ba8a713cfe77e991e929.mpf_cache
2020-12-30 13:57:29,219 : ConfigProcessor : Loading config from cache: C:\Users\schol\AppData\Local\Temp\db3d1ab92e5d5c563b40d82372434517.mpf_cache
2020-12-30 13:57:29,219 : ConfigProcessor : Loading config from cache: C:\Users\schol\AppData\Local\Temp\78980531363184480bbd7075661ced33.mpf_cache
2020-12-30 13:57:29,220 : ConfigProcessor : Loading config from cache: C:\Users\schol\AppData\Local\Temp\efcf079e5af2b94e88dae4e07273acc8.mpf_cache
2020-12-30 13:57:29,220 : mpfmc : Mission Pinball Framework Media Controller v0.54.0-dev.7
2020-12-30 13:57:29,220 : mpfmc : Mission Pinball Framework Game Engine v0.54.0-dev.33
2020-12-30 13:57:29,220 : mpfmc : Machine path: E:\MPF\wows\wows
2020-12-30 13:57:29,220 : mpfmc : Starting clock at 60.0Hz
2020-12-30 13:57:29,232 : kivy : Text: Provider: sdl2
2020-12-30 13:57:29,269 : kivy : Window: Provider: sdl2
2020-12-30 13:57:29,427 : kivy : GL: Using the "OpenGL" graphics system
2020-12-30 13:57:29,434 : kivy : GL: GLEW initialization succeeded
2020-12-30 13:57:29,434 : kivy : GL: Backend used <glew>
2020-12-30 13:57:29,434 : kivy : GL: OpenGL version <b'4.6.0 NVIDIA 456.71'>
2020-12-30 13:57:29,434 : kivy : GL: OpenGL vendor <b'NVIDIA Corporation'>
2020-12-30 13:57:29,434 : kivy : GL: OpenGL renderer <b'GeForce GTX 1060 6GB/PCIe/SSE2'>
2020-12-30 13:57:29,434 : kivy : GL: OpenGL parsed version: 4, 6
2020-12-30 13:57:29,435 : kivy : GL: Shading version <b'4.60 NVIDIA'>
2020-12-30 13:57:29,435 : kivy : GL: Texture max size <32768>
2020-12-30 13:57:29,435 : kivy : GL: Texture max units <32>
2020-12-30 13:57:29,456 : kivy : Window: auto add sdl2 input provider
2020-12-30 13:57:29,456 : kivy : Window: virtual keyboard not allowed, single mode, not docked
2020-12-30 13:57:29,686 : AudioInterface : Initialized
2020-12-30 13:57:29,687 : kivy : '>' not supported between instances of 'float' and 'str'
Traceback (most recent call last):
  File "c:\users\schol\appdata\local\programs\python\python36\lib\site-packages\mpfmc\commands\mc.py", line 224, in __init__
    thread_stopper=thread_stopper).run()
  File "c:\users\schol\appdata\local\programs\python\python36\lib\site-packages\mpfmc\core\mc.py", line 167, in __init__
    self.sound_system = SoundSystem(self)
  File "c:\users\schol\appdata\local\programs\python\python36\lib\site-packages\mpfmc\core\audio\__init__.py", line 108, in __init__
    self.master_volume = self.config['master_volume']
  File "c:\users\schol\appdata\local\programs\python\python36\lib\site-packages\mpfmc\core\audio\__init__.py", line 147, in master_volume
    value = min(max(value, 0.0), 1.0)
TypeError: '>' not supported between instances of 'float' and 'str'
2020-12-30 13:57:29,688 : kivy : Stopping child threads... (0 remaining)
2020-12-30 13:57:29,688 : kivy : All child threads stopped.
