2020-02-17 19:03:06,998 : INFO : Machine : Mission Pinball Framework Core Engine v0.53.2
2020-02-17 19:03:06,998 : INFO : Machine : Command line arguments: {'no_load_cache': False, 'create_config_cache': True, 'bcp': True, 'configfile': ['config.yaml'], 'mpfconfigfile': 'c:\\users\\schol\\appdata\\local\\programs\\python\\python36\\lib\\site-packages\\mpf\\mpfconfig.yaml', 'force_assets_load': False, 'jsonlogging': False, 'logfile': 'logs\\2020-02-17-19-03-06-mpf-DESKTOP-FPTMTCL.log', 'pause': False, 'production': False, 'text_ui': True, 'loglevel': 15, 'consoleloglevel': 20, 'force_platform': 'smart_virtual', 'syslog_address': None, 'mc_file_name': None, 'no_sound': False}
2020-02-17 19:03:06,998 : INFO : Machine : MPF path: c:\users\schol\appdata\local\programs\python\python36\lib\site-packages\mpf
2020-02-17 19:03:06,998 : INFO : Machine : Machine path: E:\mpf\wows\wows
2020-02-17 19:03:06,998 : INFO : Machine : Platform: win32
2020-02-17 19:03:06,998 : INFO : Machine : Python executable location: c:\users\schol\appdata\local\programs\python\python36\python.exe
2020-02-17 19:03:06,998 : INFO : Machine : Python version: 3.6.4 (64-bit)
2020-02-17 19:03:06,998 : INFO : Machine : Machine config file #1: config.yaml
2020-02-17 19:03:06,999 : WARNING : ConfigProcessor : Config file in cache changed: E:\mpf\wows\wows\config\config.yaml
2020-02-17 19:03:06,999 : INFO : ConfigProcessor : Loading config from file c:\users\schol\appdata\local\programs\python\python36\lib\site-packages\mpf\mpfconfig.yaml.
2020-02-17 19:03:07,063 : INFO : ConfigProcessor : Loading config: c:\users\schol\appdata\local\programs\python\python36\lib\site-packages\mpf\mpfconfig.yaml
2020-02-17 19:03:07,071 : INFO : ConfigProcessor : Loading config from file E:\mpf\wows\wows\config\config.yaml.
2020-02-17 19:03:07,160 : INFO : ConfigProcessor : Loading config: E:\mpf\wows\wows\config\config.yaml
2020-02-17 19:03:07,162 : INFO : ConfigProcessor : Config file cache created: C:\Users\schol\AppData\Local\Temp\a7e9e9e882fa7eca7cb0ba00eaf15121.mpf_cache
2020-02-17 19:03:07,164 : INFO : Machine : Initialise MPF.
2020-02-17 19:03:07,662 : INFO : EventManager : Event: ======'machine_var_credits_string'====== Args={'value': 'FREE PLAY', 'prev_value': None, 'change': True}
2020-02-17 19:03:07,697 : INFO : EventManager : Event: ======'machine_var_player1_score'====== Args={'value': 0, 'prev_value': None, 'change': True}
2020-02-17 19:03:07,697 : INFO : EventManager : Event: ======'machine_var_mpf_version'====== Args={'value': 'MPF v0.53.2', 'prev_value': None, 'change': True}
2020-02-17 19:03:07,697 : INFO : EventManager : Event: ======'machine_var_mpf_extended_version'====== Args={'value': 'MPF v0.53.2, Config version:5, Show version: 5, BCP version:1.1', 'prev_value': None, 'change': True}
2020-02-17 19:03:07,697 : INFO : EventManager : Event: ======'machine_var_python_version'====== Args={'value': '3.6.4', 'prev_value': None, 'change': True}
2020-02-17 19:03:07,697 : INFO : EventManager : Event: ======'machine_var_platform'====== Args={'value': 'Windows-10-10.0.18362-SP0', 'prev_value': None, 'change': True}
2020-02-17 19:03:07,697 : INFO : EventManager : Event: ======'machine_var_platform_system'====== Args={'value': 'Windows', 'prev_value': None, 'change': True}
2020-02-17 19:03:07,697 : INFO : EventManager : Event: ======'machine_var_platform_release'====== Args={'value': '10', 'prev_value': None, 'change': True}
2020-02-17 19:03:07,697 : INFO : EventManager : Event: ======'machine_var_platform_version'====== Args={'value': '10.0.18362', 'prev_value': None, 'change': True}
2020-02-17 19:03:07,697 : INFO : EventManager : Event: ======'machine_var_platform_machine'====== Args={'value': 'AMD64', 'prev_value': None, 'change': True}
2020-02-17 19:03:07,697 : INFO : EventManager : Event: ======'init_phase_1'====== Args={}
2020-02-17 19:03:07,732 : INFO : ConfigProcessor : Loading config from cache: C:\Users\schol\AppData\Local\Temp\6e6d4708a613edd7635d35a6961997f3.mpf_cache
2020-02-17 19:03:07,734 : INFO : ConfigProcessor : Loading config from cache: C:\Users\schol\AppData\Local\Temp\4aeaa69609f53d9b71d1dbbedd434b0b.mpf_cache
2020-02-17 19:03:07,736 : INFO : ConfigProcessor : Loading config from cache: C:\Users\schol\AppData\Local\Temp\2f7452aae1b2779bb4a1388fc419c0c8.mpf_cache
2020-02-17 19:03:07,738 : INFO : ConfigProcessor : Loading config from cache: C:\Users\schol\AppData\Local\Temp\a6527a592b6034dbfea56fdf726c3822.mpf_cache
2020-02-17 19:03:07,740 : WARNING : ConfigProcessor : Config file in cache changed: E:\mpf\wows\wows\modes\battle\config\battle.yaml
2020-02-17 19:03:07,740 : INFO : ConfigProcessor : Loading config from file E:\mpf\wows\wows\modes\battle\config\battle.yaml.
2020-02-17 19:03:07,748 : INFO : ConfigProcessor : Loading config: E:\mpf\wows\wows\modes\battle\config\battle.yaml
2020-02-17 19:03:07,748 : INFO : ConfigProcessor : Config file cache created: C:\Users\schol\AppData\Local\Temp\61baf56902d438563ed6aa6cb9015dcd.mpf_cache
2020-02-17 19:03:07,750 : INFO : ConfigProcessor : Loading config from cache: C:\Users\schol\AppData\Local\Temp\5c4497fcd69d1d656c4b69a28e44c490.mpf_cache
2020-02-17 19:03:07,754 : INFO : ConfigProcessor : Loading config from cache: C:\Users\schol\AppData\Local\Temp\fbcc5772262340622f93ebd98450e45f.mpf_cache
2020-02-17 19:03:07,756 : INFO : ConfigProcessor : Loading config from cache: C:\Users\schol\AppData\Local\Temp\f9a57b3955e1480227d6e8589f6567c4.mpf_cache
2020-02-17 19:03:07,758 : INFO : ConfigProcessor : Loading config from cache: C:\Users\schol\AppData\Local\Temp\5dbeda7d2775496a54d206d506904281.mpf_cache
2020-02-17 19:03:07,760 : INFO : ConfigProcessor : Loading config from cache: C:\Users\schol\AppData\Local\Temp\1e6cc6775e87a3e14ded8d45fd065b10.mpf_cache
2020-02-17 19:03:07,762 : INFO : ConfigProcessor : Loading config from cache: C:\Users\schol\AppData\Local\Temp\d5fd805c5432c1441bf01a6268536a3d.mpf_cache
2020-02-17 19:03:07,766 : INFO : ConfigProcessor : Loading config from cache: C:\Users\schol\AppData\Local\Temp\97f63c0afcbce8d9df7044fccf1035a4.mpf_cache
2020-02-17 19:03:07,796 : INFO : EventManager : Event: ======'init_phase_2'====== Args={}
2020-02-17 19:03:07,797 : INFO : SwitchController : Found active switch: ('2', <Platform.SmartVirtual>)
2020-02-17 19:03:07,797 : INFO : SwitchController : Found active switch: ('3', <Platform.SmartVirtual>)
2020-02-17 19:03:07,797 : INFO : SwitchController : Found active switch: ('4', <Platform.SmartVirtual>)
2020-02-17 19:03:07,797 : INFO : SwitchController : Found active switch: ('5', <Platform.SmartVirtual>)
2020-02-17 19:03:07,797 : INFO : SwitchController : Found active switch: ('6', <Platform.SmartVirtual>)
2020-02-17 19:03:07,797 : INFO : SwitchController : Found active switch: ('7', <Platform.SmartVirtual>)
2020-02-17 19:03:07,803 : INFO : EventManager : Event: ======'bcp_connection_attempt'====== Args={'name': 'local_display', 'host': 'localhost', 'port': 5050}
2020-02-17 19:03:07,805 : INFO : BCPClientSocket : Connecting BCP to 'local_display' at localhost:5050...
2020-02-17 19:03:09,831 : INFO : BCPClientSocket : Connected BCP to 'local_display' localhost:5050
2020-02-17 19:03:09,831 : INFO : EventManager : Event: ======'bcp_clients_connected'====== Args={}
2020-02-17 19:03:09,845 : INFO : EventManager : Event: ======'machine_var_mc_version'====== Args={'value': 'MPF-MC v0.53.0', 'prev_value': None, 'change': True}
2020-02-17 19:03:09,846 : INFO : EventManager : Event: ======'machine_var_mc_extended_version'====== Args={'value': 'MPF-MC v0.53.0 (config_version=5, BCP v1.1, Requires MPF v0.53.0)', 'prev_value': None, 'change': True}
2020-02-17 19:03:09,847 : INFO : EventManager : Event: ======'machine_var_master_volume'====== Args={'value': 0.5, 'prev_value': None, 'change': True}
2020-02-17 19:03:09,891 : INFO : EventManager : Event: ======'init_phase_3'====== Args={}
2020-02-17 19:03:09,891 : INFO : AssetManager : Registering Asset: mode_countdown, File: mode_countdown.yaml, Default Group: default, Final Config: {'load': 'preload', 'file': 'E:\\mpf\\wows\\wows\\shows\\mode_countdown.yaml'}
2020-02-17 19:03:09,891 : INFO : AssetManager : Registering Asset: sh_mode_1_shot_made, File: sh_mode_1_shot_made.yaml, Default Group: default, Final Config: {'load': 'preload', 'file': 'E:\\mpf\\wows\\wows\\shows\\sh_mode_1_shot_made.yaml'}
2020-02-17 19:03:09,891 : INFO : AssetManager : Registering Asset: sh_mode_3_shot_made, File: sh_mode_3_shot_made.yaml, Default Group: default, Final Config: {'load': 'preload', 'file': 'E:\\mpf\\wows\\wows\\shows\\sh_mode_3_shot_made.yaml'}
2020-02-17 19:03:09,891 : INFO : AssetManager : Registering Asset: sh_mode_4_shot_made, File: sh_mode_4_shot_made.yaml, Default Group: default, Final Config: {'load': 'preload', 'file': 'E:\\mpf\\wows\\wows\\shows\\sh_mode_4_shot_made.yaml'}
2020-02-17 19:03:09,892 : INFO : AssetManager : Registering Asset: sh_mode_5_shot_made, File: sh_mode_5_shot_made.yaml, Default Group: default, Final Config: {'load': 'preload', 'file': 'E:\\mpf\\wows\\wows\\shows\\sh_mode_5_shot_made.yaml'}
2020-02-17 19:03:09,892 : INFO : AssetManager : Registering Asset: sh_mode_6_shot_made, File: sh_mode_6_shot_made.yaml, Default Group: default, Final Config: {'load': 'preload', 'file': 'E:\\mpf\\wows\\wows\\shows\\sh_mode_6_shot_made.yaml'}
2020-02-17 19:03:09,892 : INFO : AssetManager : Registering Asset: sh_mode_7_shot_made, File: sh_mode_7_shot_made.yaml, Default Group: default, Final Config: {'load': 'preload', 'file': 'E:\\mpf\\wows\\wows\\shows\\sh_mode_7_shot_made.yaml'}
2020-02-17 19:03:09,892 : INFO : AssetManager : Registering Asset: sh_mode_8_shot_made, File: sh_mode_8_shot_made.yaml, Default Group: default, Final Config: {'load': 'preload', 'file': 'E:\\mpf\\wows\\wows\\shows\\sh_mode_8_shot_made.yaml'}
2020-02-17 19:03:09,892 : INFO : AssetManager : Registering Asset: sh_mode_9_shot_made, File: sh_mode_9_shot_made.yaml, Default Group: default, Final Config: {'load': 'preload', 'file': 'E:\\mpf\\wows\\wows\\shows\\sh_mode_9_shot_made.yaml'}
2020-02-17 19:03:09,894 : INFO : ConfigProcessor : Loading config from cache: C:\Users\schol\AppData\Local\Temp\ec696ce66b3d6f0120abfe51c845c449.mpf_cache
2020-02-17 19:03:09,895 : INFO : EventManager : Event: ======'loading_assets'====== Args={'total': 9, 'loaded': 1, 'remaining': 8, 'percent': 11}
2020-02-17 19:03:09,895 : INFO : AssetManager : Loading assets: 1/9 (11%)
2020-02-17 19:03:09,895 : INFO : ConfigProcessor : Loading config from cache: C:\Users\schol\AppData\Local\Temp\9b528347051cb782f006c12877dcdcaa.mpf_cache
2020-02-17 19:03:09,896 : INFO : ConfigProcessor : Loading config from cache: C:\Users\schol\AppData\Local\Temp\d7de7b0977d157ca405b11c805af3796.mpf_cache
2020-02-17 19:03:09,897 : INFO : ConfigProcessor : Loading config from cache: C:\Users\schol\AppData\Local\Temp\52f81a04bd1ef6d87bf151768dd36663.mpf_cache
2020-02-17 19:03:09,898 : INFO : ConfigProcessor : Loading config from cache: C:\Users\schol\AppData\Local\Temp\de0d3921406543974e6ec49e041634fd.mpf_cache
2020-02-17 19:03:09,899 : INFO : ConfigProcessor : Loading config from cache: C:\Users\schol\AppData\Local\Temp\102503bf7ce56b6821df42862c9d56eb.mpf_cache
2020-02-17 19:03:09,899 : INFO : ConfigProcessor : Loading config from cache: C:\Users\schol\AppData\Local\Temp\c5830c548f120859d3cdb1059c94ba18.mpf_cache
2020-02-17 19:03:09,900 : INFO : ConfigProcessor : Loading config from cache: C:\Users\schol\AppData\Local\Temp\3d3900be9a5cd37c0cc6f23ed42b0013.mpf_cache
2020-02-17 19:03:09,901 : INFO : ConfigProcessor : Loading config from cache: C:\Users\schol\AppData\Local\Temp\9fcc5d068c11e0550a899eaf73312658.mpf_cache
2020-02-17 19:03:09,902 : INFO : EventManager : Event: ======'loading_assets'====== Args={'total': 9, 'loaded': 9, 'remaining': 0, 'percent': 100}
2020-02-17 19:03:09,902 : INFO : AssetManager : Asset loading took: 2.256898880004883
2020-02-17 19:03:09,902 : INFO : EventManager : Event: ======'asset_loading_complete'====== Args={}
2020-02-17 19:03:09,902 : INFO : AssetManager : Loading assets: 9/9 (100%)
2020-02-17 19:03:09,902 : INFO : EventManager : Event: ======'init_phase_4'====== Args={}
2020-02-17 19:03:09,910 : INFO : EventManager : Event: ======'machine_var_audits_events_game_ended'====== Args={'value': 1, 'prev_value': None, 'change': True}
2020-02-17 19:03:09,910 : INFO : EventManager : Event: ======'machine_var_audits_events_game_started'====== Args={'value': 262, 'prev_value': None, 'change': True}
2020-02-17 19:03:09,910 : INFO : EventManager : Event: ======'machine_var_audits_player_score'====== Args={'value': {'average': 0.0, 'top': [0], 'total': 1}, 'prev_value': None, 'change': True}
2020-02-17 19:03:09,911 : INFO : EventManager : Event: ======'machine_var_audits_shots_confederate_1'====== Args={'value': 5, 'prev_value': None, 'change': True}
2020-02-17 19:03:09,911 : INFO : EventManager : Event: ======'machine_var_audits_shots_confederate_2'====== Args={'value': 10, 'prev_value': None, 'change': True}
2020-02-17 19:03:09,911 : INFO : EventManager : Event: ======'machine_var_audits_shots_confederate_3'====== Args={'value': 1, 'prev_value': None, 'change': True}
2020-02-17 19:03:09,911 : INFO : EventManager : Event: ======'machine_var_audits_shots_confederate_4'====== Args={'value': 4, 'prev_value': None, 'change': True}
2020-02-17 19:03:09,911 : INFO : EventManager : Event: ======'machine_var_audits_shots_confederate_5'====== Args={'value': 1, 'prev_value': None, 'change': True}
2020-02-17 19:03:09,911 : INFO : EventManager : Event: ======'machine_var_audits_shots_confederate_6'====== Args={'value': 47, 'prev_value': None, 'change': True}
2020-02-17 19:03:09,911 : INFO : EventManager : Event: ======'machine_var_audits_shots_jackpot_1'====== Args={'value': 15, 'prev_value': None, 'change': True}
2020-02-17 19:03:09,912 : INFO : EventManager : Event: ======'machine_var_audits_shots_jackpot_2'====== Args={'value': 13, 'prev_value': None, 'change': True}
2020-02-17 19:03:09,912 : INFO : EventManager : Event: ======'machine_var_audits_shots_jackpot_3'====== Args={'value': 7, 'prev_value': None, 'change': True}
2020-02-17 19:03:09,912 : INFO : EventManager : Event: ======'machine_var_audits_shots_jackpot_4'====== Args={'value': 9, 'prev_value': None, 'change': True}
2020-02-17 19:03:09,912 : INFO : EventManager : Event: ======'machine_var_audits_shots_jackpot_5'====== Args={'value': 7, 'prev_value': None, 'change': True}
2020-02-17 19:03:09,912 : INFO : EventManager : Event: ======'machine_var_audits_shots_jackpot_6'====== Args={'value': 11, 'prev_value': None, 'change': True}
2020-02-17 19:03:09,913 : INFO : EventManager : Event: ======'machine_var_audits_shots_lane_A'====== Args={'value': 9, 'prev_value': None, 'change': True}
2020-02-17 19:03:09,913 : INFO : EventManager : Event: ======'machine_var_audits_shots_lane_B'====== Args={'value': 10, 'prev_value': None, 'change': True}
2020-02-17 19:03:09,913 : INFO : EventManager : Event: ======'machine_var_audits_shots_lane_C'====== Args={'value': 11, 'prev_value': None, 'change': True}
2020-02-17 19:03:09,913 : INFO : EventManager : Event: ======'machine_var_audits_shots_lane_D'====== Args={'value': 17, 'prev_value': None, 'change': True}
2020-02-17 19:03:09,914 : INFO : EventManager : Event: ======'machine_var_audits_shots_lane_E'====== Args={'value': 16, 'prev_value': None, 'change': True}
2020-02-17 19:03:09,914 : INFO : EventManager : Event: ======'machine_var_audits_shots_lock_lit_1'====== Args={'value': 12, 'prev_value': None, 'change': True}
2020-02-17 19:03:09,914 : INFO : EventManager : Event: ======'machine_var_audits_shots_lock_lit_2'====== Args={'value': 48, 'prev_value': None, 'change': True}
2020-02-17 19:03:09,914 : INFO : EventManager : Event: ======'machine_var_audits_shots_ricochet_1'====== Args={'value': 1, 'prev_value': None, 'change': True}
2020-02-17 19:03:09,915 : INFO : EventManager : Event: ======'machine_var_audits_shots_ricochet_2'====== Args={'value': 1, 'prev_value': None, 'change': True}
2020-02-17 19:03:09,915 : INFO : EventManager : Event: ======'machine_var_audits_shots_ricochet_3'====== Args={'value': 1, 'prev_value': None, 'change': True}
2020-02-17 19:03:09,915 : INFO : EventManager : Event: ======'machine_var_audits_shots_ricochet_4'====== Args={'value': 1, 'prev_value': None, 'change': True}
2020-02-17 19:03:09,915 : INFO : EventManager : Event: ======'machine_var_audits_shots_ricochet_5'====== Args={'value': 1, 'prev_value': None, 'change': True}
2020-02-17 19:03:09,916 : INFO : EventManager : Event: ======'machine_var_audits_switches_s_bumper_1'====== Args={'value': 9, 'prev_value': None, 'change': True}
2020-02-17 19:03:09,916 : INFO : EventManager : Event: ======'machine_var_audits_switches_s_bumper_2'====== Args={'value': 5, 'prev_value': None, 'change': True}
2020-02-17 19:03:09,916 : INFO : EventManager : Event: ======'machine_var_audits_switches_s_bumper_3'====== Args={'value': 1, 'prev_value': None, 'change': True}
2020-02-17 19:03:09,916 : INFO : EventManager : Event: ======'machine_var_audits_switches_s_center_ramp'====== Args={'value': 7, 'prev_value': None, 'change': True}
2020-02-17 19:03:09,917 : INFO : EventManager : Event: ======'machine_var_audits_switches_s_citadel'====== Args={'value': 6, 'prev_value': None, 'change': True}
2020-02-17 19:03:09,917 : INFO : EventManager : Event: ======'machine_var_audits_switches_s_citadel_lock'====== Args={'value': 10, 'prev_value': None, 'change': True}
2020-02-17 19:03:09,917 : INFO : EventManager : Event: ======'machine_var_audits_switches_s_detonation'====== Args={'value': 0, 'prev_value': None, 'change': True}
2020-02-17 19:03:09,917 : INFO : EventManager : Event: ======'machine_var_audits_switches_s_dmg_1'====== Args={'value': 541, 'prev_value': None, 'change': True}
2020-02-17 19:03:09,917 : INFO : EventManager : Event: ======'machine_var_audits_switches_s_dmg_2'====== Args={'value': 5, 'prev_value': None, 'change': True}
2020-02-17 19:03:09,918 : INFO : EventManager : Event: ======'machine_var_audits_switches_s_dmg_3'====== Args={'value': 4, 'prev_value': None, 'change': True}
2020-02-17 19:03:09,918 : INFO : EventManager : Event: ======'machine_var_audits_switches_s_dmg_4'====== Args={'value': 1, 'prev_value': None, 'change': True}
2020-02-17 19:03:09,918 : INFO : EventManager : Event: ======'machine_var_audits_switches_s_dmg_5'====== Args={'value': 2, 'prev_value': None, 'change': True}
2020-02-17 19:03:09,919 : INFO : EventManager : Event: ======'machine_var_audits_switches_s_dmg_6'====== Args={'value': 1, 'prev_value': None, 'change': True}
2020-02-17 19:03:09,919 : INFO : EventManager : Event: ======'machine_var_audits_switches_s_dmg_7'====== Args={'value': 2, 'prev_value': None, 'change': True}
2020-02-17 19:03:09,919 : INFO : EventManager : Event: ======'machine_var_audits_switches_s_drop_target'====== Args={'value': 5, 'prev_value': None, 'change': True}
2020-02-17 19:03:09,919 : INFO : EventManager : Event: ======'machine_var_audits_switches_s_jet_hole'====== Args={'value': 0, 'prev_value': None, 'change': True}
2020-02-17 19:03:09,920 : INFO : EventManager : Event: ======'machine_var_audits_switches_s_jet_lane'====== Args={'value': 1, 'prev_value': None, 'change': True}
2020-02-17 19:03:09,920 : INFO : EventManager : Event: ======'machine_var_audits_switches_s_kickback'====== Args={'value': 0, 'prev_value': None, 'change': True}
2020-02-17 19:03:09,920 : INFO : EventManager : Event: ======'machine_var_audits_switches_s_kickback_target_1'====== Args={'value': 0, 'prev_value': None, 'change': True}
2020-02-17 19:03:09,921 : INFO : EventManager : Event: ======'machine_var_audits_switches_s_kickback_target_2'====== Args={'value': 0, 'prev_value': None, 'change': True}
2020-02-17 19:03:09,921 : INFO : EventManager : Event: ======'machine_var_audits_switches_s_kickback_target_3'====== Args={'value': 2, 'prev_value': None, 'change': True}
2020-02-17 19:03:09,921 : INFO : EventManager : Event: ======'machine_var_audits_switches_s_kickback_terget_1'====== Args={'value': 0, 'prev_value': None, 'change': True}
2020-02-17 19:03:09,922 : INFO : EventManager : Event: ======'machine_var_audits_switches_s_left_flipper'====== Args={'value': 71, 'prev_value': None, 'change': True}
2020-02-17 19:03:09,922 : INFO : EventManager : Event: ======'machine_var_audits_switches_s_left_hole'====== Args={'value': 0, 'prev_value': None, 'change': True}
2020-02-17 19:03:09,922 : INFO : EventManager : Event: ======'machine_var_audits_switches_s_left_inlane'====== Args={'value': 11, 'prev_value': None, 'change': True}
2020-02-17 19:03:09,923 : INFO : EventManager : Event: ======'machine_var_audits_switches_s_left_loop_made'====== Args={'value': 19, 'prev_value': None, 'change': True}
2020-02-17 19:03:09,923 : INFO : EventManager : Event: ======'machine_var_audits_switches_s_left_loop_pre'====== Args={'value': 0, 'prev_value': None, 'change': True}
2020-02-17 19:03:09,923 : INFO : EventManager : Event: ======'machine_var_audits_switches_s_left_mid_inlane'====== Args={'value': 10, 'prev_value': None, 'change': True}
2020-02-17 19:03:09,924 : INFO : EventManager : Event: ======'machine_var_audits_switches_s_left_outlane'====== Args={'value': 9, 'prev_value': None, 'change': True}
2020-02-17 19:03:09,924 : INFO : EventManager : Event: ======'machine_var_audits_switches_s_left_ramp_made'====== Args={'value': 32, 'prev_value': None, 'change': True}
2020-02-17 19:03:09,924 : INFO : EventManager : Event: ======'machine_var_audits_switches_s_left_ramp_pre'====== Args={'value': 0, 'prev_value': None, 'change': True}
2020-02-17 19:03:09,925 : INFO : EventManager : Event: ======'machine_var_audits_switches_s_left_slingshot'====== Args={'value': 0, 'prev_value': None, 'change': True}
2020-02-17 19:03:09,925 : INFO : EventManager : Event: ======'machine_var_audits_switches_s_lock_1'====== Args={'value': 16, 'prev_value': None, 'change': True}
2020-02-17 19:03:09,925 : INFO : EventManager : Event: ======'machine_var_audits_switches_s_lock_2'====== Args={'value': 10, 'prev_value': None, 'change': True}
2020-02-17 19:03:09,926 : INFO : EventManager : Event: ======'machine_var_audits_switches_s_lock_3'====== Args={'value': 11, 'prev_value': None, 'change': True}
2020-02-17 19:03:09,926 : INFO : EventManager : Event: ======'machine_var_audits_switches_s_magnet_switch'====== Args={'value': 0, 'prev_value': None, 'change': True}
2020-02-17 19:03:09,926 : INFO : EventManager : Event: ======'machine_var_audits_switches_s_main_hole'====== Args={'value': 108, 'prev_value': None, 'change': True}
2020-02-17 19:03:09,927 : INFO : EventManager : Event: ======'machine_var_audits_switches_s_pen_1'====== Args={'value': 1, 'prev_value': None, 'change': True}
2020-02-17 19:03:09,927 : INFO : EventManager : Event: ======'machine_var_audits_switches_s_pen_2'====== Args={'value': 1, 'prev_value': None, 'change': True}
2020-02-17 19:03:09,927 : INFO : EventManager : Event: ======'machine_var_audits_switches_s_pen_3'====== Args={'value': 0, 'prev_value': None, 'change': True}
2020-02-17 19:03:09,928 : INFO : EventManager : Event: ======'machine_var_audits_switches_s_pen_4'====== Args={'value': 1, 'prev_value': None, 'change': True}
2020-02-17 19:03:09,928 : INFO : EventManager : Event: ======'machine_var_audits_switches_s_pen_5'====== Args={'value': 0, 'prev_value': None, 'change': True}
2020-02-17 19:03:09,929 : INFO : EventManager : Event: ======'machine_var_audits_switches_s_pen_6'====== Args={'value': 1, 'prev_value': None, 'change': True}
2020-02-17 19:03:09,930 : INFO : EventManager : Event: ======'machine_var_audits_switches_s_plunger'====== Args={'value': 300, 'prev_value': None, 'change': True}
2020-02-17 19:03:09,930 : INFO : EventManager : Event: ======'machine_var_audits_switches_s_plunger_button'====== Args={'value': 2, 'prev_value': None, 'change': True}
2020-02-17 19:03:09,930 : INFO : EventManager : Event: ======'machine_var_audits_switches_s_ricochet_1'====== Args={'value': 25, 'prev_value': None, 'change': True}
2020-02-17 19:03:09,931 : INFO : EventManager : Event: ======'machine_var_audits_switches_s_ricochet_2'====== Args={'value': 8, 'prev_value': None, 'change': True}
2020-02-17 19:03:09,931 : INFO : EventManager : Event: ======'machine_var_audits_switches_s_ricochet_3'====== Args={'value': 3, 'prev_value': None, 'change': True}
2020-02-17 19:03:09,932 : INFO : EventManager : Event: ======'machine_var_audits_switches_s_ricochet_4'====== Args={'value': 6, 'prev_value': None, 'change': True}
2020-02-17 19:03:09,932 : INFO : EventManager : Event: ======'machine_var_audits_switches_s_ricochet_5'====== Args={'value': 6, 'prev_value': None, 'change': True}
2020-02-17 19:03:09,932 : INFO : EventManager : Event: ======'machine_var_audits_switches_s_right_flipper'====== Args={'value': 566, 'prev_value': None, 'change': True}
2020-02-17 19:03:09,933 : INFO : EventManager : Event: ======'machine_var_audits_switches_s_right_hole'====== Args={'value': 26, 'prev_value': None, 'change': True}
2020-02-17 19:03:09,933 : INFO : EventManager : Event: ======'machine_var_audits_switches_s_right_inlane'====== Args={'value': 17, 'prev_value': None, 'change': True}
2020-02-17 19:03:09,933 : INFO : EventManager : Event: ======'machine_var_audits_switches_s_right_loop_made'====== Args={'value': 0, 'prev_value': None, 'change': True}
2020-02-17 19:03:09,934 : INFO : EventManager : Event: ======'machine_var_audits_switches_s_right_loop_pre'====== Args={'value': 0, 'prev_value': None, 'change': True}
2020-02-17 19:03:09,934 : INFO : EventManager : Event: ======'machine_var_audits_switches_s_right_outlane'====== Args={'value': 16, 'prev_value': None, 'change': True}
2020-02-17 19:03:09,935 : INFO : EventManager : Event: ======'machine_var_audits_switches_s_right_ramp_made'====== Args={'value': 63, 'prev_value': None, 'change': True}
2020-02-17 19:03:09,936 : INFO : EventManager : Event: ======'machine_var_audits_switches_s_right_ramp_pre'====== Args={'value': 0, 'prev_value': None, 'change': True}
2020-02-17 19:03:09,937 : INFO : EventManager : Event: ======'machine_var_audits_switches_s_right_slingshot'====== Args={'value': 0, 'prev_value': None, 'change': True}
2020-02-17 19:03:09,937 : INFO : EventManager : Event: ======'machine_var_audits_switches_s_right_small_ramp'====== Args={'value': 0, 'prev_value': None, 'change': True}
2020-02-17 19:03:09,937 : INFO : EventManager : Event: ======'machine_var_audits_switches_s_side_hole'====== Args={'value': 2, 'prev_value': None, 'change': True}
2020-02-17 19:03:09,938 : INFO : EventManager : Event: ======'machine_var_audits_switches_s_side_ramp_made'====== Args={'value': 84, 'prev_value': None, 'change': True}
2020-02-17 19:03:09,938 : INFO : EventManager : Event: ======'machine_var_audits_switches_s_side_ramp_pre'====== Args={'value': 0, 'prev_value': None, 'change': True}
2020-02-17 19:03:09,939 : INFO : EventManager : Event: ======'machine_var_audits_switches_s_start'====== Args={'value': 8, 'prev_value': None, 'change': True}
2020-02-17 19:03:09,939 : INFO : EventManager : Event: ======'machine_var_audits_switches_s_torpedo'====== Args={'value': 23, 'prev_value': None, 'change': True}
2020-02-17 19:03:09,940 : INFO : EventManager : Event: ======'machine_var_audits_switches_s_torpedo_lane'====== Args={'value': 0, 'prev_value': None, 'change': True}
2020-02-17 19:03:09,940 : INFO : EventManager : Event: ======'machine_var_audits_switches_s_trough1'====== Args={'value': 17, 'prev_value': None, 'change': True}
2020-02-17 19:03:09,941 : INFO : EventManager : Event: ======'machine_var_audits_switches_s_trough2'====== Args={'value': 2, 'prev_value': None, 'change': True}
2020-02-17 19:03:09,941 : INFO : EventManager : Event: ======'machine_var_audits_switches_s_trough3'====== Args={'value': 1, 'prev_value': None, 'change': True}
2020-02-17 19:03:09,942 : INFO : EventManager : Event: ======'machine_var_audits_switches_s_trough4'====== Args={'value': 2, 'prev_value': None, 'change': True}
2020-02-17 19:03:09,942 : INFO : EventManager : Event: ======'machine_var_audits_switches_s_trough5'====== Args={'value': 0, 'prev_value': None, 'change': True}
2020-02-17 19:03:09,942 : INFO : EventManager : Event: ======'machine_var_audits_switches_s_trough6'====== Args={'value': 1, 'prev_value': None, 'change': True}
2020-02-17 19:03:09,943 : INFO : EventManager : Event: ======'machine_var_audits_switches_s_trough_jam'====== Args={'value': 0, 'prev_value': None, 'change': True}
2020-02-17 19:03:09,943 : INFO : EventManager : Event: ======'init_phase_5'====== Args={}
2020-02-17 19:03:10,010 : INFO : EventManager : Event: ======'init_done'====== Args={}
2020-02-17 19:03:10,011 : INFO : BcpServer : New client connected.
2020-02-17 19:03:10,011 : INFO : EventManager : Event: ======'machine_reset_phase_1'====== Args={}
2020-02-17 19:03:10,020 : INFO : SwitchController : <<<<<<< 's_start' active >>>>>>>
2020-02-17 19:03:10,020 : INFO : SwitchController : <<<<<<< 's_start' inactive >>>>>>>
2020-02-17 19:03:10,029 : INFO : EventManager : Event: ======'slide_welcome_slide_removed'====== Args={'_from_bcp': True}
2020-02-17 19:03:10,031 : INFO : EventManager : Event: ======'slide_welcome_slide_created'====== Args={'_from_bcp': True}
2020-02-17 19:03:10,033 : INFO : EventManager : Event: ======'slide_welcome_slide_active'====== Args={'_from_bcp': True}
2020-02-17 19:03:10,063 : INFO : EventManager : Event: ======'machine_reset_phase_2'====== Args={}
2020-02-17 19:03:10,063 : INFO : EventManager : Event: ======'machine_reset_phase_3'====== Args={}
2020-02-17 19:03:10,063 : INFO : EventManager : Event: ======'reset_complete'====== Args={}
2020-02-17 19:03:10,064 : INFO : EventManager : Event: ======'mode_attract_will_start'====== Args={}
2020-02-17 19:03:10,064 : INFO : EventManager : Event: ======'mode_attract_starting'====== Args={}
2020-02-17 19:03:10,064 : INFO : Mode.attract : Started. Priority: 10
2020-02-17 19:03:10,065 : INFO : EventManager : Event: ======'mode_attract_started'====== Args={}
2020-02-17 19:03:10,065 : INFO : EventManager : Event: ======'collecting_balls_complete'====== Args={}
2020-02-17 19:03:10,119 : INFO : EventManager : Event: ======'slide_attract_started_created'====== Args={'_from_bcp': True}
2020-02-17 19:03:10,119 : INFO : EventManager : Event: ======'slide_attract_started_active'====== Args={'_from_bcp': True}
2020-02-17 19:03:10,120 : INFO : Machine : Starting the main run loop.
2020-02-17 19:03:13,696 : INFO : SwitchController : <<<<<<< 's_start' active >>>>>>>
2020-02-17 19:03:13,756 : INFO : SwitchController : <<<<<<< 's_start' inactive >>>>>>>
2020-02-17 19:03:13,756 : INFO : EventManager : Event: ======'request_to_start_game'====== Args={}
2020-02-17 19:03:13,756 : INFO : EventManager : Event: ======'game_start'====== Args={'buttons': [], 'hold_time': 0.062000000005355105}
2020-02-17 19:03:13,757 : INFO : EventManager : Event: ======'mode_game_will_start'====== Args={'buttons': [], 'hold_time': 0.062000000005355105}
2020-02-17 19:03:13,757 : INFO : EventManager : Event: ======'mode_game_starting'====== Args={'buttons': [], 'hold_time': 0.062000000005355105}
2020-02-17 19:03:13,757 : INFO : EventManager : Event: ======'mode_attract_will_stop'====== Args={}
2020-02-17 19:03:13,757 : INFO : EventManager : Event: ======'mode_attract_stopping'====== Args={}
2020-02-17 19:03:13,758 : INFO : Mode.attract : Stopped.
2020-02-17 19:03:13,758 : INFO : EventManager : Event: ======'mode_attract_stopped'====== Args={}
2020-02-17 19:03:13,758 : INFO : EventManager : Event: ======'clear'====== Args={'key': 'attract'}
2020-02-17 19:03:13,758 : INFO : Mode.game : Started. Priority: 20
2020-02-17 19:03:13,758 : INFO : EventManager : Event: ======'mode_game_started'====== Args={'buttons': [], 'hold_time': 0.062000000005355105}
2020-02-17 19:03:13,771 : INFO : EventManager : Event: ======'game_will_start'====== Args={}
2020-02-17 19:03:13,772 : INFO : EventManager : Event: ======'game_starting'====== Args={'game': <Mode.game>}
2020-02-17 19:03:13,772 : INFO : EventManager : Event: ======'player_add_request'====== Args={}
2020-02-17 19:03:13,773 : INFO : EventManager : Event: ======'player_will_add'====== Args={'number': 1}
2020-02-17 19:03:13,774 : INFO : EventManager : Event: ======'player_adding'====== Args={'player': <Player 1>, 'number': 1}
2020-02-17 19:03:13,774 : INFO : EventManager : Event: ======'player_added'====== Args={'player': <Player 1>, 'num': 1}
2020-02-17 19:03:13,774 : INFO : Mode.game : Player added successfully. Total players: 1
2020-02-17 19:03:13,774 : INFO : EventManager : Event: ======'player_index'====== Args={'value': 0, 'prev_value': 0, 'change': 0, 'player_num': 1}
2020-02-17 19:03:13,774 : INFO : EventManager : Event: ======'player_number'====== Args={'value': 1, 'prev_value': 1, 'change': 0, 'player_num': 1}
2020-02-17 19:03:13,775 : INFO : EventManager : Event: ======'player_ReceivedDMG'====== Args={'value': 1, 'prev_value': 1, 'change': 0, 'player_num': 1}
2020-02-17 19:03:13,775 : INFO : EventManager : Event: ======'player_DMGValue'====== Args={'value': 10000000, 'prev_value': 10000000, 'change': 0, 'player_num': 1}
2020-02-17 19:03:13,775 : INFO : EventManager : Event: ======'player_m1shotmade'====== Args={'value': 0, 'prev_value': 0, 'change': 0, 'player_num': 1}
2020-02-17 19:03:13,775 : INFO : EventManager : Event: ======'player_m2shotmade'====== Args={'value': 0, 'prev_value': 0, 'change': 0, 'player_num': 1}
2020-02-17 19:03:13,775 : INFO : EventManager : Event: ======'player_m3shotmade'====== Args={'value': 0, 'prev_value': 0, 'change': 0, 'player_num': 1}
2020-02-17 19:03:13,776 : INFO : EventManager : Event: ======'player_m4shotmade'====== Args={'value': 0, 'prev_value': 0, 'change': 0, 'player_num': 1}
2020-02-17 19:03:13,776 : INFO : EventManager : Event: ======'player_m5shotmade'====== Args={'value': 0, 'prev_value': 0, 'change': 0, 'player_num': 1}
2020-02-17 19:03:13,776 : INFO : EventManager : Event: ======'player_m6shotmade'====== Args={'value': 0, 'prev_value': 0, 'change': 0, 'player_num': 1}
2020-02-17 19:03:13,776 : INFO : EventManager : Event: ======'player_m7shotmade'====== Args={'value': 0, 'prev_value': 0, 'change': 0, 'player_num': 1}
2020-02-17 19:03:13,777 : INFO : EventManager : Event: ======'player_m8shotmade'====== Args={'value': 0, 'prev_value': 0, 'change': 0, 'player_num': 1}
2020-02-17 19:03:13,777 : INFO : EventManager : Event: ======'player_m9shotmade'====== Args={'value': 0, 'prev_value': 0, 'change': 0, 'player_num': 1}
2020-02-17 19:03:13,777 : INFO : EventManager : Event: ======'player_m1_active'====== Args={'value': 0, 'prev_value': 0, 'change': 0, 'player_num': 1}
2020-02-17 19:03:13,777 : INFO : EventManager : Event: ======'player_m2_active'====== Args={'value': 0, 'prev_value': 0, 'change': 0, 'player_num': 1}
2020-02-17 19:03:13,777 : INFO : EventManager : Event: ======'player_m3_active'====== Args={'value': 0, 'prev_value': 0, 'change': 0, 'player_num': 1}
2020-02-17 19:03:13,777 : INFO : EventManager : Event: ======'player_m4_active'====== Args={'value': 0, 'prev_value': 0, 'change': 0, 'player_num': 1}
2020-02-17 19:03:13,778 : INFO : EventManager : Event: ======'player_m5_active'====== Args={'value': 0, 'prev_value': 0, 'change': 0, 'player_num': 1}
2020-02-17 19:03:13,778 : INFO : EventManager : Event: ======'player_m6_active'====== Args={'value': 0, 'prev_value': 0, 'change': 0, 'player_num': 1}
2020-02-17 19:03:13,778 : INFO : EventManager : Event: ======'player_m7_active'====== Args={'value': 0, 'prev_value': 0, 'change': 0, 'player_num': 1}
2020-02-17 19:03:13,779 : INFO : EventManager : Event: ======'player_m8_active'====== Args={'value': 0, 'prev_value': 0, 'change': 0, 'player_num': 1}
2020-02-17 19:03:13,779 : INFO : EventManager : Event: ======'player_m9_active'====== Args={'value': 0, 'prev_value': 0, 'change': 0, 'player_num': 1}
2020-02-17 19:03:13,779 : INFO : EventManager : Event: ======'player_lock_lit_1_state'====== Args={'value': 0, 'prev_value': 0, 'change': 0, 'player_num': 1}
2020-02-17 19:03:13,779 : INFO : EventManager : Event: ======'player_lock_lit_2_state'====== Args={'value': 0, 'prev_value': 0, 'change': 0, 'player_num': 1}
2020-02-17 19:03:13,779 : INFO : EventManager : Event: ======'player_frezee_started'====== Args={'value': 0, 'prev_value': 0, 'change': 0, 'player_num': 1}
2020-02-17 19:03:13,780 : INFO : EventManager : Event: ======'player_timer_height'====== Args={'value': 0.0, 'prev_value': 0.0, 'change': 0, 'player_num': 1}
2020-02-17 19:03:13,780 : INFO : EventManager : Event: ======'player_citadel_number'====== Args={'value': 0, 'prev_value': 0, 'change': 0, 'player_num': 1}
2020-02-17 19:03:13,780 : INFO : EventManager : Event: ======'player_torpedo_number'====== Args={'value': 0, 'prev_value': 0, 'change': 0, 'player_num': 1}
2020-02-17 19:03:13,780 : INFO : EventManager : Event: ======'player_citadel_load_number'====== Args={'value': 3, 'prev_value': 3, 'change': 0, 'player_num': 1}
2020-02-17 19:03:13,781 : INFO : EventManager : Event: ======'player_torpedo_load_number'====== Args={'value': 3, 'prev_value': 3, 'change': 0, 'player_num': 1}
2020-02-17 19:03:13,781 : INFO : EventManager : Event: ======'player_citadel_ready'====== Args={'value': 0, 'prev_value': 0, 'change': 0, 'player_num': 1}
2020-02-17 19:03:13,781 : INFO : EventManager : Event: ======'player_torpedo_ready'====== Args={'value': 0, 'prev_value': 0, 'change': 0, 'player_num': 1}
2020-02-17 19:03:13,781 : INFO : EventManager : Event: ======'player_score'====== Args={'value': 0, 'prev_value': 0, 'change': 0, 'player_num': 1}
2020-02-17 19:03:13,782 : INFO : EventManager : Event: ======'game_started'====== Args={}
2020-02-17 19:03:13,833 : INFO : EventManager : Event: ======'player_turn_will_start'====== Args={'player': <Player 1>, 'number': 1}
2020-02-17 19:03:13,834 : INFO : EventManager : Event: ======'player_turn_starting'====== Args={'player': <Player 1>, 'number': 1}
2020-02-17 19:03:13,834 : INFO : EventManager : Event: ======'player_ball'====== Args={'value': 1, 'prev_value': 0, 'change': 1, 'player_num': 1}
2020-02-17 19:03:13,834 : INFO : EventManager : Event: ======'player_turn_started'====== Args={'player': <Player 1>, 'number': 1}
2020-02-17 19:03:13,835 : INFO : EventManager : Event: ======'ball_will_start'====== Args={'player': 1, 'ball': 1, 'balls_remaining': 2, 'is_extra_ball': False}
2020-02-17 19:03:13,846 : INFO : EventManager : Event: ======'ball_starting'====== Args={'player': 1, 'ball': 1, 'balls_remaining': 2, 'is_extra_ball': False}
2020-02-17 19:03:13,847 : INFO : EventManager : Event: ======'mode_mode_lit_will_start'====== Args={'queue': <QueuedEvent>, 'player': 1, 'ball': 1, 'balls_remaining': 2, 'is_extra_ball': False}
2020-02-17 19:03:13,847 : INFO : EventManager : Event: ======'achievement_mode_1_changed_state'====== Args={'restore': False, 'state': 'enabled', 'selected': False}
2020-02-17 19:03:13,848 : INFO : EventManager : Event: ======'achievement_mode_1_state_enabled'====== Args={'restore': False, 'state': 'enabled', 'selected': False}
2020-02-17 19:03:13,848 : INFO : EventManager : Event: ======'achievement_mode_2_changed_state'====== Args={'restore': False, 'state': 'enabled', 'selected': False}
2020-02-17 19:03:13,848 : INFO : EventManager : Event: ======'achievement_mode_2_state_enabled'====== Args={'restore': False, 'state': 'enabled', 'selected': False}
2020-02-17 19:03:13,849 : INFO : EventManager : Event: ======'achievement_mode_3_changed_state'====== Args={'restore': False, 'state': 'enabled', 'selected': False}
2020-02-17 19:03:13,849 : INFO : EventManager : Event: ======'achievement_mode_3_state_enabled'====== Args={'restore': False, 'state': 'enabled', 'selected': False}
2020-02-17 19:03:13,849 : INFO : EventManager : Event: ======'achievement_mode_4_changed_state'====== Args={'restore': False, 'state': 'enabled', 'selected': False}
2020-02-17 19:03:13,849 : INFO : EventManager : Event: ======'achievement_mode_4_state_enabled'====== Args={'restore': False, 'state': 'enabled', 'selected': False}
2020-02-17 19:03:13,850 : INFO : EventManager : Event: ======'achievement_mode_5_changed_state'====== Args={'restore': False, 'state': 'enabled', 'selected': False}
2020-02-17 19:03:13,850 : INFO : EventManager : Event: ======'achievement_mode_5_state_enabled'====== Args={'restore': False, 'state': 'enabled', 'selected': False}
2020-02-17 19:03:13,850 : INFO : EventManager : Event: ======'achievement_mode_6_changed_state'====== Args={'restore': False, 'state': 'enabled', 'selected': False}
2020-02-17 19:03:13,850 : INFO : EventManager : Event: ======'achievement_mode_6_state_enabled'====== Args={'restore': False, 'state': 'enabled', 'selected': False}
2020-02-17 19:03:13,851 : INFO : EventManager : Event: ======'achievement_mode_7_changed_state'====== Args={'restore': False, 'state': 'enabled', 'selected': False}
2020-02-17 19:03:13,851 : INFO : EventManager : Event: ======'achievement_mode_7_state_enabled'====== Args={'restore': False, 'state': 'enabled', 'selected': False}
2020-02-17 19:03:13,852 : INFO : EventManager : Event: ======'achievement_mode_8_changed_state'====== Args={'restore': False, 'state': 'enabled', 'selected': False}
2020-02-17 19:03:13,852 : INFO : EventManager : Event: ======'achievement_mode_8_state_enabled'====== Args={'restore': False, 'state': 'enabled', 'selected': False}
2020-02-17 19:03:13,852 : INFO : EventManager : Event: ======'achievement_mode_9_changed_state'====== Args={'restore': False, 'state': 'enabled', 'selected': False}
2020-02-17 19:03:13,853 : INFO : EventManager : Event: ======'achievement_mode_9_state_enabled'====== Args={'restore': False, 'state': 'enabled', 'selected': False}
2020-02-17 19:03:13,855 : INFO : EventManager : Event: ======'mode_mode_lit_starting'====== Args={'queue': <QueuedEvent>, 'player': 1, 'ball': 1, 'balls_remaining': 2, 'is_extra_ball': False}
2020-02-17 19:03:13,855 : INFO : EventManager : Event: ======'mode_base_will_start'====== Args={'queue': <QueuedEvent>, 'player': 1, 'ball': 1, 'balls_remaining': 2, 'is_extra_ball': False}
2020-02-17 19:03:13,856 : INFO : EventManager : Event: ======'mode_base_starting'====== Args={'queue': <QueuedEvent>, 'player': 1, 'ball': 1, 'balls_remaining': 2, 'is_extra_ball': False}
2020-02-17 19:03:13,856 : INFO : EventManager : Event: ======'achievement_mode_4_changed_state'====== Args={'restore': False, 'state': 'enabled', 'selected': True}
2020-02-17 19:03:13,857 : INFO : EventManager : Event: ======'achievement_mode_4_state_enabled'====== Args={'restore': False, 'state': 'enabled', 'selected': True}
2020-02-17 19:03:13,857 : INFO : EventManager : Event: ======'achievement_mode_4_state_selected'====== Args={'restore': False, 'state': 'enabled', 'selected': True}
2020-02-17 19:03:13,857 : INFO : Mode.base : Started. Priority: 100
2020-02-17 19:03:13,858 : INFO : EventManager : Event: ======'mode_base_started'====== Args={'queue': <QueuedEvent>, 'player': 1, 'ball': 1, 'balls_remaining': 2, 'is_extra_ball': False}
2020-02-17 19:03:13,858 : INFO : Mode.mode_lit : Started. Priority: 100
2020-02-17 19:03:13,858 : INFO : EventManager : Event: ======'mode_mode_lit_started'====== Args={'queue': <QueuedEvent>, 'player': 1, 'ball': 1, 'balls_remaining': 2, 'is_extra_ball': False}
2020-02-17 19:03:13,859 : INFO : EventManager : Event: ======'balls_in_play'====== Args={'balls': 1}
2020-02-17 19:03:13,859 : INFO : EventManager : Event: ======'ball_started'====== Args={'player': 1, 'ball': 1, 'balls_remaining': 2, 'is_extra_ball': False}
2020-02-17 19:03:13,859 : INFO : EventManager : Event: ======'mode_battle_will_start'====== Args={'player': 1, 'ball': 1, 'balls_remaining': 2, 'is_extra_ball': False}
2020-02-17 19:03:13,860 : INFO : EventManager : Event: ======'mode_battle_starting'====== Args={'player': 1, 'ball': 1, 'balls_remaining': 2, 'is_extra_ball': False}
2020-02-17 19:03:13,861 : INFO : EventManager : Event: ======'mode_mode_manager_will_start'====== Args={'player': 1, 'ball': 1, 'balls_remaining': 2, 'is_extra_ball': False}
2020-02-17 19:03:13,864 : INFO : EventManager : Event: ======'mode_mode_manager_starting'====== Args={'player': 1, 'ball': 1, 'balls_remaining': 2, 'is_extra_ball': False}
2020-02-17 19:03:13,865 : INFO : EventManager : Event: ======'mode_hc_lock_lit_will_start'====== Args={'player': 1, 'ball': 1, 'balls_remaining': 2, 'is_extra_ball': False}
2020-02-17 19:03:13,865 : INFO : EventManager : Event: ======'player_shot_lock_lit_1_enabled'====== Args={'value': True, 'prev_value': 0, 'change': 1, 'player_num': 1}
2020-02-17 19:03:13,866 : INFO : EventManager : Event: ======'player_shot_lock_lit_2_enabled'====== Args={'value': True, 'prev_value': 0, 'change': 1, 'player_num': 1}
2020-02-17 19:03:13,866 : INFO : EventManager : Event: ======'lock_lits_complete'====== Args={'state': 'unlit'}
2020-02-17 19:03:13,867 : INFO : EventManager : Event: ======'lock_lits_unlit_complete'====== Args={}
2020-02-17 19:03:13,868 : INFO : EventManager : Event: ======'mode_hc_lock_lit_starting'====== Args={'player': 1, 'ball': 1, 'balls_remaining': 2, 'is_extra_ball': False}
2020-02-17 19:03:13,868 : INFO : EventManager : Event: ======'mode_container_lit_will_start'====== Args={'player': 1, 'ball': 1, 'balls_remaining': 2, 'is_extra_ball': False}
2020-02-17 19:03:13,868 : INFO : EventManager : Event: ======'player_shot_lane_A_enabled'====== Args={'value': True, 'prev_value': 0, 'change': 1, 'player_num': 1}
2020-02-17 19:03:13,869 : INFO : EventManager : Event: ======'player_shot_lane_B_enabled'====== Args={'value': True, 'prev_value': 0, 'change': 1, 'player_num': 1}
2020-02-17 19:03:13,869 : INFO : EventManager : Event: ======'player_shot_lane_C_enabled'====== Args={'value': True, 'prev_value': 0, 'change': 1, 'player_num': 1}
2020-02-17 19:03:13,870 : INFO : EventManager : Event: ======'player_shot_lane_D_enabled'====== Args={'value': True, 'prev_value': 0, 'change': 1, 'player_num': 1}
2020-02-17 19:03:13,871 : INFO : EventManager : Event: ======'player_shot_lane_E_enabled'====== Args={'value': True, 'prev_value': 0, 'change': 1, 'player_num': 1}
2020-02-17 19:03:13,871 : INFO : EventManager : Event: ======'container_lanes_complete'====== Args={'state': 'unlit'}
2020-02-17 19:03:13,872 : INFO : EventManager : Event: ======'container_lanes_unlit_complete'====== Args={}
2020-02-17 19:03:13,872 : INFO : EventManager : Event: ======'mode_container_lit_starting'====== Args={'player': 1, 'ball': 1, 'balls_remaining': 2, 'is_extra_ball': False}
2020-02-17 19:03:13,873 : INFO : EventManager : Event: ======'mode_confederate_will_start'====== Args={'player': 1, 'ball': 1, 'balls_remaining': 2, 'is_extra_ball': False}
2020-02-17 19:03:13,873 : INFO : EventManager : Event: ======'player_shot_confederate_1_enabled'====== Args={'value': True, 'prev_value': 0, 'change': 1, 'player_num': 1}
2020-02-17 19:03:13,874 : INFO : EventManager : Event: ======'player_shot_confederate_2_enabled'====== Args={'value': True, 'prev_value': 0, 'change': 1, 'player_num': 1}
2020-02-17 19:03:13,874 : INFO : EventManager : Event: ======'player_shot_confederate_3_enabled'====== Args={'value': True, 'prev_value': 0, 'change': 1, 'player_num': 1}
2020-02-17 19:03:13,875 : INFO : EventManager : Event: ======'player_shot_confederate_4_enabled'====== Args={'value': True, 'prev_value': 0, 'change': 1, 'player_num': 1}
2020-02-17 19:03:13,876 : INFO : EventManager : Event: ======'player_shot_confederate_5_enabled'====== Args={'value': True, 'prev_value': 0, 'change': 1, 'player_num': 1}
2020-02-17 19:03:13,876 : INFO : EventManager : Event: ======'player_shot_confederate_6_enabled'====== Args={'value': True, 'prev_value': 0, 'change': 1, 'player_num': 1}
2020-02-17 19:03:13,877 : INFO : EventManager : Event: ======'mode_confederate_starting'====== Args={'player': 1, 'ball': 1, 'balls_remaining': 2, 'is_extra_ball': False}
2020-02-17 19:03:13,877 : INFO : EventManager : Event: ======'mode_salvo_lit_will_start'====== Args={'player': 1, 'ball': 1, 'balls_remaining': 2, 'is_extra_ball': False}
2020-02-17 19:03:13,878 : INFO : EventManager : Event: ======'player_shot_ricochet_1_enabled'====== Args={'value': True, 'prev_value': 0, 'change': 1, 'player_num': 1}
2020-02-17 19:03:13,878 : INFO : EventManager : Event: ======'player_shot_ricochet_2_enabled'====== Args={'value': True, 'prev_value': 0, 'change': 1, 'player_num': 1}
2020-02-17 19:03:13,879 : INFO : EventManager : Event: ======'player_shot_ricochet_3_enabled'====== Args={'value': True, 'prev_value': 0, 'change': 1, 'player_num': 1}
2020-02-17 19:03:13,880 : INFO : EventManager : Event: ======'player_shot_ricochet_4_enabled'====== Args={'value': True, 'prev_value': 0, 'change': 1, 'player_num': 1}
2020-02-17 19:03:13,880 : INFO : EventManager : Event: ======'player_shot_ricochet_5_enabled'====== Args={'value': True, 'prev_value': 0, 'change': 1, 'player_num': 1}
2020-02-17 19:03:13,881 : INFO : EventManager : Event: ======'ricochet_targets_complete'====== Args={'state': 'unlit'}
2020-02-17 19:03:13,881 : INFO : EventManager : Event: ======'ricochet_targets_unlit_complete'====== Args={}
2020-02-17 19:03:13,882 : INFO : EventManager : Event: ======'mode_salvo_lit_starting'====== Args={'player': 1, 'ball': 1, 'balls_remaining': 2, 'is_extra_ball': False}
2020-02-17 19:03:13,883 : INFO : Mode.salvo_lit : Started. Priority: 100
2020-02-17 19:03:13,884 : INFO : EventManager : Event: ======'mode_salvo_lit_started'====== Args={'player': 1, 'ball': 1, 'balls_remaining': 2, 'is_extra_ball': False}
2020-02-17 19:03:13,884 : INFO : Mode.confederate : Started. Priority: 100
2020-02-17 19:03:13,884 : INFO : EventManager : Event: ======'mode_confederate_started'====== Args={'player': 1, 'ball': 1, 'balls_remaining': 2, 'is_extra_ball': False}
2020-02-17 19:03:13,884 : INFO : Mode.container_lit : Started. Priority: 100
2020-02-17 19:03:13,884 : INFO : EventManager : Event: ======'mode_container_lit_started'====== Args={'player': 1, 'ball': 1, 'balls_remaining': 2, 'is_extra_ball': False}
2020-02-17 19:03:13,885 : INFO : Mode.hc_lock_lit : Started. Priority: 100
2020-02-17 19:03:13,885 : INFO : EventManager : Event: ======'mode_hc_lock_lit_started'====== Args={'player': 1, 'ball': 1, 'balls_remaining': 2, 'is_extra_ball': False}
2020-02-17 19:03:13,885 : INFO : Mode.mode_manager : Started. Priority: 300
2020-02-17 19:03:13,885 : INFO : EventManager : Event: ======'mode_mode_manager_started'====== Args={'player': 1, 'ball': 1, 'balls_remaining': 2, 'is_extra_ball': False}
2020-02-17 19:03:13,947 : INFO : EventManager : Event: ======'logicblock_citadel_load_counter_updated'====== Args={'value': 0, 'enabled': True}
2020-02-17 19:03:13,947 : INFO : EventManager : Event: ======'logicblock_torpedo_load_counter_updated'====== Args={'value': 0, 'enabled': True}
2020-02-17 19:03:13,948 : INFO : EventManager : Event: ======'logicblock_citadel_load_counter_updated'====== Args={'value': 0, 'enabled': True}
2020-02-17 19:03:13,948 : INFO : EventManager : Event: ======'logicblock_torpedo_load_counter_updated'====== Args={'value': 0, 'enabled': True}
2020-02-17 19:03:13,948 : INFO : Mode.battle : Started. Priority: 300
2020-02-17 19:03:13,948 : INFO : EventManager : Event: ======'mode_battle_started'====== Args={'player': 1, 'ball': 1, 'balls_remaining': 2, 'is_extra_ball': False}
2020-02-17 19:03:13,948 : INFO : EventManager : Event: ======'single_player_ball_started'====== Args={}
2020-02-17 19:03:13,949 : INFO : EventManager : Event: ======'slide_base.slide_player-mode_base_started_created'====== Args={'_from_bcp': True}
2020-02-17 19:03:13,949 : INFO : EventManager : Event: ======'slide_base.slide_player-mode_base_started_active'====== Args={'_from_bcp': True}
2020-02-17 19:03:13,993 : INFO : EventManager : Event: ======'balldevice_balls_available'====== Args={}
2020-02-17 19:03:13,994 : INFO : EventManager : Event: ======'balldevice_bd_trough_ball_eject_attempt'====== Args={'balls': 1, 'target': <ball_device.bd_plunger>, 'source': <ball_device.bd_trough>, 'mechanical_eject': True, 'num_attempts': 0}
2020-02-17 19:03:13,994 : INFO : ball_device.bd_trough : Ejecting ball to <ball_device.bd_plunger>
2020-02-17 19:03:13,995 : INFO : EventManager : Event: ======'balldevice_bd_trough_ejecting_ball'====== Args={'balls': 1, 'target': <ball_device.bd_plunger>, 'source': <ball_device.bd_trough>, 'mechanical_eject': True, 'num_attempts': 0}
2020-02-17 19:03:13,995 : INFO : coil.c_trough_eject : Pulsing Driver for 20ms (1.0 pulse_power)
2020-02-17 19:03:13,996 : INFO : SwitchController : <<<<<<< 's_trough1' inactive >>>>>>>
2020-02-17 19:03:14,083 : INFO : SwitchController : <<<<<<< 's_plunger' active >>>>>>>
2020-02-17 19:03:14,083 : INFO : EventManager : Event: ======'machine_var_audits_switches_s_plunger'====== Args={'value': 301, 'prev_value': 300, 'change': 1}
2020-02-17 19:03:14,395 : INFO : EventManager : Event: ======'balldevice_bd_plunger_ball_enter'====== Args={'new_balls': 1, 'unclaimed_balls': 0, 'new_available_balls': 0, 'device': <ball_device.bd_plunger>}
2020-02-17 19:03:14,395 : INFO : EventManager : Event: ======'balldevice_bd_plunger_ball_entered'====== Args={'new_balls': 0, 'device': <ball_device.bd_plunger>}
2020-02-17 19:03:14,396 : INFO : EventManager : Event: ======'balldevice_bd_plunger_ball_count_changed'====== Args={'balls': 1}
2020-02-17 19:03:14,396 : INFO : EventManager : Event: ======'balldevice_bd_trough_ball_eject_success'====== Args={'balls': 1, 'target': <ball_device.bd_plunger>}
2020-02-17 19:03:14,396 : INFO : EventManager : Event: ======'balldevice_bd_trough_ball_count_changed'====== Args={'balls': 4}
2020-02-17 19:03:14,397 : INFO : EventManager : Event: ======'balldevice_bd_plunger_ball_eject_attempt'====== Args={'balls': 1, 'target': <playfield.playfield>, 'source': <ball_device.bd_plunger>, 'mechanical_eject': True, 'num_attempts': 0}
2020-02-17 19:03:14,397 : INFO : ball_device.bd_plunger : Ejecting ball to <playfield.playfield>
2020-02-17 19:03:14,398 : INFO : EventManager : Event: ======'balldevice_bd_plunger_ejecting_ball'====== Args={'balls': 1, 'target': <playfield.playfield>, 'source': <ball_device.bd_plunger>, 'mechanical_eject': True, 'num_attempts': 0}
2020-02-17 19:03:16,850 : INFO : SwitchController : <<<<<<< 's_side_ramp_made' active >>>>>>>
2020-02-17 19:03:16,850 : INFO : EventManager : Event: ======'s_side_ramp_made_active'====== Args={}
2020-02-17 19:03:16,851 : INFO : EventManager : Event: ======'machine_var_audits_switches_s_side_ramp_made'====== Args={'value': 85, 'prev_value': 84, 'change': 1}
2020-02-17 19:03:16,852 : INFO : EventManager : Event: ======'logicblock_citadel_load_counter_updated'====== Args={'value': 1, 'enabled': True}
2020-02-17 19:03:16,852 : INFO : EventManager : Event: ======'citadel_load_advance'====== Args={'count': 1, 'remaining': 2}
2020-02-17 19:03:16,852 : INFO : EventManager : Event: ======'logicblock_torpedo_load_counter_updated'====== Args={'value': 1, 'enabled': True}
2020-02-17 19:03:16,853 : INFO : EventManager : Event: ======'torpedo_load_advance'====== Args={'count': 1, 'remaining': 2}
2020-02-17 19:03:16,945 : INFO : SwitchController : <<<<<<< 's_side_ramp_made' inactive >>>>>>>
2020-02-17 19:03:17,845 : INFO : SwitchController : <<<<<<< 's_side_ramp_made' active >>>>>>>
2020-02-17 19:03:17,845 : INFO : EventManager : Event: ======'s_side_ramp_made_active'====== Args={}
2020-02-17 19:03:17,845 : INFO : EventManager : Event: ======'machine_var_audits_switches_s_side_ramp_made'====== Args={'value': 86, 'prev_value': 85, 'change': 1}
2020-02-17 19:03:17,846 : INFO : EventManager : Event: ======'logicblock_citadel_load_counter_updated'====== Args={'value': 2, 'enabled': True}
2020-02-17 19:03:17,846 : INFO : EventManager : Event: ======'citadel_load_advance'====== Args={'count': 2, 'remaining': 1}
2020-02-17 19:03:17,846 : INFO : EventManager : Event: ======'logicblock_torpedo_load_counter_updated'====== Args={'value': 2, 'enabled': True}
2020-02-17 19:03:17,846 : INFO : EventManager : Event: ======'torpedo_load_advance'====== Args={'count': 2, 'remaining': 1}
2020-02-17 19:03:17,926 : INFO : SwitchController : <<<<<<< 's_side_ramp_made' inactive >>>>>>>
2020-02-17 19:03:18,460 : INFO : SwitchController : <<<<<<< 's_side_ramp_made' active >>>>>>>
2020-02-17 19:03:18,460 : INFO : EventManager : Event: ======'s_side_ramp_made_active'====== Args={}
2020-02-17 19:03:18,460 : INFO : EventManager : Event: ======'machine_var_audits_switches_s_side_ramp_made'====== Args={'value': 87, 'prev_value': 86, 'change': 1}
2020-02-17 19:03:18,461 : INFO : EventManager : Event: ======'logicblock_citadel_load_counter_updated'====== Args={'value': 3, 'enabled': True}
2020-02-17 19:03:18,461 : INFO : EventManager : Event: ======'citadel_load_advance'====== Args={'count': 3, 'remaining': 0}
2020-02-17 19:03:18,461 : INFO : EventManager : Event: ======'citadel_loaded'====== Args={}
2020-02-17 19:03:18,462 : INFO : EventManager : Event: ======'logicblock_citadel_load_counter_updated'====== Args={'value': 0, 'enabled': True}
2020-02-17 19:03:18,462 : INFO : EventManager : Event: ======'logicblock_torpedo_load_counter_updated'====== Args={'value': 3, 'enabled': True}
2020-02-17 19:03:18,462 : INFO : EventManager : Event: ======'torpedo_load_advance'====== Args={'count': 3, 'remaining': 0}
2020-02-17 19:03:18,462 : INFO : EventManager : Event: ======'torpedo_loaded'====== Args={}
2020-02-17 19:03:18,462 : INFO : EventManager : Event: ======'logicblock_torpedo_load_counter_updated'====== Args={'value': 0, 'enabled': True}
2020-02-17 19:03:18,463 : INFO : EventManager : Event: ======'enable_citadel_magnet'====== Args={'priority': 0}
2020-02-17 19:03:18,463 : INFO : EventManager : Event: ======'enable_loop_magnet'====== Args={'priority': 0}
2020-02-17 19:03:18,463 : INFO : EventManager : Event: ======'player_citadel_ready'====== Args={'value': 1, 'prev_value': 0, 'change': 1, 'player_num': 1}
2020-02-17 19:03:18,463 : INFO : EventManager : Event: ======'player_citadel_number'====== Args={'value': 1, 'prev_value': 0, 'change': 1, 'player_num': 1}
2020-02-17 19:03:18,464 : INFO : EventManager : Event: ======'player_torpedo_ready'====== Args={'value': 1, 'prev_value': 0, 'change': 1, 'player_num': 1}
2020-02-17 19:03:18,464 : INFO : EventManager : Event: ======'player_torpedo_number'====== Args={'value': 1, 'prev_value': 0, 'change': 1, 'player_num': 1}
2020-02-17 19:03:18,540 : INFO : SwitchController : <<<<<<< 's_side_ramp_made' inactive >>>>>>>
2020-02-17 19:03:31,964 : INFO : SwitchController : <<<<<<< 's_side_ramp_made' active >>>>>>>
2020-02-17 19:03:31,964 : INFO : EventManager : Event: ======'s_side_ramp_made_active'====== Args={}
2020-02-17 19:03:31,964 : INFO : EventManager : Event: ======'machine_var_audits_switches_s_side_ramp_made'====== Args={'value': 88, 'prev_value': 87, 'change': 1}
2020-02-17 19:03:31,966 : INFO : EventManager : Event: ======'logicblock_citadel_load_counter_updated'====== Args={'value': 1, 'enabled': True}
2020-02-17 19:03:31,966 : INFO : EventManager : Event: ======'citadel_load_advance'====== Args={'count': 1, 'remaining': 2}
2020-02-17 19:03:31,966 : INFO : EventManager : Event: ======'logicblock_torpedo_load_counter_updated'====== Args={'value': 1, 'enabled': True}
2020-02-17 19:03:31,972 : INFO : EventManager : Event: ======'torpedo_load_advance'====== Args={'count': 1, 'remaining': 2}
2020-02-17 19:03:32,100 : INFO : SwitchController : <<<<<<< 's_side_ramp_made' inactive >>>>>>>
2020-02-17 19:03:32,504 : INFO : SwitchController : <<<<<<< 's_side_ramp_made' active >>>>>>>
2020-02-17 19:03:32,504 : INFO : EventManager : Event: ======'s_side_ramp_made_active'====== Args={}
2020-02-17 19:03:32,504 : INFO : EventManager : Event: ======'machine_var_audits_switches_s_side_ramp_made'====== Args={'value': 89, 'prev_value': 88, 'change': 1}
2020-02-17 19:03:32,505 : INFO : EventManager : Event: ======'logicblock_citadel_load_counter_updated'====== Args={'value': 2, 'enabled': True}
2020-02-17 19:03:32,506 : INFO : EventManager : Event: ======'citadel_load_advance'====== Args={'count': 2, 'remaining': 1}
2020-02-17 19:03:32,506 : INFO : EventManager : Event: ======'logicblock_torpedo_load_counter_updated'====== Args={'value': 2, 'enabled': True}
2020-02-17 19:03:32,506 : INFO : EventManager : Event: ======'torpedo_load_advance'====== Args={'count': 2, 'remaining': 1}
2020-02-17 19:03:32,624 : INFO : SwitchController : <<<<<<< 's_side_ramp_made' inactive >>>>>>>
2020-02-17 19:03:33,132 : INFO : SwitchController : <<<<<<< 's_side_ramp_made' active >>>>>>>
2020-02-17 19:03:33,132 : INFO : EventManager : Event: ======'s_side_ramp_made_active'====== Args={}
2020-02-17 19:03:33,132 : INFO : EventManager : Event: ======'machine_var_audits_switches_s_side_ramp_made'====== Args={'value': 90, 'prev_value': 89, 'change': 1}
2020-02-17 19:03:33,133 : INFO : EventManager : Event: ======'logicblock_citadel_load_counter_updated'====== Args={'value': 3, 'enabled': True}
2020-02-17 19:03:33,133 : INFO : EventManager : Event: ======'citadel_load_advance'====== Args={'count': 3, 'remaining': 0}
2020-02-17 19:03:33,133 : INFO : EventManager : Event: ======'citadel_loaded'====== Args={}
2020-02-17 19:03:33,133 : INFO : EventManager : Event: ======'logicblock_citadel_load_counter_updated'====== Args={'value': 0, 'enabled': True}
2020-02-17 19:03:33,133 : INFO : EventManager : Event: ======'logicblock_torpedo_load_counter_updated'====== Args={'value': 3, 'enabled': True}
2020-02-17 19:03:33,133 : INFO : EventManager : Event: ======'torpedo_load_advance'====== Args={'count': 3, 'remaining': 0}
2020-02-17 19:03:33,134 : INFO : EventManager : Event: ======'torpedo_loaded'====== Args={}
2020-02-17 19:03:33,134 : INFO : EventManager : Event: ======'logicblock_torpedo_load_counter_updated'====== Args={'value': 0, 'enabled': True}
2020-02-17 19:03:33,134 : INFO : EventManager : Event: ======'enable_citadel_magnet'====== Args={'priority': 0}
2020-02-17 19:03:33,134 : INFO : EventManager : Event: ======'enable_loop_magnet'====== Args={'priority': 0}
2020-02-17 19:03:33,134 : INFO : EventManager : Event: ======'player_citadel_number'====== Args={'value': 2, 'prev_value': 1, 'change': 1, 'player_num': 1}
2020-02-17 19:03:33,135 : INFO : EventManager : Event: ======'player_torpedo_number'====== Args={'value': 2, 'prev_value': 1, 'change': 1, 'player_num': 1}
2020-02-17 19:03:33,214 : INFO : SwitchController : <<<<<<< 's_side_ramp_made' inactive >>>>>>>
2020-02-17 19:03:41,236 : INFO : Machine : Shutting down...
2020-02-17 19:03:41,236 : INFO : EventManager : Event: ======'shutdown'====== Args={}
2020-02-17 19:03:41,239 : INFO : root : MPF run loop ended.
