2020-07-12 10:27:37,234 : kivy : Factory: 184 symbols loaded
2020-07-12 10:27:37,334 : kivy : ImageLoaderFFPy: Using ffpyplayer 4.3.1
2020-07-12 10:27:37,335 : kivy : Image: Providers: img_tex, img_dds, img_sdl2, img_pil, img_ffpyplayer, img_gif 
2020-07-12 10:27:37,379 : kivy : VideoGstplayer: Using Gstreamer 1.16.0.0
2020-07-12 10:27:37,379 : kivy : Video: Provider: gstplayer
2020-07-12 10:27:37,444 : kivy : Loading MPF-MC controller
2020-07-12 10:27:37,446 : YamlMultifileConfigLoader : Machine config file #1: config
2020-07-12 10:27:37,446 : ConfigProcessor : Config file in cache changed: E:\MPF\wows\wows\config\config
2020-07-12 10:27:37,447 : ConfigProcessor : Loading config from file c:\users\schol\appdata\local\programs\python\python36\lib\site-packages\mpfmc\mcconfig.yaml.
2020-07-12 10:27:37,485 : ConfigProcessor : Loading config: c:\users\schol\appdata\local\programs\python\python36\lib\site-packages\mpfmc\mcconfig.yaml
2020-07-12 10:27:37,485 : ConfigProcessor : Loading config from file E:\MPF\wows\wows\config\config.
2020-07-12 10:27:37,651 : ConfigProcessor : Loading config: E:\MPF\wows\wows\config\config
2020-07-12 10:27:37,654 : ConfigProcessor : Config file cache created: C:\Users\schol\AppData\Local\Temp\051200dc57c22661ccd061bb2017f3a6.mpf_cache
2020-07-12 10:27:37,654 : ConfigProcessor : Loading config from cache: C:\Users\schol\AppData\Local\Temp\d7d60495530237b374578b281bb65f31.mpf_cache
2020-07-12 10:27:37,655 : ConfigProcessor : Loading config from cache: C:\Users\schol\AppData\Local\Temp\cd9adc04f71a18563c8a43d82180f6f2.mpf_cache
2020-07-12 10:27:37,655 : ConfigProcessor : Loading config from cache: C:\Users\schol\AppData\Local\Temp\d7d60495530237b374578b281bb65f31.mpf_cache
2020-07-12 10:27:37,656 : ConfigProcessor : Loading config from cache: C:\Users\schol\AppData\Local\Temp\4bea832e3562a43fbe38f9764d71c298.mpf_cache
2020-07-12 10:27:37,656 : ConfigProcessor : Loading config from cache: C:\Users\schol\AppData\Local\Temp\45b3b9aa5591eaef8a230445e70fa468.mpf_cache
2020-07-12 10:27:37,656 : ConfigProcessor : Loading config from cache: C:\Users\schol\AppData\Local\Temp\dec453850496132f8dddcdfa0a36feb5.mpf_cache
2020-07-12 10:27:37,657 : ConfigProcessor : Loading config from cache: C:\Users\schol\AppData\Local\Temp\72e9fea1cb562e40024eb5e8538ccaf2.mpf_cache
2020-07-12 10:27:37,657 : ConfigProcessor : Loading config from cache: C:\Users\schol\AppData\Local\Temp\1ff29be1d22fb14fe5fd1c82a6918df4.mpf_cache
2020-07-12 10:27:37,658 : ConfigProcessor : Config file in cache changed: E:\MPF\wows\wows\modes\mode_2\config\mode_2.yaml
2020-07-12 10:27:37,658 : ConfigProcessor : Loading config from file E:\MPF\wows\wows\modes\mode_2\config\mode_2.yaml.
