2020-06-26 23:19:16,910 : kivy : Factory: 184 symbols loaded
2020-06-26 23:19:17,018 : kivy : ImageLoaderFFPy: Using ffpyplayer 4.3.1
2020-06-26 23:19:17,019 : kivy : Image: Providers: img_tex, img_dds, img_sdl2, img_pil, img_ffpyplayer, img_gif 
2020-06-26 23:19:17,067 : kivy : VideoGstplayer: Using Gstreamer 1.16.0.0
2020-06-26 23:19:17,068 : kivy : Video: Provider: gstplayer
2020-06-26 23:19:17,139 : kivy : Loading MPF-MC controller
2020-06-26 23:19:17,141 : YamlMultifileConfigLoader : Machine config file #1: config
2020-06-26 23:19:17,142 : ConfigProcessor : Config file in cache changed: E:\MPF\wows\wows\config\config
2020-06-26 23:19:17,142 : ConfigProcessor : Loading config from file c:\users\schol\appdata\local\programs\python\python36\lib\site-packages\mpfmc\mcconfig.yaml.
2020-06-26 23:19:17,180 : ConfigProcessor : Loading config: c:\users\schol\appdata\local\programs\python\python36\lib\site-packages\mpfmc\mcconfig.yaml
2020-06-26 23:19:17,180 : ConfigProcessor : Loading config from file E:\MPF\wows\wows\config\config.
2020-06-26 23:19:17,331 : ConfigProcessor : Loading config: E:\MPF\wows\wows\config\config
2020-06-26 23:19:17,333 : ConfigProcessor : Config file cache created: C:\Users\schol\AppData\Local\Temp\051200dc57c22661ccd061bb2017f3a6.mpf_cache
2020-06-26 23:19:17,334 : ConfigProcessor : Loading config from cache: C:\Users\schol\AppData\Local\Temp\d7d60495530237b374578b281bb65f31.mpf_cache
2020-06-26 23:19:17,334 : ConfigProcessor : Loading config from cache: C:\Users\schol\AppData\Local\Temp\5c4497fcd69d1d656c4b69a28e44c490.mpf_cache
2020-06-26 23:19:17,334 : ConfigProcessor : Loading config from cache: C:\Users\schol\AppData\Local\Temp\d7d60495530237b374578b281bb65f31.mpf_cache
2020-06-26 23:19:17,335 : ConfigProcessor : Loading config from cache: C:\Users\schol\AppData\Local\Temp\dec453850496132f8dddcdfa0a36feb5.mpf_cache
2020-06-26 23:19:17,335 : ConfigProcessor : Loading config from cache: C:\Users\schol\AppData\Local\Temp\72e9fea1cb562e40024eb5e8538ccaf2.mpf_cache
2020-06-26 23:19:17,335 : ConfigProcessor : Loading config from cache: C:\Users\schol\AppData\Local\Temp\1ff29be1d22fb14fe5fd1c82a6918df4.mpf_cache
2020-06-26 23:19:17,336 : ConfigProcessor : Loading config from cache: C:\Users\schol\AppData\Local\Temp\b0de444617e3bf30a07f755a6d4831cc.mpf_cache
2020-06-26 23:19:17,336 : ConfigProcessor : Loading config from cache: C:\Users\schol\AppData\Local\Temp\200a9b2dddbe7706ffb4c4426b6d54a8.mpf_cache
2020-06-26 23:19:17,336 : ConfigProcessor : Loading config from cache: C:\Users\schol\AppData\Local\Temp\5ab98d4be1e8de85bea62364890eb2e9.mpf_cache
2020-06-26 23:19:17,337 : ConfigProcessor : Loading config from cache: C:\Users\schol\AppData\Local\Temp\4303dca7489148da2d256fc831cf8c96.mpf_cache
2020-06-26 23:19:17,337 : ConfigProcessor : Loading config from cache: C:\Users\schol\AppData\Local\Temp\e8fceecd8f65a6a7269e98c7961bbf6a.mpf_cache
2020-06-26 23:19:17,338 : ConfigProcessor : Loading config from cache: C:\Users\schol\AppData\Local\Temp\c84d6d08bf6f923cbcccfeeea02d2c8a.mpf_cache
2020-06-26 23:19:17,338 : ConfigProcessor : Loading config from cache: C:\Users\schol\AppData\Local\Temp\159a0b7ffc6de2ed1a8cdcd57b7df3c0.mpf_cache
2020-06-26 23:19:17,338 : ConfigProcessor : Loading config from cache: C:\Users\schol\AppData\Local\Temp\b1234e2c44a33609dc2af4760c4a3f89.mpf_cache
2020-06-26 23:19:17,344 : ConfigProcessor : Loading config from cache: C:\Users\schol\AppData\Local\Temp\466eddfec572894d9eb472ce07aa5fba.mpf_cache
2020-06-26 23:19:17,344 : ConfigProcessor : Loading config from cache: C:\Users\schol\AppData\Local\Temp\93429a2a8e0859f6546b68f40c2a4656.mpf_cache
2020-06-26 23:19:17,345 : ConfigProcessor : Loading config from cache: C:\Users\schol\AppData\Local\Temp\95ae88fb094583fa2b4097c6df179650.mpf_cache
2020-06-26 23:19:17,345 : ConfigProcessor : Loading config from cache: C:\Users\schol\AppData\Local\Temp\de2d3fc178b15ce3807fa4ab35b9c965.mpf_cache
2020-06-26 23:19:17,345 : ConfigProcessor : Loading config from cache: C:\Users\schol\AppData\Local\Temp\0c80ca2179989d09b86c78c19ec87d9b.mpf_cache
2020-06-26 23:19:17,346 : ConfigProcessor : Loading config from cache: C:\Users\schol\AppData\Local\Temp\95e265efe14e4eb05d8d5c5689c9ae6b.mpf_cache
2020-06-26 23:19:17,346 : ConfigProcessor : Loading config from cache: C:\Users\schol\AppData\Local\Temp\ba047bbdc168fca96d58d351c4240916.mpf_cache
2020-06-26 23:19:17,347 : ConfigProcessor : Loading config from cache: C:\Users\schol\AppData\Local\Temp\7c1900736275ba8a713cfe77e991e929.mpf_cache
2020-06-26 23:19:17,347 : ConfigProcessor : Loading config from cache: C:\Users\schol\AppData\Local\Temp\db3d1ab92e5d5c563b40d82372434517.mpf_cache
2020-06-26 23:19:17,347 : ConfigProcessor : Loading config from cache: C:\Users\schol\AppData\Local\Temp\2f89b2ab1d9f3cef79a660914b2a527a.mpf_cache
2020-06-26 23:19:17,348 : ConfigProcessor : Loading config from cache: C:\Users\schol\AppData\Local\Temp\efcf079e5af2b94e88dae4e07273acc8.mpf_cache
2020-06-26 23:19:17,348 : mpfmc : Mission Pinball Framework Media Controller v0.54.0-dev.7
2020-06-26 23:19:17,348 : mpfmc : Mission Pinball Framework Game Engine v0.54.0-dev.33
2020-06-26 23:19:17,348 : mpfmc : Machine path: E:\MPF\wows\wows
2020-06-26 23:19:17,348 : mpfmc : Starting clock at 60.0Hz
2020-06-26 23:19:17,362 : kivy : Text: Provider: sdl2
2020-06-26 23:19:17,401 : kivy : Window: Provider: sdl2
2020-06-26 23:19:17,775 : kivy : GL: Using the "OpenGL" graphics system
2020-06-26 23:19:17,781 : kivy : GL: GLEW initialization succeeded
2020-06-26 23:19:17,782 : kivy : GL: Backend used <glew>
2020-06-26 23:19:17,782 : kivy : GL: OpenGL version <b'4.6.0 NVIDIA 442.59'>
2020-06-26 23:19:17,782 : kivy : GL: OpenGL vendor <b'NVIDIA Corporation'>
2020-06-26 23:19:17,782 : kivy : GL: OpenGL renderer <b'GeForce GTX 1060 6GB/PCIe/SSE2'>
2020-06-26 23:19:17,782 : kivy : GL: OpenGL parsed version: 4, 6
2020-06-26 23:19:17,782 : kivy : GL: Shading version <b'4.60 NVIDIA'>
2020-06-26 23:19:17,782 : kivy : GL: Texture max size <32768>
2020-06-26 23:19:17,782 : kivy : GL: Texture max units <32>
2020-06-26 23:19:17,796 : kivy : Window: auto add sdl2 input provider
2020-06-26 23:19:17,796 : kivy : Window: virtual keyboard not allowed, single mode, not docked
2020-06-26 23:19:18,044 : AudioInterface : Initialized
2020-06-26 23:19:18,046 : kivy : Base: Start application main loop
2020-06-26 23:19:18,047 : EventManager : Event: ======'display_dmd_initialized'====== Args={}
2020-06-26 23:19:18,094 : mpfmc : Display: Setting 'dmd' as default display
2020-06-26 23:19:18,099 : kivy : GL: NPOT texture support is available
2020-06-26 23:19:18,108 : EventManager : Event: ======'displays_initialized'====== Args={}
2020-06-26 23:19:18,109 : EventManager : Event: ======'slide_dmd_blank_created'====== Args={}
2020-06-26 23:19:18,109 : EventManager : Event: ======'display_dmd_ready'====== Args={}
2020-06-26 23:19:18,118 : EventManager : Event: ======'init_phase_1'====== Args={}
2020-06-26 23:19:18,120 : EventManager : Event: ======'mc_ready'====== Args={}
2020-06-26 23:19:18,120 : EventManager : Event: ======'init_phase_2'====== Args={}
2020-06-26 23:19:18,131 : EventManager : Event: ======'init_phase_3'====== Args={}
2020-06-26 23:19:18,131 : AssetManager : Registering Asset: belso_agyu, File: belso_agyu.gif, Default Group: default, Final Config: {'load': 'preload', 'file': 'E:\\MPF\\wows\\wows\\images\\belso_agyu.gif'}
2020-06-26 23:19:18,131 : AssetManager : Registering Asset: belso_agyu_2, File: belso_agyu_2.gif, Default Group: default, Final Config: {'load': 'preload', 'file': 'E:\\MPF\\wows\\wows\\images\\belso_agyu_2.gif'}
2020-06-26 23:19:18,131 : AssetManager : Registering Asset: belso_agyu_marad, File: belso_agyu_marad.png, Default Group: default, Final Config: {'load': 'preload', 'file': 'E:\\MPF\\wows\\wows\\images\\belso_agyu_marad.png'}
2020-06-26 23:19:18,131 : AssetManager : Registering Asset: belso_agyu_marad_2, File: belso_agyu_marad_2.png, Default Group: default, Final Config: {'load': 'preload', 'file': 'E:\\MPF\\wows\\wows\\images\\belso_agyu_marad_2.png'}
2020-06-26 23:19:18,131 : AssetManager : Registering Asset: belso_felepitmeny, File: belso_felepitmeny.gif, Default Group: default, Final Config: {'load': 'preload', 'file': 'E:\\MPF\\wows\\wows\\images\\belso_felepitmeny.gif'}
2020-06-26 23:19:18,132 : AssetManager : Registering Asset: belso_felepitmeny_2, File: belso_felepitmeny_2.gif, Default Group: default, Final Config: {'load': 'preload', 'file': 'E:\\MPF\\wows\\wows\\images\\belso_felepitmeny_2.gif'}
2020-06-26 23:19:18,132 : AssetManager : Registering Asset: belso_hajotest, File: belso_hajotest.png, Default Group: default, Final Config: {'load': 'preload', 'file': 'E:\\MPF\\wows\\wows\\images\\belso_hajotest.png'}
2020-06-26 23:19:18,132 : AssetManager : Registering Asset: belso_izzo, File: belso_izzo.gif, Default Group: default, Final Config: {'load': 'preload', 'file': 'E:\\MPF\\wows\\wows\\images\\belso_izzo.gif'}
2020-06-26 23:19:18,132 : AssetManager : Registering Asset: belso_izzo_2, File: belso_izzo_2.gif, Default Group: default, Final Config: {'load': 'preload', 'file': 'E:\\MPF\\wows\\wows\\images\\belso_izzo_2.gif'}
2020-06-26 23:19:18,132 : AssetManager : Registering Asset: belso_muzzle_flash, File: belso_muzzle_flash.gif, Default Group: default, Final Config: {'load': 'preload', 'file': 'E:\\MPF\\wows\\wows\\images\\belso_muzzle_flash.gif'}
2020-06-26 23:19:18,132 : AssetManager : Registering Asset: conqueror, File: conqueror.png, Default Group: default, Final Config: {'load': 'preload', 'file': 'E:\\MPF\\wows\\wows\\images\\conqueror.png'}
2020-06-26 23:19:18,132 : AssetManager : Registering Asset: ConsumableCountdown100, File: ConsumableCountdown100.jpg, Default Group: default, Final Config: {'load': 'preload', 'file': 'E:\\MPF\\wows\\wows\\images\\ConsumableCountdown100.jpg'}
2020-06-26 23:19:18,132 : AssetManager : Registering Asset: ConsumableCountdown101, File: ConsumableCountdown101.jpg, Default Group: default, Final Config: {'load': 'preload', 'file': 'E:\\MPF\\wows\\wows\\images\\ConsumableCountdown101.jpg'}
2020-06-26 23:19:18,132 : AssetManager : Registering Asset: ConsumableCountdown102, File: ConsumableCountdown102.jpg, Default Group: default, Final Config: {'load': 'preload', 'file': 'E:\\MPF\\wows\\wows\\images\\ConsumableCountdown102.jpg'}
2020-06-26 23:19:18,132 : AssetManager : Registering Asset: ConsumableCountdown103, File: ConsumableCountdown103.jpg, Default Group: default, Final Config: {'load': 'preload', 'file': 'E:\\MPF\\wows\\wows\\images\\ConsumableCountdown103.jpg'}
2020-06-26 23:19:18,132 : AssetManager : Registering Asset: ConsumableCountdown104, File: ConsumableCountdown104.jpg, Default Group: default, Final Config: {'load': 'preload', 'file': 'E:\\MPF\\wows\\wows\\images\\ConsumableCountdown104.jpg'}
2020-06-26 23:19:18,132 : AssetManager : Registering Asset: ConsumableCountdown105, File: ConsumableCountdown105.jpg, Default Group: default, Final Config: {'load': 'preload', 'file': 'E:\\MPF\\wows\\wows\\images\\ConsumableCountdown105.jpg'}
2020-06-26 23:19:18,132 : AssetManager : Registering Asset: ConsumableCountdown106, File: ConsumableCountdown106.jpg, Default Group: default, Final Config: {'load': 'preload', 'file': 'E:\\MPF\\wows\\wows\\images\\ConsumableCountdown106.jpg'}
2020-06-26 23:19:18,132 : AssetManager : Registering Asset: ConsumableCountdown107, File: ConsumableCountdown107.jpg, Default Group: default, Final Config: {'load': 'preload', 'file': 'E:\\MPF\\wows\\wows\\images\\ConsumableCountdown107.jpg'}
2020-06-26 23:19:18,133 : AssetManager : Registering Asset: ConsumableCountdown108, File: ConsumableCountdown108.jpg, Default Group: default, Final Config: {'load': 'preload', 'file': 'E:\\MPF\\wows\\wows\\images\\ConsumableCountdown108.jpg'}
2020-06-26 23:19:18,133 : AssetManager : Registering Asset: ConsumableCountdown109, File: ConsumableCountdown109.jpg, Default Group: default, Final Config: {'load': 'preload', 'file': 'E:\\MPF\\wows\\wows\\images\\ConsumableCountdown109.jpg'}
2020-06-26 23:19:18,133 : AssetManager : Registering Asset: ConsumableCountdown110, File: ConsumableCountdown110.jpg, Default Group: default, Final Config: {'load': 'preload', 'file': 'E:\\MPF\\wows\\wows\\images\\ConsumableCountdown110.jpg'}
2020-06-26 23:19:18,133 : AssetManager : Registering Asset: ConsumableCountdown111, File: ConsumableCountdown111.jpg, Default Group: default, Final Config: {'load': 'preload', 'file': 'E:\\MPF\\wows\\wows\\images\\ConsumableCountdown111.jpg'}
2020-06-26 23:19:18,133 : AssetManager : Registering Asset: ConsumableCountdown112, File: ConsumableCountdown112.jpg, Default Group: default, Final Config: {'load': 'preload', 'file': 'E:\\MPF\\wows\\wows\\images\\ConsumableCountdown112.jpg'}
2020-06-26 23:19:18,133 : AssetManager : Registering Asset: ConsumableCountdown113, File: ConsumableCountdown113.jpg, Default Group: default, Final Config: {'load': 'preload', 'file': 'E:\\MPF\\wows\\wows\\images\\ConsumableCountdown113.jpg'}
2020-06-26 23:19:18,133 : AssetManager : Registering Asset: ConsumableCountdown114, File: ConsumableCountdown114.jpg, Default Group: default, Final Config: {'load': 'preload', 'file': 'E:\\MPF\\wows\\wows\\images\\ConsumableCountdown114.jpg'}
2020-06-26 23:19:18,133 : AssetManager : Registering Asset: ConsumableCountdown115, File: ConsumableCountdown115.jpg, Default Group: default, Final Config: {'load': 'preload', 'file': 'E:\\MPF\\wows\\wows\\images\\ConsumableCountdown115.jpg'}
2020-06-26 23:19:18,133 : AssetManager : Registering Asset: ConsumableCountdown116, File: ConsumableCountdown116.jpg, Default Group: default, Final Config: {'load': 'preload', 'file': 'E:\\MPF\\wows\\wows\\images\\ConsumableCountdown116.jpg'}
2020-06-26 23:19:18,133 : AssetManager : Registering Asset: ConsumableCountdown117, File: ConsumableCountdown117.jpg, Default Group: default, Final Config: {'load': 'preload', 'file': 'E:\\MPF\\wows\\wows\\images\\ConsumableCountdown117.jpg'}
2020-06-26 23:19:18,133 : AssetManager : Registering Asset: ConsumableCountdown118, File: ConsumableCountdown118.jpg, Default Group: default, Final Config: {'load': 'preload', 'file': 'E:\\MPF\\wows\\wows\\images\\ConsumableCountdown118.jpg'}
2020-06-26 23:19:18,133 : AssetManager : Registering Asset: ConsumableCountdown119, File: ConsumableCountdown119.jpg, Default Group: default, Final Config: {'load': 'preload', 'file': 'E:\\MPF\\wows\\wows\\images\\ConsumableCountdown119.jpg'}
2020-06-26 23:19:18,133 : AssetManager : Registering Asset: ConsumableCountdown120, File: ConsumableCountdown120.jpg, Default Group: default, Final Config: {'load': 'preload', 'file': 'E:\\MPF\\wows\\wows\\images\\ConsumableCountdown120.jpg'}
2020-06-26 23:19:18,133 : AssetManager : Registering Asset: ConsumableCountdown121, File: ConsumableCountdown121.jpg, Default Group: default, Final Config: {'load': 'preload', 'file': 'E:\\MPF\\wows\\wows\\images\\ConsumableCountdown121.jpg'}
2020-06-26 23:19:18,133 : AssetManager : Registering Asset: ConsumableCountdown122, File: ConsumableCountdown122.jpg, Default Group: default, Final Config: {'load': 'preload', 'file': 'E:\\MPF\\wows\\wows\\images\\ConsumableCountdown122.jpg'}
2020-06-26 23:19:18,133 : AssetManager : Registering Asset: ConsumableCountdown123, File: ConsumableCountdown123.jpg, Default Group: default, Final Config: {'load': 'preload', 'file': 'E:\\MPF\\wows\\wows\\images\\ConsumableCountdown123.jpg'}
2020-06-26 23:19:18,134 : AssetManager : Registering Asset: ConsumableCountdown124, File: ConsumableCountdown124.jpg, Default Group: default, Final Config: {'load': 'preload', 'file': 'E:\\MPF\\wows\\wows\\images\\ConsumableCountdown124.jpg'}
2020-06-26 23:19:18,134 : AssetManager : Registering Asset: ConsumableCountdown125, File: ConsumableCountdown125.jpg, Default Group: default, Final Config: {'load': 'preload', 'file': 'E:\\MPF\\wows\\wows\\images\\ConsumableCountdown125.jpg'}
2020-06-26 23:19:18,134 : AssetManager : Registering Asset: ConsumableCountdown126, File: ConsumableCountdown126.jpg, Default Group: default, Final Config: {'load': 'preload', 'file': 'E:\\MPF\\wows\\wows\\images\\ConsumableCountdown126.jpg'}
2020-06-26 23:19:18,134 : AssetManager : Registering Asset: ConsumableCountdown127, File: ConsumableCountdown127.jpg, Default Group: default, Final Config: {'load': 'preload', 'file': 'E:\\MPF\\wows\\wows\\images\\ConsumableCountdown127.jpg'}
2020-06-26 23:19:18,134 : AssetManager : Registering Asset: ConsumableCountdown128, File: ConsumableCountdown128.jpg, Default Group: default, Final Config: {'load': 'preload', 'file': 'E:\\MPF\\wows\\wows\\images\\ConsumableCountdown128.jpg'}
2020-06-26 23:19:18,134 : AssetManager : Registering Asset: ConsumableCountdown129, File: ConsumableCountdown129.jpg, Default Group: default, Final Config: {'load': 'preload', 'file': 'E:\\MPF\\wows\\wows\\images\\ConsumableCountdown129.jpg'}
2020-06-26 23:19:18,134 : AssetManager : Registering Asset: ConsumableCountdown130, File: ConsumableCountdown130.jpg, Default Group: default, Final Config: {'load': 'preload', 'file': 'E:\\MPF\\wows\\wows\\images\\ConsumableCountdown130.jpg'}
2020-06-26 23:19:18,134 : AssetManager : Registering Asset: container_ball, File: container_ball.gif, Default Group: default, Final Config: {'load': 'preload', 'file': 'E:\\MPF\\wows\\wows\\images\\container_ball.gif'}
2020-06-26 23:19:18,134 : AssetManager : Registering Asset: container_ball_text, File: container_ball_text.jpg, Default Group: default, Final Config: {'load': 'preload', 'file': 'E:\\MPF\\wows\\wows\\images\\container_ball_text.jpg'}
2020-06-26 23:19:18,134 : AssetManager : Registering Asset: container_dmg, File: container_dmg.gif, Default Group: default, Final Config: {'load': 'preload', 'file': 'E:\\MPF\\wows\\wows\\images\\container_dmg.gif'}
2020-06-26 23:19:18,134 : AssetManager : Registering Asset: container_dmg_text, File: container_dmg_text.jpg, Default Group: default, Final Config: {'load': 'preload', 'file': 'E:\\MPF\\wows\\wows\\images\\container_dmg_text.jpg'}
2020-06-26 23:19:18,134 : AssetManager : Registering Asset: container_jet, File: container_jet.gif, Default Group: default, Final Config: {'load': 'preload', 'file': 'E:\\MPF\\wows\\wows\\images\\container_jet.gif'}
2020-06-26 23:19:18,134 : AssetManager : Registering Asset: container_jet_text, File: container_jet_text.jpg, Default Group: default, Final Config: {'load': 'preload', 'file': 'E:\\MPF\\wows\\wows\\images\\container_jet_text.jpg'}
2020-06-26 23:19:18,134 : AssetManager : Registering Asset: container_time, File: container_time.gif, Default Group: default, Final Config: {'load': 'preload', 'file': 'E:\\MPF\\wows\\wows\\images\\container_time.gif'}
2020-06-26 23:19:18,134 : AssetManager : Registering Asset: container_time_text, File: container_time_text.jpg, Default Group: default, Final Config: {'load': 'preload', 'file': 'E:\\MPF\\wows\\wows\\images\\container_time_text.jpg'}
2020-06-26 23:19:18,135 : AssetManager : Registering Asset: container_x, File: container_x.gif, Default Group: default, Final Config: {'load': 'preload', 'file': 'E:\\MPF\\wows\\wows\\images\\container_x.gif'}
2020-06-26 23:19:18,135 : AssetManager : Registering Asset: container_xp, File: container_xp.gif, Default Group: default, Final Config: {'load': 'preload', 'file': 'E:\\MPF\\wows\\wows\\images\\container_xp.gif'}
2020-06-26 23:19:18,135 : AssetManager : Registering Asset: container_xp_text, File: container_xp_text.jpg, Default Group: default, Final Config: {'load': 'preload', 'file': 'E:\\MPF\\wows\\wows\\images\\container_xp_text.jpg'}
2020-06-26 23:19:18,135 : AssetManager : Registering Asset: container_x_text, File: container_x_text.jpg, Default Group: default, Final Config: {'load': 'preload', 'file': 'E:\\MPF\\wows\\wows\\images\\container_x_text.jpg'}
2020-06-26 23:19:18,135 : AssetManager : Registering Asset: C_Prog100, File: C_Prog100.jpg, Default Group: default, Final Config: {'load': 'preload', 'file': 'E:\\MPF\\wows\\wows\\images\\C_Prog100.jpg'}
2020-06-26 23:19:18,135 : AssetManager : Registering Asset: daring, File: daring.png, Default Group: default, Final Config: {'load': 'preload', 'file': 'E:\\MPF\\wows\\wows\\images\\daring.png'}
2020-06-26 23:19:18,135 : AssetManager : Registering Asset: des moines, File: des moines.png, Default Group: default, Final Config: {'load': 'preload', 'file': 'E:\\MPF\\wows\\wows\\images\\des moines.png'}
2020-06-26 23:19:18,135 : AssetManager : Registering Asset: DOUBLE JACKPOT, File: DOUBLE JACKPOT.png, Default Group: default, Final Config: {'load': 'preload', 'file': 'E:\\MPF\\wows\\wows\\images\\DOUBLE JACKPOT.png'}
2020-06-26 23:19:18,135 : AssetManager : Registering Asset: explosion, File: explosion.gif, Default Group: default, Final Config: {'load': 'preload', 'file': 'E:\\MPF\\wows\\wows\\images\\explosion.gif'}
2020-06-26 23:19:18,135 : AssetManager : Registering Asset: explosion_2, File: explosion_2.gif, Default Group: default, Final Config: {'load': 'preload', 'file': 'E:\\MPF\\wows\\wows\\images\\explosion_2.gif'}
2020-06-26 23:19:18,135 : AssetManager : Registering Asset: fire, File: fire.gif, Default Group: default, Final Config: {'load': 'preload', 'file': 'E:\\MPF\\wows\\wows\\images\\fire.gif'}
2020-06-26 23:19:18,135 : AssetManager : Registering Asset: fire_2, File: fire_2.gif, Default Group: default, Final Config: {'load': 'preload', 'file': 'E:\\MPF\\wows\\wows\\images\\fire_2.gif'}
2020-06-26 23:19:18,135 : AssetManager : Registering Asset: fire_start, File: fire_start.gif, Default Group: default, Final Config: {'load': 'preload', 'file': 'E:\\MPF\\wows\\wows\\images\\fire_start.gif'}
2020-06-26 23:19:18,135 : AssetManager : Registering Asset: fire_start_2, File: fire_start_2.gif, Default Group: default, Final Config: {'load': 'preload', 'file': 'E:\\MPF\\wows\\wows\\images\\fire_start_2.gif'}
2020-06-26 23:19:18,135 : AssetManager : Registering Asset: grosser kurfurst, File: grosser kurfurst.png, Default Group: default, Final Config: {'load': 'preload', 'file': 'E:\\MPF\\wows\\wows\\images\\grosser kurfurst.png'}
2020-06-26 23:19:18,136 : AssetManager : Registering Asset: haragumo, File: haragumo.png, Default Group: default, Final Config: {'load': 'preload', 'file': 'E:\\MPF\\wows\\wows\\images\\haragumo.png'}
2020-06-26 23:19:18,136 : AssetManager : Registering Asset: hc_1, File: hc_1.png, Default Group: default, Final Config: {'load': 'preload', 'file': 'E:\\MPF\\wows\\wows\\images\\hc_1.png'}
2020-06-26 23:19:18,136 : AssetManager : Registering Asset: hc_2, File: hc_2.png, Default Group: default, Final Config: {'load': 'preload', 'file': 'E:\\MPF\\wows\\wows\\images\\hc_2.png'}
2020-06-26 23:19:18,136 : AssetManager : Registering Asset: hc_3, File: hc_3.png, Default Group: default, Final Config: {'load': 'preload', 'file': 'E:\\MPF\\wows\\wows\\images\\hc_3.png'}
2020-06-26 23:19:18,136 : AssetManager : Registering Asset: hc_4, File: hc_4.png, Default Group: default, Final Config: {'load': 'preload', 'file': 'E:\\MPF\\wows\\wows\\images\\hc_4.png'}
2020-06-26 23:19:18,136 : AssetManager : Registering Asset: hc_5, File: hc_5.png, Default Group: default, Final Config: {'load': 'preload', 'file': 'E:\\MPF\\wows\\wows\\images\\hc_5.png'}
2020-06-26 23:19:18,136 : AssetManager : Registering Asset: hc_6, File: hc_6.png, Default Group: default, Final Config: {'load': 'preload', 'file': 'E:\\MPF\\wows\\wows\\images\\hc_6.png'}
2020-06-26 23:19:18,136 : AssetManager : Registering Asset: hc_background, File: hc_background.jpg, Default Group: default, Final Config: {'load': 'preload', 'file': 'E:\\MPF\\wows\\wows\\images\\hc_background.jpg'}
2020-06-26 23:19:18,136 : AssetManager : Registering Asset: hc_start, File: hc_start.gif, Default Group: default, Final Config: {'load': 'preload', 'file': 'E:\\MPF\\wows\\wows\\images\\hc_start.gif'}
2020-06-26 23:19:18,136 : AssetManager : Registering Asset: hc_start_end, File: hc_start_end.jpg, Default Group: default, Final Config: {'load': 'preload', 'file': 'E:\\MPF\\wows\\wows\\images\\hc_start_end.jpg'}
2020-06-26 23:19:18,136 : AssetManager : Registering Asset: JACKPOT, File: JACKPOT.png, Default Group: default, Final Config: {'load': 'preload', 'file': 'E:\\MPF\\wows\\wows\\images\\JACKPOT.png'}
2020-06-26 23:19:18,136 : AssetManager : Registering Asset: kozep_agyu, File: kozep_agyu.gif, Default Group: default, Final Config: {'load': 'preload', 'file': 'E:\\MPF\\wows\\wows\\images\\kozep_agyu.gif'}
2020-06-26 23:19:18,137 : AssetManager : Registering Asset: kozep_agyu_2, File: kozep_agyu_2.gif, Default Group: default, Final Config: {'load': 'preload', 'file': 'E:\\MPF\\wows\\wows\\images\\kozep_agyu_2.gif'}
2020-06-26 23:19:18,137 : AssetManager : Registering Asset: kozep_agyu_marad, File: kozep_agyu_marad.png, Default Group: default, Final Config: {'load': 'preload', 'file': 'E:\\MPF\\wows\\wows\\images\\kozep_agyu_marad.png'}
2020-06-26 23:19:18,137 : AssetManager : Registering Asset: kozep_agyu_marad_2, File: kozep_agyu_marad_2.png, Default Group: default, Final Config: {'load': 'preload', 'file': 'E:\\MPF\\wows\\wows\\images\\kozep_agyu_marad_2.png'}
2020-06-26 23:19:18,137 : AssetManager : Registering Asset: kozep_felepitmeny, File: kozep_felepitmeny.gif, Default Group: default, Final Config: {'load': 'preload', 'file': 'E:\\MPF\\wows\\wows\\images\\kozep_felepitmeny.gif'}
2020-06-26 23:19:18,137 : AssetManager : Registering Asset: kozep_felepitmeny_2, File: kozep_felepitmeny_2.gif, Default Group: default, Final Config: {'load': 'preload', 'file': 'E:\\MPF\\wows\\wows\\images\\kozep_felepitmeny_2.gif'}
2020-06-26 23:19:18,137 : AssetManager : Registering Asset: kozep_hajotest, File: kozep_hajotest.png, Default Group: default, Final Config: {'load': 'preload', 'file': 'E:\\MPF\\wows\\wows\\images\\kozep_hajotest.png'}
2020-06-26 23:19:18,137 : AssetManager : Registering Asset: kozep_hajotest_2, File: kozep_hajotest_2.png, Default Group: default, Final Config: {'load': 'preload', 'file': 'E:\\MPF\\wows\\wows\\images\\kozep_hajotest_2.png'}
2020-06-26 23:19:18,137 : AssetManager : Registering Asset: kozep_izzo, File: kozep_izzo.gif, Default Group: default, Final Config: {'load': 'preload', 'file': 'E:\\MPF\\wows\\wows\\images\\kozep_izzo.gif'}
2020-06-26 23:19:18,137 : AssetManager : Registering Asset: kozep_izzo_2, File: kozep_izzo_2.gif, Default Group: default, Final Config: {'load': 'preload', 'file': 'E:\\MPF\\wows\\wows\\images\\kozep_izzo_2.gif'}
2020-06-26 23:19:18,137 : AssetManager : Registering Asset: kozep_muzzle_flash, File: kozep_muzzle_flash.gif, Default Group: default, Final Config: {'load': 'preload', 'file': 'E:\\MPF\\wows\\wows\\images\\kozep_muzzle_flash.gif'}
2020-06-26 23:19:18,137 : AssetManager : Registering Asset: kozep_muzzle_flash_2, File: kozep_muzzle_flash_2.gif, Default Group: default, Final Config: {'load': 'preload', 'file': 'E:\\MPF\\wows\\wows\\images\\kozep_muzzle_flash_2.gif'}
2020-06-26 23:19:18,137 : AssetManager : Registering Asset: kulso_agyu, File: kulso_agyu.gif, Default Group: default, Final Config: {'load': 'preload', 'file': 'E:\\MPF\\wows\\wows\\images\\kulso_agyu.gif'}
2020-06-26 23:19:18,137 : AssetManager : Registering Asset: kulso_agyu_2, File: kulso_agyu_2.gif, Default Group: default, Final Config: {'load': 'preload', 'file': 'E:\\MPF\\wows\\wows\\images\\kulso_agyu_2.gif'}
2020-06-26 23:19:18,138 : AssetManager : Registering Asset: kulso_agyu_marad, File: kulso_agyu_marad.png, Default Group: default, Final Config: {'load': 'preload', 'file': 'E:\\MPF\\wows\\wows\\images\\kulso_agyu_marad.png'}
2020-06-26 23:19:18,138 : AssetManager : Registering Asset: kulso_agyu_marad_2, File: kulso_agyu_marad_2.png, Default Group: default, Final Config: {'load': 'preload', 'file': 'E:\\MPF\\wows\\wows\\images\\kulso_agyu_marad_2.png'}
2020-06-26 23:19:18,138 : AssetManager : Registering Asset: kulso_felepitmeny, File: kulso_felepitmeny.gif, Default Group: default, Final Config: {'load': 'preload', 'file': 'E:\\MPF\\wows\\wows\\images\\kulso_felepitmeny.gif'}
2020-06-26 23:19:18,138 : AssetManager : Registering Asset: kulso_felepitmeny_2, File: kulso_felepitmeny_2.gif, Default Group: default, Final Config: {'load': 'preload', 'file': 'E:\\MPF\\wows\\wows\\images\\kulso_felepitmeny_2.gif'}
2020-06-26 23:19:18,138 : AssetManager : Registering Asset: kulso_hajotest, File: kulso_hajotest.png, Default Group: default, Final Config: {'load': 'preload', 'file': 'E:\\MPF\\wows\\wows\\images\\kulso_hajotest.png'}
2020-06-26 23:19:18,138 : AssetManager : Registering Asset: kulso_hajotest_2, File: kulso_hajotest_2.png, Default Group: default, Final Config: {'load': 'preload', 'file': 'E:\\MPF\\wows\\wows\\images\\kulso_hajotest_2.png'}
2020-06-26 23:19:18,138 : AssetManager : Registering Asset: kulso_hatso_agyu, File: kulso_hatso_agyu.png, Default Group: default, Final Config: {'load': 'preload', 'file': 'E:\\MPF\\wows\\wows\\images\\kulso_hatso_agyu.png'}
2020-06-26 23:19:18,138 : AssetManager : Registering Asset: kulso_hatso_agyu_2, File: kulso_hatso_agyu_2.png, Default Group: default, Final Config: {'load': 'preload', 'file': 'E:\\MPF\\wows\\wows\\images\\kulso_hatso_agyu_2.png'}
2020-06-26 23:19:18,138 : AssetManager : Registering Asset: kulso_izzo, File: kulso_izzo.gif, Default Group: default, Final Config: {'load': 'preload', 'file': 'E:\\MPF\\wows\\wows\\images\\kulso_izzo.gif'}
2020-06-26 23:19:18,138 : AssetManager : Registering Asset: kulso_izzo_2, File: kulso_izzo_2.gif, Default Group: default, Final Config: {'load': 'preload', 'file': 'E:\\MPF\\wows\\wows\\images\\kulso_izzo_2.gif'}
2020-06-26 23:19:18,138 : AssetManager : Registering Asset: kulso_muzzle_flash, File: kulso_muzzle_flash.gif, Default Group: default, Final Config: {'load': 'preload', 'file': 'E:\\MPF\\wows\\wows\\images\\kulso_muzzle_flash.gif'}
2020-06-26 23:19:18,138 : AssetManager : Registering Asset: kulso_muzzle_flash_2, File: kulso_muzzle_flash_2.gif, Default Group: default, Final Config: {'load': 'preload', 'file': 'E:\\MPF\\wows\\wows\\images\\kulso_muzzle_flash_2.gif'}
2020-06-26 23:19:18,138 : AssetManager : Registering Asset: mode_1_start, File: mode_1_start.gif, Default Group: default, Final Config: {'load': 'preload', 'file': 'E:\\MPF\\wows\\wows\\images\\mode_1_start.gif'}
2020-06-26 23:19:18,138 : AssetManager : Registering Asset: mode_1_start_text, File: mode_1_start_text.jpg, Default Group: default, Final Config: {'load': 'preload', 'file': 'E:\\MPF\\wows\\wows\\images\\mode_1_start_text.jpg'}
2020-06-26 23:19:18,139 : AssetManager : Registering Asset: mode_2_start, File: mode_2_start.gif, Default Group: default, Final Config: {'load': 'preload', 'file': 'E:\\MPF\\wows\\wows\\images\\mode_2_start.gif'}
2020-06-26 23:19:18,139 : AssetManager : Registering Asset: mode_2_start_text, File: mode_2_start_text.jpg, Default Group: default, Final Config: {'load': 'preload', 'file': 'E:\\MPF\\wows\\wows\\images\\mode_2_start_text.jpg'}
2020-06-26 23:19:18,139 : AssetManager : Registering Asset: mode_3_start, File: mode_3_start.gif, Default Group: default, Final Config: {'load': 'preload', 'file': 'E:\\MPF\\wows\\wows\\images\\mode_3_start.gif'}
2020-06-26 23:19:18,139 : AssetManager : Registering Asset: mode_3_start_text, File: mode_3_start_text.jpg, Default Group: default, Final Config: {'load': 'preload', 'file': 'E:\\MPF\\wows\\wows\\images\\mode_3_start_text.jpg'}
2020-06-26 23:19:18,139 : AssetManager : Registering Asset: mode_4_start, File: mode_4_start.gif, Default Group: default, Final Config: {'load': 'preload', 'file': 'E:\\MPF\\wows\\wows\\images\\mode_4_start.gif'}
2020-06-26 23:19:18,139 : AssetManager : Registering Asset: mode_4_start_text, File: mode_4_start_text.jpg, Default Group: default, Final Config: {'load': 'preload', 'file': 'E:\\MPF\\wows\\wows\\images\\mode_4_start_text.jpg'}
2020-06-26 23:19:18,139 : AssetManager : Registering Asset: mode_5_start, File: mode_5_start.gif, Default Group: default, Final Config: {'load': 'preload', 'file': 'E:\\MPF\\wows\\wows\\images\\mode_5_start.gif'}
2020-06-26 23:19:18,139 : AssetManager : Registering Asset: mode_5_start_text, File: mode_5_start_text.jpg, Default Group: default, Final Config: {'load': 'preload', 'file': 'E:\\MPF\\wows\\wows\\images\\mode_5_start_text.jpg'}
2020-06-26 23:19:18,139 : AssetManager : Registering Asset: mode_6_start, File: mode_6_start.gif, Default Group: default, Final Config: {'load': 'preload', 'file': 'E:\\MPF\\wows\\wows\\images\\mode_6_start.gif'}
2020-06-26 23:19:18,139 : AssetManager : Registering Asset: mode_6_start_text, File: mode_6_start_text.jpg, Default Group: default, Final Config: {'load': 'preload', 'file': 'E:\\MPF\\wows\\wows\\images\\mode_6_start_text.jpg'}
2020-06-26 23:19:18,139 : AssetManager : Registering Asset: mode_7_start, File: mode_7_start.gif, Default Group: default, Final Config: {'load': 'preload', 'file': 'E:\\MPF\\wows\\wows\\images\\mode_7_start.gif'}
2020-06-26 23:19:18,139 : AssetManager : Registering Asset: mode_7_start_text, File: mode_7_start_text.jpg, Default Group: default, Final Config: {'load': 'preload', 'file': 'E:\\MPF\\wows\\wows\\images\\mode_7_start_text.jpg'}
2020-06-26 23:19:18,139 : AssetManager : Registering Asset: mode_8_start, File: mode_8_start.gif, Default Group: default, Final Config: {'load': 'preload', 'file': 'E:\\MPF\\wows\\wows\\images\\mode_8_start.gif'}
2020-06-26 23:19:18,140 : AssetManager : Registering Asset: mode_8_start_text, File: mode_8_start_text.jpg, Default Group: default, Final Config: {'load': 'preload', 'file': 'E:\\MPF\\wows\\wows\\images\\mode_8_start_text.jpg'}
2020-06-26 23:19:18,140 : AssetManager : Registering Asset: mode_9_start, File: mode_9_start.gif, Default Group: default, Final Config: {'load': 'preload', 'file': 'E:\\MPF\\wows\\wows\\images\\mode_9_start.gif'}
2020-06-26 23:19:18,140 : AssetManager : Registering Asset: mode_9_start_text, File: mode_9_start_text.jpg, Default Group: default, Final Config: {'load': 'preload', 'file': 'E:\\MPF\\wows\\wows\\images\\mode_9_start_text.jpg'}
2020-06-26 23:19:18,140 : AssetManager : Registering Asset: sec_ap_1_shell, File: sec_ap_1_shell.gif, Default Group: default, Final Config: {'load': 'preload', 'file': 'E:\\MPF\\wows\\wows\\images\\sec_ap_1_shell.gif'}
2020-06-26 23:19:18,140 : AssetManager : Registering Asset: sec_ap_1_shell_2, File: sec_ap_1_shell_2.gif, Default Group: default, Final Config: {'load': 'preload', 'file': 'E:\\MPF\\wows\\wows\\images\\sec_ap_1_shell_2.gif'}
2020-06-26 23:19:18,140 : AssetManager : Registering Asset: sec_ap_2_shell, File: sec_ap_2_shell.gif, Default Group: default, Final Config: {'load': 'preload', 'file': 'E:\\MPF\\wows\\wows\\images\\sec_ap_2_shell.gif'}
2020-06-26 23:19:18,140 : AssetManager : Registering Asset: sec_ap_2_shell_2, File: sec_ap_2_shell_2.gif, Default Group: default, Final Config: {'load': 'preload', 'file': 'E:\\MPF\\wows\\wows\\images\\sec_ap_2_shell_2.gif'}
2020-06-26 23:19:18,140 : AssetManager : Registering Asset: sec_he_1_shell, File: sec_he_1_shell.gif, Default Group: default, Final Config: {'load': 'preload', 'file': 'E:\\MPF\\wows\\wows\\images\\sec_he_1_shell.gif'}
2020-06-26 23:19:18,140 : AssetManager : Registering Asset: sec_he_1_shell_2, File: sec_he_1_shell_2.gif, Default Group: default, Final Config: {'load': 'preload', 'file': 'E:\\MPF\\wows\\wows\\images\\sec_he_1_shell_2.gif'}
2020-06-26 23:19:18,140 : AssetManager : Registering Asset: sec_he_2_shell, File: sec_he_2_shell.gif, Default Group: default, Final Config: {'load': 'preload', 'file': 'E:\\MPF\\wows\\wows\\images\\sec_he_2_shell.gif'}
2020-06-26 23:19:18,140 : AssetManager : Registering Asset: sec_he_2_shell_2, File: sec_he_2_shell_2.gif, Default Group: default, Final Config: {'load': 'preload', 'file': 'E:\\MPF\\wows\\wows\\images\\sec_he_2_shell_2.gif'}
2020-06-26 23:19:18,140 : AssetManager : Registering Asset: shell, File: shell.gif, Default Group: default, Final Config: {'load': 'preload', 'file': 'E:\\MPF\\wows\\wows\\images\\shell.gif'}
2020-06-26 23:19:18,140 : AssetManager : Registering Asset: shell_2, File: shell_2.gif, Default Group: default, Final Config: {'load': 'preload', 'file': 'E:\\MPF\\wows\\wows\\images\\shell_2.gif'}
2020-06-26 23:19:18,140 : AssetManager : Registering Asset: shell_double, File: shell_double.gif, Default Group: default, Final Config: {'load': 'preload', 'file': 'E:\\MPF\\wows\\wows\\images\\shell_double.gif'}
2020-06-26 23:19:18,141 : AssetManager : Registering Asset: shell_double_2, File: shell_double_2.gif, Default Group: default, Final Config: {'load': 'preload', 'file': 'E:\\MPF\\wows\\wows\\images\\shell_double_2.gif'}
2020-06-26 23:19:18,141 : AssetManager : Registering Asset: shell_triple, File: shell_triple.gif, Default Group: default, Final Config: {'load': 'preload', 'file': 'E:\\MPF\\wows\\wows\\images\\shell_triple.gif'}
2020-06-26 23:19:18,141 : AssetManager : Registering Asset: shell_triple_2, File: shell_triple_2.gif, Default Group: default, Final Config: {'load': 'preload', 'file': 'E:\\MPF\\wows\\wows\\images\\shell_triple_2.gif'}
2020-06-26 23:19:18,141 : AssetManager : Registering Asset: shimakaze, File: shimakaze.png, Default Group: default, Final Config: {'load': 'preload', 'file': 'E:\\MPF\\wows\\wows\\images\\shimakaze.png'}
2020-06-26 23:19:18,141 : AssetManager : Registering Asset: shimakaze2, File: shimakaze2.jpg, Default Group: default, Final Config: {'load': 'preload', 'file': 'E:\\MPF\\wows\\wows\\images\\shimakaze2.jpg'}
2020-06-26 23:19:18,141 : AssetManager : Registering Asset: small_explosion, File: small_explosion.gif, Default Group: default, Final Config: {'load': 'preload', 'file': 'E:\\MPF\\wows\\wows\\images\\small_explosion.gif'}
2020-06-26 23:19:18,141 : AssetManager : Registering Asset: small_explosion_2, File: small_explosion_2.gif, Default Group: default, Final Config: {'load': 'preload', 'file': 'E:\\MPF\\wows\\wows\\images\\small_explosion_2.gif'}
2020-06-26 23:19:18,141 : AssetManager : Registering Asset: stalingrad, File: stalingrad.png, Default Group: default, Final Config: {'load': 'preload', 'file': 'E:\\MPF\\wows\\wows\\images\\stalingrad.png'}
2020-06-26 23:19:18,141 : AssetManager : Registering Asset: stalingrad2, File: stalingrad2.jpg, Default Group: default, Final Config: {'load': 'preload', 'file': 'E:\\MPF\\wows\\wows\\images\\stalingrad2.jpg'}
2020-06-26 23:19:18,141 : AssetManager : Registering Asset: TRIPLE JACKPOT, File: TRIPLE JACKPOT.png, Default Group: default, Final Config: {'load': 'preload', 'file': 'E:\\MPF\\wows\\wows\\images\\TRIPLE JACKPOT.png'}
2020-06-26 23:19:18,141 : AssetManager : Registering Asset: venezia, File: venezia.png, Default Group: default, Final Config: {'load': 'preload', 'file': 'E:\\MPF\\wows\\wows\\images\\venezia.png'}
2020-06-26 23:19:18,141 : AssetManager : Registering Asset: yamato, File: yamato.png, Default Group: default, Final Config: {'load': 'preload', 'file': 'E:\\MPF\\wows\\wows\\images\\yamato.png'}
2020-06-26 23:19:18,144 : AssetManager : Registering Asset: battle, File: battle.wav, Default Group: music, Final Config: {'load': 'on_demand', 'track': 'music', 'file': 'E:\\MPF\\wows\\wows\\sounds\\music\\battle.wav'}
2020-06-26 23:19:18,144 : AssetManager : Registering Asset: critical_dmg, File: critical_dmg.wav, Default Group: sfx, Final Config: {'load': 'on_demand', 'track': 'critical_dmg_track', 'simultaneous_limit': 1, 'ducking': {'target': 'music, voice, sfx', 'delay': 0, 'attack': '0.6 sec', 'attenuation': '-13db', 'release_point': '3 sec', 'release': '1 sec'}, 'file': 'E:\\MPF\\wows\\wows\\sounds\\sfx\\critical_dmg.wav'}
2020-06-26 23:19:18,144 : AssetManager : Registering Asset: enemy_shoot_2, File: enemy_shoot_2.wav, Default Group: sfx, Final Config: {'load': 'on_demand', 'track': 'sfx', 'simultaneous_limit': 1, 'file': 'E:\\MPF\\wows\\wows\\sounds\\sfx\\enemy_shoot_2.wav'}
2020-06-26 23:19:18,144 : AssetManager : Registering Asset: enemy_shoot_22, File: enemy_shoot_22.wav, Default Group: sfx, Final Config: {'load': 'on_demand', 'track': 'sfx', 'simultaneous_limit': 1, 'file': 'E:\\MPF\\wows\\wows\\sounds\\sfx\\enemy_shoot_22.wav'}
2020-06-26 23:19:18,145 : AssetManager : Registering Asset: enemy_shoot_3, File: enemy_shoot_3.wav, Default Group: sfx, Final Config: {'load': 'on_demand', 'track': 'sfx', 'simultaneous_limit': 1, 'file': 'E:\\MPF\\wows\\wows\\sounds\\sfx\\enemy_shoot_3.wav'}
2020-06-26 23:19:18,145 : AssetManager : Registering Asset: enemy_shoot_4, File: enemy_shoot_4.wav, Default Group: sfx, Final Config: {'load': 'on_demand', 'track': 'sfx', 'simultaneous_limit': 1, 'file': 'E:\\MPF\\wows\\wows\\sounds\\sfx\\enemy_shoot_4.wav'}
2020-06-26 23:19:18,145 : AssetManager : Registering Asset: far_explosion_1, File: far_explosion_1.wav, Default Group: sfx, Final Config: {'load': 'on_demand', 'track': 'sfx', 'simultaneous_limit': 1, 'file': 'E:\\MPF\\wows\\wows\\sounds\\sfx\\far_explosion_1.wav'}
2020-06-26 23:19:18,145 : AssetManager : Registering Asset: far_explosion_2, File: far_explosion_2.wav, Default Group: sfx, Final Config: {'load': 'on_demand', 'track': 'sfx', 'simultaneous_limit': 1, 'file': 'E:\\MPF\\wows\\wows\\sounds\\sfx\\far_explosion_2.wav'}
2020-06-26 23:19:18,145 : AssetManager : Registering Asset: far_explosion_3, File: far_explosion_3.wav, Default Group: sfx, Final Config: {'load': 'on_demand', 'track': 'sfx', 'simultaneous_limit': 1, 'file': 'E:\\MPF\\wows\\wows\\sounds\\sfx\\far_explosion_3.wav'}
2020-06-26 23:19:18,145 : AssetManager : Registering Asset: heavy_dmg, File: heavy_dmg.wav, Default Group: sfx, Final Config: {'load': 'on_demand', 'track': 'sfx', 'file': 'E:\\MPF\\wows\\wows\\sounds\\sfx\\heavy_dmg.wav'}
2020-06-26 23:19:18,145 : AssetManager : Registering Asset: shoot_1, File: shoot_1.wav, Default Group: sfx, Final Config: {'load': 'on_demand', 'track': 'sfx', 'simultaneous_limit': 1, 'file': 'E:\\MPF\\wows\\wows\\sounds\\sfx\\shoot_1.wav'}
2020-06-26 23:19:18,145 : AssetManager : Registering Asset: shoot_16, File: shoot_16.wav, Default Group: sfx, Final Config: {'load': 'on_demand', 'track': 'sfx', 'simultaneous_limit': 1, 'file': 'E:\\MPF\\wows\\wows\\sounds\\sfx\\shoot_16.wav'}
2020-06-26 23:19:18,145 : AssetManager : Registering Asset: shoot_17, File: shoot_17.wav, Default Group: sfx, Final Config: {'load': 'on_demand', 'track': 'sfx', 'simultaneous_limit': 1, 'file': 'E:\\MPF\\wows\\wows\\sounds\\sfx\\shoot_17.wav'}
2020-06-26 23:19:18,145 : AssetManager : Registering Asset: shoot_18, File: shoot_18.wav, Default Group: sfx, Final Config: {'load': 'on_demand', 'track': 'sfx', 'simultaneous_limit': 1, 'file': 'E:\\MPF\\wows\\wows\\sounds\\sfx\\shoot_18.wav'}
2020-06-26 23:19:18,145 : AssetManager : Registering Asset: shoot_19, File: shoot_19.wav, Default Group: sfx, Final Config: {'load': 'on_demand', 'track': 'sfx', 'simultaneous_limit': 1, 'file': 'E:\\MPF\\wows\\wows\\sounds\\sfx\\shoot_19.wav'}
2020-06-26 23:19:18,145 : AssetManager : Registering Asset: shoot_6, File: shoot_6.wav, Default Group: sfx, Final Config: {'load': 'on_demand', 'track': 'sfx', 'simultaneous_limit': 1, 'file': 'E:\\MPF\\wows\\wows\\sounds\\sfx\\shoot_6.wav'}
2020-06-26 23:19:18,146 : AssetManager : Registering Asset: mode_8_shot_made, File: mode_8_shot_made.gif, Default Group: default, Final Config: {'load': 'preload', 'file': 'E:\\MPF\\wows\\wows\\modes\\mode_8\\images\\mode_8_shot_made.gif'}
2020-06-26 23:19:18,147 : AssetManager : Registering Asset: mode_5_shot_made, File: mode_5_shot_made.gif, Default Group: default, Final Config: {'load': 'preload', 'file': 'E:\\MPF\\wows\\wows\\modes\\mode_5\\images\\mode_5_shot_made.gif'}
2020-06-26 23:19:18,147 : AssetManager : Registering Asset: mode_9_shot_made, File: mode_9_shot_made.gif, Default Group: default, Final Config: {'load': 'preload', 'file': 'E:\\MPF\\wows\\wows\\modes\\mode_9\\images\\mode_9_shot_made.gif'}
2020-06-26 23:19:18,147 : AssetManager : Registering Asset: mode_7_shot_made, File: mode_7_shot_made.gif, Default Group: default, Final Config: {'load': 'preload', 'file': 'E:\\MPF\\wows\\wows\\modes\\mode_7\\images\\mode_7_shot_made.gif'}
2020-06-26 23:19:18,148 : AssetManager : Registering Asset: mode_1_shot_made, File: mode_1_shot_made.gif, Default Group: default, Final Config: {'load': 'preload', 'file': 'E:\\MPF\\wows\\wows\\modes\\mode_1\\images\\mode_1_shot_made.gif'}
2020-06-26 23:19:18,148 : AssetManager : Registering Asset: mode_4_shot_made, File: mode_4_shot_made.gif, Default Group: default, Final Config: {'load': 'preload', 'file': 'E:\\MPF\\wows\\wows\\modes\\mode_4\\images\\mode_4_shot_made.gif'}
2020-06-26 23:19:18,149 : AssetManager : Registering Asset: mode_6_shot_made, File: mode_6_shot_made.gif, Default Group: default, Final Config: {'load': 'preload', 'file': 'E:\\MPF\\wows\\wows\\modes\\mode_6\\images\\mode_6_shot_made.gif'}
2020-06-26 23:19:18,149 : AssetManager : Registering Asset: mode_3_shot_made, File: mode_3_shot_made.gif, Default Group: default, Final Config: {'load': 'preload', 'file': 'E:\\MPF\\wows\\wows\\modes\\mode_3\\images\\mode_3_shot_made.gif'}
2020-06-26 23:19:18,151 : EventManager : Event: ======'init_phase_4'====== Args={}
2020-06-26 23:19:18,151 : EventManager : Event: ======'init_phase_5'====== Args={}
2020-06-26 23:19:18,253 : EventManager : Event: ======'loading_assets'====== Args={'total': 151, 'loaded': 1, 'remaining': 150, 'percent': 1}
2020-06-26 23:19:18,253 : AssetManager : Loading assets: 1/151 (1%)
2020-06-26 23:19:18,436 : EventManager : Event: ======'loading_assets'====== Args={'total': 151, 'loaded': 151, 'remaining': 0, 'percent': 100}
2020-06-26 23:19:18,436 : AssetManager : Asset loading took: 0.3908705711364746
2020-06-26 23:19:18,436 : EventManager : Event: ======'asset_loading_complete'====== Args={}
2020-06-26 23:19:18,436 : AssetManager : Loading assets: 151/151 (100%)
2020-06-26 23:19:18,436 : EventManager : Event: ======'init_done'====== Args={}
2020-06-26 23:19:18,437 : MPF-MC BCP Server : Starting up on localhost port 5050
2020-06-26 23:19:18,440 : MPF-MC BCP Server : Waiting for a connection...
2020-06-26 23:19:18,452 : EventManager : Event: ======'client_disconnected'====== Args={'host': '127.0.0.1', 'port': 5050}
2020-06-26 23:19:19,210 : MPF-MC BCP Server : Received connection from: 127.0.0.1:56640
2020-06-26 23:19:19,219 : EventManager : Event: ======'client_connected'====== Args={'host': '127.0.0.1', 'port': 56640}
2020-06-26 23:19:19,219 : mpfmc : Initializing DMD
2020-06-26 23:19:19,230 : mpfmc : Setting DMD to 30fps
2020-06-26 23:19:19,252 : EventManager : Event: ======'machine_var_credits_string'====== Args={'value': 'FREE PLAY', 'prev_value': None, 'change': True}
2020-06-26 23:19:19,252 : EventManager : Event: ======'machine_var_player1_score'====== Args={'value': 0, 'prev_value': None, 'change': True}
2020-06-26 23:19:19,252 : EventManager : Event: ======'machine_var_mpf_version'====== Args={'value': 'MPF v0.54.0-dev.33', 'prev_value': None, 'change': True}
2020-06-26 23:19:19,252 : EventManager : Event: ======'machine_var_mpf_extended_version'====== Args={'value': 'MPF v0.54.0-dev.33, Config version:5, Show version: 5, BCP version:1.1', 'prev_value': None, 'change': True}
2020-06-26 23:19:19,253 : EventManager : Event: ======'machine_var_python_version'====== Args={'value': '3.6.4', 'prev_value': None, 'change': True}
2020-06-26 23:19:19,253 : EventManager : Event: ======'machine_var_platform'====== Args={'value': 'Windows-10-10.0.18362-SP0', 'prev_value': None, 'change': True}
2020-06-26 23:19:19,253 : EventManager : Event: ======'machine_var_platform_system'====== Args={'value': 'Windows', 'prev_value': None, 'change': True}
2020-06-26 23:19:19,253 : EventManager : Event: ======'machine_var_platform_release'====== Args={'value': '10', 'prev_value': None, 'change': True}
2020-06-26 23:19:19,253 : EventManager : Event: ======'machine_var_platform_version'====== Args={'value': '10.0.18362', 'prev_value': None, 'change': True}
2020-06-26 23:19:19,253 : EventManager : Event: ======'machine_var_platform_machine'====== Args={'value': 'AMD64', 'prev_value': None, 'change': True}
2020-06-26 23:19:19,253 : EventManager : Event: ======'machine_var_mc_version'====== Args={'value': 'MPF-MC v0.54.0-dev.7', 'prev_value': None, 'change': True}
2020-06-26 23:19:19,253 : EventManager : Event: ======'machine_var_mc_extended_version'====== Args={'value': 'MPF-MC v0.54.0-dev.7 (config_version=5, BCP v1.1, Requires MPF v0.54.0-dev.0)', 'prev_value': None, 'change': True}
2020-06-26 23:19:19,253 : EventManager : Event: ======'machine_var_master_volume'====== Args={'value': 0.75, 'prev_value': None, 'change': True}
2020-06-26 23:19:19,319 : EventManager : Event: ======'machine_var_audits_events_game_ended'====== Args={'value': 1, 'prev_value': None, 'change': True}
2020-06-26 23:19:19,319 : EventManager : Event: ======'machine_var_audits_events_game_started'====== Args={'value': 653, 'prev_value': None, 'change': True}
2020-06-26 23:19:19,319 : EventManager : Event: ======'machine_var_audits_player_score'====== Args={'value': {'average': 0.0, 'top': [0], 'total': 1}, 'prev_value': None, 'change': True}
2020-06-26 23:19:19,319 : EventManager : Event: ======'machine_var_audits_shots_battle_shot'====== Args={'value': 66, 'prev_value': None, 'change': True}
2020-06-26 23:19:19,319 : EventManager : Event: ======'machine_var_audits_shots_confederate_1'====== Args={'value': 9, 'prev_value': None, 'change': True}
2020-06-26 23:19:19,319 : EventManager : Event: ======'machine_var_audits_shots_confederate_2'====== Args={'value': 202, 'prev_value': None, 'change': True}
2020-06-26 23:19:19,319 : EventManager : Event: ======'machine_var_audits_shots_confederate_3'====== Args={'value': 87, 'prev_value': None, 'change': True}
2020-06-26 23:19:19,319 : EventManager : Event: ======'machine_var_audits_shots_confederate_4'====== Args={'value': 22, 'prev_value': None, 'change': True}
2020-06-26 23:19:19,320 : EventManager : Event: ======'machine_var_audits_shots_confederate_5'====== Args={'value': 7, 'prev_value': None, 'change': True}
2020-06-26 23:19:19,320 : EventManager : Event: ======'machine_var_audits_shots_confederate_6'====== Args={'value': 249, 'prev_value': None, 'change': True}
2020-06-26 23:19:19,320 : EventManager : Event: ======'machine_var_audits_shots_detonation'====== Args={'value': 42, 'prev_value': None, 'change': True}
2020-06-26 23:19:19,320 : EventManager : Event: ======'machine_var_audits_shots_detonation_lit'====== Args={'value': 145, 'prev_value': None, 'change': True}
2020-06-26 23:19:19,320 : EventManager : Event: ======'machine_var_audits_shots_jackpot_1'====== Args={'value': 75, 'prev_value': None, 'change': True}
2020-06-26 23:19:19,320 : EventManager : Event: ======'machine_var_audits_shots_jackpot_2'====== Args={'value': 59, 'prev_value': None, 'change': True}
2020-06-26 23:19:19,320 : EventManager : Event: ======'machine_var_audits_shots_jackpot_3'====== Args={'value': 80, 'prev_value': None, 'change': True}
2020-06-26 23:19:19,320 : EventManager : Event: ======'machine_var_audits_shots_jackpot_4'====== Args={'value': 40, 'prev_value': None, 'change': True}
2020-06-26 23:19:19,320 : EventManager : Event: ======'machine_var_audits_shots_jackpot_5'====== Args={'value': 42, 'prev_value': None, 'change': True}
2020-06-26 23:19:19,320 : EventManager : Event: ======'machine_var_audits_shots_jackpot_6'====== Args={'value': 45, 'prev_value': None, 'change': True}
2020-06-26 23:19:19,320 : EventManager : Event: ======'machine_var_audits_shots_lane_A'====== Args={'value': 53, 'prev_value': None, 'change': True}
2020-06-26 23:19:19,320 : EventManager : Event: ======'machine_var_audits_shots_lane_B'====== Args={'value': 56, 'prev_value': None, 'change': True}
2020-06-26 23:19:19,320 : EventManager : Event: ======'machine_var_audits_shots_lane_C'====== Args={'value': 87, 'prev_value': None, 'change': True}
2020-06-26 23:19:19,321 : EventManager : Event: ======'machine_var_audits_shots_lane_D'====== Args={'value': 64, 'prev_value': None, 'change': True}
2020-06-26 23:19:19,321 : EventManager : Event: ======'machine_var_audits_shots_lane_E'====== Args={'value': 62, 'prev_value': None, 'change': True}
2020-06-26 23:19:19,321 : EventManager : Event: ======'machine_var_audits_shots_lock_lit_1'====== Args={'value': 525, 'prev_value': None, 'change': True}
2020-06-26 23:19:19,321 : EventManager : Event: ======'machine_var_audits_shots_lock_lit_2'====== Args={'value': 574, 'prev_value': None, 'change': True}
2020-06-26 23:19:19,321 : EventManager : Event: ======'machine_var_audits_shots_ricochet_1'====== Args={'value': 43, 'prev_value': None, 'change': True}
2020-06-26 23:19:19,321 : EventManager : Event: ======'machine_var_audits_shots_ricochet_2'====== Args={'value': 94, 'prev_value': None, 'change': True}
2020-06-26 23:19:19,321 : EventManager : Event: ======'machine_var_audits_shots_ricochet_3'====== Args={'value': 44, 'prev_value': None, 'change': True}
2020-06-26 23:19:19,321 : EventManager : Event: ======'machine_var_audits_shots_ricochet_4'====== Args={'value': 4, 'prev_value': None, 'change': True}
2020-06-26 23:19:19,321 : EventManager : Event: ======'machine_var_audits_shots_ricochet_5'====== Args={'value': 3, 'prev_value': None, 'change': True}
2020-06-26 23:19:19,321 : EventManager : Event: ======'machine_var_audits_switches_s_bumper_1'====== Args={'value': 20, 'prev_value': None, 'change': True}
2020-06-26 23:19:19,322 : EventManager : Event: ======'machine_var_audits_switches_s_bumper_2'====== Args={'value': 16, 'prev_value': None, 'change': True}
2020-06-26 23:19:19,322 : EventManager : Event: ======'machine_var_audits_switches_s_bumper_3'====== Args={'value': 1, 'prev_value': None, 'change': True}
2020-06-26 23:19:19,322 : EventManager : Event: ======'machine_var_audits_switches_s_center_ramp'====== Args={'value': 23, 'prev_value': None, 'change': True}
2020-06-26 23:19:19,322 : EventManager : Event: ======'machine_var_audits_switches_s_citadel'====== Args={'value': 14, 'prev_value': None, 'change': True}
2020-06-26 23:19:19,322 : EventManager : Event: ======'machine_var_audits_switches_s_citadel_lock'====== Args={'value': 103, 'prev_value': None, 'change': True}
2020-06-26 23:19:19,322 : EventManager : Event: ======'machine_var_audits_switches_s_detonation'====== Args={'value': 145, 'prev_value': None, 'change': True}
2020-06-26 23:19:19,322 : EventManager : Event: ======'machine_var_audits_switches_s_dmg_1'====== Args={'value': 1080, 'prev_value': None, 'change': True}
2020-06-26 23:19:19,322 : EventManager : Event: ======'machine_var_audits_switches_s_dmg_2'====== Args={'value': 15, 'prev_value': None, 'change': True}
2020-06-26 23:19:19,322 : EventManager : Event: ======'machine_var_audits_switches_s_dmg_3'====== Args={'value': 13, 'prev_value': None, 'change': True}
2020-06-26 23:19:19,322 : EventManager : Event: ======'machine_var_audits_switches_s_dmg_4'====== Args={'value': 5, 'prev_value': None, 'change': True}
2020-06-26 23:19:19,323 : EventManager : Event: ======'machine_var_audits_switches_s_dmg_5'====== Args={'value': 8, 'prev_value': None, 'change': True}
2020-06-26 23:19:19,323 : EventManager : Event: ======'machine_var_audits_switches_s_dmg_6'====== Args={'value': 5, 'prev_value': None, 'change': True}
2020-06-26 23:19:19,323 : EventManager : Event: ======'machine_var_audits_switches_s_dmg_7'====== Args={'value': 264, 'prev_value': None, 'change': True}
2020-06-26 23:19:19,323 : EventManager : Event: ======'machine_var_audits_switches_s_drop_target'====== Args={'value': 823, 'prev_value': None, 'change': True}
2020-06-26 23:19:19,323 : EventManager : Event: ======'machine_var_audits_switches_s_jet_hole'====== Args={'value': 0, 'prev_value': None, 'change': True}
2020-06-26 23:19:19,323 : EventManager : Event: ======'machine_var_audits_switches_s_jet_lane'====== Args={'value': 1, 'prev_value': None, 'change': True}
2020-06-26 23:19:19,323 : EventManager : Event: ======'machine_var_audits_switches_s_kickback'====== Args={'value': 0, 'prev_value': None, 'change': True}
2020-06-26 23:19:19,323 : EventManager : Event: ======'machine_var_audits_switches_s_kickback_target_1'====== Args={'value': 0, 'prev_value': None, 'change': True}
2020-06-26 23:19:19,323 : EventManager : Event: ======'machine_var_audits_switches_s_kickback_target_2'====== Args={'value': 0, 'prev_value': None, 'change': True}
2020-06-26 23:19:19,335 : EventManager : Event: ======'machine_var_audits_switches_s_kickback_target_3'====== Args={'value': 2, 'prev_value': None, 'change': True}
2020-06-26 23:19:19,336 : EventManager : Event: ======'machine_var_audits_switches_s_kickback_terget_1'====== Args={'value': 0, 'prev_value': None, 'change': True}
2020-06-26 23:19:19,336 : EventManager : Event: ======'machine_var_audits_switches_s_left_flipper'====== Args={'value': 640, 'prev_value': None, 'change': True}
2020-06-26 23:19:19,336 : EventManager : Event: ======'machine_var_audits_switches_s_left_hole'====== Args={'value': 0, 'prev_value': None, 'change': True}
2020-06-26 23:19:19,336 : EventManager : Event: ======'machine_var_audits_switches_s_left_inlane'====== Args={'value': 87, 'prev_value': None, 'change': True}
2020-06-26 23:19:19,336 : EventManager : Event: ======'machine_var_audits_switches_s_left_loop_made'====== Args={'value': 63, 'prev_value': None, 'change': True}
2020-06-26 23:19:19,336 : EventManager : Event: ======'machine_var_audits_switches_s_left_loop_pre'====== Args={'value': 2, 'prev_value': None, 'change': True}
2020-06-26 23:19:19,336 : EventManager : Event: ======'machine_var_audits_switches_s_left_mid_inlane'====== Args={'value': 56, 'prev_value': None, 'change': True}
2020-06-26 23:19:19,336 : EventManager : Event: ======'machine_var_audits_switches_s_left_outlane'====== Args={'value': 53, 'prev_value': None, 'change': True}
2020-06-26 23:19:19,336 : EventManager : Event: ======'machine_var_audits_switches_s_left_ramp_made'====== Args={'value': 609, 'prev_value': None, 'change': True}
2020-06-26 23:19:19,336 : EventManager : Event: ======'machine_var_audits_switches_s_left_ramp_pre'====== Args={'value': 2, 'prev_value': None, 'change': True}
2020-06-26 23:19:19,336 : EventManager : Event: ======'machine_var_audits_switches_s_left_slingshot'====== Args={'value': 4, 'prev_value': None, 'change': True}
2020-06-26 23:19:19,336 : EventManager : Event: ======'machine_var_audits_switches_s_lock_1'====== Args={'value': 233, 'prev_value': None, 'change': True}
2020-06-26 23:19:19,336 : EventManager : Event: ======'machine_var_audits_switches_s_lock_2'====== Args={'value': 235, 'prev_value': None, 'change': True}
2020-06-26 23:19:19,337 : EventManager : Event: ======'machine_var_audits_switches_s_lock_3'====== Args={'value': 293, 'prev_value': None, 'change': True}
2020-06-26 23:19:19,337 : EventManager : Event: ======'machine_var_audits_switches_s_magnet_switch'====== Args={'value': 0, 'prev_value': None, 'change': True}
2020-06-26 23:19:19,337 : EventManager : Event: ======'machine_var_audits_switches_s_main_hole'====== Args={'value': 257, 'prev_value': None, 'change': True}
2020-06-26 23:19:19,337 : EventManager : Event: ======'machine_var_audits_switches_s_pen_1'====== Args={'value': 3, 'prev_value': None, 'change': True}
2020-06-26 23:19:19,337 : EventManager : Event: ======'machine_var_audits_switches_s_pen_2'====== Args={'value': 2, 'prev_value': None, 'change': True}
2020-06-26 23:19:19,337 : EventManager : Event: ======'machine_var_audits_switches_s_pen_3'====== Args={'value': 1, 'prev_value': None, 'change': True}
2020-06-26 23:19:19,337 : EventManager : Event: ======'machine_var_audits_switches_s_pen_4'====== Args={'value': 3, 'prev_value': None, 'change': True}
2020-06-26 23:19:19,337 : EventManager : Event: ======'machine_var_audits_switches_s_pen_5'====== Args={'value': 1, 'prev_value': None, 'change': True}
2020-06-26 23:19:19,337 : EventManager : Event: ======'machine_var_audits_switches_s_pen_6'====== Args={'value': 6, 'prev_value': None, 'change': True}
2020-06-26 23:19:19,337 : EventManager : Event: ======'machine_var_audits_switches_s_plunger'====== Args={'value': 1411, 'prev_value': None, 'change': True}
2020-06-26 23:19:19,337 : EventManager : Event: ======'machine_var_audits_switches_s_plunger_button'====== Args={'value': 2, 'prev_value': None, 'change': True}
2020-06-26 23:19:19,337 : EventManager : Event: ======'machine_var_audits_switches_s_ricochet_1'====== Args={'value': 67, 'prev_value': None, 'change': True}
2020-06-26 23:19:19,337 : EventManager : Event: ======'machine_var_audits_switches_s_ricochet_2'====== Args={'value': 101, 'prev_value': None, 'change': True}
2020-06-26 23:19:19,337 : EventManager : Event: ======'machine_var_audits_switches_s_ricochet_3'====== Args={'value': 46, 'prev_value': None, 'change': True}
2020-06-26 23:19:19,337 : EventManager : Event: ======'machine_var_audits_switches_s_ricochet_4'====== Args={'value': 9, 'prev_value': None, 'change': True}
2020-06-26 23:19:19,337 : EventManager : Event: ======'machine_var_audits_switches_s_ricochet_5'====== Args={'value': 8, 'prev_value': None, 'change': True}
2020-06-26 23:19:19,337 : EventManager : Event: ======'machine_var_audits_switches_s_right_flipper'====== Args={'value': 1318, 'prev_value': None, 'change': True}
2020-06-26 23:19:19,338 : EventManager : Event: ======'machine_var_audits_switches_s_right_hole'====== Args={'value': 26, 'prev_value': None, 'change': True}
2020-06-26 23:19:19,338 : EventManager : Event: ======'machine_var_audits_switches_s_right_inlane'====== Args={'value': 66, 'prev_value': None, 'change': True}
2020-06-26 23:19:19,338 : EventManager : Event: ======'machine_var_audits_switches_s_right_loop_made'====== Args={'value': 5, 'prev_value': None, 'change': True}
2020-06-26 23:19:19,352 : EventManager : Event: ======'machine_var_audits_switches_s_right_loop_pre'====== Args={'value': 3, 'prev_value': None, 'change': True}
2020-06-26 23:19:19,352 : EventManager : Event: ======'machine_var_audits_switches_s_right_outlane'====== Args={'value': 64, 'prev_value': None, 'change': True}
2020-06-26 23:19:19,352 : EventManager : Event: ======'machine_var_audits_switches_s_right_ramp_made'====== Args={'value': 667, 'prev_value': None, 'change': True}
2020-06-26 23:19:19,352 : EventManager : Event: ======'machine_var_audits_switches_s_right_ramp_pre'====== Args={'value': 0, 'prev_value': None, 'change': True}
2020-06-26 23:19:19,353 : EventManager : Event: ======'machine_var_audits_switches_s_right_slingshot'====== Args={'value': 9, 'prev_value': None, 'change': True}
2020-06-26 23:19:19,353 : EventManager : Event: ======'machine_var_audits_switches_s_right_small_ramp'====== Args={'value': 0, 'prev_value': None, 'change': True}
2020-06-26 23:19:19,353 : EventManager : Event: ======'machine_var_audits_switches_s_side_hole'====== Args={'value': 246, 'prev_value': None, 'change': True}
2020-06-26 23:19:19,353 : EventManager : Event: ======'machine_var_audits_switches_s_side_ramp_made'====== Args={'value': 256, 'prev_value': None, 'change': True}
2020-06-26 23:19:19,353 : EventManager : Event: ======'machine_var_audits_switches_s_side_ramp_pre'====== Args={'value': 2, 'prev_value': None, 'change': True}
2020-06-26 23:19:19,369 : EventManager : Event: ======'machine_var_audits_switches_s_start'====== Args={'value': 24, 'prev_value': None, 'change': True}
2020-06-26 23:19:19,369 : EventManager : Event: ======'machine_var_audits_switches_s_torpedo'====== Args={'value': 170, 'prev_value': None, 'change': True}
2020-06-26 23:19:19,369 : EventManager : Event: ======'machine_var_audits_switches_s_torpedo_lane'====== Args={'value': 2, 'prev_value': None, 'change': True}
2020-06-26 23:19:19,369 : EventManager : Event: ======'machine_var_audits_switches_s_trough1'====== Args={'value': 21, 'prev_value': None, 'change': True}
2020-06-26 23:19:19,369 : EventManager : Event: ======'machine_var_audits_switches_s_trough2'====== Args={'value': 22, 'prev_value': None, 'change': True}
2020-06-26 23:19:19,369 : EventManager : Event: ======'machine_var_audits_switches_s_trough3'====== Args={'value': 25, 'prev_value': None, 'change': True}
2020-06-26 23:19:19,369 : EventManager : Event: ======'machine_var_audits_switches_s_trough4'====== Args={'value': 3, 'prev_value': None, 'change': True}
2020-06-26 23:19:19,370 : EventManager : Event: ======'machine_var_audits_switches_s_trough5'====== Args={'value': 0, 'prev_value': None, 'change': True}
2020-06-26 23:19:19,370 : EventManager : Event: ======'machine_var_audits_switches_s_trough6'====== Args={'value': 1, 'prev_value': None, 'change': True}
2020-06-26 23:19:19,370 : EventManager : Event: ======'machine_var_audits_switches_s_trough_jam'====== Args={'value': 0, 'prev_value': None, 'change': True}
2020-06-26 23:19:19,419 : EventManager : Event: ======'mc_reset_phase_1'====== Args={}
2020-06-26 23:19:19,419 : EventManager : Event: ======'mc_reset_phase_2'====== Args={}
2020-06-26 23:19:19,419 : EventManager : Event: ======'mc_reset_phase_3'====== Args={}
2020-06-26 23:19:19,419 : EventManager : Event: ======'mc_reset_complete'====== Args={}
2020-06-26 23:19:20,485 : EventManager : Event: ======'game_started'====== Args={}
2020-06-26 23:19:20,502 : EventManager : Event: ======'player_added'====== Args={'player': <Player 1>, 'num': 1}
2020-06-26 23:19:20,503 : EventManager : Event: ======'player_index'====== Args={'value': 0, 'prev_value': 0, 'change': 0, 'player_num': 1}
2020-06-26 23:19:20,503 : EventManager : Event: ======'player_number'====== Args={'value': 1, 'prev_value': 1, 'change': 0, 'player_num': 1}
2020-06-26 23:19:20,503 : EventManager : Event: ======'player_score'====== Args={'value': 0, 'prev_value': 0, 'change': 0, 'player_num': 1}
2020-06-26 23:19:20,503 : EventManager : Event: ======'player_ReceivedDMG'====== Args={'value': 1, 'prev_value': 0, 'change': 1, 'player_num': 1}
2020-06-26 23:19:20,503 : EventManager : Event: ======'player_DMGValue'====== Args={'value': 10000000, 'prev_value': 0, 'change': 10000000, 'player_num': 1}
2020-06-26 23:19:20,503 : EventManager : Event: ======'player_m1shotmade'====== Args={'value': 0, 'prev_value': 0, 'change': 0, 'player_num': 1}
2020-06-26 23:19:20,519 : EventManager : Event: ======'player_m2shotmade'====== Args={'value': 0, 'prev_value': 0, 'change': 0, 'player_num': 1}
2020-06-26 23:19:20,519 : EventManager : Event: ======'player_m3shotmade'====== Args={'value': 0, 'prev_value': 0, 'change': 0, 'player_num': 1}
2020-06-26 23:19:20,519 : EventManager : Event: ======'player_m4shotmade'====== Args={'value': 0, 'prev_value': 0, 'change': 0, 'player_num': 1}
2020-06-26 23:19:20,519 : EventManager : Event: ======'player_m5shotmade'====== Args={'value': 0, 'prev_value': 0, 'change': 0, 'player_num': 1}
2020-06-26 23:19:20,519 : EventManager : Event: ======'player_m6shotmade'====== Args={'value': 0, 'prev_value': 0, 'change': 0, 'player_num': 1}
2020-06-26 23:19:20,519 : EventManager : Event: ======'player_m7shotmade'====== Args={'value': 0, 'prev_value': 0, 'change': 0, 'player_num': 1}
2020-06-26 23:19:20,519 : EventManager : Event: ======'player_m8shotmade'====== Args={'value': 0, 'prev_value': 0, 'change': 0, 'player_num': 1}
2020-06-26 23:19:20,519 : EventManager : Event: ======'player_m9shotmade'====== Args={'value': 0, 'prev_value': 0, 'change': 0, 'player_num': 1}
2020-06-26 23:19:20,520 : EventManager : Event: ======'player_m1_active'====== Args={'value': 0, 'prev_value': 0, 'change': 0, 'player_num': 1}
2020-06-26 23:19:20,520 : EventManager : Event: ======'player_m2_active'====== Args={'value': 0, 'prev_value': 0, 'change': 0, 'player_num': 1}
2020-06-26 23:19:20,520 : EventManager : Event: ======'player_m3_active'====== Args={'value': 0, 'prev_value': 0, 'change': 0, 'player_num': 1}
2020-06-26 23:19:20,520 : EventManager : Event: ======'player_m4_active'====== Args={'value': 0, 'prev_value': 0, 'change': 0, 'player_num': 1}
2020-06-26 23:19:20,520 : EventManager : Event: ======'player_m5_active'====== Args={'value': 0, 'prev_value': 0, 'change': 0, 'player_num': 1}
2020-06-26 23:19:20,520 : EventManager : Event: ======'player_m6_active'====== Args={'value': 0, 'prev_value': 0, 'change': 0, 'player_num': 1}
2020-06-26 23:19:20,520 : EventManager : Event: ======'player_m7_active'====== Args={'value': 0, 'prev_value': 0, 'change': 0, 'player_num': 1}
2020-06-26 23:19:20,520 : EventManager : Event: ======'player_m8_active'====== Args={'value': 0, 'prev_value': 0, 'change': 0, 'player_num': 1}
2020-06-26 23:19:20,520 : EventManager : Event: ======'player_m9_active'====== Args={'value': 0, 'prev_value': 0, 'change': 0, 'player_num': 1}
2020-06-26 23:19:20,520 : EventManager : Event: ======'player_lock_lit_1_state'====== Args={'value': 0, 'prev_value': 0, 'change': 0, 'player_num': 1}
2020-06-26 23:19:20,520 : EventManager : Event: ======'player_lock_lit_2_state'====== Args={'value': 0, 'prev_value': 0, 'change': 0, 'player_num': 1}
2020-06-26 23:19:20,520 : EventManager : Event: ======'player_freeze_started'====== Args={'value': 0, 'prev_value': 0, 'change': 0, 'player_num': 1}
2020-06-26 23:19:20,520 : EventManager : Event: ======'player_timer_height'====== Args={'value': 0.0, 'prev_value': 0, 'change': 0.0, 'player_num': 1}
2020-06-26 23:19:20,521 : EventManager : Event: ======'player_citadel_number'====== Args={'value': 0, 'prev_value': 0, 'change': 0, 'player_num': 1}
2020-06-26 23:19:20,521 : EventManager : Event: ======'player_torpedo_number'====== Args={'value': 0, 'prev_value': 0, 'change': 0, 'player_num': 1}
2020-06-26 23:19:20,521 : EventManager : Event: ======'player_citadel_load_number'====== Args={'value': 3, 'prev_value': 0, 'change': 3, 'player_num': 1}
2020-06-26 23:19:20,521 : EventManager : Event: ======'player_torpedo_load_number'====== Args={'value': 3, 'prev_value': 0, 'change': 3, 'player_num': 1}
2020-06-26 23:19:20,521 : EventManager : Event: ======'player_citadel_ready'====== Args={'value': 0, 'prev_value': 0, 'change': 0, 'player_num': 1}
2020-06-26 23:19:20,521 : EventManager : Event: ======'player_torpedo_ready'====== Args={'value': 0, 'prev_value': 0, 'change': 0, 'player_num': 1}
2020-06-26 23:19:20,521 : EventManager : Event: ======'player_torpedo_dmg'====== Args={'value': 10.0, 'prev_value': 0, 'change': 10.0, 'player_num': 1}
2020-06-26 23:19:20,521 : EventManager : Event: ======'player_citadel_dmg'====== Args={'value': 10.0, 'prev_value': 0, 'change': 10.0, 'player_num': 1}
2020-06-26 23:19:20,521 : EventManager : Event: ======'player_fire_dmg'====== Args={'value': 10.0, 'prev_value': 0, 'change': 10.0, 'player_num': 1}
2020-06-26 23:19:20,521 : EventManager : Event: ======'player_modeshotmade'====== Args={'value': 0, 'prev_value': 0, 'change': 0, 'player_num': 1}
2020-06-26 23:19:20,521 : EventManager : Event: ======'player_super_lock'====== Args={'value': 0, 'prev_value': 0, 'change': 0, 'player_num': 1}
2020-06-26 23:19:20,521 : EventManager : Event: ======'player_container_lit'====== Args={'value': 0, 'prev_value': 0, 'change': 0, 'player_num': 1}
2020-06-26 23:19:20,521 : EventManager : Event: ======'player_addaball_lit'====== Args={'value': 0, 'prev_value': 0, 'change': 0, 'player_num': 1}
2020-06-26 23:19:20,522 : EventManager : Event: ======'player_more_time_lit'====== Args={'value': 0, 'prev_value': 0, 'change': 0, 'player_num': 1}
2020-06-26 23:19:20,522 : EventManager : Event: ======'player_ship'====== Args={'value': 'None', 'prev_value': 0, 'change': True, 'player_num': 1}
2020-06-26 23:19:20,522 : EventManager : Event: ======'player_language'====== Args={'value': 'None', 'prev_value': 0, 'change': True, 'player_num': 1}
2020-06-26 23:19:20,522 : EventManager : Event: ======'player_battle_bumper'====== Args={'value': 'fire', 'prev_value': 0, 'change': True, 'player_num': 1}
2020-06-26 23:19:20,569 : EventManager : Event: ======'player_ball'====== Args={'value': 1, 'prev_value': 0, 'change': 1, 'player_num': 1}
2020-06-26 23:19:20,569 : EventManager : Event: ======'player_turn_start'====== Args={'number': 1, 'player': <Player 1>}
2020-06-26 23:19:20,636 : EventManager : Event: ======'player_shot_lane_A_enabled'====== Args={'value': True, 'prev_value': 0, 'change': 1, 'player_num': 1}
2020-06-26 23:19:20,636 : EventManager : Event: ======'player_shot_lane_B_enabled'====== Args={'value': True, 'prev_value': 0, 'change': 1, 'player_num': 1}
2020-06-26 23:19:20,636 : EventManager : Event: ======'player_shot_lane_C_enabled'====== Args={'value': True, 'prev_value': 0, 'change': 1, 'player_num': 1}
2020-06-26 23:19:20,636 : EventManager : Event: ======'player_shot_lane_D_enabled'====== Args={'value': True, 'prev_value': 0, 'change': 1, 'player_num': 1}
2020-06-26 23:19:20,636 : EventManager : Event: ======'player_shot_lane_E_enabled'====== Args={'value': True, 'prev_value': 0, 'change': 1, 'player_num': 1}
2020-06-26 23:19:20,636 : EventManager : Event: ======'player_shot_detonation_lit_enabled'====== Args={'value': True, 'prev_value': 0, 'change': 1, 'player_num': 1}
2020-06-26 23:19:20,636 : EventManager : Event: ======'player_shot_detonation_enabled'====== Args={'value': False, 'prev_value': 0, 'change': 0, 'player_num': 1}
2020-06-26 23:19:20,636 : EventManager : Event: ======'player_shot_ricochet_1_enabled'====== Args={'value': True, 'prev_value': 0, 'change': 1, 'player_num': 1}
2020-06-26 23:19:20,637 : EventManager : Event: ======'player_shot_ricochet_2_enabled'====== Args={'value': True, 'prev_value': 0, 'change': 1, 'player_num': 1}
2020-06-26 23:19:20,637 : EventManager : Event: ======'player_shot_ricochet_3_enabled'====== Args={'value': True, 'prev_value': 0, 'change': 1, 'player_num': 1}
2020-06-26 23:19:20,637 : EventManager : Event: ======'player_shot_ricochet_4_enabled'====== Args={'value': True, 'prev_value': 0, 'change': 1, 'player_num': 1}
2020-06-26 23:19:20,637 : EventManager : Event: ======'player_shot_ricochet_5_enabled'====== Args={'value': True, 'prev_value': 0, 'change': 1, 'player_num': 1}
2020-06-26 23:19:20,637 : EventManager : Event: ======'player_shot_lock_lit_1_enabled'====== Args={'value': True, 'prev_value': 0, 'change': 1, 'player_num': 1}
2020-06-26 23:19:20,652 : EventManager : Event: ======'player_shot_lock_lit_2_enabled'====== Args={'value': True, 'prev_value': 0, 'change': 1, 'player_num': 1}
2020-06-26 23:19:20,653 : EventManager : Event: ======'player_DMGValue'====== Args={'value': 120000000, 'prev_value': 10000000, 'change': 110000000, 'player_num': 1}
2020-06-26 23:19:20,653 : EventManager : Event: ======'player_shot_lock_lit_1_enabled'====== Args={'value': False, 'prev_value': True, 'change': -1, 'player_num': 1}
2020-06-26 23:19:20,653 : EventManager : Event: ======'player_shot_lock_lit_2_enabled'====== Args={'value': False, 'prev_value': True, 'change': -1, 'player_num': 1}
2020-06-26 23:19:20,653 : EventManager : Event: ======'player_shot_lock_lit_1_enabled'====== Args={'value': True, 'prev_value': False, 'change': 1, 'player_num': 1}
2020-06-26 23:19:20,653 : EventManager : Event: ======'player_shot_lock_lit_2_enabled'====== Args={'value': True, 'prev_value': False, 'change': 1, 'player_num': 1}
2020-06-26 23:19:20,853 : EventManager : Event: ======'machine_var_audits_switches_s_plunger'====== Args={'value': 1412, 'prev_value': 1411, 'change': 1}
2020-06-26 23:19:24,535 : EventManager : Event: ======'machine_var_audits_switches_s_right_outlane'====== Args={'value': 65, 'prev_value': 64, 'change': 1}
2020-06-26 23:19:24,535 : EventManager : Event: ======'player_shot_lane_E'====== Args={'value': 1, 'prev_value': 0, 'change': 1, 'player_num': 1}
2020-06-26 23:19:24,536 : EventManager : Event: ======'machine_var_audits_shots_lane_E'====== Args={'value': 63, 'prev_value': 62, 'change': 1}
2020-06-26 23:19:25,319 : EventManager : Event: ======'machine_var_audits_switches_s_right_inlane'====== Args={'value': 67, 'prev_value': 66, 'change': 1}
2020-06-26 23:19:25,319 : EventManager : Event: ======'player_shot_lane_D'====== Args={'value': 1, 'prev_value': 0, 'change': 1, 'player_num': 1}
2020-06-26 23:19:25,336 : EventManager : Event: ======'machine_var_audits_shots_lane_D'====== Args={'value': 65, 'prev_value': 64, 'change': 1}
2020-06-26 23:19:28,119 : EventManager : Event: ======'machine_var_audits_switches_s_left_inlane'====== Args={'value': 88, 'prev_value': 87, 'change': 1}
2020-06-26 23:19:28,119 : EventManager : Event: ======'player_shot_lane_C'====== Args={'value': 1, 'prev_value': 0, 'change': 1, 'player_num': 1}
2020-06-26 23:19:28,119 : EventManager : Event: ======'machine_var_audits_shots_lane_C'====== Args={'value': 88, 'prev_value': 87, 'change': 1}
2020-06-26 23:19:28,603 : EventManager : Event: ======'machine_var_audits_switches_s_left_mid_inlane'====== Args={'value': 57, 'prev_value': 56, 'change': 1}
2020-06-26 23:19:28,603 : EventManager : Event: ======'player_shot_lane_B'====== Args={'value': 1, 'prev_value': 0, 'change': 1, 'player_num': 1}
2020-06-26 23:19:28,603 : EventManager : Event: ======'machine_var_audits_shots_lane_B'====== Args={'value': 57, 'prev_value': 56, 'change': 1}
2020-06-26 23:19:29,086 : EventManager : Event: ======'machine_var_audits_switches_s_left_outlane'====== Args={'value': 54, 'prev_value': 53, 'change': 1}
2020-06-26 23:19:29,086 : EventManager : Event: ======'player_shot_lane_A'====== Args={'value': 1, 'prev_value': 0, 'change': 1, 'player_num': 1}
2020-06-26 23:19:29,086 : EventManager : Event: ======'machine_var_audits_shots_lane_A'====== Args={'value': 54, 'prev_value': 53, 'change': 1}
2020-06-26 23:19:29,086 : EventManager : Event: ======'player_shot_lane_A'====== Args={'value': 0, 'prev_value': 1, 'change': -1, 'player_num': 1}
2020-06-26 23:19:29,087 : EventManager : Event: ======'player_shot_lane_B'====== Args={'value': 0, 'prev_value': 1, 'change': -1, 'player_num': 1}
2020-06-26 23:19:29,087 : EventManager : Event: ======'player_shot_lane_C'====== Args={'value': 0, 'prev_value': 1, 'change': -1, 'player_num': 1}
2020-06-26 23:19:29,087 : EventManager : Event: ======'player_shot_lane_D'====== Args={'value': 0, 'prev_value': 1, 'change': -1, 'player_num': 1}
2020-06-26 23:19:29,087 : EventManager : Event: ======'player_shot_lane_E'====== Args={'value': 0, 'prev_value': 1, 'change': -1, 'player_num': 1}
2020-06-26 23:19:29,087 : EventManager : Event: ======'player_container_lit'====== Args={'value': 1, 'prev_value': 0, 'change': 1, 'player_num': 1}
2020-06-26 23:19:30,269 : EventManager : Event: ======'machine_var_audits_switches_s_main_hole'====== Args={'value': 258, 'prev_value': 257, 'change': 1}
2020-06-26 23:19:30,803 : EventManager : Event: ======'slides_play'====== Args={'settings': {'mode_9_start_slide': {'widgets': [{'type': 'image', 'image': 'mode_9_start', '_default_settings': ['type', 'image'], 'x': None, 'y': None, 'anchor_x': 'center', 'anchor_y': 'center', 'round_anchor_x': None, 'round_anchor_y': None, 'opacity': 1.0, 'z': 0, 'reset_animations_events': {}, 'color': [1.0, 1.0, 1.0, 1.0], 'style': [], 'adjust_top': 0, 'adjust_bottom': 0, 'adjust_left': 0, 'adjust_right': 0, 'expire': None, 'key': None, 'widget': None, 'events_when_added': [], 'events_when_removed': [], 'fps': 10, 'loops': -1, 'auto_play': True, 'start_frame': 0, 'rotation': 0, 'scale': 1.0, 'animations': None}], 'target': None, 'background_color': [0.0, 0.0, 0.0, 1.0], 'priority': None, 'show': True, 'force': False, 'expire': None, 'slide': None, 'tokens': {}, 'action': 'play'}}, 'context': 'show_31', 'calling_context': 0, 'priority': 300, 'show_tokens': {}, 'start_time': 422964.921}
2020-06-26 23:19:30,803 : EventManager : Event: ======'player_m9_active'====== Args={'value': 1, 'prev_value': 0, 'change': 1, 'player_num': 1}
2020-06-26 23:19:30,803 : EventManager : Event: ======'player_more_time_lit'====== Args={'value': 1, 'prev_value': 0, 'change': 1, 'player_num': 1}
2020-06-26 23:19:30,803 : EventManager : Event: ======'player_mode_manager_mode_countdown_tick'====== Args={'value': 30, 'prev_value': 0, 'change': 30, 'player_num': 1}
2020-06-26 23:19:30,803 : EventManager : Event: ======'player_mode_manager_mode_freeze_tick'====== Args={'value': 15, 'prev_value': 0, 'change': 15, 'player_num': 1}
2020-06-26 23:19:30,804 : mpfmc : SlidePlayer: Play called with settings={'mode_9_start_slide': {'widgets': [{'type': 'image', 'image': 'mode_9_start', '_default_settings': ['type', 'image'], 'x': None, 'y': None, 'anchor_x': 'center', 'anchor_y': 'center', 'round_anchor_x': None, 'round_anchor_y': None, 'opacity': 1.0, 'z': 0, 'reset_animations_events': {}, 'color': [1.0, 1.0, 1.0, 1.0], 'style': [], 'adjust_top': 0, 'adjust_bottom': 0, 'adjust_left': 0, 'adjust_right': 0, 'expire': None, 'key': None, 'widget': None, 'events_when_added': [], 'events_when_removed': [], 'fps': 10, 'loops': -1, 'auto_play': True, 'start_frame': 0, 'rotation': 0, 'scale': 1.0, 'animations': None}], 'target': None, 'background_color': [0.0, 0.0, 0.0, 1.0], 'priority': None, 'show': True, 'force': False, 'expire': None, 'slide': None, 'tokens': {}, 'action': 'play'}}
2020-06-26 23:19:30,806 : EventManager : Event: ======'slide_mode_9_start_slide_created'====== Args={}
2020-06-26 23:19:30,807 : EventManager : Event: ======'slide_mode_9_start_slide_active'====== Args={}
2020-06-26 23:19:32,286 : EventManager : Event: ======'slides_play'====== Args={'settings': {'mode_9_start_slide_text': {'widgets': [{'type': 'image', 'image': 'mode_9_start_text', '_default_settings': ['type', 'image'], 'x': None, 'y': None, 'anchor_x': 'center', 'anchor_y': 'center', 'round_anchor_x': None, 'round_anchor_y': None, 'opacity': 1.0, 'z': 0, 'reset_animations_events': {}, 'color': [1.0, 1.0, 1.0, 1.0], 'style': [], 'adjust_top': 0, 'adjust_bottom': 0, 'adjust_left': 0, 'adjust_right': 0, 'expire': None, 'key': None, 'widget': None, 'events_when_added': [], 'events_when_removed': [], 'fps': 10, 'loops': -1, 'auto_play': True, 'start_frame': 0, 'rotation': 0, 'scale': 1.0, 'animations': None}], 'target': None, 'background_color': [0.0, 0.0, 0.0, 1.0], 'priority': None, 'show': True, 'force': False, 'expire': None, 'slide': None, 'tokens': {}, 'action': 'play'}}, 'context': 'show_31', 'calling_context': 1, 'priority': 300, 'show_tokens': {}, 'start_time': 422966.421}
2020-06-26 23:19:32,286 : mpfmc : SlidePlayer: Play called with settings={'mode_9_start_slide_text': {'widgets': [{'type': 'image', 'image': 'mode_9_start_text', '_default_settings': ['type', 'image'], 'x': None, 'y': None, 'anchor_x': 'center', 'anchor_y': 'center', 'round_anchor_x': None, 'round_anchor_y': None, 'opacity': 1.0, 'z': 0, 'reset_animations_events': {}, 'color': [1.0, 1.0, 1.0, 1.0], 'style': [], 'adjust_top': 0, 'adjust_bottom': 0, 'adjust_left': 0, 'adjust_right': 0, 'expire': None, 'key': None, 'widget': None, 'events_when_added': [], 'events_when_removed': [], 'fps': 10, 'loops': -1, 'auto_play': True, 'start_frame': 0, 'rotation': 0, 'scale': 1.0, 'animations': None}], 'target': None, 'background_color': [0.0, 0.0, 0.0, 1.0], 'priority': None, 'show': True, 'force': False, 'expire': None, 'slide': None, 'tokens': {}, 'action': 'play'}}
2020-06-26 23:19:32,288 : EventManager : Event: ======'slide_mode_9_start_slide_text_created'====== Args={}
2020-06-26 23:19:32,289 : EventManager : Event: ======'slide_mode_9_start_slide_text_active'====== Args={}
2020-06-26 23:19:33,286 : EventManager : Event: ======'slides_clear'====== Args={'context': 'show_31'}
2020-06-26 23:19:33,287 : EventManager : Event: ======'slide_mode_9_start_slide_removed'====== Args={}
2020-06-26 23:19:33,288 : EventManager : Event: ======'slide_mode_9_start_slide_text_removed'====== Args={}
2020-06-26 23:19:33,289 : EventManager : Event: ======'slide_dmd_blank_active'====== Args={}
2020-06-26 23:19:33,303 : EventManager : Event: ======'player_container_lit'====== Args={'value': 0, 'prev_value': 1, 'change': -1, 'player_num': 1}
2020-06-26 23:19:33,303 : EventManager : Event: ======'slides_play'====== Args={'settings': {'container_time': {'widgets': [{'type': 'image', 'image': 'container_time', '_default_settings': ['type', 'image'], 'x': None, 'y': None, 'anchor_x': 'center', 'anchor_y': 'center', 'round_anchor_x': None, 'round_anchor_y': None, 'opacity': 1.0, 'z': 0, 'reset_animations_events': {}, 'color': [1.0, 1.0, 1.0, 1.0], 'style': [], 'adjust_top': 0, 'adjust_bottom': 0, 'adjust_left': 0, 'adjust_right': 0, 'expire': None, 'key': None, 'widget': None, 'events_when_added': [], 'events_when_removed': [], 'fps': 10, 'loops': -1, 'auto_play': True, 'start_frame': 0, 'rotation': 0, 'scale': 1.0, 'animations': None}], 'target': None, 'background_color': [0.0, 0.0, 0.0, 1.0], 'priority': None, 'show': True, 'force': False, 'expire': None, 'slide': None, 'tokens': {}, 'action': 'play'}}, 'context': 'show_35', 'calling_context': 0, 'priority': 100, 'show_tokens': {}, 'start_time': 422967.421}
2020-06-26 23:19:33,303 : EventManager : Event: ======'player_more_time_lit'====== Args={'value': 0, 'prev_value': 1, 'change': -1, 'player_num': 1}
2020-06-26 23:19:33,303 : EventManager : Event: ======'player_mode_manager_mode_countdown_delay_tick'====== Args={'value': 2, 'prev_value': 0, 'change': 2, 'player_num': 1}
2020-06-26 23:19:33,303 : mpfmc : SlidePlayer: Play called with settings={'container_time': {'widgets': [{'type': 'image', 'image': 'container_time', '_default_settings': ['type', 'image'], 'x': None, 'y': None, 'anchor_x': 'center', 'anchor_y': 'center', 'round_anchor_x': None, 'round_anchor_y': None, 'opacity': 1.0, 'z': 0, 'reset_animations_events': {}, 'color': [1.0, 1.0, 1.0, 1.0], 'style': [], 'adjust_top': 0, 'adjust_bottom': 0, 'adjust_left': 0, 'adjust_right': 0, 'expire': None, 'key': None, 'widget': None, 'events_when_added': [], 'events_when_removed': [], 'fps': 10, 'loops': -1, 'auto_play': True, 'start_frame': 0, 'rotation': 0, 'scale': 1.0, 'animations': None}], 'target': None, 'background_color': [0.0, 0.0, 0.0, 1.0], 'priority': None, 'show': True, 'force': False, 'expire': None, 'slide': None, 'tokens': {}, 'action': 'play'}}
2020-06-26 23:19:33,305 : EventManager : Event: ======'slide_container_time_created'====== Args={}
2020-06-26 23:19:33,306 : EventManager : Event: ======'slide_container_time_active'====== Args={}
2020-06-26 23:19:34,303 : EventManager : Event: ======'player_mode_manager_mode_countdown_delay_tick'====== Args={'value': 1, 'prev_value': 2, 'change': -1, 'player_num': 1}
2020-06-26 23:19:34,603 : EventManager : Event: ======'slides_play'====== Args={'settings': {'container_time_text': {'widgets': [{'type': 'image', 'image': 'container_time_text', '_default_settings': ['type', 'image'], 'x': None, 'y': None, 'anchor_x': 'center', 'anchor_y': 'center', 'round_anchor_x': None, 'round_anchor_y': None, 'opacity': 1.0, 'z': 0, 'reset_animations_events': {}, 'color': [1.0, 1.0, 1.0, 1.0], 'style': [], 'adjust_top': 0, 'adjust_bottom': 0, 'adjust_left': 0, 'adjust_right': 0, 'expire': None, 'key': None, 'widget': None, 'events_when_added': [], 'events_when_removed': [], 'fps': 10, 'loops': -1, 'auto_play': True, 'start_frame': 0, 'rotation': 0, 'scale': 1.0, 'animations': None}], 'target': None, 'background_color': [0.0, 0.0, 0.0, 1.0], 'priority': None, 'show': True, 'force': False, 'expire': None, 'slide': None, 'tokens': {}, 'action': 'play'}}, 'context': 'show_35', 'calling_context': 1, 'priority': 100, 'show_tokens': {}, 'start_time': 422968.72099999996}
2020-06-26 23:19:34,603 : mpfmc : SlidePlayer: Play called with settings={'container_time_text': {'widgets': [{'type': 'image', 'image': 'container_time_text', '_default_settings': ['type', 'image'], 'x': None, 'y': None, 'anchor_x': 'center', 'anchor_y': 'center', 'round_anchor_x': None, 'round_anchor_y': None, 'opacity': 1.0, 'z': 0, 'reset_animations_events': {}, 'color': [1.0, 1.0, 1.0, 1.0], 'style': [], 'adjust_top': 0, 'adjust_bottom': 0, 'adjust_left': 0, 'adjust_right': 0, 'expire': None, 'key': None, 'widget': None, 'events_when_added': [], 'events_when_removed': [], 'fps': 10, 'loops': -1, 'auto_play': True, 'start_frame': 0, 'rotation': 0, 'scale': 1.0, 'animations': None}], 'target': None, 'background_color': [0.0, 0.0, 0.0, 1.0], 'priority': None, 'show': True, 'force': False, 'expire': None, 'slide': None, 'tokens': {}, 'action': 'play'}}
2020-06-26 23:19:34,605 : EventManager : Event: ======'slide_container_time_text_created'====== Args={}
2020-06-26 23:19:34,606 : EventManager : Event: ======'slide_container_time_text_active'====== Args={}
2020-06-26 23:19:35,303 : EventManager : Event: ======'player_mode_manager_mode_countdown_delay_tick'====== Args={'value': 0, 'prev_value': 1, 'change': -1, 'player_num': 1}
2020-06-26 23:19:35,603 : EventManager : Event: ======'slides_clear'====== Args={'context': 'show_35'}
2020-06-26 23:19:35,604 : EventManager : Event: ======'slide_container_time_removed'====== Args={}
2020-06-26 23:19:35,604 : EventManager : Event: ======'slide_container_time_text_removed'====== Args={}
2020-06-26 23:19:35,605 : EventManager : Event: ======'slide_dmd_blank_active'====== Args={}
2020-06-26 23:19:35,619 : EventManager : Event: ======'player_mode_manager_mode_countdown_delay_tick'====== Args={'value': 2, 'prev_value': 0, 'change': 2, 'player_num': 1}
2020-06-26 23:19:36,636 : EventManager : Event: ======'player_mode_manager_mode_countdown_delay_tick'====== Args={'value': 1, 'prev_value': 2, 'change': -1, 'player_num': 1}
2020-06-26 23:19:37,637 : EventManager : Event: ======'player_mode_manager_mode_countdown_delay_tick'====== Args={'value': 0, 'prev_value': 1, 'change': -1, 'player_num': 1}
2020-06-26 23:19:38,637 : EventManager : Event: ======'player_mode_manager_mode_freeze_tick'====== Args={'value': 14, 'prev_value': 15, 'change': -1, 'player_num': 1}
2020-06-26 23:19:39,637 : EventManager : Event: ======'player_mode_manager_mode_freeze_tick'====== Args={'value': 13, 'prev_value': 14, 'change': -1, 'player_num': 1}
2020-06-26 23:19:40,637 : EventManager : Event: ======'player_mode_manager_mode_freeze_tick'====== Args={'value': 12, 'prev_value': 13, 'change': -1, 'player_num': 1}
2020-06-26 23:19:41,636 : EventManager : Event: ======'player_mode_manager_mode_freeze_tick'====== Args={'value': 11, 'prev_value': 12, 'change': -1, 'player_num': 1}
2020-06-26 23:19:42,637 : EventManager : Event: ======'player_mode_manager_mode_freeze_tick'====== Args={'value': 10, 'prev_value': 11, 'change': -1, 'player_num': 1}
2020-06-26 23:19:43,637 : EventManager : Event: ======'player_mode_manager_mode_freeze_tick'====== Args={'value': 9, 'prev_value': 10, 'change': -1, 'player_num': 1}
2020-06-26 23:19:44,637 : EventManager : Event: ======'player_mode_manager_mode_freeze_tick'====== Args={'value': 8, 'prev_value': 9, 'change': -1, 'player_num': 1}
2020-06-26 23:19:45,637 : EventManager : Event: ======'player_mode_manager_mode_freeze_tick'====== Args={'value': 7, 'prev_value': 8, 'change': -1, 'player_num': 1}
2020-06-26 23:19:46,637 : EventManager : Event: ======'player_mode_manager_mode_freeze_tick'====== Args={'value': 6, 'prev_value': 7, 'change': -1, 'player_num': 1}
2020-06-26 23:19:47,638 : EventManager : Event: ======'player_mode_manager_mode_freeze_tick'====== Args={'value': 5, 'prev_value': 6, 'change': -1, 'player_num': 1}
2020-06-26 23:19:48,637 : EventManager : Event: ======'player_mode_manager_mode_freeze_tick'====== Args={'value': 4, 'prev_value': 5, 'change': -1, 'player_num': 1}
2020-06-26 23:19:49,638 : EventManager : Event: ======'player_mode_manager_mode_freeze_tick'====== Args={'value': 3, 'prev_value': 4, 'change': -1, 'player_num': 1}
2020-06-26 23:19:50,637 : EventManager : Event: ======'player_mode_manager_mode_freeze_tick'====== Args={'value': 2, 'prev_value': 3, 'change': -1, 'player_num': 1}
2020-06-26 23:19:51,637 : EventManager : Event: ======'player_mode_manager_mode_freeze_tick'====== Args={'value': 1, 'prev_value': 2, 'change': -1, 'player_num': 1}
2020-06-26 23:19:52,638 : EventManager : Event: ======'player_mode_manager_mode_freeze_tick'====== Args={'value': 0, 'prev_value': 1, 'change': -1, 'player_num': 1}
2020-06-26 23:19:52,638 : EventManager : Event: ======'player_countdown_bar_progress'====== Args={'value': 30, 'prev_value': 0, 'change': 30, 'player_num': 1}
2020-06-26 23:19:53,637 : EventManager : Event: ======'player_mode_manager_mode_countdown_tick'====== Args={'value': 29, 'prev_value': 30, 'change': -1, 'player_num': 1}
2020-06-26 23:19:53,638 : EventManager : Event: ======'player_countdown_bar_progress'====== Args={'value': 29, 'prev_value': 30, 'change': -1, 'player_num': 1}
2020-06-26 23:19:54,638 : EventManager : Event: ======'player_mode_manager_mode_countdown_tick'====== Args={'value': 28, 'prev_value': 29, 'change': -1, 'player_num': 1}
2020-06-26 23:19:54,638 : EventManager : Event: ======'player_countdown_bar_progress'====== Args={'value': 28, 'prev_value': 29, 'change': -1, 'player_num': 1}
2020-06-26 23:19:55,638 : EventManager : Event: ======'player_mode_manager_mode_countdown_tick'====== Args={'value': 27, 'prev_value': 28, 'change': -1, 'player_num': 1}
2020-06-26 23:19:55,638 : EventManager : Event: ======'player_countdown_bar_progress'====== Args={'value': 27, 'prev_value': 28, 'change': -1, 'player_num': 1}
2020-06-26 23:19:56,638 : EventManager : Event: ======'player_mode_manager_mode_countdown_tick'====== Args={'value': 26, 'prev_value': 27, 'change': -1, 'player_num': 1}
2020-06-26 23:19:56,638 : EventManager : Event: ======'player_countdown_bar_progress'====== Args={'value': 26, 'prev_value': 27, 'change': -1, 'player_num': 1}
2020-06-26 23:19:57,638 : EventManager : Event: ======'player_mode_manager_mode_countdown_tick'====== Args={'value': 25, 'prev_value': 26, 'change': -1, 'player_num': 1}
2020-06-26 23:19:57,638 : EventManager : Event: ======'player_countdown_bar_progress'====== Args={'value': 25, 'prev_value': 26, 'change': -1, 'player_num': 1}
2020-06-26 23:19:58,638 : EventManager : Event: ======'player_mode_manager_mode_countdown_tick'====== Args={'value': 24, 'prev_value': 25, 'change': -1, 'player_num': 1}
2020-06-26 23:19:58,638 : EventManager : Event: ======'player_countdown_bar_progress'====== Args={'value': 24, 'prev_value': 25, 'change': -1, 'player_num': 1}
2020-06-26 23:19:59,638 : EventManager : Event: ======'player_mode_manager_mode_countdown_tick'====== Args={'value': 23, 'prev_value': 24, 'change': -1, 'player_num': 1}
2020-06-26 23:19:59,638 : EventManager : Event: ======'player_countdown_bar_progress'====== Args={'value': 23, 'prev_value': 24, 'change': -1, 'player_num': 1}
2020-06-26 23:20:00,638 : EventManager : Event: ======'player_mode_manager_mode_countdown_tick'====== Args={'value': 22, 'prev_value': 23, 'change': -1, 'player_num': 1}
2020-06-26 23:20:00,638 : EventManager : Event: ======'player_countdown_bar_progress'====== Args={'value': 22, 'prev_value': 23, 'change': -1, 'player_num': 1}
2020-06-26 23:20:01,638 : EventManager : Event: ======'player_mode_manager_mode_countdown_tick'====== Args={'value': 21, 'prev_value': 22, 'change': -1, 'player_num': 1}
2020-06-26 23:20:01,638 : EventManager : Event: ======'player_countdown_bar_progress'====== Args={'value': 21, 'prev_value': 22, 'change': -1, 'player_num': 1}
2020-06-26 23:20:02,638 : EventManager : Event: ======'player_mode_manager_mode_countdown_tick'====== Args={'value': 20, 'prev_value': 21, 'change': -1, 'player_num': 1}
2020-06-26 23:20:02,638 : EventManager : Event: ======'player_countdown_bar_progress'====== Args={'value': 20, 'prev_value': 21, 'change': -1, 'player_num': 1}
2020-06-26 23:20:03,252 : kivy : WindowSDL: exiting mainloop and closing.
2020-06-26 23:20:03,431 : kivy : Base: Leaving application in progress...
2020-06-26 23:20:03,432 : mpfmc : Stopping...
2020-06-26 23:20:03,432 : EventManager : Event: ======'shutdown'====== Args={}
2020-06-26 23:20:03,432 : mpfmc : Loop rate 59.56 Hz
2020-06-26 23:20:03,432 : kivy : MC run loop ended.
2020-06-26 23:20:03,432 : kivy : Stopping child threads... (3 remaining)
2020-06-26 23:20:03,631 : mpfmc : Stopping...
2020-06-26 23:20:03,631 : EventManager : Event: ======'shutdown'====== Args={}
2020-06-26 23:20:03,631 : mpfmc : Loop rate 59.3 Hz
2020-06-26 23:20:04,192 : MPF-MC BCP Server : Stopping BCP sending thread
2020-06-26 23:20:04,234 : kivy : All child threads stopped.
