2020-03-07 13:02:07,167 : INFO : Machine : Mission Pinball Framework Core Engine v0.53.2
2020-03-07 13:02:07,167 : INFO : Machine : Command line arguments: {'no_load_cache': False, 'create_config_cache': True, 'bcp': True, 'configfile': ['config.yaml'], 'mpfconfigfile': 'c:\\users\\schol\\appdata\\local\\programs\\python\\python36\\lib\\site-packages\\mpf\\mpfconfig.yaml', 'force_assets_load': False, 'jsonlogging': False, 'logfile': 'logs\\2020-03-07-13-02-07-mpf-DESKTOP-FPTMTCL.log', 'pause': False, 'production': False, 'text_ui': True, 'loglevel': 15, 'consoleloglevel': 20, 'force_platform': 'smart_virtual', 'syslog_address': None, 'mc_file_name': None, 'no_sound': False}
2020-03-07 13:02:07,167 : INFO : Machine : MPF path: c:\users\schol\appdata\local\programs\python\python36\lib\site-packages\mpf
2020-03-07 13:02:07,167 : INFO : Machine : Machine path: E:\mpf\wows\wows
2020-03-07 13:02:07,167 : INFO : Machine : Platform: win32
2020-03-07 13:02:07,167 : INFO : Machine : Python executable location: c:\users\schol\appdata\local\programs\python\python36\python.exe
2020-03-07 13:02:07,167 : INFO : Machine : Python version: 3.6.4 (64-bit)
2020-03-07 13:02:07,167 : INFO : Machine : Machine config file #1: config.yaml
2020-03-07 13:02:07,168 : WARNING : ConfigProcessor : Config file in cache changed: E:\mpf\wows\wows\config\config.yaml
2020-03-07 13:02:07,168 : INFO : ConfigProcessor : Loading config from file c:\users\schol\appdata\local\programs\python\python36\lib\site-packages\mpf\mpfconfig.yaml.
2020-03-07 13:02:07,232 : INFO : ConfigProcessor : Loading config: c:\users\schol\appdata\local\programs\python\python36\lib\site-packages\mpf\mpfconfig.yaml
2020-03-07 13:02:07,239 : INFO : ConfigProcessor : Loading config from file E:\mpf\wows\wows\config\config.yaml.
2020-03-07 13:02:07,343 : INFO : ConfigProcessor : Loading config: E:\mpf\wows\wows\config\config.yaml
2020-03-07 13:02:07,345 : INFO : ConfigProcessor : Config file cache created: C:\Users\schol\AppData\Local\Temp\a7e9e9e882fa7eca7cb0ba00eaf15121.mpf_cache
2020-03-07 13:02:07,346 : INFO : Machine : Initialise MPF.
2020-03-07 13:02:07,647 : INFO : EventManager : Event: ======'machine_var_credits_string'====== Args={'value': 'FREE PLAY', 'prev_value': None, 'change': True}
2020-03-07 13:02:07,685 : INFO : EventManager : Event: ======'machine_var_player1_score'====== Args={'value': 0, 'prev_value': None, 'change': True}
2020-03-07 13:02:07,685 : INFO : EventManager : Event: ======'machine_var_mpf_version'====== Args={'value': 'MPF v0.53.2', 'prev_value': None, 'change': True}
2020-03-07 13:02:07,685 : INFO : EventManager : Event: ======'machine_var_mpf_extended_version'====== Args={'value': 'MPF v0.53.2, Config version:5, Show version: 5, BCP version:1.1', 'prev_value': None, 'change': True}
2020-03-07 13:02:07,685 : INFO : EventManager : Event: ======'machine_var_python_version'====== Args={'value': '3.6.4', 'prev_value': None, 'change': True}
2020-03-07 13:02:07,685 : INFO : EventManager : Event: ======'machine_var_platform'====== Args={'value': 'Windows-10-10.0.18362-SP0', 'prev_value': None, 'change': True}
2020-03-07 13:02:07,685 : INFO : EventManager : Event: ======'machine_var_platform_system'====== Args={'value': 'Windows', 'prev_value': None, 'change': True}
2020-03-07 13:02:07,685 : INFO : EventManager : Event: ======'machine_var_platform_release'====== Args={'value': '10', 'prev_value': None, 'change': True}
2020-03-07 13:02:07,685 : INFO : EventManager : Event: ======'machine_var_platform_version'====== Args={'value': '10.0.18362', 'prev_value': None, 'change': True}
2020-03-07 13:02:07,685 : INFO : EventManager : Event: ======'machine_var_platform_machine'====== Args={'value': 'AMD64', 'prev_value': None, 'change': True}
2020-03-07 13:02:07,685 : INFO : EventManager : Event: ======'init_phase_1'====== Args={}
2020-03-07 13:02:07,716 : INFO : ConfigProcessor : Loading config from cache: C:\Users\schol\AppData\Local\Temp\bafdfa3518b80fac5c67bbc1ea3da4f8.mpf_cache
2020-03-07 13:02:07,721 : INFO : ConfigProcessor : Loading config from cache: C:\Users\schol\AppData\Local\Temp\d01089fe8a4c8b32515bd43f8cd9fd8b.mpf_cache
2020-03-07 13:02:07,726 : INFO : ConfigProcessor : Loading config from cache: C:\Users\schol\AppData\Local\Temp\79b69aca05077178b8904472f0120320.mpf_cache
2020-03-07 13:02:07,731 : INFO : ConfigProcessor : Loading config from cache: C:\Users\schol\AppData\Local\Temp\f6b4884431efff4cb2e21d23d2c7b801.mpf_cache
2020-03-07 13:02:07,736 : INFO : ConfigProcessor : Loading config from cache: C:\Users\schol\AppData\Local\Temp\5dbeda7d2775496a54d206d506904281.mpf_cache
2020-03-07 13:02:07,741 : INFO : ConfigProcessor : Loading config from cache: C:\Users\schol\AppData\Local\Temp\97f63c0afcbce8d9df7044fccf1035a4.mpf_cache
2020-03-07 13:02:07,746 : INFO : ConfigProcessor : Loading config from cache: C:\Users\schol\AppData\Local\Temp\a6527a592b6034dbfea56fdf726c3822.mpf_cache
2020-03-07 13:02:07,751 : INFO : ConfigProcessor : Loading config from cache: C:\Users\schol\AppData\Local\Temp\4aeaa69609f53d9b71d1dbbedd434b0b.mpf_cache
2020-03-07 13:02:07,756 : INFO : ConfigProcessor : Loading config from cache: C:\Users\schol\AppData\Local\Temp\2242affd3e515f08e26d4d5b365e866b.mpf_cache
2020-03-07 13:02:07,761 : INFO : ConfigProcessor : Loading config from cache: C:\Users\schol\AppData\Local\Temp\1e6cc6775e87a3e14ded8d45fd065b10.mpf_cache
2020-03-07 13:02:07,766 : INFO : ConfigProcessor : Loading config from cache: C:\Users\schol\AppData\Local\Temp\d5fd805c5432c1441bf01a6268536a3d.mpf_cache
2020-03-07 13:02:07,771 : INFO : ConfigProcessor : Loading config from cache: C:\Users\schol\AppData\Local\Temp\6e6d4708a613edd7635d35a6961997f3.mpf_cache
2020-03-07 13:02:07,776 : INFO : ConfigProcessor : Loading config from cache: C:\Users\schol\AppData\Local\Temp\5c4497fcd69d1d656c4b69a28e44c490.mpf_cache
2020-03-07 13:02:07,781 : INFO : ConfigProcessor : Loading config from cache: C:\Users\schol\AppData\Local\Temp\edfeac6524e6d1874b234b23d854175f.mpf_cache
2020-03-07 13:02:07,786 : WARNING : ConfigProcessor : Config file in cache changed: E:\mpf\wows\wows\modes\hc_lock_lit\config\hc_lock_lit.yaml
2020-03-07 13:02:07,786 : INFO : ConfigProcessor : Loading config from file E:\mpf\wows\wows\modes\hc_lock_lit\config\hc_lock_lit.yaml.
2020-03-07 13:02:07,791 : INFO : ConfigProcessor : Loading config: E:\mpf\wows\wows\modes\hc_lock_lit\config\hc_lock_lit.yaml
2020-03-07 13:02:07,791 : INFO : ConfigProcessor : Config file cache created: C:\Users\schol\AppData\Local\Temp\2f7452aae1b2779bb4a1388fc419c0c8.mpf_cache
2020-03-07 13:02:07,796 : INFO : ConfigProcessor : Loading config from cache: C:\Users\schol\AppData\Local\Temp\fbcc5772262340622f93ebd98450e45f.mpf_cache
2020-03-07 13:02:07,801 : INFO : ConfigProcessor : Loading config from cache: C:\Users\schol\AppData\Local\Temp\f9a57b3955e1480227d6e8589f6567c4.mpf_cache
2020-03-07 13:02:07,806 : INFO : ConfigProcessor : Loading config from cache: C:\Users\schol\AppData\Local\Temp\fa1d48c05f4d8fd05f0b267836a1ac4f.mpf_cache
2020-03-07 13:02:07,840 : INFO : EventManager : Event: ======'main_state'====== Args={}
2020-03-07 13:02:07,841 : INFO : EventManager : Event: ======'lock_stated'====== Args={}
2020-03-07 13:02:07,841 : WARNING : Mode.confederate : Can only start mode confederate during a game. Aborting start.
2020-03-07 13:02:07,841 : WARNING : Mode.hc_lock_lit : Can only start mode hc_lock_lit during a game. Aborting start.
2020-03-07 13:02:07,841 : INFO : EventManager : Event: ======'init_phase_2'====== Args={}
2020-03-07 13:02:07,842 : INFO : SwitchController : Found active switch: ('2', <Platform.SmartVirtual>)
2020-03-07 13:02:07,842 : INFO : SwitchController : Found active switch: ('3', <Platform.SmartVirtual>)
2020-03-07 13:02:07,842 : INFO : SwitchController : Found active switch: ('4', <Platform.SmartVirtual>)
2020-03-07 13:02:07,842 : INFO : SwitchController : Found active switch: ('5', <Platform.SmartVirtual>)
2020-03-07 13:02:07,842 : INFO : SwitchController : Found active switch: ('6', <Platform.SmartVirtual>)
2020-03-07 13:02:07,842 : INFO : SwitchController : Found active switch: ('7', <Platform.SmartVirtual>)
2020-03-07 13:02:07,850 : INFO : EventManager : Event: ======'bcp_connection_attempt'====== Args={'name': 'local_display', 'host': 'localhost', 'port': 5050}
2020-03-07 13:02:07,851 : INFO : BCPClientSocket : Connecting BCP to 'local_display' at localhost:5050...
2020-03-07 13:02:09,870 : INFO : BCPClientSocket : Connected BCP to 'local_display' localhost:5050
2020-03-07 13:02:09,871 : INFO : EventManager : Event: ======'bcp_clients_connected'====== Args={}
2020-03-07 13:02:09,883 : INFO : EventManager : Event: ======'machine_var_mc_version'====== Args={'value': 'MPF-MC v0.53.0', 'prev_value': None, 'change': True}
2020-03-07 13:02:09,883 : INFO : EventManager : Event: ======'machine_var_mc_extended_version'====== Args={'value': 'MPF-MC v0.53.0 (config_version=5, BCP v1.1, Requires MPF v0.53.0)', 'prev_value': None, 'change': True}
2020-03-07 13:02:09,885 : INFO : EventManager : Event: ======'machine_var_master_volume'====== Args={'value': 0.5, 'prev_value': None, 'change': True}
2020-03-07 13:02:09,931 : INFO : EventManager : Event: ======'init_phase_3'====== Args={}
2020-03-07 13:02:09,932 : INFO : AssetManager : Registering Asset: mode_countdown, File: mode_countdown.yaml, Default Group: default, Final Config: {'load': 'preload', 'file': 'E:\\mpf\\wows\\wows\\shows\\mode_countdown.yaml'}
2020-03-07 13:02:09,932 : INFO : AssetManager : Registering Asset: sh_mode_1_shot_made, File: sh_mode_1_shot_made.yaml, Default Group: default, Final Config: {'load': 'preload', 'file': 'E:\\mpf\\wows\\wows\\shows\\sh_mode_1_shot_made.yaml'}
2020-03-07 13:02:09,932 : INFO : AssetManager : Registering Asset: sh_mode_3_shot_made, File: sh_mode_3_shot_made.yaml, Default Group: default, Final Config: {'load': 'preload', 'file': 'E:\\mpf\\wows\\wows\\shows\\sh_mode_3_shot_made.yaml'}
2020-03-07 13:02:09,932 : INFO : AssetManager : Registering Asset: sh_mode_4_shot_made, File: sh_mode_4_shot_made.yaml, Default Group: default, Final Config: {'load': 'preload', 'file': 'E:\\mpf\\wows\\wows\\shows\\sh_mode_4_shot_made.yaml'}
2020-03-07 13:02:09,932 : INFO : AssetManager : Registering Asset: sh_mode_5_shot_made, File: sh_mode_5_shot_made.yaml, Default Group: default, Final Config: {'load': 'preload', 'file': 'E:\\mpf\\wows\\wows\\shows\\sh_mode_5_shot_made.yaml'}
2020-03-07 13:02:09,932 : INFO : AssetManager : Registering Asset: sh_mode_6_shot_made, File: sh_mode_6_shot_made.yaml, Default Group: default, Final Config: {'load': 'preload', 'file': 'E:\\mpf\\wows\\wows\\shows\\sh_mode_6_shot_made.yaml'}
2020-03-07 13:02:09,932 : INFO : AssetManager : Registering Asset: sh_mode_7_shot_made, File: sh_mode_7_shot_made.yaml, Default Group: default, Final Config: {'load': 'preload', 'file': 'E:\\mpf\\wows\\wows\\shows\\sh_mode_7_shot_made.yaml'}
2020-03-07 13:02:09,932 : INFO : AssetManager : Registering Asset: sh_mode_8_shot_made, File: sh_mode_8_shot_made.yaml, Default Group: default, Final Config: {'load': 'preload', 'file': 'E:\\mpf\\wows\\wows\\shows\\sh_mode_8_shot_made.yaml'}
2020-03-07 13:02:09,932 : INFO : AssetManager : Registering Asset: sh_mode_9_shot_made, File: sh_mode_9_shot_made.yaml, Default Group: default, Final Config: {'load': 'preload', 'file': 'E:\\mpf\\wows\\wows\\shows\\sh_mode_9_shot_made.yaml'}
2020-03-07 13:02:09,935 : INFO : ConfigProcessor : Loading config from cache: C:\Users\schol\AppData\Local\Temp\ec696ce66b3d6f0120abfe51c845c449.mpf_cache
2020-03-07 13:02:09,936 : INFO : EventManager : Event: ======'loading_assets'====== Args={'total': 9, 'loaded': 1, 'remaining': 8, 'percent': 11}
2020-03-07 13:02:09,936 : INFO : AssetManager : Loading assets: 1/9 (11%)
2020-03-07 13:02:09,936 : INFO : ConfigProcessor : Loading config from cache: C:\Users\schol\AppData\Local\Temp\9b528347051cb782f006c12877dcdcaa.mpf_cache
2020-03-07 13:02:09,937 : INFO : ConfigProcessor : Loading config from cache: C:\Users\schol\AppData\Local\Temp\d7de7b0977d157ca405b11c805af3796.mpf_cache
2020-03-07 13:02:09,938 : INFO : ConfigProcessor : Loading config from cache: C:\Users\schol\AppData\Local\Temp\52f81a04bd1ef6d87bf151768dd36663.mpf_cache
2020-03-07 13:02:09,939 : INFO : ConfigProcessor : Loading config from cache: C:\Users\schol\AppData\Local\Temp\de0d3921406543974e6ec49e041634fd.mpf_cache
2020-03-07 13:02:09,940 : INFO : ConfigProcessor : Loading config from cache: C:\Users\schol\AppData\Local\Temp\102503bf7ce56b6821df42862c9d56eb.mpf_cache
2020-03-07 13:02:09,941 : INFO : ConfigProcessor : Loading config from cache: C:\Users\schol\AppData\Local\Temp\c5830c548f120859d3cdb1059c94ba18.mpf_cache
2020-03-07 13:02:09,942 : INFO : ConfigProcessor : Loading config from cache: C:\Users\schol\AppData\Local\Temp\3d3900be9a5cd37c0cc6f23ed42b0013.mpf_cache
2020-03-07 13:02:09,942 : INFO : ConfigProcessor : Loading config from cache: C:\Users\schol\AppData\Local\Temp\9fcc5d068c11e0550a899eaf73312658.mpf_cache
2020-03-07 13:02:09,943 : INFO : EventManager : Event: ======'loading_assets'====== Args={'total': 9, 'loaded': 9, 'remaining': 0, 'percent': 100}
2020-03-07 13:02:09,943 : INFO : AssetManager : Asset loading took: 2.314344644546509
2020-03-07 13:02:09,943 : INFO : EventManager : Event: ======'asset_loading_complete'====== Args={}
2020-03-07 13:02:09,943 : INFO : AssetManager : Loading assets: 9/9 (100%)
2020-03-07 13:02:09,943 : INFO : EventManager : Event: ======'init_phase_4'====== Args={}
2020-03-07 13:02:09,950 : INFO : EventManager : Event: ======'machine_var_audits_events_game_ended'====== Args={'value': 1, 'prev_value': None, 'change': True}
2020-03-07 13:02:09,950 : INFO : EventManager : Event: ======'machine_var_audits_events_game_started'====== Args={'value': 298, 'prev_value': None, 'change': True}
2020-03-07 13:02:09,950 : INFO : EventManager : Event: ======'machine_var_audits_player_score'====== Args={'value': {'average': 0.0, 'top': [0], 'total': 1}, 'prev_value': None, 'change': True}
2020-03-07 13:02:09,951 : INFO : EventManager : Event: ======'machine_var_audits_shots_confederate_1'====== Args={'value': 7, 'prev_value': None, 'change': True}
2020-03-07 13:02:09,951 : INFO : EventManager : Event: ======'machine_var_audits_shots_confederate_2'====== Args={'value': 11, 'prev_value': None, 'change': True}
2020-03-07 13:02:09,951 : INFO : EventManager : Event: ======'machine_var_audits_shots_confederate_3'====== Args={'value': 38, 'prev_value': None, 'change': True}
2020-03-07 13:02:09,951 : INFO : EventManager : Event: ======'machine_var_audits_shots_confederate_4'====== Args={'value': 15, 'prev_value': None, 'change': True}
2020-03-07 13:02:09,951 : INFO : EventManager : Event: ======'machine_var_audits_shots_confederate_5'====== Args={'value': 2, 'prev_value': None, 'change': True}
2020-03-07 13:02:09,951 : INFO : EventManager : Event: ======'machine_var_audits_shots_confederate_6'====== Args={'value': 55, 'prev_value': None, 'change': True}
2020-03-07 13:02:09,951 : INFO : EventManager : Event: ======'machine_var_audits_shots_jackpot_1'====== Args={'value': 16, 'prev_value': None, 'change': True}
2020-03-07 13:02:09,952 : INFO : EventManager : Event: ======'machine_var_audits_shots_jackpot_2'====== Args={'value': 14, 'prev_value': None, 'change': True}
2020-03-07 13:02:09,952 : INFO : EventManager : Event: ======'machine_var_audits_shots_jackpot_3'====== Args={'value': 8, 'prev_value': None, 'change': True}
2020-03-07 13:02:09,952 : INFO : EventManager : Event: ======'machine_var_audits_shots_jackpot_4'====== Args={'value': 10, 'prev_value': None, 'change': True}
2020-03-07 13:02:09,952 : INFO : EventManager : Event: ======'machine_var_audits_shots_jackpot_5'====== Args={'value': 8, 'prev_value': None, 'change': True}
2020-03-07 13:02:09,952 : INFO : EventManager : Event: ======'machine_var_audits_shots_jackpot_6'====== Args={'value': 12, 'prev_value': None, 'change': True}
2020-03-07 13:02:09,953 : INFO : EventManager : Event: ======'machine_var_audits_shots_lane_A'====== Args={'value': 9, 'prev_value': None, 'change': True}
2020-03-07 13:02:09,953 : INFO : EventManager : Event: ======'machine_var_audits_shots_lane_B'====== Args={'value': 10, 'prev_value': None, 'change': True}
2020-03-07 13:02:09,953 : INFO : EventManager : Event: ======'machine_var_audits_shots_lane_C'====== Args={'value': 11, 'prev_value': None, 'change': True}
2020-03-07 13:02:09,953 : INFO : EventManager : Event: ======'machine_var_audits_shots_lane_D'====== Args={'value': 17, 'prev_value': None, 'change': True}
2020-03-07 13:02:09,954 : INFO : EventManager : Event: ======'machine_var_audits_shots_lane_E'====== Args={'value': 16, 'prev_value': None, 'change': True}
2020-03-07 13:02:09,954 : INFO : EventManager : Event: ======'machine_var_audits_shots_lock_lit_1'====== Args={'value': 13, 'prev_value': None, 'change': True}
2020-03-07 13:02:09,954 : INFO : EventManager : Event: ======'machine_var_audits_shots_lock_lit_2'====== Args={'value': 56, 'prev_value': None, 'change': True}
2020-03-07 13:02:09,954 : INFO : EventManager : Event: ======'machine_var_audits_shots_ricochet_1'====== Args={'value': 1, 'prev_value': None, 'change': True}
2020-03-07 13:02:09,954 : INFO : EventManager : Event: ======'machine_var_audits_shots_ricochet_2'====== Args={'value': 2, 'prev_value': None, 'change': True}
2020-03-07 13:02:09,954 : INFO : EventManager : Event: ======'machine_var_audits_shots_ricochet_3'====== Args={'value': 3, 'prev_value': None, 'change': True}
2020-03-07 13:02:09,955 : INFO : EventManager : Event: ======'machine_var_audits_shots_ricochet_4'====== Args={'value': 1, 'prev_value': None, 'change': True}
2020-03-07 13:02:09,955 : INFO : EventManager : Event: ======'machine_var_audits_shots_ricochet_5'====== Args={'value': 2, 'prev_value': None, 'change': True}
2020-03-07 13:02:09,955 : INFO : EventManager : Event: ======'machine_var_audits_switches_s_bumper_1'====== Args={'value': 9, 'prev_value': None, 'change': True}
2020-03-07 13:02:09,955 : INFO : EventManager : Event: ======'machine_var_audits_switches_s_bumper_2'====== Args={'value': 7, 'prev_value': None, 'change': True}
2020-03-07 13:02:09,955 : INFO : EventManager : Event: ======'machine_var_audits_switches_s_bumper_3'====== Args={'value': 1, 'prev_value': None, 'change': True}
2020-03-07 13:02:09,956 : INFO : EventManager : Event: ======'machine_var_audits_switches_s_center_ramp'====== Args={'value': 8, 'prev_value': None, 'change': True}
2020-03-07 13:02:09,956 : INFO : EventManager : Event: ======'machine_var_audits_switches_s_citadel'====== Args={'value': 8, 'prev_value': None, 'change': True}
2020-03-07 13:02:09,956 : INFO : EventManager : Event: ======'machine_var_audits_switches_s_citadel_lock'====== Args={'value': 21, 'prev_value': None, 'change': True}
2020-03-07 13:02:09,956 : INFO : EventManager : Event: ======'machine_var_audits_switches_s_detonation'====== Args={'value': 0, 'prev_value': None, 'change': True}
2020-03-07 13:02:09,956 : INFO : EventManager : Event: ======'machine_var_audits_switches_s_dmg_1'====== Args={'value': 552, 'prev_value': None, 'change': True}
2020-03-07 13:02:09,957 : INFO : EventManager : Event: ======'machine_var_audits_switches_s_dmg_2'====== Args={'value': 14, 'prev_value': None, 'change': True}
2020-03-07 13:02:09,957 : INFO : EventManager : Event: ======'machine_var_audits_switches_s_dmg_3'====== Args={'value': 13, 'prev_value': None, 'change': True}
2020-03-07 13:02:09,957 : INFO : EventManager : Event: ======'machine_var_audits_switches_s_dmg_4'====== Args={'value': 5, 'prev_value': None, 'change': True}
2020-03-07 13:02:09,958 : INFO : EventManager : Event: ======'machine_var_audits_switches_s_dmg_5'====== Args={'value': 8, 'prev_value': None, 'change': True}
2020-03-07 13:02:09,958 : INFO : EventManager : Event: ======'machine_var_audits_switches_s_dmg_6'====== Args={'value': 5, 'prev_value': None, 'change': True}
2020-03-07 13:02:09,959 : INFO : EventManager : Event: ======'machine_var_audits_switches_s_dmg_7'====== Args={'value': 7, 'prev_value': None, 'change': True}
2020-03-07 13:02:09,959 : INFO : EventManager : Event: ======'machine_var_audits_switches_s_drop_target'====== Args={'value': 90, 'prev_value': None, 'change': True}
2020-03-07 13:02:09,959 : INFO : EventManager : Event: ======'machine_var_audits_switches_s_jet_hole'====== Args={'value': 0, 'prev_value': None, 'change': True}
2020-03-07 13:02:09,960 : INFO : EventManager : Event: ======'machine_var_audits_switches_s_jet_lane'====== Args={'value': 1, 'prev_value': None, 'change': True}
2020-03-07 13:02:09,960 : INFO : EventManager : Event: ======'machine_var_audits_switches_s_kickback'====== Args={'value': 0, 'prev_value': None, 'change': True}
2020-03-07 13:02:09,960 : INFO : EventManager : Event: ======'machine_var_audits_switches_s_kickback_target_1'====== Args={'value': 0, 'prev_value': None, 'change': True}
2020-03-07 13:02:09,961 : INFO : EventManager : Event: ======'machine_var_audits_switches_s_kickback_target_2'====== Args={'value': 0, 'prev_value': None, 'change': True}
2020-03-07 13:02:09,961 : INFO : EventManager : Event: ======'machine_var_audits_switches_s_kickback_target_3'====== Args={'value': 2, 'prev_value': None, 'change': True}
2020-03-07 13:02:09,961 : INFO : EventManager : Event: ======'machine_var_audits_switches_s_kickback_terget_1'====== Args={'value': 0, 'prev_value': None, 'change': True}
2020-03-07 13:02:09,961 : INFO : EventManager : Event: ======'machine_var_audits_switches_s_left_flipper'====== Args={'value': 72, 'prev_value': None, 'change': True}
2020-03-07 13:02:09,962 : INFO : EventManager : Event: ======'machine_var_audits_switches_s_left_hole'====== Args={'value': 0, 'prev_value': None, 'change': True}
2020-03-07 13:02:09,962 : INFO : EventManager : Event: ======'machine_var_audits_switches_s_left_inlane'====== Args={'value': 11, 'prev_value': None, 'change': True}
2020-03-07 13:02:09,962 : INFO : EventManager : Event: ======'machine_var_audits_switches_s_left_loop_made'====== Args={'value': 21, 'prev_value': None, 'change': True}
2020-03-07 13:02:09,963 : INFO : EventManager : Event: ======'machine_var_audits_switches_s_left_loop_pre'====== Args={'value': 1, 'prev_value': None, 'change': True}
2020-03-07 13:02:09,963 : INFO : EventManager : Event: ======'machine_var_audits_switches_s_left_mid_inlane'====== Args={'value': 10, 'prev_value': None, 'change': True}
2020-03-07 13:02:09,963 : INFO : EventManager : Event: ======'machine_var_audits_switches_s_left_outlane'====== Args={'value': 9, 'prev_value': None, 'change': True}
2020-03-07 13:02:09,964 : INFO : EventManager : Event: ======'machine_var_audits_switches_s_left_ramp_made'====== Args={'value': 33, 'prev_value': None, 'change': True}
2020-03-07 13:02:09,964 : INFO : EventManager : Event: ======'machine_var_audits_switches_s_left_ramp_pre'====== Args={'value': 1, 'prev_value': None, 'change': True}
2020-03-07 13:02:09,964 : INFO : EventManager : Event: ======'machine_var_audits_switches_s_left_slingshot'====== Args={'value': 0, 'prev_value': None, 'change': True}
2020-03-07 13:02:09,965 : INFO : EventManager : Event: ======'machine_var_audits_switches_s_lock_1'====== Args={'value': 24, 'prev_value': None, 'change': True}
2020-03-07 13:02:09,965 : INFO : EventManager : Event: ======'machine_var_audits_switches_s_lock_2'====== Args={'value': 18, 'prev_value': None, 'change': True}
2020-03-07 13:02:09,966 : INFO : EventManager : Event: ======'machine_var_audits_switches_s_lock_3'====== Args={'value': 19, 'prev_value': None, 'change': True}
2020-03-07 13:02:09,966 : INFO : EventManager : Event: ======'machine_var_audits_switches_s_magnet_switch'====== Args={'value': 0, 'prev_value': None, 'change': True}
2020-03-07 13:02:09,966 : INFO : EventManager : Event: ======'machine_var_audits_switches_s_main_hole'====== Args={'value': 142, 'prev_value': None, 'change': True}
2020-03-07 13:02:09,967 : INFO : EventManager : Event: ======'machine_var_audits_switches_s_pen_1'====== Args={'value': 2, 'prev_value': None, 'change': True}
2020-03-07 13:02:09,967 : INFO : EventManager : Event: ======'machine_var_audits_switches_s_pen_2'====== Args={'value': 2, 'prev_value': None, 'change': True}
2020-03-07 13:02:09,967 : INFO : EventManager : Event: ======'machine_var_audits_switches_s_pen_3'====== Args={'value': 1, 'prev_value': None, 'change': True}
2020-03-07 13:02:09,968 : INFO : EventManager : Event: ======'machine_var_audits_switches_s_pen_4'====== Args={'value': 3, 'prev_value': None, 'change': True}
2020-03-07 13:02:09,968 : INFO : EventManager : Event: ======'machine_var_audits_switches_s_pen_5'====== Args={'value': 1, 'prev_value': None, 'change': True}
2020-03-07 13:02:09,968 : INFO : EventManager : Event: ======'machine_var_audits_switches_s_pen_6'====== Args={'value': 3, 'prev_value': None, 'change': True}
2020-03-07 13:02:09,969 : INFO : EventManager : Event: ======'machine_var_audits_switches_s_plunger'====== Args={'value': 357, 'prev_value': None, 'change': True}
2020-03-07 13:02:09,969 : INFO : EventManager : Event: ======'machine_var_audits_switches_s_plunger_button'====== Args={'value': 2, 'prev_value': None, 'change': True}
2020-03-07 13:02:09,970 : INFO : EventManager : Event: ======'machine_var_audits_switches_s_ricochet_1'====== Args={'value': 25, 'prev_value': None, 'change': True}
2020-03-07 13:02:09,970 : INFO : EventManager : Event: ======'machine_var_audits_switches_s_ricochet_2'====== Args={'value': 9, 'prev_value': None, 'change': True}
2020-03-07 13:02:09,970 : INFO : EventManager : Event: ======'machine_var_audits_switches_s_ricochet_3'====== Args={'value': 5, 'prev_value': None, 'change': True}
2020-03-07 13:02:09,971 : INFO : EventManager : Event: ======'machine_var_audits_switches_s_ricochet_4'====== Args={'value': 6, 'prev_value': None, 'change': True}
2020-03-07 13:02:09,971 : INFO : EventManager : Event: ======'machine_var_audits_switches_s_ricochet_5'====== Args={'value': 7, 'prev_value': None, 'change': True}
2020-03-07 13:02:09,972 : INFO : EventManager : Event: ======'machine_var_audits_switches_s_right_flipper'====== Args={'value': 665, 'prev_value': None, 'change': True}
2020-03-07 13:02:09,972 : INFO : EventManager : Event: ======'machine_var_audits_switches_s_right_hole'====== Args={'value': 26, 'prev_value': None, 'change': True}
2020-03-07 13:02:09,972 : INFO : EventManager : Event: ======'machine_var_audits_switches_s_right_inlane'====== Args={'value': 17, 'prev_value': None, 'change': True}
2020-03-07 13:02:09,973 : INFO : EventManager : Event: ======'machine_var_audits_switches_s_right_loop_made'====== Args={'value': 5, 'prev_value': None, 'change': True}
2020-03-07 13:02:09,973 : INFO : EventManager : Event: ======'machine_var_audits_switches_s_right_loop_pre'====== Args={'value': 2, 'prev_value': None, 'change': True}
2020-03-07 13:02:09,973 : INFO : EventManager : Event: ======'machine_var_audits_switches_s_right_outlane'====== Args={'value': 16, 'prev_value': None, 'change': True}
2020-03-07 13:02:09,974 : INFO : EventManager : Event: ======'machine_var_audits_switches_s_right_ramp_made'====== Args={'value': 71, 'prev_value': None, 'change': True}
2020-03-07 13:02:09,974 : INFO : EventManager : Event: ======'machine_var_audits_switches_s_right_ramp_pre'====== Args={'value': 0, 'prev_value': None, 'change': True}
2020-03-07 13:02:09,975 : INFO : EventManager : Event: ======'machine_var_audits_switches_s_right_slingshot'====== Args={'value': 0, 'prev_value': None, 'change': True}
2020-03-07 13:02:09,975 : INFO : EventManager : Event: ======'machine_var_audits_switches_s_right_small_ramp'====== Args={'value': 0, 'prev_value': None, 'change': True}
2020-03-07 13:02:09,975 : INFO : EventManager : Event: ======'machine_var_audits_switches_s_side_hole'====== Args={'value': 2, 'prev_value': None, 'change': True}
2020-03-07 13:02:09,976 : INFO : EventManager : Event: ======'machine_var_audits_switches_s_side_ramp_made'====== Args={'value': 109, 'prev_value': None, 'change': True}
2020-03-07 13:02:09,976 : INFO : EventManager : Event: ======'machine_var_audits_switches_s_side_ramp_pre'====== Args={'value': 0, 'prev_value': None, 'change': True}
2020-03-07 13:02:09,977 : INFO : EventManager : Event: ======'machine_var_audits_switches_s_start'====== Args={'value': 9, 'prev_value': None, 'change': True}
2020-03-07 13:02:09,977 : INFO : EventManager : Event: ======'machine_var_audits_switches_s_torpedo'====== Args={'value': 60, 'prev_value': None, 'change': True}
2020-03-07 13:02:09,978 : INFO : EventManager : Event: ======'machine_var_audits_switches_s_torpedo_lane'====== Args={'value': 2, 'prev_value': None, 'change': True}
2020-03-07 13:02:09,978 : INFO : EventManager : Event: ======'machine_var_audits_switches_s_trough1'====== Args={'value': 17, 'prev_value': None, 'change': True}
2020-03-07 13:02:09,978 : INFO : EventManager : Event: ======'machine_var_audits_switches_s_trough2'====== Args={'value': 2, 'prev_value': None, 'change': True}
2020-03-07 13:02:09,979 : INFO : EventManager : Event: ======'machine_var_audits_switches_s_trough3'====== Args={'value': 1, 'prev_value': None, 'change': True}
2020-03-07 13:02:09,979 : INFO : EventManager : Event: ======'machine_var_audits_switches_s_trough4'====== Args={'value': 2, 'prev_value': None, 'change': True}
2020-03-07 13:02:09,980 : INFO : EventManager : Event: ======'machine_var_audits_switches_s_trough5'====== Args={'value': 0, 'prev_value': None, 'change': True}
2020-03-07 13:02:09,980 : INFO : EventManager : Event: ======'machine_var_audits_switches_s_trough6'====== Args={'value': 1, 'prev_value': None, 'change': True}
2020-03-07 13:02:09,980 : INFO : EventManager : Event: ======'machine_var_audits_switches_s_trough_jam'====== Args={'value': 0, 'prev_value': None, 'change': True}
2020-03-07 13:02:09,981 : INFO : EventManager : Event: ======'init_phase_5'====== Args={}
2020-03-07 13:02:10,005 : INFO : EventManager : Event: ======'init_done'====== Args={}
2020-03-07 13:02:10,006 : INFO : EventManager : Event: ======'machine_reset_phase_1'====== Args={}
2020-03-07 13:02:10,021 : INFO : EventManager : Event: ======'slide_welcome_slide_removed'====== Args={'_from_bcp': True}
2020-03-07 13:02:10,033 : INFO : EventManager : Event: ======'slide_welcome_slide_created'====== Args={'_from_bcp': True}
2020-03-07 13:02:10,034 : INFO : EventManager : Event: ======'slide_welcome_slide_active'====== Args={'_from_bcp': True}
2020-03-07 13:02:10,034 : INFO : EventManager : Event: ======'machine_reset_phase_2'====== Args={}
2020-03-07 13:02:10,034 : INFO : EventManager : Event: ======'machine_reset_phase_3'====== Args={}
2020-03-07 13:02:10,034 : INFO : EventManager : Event: ======'reset_complete'====== Args={}
2020-03-07 13:02:10,034 : INFO : EventManager : Event: ======'mode_attract_will_start'====== Args={}
2020-03-07 13:02:10,035 : INFO : EventManager : Event: ======'mode_attract_starting'====== Args={}
2020-03-07 13:02:10,035 : INFO : Mode.attract : Started. Priority: 10
2020-03-07 13:02:10,035 : INFO : EventManager : Event: ======'mode_attract_started'====== Args={}
2020-03-07 13:02:10,036 : INFO : EventManager : Event: ======'collecting_balls_complete'====== Args={}
2020-03-07 13:02:10,071 : INFO : EventManager : Event: ======'slide_attract_started_created'====== Args={'_from_bcp': True}
2020-03-07 13:02:10,071 : INFO : EventManager : Event: ======'slide_attract_started_active'====== Args={'_from_bcp': True}
2020-03-07 13:02:10,071 : INFO : Machine : Starting the main run loop.
2020-03-07 13:02:10,739 : INFO : BcpServer : New client connected.
2020-03-07 13:02:10,739 : INFO : SwitchController : <<<<<<< 's_start' active >>>>>>>
2020-03-07 13:02:10,740 : INFO : SwitchController : <<<<<<< 's_start' inactive >>>>>>>
2020-03-07 13:02:10,740 : INFO : EventManager : Event: ======'request_to_start_game'====== Args={}
2020-03-07 13:02:10,740 : INFO : EventManager : Event: ======'game_start'====== Args={'buttons': [], 'hold_time': 0.0}
2020-03-07 13:02:10,740 : INFO : EventManager : Event: ======'mode_game_will_start'====== Args={'buttons': [], 'hold_time': 0.0}
2020-03-07 13:02:10,741 : INFO : EventManager : Event: ======'mode_game_starting'====== Args={'buttons': [], 'hold_time': 0.0}
2020-03-07 13:02:10,741 : INFO : EventManager : Event: ======'mode_attract_will_stop'====== Args={}
2020-03-07 13:02:10,741 : INFO : EventManager : Event: ======'mode_attract_stopping'====== Args={}
2020-03-07 13:02:10,741 : INFO : Mode.attract : Stopped.
2020-03-07 13:02:10,741 : INFO : EventManager : Event: ======'mode_attract_stopped'====== Args={}
2020-03-07 13:02:10,741 : INFO : EventManager : Event: ======'clear'====== Args={'key': 'attract'}
2020-03-07 13:02:10,741 : INFO : Mode.game : Started. Priority: 20
2020-03-07 13:02:10,741 : INFO : EventManager : Event: ======'mode_game_started'====== Args={'buttons': [], 'hold_time': 0.0}
2020-03-07 13:02:10,759 : INFO : EventManager : Event: ======'game_will_start'====== Args={}
2020-03-07 13:02:10,760 : INFO : EventManager : Event: ======'game_starting'====== Args={'game': <Mode.game>}
2020-03-07 13:02:10,760 : INFO : EventManager : Event: ======'player_add_request'====== Args={}
2020-03-07 13:02:10,760 : INFO : EventManager : Event: ======'player_will_add'====== Args={'number': 1}
2020-03-07 13:02:10,761 : INFO : EventManager : Event: ======'player_adding'====== Args={'player': <Player 1>, 'number': 1}
2020-03-07 13:02:10,761 : INFO : EventManager : Event: ======'player_added'====== Args={'player': <Player 1>, 'num': 1}
2020-03-07 13:02:10,762 : INFO : Mode.game : Player added successfully. Total players: 1
2020-03-07 13:02:10,762 : INFO : EventManager : Event: ======'player_index'====== Args={'value': 0, 'prev_value': 0, 'change': 0, 'player_num': 1}
2020-03-07 13:02:10,762 : INFO : EventManager : Event: ======'player_number'====== Args={'value': 1, 'prev_value': 1, 'change': 0, 'player_num': 1}
2020-03-07 13:02:10,762 : INFO : EventManager : Event: ======'player_ReceivedDMG'====== Args={'value': 1, 'prev_value': 1, 'change': 0, 'player_num': 1}
2020-03-07 13:02:10,763 : INFO : EventManager : Event: ======'player_DMGValue'====== Args={'value': 10000000, 'prev_value': 10000000, 'change': 0, 'player_num': 1}
2020-03-07 13:02:10,763 : INFO : EventManager : Event: ======'player_m1shotmade'====== Args={'value': 0, 'prev_value': 0, 'change': 0, 'player_num': 1}
2020-03-07 13:02:10,763 : INFO : EventManager : Event: ======'player_m2shotmade'====== Args={'value': 0, 'prev_value': 0, 'change': 0, 'player_num': 1}
2020-03-07 13:02:10,763 : INFO : EventManager : Event: ======'player_m3shotmade'====== Args={'value': 0, 'prev_value': 0, 'change': 0, 'player_num': 1}
2020-03-07 13:02:10,764 : INFO : EventManager : Event: ======'player_m4shotmade'====== Args={'value': 0, 'prev_value': 0, 'change': 0, 'player_num': 1}
2020-03-07 13:02:10,764 : INFO : EventManager : Event: ======'player_m5shotmade'====== Args={'value': 0, 'prev_value': 0, 'change': 0, 'player_num': 1}
2020-03-07 13:02:10,764 : INFO : EventManager : Event: ======'player_m6shotmade'====== Args={'value': 0, 'prev_value': 0, 'change': 0, 'player_num': 1}
2020-03-07 13:02:10,764 : INFO : EventManager : Event: ======'player_m7shotmade'====== Args={'value': 0, 'prev_value': 0, 'change': 0, 'player_num': 1}
2020-03-07 13:02:10,765 : INFO : EventManager : Event: ======'player_m8shotmade'====== Args={'value': 0, 'prev_value': 0, 'change': 0, 'player_num': 1}
2020-03-07 13:02:10,765 : INFO : EventManager : Event: ======'player_m9shotmade'====== Args={'value': 0, 'prev_value': 0, 'change': 0, 'player_num': 1}
2020-03-07 13:02:10,765 : INFO : EventManager : Event: ======'player_m1_active'====== Args={'value': 0, 'prev_value': 0, 'change': 0, 'player_num': 1}
2020-03-07 13:02:10,765 : INFO : EventManager : Event: ======'player_m2_active'====== Args={'value': 0, 'prev_value': 0, 'change': 0, 'player_num': 1}
2020-03-07 13:02:10,766 : INFO : EventManager : Event: ======'player_m3_active'====== Args={'value': 0, 'prev_value': 0, 'change': 0, 'player_num': 1}
2020-03-07 13:02:10,766 : INFO : EventManager : Event: ======'player_m4_active'====== Args={'value': 0, 'prev_value': 0, 'change': 0, 'player_num': 1}
2020-03-07 13:02:10,766 : INFO : EventManager : Event: ======'player_m5_active'====== Args={'value': 0, 'prev_value': 0, 'change': 0, 'player_num': 1}
2020-03-07 13:02:10,766 : INFO : EventManager : Event: ======'player_m6_active'====== Args={'value': 0, 'prev_value': 0, 'change': 0, 'player_num': 1}
2020-03-07 13:02:10,766 : INFO : EventManager : Event: ======'player_m7_active'====== Args={'value': 0, 'prev_value': 0, 'change': 0, 'player_num': 1}
2020-03-07 13:02:10,767 : INFO : EventManager : Event: ======'player_m8_active'====== Args={'value': 0, 'prev_value': 0, 'change': 0, 'player_num': 1}
2020-03-07 13:02:10,767 : INFO : EventManager : Event: ======'player_m9_active'====== Args={'value': 0, 'prev_value': 0, 'change': 0, 'player_num': 1}
2020-03-07 13:02:10,767 : INFO : EventManager : Event: ======'player_lock_lit_1_state'====== Args={'value': 0, 'prev_value': 0, 'change': 0, 'player_num': 1}
2020-03-07 13:02:10,767 : INFO : EventManager : Event: ======'player_lock_lit_2_state'====== Args={'value': 0, 'prev_value': 0, 'change': 0, 'player_num': 1}
2020-03-07 13:02:10,767 : INFO : EventManager : Event: ======'player_frezee_started'====== Args={'value': 0, 'prev_value': 0, 'change': 0, 'player_num': 1}
2020-03-07 13:02:10,768 : INFO : EventManager : Event: ======'player_timer_height'====== Args={'value': 0.0, 'prev_value': 0.0, 'change': 0, 'player_num': 1}
2020-03-07 13:02:10,768 : INFO : EventManager : Event: ======'player_citadel_number'====== Args={'value': 0, 'prev_value': 0, 'change': 0, 'player_num': 1}
2020-03-07 13:02:10,768 : INFO : EventManager : Event: ======'player_torpedo_number'====== Args={'value': 0, 'prev_value': 0, 'change': 0, 'player_num': 1}
2020-03-07 13:02:10,768 : INFO : EventManager : Event: ======'player_citadel_load_number'====== Args={'value': 3, 'prev_value': 3, 'change': 0, 'player_num': 1}
2020-03-07 13:02:10,769 : INFO : EventManager : Event: ======'player_torpedo_load_number'====== Args={'value': 3, 'prev_value': 3, 'change': 0, 'player_num': 1}
2020-03-07 13:02:10,769 : INFO : EventManager : Event: ======'player_citadel_ready'====== Args={'value': 0, 'prev_value': 0, 'change': 0, 'player_num': 1}
2020-03-07 13:02:10,769 : INFO : EventManager : Event: ======'player_torpedo_ready'====== Args={'value': 0, 'prev_value': 0, 'change': 0, 'player_num': 1}
2020-03-07 13:02:10,769 : INFO : EventManager : Event: ======'player_modeshotmade'====== Args={'value': 0, 'prev_value': 0, 'change': 0, 'player_num': 1}
2020-03-07 13:02:10,769 : INFO : EventManager : Event: ======'player_score'====== Args={'value': 0, 'prev_value': 0, 'change': 0, 'player_num': 1}
2020-03-07 13:02:10,770 : INFO : EventManager : Event: ======'game_started'====== Args={}
2020-03-07 13:02:10,792 : INFO : EventManager : Event: ======'player_turn_will_start'====== Args={'player': <Player 1>, 'number': 1}
2020-03-07 13:02:10,792 : INFO : EventManager : Event: ======'player_turn_starting'====== Args={'player': <Player 1>, 'number': 1}
2020-03-07 13:02:10,793 : INFO : EventManager : Event: ======'player_ball'====== Args={'value': 1, 'prev_value': 0, 'change': 1, 'player_num': 1}
2020-03-07 13:02:10,793 : INFO : EventManager : Event: ======'player_turn_started'====== Args={'player': <Player 1>, 'number': 1}
2020-03-07 13:02:10,794 : INFO : EventManager : Event: ======'ball_will_start'====== Args={'player': 1, 'ball': 1, 'balls_remaining': 2, 'is_extra_ball': False}
2020-03-07 13:02:10,802 : INFO : EventManager : Event: ======'ball_starting'====== Args={'player': 1, 'ball': 1, 'balls_remaining': 2, 'is_extra_ball': False}
2020-03-07 13:02:10,803 : INFO : EventManager : Event: ======'mode_base_will_start'====== Args={'queue': <QueuedEvent>, 'player': 1, 'ball': 1, 'balls_remaining': 2, 'is_extra_ball': False}
2020-03-07 13:02:10,804 : INFO : EventManager : Event: ======'mode_base_starting'====== Args={'queue': <QueuedEvent>, 'player': 1, 'ball': 1, 'balls_remaining': 2, 'is_extra_ball': False}
2020-03-07 13:02:10,804 : INFO : EventManager : Event: ======'mode_mode_lit_will_start'====== Args={'queue': <QueuedEvent>, 'player': 1, 'ball': 1, 'balls_remaining': 2, 'is_extra_ball': False}
2020-03-07 13:02:10,805 : INFO : EventManager : Event: ======'achievement_mode_1_changed_state'====== Args={'restore': False, 'state': 'enabled', 'selected': False}
2020-03-07 13:02:10,805 : INFO : EventManager : Event: ======'achievement_mode_1_state_enabled'====== Args={'restore': False, 'state': 'enabled', 'selected': False}
2020-03-07 13:02:10,805 : INFO : EventManager : Event: ======'achievement_mode_2_changed_state'====== Args={'restore': False, 'state': 'enabled', 'selected': False}
2020-03-07 13:02:10,805 : INFO : EventManager : Event: ======'achievement_mode_2_state_enabled'====== Args={'restore': False, 'state': 'enabled', 'selected': False}
2020-03-07 13:02:10,806 : INFO : EventManager : Event: ======'achievement_mode_3_changed_state'====== Args={'restore': False, 'state': 'enabled', 'selected': False}
2020-03-07 13:02:10,806 : INFO : EventManager : Event: ======'achievement_mode_3_state_enabled'====== Args={'restore': False, 'state': 'enabled', 'selected': False}
2020-03-07 13:02:10,806 : INFO : EventManager : Event: ======'achievement_mode_4_changed_state'====== Args={'restore': False, 'state': 'enabled', 'selected': False}
2020-03-07 13:02:10,806 : INFO : EventManager : Event: ======'achievement_mode_4_state_enabled'====== Args={'restore': False, 'state': 'enabled', 'selected': False}
2020-03-07 13:02:10,807 : INFO : EventManager : Event: ======'achievement_mode_5_changed_state'====== Args={'restore': False, 'state': 'enabled', 'selected': False}
2020-03-07 13:02:10,807 : INFO : EventManager : Event: ======'achievement_mode_5_state_enabled'====== Args={'restore': False, 'state': 'enabled', 'selected': False}
2020-03-07 13:02:10,807 : INFO : EventManager : Event: ======'achievement_mode_6_changed_state'====== Args={'restore': False, 'state': 'enabled', 'selected': False}
2020-03-07 13:02:10,807 : INFO : EventManager : Event: ======'achievement_mode_6_state_enabled'====== Args={'restore': False, 'state': 'enabled', 'selected': False}
2020-03-07 13:02:10,807 : INFO : EventManager : Event: ======'achievement_mode_7_changed_state'====== Args={'restore': False, 'state': 'enabled', 'selected': False}
2020-03-07 13:02:10,807 : INFO : EventManager : Event: ======'achievement_mode_7_state_enabled'====== Args={'restore': False, 'state': 'enabled', 'selected': False}
2020-03-07 13:02:10,808 : INFO : EventManager : Event: ======'achievement_mode_8_changed_state'====== Args={'restore': False, 'state': 'enabled', 'selected': False}
2020-03-07 13:02:10,808 : INFO : EventManager : Event: ======'achievement_mode_8_state_enabled'====== Args={'restore': False, 'state': 'enabled', 'selected': False}
2020-03-07 13:02:10,808 : INFO : EventManager : Event: ======'achievement_mode_9_changed_state'====== Args={'restore': False, 'state': 'enabled', 'selected': False}
2020-03-07 13:02:10,809 : INFO : EventManager : Event: ======'achievement_mode_9_state_enabled'====== Args={'restore': False, 'state': 'enabled', 'selected': False}
2020-03-07 13:02:10,810 : INFO : EventManager : Event: ======'mode_mode_lit_starting'====== Args={'queue': <QueuedEvent>, 'player': 1, 'ball': 1, 'balls_remaining': 2, 'is_extra_ball': False}
2020-03-07 13:02:10,811 : INFO : EventManager : Event: ======'achievement_mode_4_changed_state'====== Args={'restore': False, 'state': 'enabled', 'selected': True}
2020-03-07 13:02:10,812 : INFO : EventManager : Event: ======'achievement_mode_4_state_enabled'====== Args={'restore': False, 'state': 'enabled', 'selected': True}
2020-03-07 13:02:10,812 : INFO : EventManager : Event: ======'achievement_mode_4_state_selected'====== Args={'restore': False, 'state': 'enabled', 'selected': True}
2020-03-07 13:02:10,813 : INFO : Mode.mode_lit : Started. Priority: 100
2020-03-07 13:02:10,813 : INFO : EventManager : Event: ======'mode_mode_lit_started'====== Args={'queue': <QueuedEvent>, 'player': 1, 'ball': 1, 'balls_remaining': 2, 'is_extra_ball': False}
2020-03-07 13:02:10,813 : INFO : Mode.base : Started. Priority: 100
2020-03-07 13:02:10,813 : INFO : EventManager : Event: ======'mode_base_started'====== Args={'queue': <QueuedEvent>, 'player': 1, 'ball': 1, 'balls_remaining': 2, 'is_extra_ball': False}
2020-03-07 13:02:10,813 : INFO : EventManager : Event: ======'balls_in_play'====== Args={'balls': 1}
2020-03-07 13:02:10,813 : INFO : EventManager : Event: ======'ball_started'====== Args={'player': 1, 'ball': 1, 'balls_remaining': 2, 'is_extra_ball': False}
2020-03-07 13:02:10,814 : INFO : EventManager : Event: ======'mode_mode_manager_will_start'====== Args={'player': 1, 'ball': 1, 'balls_remaining': 2, 'is_extra_ball': False}
2020-03-07 13:02:10,819 : INFO : EventManager : Event: ======'mode_mode_manager_starting'====== Args={'player': 1, 'ball': 1, 'balls_remaining': 2, 'is_extra_ball': False}
2020-03-07 13:02:10,819 : INFO : EventManager : Event: ======'mode_container_lit_will_start'====== Args={'player': 1, 'ball': 1, 'balls_remaining': 2, 'is_extra_ball': False}
2020-03-07 13:02:10,819 : INFO : EventManager : Event: ======'player_shot_lane_A_enabled'====== Args={'value': True, 'prev_value': 0, 'change': 1, 'player_num': 1}
2020-03-07 13:02:10,820 : INFO : EventManager : Event: ======'player_shot_lane_B_enabled'====== Args={'value': True, 'prev_value': 0, 'change': 1, 'player_num': 1}
2020-03-07 13:02:10,821 : INFO : EventManager : Event: ======'player_shot_lane_C_enabled'====== Args={'value': True, 'prev_value': 0, 'change': 1, 'player_num': 1}
2020-03-07 13:02:10,822 : INFO : EventManager : Event: ======'player_shot_lane_D_enabled'====== Args={'value': True, 'prev_value': 0, 'change': 1, 'player_num': 1}
2020-03-07 13:02:10,823 : INFO : EventManager : Event: ======'player_shot_lane_E_enabled'====== Args={'value': True, 'prev_value': 0, 'change': 1, 'player_num': 1}
2020-03-07 13:02:10,823 : INFO : EventManager : Event: ======'container_lanes_complete'====== Args={'state': 'unlit'}
2020-03-07 13:02:10,823 : INFO : EventManager : Event: ======'container_lanes_unlit_complete'====== Args={}
2020-03-07 13:02:10,824 : INFO : EventManager : Event: ======'mode_container_lit_starting'====== Args={'player': 1, 'ball': 1, 'balls_remaining': 2, 'is_extra_ball': False}
2020-03-07 13:02:10,825 : INFO : EventManager : Event: ======'mode_salvo_lit_will_start'====== Args={'player': 1, 'ball': 1, 'balls_remaining': 2, 'is_extra_ball': False}
2020-03-07 13:02:10,825 : INFO : EventManager : Event: ======'player_shot_ricochet_1_enabled'====== Args={'value': True, 'prev_value': 0, 'change': 1, 'player_num': 1}
2020-03-07 13:02:10,825 : INFO : EventManager : Event: ======'player_shot_ricochet_2_enabled'====== Args={'value': True, 'prev_value': 0, 'change': 1, 'player_num': 1}
2020-03-07 13:02:10,826 : INFO : EventManager : Event: ======'player_shot_ricochet_3_enabled'====== Args={'value': True, 'prev_value': 0, 'change': 1, 'player_num': 1}
2020-03-07 13:02:10,827 : INFO : EventManager : Event: ======'player_shot_ricochet_4_enabled'====== Args={'value': True, 'prev_value': 0, 'change': 1, 'player_num': 1}
2020-03-07 13:02:10,827 : INFO : EventManager : Event: ======'player_shot_ricochet_5_enabled'====== Args={'value': True, 'prev_value': 0, 'change': 1, 'player_num': 1}
2020-03-07 13:02:10,828 : INFO : EventManager : Event: ======'ricochet_targets_complete'====== Args={'state': 'unlit'}
2020-03-07 13:02:10,828 : INFO : EventManager : Event: ======'ricochet_targets_unlit_complete'====== Args={}
2020-03-07 13:02:10,829 : INFO : EventManager : Event: ======'mode_salvo_lit_starting'====== Args={'player': 1, 'ball': 1, 'balls_remaining': 2, 'is_extra_ball': False}
2020-03-07 13:02:10,830 : INFO : Mode.salvo_lit : Started. Priority: 100
2020-03-07 13:02:10,830 : INFO : EventManager : Event: ======'mode_salvo_lit_started'====== Args={'player': 1, 'ball': 1, 'balls_remaining': 2, 'is_extra_ball': False}
2020-03-07 13:02:10,831 : INFO : Mode.container_lit : Started. Priority: 100
2020-03-07 13:02:10,831 : INFO : EventManager : Event: ======'mode_container_lit_started'====== Args={'player': 1, 'ball': 1, 'balls_remaining': 2, 'is_extra_ball': False}
2020-03-07 13:02:10,831 : INFO : Mode.mode_manager : Started. Priority: 300
2020-03-07 13:02:10,831 : INFO : EventManager : Event: ======'mode_mode_manager_started'====== Args={'player': 1, 'ball': 1, 'balls_remaining': 2, 'is_extra_ball': False}
2020-03-07 13:02:10,869 : INFO : EventManager : Event: ======'single_player_ball_started'====== Args={}
2020-03-07 13:02:10,870 : INFO : EventManager : Event: ======'balldevice_balls_available'====== Args={}
2020-03-07 13:02:10,871 : INFO : EventManager : Event: ======'balldevice_bd_trough_ball_eject_attempt'====== Args={'balls': 1, 'target': <ball_device.bd_plunger>, 'source': <ball_device.bd_trough>, 'mechanical_eject': True, 'num_attempts': 0}
2020-03-07 13:02:10,872 : INFO : ball_device.bd_trough : Ejecting ball to <ball_device.bd_plunger>
2020-03-07 13:02:10,872 : INFO : EventManager : Event: ======'balldevice_bd_trough_ejecting_ball'====== Args={'balls': 1, 'target': <ball_device.bd_plunger>, 'source': <ball_device.bd_trough>, 'mechanical_eject': True, 'num_attempts': 0}
2020-03-07 13:02:10,873 : INFO : coil.c_trough_eject : Pulsing Driver for 20ms (1.0 pulse_power)
2020-03-07 13:02:10,873 : INFO : SwitchController : <<<<<<< 's_trough1' inactive >>>>>>>
2020-03-07 13:02:10,966 : INFO : SwitchController : <<<<<<< 's_plunger' active >>>>>>>
2020-03-07 13:02:10,966 : INFO : EventManager : Event: ======'machine_var_audits_switches_s_plunger'====== Args={'value': 358, 'prev_value': 357, 'change': 1}
2020-03-07 13:02:11,282 : INFO : EventManager : Event: ======'balldevice_bd_plunger_ball_enter'====== Args={'new_balls': 1, 'unclaimed_balls': 0, 'new_available_balls': 0, 'device': <ball_device.bd_plunger>}
2020-03-07 13:02:11,282 : INFO : EventManager : Event: ======'balldevice_bd_plunger_ball_entered'====== Args={'new_balls': 0, 'device': <ball_device.bd_plunger>}
2020-03-07 13:02:11,283 : INFO : EventManager : Event: ======'balldevice_bd_plunger_ball_count_changed'====== Args={'balls': 1}
2020-03-07 13:02:11,283 : INFO : EventManager : Event: ======'balldevice_bd_trough_ball_eject_success'====== Args={'balls': 1, 'target': <ball_device.bd_plunger>}
2020-03-07 13:02:11,283 : INFO : EventManager : Event: ======'balldevice_bd_trough_ball_count_changed'====== Args={'balls': 4}
2020-03-07 13:02:11,284 : INFO : EventManager : Event: ======'balldevice_bd_plunger_ball_eject_attempt'====== Args={'balls': 1, 'target': <playfield.playfield>, 'source': <ball_device.bd_plunger>, 'mechanical_eject': True, 'num_attempts': 0}
2020-03-07 13:02:11,284 : INFO : ball_device.bd_plunger : Ejecting ball to <playfield.playfield>
2020-03-07 13:02:11,284 : INFO : EventManager : Event: ======'balldevice_bd_plunger_ejecting_ball'====== Args={'balls': 1, 'target': <playfield.playfield>, 'source': <ball_device.bd_plunger>, 'mechanical_eject': True, 'num_attempts': 0}
2020-03-07 13:02:12,708 : INFO : SwitchController : <<<<<<< 's_start' active >>>>>>>
2020-03-07 13:02:12,708 : INFO : EventManager : Event: ======'sw_start'====== Args={}
2020-03-07 13:02:12,708 : INFO : EventManager : Event: ======'machine_var_audits_switches_s_start'====== Args={'value': 10, 'prev_value': 9, 'change': 1}
2020-03-07 13:02:12,709 : INFO : EventManager : Event: ======'player_add_request'====== Args={}
2020-03-07 13:02:12,709 : INFO : EventManager : Event: ======'player_will_add'====== Args={'number': 2}
2020-03-07 13:02:12,710 : INFO : EventManager : Event: ======'player_adding'====== Args={'player': <Player 2>, 'number': 2}
2020-03-07 13:02:12,710 : INFO : EventManager : Event: ======'player_added'====== Args={'player': <Player 2>, 'num': 2}
2020-03-07 13:02:12,710 : INFO : Mode.game : Player added successfully. Total players: 2
2020-03-07 13:02:12,710 : INFO : EventManager : Event: ======'multiplayer_game'====== Args={}
2020-03-07 13:02:12,710 : INFO : EventManager : Event: ======'player_index'====== Args={'value': 1, 'prev_value': 1, 'change': 0, 'player_num': 2}
2020-03-07 13:02:12,710 : INFO : EventManager : Event: ======'player_number'====== Args={'value': 2, 'prev_value': 2, 'change': 0, 'player_num': 2}
2020-03-07 13:02:12,711 : INFO : EventManager : Event: ======'player_ReceivedDMG'====== Args={'value': 1, 'prev_value': 1, 'change': 0, 'player_num': 2}
2020-03-07 13:02:12,711 : INFO : EventManager : Event: ======'player_DMGValue'====== Args={'value': 10000000, 'prev_value': 10000000, 'change': 0, 'player_num': 2}
2020-03-07 13:02:12,711 : INFO : EventManager : Event: ======'player_m1shotmade'====== Args={'value': 0, 'prev_value': 0, 'change': 0, 'player_num': 2}
2020-03-07 13:02:12,711 : INFO : EventManager : Event: ======'player_m2shotmade'====== Args={'value': 0, 'prev_value': 0, 'change': 0, 'player_num': 2}
2020-03-07 13:02:12,711 : INFO : EventManager : Event: ======'player_m3shotmade'====== Args={'value': 0, 'prev_value': 0, 'change': 0, 'player_num': 2}
2020-03-07 13:02:12,712 : INFO : EventManager : Event: ======'player_m4shotmade'====== Args={'value': 0, 'prev_value': 0, 'change': 0, 'player_num': 2}
2020-03-07 13:02:12,712 : INFO : EventManager : Event: ======'player_m5shotmade'====== Args={'value': 0, 'prev_value': 0, 'change': 0, 'player_num': 2}
2020-03-07 13:02:12,712 : INFO : EventManager : Event: ======'player_m6shotmade'====== Args={'value': 0, 'prev_value': 0, 'change': 0, 'player_num': 2}
2020-03-07 13:02:12,712 : INFO : EventManager : Event: ======'player_m7shotmade'====== Args={'value': 0, 'prev_value': 0, 'change': 0, 'player_num': 2}
2020-03-07 13:02:12,712 : INFO : EventManager : Event: ======'player_m8shotmade'====== Args={'value': 0, 'prev_value': 0, 'change': 0, 'player_num': 2}
2020-03-07 13:02:12,713 : INFO : EventManager : Event: ======'player_m9shotmade'====== Args={'value': 0, 'prev_value': 0, 'change': 0, 'player_num': 2}
2020-03-07 13:02:12,713 : INFO : EventManager : Event: ======'player_m1_active'====== Args={'value': 0, 'prev_value': 0, 'change': 0, 'player_num': 2}
2020-03-07 13:02:12,713 : INFO : EventManager : Event: ======'player_m2_active'====== Args={'value': 0, 'prev_value': 0, 'change': 0, 'player_num': 2}
2020-03-07 13:02:12,713 : INFO : EventManager : Event: ======'player_m3_active'====== Args={'value': 0, 'prev_value': 0, 'change': 0, 'player_num': 2}
2020-03-07 13:02:12,713 : INFO : EventManager : Event: ======'player_m4_active'====== Args={'value': 0, 'prev_value': 0, 'change': 0, 'player_num': 2}
2020-03-07 13:02:12,714 : INFO : EventManager : Event: ======'player_m5_active'====== Args={'value': 0, 'prev_value': 0, 'change': 0, 'player_num': 2}
2020-03-07 13:02:12,714 : INFO : EventManager : Event: ======'player_m6_active'====== Args={'value': 0, 'prev_value': 0, 'change': 0, 'player_num': 2}
2020-03-07 13:02:12,714 : INFO : EventManager : Event: ======'player_m7_active'====== Args={'value': 0, 'prev_value': 0, 'change': 0, 'player_num': 2}
2020-03-07 13:02:12,714 : INFO : EventManager : Event: ======'player_m8_active'====== Args={'value': 0, 'prev_value': 0, 'change': 0, 'player_num': 2}
2020-03-07 13:02:12,714 : INFO : EventManager : Event: ======'player_m9_active'====== Args={'value': 0, 'prev_value': 0, 'change': 0, 'player_num': 2}
2020-03-07 13:02:12,715 : INFO : EventManager : Event: ======'player_lock_lit_1_state'====== Args={'value': 0, 'prev_value': 0, 'change': 0, 'player_num': 2}
2020-03-07 13:02:12,715 : INFO : EventManager : Event: ======'player_lock_lit_2_state'====== Args={'value': 0, 'prev_value': 0, 'change': 0, 'player_num': 2}
2020-03-07 13:02:12,715 : INFO : EventManager : Event: ======'player_frezee_started'====== Args={'value': 0, 'prev_value': 0, 'change': 0, 'player_num': 2}
2020-03-07 13:02:12,715 : INFO : EventManager : Event: ======'player_timer_height'====== Args={'value': 0.0, 'prev_value': 0.0, 'change': 0, 'player_num': 2}
2020-03-07 13:02:12,716 : INFO : EventManager : Event: ======'player_citadel_number'====== Args={'value': 0, 'prev_value': 0, 'change': 0, 'player_num': 2}
2020-03-07 13:02:12,716 : INFO : EventManager : Event: ======'player_torpedo_number'====== Args={'value': 0, 'prev_value': 0, 'change': 0, 'player_num': 2}
2020-03-07 13:02:12,716 : INFO : EventManager : Event: ======'player_citadel_load_number'====== Args={'value': 3, 'prev_value': 3, 'change': 0, 'player_num': 2}
2020-03-07 13:02:12,717 : INFO : EventManager : Event: ======'player_torpedo_load_number'====== Args={'value': 3, 'prev_value': 3, 'change': 0, 'player_num': 2}
2020-03-07 13:02:12,717 : INFO : EventManager : Event: ======'player_citadel_ready'====== Args={'value': 0, 'prev_value': 0, 'change': 0, 'player_num': 2}
2020-03-07 13:02:12,717 : INFO : EventManager : Event: ======'player_torpedo_ready'====== Args={'value': 0, 'prev_value': 0, 'change': 0, 'player_num': 2}
2020-03-07 13:02:12,717 : INFO : EventManager : Event: ======'player_modeshotmade'====== Args={'value': 0, 'prev_value': 0, 'change': 0, 'player_num': 2}
2020-03-07 13:02:12,718 : INFO : EventManager : Event: ======'player_score'====== Args={'value': 0, 'prev_value': 0, 'change': 0, 'player_num': 2}
2020-03-07 13:02:12,765 : INFO : SwitchController : <<<<<<< 's_start' inactive >>>>>>>
2020-03-07 13:02:16,138 : INFO : SwitchController : <<<<<<< 's_right_flipper' active >>>>>>>
2020-03-07 13:02:16,138 : INFO : EventManager : Event: ======'s_right_flipper_active'====== Args={}
2020-03-07 13:02:16,138 : INFO : EventManager : Event: ======'machine_var_audits_switches_s_right_flipper'====== Args={'value': 666, 'prev_value': 665, 'change': 1}
2020-03-07 13:02:16,139 : INFO : EventManager : Event: ======'achievement_mode_4_changed_state'====== Args={'restore': False, 'state': 'enabled', 'selected': False}
2020-03-07 13:02:16,145 : INFO : EventManager : Event: ======'achievement_mode_4_state_enabled'====== Args={'restore': False, 'state': 'enabled', 'selected': False}
2020-03-07 13:02:16,145 : INFO : EventManager : Event: ======'achievement_mode_5_changed_state'====== Args={'restore': False, 'state': 'enabled', 'selected': True}
2020-03-07 13:02:16,145 : INFO : EventManager : Event: ======'achievement_mode_5_state_enabled'====== Args={'restore': False, 'state': 'enabled', 'selected': True}
2020-03-07 13:02:16,145 : INFO : EventManager : Event: ======'achievement_mode_5_state_selected'====== Args={'restore': False, 'state': 'enabled', 'selected': True}
2020-03-07 13:02:16,245 : INFO : SwitchController : <<<<<<< 's_right_flipper' inactive >>>>>>>
2020-03-07 13:02:17,595 : INFO : SwitchController : <<<<<<< 's_plunger' inactive >>>>>>>
2020-03-07 13:02:19,723 : INFO : SwitchController : <<<<<<< 's_lock_3' active >>>>>>>
2020-03-07 13:02:19,723 : INFO : EventManager : Event: ======'machine_var_audits_switches_s_lock_3'====== Args={'value': 20, 'prev_value': 19, 'change': 1}
2020-03-07 13:02:20,218 : INFO : EventManager : Event: ======'balldevice_bd_hc_lock_ball_count_changed'====== Args={'balls': 1}
2020-03-07 13:02:20,218 : INFO : EventManager : Event: ======'balldevice_captured_from_playfield'====== Args={'balls': 1}
2020-03-07 13:02:20,219 : INFO : EventManager : Event: ======'sw_playfield_active'====== Args={'balls': 1}
2020-03-07 13:02:20,219 : INFO : EventManager : Event: ======'playfield_active'====== Args={}
2020-03-07 13:02:20,219 : INFO : EventManager : Event: ======'playfield_ball_count_change'====== Args={'balls': -1, 'change': -1}
2020-03-07 13:02:20,219 : INFO : EventManager : Event: ======'balldevice_bd_hc_lock_ball_enter'====== Args={'new_balls': 1, 'unclaimed_balls': 1, 'new_available_balls': 1, 'device': <ball_device.bd_hc_lock>}
2020-03-07 13:02:20,220 : INFO : EventManager : Event: ======'balldevice_bd_plunger_ball_eject_success'====== Args={'balls': 1, 'target': <playfield.playfield>}
2020-03-07 13:02:20,221 : INFO : EventManager : Event: ======'balldevice_balls_available'====== Args={}
2020-03-07 13:02:20,221 : INFO : EventManager : Event: ======'balldevice_balls_available'====== Args={}
2020-03-07 13:02:20,221 : INFO : EventManager : Event: ======'balldevice_bd_hc_lock_ball_entered'====== Args={'new_balls': 1, 'device': <ball_device.bd_hc_lock>}
2020-03-07 13:02:20,221 : INFO : EventManager : Event: ======'balldevice_playfield_ball_enter'====== Args={'new_balls': 1, 'unclaimed_balls': 1, 'device': <playfield.playfield>}
2020-03-07 13:02:20,222 : INFO : EventManager : Event: ======'playfield_ball_count_change'====== Args={'balls': 0, 'change': 1}
2020-03-07 13:02:20,222 : INFO : EventManager : Event: ======'balldevice_bd_plunger_ball_count_changed'====== Args={'balls': 0}
2020-03-07 13:02:20,223 : INFO : EventManager : Event: ======'balldevice_bd_hc_lock_ball_eject_attempt'====== Args={'balls': 1, 'target': <playfield.playfield>, 'source': <ball_device.bd_hc_lock>, 'mechanical_eject': False, 'num_attempts': 0}
2020-03-07 13:02:20,224 : INFO : ball_device.bd_hc_lock : Ejecting ball to <playfield.playfield>
2020-03-07 13:02:20,224 : INFO : EventManager : Event: ======'balldevice_bd_hc_lock_ejecting_ball'====== Args={'balls': 1, 'target': <playfield.playfield>, 'source': <ball_device.bd_hc_lock>, 'mechanical_eject': False, 'num_attempts': 0}
2020-03-07 13:02:20,224 : INFO : coil.c_lock_eject : Pulsing Driver for 10ms (1.0 pulse_power)
2020-03-07 13:02:20,225 : INFO : SwitchController : <<<<<<< 's_lock_3' inactive >>>>>>>
2020-03-07 13:02:23,106 : INFO : SwitchController : <<<<<<< 's_start' active >>>>>>>
2020-03-07 13:02:23,106 : INFO : EventManager : Event: ======'sw_start'====== Args={}
2020-03-07 13:02:23,106 : INFO : EventManager : Event: ======'machine_var_audits_switches_s_start'====== Args={'value': 11, 'prev_value': 10, 'change': 1}
2020-03-07 13:02:23,107 : INFO : EventManager : Event: ======'player_add_request'====== Args={}
2020-03-07 13:02:23,107 : INFO : EventManager : Event: ======'player_will_add'====== Args={'number': 3}
2020-03-07 13:02:23,108 : INFO : EventManager : Event: ======'player_adding'====== Args={'player': <Player 3>, 'number': 3}
2020-03-07 13:02:23,108 : INFO : EventManager : Event: ======'player_added'====== Args={'player': <Player 3>, 'num': 3}
2020-03-07 13:02:23,109 : INFO : Mode.game : Player added successfully. Total players: 3
2020-03-07 13:02:23,109 : INFO : EventManager : Event: ======'player_index'====== Args={'value': 2, 'prev_value': 2, 'change': 0, 'player_num': 3}
2020-03-07 13:02:23,109 : INFO : EventManager : Event: ======'player_number'====== Args={'value': 3, 'prev_value': 3, 'change': 0, 'player_num': 3}
2020-03-07 13:02:23,109 : INFO : EventManager : Event: ======'player_ReceivedDMG'====== Args={'value': 1, 'prev_value': 1, 'change': 0, 'player_num': 3}
2020-03-07 13:02:23,115 : INFO : EventManager : Event: ======'player_DMGValue'====== Args={'value': 10000000, 'prev_value': 10000000, 'change': 0, 'player_num': 3}
2020-03-07 13:02:23,115 : INFO : EventManager : Event: ======'player_m1shotmade'====== Args={'value': 0, 'prev_value': 0, 'change': 0, 'player_num': 3}
2020-03-07 13:02:23,115 : INFO : EventManager : Event: ======'player_m2shotmade'====== Args={'value': 0, 'prev_value': 0, 'change': 0, 'player_num': 3}
2020-03-07 13:02:23,115 : INFO : EventManager : Event: ======'player_m3shotmade'====== Args={'value': 0, 'prev_value': 0, 'change': 0, 'player_num': 3}
2020-03-07 13:02:23,115 : INFO : EventManager : Event: ======'player_m4shotmade'====== Args={'value': 0, 'prev_value': 0, 'change': 0, 'player_num': 3}
2020-03-07 13:02:23,119 : INFO : EventManager : Event: ======'player_m5shotmade'====== Args={'value': 0, 'prev_value': 0, 'change': 0, 'player_num': 3}
2020-03-07 13:02:23,119 : INFO : EventManager : Event: ======'player_m6shotmade'====== Args={'value': 0, 'prev_value': 0, 'change': 0, 'player_num': 3}
2020-03-07 13:02:23,120 : INFO : EventManager : Event: ======'player_m7shotmade'====== Args={'value': 0, 'prev_value': 0, 'change': 0, 'player_num': 3}
2020-03-07 13:02:23,120 : INFO : EventManager : Event: ======'player_m8shotmade'====== Args={'value': 0, 'prev_value': 0, 'change': 0, 'player_num': 3}
2020-03-07 13:02:23,120 : INFO : EventManager : Event: ======'player_m9shotmade'====== Args={'value': 0, 'prev_value': 0, 'change': 0, 'player_num': 3}
2020-03-07 13:02:23,121 : INFO : EventManager : Event: ======'player_m1_active'====== Args={'value': 0, 'prev_value': 0, 'change': 0, 'player_num': 3}
2020-03-07 13:02:23,121 : INFO : EventManager : Event: ======'player_m2_active'====== Args={'value': 0, 'prev_value': 0, 'change': 0, 'player_num': 3}
2020-03-07 13:02:23,121 : INFO : EventManager : Event: ======'player_m3_active'====== Args={'value': 0, 'prev_value': 0, 'change': 0, 'player_num': 3}
2020-03-07 13:02:23,122 : INFO : EventManager : Event: ======'player_m4_active'====== Args={'value': 0, 'prev_value': 0, 'change': 0, 'player_num': 3}
2020-03-07 13:02:23,122 : INFO : EventManager : Event: ======'player_m5_active'====== Args={'value': 0, 'prev_value': 0, 'change': 0, 'player_num': 3}
2020-03-07 13:02:23,122 : INFO : EventManager : Event: ======'player_m6_active'====== Args={'value': 0, 'prev_value': 0, 'change': 0, 'player_num': 3}
2020-03-07 13:02:23,123 : INFO : EventManager : Event: ======'player_m7_active'====== Args={'value': 0, 'prev_value': 0, 'change': 0, 'player_num': 3}
2020-03-07 13:02:23,123 : INFO : EventManager : Event: ======'player_m8_active'====== Args={'value': 0, 'prev_value': 0, 'change': 0, 'player_num': 3}
2020-03-07 13:02:23,123 : INFO : EventManager : Event: ======'player_m9_active'====== Args={'value': 0, 'prev_value': 0, 'change': 0, 'player_num': 3}
2020-03-07 13:02:23,124 : INFO : EventManager : Event: ======'player_lock_lit_1_state'====== Args={'value': 0, 'prev_value': 0, 'change': 0, 'player_num': 3}
2020-03-07 13:02:23,124 : INFO : EventManager : Event: ======'player_lock_lit_2_state'====== Args={'value': 0, 'prev_value': 0, 'change': 0, 'player_num': 3}
2020-03-07 13:02:23,124 : INFO : EventManager : Event: ======'player_frezee_started'====== Args={'value': 0, 'prev_value': 0, 'change': 0, 'player_num': 3}
2020-03-07 13:02:23,124 : INFO : EventManager : Event: ======'player_timer_height'====== Args={'value': 0.0, 'prev_value': 0.0, 'change': 0, 'player_num': 3}
2020-03-07 13:02:23,125 : INFO : EventManager : Event: ======'player_citadel_number'====== Args={'value': 0, 'prev_value': 0, 'change': 0, 'player_num': 3}
2020-03-07 13:02:23,125 : INFO : EventManager : Event: ======'player_torpedo_number'====== Args={'value': 0, 'prev_value': 0, 'change': 0, 'player_num': 3}
2020-03-07 13:02:23,125 : INFO : EventManager : Event: ======'player_citadel_load_number'====== Args={'value': 3, 'prev_value': 3, 'change': 0, 'player_num': 3}
2020-03-07 13:02:23,125 : INFO : EventManager : Event: ======'player_torpedo_load_number'====== Args={'value': 3, 'prev_value': 3, 'change': 0, 'player_num': 3}
2020-03-07 13:02:23,126 : INFO : EventManager : Event: ======'player_citadel_ready'====== Args={'value': 0, 'prev_value': 0, 'change': 0, 'player_num': 3}
2020-03-07 13:02:23,126 : INFO : EventManager : Event: ======'player_torpedo_ready'====== Args={'value': 0, 'prev_value': 0, 'change': 0, 'player_num': 3}
2020-03-07 13:02:23,126 : INFO : EventManager : Event: ======'player_modeshotmade'====== Args={'value': 0, 'prev_value': 0, 'change': 0, 'player_num': 3}
2020-03-07 13:02:23,127 : INFO : EventManager : Event: ======'player_score'====== Args={'value': 0, 'prev_value': 0, 'change': 0, 'player_num': 3}
2020-03-07 13:02:23,196 : INFO : SwitchController : <<<<<<< 's_start' inactive >>>>>>>
2020-03-07 13:02:23,330 : INFO : EventManager : Event: ======'balldevice_bd_hc_lock_ball_eject_success'====== Args={'balls': 1, 'target': <playfield.playfield>}
2020-03-07 13:02:23,330 : INFO : EventManager : Event: ======'balldevice_playfield_ball_enter'====== Args={'new_balls': 1, 'unclaimed_balls': 1, 'device': <playfield.playfield>}
2020-03-07 13:02:23,331 : INFO : EventManager : Event: ======'playfield_ball_count_change'====== Args={'balls': 1, 'change': 1}
2020-03-07 13:02:23,331 : INFO : EventManager : Event: ======'balldevice_bd_hc_lock_ball_count_changed'====== Args={'balls': 0}
2020-03-07 13:02:25,426 : INFO : Machine : Shutting down...
2020-03-07 13:02:25,426 : INFO : EventManager : Event: ======'shutdown'====== Args={}
2020-03-07 13:02:25,429 : INFO : root : MPF run loop ended.
