2020-02-17 17:36:00,199 : kivy : Factory: 184 symbols loaded
2020-02-17 17:36:00,294 : kivy : Image: Providers: img_tex, img_dds, img_sdl2, img_pil, img_gif (img_ffpyplayer ignored)
2020-02-17 17:36:00,346 : kivy : VideoGstplayer: Using Gstreamer 1.16.0.0
2020-02-17 17:36:00,346 : kivy : Video: Provider: gstplayer
2020-02-17 17:36:00,413 : kivy : Loading MPF-MC controller
2020-02-17 17:36:00,413 : mpfmc : Mission Pinball Framework Media Controller v0.53.0
2020-02-17 17:36:00,413 : mpfmc : Mission Pinball Framework Game Engine v0.53.2
2020-02-17 17:36:00,413 : mpfmc : Machine path: E:\mpf\wows\wows
2020-02-17 17:36:00,414 : ConfigProcessor : Config file in cache changed: E:\mpf\wows\wows\config\config
2020-02-17 17:36:00,415 : ConfigProcessor : Loading config from file c:\users\schol\appdata\local\programs\python\python36\lib\site-packages\mpfmc\mcconfig.yaml.
2020-02-17 17:36:00,451 : ConfigProcessor : Loading config: c:\users\schol\appdata\local\programs\python\python36\lib\site-packages\mpfmc\mcconfig.yaml
2020-02-17 17:36:00,458 : ConfigProcessor : Loading config from file E:\mpf\wows\wows\config\config.
2020-02-17 17:36:00,542 : ConfigProcessor : Loading config: E:\mpf\wows\wows\config\config
2020-02-17 17:36:00,543 : ConfigProcessor : Config file cache created: C:\Users\schol\AppData\Local\Temp\398a03908486e3c8525902f452489fb5.mpf_cache
2020-02-17 17:36:00,544 : mpfmc : Starting clock at 60.0Hz
2020-02-17 17:36:00,555 : kivy : Text: Provider: sdl2
2020-02-17 17:36:00,589 : kivy : Window: Provider: sdl2
2020-02-17 17:36:01,009 : kivy : GL: Using the "OpenGL" graphics system
2020-02-17 17:36:01,015 : kivy : GL: GLEW initialization succeeded
2020-02-17 17:36:01,015 : kivy : GL: Backend used <glew>
2020-02-17 17:36:01,015 : kivy : GL: OpenGL version <b'4.6.0 NVIDIA 432.00'>
2020-02-17 17:36:01,015 : kivy : GL: OpenGL vendor <b'NVIDIA Corporation'>
2020-02-17 17:36:01,015 : kivy : GL: OpenGL renderer <b'GeForce GTX 1060 6GB/PCIe/SSE2'>
2020-02-17 17:36:01,015 : kivy : GL: OpenGL parsed version: 4, 6
2020-02-17 17:36:01,015 : kivy : GL: Shading version <b'4.60 NVIDIA'>
2020-02-17 17:36:01,015 : kivy : GL: Texture max size <32768>
2020-02-17 17:36:01,015 : kivy : GL: Texture max units <32>
2020-02-17 17:36:01,032 : kivy : Window: auto add sdl2 input provider
2020-02-17 17:36:01,033 : kivy : Window: virtual keyboard not allowed, single mode, not docked
2020-02-17 17:36:01,039 : SoundSystem : SoundSystem: Using default 'sound_system' settings
2020-02-17 17:36:01,221 : AudioInterface : Initialized
2020-02-17 17:36:01,221 : SoundSystem : No audio tracks are specified in your machine config file. a track named 'default' has been created.
2020-02-17 17:36:01,223 : kivy : Base: Start application main loop
2020-02-17 17:36:01,224 : EventManager : Event: ======'display_window_initialized'====== Args={}
2020-02-17 17:36:01,224 : EventManager : Event: ======'display_dmd_initialized'====== Args={}
2020-02-17 17:36:01,280 : mpfmc : Display: Setting 'dmd' as default display
2020-02-17 17:36:01,286 : EventManager : Event: ======'displays_initialized'====== Args={}
2020-02-17 17:36:01,287 : EventManager : Event: ======'slide_window_blank_created'====== Args={}
2020-02-17 17:36:01,287 : EventManager : Event: ======'display_window_ready'====== Args={}
2020-02-17 17:36:01,287 : EventManager : Event: ======'slide_dmd_blank_created'====== Args={}
2020-02-17 17:36:01,287 : EventManager : Event: ======'display_dmd_ready'====== Args={}
2020-02-17 17:36:01,296 : EventManager : Event: ======'init_phase_1'====== Args={}
2020-02-17 17:36:01,299 : EventManager : Event: ======'mc_ready'====== Args={}
2020-02-17 17:36:01,299 : EventManager : Event: ======'init_phase_2'====== Args={}
2020-02-17 17:36:01,300 : ConfigProcessor : Loading config from cache: C:\Users\schol\AppData\Local\Temp\1e6cc6775e87a3e14ded8d45fd065b10.mpf_cache
2020-02-17 17:36:01,301 : ConfigProcessor : Loading config from cache: C:\Users\schol\AppData\Local\Temp\d5fd805c5432c1441bf01a6268536a3d.mpf_cache
2020-02-17 17:36:01,301 : ConfigProcessor : Loading config from cache: C:\Users\schol\AppData\Local\Temp\97f63c0afcbce8d9df7044fccf1035a4.mpf_cache
2020-02-17 17:36:01,302 : ConfigProcessor : Loading config from cache: C:\Users\schol\AppData\Local\Temp\f9a57b3955e1480227d6e8589f6567c4.mpf_cache
2020-02-17 17:36:01,302 : ConfigProcessor : Loading config from cache: C:\Users\schol\AppData\Local\Temp\a6527a592b6034dbfea56fdf726c3822.mpf_cache
2020-02-17 17:36:01,303 : ConfigProcessor : Loading config from cache: C:\Users\schol\AppData\Local\Temp\4aeaa69609f53d9b71d1dbbedd434b0b.mpf_cache
2020-02-17 17:36:01,303 : ConfigProcessor : Loading config from cache: C:\Users\schol\AppData\Local\Temp\5dbeda7d2775496a54d206d506904281.mpf_cache
2020-02-17 17:36:01,304 : ConfigProcessor : Loading config from cache: C:\Users\schol\AppData\Local\Temp\2f7452aae1b2779bb4a1388fc419c0c8.mpf_cache
2020-02-17 17:36:01,304 : ConfigProcessor : Loading config from cache: C:\Users\schol\AppData\Local\Temp\5c4497fcd69d1d656c4b69a28e44c490.mpf_cache
2020-02-17 17:36:01,305 : ConfigProcessor : Loading config from cache: C:\Users\schol\AppData\Local\Temp\61baf56902d438563ed6aa6cb9015dcd.mpf_cache
2020-02-17 17:36:01,310 : ConfigProcessor : Loading config from cache: C:\Users\schol\AppData\Local\Temp\6e6d4708a613edd7635d35a6961997f3.mpf_cache
2020-02-17 17:36:01,310 : ConfigProcessor : Loading config from cache: C:\Users\schol\AppData\Local\Temp\fbcc5772262340622f93ebd98450e45f.mpf_cache
2020-02-17 17:36:01,310 : EventManager : Event: ======'init_phase_3'====== Args={}
2020-02-17 17:36:01,311 : AssetManager : Registering Asset: ConsumableCountdown100, File: ConsumableCountdown100.jpg, Default Group: default, Final Config: {'load': 'preload', 'file': 'E:\\mpf\\wows\\wows\\images\\ConsumableCountdown100.jpg'}
2020-02-17 17:36:01,311 : AssetManager : Registering Asset: ConsumableCountdown101, File: ConsumableCountdown101.jpg, Default Group: default, Final Config: {'load': 'preload', 'file': 'E:\\mpf\\wows\\wows\\images\\ConsumableCountdown101.jpg'}
2020-02-17 17:36:01,311 : AssetManager : Registering Asset: ConsumableCountdown102, File: ConsumableCountdown102.jpg, Default Group: default, Final Config: {'load': 'preload', 'file': 'E:\\mpf\\wows\\wows\\images\\ConsumableCountdown102.jpg'}
2020-02-17 17:36:01,311 : AssetManager : Registering Asset: ConsumableCountdown103, File: ConsumableCountdown103.jpg, Default Group: default, Final Config: {'load': 'preload', 'file': 'E:\\mpf\\wows\\wows\\images\\ConsumableCountdown103.jpg'}
2020-02-17 17:36:01,311 : AssetManager : Registering Asset: ConsumableCountdown104, File: ConsumableCountdown104.jpg, Default Group: default, Final Config: {'load': 'preload', 'file': 'E:\\mpf\\wows\\wows\\images\\ConsumableCountdown104.jpg'}
2020-02-17 17:36:01,311 : AssetManager : Registering Asset: ConsumableCountdown105, File: ConsumableCountdown105.jpg, Default Group: default, Final Config: {'load': 'preload', 'file': 'E:\\mpf\\wows\\wows\\images\\ConsumableCountdown105.jpg'}
2020-02-17 17:36:01,311 : AssetManager : Registering Asset: ConsumableCountdown106, File: ConsumableCountdown106.jpg, Default Group: default, Final Config: {'load': 'preload', 'file': 'E:\\mpf\\wows\\wows\\images\\ConsumableCountdown106.jpg'}
2020-02-17 17:36:01,311 : AssetManager : Registering Asset: ConsumableCountdown107, File: ConsumableCountdown107.jpg, Default Group: default, Final Config: {'load': 'preload', 'file': 'E:\\mpf\\wows\\wows\\images\\ConsumableCountdown107.jpg'}
2020-02-17 17:36:01,311 : AssetManager : Registering Asset: ConsumableCountdown108, File: ConsumableCountdown108.jpg, Default Group: default, Final Config: {'load': 'preload', 'file': 'E:\\mpf\\wows\\wows\\images\\ConsumableCountdown108.jpg'}
2020-02-17 17:36:01,311 : AssetManager : Registering Asset: ConsumableCountdown109, File: ConsumableCountdown109.jpg, Default Group: default, Final Config: {'load': 'preload', 'file': 'E:\\mpf\\wows\\wows\\images\\ConsumableCountdown109.jpg'}
2020-02-17 17:36:01,311 : AssetManager : Registering Asset: ConsumableCountdown110, File: ConsumableCountdown110.jpg, Default Group: default, Final Config: {'load': 'preload', 'file': 'E:\\mpf\\wows\\wows\\images\\ConsumableCountdown110.jpg'}
2020-02-17 17:36:01,311 : AssetManager : Registering Asset: ConsumableCountdown111, File: ConsumableCountdown111.jpg, Default Group: default, Final Config: {'load': 'preload', 'file': 'E:\\mpf\\wows\\wows\\images\\ConsumableCountdown111.jpg'}
2020-02-17 17:36:01,311 : AssetManager : Registering Asset: ConsumableCountdown112, File: ConsumableCountdown112.jpg, Default Group: default, Final Config: {'load': 'preload', 'file': 'E:\\mpf\\wows\\wows\\images\\ConsumableCountdown112.jpg'}
2020-02-17 17:36:01,311 : AssetManager : Registering Asset: ConsumableCountdown113, File: ConsumableCountdown113.jpg, Default Group: default, Final Config: {'load': 'preload', 'file': 'E:\\mpf\\wows\\wows\\images\\ConsumableCountdown113.jpg'}
2020-02-17 17:36:01,312 : AssetManager : Registering Asset: ConsumableCountdown114, File: ConsumableCountdown114.jpg, Default Group: default, Final Config: {'load': 'preload', 'file': 'E:\\mpf\\wows\\wows\\images\\ConsumableCountdown114.jpg'}
2020-02-17 17:36:01,312 : AssetManager : Registering Asset: ConsumableCountdown115, File: ConsumableCountdown115.jpg, Default Group: default, Final Config: {'load': 'preload', 'file': 'E:\\mpf\\wows\\wows\\images\\ConsumableCountdown115.jpg'}
2020-02-17 17:36:01,312 : AssetManager : Registering Asset: ConsumableCountdown116, File: ConsumableCountdown116.jpg, Default Group: default, Final Config: {'load': 'preload', 'file': 'E:\\mpf\\wows\\wows\\images\\ConsumableCountdown116.jpg'}
2020-02-17 17:36:01,312 : AssetManager : Registering Asset: ConsumableCountdown117, File: ConsumableCountdown117.jpg, Default Group: default, Final Config: {'load': 'preload', 'file': 'E:\\mpf\\wows\\wows\\images\\ConsumableCountdown117.jpg'}
2020-02-17 17:36:01,312 : AssetManager : Registering Asset: ConsumableCountdown118, File: ConsumableCountdown118.jpg, Default Group: default, Final Config: {'load': 'preload', 'file': 'E:\\mpf\\wows\\wows\\images\\ConsumableCountdown118.jpg'}
2020-02-17 17:36:01,312 : AssetManager : Registering Asset: ConsumableCountdown119, File: ConsumableCountdown119.jpg, Default Group: default, Final Config: {'load': 'preload', 'file': 'E:\\mpf\\wows\\wows\\images\\ConsumableCountdown119.jpg'}
2020-02-17 17:36:01,312 : AssetManager : Registering Asset: ConsumableCountdown120, File: ConsumableCountdown120.jpg, Default Group: default, Final Config: {'load': 'preload', 'file': 'E:\\mpf\\wows\\wows\\images\\ConsumableCountdown120.jpg'}
2020-02-17 17:36:01,312 : AssetManager : Registering Asset: ConsumableCountdown121, File: ConsumableCountdown121.jpg, Default Group: default, Final Config: {'load': 'preload', 'file': 'E:\\mpf\\wows\\wows\\images\\ConsumableCountdown121.jpg'}
2020-02-17 17:36:01,312 : AssetManager : Registering Asset: ConsumableCountdown122, File: ConsumableCountdown122.jpg, Default Group: default, Final Config: {'load': 'preload', 'file': 'E:\\mpf\\wows\\wows\\images\\ConsumableCountdown122.jpg'}
2020-02-17 17:36:01,312 : AssetManager : Registering Asset: ConsumableCountdown123, File: ConsumableCountdown123.jpg, Default Group: default, Final Config: {'load': 'preload', 'file': 'E:\\mpf\\wows\\wows\\images\\ConsumableCountdown123.jpg'}
2020-02-17 17:36:01,312 : AssetManager : Registering Asset: ConsumableCountdown124, File: ConsumableCountdown124.jpg, Default Group: default, Final Config: {'load': 'preload', 'file': 'E:\\mpf\\wows\\wows\\images\\ConsumableCountdown124.jpg'}
2020-02-17 17:36:01,312 : AssetManager : Registering Asset: ConsumableCountdown125, File: ConsumableCountdown125.jpg, Default Group: default, Final Config: {'load': 'preload', 'file': 'E:\\mpf\\wows\\wows\\images\\ConsumableCountdown125.jpg'}
2020-02-17 17:36:01,312 : AssetManager : Registering Asset: ConsumableCountdown126, File: ConsumableCountdown126.jpg, Default Group: default, Final Config: {'load': 'preload', 'file': 'E:\\mpf\\wows\\wows\\images\\ConsumableCountdown126.jpg'}
2020-02-17 17:36:01,312 : AssetManager : Registering Asset: ConsumableCountdown127, File: ConsumableCountdown127.jpg, Default Group: default, Final Config: {'load': 'preload', 'file': 'E:\\mpf\\wows\\wows\\images\\ConsumableCountdown127.jpg'}
2020-02-17 17:36:01,312 : AssetManager : Registering Asset: ConsumableCountdown128, File: ConsumableCountdown128.jpg, Default Group: default, Final Config: {'load': 'preload', 'file': 'E:\\mpf\\wows\\wows\\images\\ConsumableCountdown128.jpg'}
2020-02-17 17:36:01,312 : AssetManager : Registering Asset: ConsumableCountdown129, File: ConsumableCountdown129.jpg, Default Group: default, Final Config: {'load': 'preload', 'file': 'E:\\mpf\\wows\\wows\\images\\ConsumableCountdown129.jpg'}
2020-02-17 17:36:01,312 : AssetManager : Registering Asset: ConsumableCountdown130, File: ConsumableCountdown130.jpg, Default Group: default, Final Config: {'load': 'preload', 'file': 'E:\\mpf\\wows\\wows\\images\\ConsumableCountdown130.jpg'}
2020-02-17 17:36:01,313 : AssetManager : Registering Asset: C_Prog100, File: C_Prog100.jpg, Default Group: default, Final Config: {'load': 'preload', 'file': 'E:\\mpf\\wows\\wows\\images\\C_Prog100.jpg'}
2020-02-17 17:36:01,314 : AssetManager : Registering Asset: mode_1_shot_made, File: mode_1_shot_made.gif, Default Group: default, Final Config: {'load': 'preload', 'file': 'E:\\mpf\\wows\\wows\\modes\\mode_1\\images\\mode_1_shot_made.gif'}
2020-02-17 17:36:01,315 : EventManager : Event: ======'init_phase_4'====== Args={}
2020-02-17 17:36:01,315 : EventManager : Event: ======'init_phase_5'====== Args={}
2020-02-17 17:36:01,320 : EventManager : Event: ======'loading_assets'====== Args={'total': 33, 'loaded': 1, 'remaining': 32, 'percent': 3}
2020-02-17 17:36:01,320 : AssetManager : Loading assets: 1/33 (3%)
2020-02-17 17:36:01,406 : EventManager : Event: ======'loading_assets'====== Args={'total': 33, 'loaded': 33, 'remaining': 0, 'percent': 100}
2020-02-17 17:36:01,406 : AssetManager : Asset loading took: 0.18568181991577148
2020-02-17 17:36:01,406 : EventManager : Event: ======'asset_loading_complete'====== Args={}
2020-02-17 17:36:01,406 : AssetManager : Loading assets: 33/33 (100%)
2020-02-17 17:36:01,406 : EventManager : Event: ======'init_done'====== Args={}
2020-02-17 17:36:01,406 : MPF-MC BCP Server : Starting up on localhost port 5050
2020-02-17 17:36:01,410 : MPF-MC BCP Server : Waiting for a connection...
2020-02-17 17:36:01,410 : mpfmc : SlidePlayer: Play called with settings={'slides': {welcome_slide-None-None: {'target': 'window', 'priority': None, 'background_color': [0.0, 0.0, 0.0, 1.0], 'show': True, 'force': False, 'expire': None, 'slide': None, 'tokens': {}, 'action': 'play', 'transition': None, 'transition_out': None}}}
2020-02-17 17:36:01,412 : kivy : GL: NPOT texture support is available
2020-02-17 17:36:01,428 : EventManager : Event: ======'slide_welcome_slide_created'====== Args={}
2020-02-17 17:36:01,449 : EventManager : Event: ======'slide_welcome_slide_active'====== Args={}
2020-02-17 17:36:01,452 : EventManager : Event: ======'client_disconnected'====== Args={'host': '127.0.0.1', 'port': 5050}
2020-02-17 17:36:02,578 : MPF-MC BCP Server : Received connection from: 127.0.0.1:54969
2020-02-17 17:36:02,579 : EventManager : Event: ======'client_connected'====== Args={'host': '127.0.0.1', 'port': 54969}
2020-02-17 17:36:02,596 : EventManager : Event: ======'machine_var_credits_string'====== Args={'value': 'FREE PLAY', 'prev_value': None, 'change': True}
2020-02-17 17:36:02,596 : EventManager : Event: ======'machine_var_player1_score'====== Args={'value': 0, 'prev_value': None, 'change': True}
2020-02-17 17:36:02,596 : EventManager : Event: ======'machine_var_mpf_version'====== Args={'value': 'MPF v0.53.2', 'prev_value': None, 'change': True}
2020-02-17 17:36:02,597 : EventManager : Event: ======'machine_var_mpf_extended_version'====== Args={'value': 'MPF v0.53.2, Config version:5, Show version: 5, BCP version:1.1', 'prev_value': None, 'change': True}
2020-02-17 17:36:02,597 : EventManager : Event: ======'machine_var_python_version'====== Args={'value': '3.6.4', 'prev_value': None, 'change': True}
2020-02-17 17:36:02,597 : EventManager : Event: ======'machine_var_platform'====== Args={'value': 'Windows-10-10.0.18362-SP0', 'prev_value': None, 'change': True}
2020-02-17 17:36:02,597 : EventManager : Event: ======'machine_var_platform_system'====== Args={'value': 'Windows', 'prev_value': None, 'change': True}
2020-02-17 17:36:02,597 : EventManager : Event: ======'machine_var_platform_release'====== Args={'value': '10', 'prev_value': None, 'change': True}
2020-02-17 17:36:02,597 : EventManager : Event: ======'machine_var_platform_version'====== Args={'value': '10.0.18362', 'prev_value': None, 'change': True}
2020-02-17 17:36:02,597 : EventManager : Event: ======'machine_var_platform_machine'====== Args={'value': 'AMD64', 'prev_value': None, 'change': True}
2020-02-17 17:36:02,597 : EventManager : Event: ======'machine_var_mc_version'====== Args={'value': 'MPF-MC v0.53.0', 'prev_value': None, 'change': True}
2020-02-17 17:36:02,597 : EventManager : Event: ======'machine_var_mc_extended_version'====== Args={'value': 'MPF-MC v0.53.0 (config_version=5, BCP v1.1, Requires MPF v0.53.0)', 'prev_value': None, 'change': True}
2020-02-17 17:36:02,597 : EventManager : Event: ======'machine_var_master_volume'====== Args={'value': 0.5, 'prev_value': None, 'change': True}
2020-02-17 17:36:02,663 : EventManager : Event: ======'machine_var_audits_events_game_ended'====== Args={'value': 1, 'prev_value': None, 'change': True}
2020-02-17 17:36:02,663 : EventManager : Event: ======'machine_var_audits_events_game_started'====== Args={'value': 250, 'prev_value': None, 'change': True}
2020-02-17 17:36:02,664 : EventManager : Event: ======'machine_var_audits_player_score'====== Args={'value': {'average': 0.0, 'top': [0], 'total': 1}, 'prev_value': None, 'change': True}
2020-02-17 17:36:02,664 : EventManager : Event: ======'machine_var_audits_shots_confederate_1'====== Args={'value': 5, 'prev_value': None, 'change': True}
2020-02-17 17:36:02,664 : EventManager : Event: ======'machine_var_audits_shots_confederate_2'====== Args={'value': 4, 'prev_value': None, 'change': True}
2020-02-17 17:36:02,664 : EventManager : Event: ======'machine_var_audits_shots_confederate_3'====== Args={'value': 1, 'prev_value': None, 'change': True}
2020-02-17 17:36:02,664 : EventManager : Event: ======'machine_var_audits_shots_confederate_4'====== Args={'value': 3, 'prev_value': None, 'change': True}
2020-02-17 17:36:02,664 : EventManager : Event: ======'machine_var_audits_shots_confederate_5'====== Args={'value': 1, 'prev_value': None, 'change': True}
2020-02-17 17:36:02,664 : EventManager : Event: ======'machine_var_audits_shots_confederate_6'====== Args={'value': 16, 'prev_value': None, 'change': True}
2020-02-17 17:36:02,664 : EventManager : Event: ======'machine_var_audits_shots_jackpot_1'====== Args={'value': 15, 'prev_value': None, 'change': True}
2020-02-17 17:36:02,664 : EventManager : Event: ======'machine_var_audits_shots_jackpot_2'====== Args={'value': 13, 'prev_value': None, 'change': True}
2020-02-17 17:36:02,664 : EventManager : Event: ======'machine_var_audits_shots_jackpot_3'====== Args={'value': 7, 'prev_value': None, 'change': True}
2020-02-17 17:36:02,665 : EventManager : Event: ======'machine_var_audits_shots_jackpot_4'====== Args={'value': 9, 'prev_value': None, 'change': True}
2020-02-17 17:36:02,665 : EventManager : Event: ======'machine_var_audits_shots_jackpot_5'====== Args={'value': 7, 'prev_value': None, 'change': True}
2020-02-17 17:36:02,665 : EventManager : Event: ======'machine_var_audits_shots_jackpot_6'====== Args={'value': 11, 'prev_value': None, 'change': True}
2020-02-17 17:36:02,665 : EventManager : Event: ======'machine_var_audits_shots_lane_A'====== Args={'value': 9, 'prev_value': None, 'change': True}
2020-02-17 17:36:02,665 : EventManager : Event: ======'machine_var_audits_shots_lane_B'====== Args={'value': 10, 'prev_value': None, 'change': True}
2020-02-17 17:36:02,665 : EventManager : Event: ======'machine_var_audits_shots_lane_C'====== Args={'value': 11, 'prev_value': None, 'change': True}
2020-02-17 17:36:02,666 : EventManager : Event: ======'machine_var_audits_shots_lane_D'====== Args={'value': 17, 'prev_value': None, 'change': True}
2020-02-17 17:36:02,666 : EventManager : Event: ======'machine_var_audits_shots_lane_E'====== Args={'value': 16, 'prev_value': None, 'change': True}
2020-02-17 17:36:02,666 : EventManager : Event: ======'machine_var_audits_shots_lock_lit_1'====== Args={'value': 6, 'prev_value': None, 'change': True}
2020-02-17 17:36:02,666 : EventManager : Event: ======'machine_var_audits_shots_lock_lit_2'====== Args={'value': 17, 'prev_value': None, 'change': True}
2020-02-17 17:36:02,666 : EventManager : Event: ======'machine_var_audits_shots_ricochet_1'====== Args={'value': 1, 'prev_value': None, 'change': True}
2020-02-17 17:36:02,666 : EventManager : Event: ======'machine_var_audits_shots_ricochet_2'====== Args={'value': 1, 'prev_value': None, 'change': True}
2020-02-17 17:36:02,666 : EventManager : Event: ======'machine_var_audits_shots_ricochet_3'====== Args={'value': 1, 'prev_value': None, 'change': True}
2020-02-17 17:36:02,666 : EventManager : Event: ======'machine_var_audits_shots_ricochet_4'====== Args={'value': 1, 'prev_value': None, 'change': True}
2020-02-17 17:36:02,680 : EventManager : Event: ======'machine_var_audits_shots_ricochet_5'====== Args={'value': 1, 'prev_value': None, 'change': True}
2020-02-17 17:36:02,680 : EventManager : Event: ======'machine_var_audits_switches_s_bumper_1'====== Args={'value': 9, 'prev_value': None, 'change': True}
2020-02-17 17:36:02,680 : EventManager : Event: ======'machine_var_audits_switches_s_bumper_2'====== Args={'value': 5, 'prev_value': None, 'change': True}
2020-02-17 17:36:02,680 : EventManager : Event: ======'machine_var_audits_switches_s_bumper_3'====== Args={'value': 1, 'prev_value': None, 'change': True}
2020-02-17 17:36:02,680 : EventManager : Event: ======'machine_var_audits_switches_s_center_ramp'====== Args={'value': 7, 'prev_value': None, 'change': True}
2020-02-17 17:36:02,680 : EventManager : Event: ======'machine_var_audits_switches_s_citadel'====== Args={'value': 6, 'prev_value': None, 'change': True}
2020-02-17 17:36:02,680 : EventManager : Event: ======'machine_var_audits_switches_s_citadel_lock'====== Args={'value': 9, 'prev_value': None, 'change': True}
2020-02-17 17:36:02,680 : EventManager : Event: ======'machine_var_audits_switches_s_detonation'====== Args={'value': 0, 'prev_value': None, 'change': True}
2020-02-17 17:36:02,680 : EventManager : Event: ======'machine_var_audits_switches_s_dmg_1'====== Args={'value': 541, 'prev_value': None, 'change': True}
2020-02-17 17:36:02,681 : EventManager : Event: ======'machine_var_audits_switches_s_dmg_2'====== Args={'value': 5, 'prev_value': None, 'change': True}
2020-02-17 17:36:02,681 : EventManager : Event: ======'machine_var_audits_switches_s_dmg_3'====== Args={'value': 4, 'prev_value': None, 'change': True}
2020-02-17 17:36:02,681 : EventManager : Event: ======'machine_var_audits_switches_s_dmg_4'====== Args={'value': 1, 'prev_value': None, 'change': True}
2020-02-17 17:36:02,681 : EventManager : Event: ======'machine_var_audits_switches_s_dmg_5'====== Args={'value': 2, 'prev_value': None, 'change': True}
2020-02-17 17:36:02,681 : EventManager : Event: ======'machine_var_audits_switches_s_dmg_6'====== Args={'value': 1, 'prev_value': None, 'change': True}
2020-02-17 17:36:02,681 : EventManager : Event: ======'machine_var_audits_switches_s_dmg_7'====== Args={'value': 2, 'prev_value': None, 'change': True}
2020-02-17 17:36:02,681 : EventManager : Event: ======'machine_var_audits_switches_s_drop_target'====== Args={'value': 5, 'prev_value': None, 'change': True}
2020-02-17 17:36:02,681 : EventManager : Event: ======'machine_var_audits_switches_s_jet_hole'====== Args={'value': 0, 'prev_value': None, 'change': True}
2020-02-17 17:36:02,681 : EventManager : Event: ======'machine_var_audits_switches_s_jet_lane'====== Args={'value': 1, 'prev_value': None, 'change': True}
2020-02-17 17:36:02,681 : EventManager : Event: ======'machine_var_audits_switches_s_kickback'====== Args={'value': 0, 'prev_value': None, 'change': True}
2020-02-17 17:36:02,681 : EventManager : Event: ======'machine_var_audits_switches_s_kickback_target_1'====== Args={'value': 0, 'prev_value': None, 'change': True}
2020-02-17 17:36:02,682 : EventManager : Event: ======'machine_var_audits_switches_s_kickback_target_2'====== Args={'value': 0, 'prev_value': None, 'change': True}
2020-02-17 17:36:02,682 : EventManager : Event: ======'machine_var_audits_switches_s_kickback_target_3'====== Args={'value': 2, 'prev_value': None, 'change': True}
2020-02-17 17:36:02,682 : EventManager : Event: ======'machine_var_audits_switches_s_kickback_terget_1'====== Args={'value': 0, 'prev_value': None, 'change': True}
2020-02-17 17:36:02,682 : EventManager : Event: ======'machine_var_audits_switches_s_left_flipper'====== Args={'value': 71, 'prev_value': None, 'change': True}
2020-02-17 17:36:02,682 : EventManager : Event: ======'machine_var_audits_switches_s_left_hole'====== Args={'value': 0, 'prev_value': None, 'change': True}
2020-02-17 17:36:02,682 : EventManager : Event: ======'machine_var_audits_switches_s_left_inlane'====== Args={'value': 11, 'prev_value': None, 'change': True}
2020-02-17 17:36:02,682 : EventManager : Event: ======'machine_var_audits_switches_s_left_loop_made'====== Args={'value': 19, 'prev_value': None, 'change': True}
2020-02-17 17:36:02,682 : EventManager : Event: ======'machine_var_audits_switches_s_left_loop_pre'====== Args={'value': 0, 'prev_value': None, 'change': True}
2020-02-17 17:36:02,682 : EventManager : Event: ======'machine_var_audits_switches_s_left_mid_inlane'====== Args={'value': 10, 'prev_value': None, 'change': True}
2020-02-17 17:36:02,682 : EventManager : Event: ======'machine_var_audits_switches_s_left_outlane'====== Args={'value': 9, 'prev_value': None, 'change': True}
2020-02-17 17:36:02,683 : EventManager : Event: ======'machine_var_audits_switches_s_left_ramp_made'====== Args={'value': 26, 'prev_value': None, 'change': True}
2020-02-17 17:36:02,683 : EventManager : Event: ======'machine_var_audits_switches_s_left_ramp_pre'====== Args={'value': 0, 'prev_value': None, 'change': True}
2020-02-17 17:36:02,683 : EventManager : Event: ======'machine_var_audits_switches_s_left_slingshot'====== Args={'value': 0, 'prev_value': None, 'change': True}
2020-02-17 17:36:02,683 : EventManager : Event: ======'machine_var_audits_switches_s_lock_1'====== Args={'value': 16, 'prev_value': None, 'change': True}
2020-02-17 17:36:02,683 : EventManager : Event: ======'machine_var_audits_switches_s_lock_2'====== Args={'value': 10, 'prev_value': None, 'change': True}
2020-02-17 17:36:02,683 : EventManager : Event: ======'machine_var_audits_switches_s_lock_3'====== Args={'value': 11, 'prev_value': None, 'change': True}
2020-02-17 17:36:02,683 : EventManager : Event: ======'machine_var_audits_switches_s_magnet_switch'====== Args={'value': 0, 'prev_value': None, 'change': True}
2020-02-17 17:36:02,683 : EventManager : Event: ======'machine_var_audits_switches_s_main_hole'====== Args={'value': 108, 'prev_value': None, 'change': True}
2020-02-17 17:36:02,683 : EventManager : Event: ======'machine_var_audits_switches_s_pen_1'====== Args={'value': 1, 'prev_value': None, 'change': True}
2020-02-17 17:36:02,683 : EventManager : Event: ======'machine_var_audits_switches_s_pen_2'====== Args={'value': 1, 'prev_value': None, 'change': True}
2020-02-17 17:36:02,683 : EventManager : Event: ======'machine_var_audits_switches_s_pen_3'====== Args={'value': 0, 'prev_value': None, 'change': True}
2020-02-17 17:36:02,684 : EventManager : Event: ======'machine_var_audits_switches_s_pen_4'====== Args={'value': 1, 'prev_value': None, 'change': True}
2020-02-17 17:36:02,684 : EventManager : Event: ======'machine_var_audits_switches_s_pen_5'====== Args={'value': 0, 'prev_value': None, 'change': True}
2020-02-17 17:36:02,684 : EventManager : Event: ======'machine_var_audits_switches_s_pen_6'====== Args={'value': 1, 'prev_value': None, 'change': True}
2020-02-17 17:36:02,684 : EventManager : Event: ======'machine_var_audits_switches_s_plunger'====== Args={'value': 288, 'prev_value': None, 'change': True}
2020-02-17 17:36:02,684 : EventManager : Event: ======'machine_var_audits_switches_s_plunger_button'====== Args={'value': 2, 'prev_value': None, 'change': True}
2020-02-17 17:36:02,684 : EventManager : Event: ======'machine_var_audits_switches_s_ricochet_1'====== Args={'value': 25, 'prev_value': None, 'change': True}
2020-02-17 17:36:02,684 : EventManager : Event: ======'machine_var_audits_switches_s_ricochet_2'====== Args={'value': 8, 'prev_value': None, 'change': True}
2020-02-17 17:36:02,684 : EventManager : Event: ======'machine_var_audits_switches_s_ricochet_3'====== Args={'value': 3, 'prev_value': None, 'change': True}
2020-02-17 17:36:02,684 : EventManager : Event: ======'machine_var_audits_switches_s_ricochet_4'====== Args={'value': 6, 'prev_value': None, 'change': True}
2020-02-17 17:36:02,684 : EventManager : Event: ======'machine_var_audits_switches_s_ricochet_5'====== Args={'value': 6, 'prev_value': None, 'change': True}
2020-02-17 17:36:02,684 : EventManager : Event: ======'machine_var_audits_switches_s_right_flipper'====== Args={'value': 561, 'prev_value': None, 'change': True}
2020-02-17 17:36:02,685 : EventManager : Event: ======'machine_var_audits_switches_s_right_hole'====== Args={'value': 26, 'prev_value': None, 'change': True}
2020-02-17 17:36:02,685 : EventManager : Event: ======'machine_var_audits_switches_s_right_inlane'====== Args={'value': 17, 'prev_value': None, 'change': True}
2020-02-17 17:36:02,685 : EventManager : Event: ======'machine_var_audits_switches_s_right_outlane'====== Args={'value': 16, 'prev_value': None, 'change': True}
2020-02-17 17:36:02,685 : EventManager : Event: ======'machine_var_audits_switches_s_right_ramp_made'====== Args={'value': 32, 'prev_value': None, 'change': True}
2020-02-17 17:36:02,685 : EventManager : Event: ======'machine_var_audits_switches_s_right_ramp_pre'====== Args={'value': 0, 'prev_value': None, 'change': True}
2020-02-17 17:36:02,685 : EventManager : Event: ======'machine_var_audits_switches_s_right_slingshot'====== Args={'value': 0, 'prev_value': None, 'change': True}
2020-02-17 17:36:02,685 : EventManager : Event: ======'machine_var_audits_switches_s_right_small_ramp'====== Args={'value': 0, 'prev_value': None, 'change': True}
2020-02-17 17:36:02,685 : EventManager : Event: ======'machine_var_audits_switches_s_side_hole'====== Args={'value': 2, 'prev_value': None, 'change': True}
2020-02-17 17:36:02,685 : EventManager : Event: ======'machine_var_audits_switches_s_side_ramp_made'====== Args={'value': 2, 'prev_value': None, 'change': True}
2020-02-17 17:36:02,685 : EventManager : Event: ======'machine_var_audits_switches_s_side_ramp_pre'====== Args={'value': 0, 'prev_value': None, 'change': True}
2020-02-17 17:36:02,696 : EventManager : Event: ======'machine_var_audits_switches_s_start'====== Args={'value': 8, 'prev_value': None, 'change': True}
2020-02-17 17:36:02,697 : EventManager : Event: ======'machine_var_audits_switches_s_torpedo'====== Args={'value': 23, 'prev_value': None, 'change': True}
2020-02-17 17:36:02,697 : EventManager : Event: ======'machine_var_audits_switches_s_trough1'====== Args={'value': 17, 'prev_value': None, 'change': True}
2020-02-17 17:36:02,697 : EventManager : Event: ======'machine_var_audits_switches_s_trough2'====== Args={'value': 2, 'prev_value': None, 'change': True}
2020-02-17 17:36:02,697 : EventManager : Event: ======'machine_var_audits_switches_s_trough3'====== Args={'value': 1, 'prev_value': None, 'change': True}
2020-02-17 17:36:02,697 : EventManager : Event: ======'machine_var_audits_switches_s_trough4'====== Args={'value': 2, 'prev_value': None, 'change': True}
2020-02-17 17:36:02,697 : EventManager : Event: ======'machine_var_audits_switches_s_trough5'====== Args={'value': 0, 'prev_value': None, 'change': True}
2020-02-17 17:36:02,697 : EventManager : Event: ======'machine_var_audits_switches_s_trough6'====== Args={'value': 1, 'prev_value': None, 'change': True}
2020-02-17 17:36:02,697 : EventManager : Event: ======'machine_var_audits_switches_s_trough_jam'====== Args={'value': 0, 'prev_value': None, 'change': True}
2020-02-17 17:36:02,730 : EventManager : Event: ======'slides_play'====== Args={'settings': {'welcome_slide': {'target': 'window', 'background_color': [0.0, 0.0, 0.0, 1.0], 'priority': None, 'show': True, 'force': False, 'expire': None, 'slide': None, 'tokens': {}, 'action': 'play'}}, 'context': '_global', 'calling_context': 'init_done', 'priority': 0}
2020-02-17 17:36:02,730 : EventManager : Event: ======'mc_reset_phase_1'====== Args={}
2020-02-17 17:36:02,730 : mpfmc : SlidePlayer: Play called with settings={'welcome_slide': {'target': 'window', 'background_color': [0.0, 0.0, 0.0, 1.0], 'priority': None, 'show': True, 'force': False, 'expire': None, 'slide': None, 'tokens': {}, 'action': 'play'}}
2020-02-17 17:36:02,731 : EventManager : Event: ======'slide_welcome_slide_removed'====== Args={}
2020-02-17 17:36:02,742 : EventManager : Event: ======'slide_welcome_slide_created'====== Args={}
2020-02-17 17:36:02,742 : EventManager : Event: ======'mc_reset_phase_2'====== Args={}
2020-02-17 17:36:02,742 : EventManager : Event: ======'mc_reset_phase_3'====== Args={}
2020-02-17 17:36:02,742 : EventManager : Event: ======'mc_reset_complete'====== Args={}
2020-02-17 17:36:02,743 : EventManager : Event: ======'slide_welcome_slide_active'====== Args={}
2020-02-17 17:36:02,779 : EventManager : Event: ======'slides_play'====== Args={'settings': {'attract_started': {'target': 'window', 'background_color': [0.0, 0.0, 0.0, 1.0], 'priority': None, 'show': True, 'force': False, 'expire': None, 'slide': None, 'tokens': {}, 'action': 'play'}}, 'context': '_global', 'calling_context': 'mode_attract_started', 'priority': 0}
2020-02-17 17:36:02,779 : mpfmc : SlidePlayer: Play called with settings={'attract_started': {'target': 'window', 'background_color': [0.0, 0.0, 0.0, 1.0], 'priority': None, 'show': True, 'force': False, 'expire': None, 'slide': None, 'tokens': {}, 'action': 'play'}}
2020-02-17 17:36:02,789 : EventManager : Event: ======'slide_attract_started_created'====== Args={}
2020-02-17 17:36:02,797 : EventManager : Event: ======'slide_attract_started_active'====== Args={}
2020-02-17 17:36:03,747 : EventManager : Event: ======'game_started'====== Args={}
2020-02-17 17:36:03,747 : EventManager : Event: ======'player_added'====== Args={'player': <Player 1>, 'num': 1}
2020-02-17 17:36:03,748 : EventManager : Event: ======'player_index'====== Args={'value': 0, 'prev_value': 0, 'change': 0, 'player_num': 1}
2020-02-17 17:36:03,748 : EventManager : Event: ======'player_number'====== Args={'value': 1, 'prev_value': 1, 'change': 0, 'player_num': 1}
2020-02-17 17:36:03,748 : EventManager : Event: ======'player_score'====== Args={'value': 0, 'prev_value': 0, 'change': 0, 'player_num': 1}
2020-02-17 17:36:03,748 : EventManager : Event: ======'player_ReceivedDMG'====== Args={'value': 1, 'prev_value': 0, 'change': 1, 'player_num': 1}
2020-02-17 17:36:03,748 : EventManager : Event: ======'player_DMGValue'====== Args={'value': 10000000, 'prev_value': 0, 'change': 10000000, 'player_num': 1}
2020-02-17 17:36:03,749 : EventManager : Event: ======'player_m1shotmade'====== Args={'value': 0, 'prev_value': 0, 'change': 0, 'player_num': 1}
2020-02-17 17:36:03,749 : EventManager : Event: ======'player_m2shotmade'====== Args={'value': 0, 'prev_value': 0, 'change': 0, 'player_num': 1}
2020-02-17 17:36:03,749 : EventManager : Event: ======'player_m3shotmade'====== Args={'value': 0, 'prev_value': 0, 'change': 0, 'player_num': 1}
2020-02-17 17:36:03,749 : EventManager : Event: ======'player_m4shotmade'====== Args={'value': 0, 'prev_value': 0, 'change': 0, 'player_num': 1}
2020-02-17 17:36:03,750 : EventManager : Event: ======'player_m5shotmade'====== Args={'value': 0, 'prev_value': 0, 'change': 0, 'player_num': 1}
2020-02-17 17:36:03,750 : EventManager : Event: ======'player_m6shotmade'====== Args={'value': 0, 'prev_value': 0, 'change': 0, 'player_num': 1}
2020-02-17 17:36:03,763 : EventManager : Event: ======'player_m7shotmade'====== Args={'value': 0, 'prev_value': 0, 'change': 0, 'player_num': 1}
2020-02-17 17:36:03,763 : EventManager : Event: ======'player_m8shotmade'====== Args={'value': 0, 'prev_value': 0, 'change': 0, 'player_num': 1}
2020-02-17 17:36:03,764 : EventManager : Event: ======'player_m9shotmade'====== Args={'value': 0, 'prev_value': 0, 'change': 0, 'player_num': 1}
2020-02-17 17:36:03,764 : EventManager : Event: ======'player_m1_active'====== Args={'value': 0, 'prev_value': 0, 'change': 0, 'player_num': 1}
2020-02-17 17:36:03,764 : EventManager : Event: ======'player_m2_active'====== Args={'value': 0, 'prev_value': 0, 'change': 0, 'player_num': 1}
2020-02-17 17:36:03,764 : EventManager : Event: ======'player_m3_active'====== Args={'value': 0, 'prev_value': 0, 'change': 0, 'player_num': 1}
2020-02-17 17:36:03,764 : EventManager : Event: ======'player_m4_active'====== Args={'value': 0, 'prev_value': 0, 'change': 0, 'player_num': 1}
2020-02-17 17:36:03,764 : EventManager : Event: ======'player_m5_active'====== Args={'value': 0, 'prev_value': 0, 'change': 0, 'player_num': 1}
2020-02-17 17:36:03,764 : EventManager : Event: ======'player_m6_active'====== Args={'value': 0, 'prev_value': 0, 'change': 0, 'player_num': 1}
2020-02-17 17:36:03,764 : EventManager : Event: ======'player_m7_active'====== Args={'value': 0, 'prev_value': 0, 'change': 0, 'player_num': 1}
2020-02-17 17:36:03,764 : EventManager : Event: ======'player_m8_active'====== Args={'value': 0, 'prev_value': 0, 'change': 0, 'player_num': 1}
2020-02-17 17:36:03,764 : EventManager : Event: ======'player_m9_active'====== Args={'value': 0, 'prev_value': 0, 'change': 0, 'player_num': 1}
2020-02-17 17:36:03,764 : EventManager : Event: ======'player_lock_lit_1_state'====== Args={'value': 0, 'prev_value': 0, 'change': 0, 'player_num': 1}
2020-02-17 17:36:03,764 : EventManager : Event: ======'player_lock_lit_2_state'====== Args={'value': 0, 'prev_value': 0, 'change': 0, 'player_num': 1}
2020-02-17 17:36:03,765 : EventManager : Event: ======'player_frezee_started'====== Args={'value': 0, 'prev_value': 0, 'change': 0, 'player_num': 1}
2020-02-17 17:36:03,765 : EventManager : Event: ======'player_timer_height'====== Args={'value': 0.0, 'prev_value': 0, 'change': 0.0, 'player_num': 1}
2020-02-17 17:36:03,765 : EventManager : Event: ======'player_citadel_loaded'====== Args={'value': 0.0, 'prev_value': 0, 'change': 0.0, 'player_num': 1}
2020-02-17 17:36:03,765 : EventManager : Event: ======'player_torpedo_loaded'====== Args={'value': 0.0, 'prev_value': 0, 'change': 0.0, 'player_num': 1}
2020-02-17 17:36:03,780 : EventManager : Event: ======'player_ball'====== Args={'value': 1, 'prev_value': 0, 'change': 1, 'player_num': 1}
2020-02-17 17:36:03,780 : EventManager : Event: ======'player_turn_start'====== Args={'number': 1, 'player': <Player 1>}
2020-02-17 17:36:03,814 : EventManager : Event: ======'slides_play'====== Args={'settings': {'widgets': {'widgets': [{'type': 'text', 'text': '(score)', 'number_grouping': True, 'min_digits': 2, 'font_size': 30, 'color': [1.0, 0.0, 0.0, 1], '_default_settings': ['type', 'text', 'number_grouping', 'min_digits', 'font_size', 'color'], 'x': None, 'y': None, 'anchor_x': 'center', 'anchor_y': 'center', 'round_anchor_x': None, 'round_anchor_y': None, 'opacity': 1.0, 'z': 0, 'reset_animations_events': {}, 'style': [], 'adjust_top': 0, 'adjust_bottom': 0, 'adjust_left': 0, 'adjust_right': 0, 'expire': None, 'key': None, 'widget': None, 'events_when_added': [], 'events_when_removed': [], 'bitmap_font': False, 'font_kerning': True, 'bold': False, 'italic': False, 'halign': 'center', 'valign': 'middle', 'rotation': 0, 'scale': 1.0, 'casing': None, 'animations': None}, {'type': 'text', 'text': 'PLAYER (number)', 'y': '0', 'x': '0', 'font_size': 8, 'anchor_x': 'left', 'anchor_y': 'bottom', 'color': [0.0, 0.0, 1.0, 1], '_default_settings': ['type', 'text', 'y', 'x', 'font_size', 'anchor_x', 'anchor_y', 'color'], 'round_anchor_x': None, 'round_anchor_y': None, 'opacity': 1.0, 'z': 0, 'reset_animations_events': {}, 'style': [], 'adjust_top': 0, 'adjust_bottom': 0, 'adjust_left': 0, 'adjust_right': 0, 'expire': None, 'key': None, 'widget': None, 'events_when_added': [], 'events_when_removed': [], 'bitmap_font': False, 'font_kerning': True, 'bold': False, 'italic': False, 'number_grouping': False, 'min_digits': 0, 'halign': 'center', 'valign': 'middle', 'rotation': 0, 'scale': 1.0, 'casing': None, 'animations': None}, {'type': 'text', 'text': 'BALL (ball)', 'y': '0', 'x': 'right-10', 'anchor_x': 'right', 'anchor_y': 'bottom', 'font_size': 8, 'color': [0.0, 0.5019607843137255, 0.0, 1], '_default_settings': ['type', 'text', 'y', 'x', 'anchor_x', 'anchor_y', 'font_size', 'color'], 'round_anchor_x': None, 'round_anchor_y': None, 'opacity': 1.0, 'z': 0, 'reset_animations_events': {}, 'style': [], 'adjust_top': 0, 'adjust_bottom': 0, 'adjust_left': 0, 'adjust_right': 0, 'expire': None, 'key': None, 'widget': None, 'events_when_added': [], 'events_when_removed': [], 'bitmap_font': False, 'font_kerning': True, 'bold': False, 'italic': False, 'number_grouping': False, 'min_digits': 0, 'halign': 'center', 'valign': 'middle', 'rotation': 0, 'scale': 1.0, 'casing': None, 'animations': None}], 'target': None, 'background_color': [0.0, 0.0, 0.0, 1.0], 'priority': None, 'show': True, 'force': False, 'expire': None, 'slide': None, 'tokens': {}, 'action': 'play'}}, 'context': 'base', 'calling_context': 'mode_base_started', 'priority': 100, 'queue': '<QueuedEvent>', 'player': 1, 'ball': 1, 'balls_remaining': 2, 'is_extra_ball': False}
2020-02-17 17:36:03,814 : mpfmc : SlidePlayer: Play called with settings={'widgets': {'widgets': [{'type': 'text', 'text': '(score)', 'number_grouping': True, 'min_digits': 2, 'font_size': 30, 'color': [1.0, 0.0, 0.0, 1], '_default_settings': ['type', 'text', 'number_grouping', 'min_digits', 'font_size', 'color'], 'x': None, 'y': None, 'anchor_x': 'center', 'anchor_y': 'center', 'round_anchor_x': None, 'round_anchor_y': None, 'opacity': 1.0, 'z': 0, 'reset_animations_events': {}, 'style': [], 'adjust_top': 0, 'adjust_bottom': 0, 'adjust_left': 0, 'adjust_right': 0, 'expire': None, 'key': None, 'widget': None, 'events_when_added': [], 'events_when_removed': [], 'bitmap_font': False, 'font_kerning': True, 'bold': False, 'italic': False, 'halign': 'center', 'valign': 'middle', 'rotation': 0, 'scale': 1.0, 'casing': None, 'animations': None}, {'type': 'text', 'text': 'PLAYER (number)', 'y': '0', 'x': '0', 'font_size': 8, 'anchor_x': 'left', 'anchor_y': 'bottom', 'color': [0.0, 0.0, 1.0, 1], '_default_settings': ['type', 'text', 'y', 'x', 'font_size', 'anchor_x', 'anchor_y', 'color'], 'round_anchor_x': None, 'round_anchor_y': None, 'opacity': 1.0, 'z': 0, 'reset_animations_events': {}, 'style': [], 'adjust_top': 0, 'adjust_bottom': 0, 'adjust_left': 0, 'adjust_right': 0, 'expire': None, 'key': None, 'widget': None, 'events_when_added': [], 'events_when_removed': [], 'bitmap_font': False, 'font_kerning': True, 'bold': False, 'italic': False, 'number_grouping': False, 'min_digits': 0, 'halign': 'center', 'valign': 'middle', 'rotation': 0, 'scale': 1.0, 'casing': None, 'animations': None}, {'type': 'text', 'text': 'BALL (ball)', 'y': '0', 'x': 'right-10', 'anchor_x': 'right', 'anchor_y': 'bottom', 'font_size': 8, 'color': [0.0, 0.5019607843137255, 0.0, 1], '_default_settings': ['type', 'text', 'y', 'x', 'anchor_x', 'anchor_y', 'font_size', 'color'], 'round_anchor_x': None, 'round_anchor_y': None, 'opacity': 1.0, 'z': 0, 'reset_animations_events': {}, 'style': [], 'adjust_top': 0, 'adjust_bottom': 0, 'adjust_left': 0, 'adjust_right': 0, 'expire': None, 'key': None, 'widget': None, 'events_when_added': [], 'events_when_removed': [], 'bitmap_font': False, 'font_kerning': True, 'bold': False, 'italic': False, 'number_grouping': False, 'min_digits': 0, 'halign': 'center', 'valign': 'middle', 'rotation': 0, 'scale': 1.0, 'casing': None, 'animations': None}], 'target': None, 'background_color': [0.0, 0.0, 0.0, 1.0], 'priority': None, 'show': True, 'force': False, 'expire': None, 'slide': None, 'tokens': {}, 'action': 'play'}}
2020-02-17 17:36:03,821 : EventManager : Event: ======'slide_base.slide_player-mode_base_started_created'====== Args={}
2020-02-17 17:36:03,824 : EventManager : Event: ======'slide_base.slide_player-mode_base_started_active'====== Args={}
2020-02-17 17:36:03,830 : EventManager : Event: ======'player_shot_lane_A_enabled'====== Args={'value': True, 'prev_value': 0, 'change': 1, 'player_num': 1}
2020-02-17 17:36:03,831 : EventManager : Event: ======'player_shot_lane_B_enabled'====== Args={'value': True, 'prev_value': 0, 'change': 1, 'player_num': 1}
2020-02-17 17:36:03,831 : EventManager : Event: ======'player_shot_lane_C_enabled'====== Args={'value': True, 'prev_value': 0, 'change': 1, 'player_num': 1}
2020-02-17 17:36:03,831 : EventManager : Event: ======'player_shot_lane_D_enabled'====== Args={'value': True, 'prev_value': 0, 'change': 1, 'player_num': 1}
2020-02-17 17:36:03,831 : EventManager : Event: ======'player_shot_lane_E_enabled'====== Args={'value': True, 'prev_value': 0, 'change': 1, 'player_num': 1}
2020-02-17 17:36:03,831 : EventManager : Event: ======'player_shot_confederate_1_enabled'====== Args={'value': True, 'prev_value': 0, 'change': 1, 'player_num': 1}
2020-02-17 17:36:03,831 : EventManager : Event: ======'player_shot_confederate_2_enabled'====== Args={'value': True, 'prev_value': 0, 'change': 1, 'player_num': 1}
2020-02-17 17:36:03,831 : EventManager : Event: ======'player_shot_confederate_3_enabled'====== Args={'value': True, 'prev_value': 0, 'change': 1, 'player_num': 1}
2020-02-17 17:36:03,831 : EventManager : Event: ======'player_shot_confederate_4_enabled'====== Args={'value': True, 'prev_value': 0, 'change': 1, 'player_num': 1}
2020-02-17 17:36:03,831 : EventManager : Event: ======'player_shot_confederate_5_enabled'====== Args={'value': True, 'prev_value': 0, 'change': 1, 'player_num': 1}
2020-02-17 17:36:03,831 : EventManager : Event: ======'player_shot_confederate_6_enabled'====== Args={'value': True, 'prev_value': 0, 'change': 1, 'player_num': 1}
2020-02-17 17:36:03,832 : EventManager : Event: ======'player_shot_ricochet_1_enabled'====== Args={'value': True, 'prev_value': 0, 'change': 1, 'player_num': 1}
2020-02-17 17:36:03,832 : EventManager : Event: ======'player_shot_ricochet_2_enabled'====== Args={'value': True, 'prev_value': 0, 'change': 1, 'player_num': 1}
2020-02-17 17:36:03,832 : EventManager : Event: ======'player_shot_ricochet_3_enabled'====== Args={'value': True, 'prev_value': 0, 'change': 1, 'player_num': 1}
2020-02-17 17:36:03,832 : EventManager : Event: ======'player_shot_ricochet_4_enabled'====== Args={'value': True, 'prev_value': 0, 'change': 1, 'player_num': 1}
2020-02-17 17:36:03,832 : EventManager : Event: ======'player_shot_ricochet_5_enabled'====== Args={'value': True, 'prev_value': 0, 'change': 1, 'player_num': 1}
2020-02-17 17:36:03,832 : EventManager : Event: ======'player_shot_lock_lit_1_enabled'====== Args={'value': True, 'prev_value': 0, 'change': 1, 'player_num': 1}
2020-02-17 17:36:03,832 : EventManager : Event: ======'player_shot_lock_lit_2_enabled'====== Args={'value': True, 'prev_value': 0, 'change': 1, 'player_num': 1}
2020-02-17 17:36:03,879 : EventManager : Event: ======'slides_play'====== Args={'settings': {'widgets': {'widgets': [{'type': 'text', 'text': '(score)', 'number_grouping': True, 'min_digits': 2, 'font_size': 30, 'color': [1.0, 0.0, 0.0, 1], '_default_settings': ['type', 'text', 'number_grouping', 'min_digits', 'font_size', 'color'], 'x': None, 'y': None, 'anchor_x': 'center', 'anchor_y': 'center', 'round_anchor_x': None, 'round_anchor_y': None, 'opacity': 1.0, 'z': 0, 'reset_animations_events': {}, 'style': [], 'adjust_top': 0, 'adjust_bottom': 0, 'adjust_left': 0, 'adjust_right': 0, 'expire': None, 'key': None, 'widget': None, 'events_when_added': [], 'events_when_removed': [], 'bitmap_font': False, 'font_kerning': True, 'bold': False, 'italic': False, 'halign': 'center', 'valign': 'middle', 'rotation': 0, 'scale': 1.0, 'casing': None, 'animations': None}, {'type': 'text', 'text': 'PLAYER (number)', 'y': '0', 'x': '0', 'font_size': 8, 'anchor_x': 'left', 'anchor_y': 'bottom', 'color': [0.0, 0.0, 1.0, 1], '_default_settings': ['type', 'text', 'y', 'x', 'font_size', 'anchor_x', 'anchor_y', 'color'], 'round_anchor_x': None, 'round_anchor_y': None, 'opacity': 1.0, 'z': 0, 'reset_animations_events': {}, 'style': [], 'adjust_top': 0, 'adjust_bottom': 0, 'adjust_left': 0, 'adjust_right': 0, 'expire': None, 'key': None, 'widget': None, 'events_when_added': [], 'events_when_removed': [], 'bitmap_font': False, 'font_kerning': True, 'bold': False, 'italic': False, 'number_grouping': False, 'min_digits': 0, 'halign': 'center', 'valign': 'middle', 'rotation': 0, 'scale': 1.0, 'casing': None, 'animations': None}, {'type': 'text', 'text': 'BALL (citadel_loaded)', 'y': '0', 'x': 'right-10', 'anchor_x': 'right', 'anchor_y': 'bottom', 'font_size': 8, 'color': [0.0, 0.5019607843137255, 0.0, 1], '_default_settings': ['type', 'text', 'y', 'x', 'anchor_x', 'anchor_y', 'font_size', 'color'], 'round_anchor_x': None, 'round_anchor_y': None, 'opacity': 1.0, 'z': 0, 'reset_animations_events': {}, 'style': [], 'adjust_top': 0, 'adjust_bottom': 0, 'adjust_left': 0, 'adjust_right': 0, 'expire': None, 'key': None, 'widget': None, 'events_when_added': [], 'events_when_removed': [], 'bitmap_font': False, 'font_kerning': True, 'bold': False, 'italic': False, 'number_grouping': False, 'min_digits': 0, 'halign': 'center', 'valign': 'middle', 'rotation': 0, 'scale': 1.0, 'casing': None, 'animations': None}], 'target': None, 'background_color': [0.0, 0.0, 0.0, 1.0], 'priority': None, 'show': True, 'force': False, 'expire': None, 'slide': None, 'tokens': {}, 'action': 'play'}}, 'context': 'battle', 'calling_context': 'mode_battle_started', 'priority': 300, 'player': 1, 'ball': 1, 'balls_remaining': 2, 'is_extra_ball': False}
2020-02-17 17:36:03,880 : mpfmc : SlidePlayer: Play called with settings={'widgets': {'widgets': [{'type': 'text', 'text': '(score)', 'number_grouping': True, 'min_digits': 2, 'font_size': 30, 'color': [1.0, 0.0, 0.0, 1], '_default_settings': ['type', 'text', 'number_grouping', 'min_digits', 'font_size', 'color'], 'x': None, 'y': None, 'anchor_x': 'center', 'anchor_y': 'center', 'round_anchor_x': None, 'round_anchor_y': None, 'opacity': 1.0, 'z': 0, 'reset_animations_events': {}, 'style': [], 'adjust_top': 0, 'adjust_bottom': 0, 'adjust_left': 0, 'adjust_right': 0, 'expire': None, 'key': None, 'widget': None, 'events_when_added': [], 'events_when_removed': [], 'bitmap_font': False, 'font_kerning': True, 'bold': False, 'italic': False, 'halign': 'center', 'valign': 'middle', 'rotation': 0, 'scale': 1.0, 'casing': None, 'animations': None}, {'type': 'text', 'text': 'PLAYER (number)', 'y': '0', 'x': '0', 'font_size': 8, 'anchor_x': 'left', 'anchor_y': 'bottom', 'color': [0.0, 0.0, 1.0, 1], '_default_settings': ['type', 'text', 'y', 'x', 'font_size', 'anchor_x', 'anchor_y', 'color'], 'round_anchor_x': None, 'round_anchor_y': None, 'opacity': 1.0, 'z': 0, 'reset_animations_events': {}, 'style': [], 'adjust_top': 0, 'adjust_bottom': 0, 'adjust_left': 0, 'adjust_right': 0, 'expire': None, 'key': None, 'widget': None, 'events_when_added': [], 'events_when_removed': [], 'bitmap_font': False, 'font_kerning': True, 'bold': False, 'italic': False, 'number_grouping': False, 'min_digits': 0, 'halign': 'center', 'valign': 'middle', 'rotation': 0, 'scale': 1.0, 'casing': None, 'animations': None}, {'type': 'text', 'text': 'BALL (citadel_loaded)', 'y': '0', 'x': 'right-10', 'anchor_x': 'right', 'anchor_y': 'bottom', 'font_size': 8, 'color': [0.0, 0.5019607843137255, 0.0, 1], '_default_settings': ['type', 'text', 'y', 'x', 'anchor_x', 'anchor_y', 'font_size', 'color'], 'round_anchor_x': None, 'round_anchor_y': None, 'opacity': 1.0, 'z': 0, 'reset_animations_events': {}, 'style': [], 'adjust_top': 0, 'adjust_bottom': 0, 'adjust_left': 0, 'adjust_right': 0, 'expire': None, 'key': None, 'widget': None, 'events_when_added': [], 'events_when_removed': [], 'bitmap_font': False, 'font_kerning': True, 'bold': False, 'italic': False, 'number_grouping': False, 'min_digits': 0, 'halign': 'center', 'valign': 'middle', 'rotation': 0, 'scale': 1.0, 'casing': None, 'animations': None}], 'target': None, 'background_color': [0.0, 0.0, 0.0, 1.0], 'priority': None, 'show': True, 'force': False, 'expire': None, 'slide': None, 'tokens': {}, 'action': 'play'}}
2020-02-17 17:36:03,884 : EventManager : Event: ======'slide_battle.slide_player-mode_battle_started_created'====== Args={}
2020-02-17 17:36:03,887 : EventManager : Event: ======'slide_battle.slide_player-mode_battle_started_active'====== Args={}
2020-02-17 17:36:04,013 : EventManager : Event: ======'machine_var_audits_switches_s_plunger'====== Args={'value': 289, 'prev_value': 288, 'change': 1}
2020-02-17 17:36:08,630 : EventManager : Event: ======'machine_var_audits_switches_s_side_ramp_made'====== Args={'value': 3, 'prev_value': 2, 'change': 1}
2020-02-17 17:36:08,646 : EventManager : Event: ======'player_citadel_number'====== Args={'value': 1, 'prev_value': 0, 'change': 1, 'player_num': 1}
2020-02-17 17:36:08,646 : EventManager : Event: ======'player_torpedo_number'====== Args={'value': 1, 'prev_value': 0, 'change': 1, 'player_num': 1}
2020-02-17 17:36:09,514 : EventManager : Event: ======'machine_var_audits_switches_s_side_ramp_made'====== Args={'value': 4, 'prev_value': 3, 'change': 1}
2020-02-17 17:36:10,131 : EventManager : Event: ======'machine_var_audits_switches_s_side_ramp_made'====== Args={'value': 5, 'prev_value': 4, 'change': 1}
2020-02-17 17:36:10,780 : EventManager : Event: ======'machine_var_audits_switches_s_side_ramp_made'====== Args={'value': 6, 'prev_value': 5, 'change': 1}
2020-02-17 17:36:11,497 : EventManager : Event: ======'machine_var_audits_switches_s_side_ramp_made'====== Args={'value': 7, 'prev_value': 6, 'change': 1}
2020-02-17 17:36:12,080 : EventManager : Event: ======'machine_var_audits_switches_s_side_ramp_made'====== Args={'value': 8, 'prev_value': 7, 'change': 1}
2020-02-17 17:36:13,363 : EventManager : Event: ======'machine_var_audits_switches_s_side_ramp_made'====== Args={'value': 9, 'prev_value': 8, 'change': 1}
2020-02-17 17:36:13,697 : EventManager : Event: ======'machine_var_audits_switches_s_side_ramp_made'====== Args={'value': 10, 'prev_value': 9, 'change': 1}
2020-02-17 17:36:13,980 : EventManager : Event: ======'machine_var_audits_switches_s_side_ramp_made'====== Args={'value': 11, 'prev_value': 10, 'change': 1}
2020-02-17 17:36:14,547 : EventManager : Event: ======'machine_var_audits_switches_s_side_ramp_made'====== Args={'value': 12, 'prev_value': 11, 'change': 1}
2020-02-17 17:36:17,531 : EventManager : Event: ======'machine_var_audits_switches_s_right_ramp_made'====== Args={'value': 33, 'prev_value': 32, 'change': 1}
2020-02-17 17:36:17,531 : EventManager : Event: ======'player_shot_confederate_6'====== Args={'value': 1, 'prev_value': 0, 'change': 1, 'player_num': 1}
2020-02-17 17:36:17,531 : EventManager : Event: ======'machine_var_audits_shots_confederate_6'====== Args={'value': 17, 'prev_value': 16, 'change': 1}
2020-02-17 17:36:17,547 : EventManager : Event: ======'player_shot_lock_lit_2'====== Args={'value': 1, 'prev_value': 0, 'change': 1, 'player_num': 1}
2020-02-17 17:36:17,547 : EventManager : Event: ======'machine_var_audits_shots_lock_lit_2'====== Args={'value': 18, 'prev_value': 17, 'change': 1}
2020-02-17 17:36:17,748 : EventManager : Event: ======'machine_var_audits_switches_s_right_ramp_made'====== Args={'value': 34, 'prev_value': 33, 'change': 1}
2020-02-17 17:36:17,748 : EventManager : Event: ======'player_shot_confederate_6'====== Args={'value': 2, 'prev_value': 1, 'change': 1, 'player_num': 1}
2020-02-17 17:36:17,748 : EventManager : Event: ======'machine_var_audits_shots_confederate_6'====== Args={'value': 18, 'prev_value': 17, 'change': 1}
2020-02-17 17:36:17,764 : EventManager : Event: ======'machine_var_audits_shots_lock_lit_2'====== Args={'value': 19, 'prev_value': 18, 'change': 1}
2020-02-17 17:36:18,031 : EventManager : Event: ======'machine_var_audits_switches_s_right_ramp_made'====== Args={'value': 35, 'prev_value': 34, 'change': 1}
2020-02-17 17:36:18,031 : EventManager : Event: ======'machine_var_audits_shots_confederate_6'====== Args={'value': 19, 'prev_value': 18, 'change': 1}
2020-02-17 17:36:18,031 : EventManager : Event: ======'machine_var_audits_shots_lock_lit_2'====== Args={'value': 20, 'prev_value': 19, 'change': 1}
2020-02-17 17:36:18,214 : EventManager : Event: ======'machine_var_audits_switches_s_right_ramp_made'====== Args={'value': 36, 'prev_value': 35, 'change': 1}
2020-02-17 17:36:18,214 : EventManager : Event: ======'machine_var_audits_shots_confederate_6'====== Args={'value': 20, 'prev_value': 19, 'change': 1}
2020-02-17 17:36:18,214 : EventManager : Event: ======'machine_var_audits_shots_lock_lit_2'====== Args={'value': 21, 'prev_value': 20, 'change': 1}
2020-02-17 17:36:18,414 : EventManager : Event: ======'machine_var_audits_switches_s_right_ramp_made'====== Args={'value': 37, 'prev_value': 36, 'change': 1}
2020-02-17 17:36:18,414 : EventManager : Event: ======'machine_var_audits_shots_confederate_6'====== Args={'value': 21, 'prev_value': 20, 'change': 1}
2020-02-17 17:36:18,414 : EventManager : Event: ======'machine_var_audits_shots_lock_lit_2'====== Args={'value': 22, 'prev_value': 21, 'change': 1}
2020-02-17 17:36:18,747 : EventManager : Event: ======'machine_var_audits_switches_s_right_ramp_made'====== Args={'value': 38, 'prev_value': 37, 'change': 1}
2020-02-17 17:36:18,747 : EventManager : Event: ======'machine_var_audits_shots_confederate_6'====== Args={'value': 22, 'prev_value': 21, 'change': 1}
2020-02-17 17:36:18,764 : EventManager : Event: ======'machine_var_audits_shots_lock_lit_2'====== Args={'value': 23, 'prev_value': 22, 'change': 1}
2020-02-17 17:36:19,031 : EventManager : Event: ======'machine_var_audits_switches_s_right_ramp_made'====== Args={'value': 39, 'prev_value': 38, 'change': 1}
2020-02-17 17:36:19,031 : EventManager : Event: ======'machine_var_audits_shots_confederate_6'====== Args={'value': 23, 'prev_value': 22, 'change': 1}
2020-02-17 17:36:19,031 : EventManager : Event: ======'machine_var_audits_shots_lock_lit_2'====== Args={'value': 24, 'prev_value': 23, 'change': 1}
2020-02-17 17:36:19,281 : EventManager : Event: ======'machine_var_audits_switches_s_right_ramp_made'====== Args={'value': 40, 'prev_value': 39, 'change': 1}
2020-02-17 17:36:19,281 : EventManager : Event: ======'machine_var_audits_shots_confederate_6'====== Args={'value': 24, 'prev_value': 23, 'change': 1}
2020-02-17 17:36:19,281 : EventManager : Event: ======'machine_var_audits_shots_lock_lit_2'====== Args={'value': 25, 'prev_value': 24, 'change': 1}
2020-02-17 17:36:19,565 : EventManager : Event: ======'machine_var_audits_switches_s_right_ramp_made'====== Args={'value': 41, 'prev_value': 40, 'change': 1}
2020-02-17 17:36:19,565 : EventManager : Event: ======'machine_var_audits_shots_confederate_6'====== Args={'value': 25, 'prev_value': 24, 'change': 1}
2020-02-17 17:36:19,565 : EventManager : Event: ======'machine_var_audits_shots_lock_lit_2'====== Args={'value': 26, 'prev_value': 25, 'change': 1}
2020-02-17 17:36:19,831 : EventManager : Event: ======'machine_var_audits_switches_s_right_ramp_made'====== Args={'value': 42, 'prev_value': 41, 'change': 1}
2020-02-17 17:36:19,831 : EventManager : Event: ======'machine_var_audits_shots_confederate_6'====== Args={'value': 26, 'prev_value': 25, 'change': 1}
2020-02-17 17:36:19,831 : EventManager : Event: ======'machine_var_audits_shots_lock_lit_2'====== Args={'value': 27, 'prev_value': 26, 'change': 1}
2020-02-17 17:37:09,246 : kivy : WindowSDL: exiting mainloop and closing.
2020-02-17 17:37:09,350 : kivy : Base: Leaving application in progress...
2020-02-17 17:37:09,350 : mpfmc : Stopping...
2020-02-17 17:37:09,350 : EventManager : Event: ======'shutdown'====== Args={}
2020-02-17 17:37:09,351 : mpfmc : Loop rate 53.87 Hz
2020-02-17 17:37:09,351 : kivy : MC run loop ended.
2020-02-17 17:37:09,351 : kivy : Stopping child threads... (3 remaining)
2020-02-17 17:37:10,196 : mpfmc : Stopping...
2020-02-17 17:37:10,196 : EventManager : Event: ======'shutdown'====== Args={}
2020-02-17 17:37:10,196 : mpfmc : Loop rate 53.21 Hz
2020-02-17 17:37:10,203 : MPF-MC BCP Server : Stopping BCP sending thread
2020-02-17 17:37:10,252 : kivy : All child threads stopped.
