2020-12-27 15:10:57,750 : kivy : Factory: 184 symbols loaded
2020-12-27 15:10:57,861 : kivy : ImageLoaderFFPy: Using ffpyplayer 4.3.1
2020-12-27 15:10:57,861 : kivy : Image: Providers: img_tex, img_dds, img_sdl2, img_pil, img_ffpyplayer, img_gif 
2020-12-27 15:10:57,908 : kivy : VideoGstplayer: Using Gstreamer 1.16.0.0
2020-12-27 15:10:57,909 : kivy : Video: Provider: gstplayer
2020-12-27 15:10:57,973 : kivy : Loading MPF-MC controller
2020-12-27 15:10:57,975 : YamlMultifileConfigLoader : Machine config file #1: config
2020-12-27 15:10:57,976 : ConfigProcessor : Config file in cache changed: E:\MPF\wows\wows\config\config
2020-12-27 15:10:57,976 : ConfigProcessor : Loading config from file c:\users\schol\appdata\local\programs\python\python36\lib\site-packages\mpfmc\mcconfig.yaml.
2020-12-27 15:10:58,013 : ConfigProcessor : Loading config: c:\users\schol\appdata\local\programs\python\python36\lib\site-packages\mpfmc\mcconfig.yaml
2020-12-27 15:10:58,014 : ConfigProcessor : Loading config from file E:\MPF\wows\wows\config\config.
2020-12-27 15:10:58,193 : ConfigProcessor : Loading config: E:\MPF\wows\wows\config\config
2020-12-27 15:10:58,229 : ConfigProcessor : Loading config: E:\MPF\wows\wows\config\config_mode_support.yaml
2020-12-27 15:10:58,255 : ConfigProcessor : Loading config: E:\MPF\wows\wows\config\config_hc_support.yaml
2020-12-27 15:10:58,261 : ConfigProcessor : Config file cache created: C:\Users\schol\AppData\Local\Temp\051200dc57c22661ccd061bb2017f3a6.mpf_cache
2020-12-27 15:10:58,261 : ConfigProcessor : Loading config from cache: C:\Users\schol\AppData\Local\Temp\d7d60495530237b374578b281bb65f31.mpf_cache
2020-12-27 15:10:58,262 : ConfigProcessor : Loading config from cache: C:\Users\schol\AppData\Local\Temp\cd9adc04f71a18563c8a43d82180f6f2.mpf_cache
2020-12-27 15:10:58,262 : ConfigProcessor : Loading config from cache: C:\Users\schol\AppData\Local\Temp\d7d60495530237b374578b281bb65f31.mpf_cache
2020-12-27 15:10:58,263 : ConfigProcessor : Loading config from cache: C:\Users\schol\AppData\Local\Temp\4bea832e3562a43fbe38f9764d71c298.mpf_cache
2020-12-27 15:10:58,263 : ConfigProcessor : Loading config from cache: C:\Users\schol\AppData\Local\Temp\45b3b9aa5591eaef8a230445e70fa468.mpf_cache
2020-12-27 15:10:58,264 : ConfigProcessor : Loading config from cache: C:\Users\schol\AppData\Local\Temp\dec453850496132f8dddcdfa0a36feb5.mpf_cache
2020-12-27 15:10:58,264 : ConfigProcessor : Loading config from cache: C:\Users\schol\AppData\Local\Temp\72e9fea1cb562e40024eb5e8538ccaf2.mpf_cache
2020-12-27 15:10:58,264 : ConfigProcessor : Loading config from cache: C:\Users\schol\AppData\Local\Temp\1ff29be1d22fb14fe5fd1c82a6918df4.mpf_cache
2020-12-27 15:10:58,264 : ConfigProcessor : Loading config from cache: C:\Users\schol\AppData\Local\Temp\f0ffd5ecaddfe34035bf3b1779215a88.mpf_cache
2020-12-27 15:10:58,265 : ConfigProcessor : Loading config from cache: C:\Users\schol\AppData\Local\Temp\b0de444617e3bf30a07f755a6d4831cc.mpf_cache
2020-12-27 15:10:58,265 : ConfigProcessor : Loading config from cache: C:\Users\schol\AppData\Local\Temp\200a9b2dddbe7706ffb4c4426b6d54a8.mpf_cache
2020-12-27 15:10:58,265 : ConfigProcessor : Loading config from cache: C:\Users\schol\AppData\Local\Temp\5ab98d4be1e8de85bea62364890eb2e9.mpf_cache
2020-12-27 15:10:58,266 : ConfigProcessor : Loading config from cache: C:\Users\schol\AppData\Local\Temp\4303dca7489148da2d256fc831cf8c96.mpf_cache
2020-12-27 15:10:58,266 : ConfigProcessor : Loading config from cache: C:\Users\schol\AppData\Local\Temp\e8fceecd8f65a6a7269e98c7961bbf6a.mpf_cache
2020-12-27 15:10:58,267 : ConfigProcessor : Loading config from cache: C:\Users\schol\AppData\Local\Temp\c84d6d08bf6f923cbcccfeeea02d2c8a.mpf_cache
2020-12-27 15:10:58,267 : ConfigProcessor : Loading config from cache: C:\Users\schol\AppData\Local\Temp\159a0b7ffc6de2ed1a8cdcd57b7df3c0.mpf_cache
2020-12-27 15:10:58,268 : ConfigProcessor : Loading config from cache: C:\Users\schol\AppData\Local\Temp\b1234e2c44a33609dc2af4760c4a3f89.mpf_cache
2020-12-27 15:10:58,268 : ConfigProcessor : Loading config from cache: C:\Users\schol\AppData\Local\Temp\466eddfec572894d9eb472ce07aa5fba.mpf_cache
2020-12-27 15:10:58,269 : ConfigProcessor : Loading config from cache: C:\Users\schol\AppData\Local\Temp\93429a2a8e0859f6546b68f40c2a4656.mpf_cache
2020-12-27 15:10:58,269 : ConfigProcessor : Loading config from cache: C:\Users\schol\AppData\Local\Temp\95ae88fb094583fa2b4097c6df179650.mpf_cache
2020-12-27 15:10:58,270 : ConfigProcessor : Loading config from cache: C:\Users\schol\AppData\Local\Temp\de2d3fc178b15ce3807fa4ab35b9c965.mpf_cache
2020-12-27 15:10:58,270 : ConfigProcessor : Loading config from cache: C:\Users\schol\AppData\Local\Temp\0c80ca2179989d09b86c78c19ec87d9b.mpf_cache
2020-12-27 15:10:58,271 : ConfigProcessor : Loading config from cache: C:\Users\schol\AppData\Local\Temp\95e265efe14e4eb05d8d5c5689c9ae6b.mpf_cache
2020-12-27 15:10:58,271 : ConfigProcessor : Loading config from cache: C:\Users\schol\AppData\Local\Temp\ba047bbdc168fca96d58d351c4240916.mpf_cache
2020-12-27 15:10:58,272 : ConfigProcessor : Loading config from cache: C:\Users\schol\AppData\Local\Temp\7c1900736275ba8a713cfe77e991e929.mpf_cache
2020-12-27 15:10:58,272 : ConfigProcessor : Loading config from cache: C:\Users\schol\AppData\Local\Temp\db3d1ab92e5d5c563b40d82372434517.mpf_cache
2020-12-27 15:10:58,272 : ConfigProcessor : Loading config from cache: C:\Users\schol\AppData\Local\Temp\78980531363184480bbd7075661ced33.mpf_cache
2020-12-27 15:10:58,273 : ConfigProcessor : Loading config from cache: C:\Users\schol\AppData\Local\Temp\efcf079e5af2b94e88dae4e07273acc8.mpf_cache
2020-12-27 15:10:58,273 : mpfmc : Mission Pinball Framework Media Controller v0.54.0-dev.7
2020-12-27 15:10:58,273 : mpfmc : Mission Pinball Framework Game Engine v0.54.0-dev.33
2020-12-27 15:10:58,273 : mpfmc : Machine path: E:\MPF\wows\wows
2020-12-27 15:10:58,273 : mpfmc : Starting clock at 60.0Hz
2020-12-27 15:10:58,286 : kivy : Text: Provider: sdl2
2020-12-27 15:10:58,324 : kivy : Window: Provider: sdl2
2020-12-27 15:10:58,503 : kivy : GL: Using the "OpenGL" graphics system
2020-12-27 15:10:58,509 : kivy : GL: GLEW initialization succeeded
2020-12-27 15:10:58,510 : kivy : GL: Backend used <glew>
2020-12-27 15:10:58,510 : kivy : GL: OpenGL version <b'4.6.0 NVIDIA 456.71'>
2020-12-27 15:10:58,510 : kivy : GL: OpenGL vendor <b'NVIDIA Corporation'>
2020-12-27 15:10:58,510 : kivy : GL: OpenGL renderer <b'GeForce GTX 1060 6GB/PCIe/SSE2'>
2020-12-27 15:10:58,510 : kivy : GL: OpenGL parsed version: 4, 6
2020-12-27 15:10:58,510 : kivy : GL: Shading version <b'4.60 NVIDIA'>
2020-12-27 15:10:58,510 : kivy : GL: Texture max size <32768>
2020-12-27 15:10:58,510 : kivy : GL: Texture max units <32>
2020-12-27 15:10:58,529 : kivy : Window: auto add sdl2 input provider
2020-12-27 15:10:58,529 : kivy : Window: virtual keyboard not allowed, single mode, not docked
2020-12-27 15:10:58,751 : AudioInterface : Initialized
2020-12-27 15:10:58,754 : kivy : Base: Start application main loop
2020-12-27 15:10:58,754 : EventManager : Event: ======'display_dmd_initialized'====== Args={}
2020-12-27 15:10:58,819 : mpfmc : Display: Setting 'dmd' as default display
2020-12-27 15:10:58,824 : kivy : GL: NPOT texture support is available
2020-12-27 15:10:58,834 : EventManager : Event: ======'displays_initialized'====== Args={}
2020-12-27 15:10:58,835 : EventManager : Event: ======'slide_dmd_blank_created'====== Args={}
2020-12-27 15:10:58,835 : EventManager : Event: ======'display_dmd_ready'====== Args={}
2020-12-27 15:10:58,845 : EventManager : Event: ======'init_phase_1'====== Args={}
2020-12-27 15:10:58,850 : EventManager : Event: ======'mc_ready'====== Args={}
2020-12-27 15:10:58,850 : EventManager : Event: ======'init_phase_2'====== Args={}
2020-12-27 15:10:58,881 : kivy : Base: Leaving application in progress...
2020-12-27 15:10:58,881 : kivy : Exception while processing RegisteredHandler(callback=<bound method ModeController._load_modes of <mpfmc.core.mode_controller.ModeController object at 0x000001E313E1F1D0>>, priority=1, kwargs={}, key=UUID('ebf20754-e949-4042-b149-db9c50c33763'), condition=None, blocking_facility=None) for event init_phase_2
Traceback (most recent call last):
  File "c:\users\schol\appdata\local\programs\python\python36\lib\site-packages\mpf\core\events.py", line 680, in _run_handlers
    result = handler.callback(**merged_kwargs)
  File "c:\users\schol\appdata\local\programs\python\python36\lib\site-packages\mpfmc\core\mode_controller.py", line 71, in _load_modes
    **item.kwargs)
  File "c:\users\schol\appdata\local\programs\python\python36\lib\site-packages\mpf\core\config_player.py", line 133, in process_mode_config
    config = self.validate_config(config)
  File "c:\users\schol\appdata\local\programs\python\python36\lib\site-packages\mpfmc\config_players\slide_player.py", line 263, in validate_config
    self._validate_config_item(slide, slide_settings))
  File "c:\users\schol\appdata\local\programs\python\python36\lib\site-packages\mpfmc\config_players\slide_player.py", line 285, in _validate_config_item
    raise AssertionError("Slide {} not found".format(slide))
AssertionError: Slide sh_mode_7_shot_made not found

The above exception was the direct cause of the following exception:

Traceback (most recent call last):
  File "c:\users\schol\appdata\local\programs\python\python36\lib\site-packages\mpfmc\commands\mc.py", line 224, in __init__
    thread_stopper=thread_stopper).run()
  File "c:\users\schol\appdata\local\programs\python\python36\lib\site-packages\kivy\app.py", line 855, in run
    runTouchApp()
  File "c:\users\schol\appdata\local\programs\python\python36\lib\site-packages\kivy\base.py", line 504, in runTouchApp
    EventLoop.window.mainloop()
  File "c:\users\schol\appdata\local\programs\python\python36\lib\site-packages\kivy\core\window\window_sdl2.py", line 747, in mainloop
    self._mainloop()
  File "c:\users\schol\appdata\local\programs\python\python36\lib\site-packages\kivy\core\window\window_sdl2.py", line 479, in _mainloop
    EventLoop.idle()
  File "c:\users\schol\appdata\local\programs\python\python36\lib\site-packages\kivy\base.py", line 339, in idle
    Clock.tick()
  File "c:\users\schol\appdata\local\programs\python\python36\lib\site-packages\kivy\clock.py", line 591, in tick
    self._process_events()
  File "kivy\_clock.pyx", line 384, in kivy._clock.CyClockBase._process_events
  File "kivy\_clock.pyx", line 414, in kivy._clock.CyClockBase._process_events
  File "kivy\_clock.pyx", line 412, in kivy._clock.CyClockBase._process_events
  File "kivy\_clock.pyx", line 167, in kivy._clock.ClockEvent.tick
  File "c:\users\schol\appdata\local\programs\python\python36\lib\site-packages\mpfmc\uix\display.py", line 208, in _displays_initialized
    self.mc.displays_initialized()
  File "c:\users\schol\appdata\local\programs\python\python36\lib\site-packages\mpfmc\core\mc.py", line 348, in displays_initialized
    self._init()
  File "c:\users\schol\appdata\local\programs\python\python36\lib\site-packages\mpfmc\core\mc.py", line 393, in _init
    self.events.process_event_queue()
  File "c:\users\schol\appdata\local\programs\python\python36\lib\site-packages\mpf\core\events.py", line 767, in process_event_queue
    **event[3])
  File "c:\users\schol\appdata\local\programs\python\python36\lib\site-packages\mpf\core\events.py", line 726, in _process_event
    result = self._run_handlers(event, ev_type, kwargs)
  File "c:\users\schol\appdata\local\programs\python\python36\lib\site-packages\mpf\core\events.py", line 682, in _run_handlers
    raise Exception("Exception while processing {} for event {}".format(handler, event)) from e
Exception: Exception while processing RegisteredHandler(callback=<bound method ModeController._load_modes of <mpfmc.core.mode_controller.ModeController object at 0x000001E313E1F1D0>>, priority=1, kwargs={}, key=UUID('ebf20754-e949-4042-b149-db9c50c33763'), condition=None, blocking_facility=None) for event init_phase_2
2020-12-27 15:10:58,886 : kivy : Stopping child threads... (1 remaining)
2020-12-27 15:10:59,790 : kivy : All child threads stopped.
