2020-05-23 17:59:05,976 : kivy : Factory: 184 symbols loaded
2020-05-23 17:59:06,079 : kivy : ImageLoaderFFPy: Using ffpyplayer 4.3.1
2020-05-23 17:59:06,080 : kivy : Image: Providers: img_tex, img_dds, img_sdl2, img_pil, img_ffpyplayer, img_gif 
2020-05-23 17:59:06,125 : kivy : VideoGstplayer: Using Gstreamer 1.16.0.0
2020-05-23 17:59:06,125 : kivy : Video: Provider: gstplayer
2020-05-23 17:59:06,191 : kivy : Loading MPF-MC controller
2020-05-23 17:59:06,193 : YamlMultifileConfigLoader : Machine config file #1: config
2020-05-23 17:59:06,194 : ConfigProcessor : Config file in cache changed: E:\MPF\wows\wows\config\config
2020-05-23 17:59:06,194 : ConfigProcessor : Loading config from file c:\users\schol\appdata\local\programs\python\python36\lib\site-packages\mpfmc\mcconfig.yaml.
2020-05-23 17:59:06,232 : ConfigProcessor : Loading config: c:\users\schol\appdata\local\programs\python\python36\lib\site-packages\mpfmc\mcconfig.yaml
2020-05-23 17:59:06,233 : ConfigProcessor : Loading config from file E:\MPF\wows\wows\config\config.
2020-05-23 17:59:06,366 : ConfigProcessor : Loading config: E:\MPF\wows\wows\config\config
2020-05-23 17:59:06,368 : ConfigProcessor : Config file cache created: C:\Users\schol\AppData\Local\Temp\051200dc57c22661ccd061bb2017f3a6.mpf_cache
2020-05-23 17:59:06,368 : ConfigProcessor : Loading config from cache: C:\Users\schol\AppData\Local\Temp\d7d60495530237b374578b281bb65f31.mpf_cache
2020-05-23 17:59:06,369 : ConfigProcessor : Loading config from cache: C:\Users\schol\AppData\Local\Temp\5c4497fcd69d1d656c4b69a28e44c490.mpf_cache
2020-05-23 17:59:06,369 : ConfigProcessor : Loading config from cache: C:\Users\schol\AppData\Local\Temp\d7d60495530237b374578b281bb65f31.mpf_cache
2020-05-23 17:59:06,369 : ConfigProcessor : Loading config from cache: C:\Users\schol\AppData\Local\Temp\dec453850496132f8dddcdfa0a36feb5.mpf_cache
2020-05-23 17:59:06,370 : ConfigProcessor : Loading config from cache: C:\Users\schol\AppData\Local\Temp\72e9fea1cb562e40024eb5e8538ccaf2.mpf_cache
2020-05-23 17:59:06,370 : ConfigProcessor : Loading config from cache: C:\Users\schol\AppData\Local\Temp\1ff29be1d22fb14fe5fd1c82a6918df4.mpf_cache
2020-05-23 17:59:06,371 : ConfigProcessor : Loading config from cache: C:\Users\schol\AppData\Local\Temp\b0de444617e3bf30a07f755a6d4831cc.mpf_cache
2020-05-23 17:59:06,371 : ConfigProcessor : Loading config from cache: C:\Users\schol\AppData\Local\Temp\200a9b2dddbe7706ffb4c4426b6d54a8.mpf_cache
2020-05-23 17:59:06,371 : ConfigProcessor : Loading config from cache: C:\Users\schol\AppData\Local\Temp\5ab98d4be1e8de85bea62364890eb2e9.mpf_cache
2020-05-23 17:59:06,372 : ConfigProcessor : Loading config from cache: C:\Users\schol\AppData\Local\Temp\4303dca7489148da2d256fc831cf8c96.mpf_cache
2020-05-23 17:59:06,372 : ConfigProcessor : Loading config from cache: C:\Users\schol\AppData\Local\Temp\e8fceecd8f65a6a7269e98c7961bbf6a.mpf_cache
2020-05-23 17:59:06,372 : ConfigProcessor : Loading config from cache: C:\Users\schol\AppData\Local\Temp\c84d6d08bf6f923cbcccfeeea02d2c8a.mpf_cache
2020-05-23 17:59:06,373 : ConfigProcessor : Loading config from cache: C:\Users\schol\AppData\Local\Temp\159a0b7ffc6de2ed1a8cdcd57b7df3c0.mpf_cache
2020-05-23 17:59:06,373 : ConfigProcessor : Loading config from cache: C:\Users\schol\AppData\Local\Temp\b1234e2c44a33609dc2af4760c4a3f89.mpf_cache
2020-05-23 17:59:06,373 : ConfigProcessor : Loading config from cache: C:\Users\schol\AppData\Local\Temp\466eddfec572894d9eb472ce07aa5fba.mpf_cache
2020-05-23 17:59:06,374 : ConfigProcessor : Loading config from cache: C:\Users\schol\AppData\Local\Temp\93429a2a8e0859f6546b68f40c2a4656.mpf_cache
2020-05-23 17:59:06,374 : ConfigProcessor : Loading config from cache: C:\Users\schol\AppData\Local\Temp\95ae88fb094583fa2b4097c6df179650.mpf_cache
2020-05-23 17:59:06,374 : ConfigProcessor : Config file in cache changed: E:\MPF\wows\wows\modes\hc_multiball\config\hc_multiball.yaml
2020-05-23 17:59:06,375 : ConfigProcessor : Loading config from file E:\MPF\wows\wows\modes\hc_multiball\config\hc_multiball.yaml.
