2020-05-16 00:10:15,533 : INFO : root : Loading config.
2020-05-16 00:10:15,536 : INFO : YamlMultifileConfigLoader : Machine config file #1: config.yaml
2020-05-16 00:10:15,536 : WARNING : ConfigProcessor : Config file in cache changed: E:\MPF\wows\wows\config\config.yaml
2020-05-16 00:10:15,537 : INFO : ConfigProcessor : Loading config from file c:\users\schol\appdata\local\programs\python\python36\lib\site-packages\mpf\mpfconfig.yaml.
2020-05-16 00:10:15,627 : INFO : ConfigProcessor : Loading config: c:\users\schol\appdata\local\programs\python\python36\lib\site-packages\mpf\mpfconfig.yaml
2020-05-16 00:10:15,627 : INFO : ConfigProcessor : Loading config from file E:\MPF\wows\wows\config\config.yaml.
2020-05-16 00:10:15,637 : INFO : ConfigProcessor : Loading config: E:\MPF\wows\wows\config\config.yaml
2020-05-16 00:10:15,639 : INFO : ConfigProcessor : Config file cache created: C:\Users\schol\AppData\Local\Temp\1ed54315bc874a19390ba34e1a0f1800.mpf_cache
2020-05-16 00:10:15,714 : INFO : ConfigProcessor : Loading config from cache: C:\Users\schol\AppData\Local\Temp\d5fd805c5432c1441bf01a6268536a3d.mpf_cache
2020-05-16 00:10:15,715 : INFO : ConfigProcessor : Loading config from cache: C:\Users\schol\AppData\Local\Temp\5c4497fcd69d1d656c4b69a28e44c490.mpf_cache
2020-05-16 00:10:15,715 : INFO : ConfigProcessor : Loading config from cache: C:\Users\schol\AppData\Local\Temp\6d62665f0d27f04673542af594d4fd9b.mpf_cache
2020-05-16 00:10:15,715 : INFO : ConfigProcessor : Loading config from cache: C:\Users\schol\AppData\Local\Temp\804b9a1ad2b0368c8378a1697de79431.mpf_cache
2020-05-16 00:10:15,716 : INFO : ConfigProcessor : Loading config from cache: C:\Users\schol\AppData\Local\Temp\3f05176740ce9b1ce630d9f26057f472.mpf_cache
2020-05-16 00:10:15,716 : INFO : ConfigProcessor : Loading config from cache: C:\Users\schol\AppData\Local\Temp\d75c6855c6bfc342a42171d44ee55d0f.mpf_cache
2020-05-16 00:10:15,717 : INFO : ConfigProcessor : Loading config from cache: C:\Users\schol\AppData\Local\Temp\add867c5df761e1504adb97d6f9bf236.mpf_cache
2020-05-16 00:10:15,717 : INFO : ConfigProcessor : Loading config from cache: C:\Users\schol\AppData\Local\Temp\c03af884f77fd2edff48f1f1b29a0001.mpf_cache
2020-05-16 00:10:15,717 : INFO : ConfigProcessor : Loading config from cache: C:\Users\schol\AppData\Local\Temp\125cf4d7d8d0f7b14ac4e9b5c5fc6dd9.mpf_cache
2020-05-16 00:10:15,717 : INFO : ConfigProcessor : Loading config from cache: C:\Users\schol\AppData\Local\Temp\e98bbe1017594ac8f5dc55070bdaec1b.mpf_cache
2020-05-16 00:10:15,718 : INFO : ConfigProcessor : Loading config from cache: C:\Users\schol\AppData\Local\Temp\540f9a41a139edc7fb3c0d3fef764d79.mpf_cache
2020-05-16 00:10:15,718 : INFO : ConfigProcessor : Loading config from cache: C:\Users\schol\AppData\Local\Temp\66310f6b7da6aa9e1e12a092b4e5ea1e.mpf_cache
2020-05-16 00:10:15,719 : INFO : ConfigProcessor : Loading config from cache: C:\Users\schol\AppData\Local\Temp\e39b84c1f1807716ec310701a6bf0d73.mpf_cache
2020-05-16 00:10:15,719 : INFO : ConfigProcessor : Loading config from cache: C:\Users\schol\AppData\Local\Temp\a3a3c1b8b3198ac6ffa6b5064057ae07.mpf_cache
2020-05-16 00:10:15,719 : INFO : ConfigProcessor : Loading config from cache: C:\Users\schol\AppData\Local\Temp\4eebc146e222c8d9b7fa4d2858e69ea1.mpf_cache
2020-05-16 00:10:15,720 : INFO : ConfigProcessor : Loading config from cache: C:\Users\schol\AppData\Local\Temp\e126248c44ebfdee710b05c2b7d5fe82.mpf_cache
2020-05-16 00:10:15,720 : INFO : ConfigProcessor : Loading config from cache: C:\Users\schol\AppData\Local\Temp\9e890f4f58f205d8bba0abd84e3290c7.mpf_cache
2020-05-16 00:10:15,720 : INFO : ConfigProcessor : Loading config from cache: C:\Users\schol\AppData\Local\Temp\7e90ab1bc560333dd4b4d9f4aaf6bf62.mpf_cache
2020-05-16 00:10:15,721 : INFO : ConfigProcessor : Loading config from cache: C:\Users\schol\AppData\Local\Temp\4398dc713d774371f49c655025259670.mpf_cache
2020-05-16 00:10:15,721 : INFO : ConfigProcessor : Loading config from cache: C:\Users\schol\AppData\Local\Temp\91df8e0ae0e44730ed622ea2efb74e97.mpf_cache
2020-05-16 00:10:15,721 : INFO : ConfigProcessor : Loading config from cache: C:\Users\schol\AppData\Local\Temp\dff6fabdd3c60a7e52618c514c4d53bb.mpf_cache
2020-05-16 00:10:15,722 : INFO : ConfigProcessor : Loading config from cache: C:\Users\schol\AppData\Local\Temp\69fdf32f8b1f00ca71933bfdf818d181.mpf_cache
2020-05-16 00:10:15,722 : INFO : ConfigProcessor : Loading config from cache: C:\Users\schol\AppData\Local\Temp\2ea47c81ed4f8a69c675021c80778e85.mpf_cache
2020-05-16 00:10:15,722 : INFO : ConfigProcessor : Loading config from cache: C:\Users\schol\AppData\Local\Temp\3078b120455821a73c8c6f8a1dceab4f.mpf_cache
2020-05-16 00:10:15,723 : INFO : ConfigProcessor : Loading config from cache: C:\Users\schol\AppData\Local\Temp\d95a17e65a2b41e386a7fc14bcda65fd.mpf_cache
2020-05-16 00:10:15,723 : INFO : ConfigProcessor : Loading config from cache: C:\Users\schol\AppData\Local\Temp\8d6f9c7ff9c39db68f4d155bf8492fbe.mpf_cache
2020-05-16 00:10:15,723 : INFO : ConfigProcessor : Loading config from cache: C:\Users\schol\AppData\Local\Temp\155f4ce74e2bf17af8dbff2a4763087f.mpf_cache
2020-05-16 00:10:15,724 : INFO : ConfigProcessor : Loading config from cache: C:\Users\schol\AppData\Local\Temp\58d128190d1d0b57398f3d0bb3d51665.mpf_cache
2020-05-16 00:10:15,724 : INFO : ConfigProcessor : Loading config from cache: C:\Users\schol\AppData\Local\Temp\3a392e0f36204bd15fe7f620a9abd8a5.mpf_cache
2020-05-16 00:10:15,724 : INFO : ConfigProcessor : Loading config from cache: C:\Users\schol\AppData\Local\Temp\53b5443f454133ae1b362b3b93db77cb.mpf_cache
2020-05-16 00:10:15,724 : INFO : ConfigProcessor : Loading config from cache: C:\Users\schol\AppData\Local\Temp\3931d087bd0a337e7115b05d59ca5799.mpf_cache
2020-05-16 00:10:15,725 : INFO : ConfigProcessor : Loading config from cache: C:\Users\schol\AppData\Local\Temp\92bd7ddb78685ce3872fdffddbf4066b.mpf_cache
2020-05-16 00:10:15,725 : INFO : ConfigProcessor : Loading config from cache: C:\Users\schol\AppData\Local\Temp\f17b18f8fc49aa4015f8aaed5fe0310c.mpf_cache
2020-05-16 00:10:15,725 : INFO : ConfigProcessor : Loading config from cache: C:\Users\schol\AppData\Local\Temp\ec91b3a5e4d650dc4f7371582fb38eed.mpf_cache
2020-05-16 00:10:15,726 : INFO : ConfigProcessor : Loading config from cache: C:\Users\schol\AppData\Local\Temp\9a1a1c28ae640e16df86b556a2688443.mpf_cache
2020-05-16 00:10:15,726 : INFO : ConfigProcessor : Loading config from cache: C:\Users\schol\AppData\Local\Temp\3463b2a86a39355c183f674ae2b12038.mpf_cache
2020-05-16 00:10:15,726 : INFO : ConfigProcessor : Loading config from cache: C:\Users\schol\AppData\Local\Temp\6e6719c61d3fa021e7d679c2f24e1608.mpf_cache
2020-05-16 00:10:15,727 : INFO : ConfigProcessor : Loading config from cache: C:\Users\schol\AppData\Local\Temp\aa69a2c5c0adb7f9c40b6db4f1ca3483.mpf_cache
2020-05-16 00:10:15,727 : INFO : ConfigProcessor : Loading config from cache: C:\Users\schol\AppData\Local\Temp\971ebba8800a659d7a8e99cb206beff7.mpf_cache
2020-05-16 00:10:15,727 : INFO : ConfigProcessor : Loading config from cache: C:\Users\schol\AppData\Local\Temp\07e13f5cf5882efd50a16f81bcde4606.mpf_cache
2020-05-16 00:10:15,728 : INFO : ConfigProcessor : Loading config from cache: C:\Users\schol\AppData\Local\Temp\48a45c572b20481e47ff005f73695e50.mpf_cache
2020-05-16 00:10:15,728 : INFO : ConfigProcessor : Loading config from cache: C:\Users\schol\AppData\Local\Temp\f12c25ef7bc56249cbbfe26e4a8634a0.mpf_cache
2020-05-16 00:10:15,728 : INFO : ConfigProcessor : Loading config from cache: C:\Users\schol\AppData\Local\Temp\7058dd9e75ad4dd97e6d02eda1f8d5f4.mpf_cache
2020-05-16 00:10:15,729 : INFO : Machine : Mission Pinball Framework Core Engine v0.54.0-dev.33
2020-05-16 00:10:15,729 : INFO : Machine : Command line arguments: {'no_load_cache': False, 'create_config_cache': True, 'bcp': True, 'configfile': ['config.yaml'], 'force_assets_load': False, 'jsonlogging': False, 'logfile': 'logs\\2020-05-16-00-10-15-mpf-DESKTOP-FPTMTCL.log', 'pause': False, 'production': False, 'text_ui': True, 'loglevel': 15, 'consoleloglevel': 20, 'force_platform': None, 'syslog_address': None, 'mc_file_name': None, 'no_sound': False}
2020-05-16 00:10:15,729 : INFO : Machine : MPF path: c:\users\schol\appdata\local\programs\python\python36\lib\site-packages\mpf
2020-05-16 00:10:15,729 : INFO : Machine : Machine path: E:\MPF\wows\wows
2020-05-16 00:10:15,729 : INFO : Machine : Platform: win32
2020-05-16 00:10:15,729 : INFO : Machine : Python executable location: c:\users\schol\appdata\local\programs\python\python36\python.exe
2020-05-16 00:10:15,729 : INFO : Machine : Python version: 3.6.4 (64-bit)
2020-05-16 00:10:15,730 : INFO : Machine : Initialise MPF.
2020-05-16 00:10:15,983 : INFO : Pin2DmdDevice : Connecting to Pin2DMD RGB DMD
2020-05-16 00:10:15,994 : INFO : Pin2DmdDevice : Connected to Pin2DMD
2020-05-16 00:10:15,994 : INFO : EventManager : Event: ======'machine_var_credits_string'====== Args={'value': 'FREE PLAY', 'prev_value': None, 'change': True}
2020-05-16 00:10:16,036 : INFO : EventManager : Event: ======'machine_var_player1_score'====== Args={'value': 0, 'prev_value': None, 'change': True}
2020-05-16 00:10:16,036 : INFO : EventManager : Event: ======'machine_var_mpf_version'====== Args={'value': 'MPF v0.54.0-dev.33', 'prev_value': None, 'change': True}
2020-05-16 00:10:16,036 : INFO : EventManager : Event: ======'machine_var_mpf_extended_version'====== Args={'value': 'MPF v0.54.0-dev.33, Config version:5, Show version: 5, BCP version:1.1', 'prev_value': None, 'change': True}
2020-05-16 00:10:16,036 : INFO : EventManager : Event: ======'machine_var_python_version'====== Args={'value': '3.6.4', 'prev_value': None, 'change': True}
2020-05-16 00:10:16,037 : INFO : EventManager : Event: ======'machine_var_platform'====== Args={'value': 'Windows-10-10.0.18362-SP0', 'prev_value': None, 'change': True}
2020-05-16 00:10:16,037 : INFO : EventManager : Event: ======'machine_var_platform_system'====== Args={'value': 'Windows', 'prev_value': None, 'change': True}
2020-05-16 00:10:16,037 : INFO : EventManager : Event: ======'machine_var_platform_release'====== Args={'value': '10', 'prev_value': None, 'change': True}
2020-05-16 00:10:16,037 : INFO : EventManager : Event: ======'machine_var_platform_version'====== Args={'value': '10.0.18362', 'prev_value': None, 'change': True}
2020-05-16 00:10:16,037 : INFO : EventManager : Event: ======'machine_var_platform_machine'====== Args={'value': 'AMD64', 'prev_value': None, 'change': True}
2020-05-16 00:10:16,037 : INFO : EventManager : Event: ======'init_phase_1'====== Args={}
2020-05-16 00:10:16,049 : INFO : EventManager : Event: ======'init_phase_2'====== Args={}
2020-05-16 00:10:16,050 : INFO : EventManager : Event: ======'bcp_connection_attempt'====== Args={'name': 'local_display', 'host': 'localhost', 'port': 5050}
2020-05-16 00:10:16,052 : INFO : BCPClientSocket : Connecting BCP to 'local_display' at localhost:5050...
2020-05-16 00:10:18,068 : INFO : BCPClientSocket : Connected BCP to 'local_display' localhost:5050
2020-05-16 00:10:18,069 : INFO : EventManager : Event: ======'bcp_clients_connected'====== Args={}
2020-05-16 00:10:18,091 : INFO : EventManager : Event: ======'init_phase_3'====== Args={}
2020-05-16 00:10:18,111 : INFO : EventManager : Event: ======'init_phase_4'====== Args={}
2020-05-16 00:10:18,112 : INFO : EventManager : Event: ======'machine_var_mc_version'====== Args={'value': 'MPF-MC v0.54.0-dev.7', 'prev_value': None, 'change': True}
2020-05-16 00:10:18,112 : INFO : EventManager : Event: ======'machine_var_mc_extended_version'====== Args={'value': 'MPF-MC v0.54.0-dev.7 (config_version=5, BCP v1.1, Requires MPF v0.54.0-dev.0)', 'prev_value': None, 'change': True}
2020-05-16 00:10:18,114 : INFO : EventManager : Event: ======'machine_var_master_volume'====== Args={'value': 0.5, 'prev_value': None, 'change': True}
2020-05-16 00:10:18,142 : INFO : EventManager : Event: ======'machine_var_audits_events_game_ended'====== Args={'value': 1, 'prev_value': None, 'change': True}
2020-05-16 00:10:18,143 : INFO : EventManager : Event: ======'machine_var_audits_events_game_started'====== Args={'value': 653, 'prev_value': None, 'change': True}
2020-05-16 00:10:18,143 : INFO : EventManager : Event: ======'machine_var_audits_player_score'====== Args={'value': {'average': 0.0, 'top': [0], 'total': 1}, 'prev_value': None, 'change': True}
2020-05-16 00:10:18,143 : INFO : EventManager : Event: ======'machine_var_audits_shots_battle_shot'====== Args={'value': 66, 'prev_value': None, 'change': True}
2020-05-16 00:10:18,143 : INFO : EventManager : Event: ======'machine_var_audits_shots_confederate_1'====== Args={'value': 9, 'prev_value': None, 'change': True}
2020-05-16 00:10:18,143 : INFO : EventManager : Event: ======'machine_var_audits_shots_confederate_2'====== Args={'value': 201, 'prev_value': None, 'change': True}
2020-05-16 00:10:18,144 : INFO : EventManager : Event: ======'machine_var_audits_shots_confederate_3'====== Args={'value': 87, 'prev_value': None, 'change': True}
2020-05-16 00:10:18,144 : INFO : EventManager : Event: ======'machine_var_audits_shots_confederate_4'====== Args={'value': 22, 'prev_value': None, 'change': True}
2020-05-16 00:10:18,144 : INFO : EventManager : Event: ======'machine_var_audits_shots_confederate_5'====== Args={'value': 7, 'prev_value': None, 'change': True}
2020-05-16 00:10:18,144 : INFO : EventManager : Event: ======'machine_var_audits_shots_confederate_6'====== Args={'value': 247, 'prev_value': None, 'change': True}
2020-05-16 00:10:18,144 : INFO : EventManager : Event: ======'machine_var_audits_shots_detonation'====== Args={'value': 42, 'prev_value': None, 'change': True}
2020-05-16 00:10:18,144 : INFO : EventManager : Event: ======'machine_var_audits_shots_detonation_lit'====== Args={'value': 145, 'prev_value': None, 'change': True}
2020-05-16 00:10:18,145 : INFO : EventManager : Event: ======'machine_var_audits_shots_jackpot_1'====== Args={'value': 37, 'prev_value': None, 'change': True}
2020-05-16 00:10:18,145 : INFO : EventManager : Event: ======'machine_var_audits_shots_jackpot_2'====== Args={'value': 35, 'prev_value': None, 'change': True}
2020-05-16 00:10:18,145 : INFO : EventManager : Event: ======'machine_var_audits_shots_jackpot_3'====== Args={'value': 55, 'prev_value': None, 'change': True}
2020-05-16 00:10:18,145 : INFO : EventManager : Event: ======'machine_var_audits_shots_jackpot_4'====== Args={'value': 32, 'prev_value': None, 'change': True}
2020-05-16 00:10:18,145 : INFO : EventManager : Event: ======'machine_var_audits_shots_jackpot_5'====== Args={'value': 32, 'prev_value': None, 'change': True}
2020-05-16 00:10:18,146 : INFO : EventManager : Event: ======'machine_var_audits_shots_jackpot_6'====== Args={'value': 33, 'prev_value': None, 'change': True}
2020-05-16 00:10:18,146 : INFO : EventManager : Event: ======'machine_var_audits_shots_lane_A'====== Args={'value': 43, 'prev_value': None, 'change': True}
2020-05-16 00:10:18,146 : INFO : EventManager : Event: ======'machine_var_audits_shots_lane_B'====== Args={'value': 46, 'prev_value': None, 'change': True}
2020-05-16 00:10:18,146 : INFO : EventManager : Event: ======'machine_var_audits_shots_lane_C'====== Args={'value': 48, 'prev_value': None, 'change': True}
2020-05-16 00:10:18,146 : INFO : EventManager : Event: ======'machine_var_audits_shots_lane_D'====== Args={'value': 54, 'prev_value': None, 'change': True}
2020-05-16 00:10:18,147 : INFO : EventManager : Event: ======'machine_var_audits_shots_lane_E'====== Args={'value': 52, 'prev_value': None, 'change': True}
2020-05-16 00:10:18,147 : INFO : EventManager : Event: ======'machine_var_audits_shots_lock_lit_1'====== Args={'value': 213, 'prev_value': None, 'change': True}
2020-05-16 00:10:18,147 : INFO : EventManager : Event: ======'machine_var_audits_shots_lock_lit_2'====== Args={'value': 260, 'prev_value': None, 'change': True}
2020-05-16 00:10:18,147 : INFO : EventManager : Event: ======'machine_var_audits_shots_ricochet_1'====== Args={'value': 13, 'prev_value': None, 'change': True}
2020-05-16 00:10:18,148 : INFO : EventManager : Event: ======'machine_var_audits_shots_ricochet_2'====== Args={'value': 7, 'prev_value': None, 'change': True}
2020-05-16 00:10:18,148 : INFO : EventManager : Event: ======'machine_var_audits_shots_ricochet_3'====== Args={'value': 3, 'prev_value': None, 'change': True}
2020-05-16 00:10:18,148 : INFO : EventManager : Event: ======'machine_var_audits_shots_ricochet_4'====== Args={'value': 1, 'prev_value': None, 'change': True}
2020-05-16 00:10:18,149 : INFO : EventManager : Event: ======'machine_var_audits_shots_ricochet_5'====== Args={'value': 2, 'prev_value': None, 'change': True}
2020-05-16 00:10:18,149 : INFO : EventManager : Event: ======'machine_var_audits_switches_s_bumper_1'====== Args={'value': 15, 'prev_value': None, 'change': True}
2020-05-16 00:10:18,149 : INFO : EventManager : Event: ======'machine_var_audits_switches_s_bumper_2'====== Args={'value': 15, 'prev_value': None, 'change': True}
2020-05-16 00:10:18,149 : INFO : EventManager : Event: ======'machine_var_audits_switches_s_bumper_3'====== Args={'value': 1, 'prev_value': None, 'change': True}
2020-05-16 00:10:18,150 : INFO : EventManager : Event: ======'machine_var_audits_switches_s_center_ramp'====== Args={'value': 13, 'prev_value': None, 'change': True}
2020-05-16 00:10:18,150 : INFO : EventManager : Event: ======'machine_var_audits_switches_s_citadel'====== Args={'value': 14, 'prev_value': None, 'change': True}
2020-05-16 00:10:18,150 : INFO : EventManager : Event: ======'machine_var_audits_switches_s_citadel_lock'====== Args={'value': 81, 'prev_value': None, 'change': True}
2020-05-16 00:10:18,151 : INFO : EventManager : Event: ======'machine_var_audits_switches_s_detonation'====== Args={'value': 145, 'prev_value': None, 'change': True}
2020-05-16 00:10:18,151 : INFO : EventManager : Event: ======'machine_var_audits_switches_s_dmg_1'====== Args={'value': 563, 'prev_value': None, 'change': True}
2020-05-16 00:10:18,151 : INFO : EventManager : Event: ======'machine_var_audits_switches_s_dmg_2'====== Args={'value': 14, 'prev_value': None, 'change': True}
2020-05-16 00:10:18,151 : INFO : EventManager : Event: ======'machine_var_audits_switches_s_dmg_3'====== Args={'value': 13, 'prev_value': None, 'change': True}
2020-05-16 00:10:18,152 : INFO : EventManager : Event: ======'machine_var_audits_switches_s_dmg_4'====== Args={'value': 5, 'prev_value': None, 'change': True}
2020-05-16 00:10:18,152 : INFO : EventManager : Event: ======'machine_var_audits_switches_s_dmg_5'====== Args={'value': 8, 'prev_value': None, 'change': True}
2020-05-16 00:10:18,153 : INFO : EventManager : Event: ======'machine_var_audits_switches_s_dmg_6'====== Args={'value': 5, 'prev_value': None, 'change': True}
2020-05-16 00:10:18,153 : INFO : EventManager : Event: ======'machine_var_audits_switches_s_dmg_7'====== Args={'value': 7, 'prev_value': None, 'change': True}
2020-05-16 00:10:18,153 : INFO : EventManager : Event: ======'machine_var_audits_switches_s_drop_target'====== Args={'value': 463, 'prev_value': None, 'change': True}
2020-05-16 00:10:18,154 : INFO : EventManager : Event: ======'machine_var_audits_switches_s_jet_hole'====== Args={'value': 0, 'prev_value': None, 'change': True}
2020-05-16 00:10:18,154 : INFO : EventManager : Event: ======'machine_var_audits_switches_s_jet_lane'====== Args={'value': 1, 'prev_value': None, 'change': True}
2020-05-16 00:10:18,154 : INFO : EventManager : Event: ======'machine_var_audits_switches_s_kickback'====== Args={'value': 0, 'prev_value': None, 'change': True}
2020-05-16 00:10:18,155 : INFO : EventManager : Event: ======'machine_var_audits_switches_s_kickback_target_1'====== Args={'value': 0, 'prev_value': None, 'change': True}
2020-05-16 00:10:18,155 : INFO : EventManager : Event: ======'machine_var_audits_switches_s_kickback_target_2'====== Args={'value': 0, 'prev_value': None, 'change': True}
2020-05-16 00:10:18,155 : INFO : EventManager : Event: ======'machine_var_audits_switches_s_kickback_target_3'====== Args={'value': 2, 'prev_value': None, 'change': True}
2020-05-16 00:10:18,156 : INFO : EventManager : Event: ======'machine_var_audits_switches_s_kickback_terget_1'====== Args={'value': 0, 'prev_value': None, 'change': True}
2020-05-16 00:10:18,156 : INFO : EventManager : Event: ======'machine_var_audits_switches_s_left_flipper'====== Args={'value': 163, 'prev_value': None, 'change': True}
2020-05-16 00:10:18,156 : INFO : EventManager : Event: ======'machine_var_audits_switches_s_left_hole'====== Args={'value': 0, 'prev_value': None, 'change': True}
2020-05-16 00:10:18,157 : INFO : EventManager : Event: ======'machine_var_audits_switches_s_left_inlane'====== Args={'value': 48, 'prev_value': None, 'change': True}
2020-05-16 00:10:18,157 : INFO : EventManager : Event: ======'machine_var_audits_switches_s_left_loop_made'====== Args={'value': 23, 'prev_value': None, 'change': True}
2020-05-16 00:10:18,157 : INFO : EventManager : Event: ======'machine_var_audits_switches_s_left_loop_pre'====== Args={'value': 1, 'prev_value': None, 'change': True}
2020-05-16 00:10:18,158 : INFO : EventManager : Event: ======'machine_var_audits_switches_s_left_mid_inlane'====== Args={'value': 46, 'prev_value': None, 'change': True}
2020-05-16 00:10:18,158 : INFO : EventManager : Event: ======'machine_var_audits_switches_s_left_outlane'====== Args={'value': 43, 'prev_value': None, 'change': True}
2020-05-16 00:10:18,158 : INFO : EventManager : Event: ======'machine_var_audits_switches_s_left_ramp_made'====== Args={'value': 273, 'prev_value': None, 'change': True}
2020-05-16 00:10:18,159 : INFO : EventManager : Event: ======'machine_var_audits_switches_s_left_ramp_pre'====== Args={'value': 2, 'prev_value': None, 'change': True}
2020-05-16 00:10:18,159 : INFO : EventManager : Event: ======'machine_var_audits_switches_s_left_slingshot'====== Args={'value': 0, 'prev_value': None, 'change': True}
2020-05-16 00:10:18,160 : INFO : EventManager : Event: ======'machine_var_audits_switches_s_lock_1'====== Args={'value': 125, 'prev_value': None, 'change': True}
2020-05-16 00:10:18,160 : INFO : EventManager : Event: ======'machine_var_audits_switches_s_lock_2'====== Args={'value': 126, 'prev_value': None, 'change': True}
2020-05-16 00:10:18,160 : INFO : EventManager : Event: ======'machine_var_audits_switches_s_lock_3'====== Args={'value': 180, 'prev_value': None, 'change': True}
2020-05-16 00:10:18,161 : INFO : EventManager : Event: ======'machine_var_audits_switches_s_magnet_switch'====== Args={'value': 0, 'prev_value': None, 'change': True}
2020-05-16 00:10:18,161 : INFO : EventManager : Event: ======'machine_var_audits_switches_s_main_hole'====== Args={'value': 224, 'prev_value': None, 'change': True}
2020-05-16 00:10:18,161 : INFO : EventManager : Event: ======'machine_var_audits_switches_s_pen_1'====== Args={'value': 3, 'prev_value': None, 'change': True}
2020-05-16 00:10:18,162 : INFO : EventManager : Event: ======'machine_var_audits_switches_s_pen_2'====== Args={'value': 2, 'prev_value': None, 'change': True}
2020-05-16 00:10:18,162 : INFO : EventManager : Event: ======'machine_var_audits_switches_s_pen_3'====== Args={'value': 1, 'prev_value': None, 'change': True}
2020-05-16 00:10:18,163 : INFO : EventManager : Event: ======'machine_var_audits_switches_s_pen_4'====== Args={'value': 3, 'prev_value': None, 'change': True}
2020-05-16 00:10:18,163 : INFO : EventManager : Event: ======'machine_var_audits_switches_s_pen_5'====== Args={'value': 1, 'prev_value': None, 'change': True}
2020-05-16 00:10:18,163 : INFO : EventManager : Event: ======'machine_var_audits_switches_s_pen_6'====== Args={'value': 3, 'prev_value': None, 'change': True}
2020-05-16 00:10:18,164 : INFO : EventManager : Event: ======'machine_var_audits_switches_s_plunger'====== Args={'value': 949, 'prev_value': None, 'change': True}
2020-05-16 00:10:18,164 : INFO : EventManager : Event: ======'machine_var_audits_switches_s_plunger_button'====== Args={'value': 2, 'prev_value': None, 'change': True}
2020-05-16 00:10:18,164 : INFO : EventManager : Event: ======'machine_var_audits_switches_s_ricochet_1'====== Args={'value': 37, 'prev_value': None, 'change': True}
2020-05-16 00:10:18,165 : INFO : EventManager : Event: ======'machine_var_audits_switches_s_ricochet_2'====== Args={'value': 14, 'prev_value': None, 'change': True}
2020-05-16 00:10:18,165 : INFO : EventManager : Event: ======'machine_var_audits_switches_s_ricochet_3'====== Args={'value': 5, 'prev_value': None, 'change': True}
2020-05-16 00:10:18,172 : INFO : EventManager : Event: ======'machine_var_audits_switches_s_ricochet_4'====== Args={'value': 6, 'prev_value': None, 'change': True}
2020-05-16 00:10:18,180 : INFO : EventManager : Event: ======'machine_var_audits_switches_s_ricochet_5'====== Args={'value': 7, 'prev_value': None, 'change': True}
2020-05-16 00:10:18,181 : INFO : EventManager : Event: ======'machine_var_audits_switches_s_right_flipper'====== Args={'value': 896, 'prev_value': None, 'change': True}
2020-05-16 00:10:18,181 : INFO : EventManager : Event: ======'machine_var_audits_switches_s_right_hole'====== Args={'value': 26, 'prev_value': None, 'change': True}
2020-05-16 00:10:18,181 : INFO : EventManager : Event: ======'machine_var_audits_switches_s_right_inlane'====== Args={'value': 54, 'prev_value': None, 'change': True}
2020-05-16 00:10:18,182 : INFO : EventManager : Event: ======'machine_var_audits_switches_s_right_loop_made'====== Args={'value': 5, 'prev_value': None, 'change': True}
2020-05-16 00:10:18,182 : INFO : EventManager : Event: ======'machine_var_audits_switches_s_right_loop_pre'====== Args={'value': 2, 'prev_value': None, 'change': True}
2020-05-16 00:10:18,183 : INFO : EventManager : Event: ======'machine_var_audits_switches_s_right_outlane'====== Args={'value': 52, 'prev_value': None, 'change': True}
2020-05-16 00:10:18,183 : INFO : EventManager : Event: ======'machine_var_audits_switches_s_right_ramp_made'====== Args={'value': 340, 'prev_value': None, 'change': True}
2020-05-16 00:10:18,183 : INFO : EventManager : Event: ======'machine_var_audits_switches_s_right_ramp_pre'====== Args={'value': 0, 'prev_value': None, 'change': True}
2020-05-16 00:10:18,184 : INFO : EventManager : Event: ======'machine_var_audits_switches_s_right_slingshot'====== Args={'value': 0, 'prev_value': None, 'change': True}
2020-05-16 00:10:18,184 : INFO : EventManager : Event: ======'machine_var_audits_switches_s_right_small_ramp'====== Args={'value': 0, 'prev_value': None, 'change': True}
2020-05-16 00:10:18,184 : INFO : EventManager : Event: ======'machine_var_audits_switches_s_side_hole'====== Args={'value': 192, 'prev_value': None, 'change': True}
2020-05-16 00:10:18,185 : INFO : EventManager : Event: ======'machine_var_audits_switches_s_side_ramp_made'====== Args={'value': 171, 'prev_value': None, 'change': True}
2020-05-16 00:10:18,185 : INFO : EventManager : Event: ======'machine_var_audits_switches_s_side_ramp_pre'====== Args={'value': 2, 'prev_value': None, 'change': True}
2020-05-16 00:10:18,186 : INFO : EventManager : Event: ======'machine_var_audits_switches_s_start'====== Args={'value': 17, 'prev_value': None, 'change': True}
2020-05-16 00:10:18,186 : INFO : EventManager : Event: ======'machine_var_audits_switches_s_torpedo'====== Args={'value': 128, 'prev_value': None, 'change': True}
2020-05-16 00:10:18,187 : INFO : EventManager : Event: ======'machine_var_audits_switches_s_torpedo_lane'====== Args={'value': 2, 'prev_value': None, 'change': True}
2020-05-16 00:10:18,187 : INFO : EventManager : Event: ======'machine_var_audits_switches_s_trough1'====== Args={'value': 21, 'prev_value': None, 'change': True}
2020-05-16 00:10:18,188 : INFO : EventManager : Event: ======'machine_var_audits_switches_s_trough2'====== Args={'value': 13, 'prev_value': None, 'change': True}
2020-05-16 00:10:18,188 : INFO : EventManager : Event: ======'machine_var_audits_switches_s_trough3'====== Args={'value': 16, 'prev_value': None, 'change': True}
2020-05-16 00:10:18,189 : INFO : EventManager : Event: ======'machine_var_audits_switches_s_trough4'====== Args={'value': 3, 'prev_value': None, 'change': True}
2020-05-16 00:10:18,189 : INFO : EventManager : Event: ======'machine_var_audits_switches_s_trough5'====== Args={'value': 0, 'prev_value': None, 'change': True}
2020-05-16 00:10:18,189 : INFO : EventManager : Event: ======'machine_var_audits_switches_s_trough6'====== Args={'value': 1, 'prev_value': None, 'change': True}
2020-05-16 00:10:18,190 : INFO : EventManager : Event: ======'machine_var_audits_switches_s_trough_jam'====== Args={'value': 0, 'prev_value': None, 'change': True}
2020-05-16 00:10:18,190 : INFO : EventManager : Event: ======'init_phase_5'====== Args={}
2020-05-16 00:10:18,225 : INFO : EventManager : Event: ======'init_done'====== Args={}
2020-05-16 00:10:18,239 : INFO : EventManager : Event: ======'machine_reset_phase_1'====== Args={}
2020-05-16 00:10:18,253 : INFO : EventManager : Event: ======'slide_window_slide_1_removed'====== Args={'_from_bcp': True}
2020-05-16 00:10:18,262 : INFO : EventManager : Event: ======'slide_window_slide_1_created'====== Args={'_from_bcp': True}
2020-05-16 00:10:18,279 : INFO : EventManager : Event: ======'slide_dmd_slide_1_removed'====== Args={'_from_bcp': True}
2020-05-16 00:10:18,279 : INFO : EventManager : Event: ======'slide_dmd_slide_1_created'====== Args={'_from_bcp': True}
2020-05-16 00:10:18,279 : INFO : EventManager : Event: ======'slide_window_slide_1_active'====== Args={'_from_bcp': True}
2020-05-16 00:10:18,280 : INFO : EventManager : Event: ======'machine_reset_phase_2'====== Args={}
2020-05-16 00:10:18,280 : INFO : EventManager : Event: ======'slide_dmd_slide_1_active'====== Args={'_from_bcp': True}
2020-05-16 00:10:18,280 : INFO : EventManager : Event: ======'machine_reset_phase_3'====== Args={}
2020-05-16 00:10:18,280 : INFO : EventManager : Event: ======'reset_complete'====== Args={}
2020-05-16 00:10:18,280 : INFO : EventManager : Event: ======'mode_attract_will_start'====== Args={}
2020-05-16 00:10:18,281 : INFO : EventManager : Event: ======'mode_attract_starting'====== Args={}
2020-05-16 00:10:18,281 : INFO : Mode.attract : Started. Priority: 10
2020-05-16 00:10:18,281 : INFO : EventManager : Event: ======'mode_attract_started'====== Args={}
2020-05-16 00:10:18,281 : INFO : EventManager : Event: ======'collecting_balls_complete'====== Args={}
2020-05-16 00:10:18,314 : INFO : Machine : Starting the main run loop.
2020-05-16 00:10:18,320 : INFO : BcpServer : New client connected.
2020-05-16 00:10:26,790 : INFO : Machine : Shutting down...
2020-05-16 00:10:26,790 : INFO : EventManager : Event: ======'shutdown'====== Args={}
2020-05-16 00:10:26,792 : INFO : root : MPF run loop ended.
