2020-01-21 18:48:58,697 : kivy : Factory: 184 symbols loaded
2020-01-21 18:48:58,792 : kivy : Image: Providers: img_tex, img_dds, img_sdl2, img_pil, img_gif (img_ffpyplayer ignored)
2020-01-21 18:48:58,841 : kivy : VideoGstplayer: Using Gstreamer 1.16.0.0
2020-01-21 18:48:58,841 : kivy : Video: Provider: gstplayer
2020-01-21 18:48:58,905 : kivy : Loading MPF-MC controller
2020-01-21 18:48:58,905 : mpfmc : Mission Pinball Framework Media Controller v0.53.0-dev.15
2020-01-21 18:48:58,906 : mpfmc : Mission Pinball Framework Game Engine v0.53.0-dev.68
2020-01-21 18:48:58,906 : mpfmc : Machine path: E:\mpf\wows\wows
2020-01-21 18:48:58,907 : ConfigProcessor : Config file in cache changed: E:\mpf\wows\wows\config\config
2020-01-21 18:48:58,907 : ConfigProcessor : Loading config from file c:\users\schol\appdata\local\programs\python\python36\lib\site-packages\mpfmc\mcconfig.yaml.
2020-01-21 18:48:58,950 : ConfigProcessor : Loading config: c:\users\schol\appdata\local\programs\python\python36\lib\site-packages\mpfmc\mcconfig.yaml
2020-01-21 18:48:58,957 : ConfigProcessor : Loading config from file E:\mpf\wows\wows\config\config.
2020-01-21 18:48:59,041 : ConfigProcessor : Loading config: E:\mpf\wows\wows\config\config
2020-01-21 18:48:59,043 : ConfigProcessor : Config file cache created: C:\Users\schol\AppData\Local\Temp\398a03908486e3c8525902f452489fb5.mpf_cache
2020-01-21 18:48:59,043 : mpfmc : Starting clock at 60.0Hz
2020-01-21 18:48:59,054 : kivy : Text: Provider: sdl2
2020-01-21 18:48:59,088 : kivy : Window: Provider: sdl2
2020-01-21 18:48:59,510 : kivy : GL: Using the "OpenGL" graphics system
2020-01-21 18:48:59,521 : kivy : GL: GLEW initialization succeeded
2020-01-21 18:48:59,521 : kivy : GL: Backend used <glew>
2020-01-21 18:48:59,521 : kivy : GL: OpenGL version <b'4.6.0 NVIDIA 432.00'>
2020-01-21 18:48:59,521 : kivy : GL: OpenGL vendor <b'NVIDIA Corporation'>
2020-01-21 18:48:59,522 : kivy : GL: OpenGL renderer <b'GeForce GTX 1060 6GB/PCIe/SSE2'>
2020-01-21 18:48:59,522 : kivy : GL: OpenGL parsed version: 4, 6
2020-01-21 18:48:59,522 : kivy : GL: Shading version <b'4.60 NVIDIA'>
2020-01-21 18:48:59,522 : kivy : GL: Texture max size <32768>
2020-01-21 18:48:59,522 : kivy : GL: Texture max units <32>
2020-01-21 18:48:59,539 : kivy : Window: auto add sdl2 input provider
2020-01-21 18:48:59,539 : kivy : Window: virtual keyboard not allowed, single mode, not docked
2020-01-21 18:48:59,546 : SoundSystem : SoundSystem: Using default 'sound_system' settings
2020-01-21 18:49:00,221 : AudioInterface : Initialized
2020-01-21 18:49:00,221 : SoundSystem : No audio tracks are specified in your machine config file. a track named 'default' has been created.
2020-01-21 18:49:00,223 : kivy : Base: Start application main loop
2020-01-21 18:49:00,224 : EventManager : Event: ======'display_window_initialized'====== Args={}
2020-01-21 18:49:00,224 : EventManager : Event: ======'display_dmd_initialized'====== Args={}
2020-01-21 18:49:00,296 : mpfmc : Display: Setting 'dmd' as default display
2020-01-21 18:49:00,302 : EventManager : Event: ======'displays_initialized'====== Args={}
2020-01-21 18:49:00,303 : EventManager : Event: ======'slide_window_blank_created'====== Args={}
2020-01-21 18:49:00,303 : EventManager : Event: ======'display_window_ready'====== Args={}
2020-01-21 18:49:00,303 : EventManager : Event: ======'slide_dmd_blank_created'====== Args={}
2020-01-21 18:49:00,303 : EventManager : Event: ======'display_dmd_ready'====== Args={}
2020-01-21 18:49:00,311 : EventManager : Event: ======'init_phase_1'====== Args={}
2020-01-21 18:49:00,314 : EventManager : Event: ======'mc_ready'====== Args={}
2020-01-21 18:49:00,314 : EventManager : Event: ======'init_phase_2'====== Args={}
2020-01-21 18:49:00,315 : ConfigProcessor : Loading config from cache: C:\Users\schol\AppData\Local\Temp\1068177614fe5a40fc2c1e1b0504468c.mpf_cache
2020-01-21 18:49:00,316 : ConfigProcessor : Loading config from cache: C:\Users\schol\AppData\Local\Temp\6e6d4708a613edd7635d35a6961997f3.mpf_cache
2020-01-21 18:49:00,320 : ConfigProcessor : Loading config from cache: C:\Users\schol\AppData\Local\Temp\5c4497fcd69d1d656c4b69a28e44c490.mpf_cache
2020-01-21 18:49:00,321 : ConfigProcessor : Loading config from cache: C:\Users\schol\AppData\Local\Temp\4aeaa69609f53d9b71d1dbbedd434b0b.mpf_cache
2020-01-21 18:49:00,321 : ConfigProcessor : Loading config from cache: C:\Users\schol\AppData\Local\Temp\d5fd805c5432c1441bf01a6268536a3d.mpf_cache
2020-01-21 18:49:00,322 : ConfigProcessor : Loading config from cache: C:\Users\schol\AppData\Local\Temp\1e6cc6775e87a3e14ded8d45fd065b10.mpf_cache
2020-01-21 18:49:00,322 : EventManager : Event: ======'init_phase_3'====== Args={}
2020-01-21 18:49:00,322 : AssetManager : Registering Asset: C_Prog100, File: C_Prog100.jpg, Default Group: default, Final Config: {'load': 'preload', 'file': 'E:\\mpf\\wows\\wows\\images\\C_Prog100.jpg'}
2020-01-21 18:49:00,323 : AssetManager : Registering Asset: mode_1_shot_made, File: mode_1_shot_made.gif, Default Group: default, Final Config: {'load': 'preload', 'file': 'E:\\mpf\\wows\\wows\\modes\\mode_1\\images\\mode_1_shot_made.gif'}
2020-01-21 18:49:00,323 : EventManager : Event: ======'init_phase_4'====== Args={}
2020-01-21 18:49:00,324 : EventManager : Event: ======'init_phase_5'====== Args={}
2020-01-21 18:49:00,390 : EventManager : Event: ======'loading_assets'====== Args={'total': 2, 'loaded': 1, 'remaining': 1, 'percent': 50}
2020-01-21 18:49:00,390 : AssetManager : Loading assets: 1/2 (50%)
2020-01-21 18:49:00,390 : EventManager : Event: ======'loading_assets'====== Args={'total': 2, 'loaded': 2, 'remaining': 0, 'percent': 100}
2020-01-21 18:49:00,390 : AssetManager : Asset loading took: 0.1675548553466797
2020-01-21 18:49:00,390 : EventManager : Event: ======'asset_loading_complete'====== Args={}
2020-01-21 18:49:00,390 : AssetManager : Loading assets: 2/2 (100%)
2020-01-21 18:49:00,390 : EventManager : Event: ======'init_done'====== Args={}
2020-01-21 18:49:00,390 : MPF-MC BCP Server : Starting up on localhost port 5050
2020-01-21 18:49:00,394 : MPF-MC BCP Server : Waiting for a connection...
2020-01-21 18:49:00,394 : mpfmc : SlidePlayer: Play called with settings={'slides': {welcome_slide-None-None: {'target': 'window', 'priority': None, 'background_color': [0.0, 0.0, 0.0, 1.0], 'show': True, 'force': False, 'expire': None, 'slide': None, 'tokens': {}, 'action': 'play', 'transition': None, 'transition_out': None}}}
2020-01-21 18:49:00,395 : kivy : GL: NPOT texture support is available
2020-01-21 18:49:00,407 : EventManager : Event: ======'slide_welcome_slide_created'====== Args={}
2020-01-21 18:49:00,416 : EventManager : Event: ======'slide_welcome_slide_active'====== Args={}
2020-01-21 18:49:00,486 : EventManager : Event: ======'client_disconnected'====== Args={'host': '127.0.0.1', 'port': 5050}
2020-01-21 18:49:00,851 : MPF-MC BCP Server : Received connection from: 127.0.0.1:56948
2020-01-21 18:49:00,866 : EventManager : Event: ======'client_connected'====== Args={'host': '127.0.0.1', 'port': 56948}
2020-01-21 18:49:00,898 : EventManager : Event: ======'machine_var_credits_string'====== Args={'value': 'FREE PLAY', 'prev_value': None, 'change': True}
2020-01-21 18:49:00,898 : EventManager : Event: ======'machine_var_player1_score'====== Args={'value': 0, 'prev_value': None, 'change': True}
2020-01-21 18:49:00,898 : EventManager : Event: ======'machine_var_mpf_version'====== Args={'value': 'MPF v0.53.0-dev.68', 'prev_value': None, 'change': True}
2020-01-21 18:49:00,898 : EventManager : Event: ======'machine_var_mpf_extended_version'====== Args={'value': 'MPF v0.53.0-dev.68, Config version:5, Show version: 5, BCP version:1.1', 'prev_value': None, 'change': True}
2020-01-21 18:49:00,899 : EventManager : Event: ======'machine_var_python_version'====== Args={'value': '3.6.4', 'prev_value': None, 'change': True}
2020-01-21 18:49:00,899 : EventManager : Event: ======'machine_var_platform'====== Args={'value': 'Windows-10-10.0.18362-SP0', 'prev_value': None, 'change': True}
2020-01-21 18:49:00,899 : EventManager : Event: ======'machine_var_platform_system'====== Args={'value': 'Windows', 'prev_value': None, 'change': True}
2020-01-21 18:49:00,899 : EventManager : Event: ======'machine_var_platform_release'====== Args={'value': '10', 'prev_value': None, 'change': True}
2020-01-21 18:49:00,899 : EventManager : Event: ======'machine_var_platform_version'====== Args={'value': '10.0.18362', 'prev_value': None, 'change': True}
2020-01-21 18:49:00,899 : EventManager : Event: ======'machine_var_platform_machine'====== Args={'value': 'AMD64', 'prev_value': None, 'change': True}
2020-01-21 18:49:00,899 : EventManager : Event: ======'machine_var_mc_version'====== Args={'value': 'MPF-MC v0.53.0-dev.15', 'prev_value': None, 'change': True}
2020-01-21 18:49:00,899 : EventManager : Event: ======'machine_var_mc_extended_version'====== Args={'value': 'MPF-MC v0.53.0-dev.15 (config_version=5, BCP v1.1, Requires MPF v0.53.0-dev.51)', 'prev_value': None, 'change': True}
2020-01-21 18:49:00,899 : EventManager : Event: ======'machine_var_master_volume'====== Args={'value': 0.5, 'prev_value': None, 'change': True}
2020-01-21 18:49:00,932 : EventManager : Event: ======'machine_var_audits_events_game_ended'====== Args={'value': 1, 'prev_value': None, 'change': True}
2020-01-21 18:49:00,932 : EventManager : Event: ======'machine_var_audits_events_game_started'====== Args={'value': 140, 'prev_value': None, 'change': True}
2020-01-21 18:49:00,932 : EventManager : Event: ======'machine_var_audits_player_score'====== Args={'value': {'average': 0.0, 'top': [0], 'total': 1}, 'prev_value': None, 'change': True}
2020-01-21 18:49:00,932 : EventManager : Event: ======'machine_var_audits_switches_s_bumper_1'====== Args={'value': 0, 'prev_value': None, 'change': True}
2020-01-21 18:49:00,932 : EventManager : Event: ======'machine_var_audits_switches_s_bumper_2'====== Args={'value': 0, 'prev_value': None, 'change': True}
2020-01-21 18:49:00,932 : EventManager : Event: ======'machine_var_audits_switches_s_bumper_3'====== Args={'value': 0, 'prev_value': None, 'change': True}
2020-01-21 18:49:00,932 : EventManager : Event: ======'machine_var_audits_switches_s_center_ramp'====== Args={'value': 0, 'prev_value': None, 'change': True}
2020-01-21 18:49:00,932 : EventManager : Event: ======'machine_var_audits_switches_s_citadel'====== Args={'value': 0, 'prev_value': None, 'change': True}
2020-01-21 18:49:00,933 : EventManager : Event: ======'machine_var_audits_switches_s_citadel_lock'====== Args={'value': 0, 'prev_value': None, 'change': True}
2020-01-21 18:49:00,933 : EventManager : Event: ======'machine_var_audits_switches_s_detonation'====== Args={'value': 0, 'prev_value': None, 'change': True}
2020-01-21 18:49:00,933 : EventManager : Event: ======'machine_var_audits_switches_s_dmg_1'====== Args={'value': 381, 'prev_value': None, 'change': True}
2020-01-21 18:49:00,933 : EventManager : Event: ======'machine_var_audits_switches_s_dmg_2'====== Args={'value': 3, 'prev_value': None, 'change': True}
2020-01-21 18:49:00,933 : EventManager : Event: ======'machine_var_audits_switches_s_dmg_3'====== Args={'value': 3, 'prev_value': None, 'change': True}
2020-01-21 18:49:00,933 : EventManager : Event: ======'machine_var_audits_switches_s_dmg_4'====== Args={'value': 1, 'prev_value': None, 'change': True}
2020-01-21 18:49:00,933 : EventManager : Event: ======'machine_var_audits_switches_s_dmg_5'====== Args={'value': 2, 'prev_value': None, 'change': True}
2020-01-21 18:49:00,933 : EventManager : Event: ======'machine_var_audits_switches_s_dmg_6'====== Args={'value': 1, 'prev_value': None, 'change': True}
2020-01-21 18:49:00,933 : EventManager : Event: ======'machine_var_audits_switches_s_dmg_7'====== Args={'value': 2, 'prev_value': None, 'change': True}
2020-01-21 18:49:00,933 : EventManager : Event: ======'machine_var_audits_switches_s_drop_target'====== Args={'value': 5, 'prev_value': None, 'change': True}
2020-01-21 18:49:00,933 : EventManager : Event: ======'machine_var_audits_switches_s_jet_hole'====== Args={'value': 0, 'prev_value': None, 'change': True}
2020-01-21 18:49:00,933 : EventManager : Event: ======'machine_var_audits_switches_s_jet_lane'====== Args={'value': 0, 'prev_value': None, 'change': True}
2020-01-21 18:49:00,933 : EventManager : Event: ======'machine_var_audits_switches_s_kickback'====== Args={'value': 0, 'prev_value': None, 'change': True}
2020-01-21 18:49:00,934 : EventManager : Event: ======'machine_var_audits_switches_s_kickback_target_2'====== Args={'value': 0, 'prev_value': None, 'change': True}
2020-01-21 18:49:00,934 : EventManager : Event: ======'machine_var_audits_switches_s_kickback_target_3'====== Args={'value': 2, 'prev_value': None, 'change': True}
2020-01-21 18:49:00,934 : EventManager : Event: ======'machine_var_audits_switches_s_kickback_terget_1'====== Args={'value': 0, 'prev_value': None, 'change': True}
2020-01-21 18:49:00,934 : EventManager : Event: ======'machine_var_audits_switches_s_left_flipper'====== Args={'value': 59, 'prev_value': None, 'change': True}
2020-01-21 18:49:00,934 : EventManager : Event: ======'machine_var_audits_switches_s_left_hole'====== Args={'value': 0, 'prev_value': None, 'change': True}
2020-01-21 18:49:00,934 : EventManager : Event: ======'machine_var_audits_switches_s_left_inlane'====== Args={'value': 0, 'prev_value': None, 'change': True}
2020-01-21 18:49:00,934 : EventManager : Event: ======'machine_var_audits_switches_s_left_loop_made'====== Args={'value': 3, 'prev_value': None, 'change': True}
2020-01-21 18:49:00,934 : EventManager : Event: ======'machine_var_audits_switches_s_left_loop_pre'====== Args={'value': 0, 'prev_value': None, 'change': True}
2020-01-21 18:49:00,934 : EventManager : Event: ======'machine_var_audits_switches_s_left_mid_inlane'====== Args={'value': 0, 'prev_value': None, 'change': True}
2020-01-21 18:49:00,934 : EventManager : Event: ======'machine_var_audits_switches_s_left_outlane'====== Args={'value': 0, 'prev_value': None, 'change': True}
2020-01-21 18:49:00,934 : EventManager : Event: ======'machine_var_audits_switches_s_left_ramp_made'====== Args={'value': 2, 'prev_value': None, 'change': True}
2020-01-21 18:49:00,934 : EventManager : Event: ======'machine_var_audits_switches_s_left_ramp_pre'====== Args={'value': 0, 'prev_value': None, 'change': True}
2020-01-21 18:49:00,934 : EventManager : Event: ======'machine_var_audits_switches_s_left_slingshot'====== Args={'value': 0, 'prev_value': None, 'change': True}
2020-01-21 18:49:00,935 : EventManager : Event: ======'machine_var_audits_switches_s_lock_1'====== Args={'value': 0, 'prev_value': None, 'change': True}
2020-01-21 18:49:00,935 : EventManager : Event: ======'machine_var_audits_switches_s_lock_2'====== Args={'value': 0, 'prev_value': None, 'change': True}
2020-01-21 18:49:00,935 : EventManager : Event: ======'machine_var_audits_switches_s_lock_3'====== Args={'value': 0, 'prev_value': None, 'change': True}
2020-01-21 18:49:00,935 : EventManager : Event: ======'machine_var_audits_switches_s_main_hole'====== Args={'value': 32, 'prev_value': None, 'change': True}
2020-01-21 18:49:00,935 : EventManager : Event: ======'machine_var_audits_switches_s_pen_1'====== Args={'value': 1, 'prev_value': None, 'change': True}
2020-01-21 18:49:00,935 : EventManager : Event: ======'machine_var_audits_switches_s_pen_2'====== Args={'value': 1, 'prev_value': None, 'change': True}
2020-01-21 18:49:00,935 : EventManager : Event: ======'machine_var_audits_switches_s_pen_3'====== Args={'value': 0, 'prev_value': None, 'change': True}
2020-01-21 18:49:00,935 : EventManager : Event: ======'machine_var_audits_switches_s_pen_4'====== Args={'value': 1, 'prev_value': None, 'change': True}
2020-01-21 18:49:00,935 : EventManager : Event: ======'machine_var_audits_switches_s_pen_5'====== Args={'value': 0, 'prev_value': None, 'change': True}
2020-01-21 18:49:00,935 : EventManager : Event: ======'machine_var_audits_switches_s_pen_6'====== Args={'value': 1, 'prev_value': None, 'change': True}
2020-01-21 18:49:00,935 : EventManager : Event: ======'machine_var_audits_switches_s_plunger'====== Args={'value': 160, 'prev_value': None, 'change': True}
2020-01-21 18:49:00,935 : EventManager : Event: ======'machine_var_audits_switches_s_plunger_button'====== Args={'value': 2, 'prev_value': None, 'change': True}
2020-01-21 18:49:00,935 : EventManager : Event: ======'machine_var_audits_switches_s_ricochet_1'====== Args={'value': 24, 'prev_value': None, 'change': True}
2020-01-21 18:49:00,936 : EventManager : Event: ======'machine_var_audits_switches_s_ricochet_2'====== Args={'value': 7, 'prev_value': None, 'change': True}
2020-01-21 18:49:00,936 : EventManager : Event: ======'machine_var_audits_switches_s_ricochet_3'====== Args={'value': 2, 'prev_value': None, 'change': True}
2020-01-21 18:49:00,936 : EventManager : Event: ======'machine_var_audits_switches_s_ricochet_4'====== Args={'value': 5, 'prev_value': None, 'change': True}
2020-01-21 18:49:00,936 : EventManager : Event: ======'machine_var_audits_switches_s_ricochet_5'====== Args={'value': 5, 'prev_value': None, 'change': True}
2020-01-21 18:49:00,936 : EventManager : Event: ======'machine_var_audits_switches_s_right_flipper'====== Args={'value': 294, 'prev_value': None, 'change': True}
2020-01-21 18:49:00,936 : EventManager : Event: ======'machine_var_audits_switches_s_right_hole'====== Args={'value': 26, 'prev_value': None, 'change': True}
2020-01-21 18:49:00,936 : EventManager : Event: ======'machine_var_audits_switches_s_right_inlane'====== Args={'value': 0, 'prev_value': None, 'change': True}
2020-01-21 18:49:00,936 : EventManager : Event: ======'machine_var_audits_switches_s_right_outlane'====== Args={'value': 0, 'prev_value': None, 'change': True}
2020-01-21 18:49:00,936 : EventManager : Event: ======'machine_var_audits_switches_s_right_ramp_made'====== Args={'value': 2, 'prev_value': None, 'change': True}
2020-01-21 18:49:00,936 : EventManager : Event: ======'machine_var_audits_switches_s_right_ramp_pre'====== Args={'value': 0, 'prev_value': None, 'change': True}
2020-01-21 18:49:00,936 : EventManager : Event: ======'machine_var_audits_switches_s_right_slingshot'====== Args={'value': 0, 'prev_value': None, 'change': True}
2020-01-21 18:49:00,936 : EventManager : Event: ======'machine_var_audits_switches_s_side_hole'====== Args={'value': 2, 'prev_value': None, 'change': True}
2020-01-21 18:49:00,936 : EventManager : Event: ======'machine_var_audits_switches_s_side_ramp_made'====== Args={'value': 0, 'prev_value': None, 'change': True}
2020-01-21 18:49:00,936 : EventManager : Event: ======'machine_var_audits_switches_s_side_ramp_pre'====== Args={'value': 0, 'prev_value': None, 'change': True}
2020-01-21 18:49:00,936 : EventManager : Event: ======'machine_var_audits_switches_s_start'====== Args={'value': 7, 'prev_value': None, 'change': True}
2020-01-21 18:49:00,936 : EventManager : Event: ======'machine_var_audits_switches_s_torpedo'====== Args={'value': 16, 'prev_value': None, 'change': True}
2020-01-21 18:49:00,936 : EventManager : Event: ======'machine_var_audits_switches_s_trough1'====== Args={'value': 17, 'prev_value': None, 'change': True}
2020-01-21 18:49:00,937 : EventManager : Event: ======'machine_var_audits_switches_s_trough2'====== Args={'value': 0, 'prev_value': None, 'change': True}
2020-01-21 18:49:00,937 : EventManager : Event: ======'machine_var_audits_switches_s_trough3'====== Args={'value': 0, 'prev_value': None, 'change': True}
2020-01-21 18:49:00,937 : EventManager : Event: ======'machine_var_audits_switches_s_trough4'====== Args={'value': 0, 'prev_value': None, 'change': True}
2020-01-21 18:49:00,937 : EventManager : Event: ======'machine_var_audits_switches_s_trough5'====== Args={'value': 0, 'prev_value': None, 'change': True}
2020-01-21 18:49:00,937 : EventManager : Event: ======'machine_var_audits_switches_s_trough6'====== Args={'value': 1, 'prev_value': None, 'change': True}
2020-01-21 18:49:00,937 : EventManager : Event: ======'machine_var_audits_switches_s_trough_jam'====== Args={'value': 0, 'prev_value': None, 'change': True}
2020-01-21 18:49:00,965 : EventManager : Event: ======'slides_play'====== Args={'settings': {'welcome_slide': {'target': 'window', 'background_color': [0.0, 0.0, 0.0, 1.0], 'priority': None, 'show': True, 'force': False, 'expire': None, 'slide': None, 'tokens': {}, 'action': 'play'}}, 'context': '_global', 'calling_context': 'init_done', 'priority': 0}
2020-01-21 18:49:00,965 : EventManager : Event: ======'mc_reset_phase_1'====== Args={}
2020-01-21 18:49:00,965 : mpfmc : SlidePlayer: Play called with settings={'welcome_slide': {'target': 'window', 'background_color': [0.0, 0.0, 0.0, 1.0], 'priority': None, 'show': True, 'force': False, 'expire': None, 'slide': None, 'tokens': {}, 'action': 'play'}}
2020-01-21 18:49:00,967 : EventManager : Event: ======'slide_welcome_slide_removed'====== Args={}
2020-01-21 18:49:00,976 : EventManager : Event: ======'slide_welcome_slide_created'====== Args={}
2020-01-21 18:49:00,976 : EventManager : Event: ======'mc_reset_phase_2'====== Args={}
2020-01-21 18:49:00,976 : EventManager : Event: ======'mc_reset_phase_3'====== Args={}
2020-01-21 18:49:00,976 : EventManager : Event: ======'mc_reset_complete'====== Args={}
2020-01-21 18:49:00,977 : EventManager : Event: ======'slide_welcome_slide_active'====== Args={}
2020-01-21 18:49:00,987 : EventManager : Event: ======'slides_play'====== Args={'settings': {'attract_started': {'target': 'window', 'background_color': [0.0, 0.0, 0.0, 1.0], 'priority': None, 'show': True, 'force': False, 'expire': None, 'slide': None, 'tokens': {}, 'action': 'play'}}, 'context': '_global', 'calling_context': 'mode_attract_started', 'priority': 0}
2020-01-21 18:49:00,988 : mpfmc : SlidePlayer: Play called with settings={'attract_started': {'target': 'window', 'background_color': [0.0, 0.0, 0.0, 1.0], 'priority': None, 'show': True, 'force': False, 'expire': None, 'slide': None, 'tokens': {}, 'action': 'play'}}
2020-01-21 18:49:00,997 : EventManager : Event: ======'slide_attract_started_created'====== Args={}
2020-01-21 18:49:01,007 : EventManager : Event: ======'slide_attract_started_active'====== Args={}
2020-01-21 18:49:05,100 : EventManager : Event: ======'game_started'====== Args={}
2020-01-21 18:49:05,101 : EventManager : Event: ======'player_added'====== Args={'player': <Player 1>, 'num': 1}
2020-01-21 18:49:05,101 : EventManager : Event: ======'player_index'====== Args={'value': 0, 'prev_value': 0, 'change': 0, 'player_num': 1}
2020-01-21 18:49:05,101 : EventManager : Event: ======'player_number'====== Args={'value': 1, 'prev_value': 1, 'change': 0, 'player_num': 1}
2020-01-21 18:49:05,101 : EventManager : Event: ======'player_score'====== Args={'value': 0, 'prev_value': 0, 'change': 0, 'player_num': 1}
2020-01-21 18:49:05,101 : EventManager : Event: ======'player_ReceivedDMG'====== Args={'value': 1, 'prev_value': 0, 'change': 1, 'player_num': 1}
2020-01-21 18:49:05,101 : EventManager : Event: ======'player_DMGValue'====== Args={'value': 10000000, 'prev_value': 0, 'change': 10000000, 'player_num': 1}
2020-01-21 18:49:05,102 : EventManager : Event: ======'player_m1shotmade'====== Args={'value': 0, 'prev_value': 0, 'change': 0, 'player_num': 1}
2020-01-21 18:49:05,102 : EventManager : Event: ======'player_m2shotmade'====== Args={'value': 0, 'prev_value': 0, 'change': 0, 'player_num': 1}
2020-01-21 18:49:05,102 : EventManager : Event: ======'player_m3shotmade'====== Args={'value': 0, 'prev_value': 0, 'change': 0, 'player_num': 1}
2020-01-21 18:49:05,102 : EventManager : Event: ======'player_m4shotmade'====== Args={'value': 0, 'prev_value': 0, 'change': 0, 'player_num': 1}
2020-01-21 18:49:05,102 : EventManager : Event: ======'player_m5shotmade'====== Args={'value': 0, 'prev_value': 0, 'change': 0, 'player_num': 1}
2020-01-21 18:49:05,102 : EventManager : Event: ======'player_m6shotmade'====== Args={'value': 0, 'prev_value': 0, 'change': 0, 'player_num': 1}
2020-01-21 18:49:05,102 : EventManager : Event: ======'player_m7shotmade'====== Args={'value': 0, 'prev_value': 0, 'change': 0, 'player_num': 1}
2020-01-21 18:49:05,102 : EventManager : Event: ======'player_m8shotmade'====== Args={'value': 0, 'prev_value': 0, 'change': 0, 'player_num': 1}
2020-01-21 18:49:05,102 : EventManager : Event: ======'player_m9shotmade'====== Args={'value': 0, 'prev_value': 0, 'change': 0, 'player_num': 1}
2020-01-21 18:49:05,132 : EventManager : Event: ======'player_ball'====== Args={'value': 1, 'prev_value': 0, 'change': 1, 'player_num': 1}
2020-01-21 18:49:05,132 : EventManager : Event: ======'player_turn_start'====== Args={'number': 1, 'player': <Player 1>}
2020-01-21 18:49:05,149 : EventManager : Event: ======'slides_play'====== Args={'settings': {'widgets': {'widgets': [{'type': 'text', 'text': '(score)', 'number_grouping': True, 'min_digits': 2, 'font_size': 30, 'color': [1.0, 0.0, 0.0, 1], '_default_settings': ['type', 'text', 'number_grouping', 'min_digits', 'font_size', 'color'], 'x': None, 'y': None, 'anchor_x': 'center', 'anchor_y': 'center', 'round_anchor_x': None, 'round_anchor_y': None, 'opacity': 1.0, 'z': 0, 'reset_animations_events': {}, 'style': [], 'adjust_top': 0, 'adjust_bottom': 0, 'adjust_left': 0, 'adjust_right': 0, 'expire': None, 'key': None, 'widget': None, 'events_when_added': [], 'events_when_removed': [], 'bitmap_font': False, 'font_kerning': True, 'bold': False, 'italic': False, 'halign': 'center', 'valign': 'middle', 'rotation': 0, 'scale': 1.0, 'casing': None, 'animations': None}, {'type': 'text', 'text': 'PLAYER (number)', 'y': '0', 'x': '0', 'font_size': 8, 'anchor_x': 'left', 'anchor_y': 'bottom', 'color': [0.0, 0.0, 1.0, 1], '_default_settings': ['type', 'text', 'y', 'x', 'font_size', 'anchor_x', 'anchor_y', 'color'], 'round_anchor_x': None, 'round_anchor_y': None, 'opacity': 1.0, 'z': 0, 'reset_animations_events': {}, 'style': [], 'adjust_top': 0, 'adjust_bottom': 0, 'adjust_left': 0, 'adjust_right': 0, 'expire': None, 'key': None, 'widget': None, 'events_when_added': [], 'events_when_removed': [], 'bitmap_font': False, 'font_kerning': True, 'bold': False, 'italic': False, 'number_grouping': False, 'min_digits': 0, 'halign': 'center', 'valign': 'middle', 'rotation': 0, 'scale': 1.0, 'casing': None, 'animations': None}, {'type': 'text', 'text': 'BALL (ball)', 'y': '0', 'x': 'right-10', 'anchor_x': 'right', 'anchor_y': 'bottom', 'font_size': 8, 'color': [0.0, 0.5019607843137255, 0.0, 1], '_default_settings': ['type', 'text', 'y', 'x', 'anchor_x', 'anchor_y', 'font_size', 'color'], 'round_anchor_x': None, 'round_anchor_y': None, 'opacity': 1.0, 'z': 0, 'reset_animations_events': {}, 'style': [], 'adjust_top': 0, 'adjust_bottom': 0, 'adjust_left': 0, 'adjust_right': 0, 'expire': None, 'key': None, 'widget': None, 'events_when_added': [], 'events_when_removed': [], 'bitmap_font': False, 'font_kerning': True, 'bold': False, 'italic': False, 'number_grouping': False, 'min_digits': 0, 'halign': 'center', 'valign': 'middle', 'rotation': 0, 'scale': 1.0, 'casing': None, 'animations': None}], 'target': None, 'background_color': [0.0, 0.0, 0.0, 1.0], 'priority': None, 'show': True, 'force': False, 'expire': None, 'slide': None, 'tokens': {}, 'action': 'play'}}, 'context': 'base', 'calling_context': 'mode_base_started', 'priority': 100, 'queue': '<QueuedEvent>', 'player': 1, 'ball': 1, 'balls_remaining': 2, 'is_extra_ball': False}
2020-01-21 18:49:05,149 : mpfmc : SlidePlayer: Play called with settings={'widgets': {'widgets': [{'type': 'text', 'text': '(score)', 'number_grouping': True, 'min_digits': 2, 'font_size': 30, 'color': [1.0, 0.0, 0.0, 1], '_default_settings': ['type', 'text', 'number_grouping', 'min_digits', 'font_size', 'color'], 'x': None, 'y': None, 'anchor_x': 'center', 'anchor_y': 'center', 'round_anchor_x': None, 'round_anchor_y': None, 'opacity': 1.0, 'z': 0, 'reset_animations_events': {}, 'style': [], 'adjust_top': 0, 'adjust_bottom': 0, 'adjust_left': 0, 'adjust_right': 0, 'expire': None, 'key': None, 'widget': None, 'events_when_added': [], 'events_when_removed': [], 'bitmap_font': False, 'font_kerning': True, 'bold': False, 'italic': False, 'halign': 'center', 'valign': 'middle', 'rotation': 0, 'scale': 1.0, 'casing': None, 'animations': None}, {'type': 'text', 'text': 'PLAYER (number)', 'y': '0', 'x': '0', 'font_size': 8, 'anchor_x': 'left', 'anchor_y': 'bottom', 'color': [0.0, 0.0, 1.0, 1], '_default_settings': ['type', 'text', 'y', 'x', 'font_size', 'anchor_x', 'anchor_y', 'color'], 'round_anchor_x': None, 'round_anchor_y': None, 'opacity': 1.0, 'z': 0, 'reset_animations_events': {}, 'style': [], 'adjust_top': 0, 'adjust_bottom': 0, 'adjust_left': 0, 'adjust_right': 0, 'expire': None, 'key': None, 'widget': None, 'events_when_added': [], 'events_when_removed': [], 'bitmap_font': False, 'font_kerning': True, 'bold': False, 'italic': False, 'number_grouping': False, 'min_digits': 0, 'halign': 'center', 'valign': 'middle', 'rotation': 0, 'scale': 1.0, 'casing': None, 'animations': None}, {'type': 'text', 'text': 'BALL (ball)', 'y': '0', 'x': 'right-10', 'anchor_x': 'right', 'anchor_y': 'bottom', 'font_size': 8, 'color': [0.0, 0.5019607843137255, 0.0, 1], '_default_settings': ['type', 'text', 'y', 'x', 'anchor_x', 'anchor_y', 'font_size', 'color'], 'round_anchor_x': None, 'round_anchor_y': None, 'opacity': 1.0, 'z': 0, 'reset_animations_events': {}, 'style': [], 'adjust_top': 0, 'adjust_bottom': 0, 'adjust_left': 0, 'adjust_right': 0, 'expire': None, 'key': None, 'widget': None, 'events_when_added': [], 'events_when_removed': [], 'bitmap_font': False, 'font_kerning': True, 'bold': False, 'italic': False, 'number_grouping': False, 'min_digits': 0, 'halign': 'center', 'valign': 'middle', 'rotation': 0, 'scale': 1.0, 'casing': None, 'animations': None}], 'target': None, 'background_color': [0.0, 0.0, 0.0, 1.0], 'priority': None, 'show': True, 'force': False, 'expire': None, 'slide': None, 'tokens': {}, 'action': 'play'}}
2020-01-21 18:49:05,154 : EventManager : Event: ======'slide_base.slide_player-mode_base_started_created'====== Args={}
2020-01-21 18:49:05,156 : EventManager : Event: ======'slide_base.slide_player-mode_base_started_active'====== Args={}
2020-01-21 18:49:05,266 : EventManager : Event: ======'machine_var_audits_switches_s_plunger'====== Args={'value': 161, 'prev_value': 160, 'change': 1}
2020-01-21 18:49:09,699 : EventManager : Event: ======'machine_var_audits_switches_s_right_flipper'====== Args={'value': 295, 'prev_value': 294, 'change': 1}
2020-01-21 18:49:10,033 : EventManager : Event: ======'machine_var_audits_switches_s_right_flipper'====== Args={'value': 296, 'prev_value': 295, 'change': 1}
2020-01-21 18:49:10,332 : EventManager : Event: ======'machine_var_audits_switches_s_right_flipper'====== Args={'value': 297, 'prev_value': 296, 'change': 1}
2020-01-21 18:49:10,649 : EventManager : Event: ======'machine_var_audits_switches_s_right_flipper'====== Args={'value': 298, 'prev_value': 297, 'change': 1}
2020-01-21 18:49:10,967 : EventManager : Event: ======'machine_var_audits_switches_s_right_flipper'====== Args={'value': 299, 'prev_value': 298, 'change': 1}
2020-01-21 18:49:11,300 : EventManager : Event: ======'machine_var_audits_switches_s_right_flipper'====== Args={'value': 300, 'prev_value': 299, 'change': 1}
2020-01-21 18:49:12,650 : EventManager : Event: ======'machine_var_audits_switches_s_main_hole'====== Args={'value': 33, 'prev_value': 32, 'change': 1}
2020-01-21 18:49:14,800 : EventManager : Event: ======'machine_var_audits_switches_s_dmg_1'====== Args={'value': 382, 'prev_value': 381, 'change': 1}
2020-01-21 18:49:14,800 : EventManager : Event: ======'player_score'====== Args={'value': 10000, 'prev_value': 0, 'change': 10000, 'player_num': 1}
2020-01-21 18:49:14,800 : EventManager : Event: ======'player_RecivedDMG'====== Args={'value': 3, 'prev_value': 0, 'change': 3, 'player_num': 1}
2020-01-21 18:49:16,766 : EventManager : Event: ======'machine_var_audits_switches_s_dmg_1'====== Args={'value': 383, 'prev_value': 382, 'change': 1}
2020-01-21 18:49:16,767 : EventManager : Event: ======'player_score'====== Args={'value': 20000, 'prev_value': 10000, 'change': 10000, 'player_num': 1}
2020-01-21 18:49:16,783 : EventManager : Event: ======'player_RecivedDMG'====== Args={'value': 6, 'prev_value': 3, 'change': 3, 'player_num': 1}
2020-01-21 18:49:18,579 : kivy : WindowSDL: exiting mainloop and closing.
2020-01-21 18:49:18,665 : kivy : Base: Leaving application in progress...
2020-01-21 18:49:18,665 : mpfmc : Stopping...
2020-01-21 18:49:18,665 : EventManager : Event: ======'shutdown'====== Args={}
2020-01-21 18:49:18,665 : mpfmc : Loop rate 55.85 Hz
2020-01-21 18:49:18,666 : kivy : MC run loop ended.
2020-01-21 18:49:18,666 : kivy : Stopping child threads... (3 remaining)
2020-01-21 18:49:19,530 : mpfmc : Stopping...
2020-01-21 18:49:19,531 : EventManager : Event: ======'shutdown'====== Args={}
2020-01-21 18:49:19,532 : mpfmc : Loop rate 53.34 Hz
2020-01-21 18:49:19,542 : MPF-MC BCP Server : Stopping BCP sending thread
2020-01-21 18:49:19,572 : kivy : All child threads stopped.
