2020-05-01 22:11:21,870 : INFO : Machine : Mission Pinball Framework Core Engine v0.53.2
2020-05-01 22:11:21,870 : INFO : Machine : Command line arguments: {'no_load_cache': False, 'create_config_cache': True, 'bcp': True, 'configfile': ['config.yaml'], 'mpfconfigfile': 'c:\\users\\schol\\appdata\\local\\programs\\python\\python36\\lib\\site-packages\\mpf\\mpfconfig.yaml', 'force_assets_load': False, 'jsonlogging': False, 'logfile': 'logs\\2020-05-01-22-11-21-mpf-DESKTOP-FPTMTCL.log', 'pause': False, 'production': False, 'text_ui': True, 'loglevel': 15, 'consoleloglevel': 20, 'force_platform': 'smart_virtual', 'syslog_address': None, 'mc_file_name': None, 'no_sound': False}
2020-05-01 22:11:21,871 : INFO : Machine : MPF path: c:\users\schol\appdata\local\programs\python\python36\lib\site-packages\mpf
2020-05-01 22:11:21,871 : INFO : Machine : Machine path: E:\MPF\wows\wows
2020-05-01 22:11:21,871 : INFO : Machine : Platform: win32
2020-05-01 22:11:21,871 : INFO : Machine : Python executable location: c:\users\schol\appdata\local\programs\python\python36\python.exe
2020-05-01 22:11:21,871 : INFO : Machine : Python version: 3.6.4 (64-bit)
2020-05-01 22:11:21,871 : INFO : Machine : Machine config file #1: config.yaml
2020-05-01 22:11:21,872 : WARNING : ConfigProcessor : Config file in cache changed: E:\MPF\wows\wows\config\config.yaml
2020-05-01 22:11:21,872 : INFO : ConfigProcessor : Loading config from file c:\users\schol\appdata\local\programs\python\python36\lib\site-packages\mpf\mpfconfig.yaml.
2020-05-01 22:11:21,940 : INFO : ConfigProcessor : Loading config: c:\users\schol\appdata\local\programs\python\python36\lib\site-packages\mpf\mpfconfig.yaml
2020-05-01 22:11:21,947 : INFO : ConfigProcessor : Loading config from file E:\MPF\wows\wows\config\config.yaml.
2020-05-01 22:11:22,079 : INFO : ConfigProcessor : Loading config: E:\MPF\wows\wows\config\config.yaml
2020-05-01 22:11:22,082 : INFO : ConfigProcessor : Config file cache created: C:\Users\schol\AppData\Local\Temp\1ed54315bc874a19390ba34e1a0f1800.mpf_cache
2020-05-01 22:11:22,083 : INFO : Machine : Initialise MPF.
2020-05-01 22:11:22,407 : INFO : EventManager : Event: ======'machine_var_credits_string'====== Args={'value': 'FREE PLAY', 'prev_value': None, 'change': True}
2020-05-01 22:11:22,445 : INFO : EventManager : Event: ======'machine_var_player1_score'====== Args={'value': 0, 'prev_value': None, 'change': True}
2020-05-01 22:11:22,445 : INFO : EventManager : Event: ======'machine_var_mpf_version'====== Args={'value': 'MPF v0.53.2', 'prev_value': None, 'change': True}
2020-05-01 22:11:22,445 : INFO : EventManager : Event: ======'machine_var_mpf_extended_version'====== Args={'value': 'MPF v0.53.2, Config version:5, Show version: 5, BCP version:1.1', 'prev_value': None, 'change': True}
2020-05-01 22:11:22,445 : INFO : EventManager : Event: ======'machine_var_python_version'====== Args={'value': '3.6.4', 'prev_value': None, 'change': True}
2020-05-01 22:11:22,445 : INFO : EventManager : Event: ======'machine_var_platform'====== Args={'value': 'Windows-10-10.0.18362-SP0', 'prev_value': None, 'change': True}
2020-05-01 22:11:22,445 : INFO : EventManager : Event: ======'machine_var_platform_system'====== Args={'value': 'Windows', 'prev_value': None, 'change': True}
2020-05-01 22:11:22,445 : INFO : EventManager : Event: ======'machine_var_platform_release'====== Args={'value': '10', 'prev_value': None, 'change': True}
2020-05-01 22:11:22,445 : INFO : EventManager : Event: ======'machine_var_platform_version'====== Args={'value': '10.0.18362', 'prev_value': None, 'change': True}
2020-05-01 22:11:22,445 : INFO : EventManager : Event: ======'machine_var_platform_machine'====== Args={'value': 'AMD64', 'prev_value': None, 'change': True}
2020-05-01 22:11:22,445 : INFO : EventManager : Event: ======'init_phase_1'====== Args={}
2020-05-01 22:11:22,478 : INFO : ConfigProcessor : Loading config from cache: C:\Users\schol\AppData\Local\Temp\b0de444617e3bf30a07f755a6d4831cc.mpf_cache
2020-05-01 22:11:22,480 : INFO : ConfigProcessor : Loading config from cache: C:\Users\schol\AppData\Local\Temp\e8fceecd8f65a6a7269e98c7961bbf6a.mpf_cache
2020-05-01 22:11:22,482 : INFO : ConfigProcessor : Loading config from cache: C:\Users\schol\AppData\Local\Temp\db3d1ab92e5d5c563b40d82372434517.mpf_cache
2020-05-01 22:11:22,484 : INFO : ConfigProcessor : Loading config from cache: C:\Users\schol\AppData\Local\Temp\93429a2a8e0859f6546b68f40c2a4656.mpf_cache
2020-05-01 22:11:22,486 : INFO : ConfigProcessor : Loading config from cache: C:\Users\schol\AppData\Local\Temp\d5fd805c5432c1441bf01a6268536a3d.mpf_cache
2020-05-01 22:11:22,491 : INFO : ConfigProcessor : Loading config from cache: C:\Users\schol\AppData\Local\Temp\95ae88fb094583fa2b4097c6df179650.mpf_cache
2020-05-01 22:11:22,493 : INFO : ConfigProcessor : Loading config from cache: C:\Users\schol\AppData\Local\Temp\efcf079e5af2b94e88dae4e07273acc8.mpf_cache
2020-05-01 22:11:22,495 : WARNING : ConfigProcessor : Cache file not found: C:\Users\schol\AppData\Local\Temp\09a80c6d3887bcc7b9c4580b6d9cb499.mpf_cache
2020-05-01 22:11:22,495 : INFO : ConfigProcessor : Loading config from file E:\MPF\wows\wows\modes\ship_crew\config\ship_crew.yaml.
2020-05-01 22:11:22,512 : INFO : ConfigProcessor : Loading config: E:\MPF\wows\wows\modes\ship_crew\config\ship_crew.yaml
2020-05-01 22:11:22,513 : INFO : ConfigProcessor : Config file cache created: C:\Users\schol\AppData\Local\Temp\09a80c6d3887bcc7b9c4580b6d9cb499.mpf_cache
2020-05-01 22:11:22,515 : INFO : ConfigProcessor : Loading config from cache: C:\Users\schol\AppData\Local\Temp\7c1900736275ba8a713cfe77e991e929.mpf_cache
2020-05-01 22:11:22,517 : INFO : ConfigProcessor : Loading config from cache: C:\Users\schol\AppData\Local\Temp\95e265efe14e4eb05d8d5c5689c9ae6b.mpf_cache
2020-05-01 22:11:22,519 : INFO : ConfigProcessor : Loading config from cache: C:\Users\schol\AppData\Local\Temp\de2d3fc178b15ce3807fa4ab35b9c965.mpf_cache
2020-05-01 22:11:22,521 : INFO : ConfigProcessor : Loading config from cache: C:\Users\schol\AppData\Local\Temp\200a9b2dddbe7706ffb4c4426b6d54a8.mpf_cache
2020-05-01 22:11:22,523 : INFO : ConfigProcessor : Loading config from cache: C:\Users\schol\AppData\Local\Temp\72e9fea1cb562e40024eb5e8538ccaf2.mpf_cache
2020-05-01 22:11:22,525 : INFO : ConfigProcessor : Loading config from cache: C:\Users\schol\AppData\Local\Temp\466eddfec572894d9eb472ce07aa5fba.mpf_cache
2020-05-01 22:11:22,527 : INFO : ConfigProcessor : Loading config from cache: C:\Users\schol\AppData\Local\Temp\b1234e2c44a33609dc2af4760c4a3f89.mpf_cache
2020-05-01 22:11:22,529 : INFO : ConfigProcessor : Loading config from cache: C:\Users\schol\AppData\Local\Temp\2f89b2ab1d9f3cef79a660914b2a527a.mpf_cache
2020-05-01 22:11:22,531 : INFO : ConfigProcessor : Loading config from cache: C:\Users\schol\AppData\Local\Temp\1ff29be1d22fb14fe5fd1c82a6918df4.mpf_cache
2020-05-01 22:11:22,533 : INFO : ConfigProcessor : Loading config from cache: C:\Users\schol\AppData\Local\Temp\0c80ca2179989d09b86c78c19ec87d9b.mpf_cache
2020-05-01 22:11:22,535 : INFO : ConfigProcessor : Loading config from cache: C:\Users\schol\AppData\Local\Temp\c84d6d08bf6f923cbcccfeeea02d2c8a.mpf_cache
2020-05-01 22:11:22,537 : INFO : ConfigProcessor : Loading config from cache: C:\Users\schol\AppData\Local\Temp\ba047bbdc168fca96d58d351c4240916.mpf_cache
2020-05-01 22:11:22,539 : INFO : ConfigProcessor : Loading config from cache: C:\Users\schol\AppData\Local\Temp\4303dca7489148da2d256fc831cf8c96.mpf_cache
2020-05-01 22:11:22,541 : INFO : ConfigProcessor : Loading config from cache: C:\Users\schol\AppData\Local\Temp\5c4497fcd69d1d656c4b69a28e44c490.mpf_cache
2020-05-01 22:11:22,546 : INFO : ConfigProcessor : Loading config from cache: C:\Users\schol\AppData\Local\Temp\159a0b7ffc6de2ed1a8cdcd57b7df3c0.mpf_cache
2020-05-01 22:11:22,548 : INFO : ConfigProcessor : Loading config from cache: C:\Users\schol\AppData\Local\Temp\5ab98d4be1e8de85bea62364890eb2e9.mpf_cache
2020-05-01 22:11:22,550 : INFO : ConfigProcessor : Loading config from cache: C:\Users\schol\AppData\Local\Temp\dec453850496132f8dddcdfa0a36feb5.mpf_cache
2020-05-01 22:11:22,577 : ERROR : asyncio : Exception in callback EventManager._async_handler_done(<QueuedEvent>)(<Task finishe...verloaded.',)>) at c:\users\schol\appdata\local\programs\python\python36\lib\site-packages\mpf\core\events.py:99
handle: <Handle EventManager._async_handler_done(<QueuedEvent>)(<Task finishe...verloaded.',)>) at c:\users\schol\appdata\local\programs\python\python36\lib\site-packages\mpf\core\events.py:99>
Traceback (most recent call last):
  File "c:\users\schol\appdata\local\programs\python\python36\lib\asyncio\events.py", line 145, in _run
    self._callback(*self._args)
  File "c:\users\schol\appdata\local\programs\python\python36\lib\site-packages\mpf\core\events.py", line 102, in _async_handler_done
    future.result()
  File "c:\users\schol\appdata\local\programs\python\python36\lib\site-packages\mpf\core\device_manager.py", line 114, in _load_device_modules
    await self.machine.mode_controller.load_mode_devices()
  File "c:\users\schol\appdata\local\programs\python\python36\lib\site-packages\mpf\core\mode_controller.py", line 90, in load_mode_devices
    await mode.load_mode_devices()
  File "c:\users\schol\appdata\local\programs\python\python36\lib\site-packages\mpf\core\mode.py", line 443, in load_mode_devices
    device.overload_config_in_mode(self, settings)
  File "c:\users\schol\appdata\local\programs\python\python36\lib\site-packages\mpf\core\mode_device.py", line 52, in overload_config_in_mode
    raise AssertionError("Device {} cannot be overloaded.".format(self))
AssertionError: Device <achievement_group.consumable_modes> cannot be overloaded.
2020-05-01 22:11:22,652 : INFO : Machine : Starting the main run loop.
2020-05-01 22:11:22,657 : INFO : Machine : Shutting down...
2020-05-01 22:11:22,657 : INFO : EventManager : Event: ======'shutdown'====== Args={}
2020-05-01 22:11:22,658 : ERROR : Machine : Runtime Exception
Traceback (most recent call last):
  File "c:\users\schol\appdata\local\programs\python\python36\lib\site-packages\mpf\core\machine.py", line 765, in _run_loop
    raise self._exception['exception']
  File "c:\users\schol\appdata\local\programs\python\python36\lib\asyncio\events.py", line 145, in _run
    self._callback(*self._args)
  File "c:\users\schol\appdata\local\programs\python\python36\lib\site-packages\mpf\core\events.py", line 102, in _async_handler_done
    future.result()
  File "c:\users\schol\appdata\local\programs\python\python36\lib\site-packages\mpf\core\device_manager.py", line 114, in _load_device_modules
    await self.machine.mode_controller.load_mode_devices()
  File "c:\users\schol\appdata\local\programs\python\python36\lib\site-packages\mpf\core\mode_controller.py", line 90, in load_mode_devices
    await mode.load_mode_devices()
  File "c:\users\schol\appdata\local\programs\python\python36\lib\site-packages\mpf\core\mode.py", line 443, in load_mode_devices
    device.overload_config_in_mode(self, settings)
  File "c:\users\schol\appdata\local\programs\python\python36\lib\site-packages\mpf\core\mode_device.py", line 52, in overload_config_in_mode
    raise AssertionError("Device {} cannot be overloaded.".format(self))
AssertionError: Device <achievement_group.consumable_modes> cannot be overloaded.
2020-05-01 22:11:22,669 : INFO : root : MPF run loop ended.
