2020-07-17 12:11:43,532 : INFO : root : Loading config.
2020-07-17 12:11:43,543 : INFO : YamlMultifileConfigLoader : Machine config file #1: config.yaml
2020-07-17 12:11:43,546 : WARNING : ConfigProcessor : Config file in cache changed: E:\MPF\wows\wows\config\config.yaml
2020-07-17 12:11:43,546 : INFO : ConfigProcessor : Loading config from file c:\users\schol\appdata\local\programs\python\python36\lib\site-packages\mpf\mpfconfig.yaml.
2020-07-17 12:11:43,617 : INFO : ConfigProcessor : Loading config: c:\users\schol\appdata\local\programs\python\python36\lib\site-packages\mpf\mpfconfig.yaml
2020-07-17 12:11:43,618 : INFO : ConfigProcessor : Loading config from file E:\MPF\wows\wows\config\config.yaml.
2020-07-17 12:11:43,791 : INFO : ConfigProcessor : Loading config: E:\MPF\wows\wows\config\config.yaml
2020-07-17 12:11:43,852 : INFO : ConfigProcessor : Loading config: E:\MPF\wows\wows\config\config_mode_support.yaml
2020-07-17 12:11:43,857 : INFO : ConfigProcessor : Config file cache created: C:\Users\schol\AppData\Local\Temp\1ed54315bc874a19390ba34e1a0f1800.mpf_cache
2020-07-17 12:11:43,977 : INFO : ConfigProcessor : Loading config from cache: C:\Users\schol\AppData\Local\Temp\d7d60495530237b374578b281bb65f31.mpf_cache
2020-07-17 12:11:43,982 : INFO : ConfigProcessor : Loading config from cache: C:\Users\schol\AppData\Local\Temp\cd9adc04f71a18563c8a43d82180f6f2.mpf_cache
2020-07-17 12:11:43,987 : INFO : ConfigProcessor : Loading config from cache: C:\Users\schol\AppData\Local\Temp\d7d60495530237b374578b281bb65f31.mpf_cache
2020-07-17 12:11:44,001 : INFO : ConfigProcessor : Loading config from cache: C:\Users\schol\AppData\Local\Temp\4bea832e3562a43fbe38f9764d71c298.mpf_cache
2020-07-17 12:11:44,018 : INFO : ConfigProcessor : Loading config from cache: C:\Users\schol\AppData\Local\Temp\45b3b9aa5591eaef8a230445e70fa468.mpf_cache
2020-07-17 12:11:44,028 : INFO : ConfigProcessor : Loading config from cache: C:\Users\schol\AppData\Local\Temp\dec453850496132f8dddcdfa0a36feb5.mpf_cache
2020-07-17 12:11:44,033 : INFO : ConfigProcessor : Loading config from cache: C:\Users\schol\AppData\Local\Temp\72e9fea1cb562e40024eb5e8538ccaf2.mpf_cache
2020-07-17 12:11:44,039 : INFO : ConfigProcessor : Loading config from cache: C:\Users\schol\AppData\Local\Temp\1ff29be1d22fb14fe5fd1c82a6918df4.mpf_cache
2020-07-17 12:11:44,045 : INFO : ConfigProcessor : Loading config from cache: C:\Users\schol\AppData\Local\Temp\f0ffd5ecaddfe34035bf3b1779215a88.mpf_cache
2020-07-17 12:11:44,063 : INFO : ConfigProcessor : Loading config from cache: C:\Users\schol\AppData\Local\Temp\b0de444617e3bf30a07f755a6d4831cc.mpf_cache
2020-07-17 12:11:44,068 : INFO : ConfigProcessor : Loading config from cache: C:\Users\schol\AppData\Local\Temp\200a9b2dddbe7706ffb4c4426b6d54a8.mpf_cache
2020-07-17 12:11:44,073 : INFO : ConfigProcessor : Loading config from cache: C:\Users\schol\AppData\Local\Temp\5ab98d4be1e8de85bea62364890eb2e9.mpf_cache
2020-07-17 12:11:44,077 : INFO : ConfigProcessor : Loading config from cache: C:\Users\schol\AppData\Local\Temp\4303dca7489148da2d256fc831cf8c96.mpf_cache
2020-07-17 12:11:44,083 : INFO : ConfigProcessor : Loading config from cache: C:\Users\schol\AppData\Local\Temp\e8fceecd8f65a6a7269e98c7961bbf6a.mpf_cache
2020-07-17 12:11:44,088 : INFO : ConfigProcessor : Loading config from cache: C:\Users\schol\AppData\Local\Temp\c84d6d08bf6f923cbcccfeeea02d2c8a.mpf_cache
2020-07-17 12:11:44,093 : INFO : ConfigProcessor : Loading config from cache: C:\Users\schol\AppData\Local\Temp\159a0b7ffc6de2ed1a8cdcd57b7df3c0.mpf_cache
2020-07-17 12:11:44,098 : INFO : ConfigProcessor : Loading config from cache: C:\Users\schol\AppData\Local\Temp\b1234e2c44a33609dc2af4760c4a3f89.mpf_cache
2020-07-17 12:11:44,105 : INFO : ConfigProcessor : Loading config from cache: C:\Users\schol\AppData\Local\Temp\466eddfec572894d9eb472ce07aa5fba.mpf_cache
2020-07-17 12:11:44,110 : INFO : ConfigProcessor : Loading config from cache: C:\Users\schol\AppData\Local\Temp\93429a2a8e0859f6546b68f40c2a4656.mpf_cache
2020-07-17 12:11:44,115 : INFO : ConfigProcessor : Loading config from cache: C:\Users\schol\AppData\Local\Temp\95ae88fb094583fa2b4097c6df179650.mpf_cache
2020-07-17 12:11:44,120 : INFO : ConfigProcessor : Loading config from cache: C:\Users\schol\AppData\Local\Temp\de2d3fc178b15ce3807fa4ab35b9c965.mpf_cache
2020-07-17 12:11:44,127 : INFO : ConfigProcessor : Loading config from cache: C:\Users\schol\AppData\Local\Temp\0c80ca2179989d09b86c78c19ec87d9b.mpf_cache
2020-07-17 12:11:44,132 : INFO : ConfigProcessor : Loading config from cache: C:\Users\schol\AppData\Local\Temp\95e265efe14e4eb05d8d5c5689c9ae6b.mpf_cache
2020-07-17 12:11:44,138 : INFO : ConfigProcessor : Loading config from cache: C:\Users\schol\AppData\Local\Temp\ba047bbdc168fca96d58d351c4240916.mpf_cache
2020-07-17 12:11:44,144 : INFO : ConfigProcessor : Loading config from cache: C:\Users\schol\AppData\Local\Temp\7c1900736275ba8a713cfe77e991e929.mpf_cache
2020-07-17 12:11:44,167 : INFO : ConfigProcessor : Loading config from cache: C:\Users\schol\AppData\Local\Temp\db3d1ab92e5d5c563b40d82372434517.mpf_cache
2020-07-17 12:11:44,173 : INFO : ConfigProcessor : Loading config from cache: C:\Users\schol\AppData\Local\Temp\efcf079e5af2b94e88dae4e07273acc8.mpf_cache
2020-07-17 12:11:44,192 : INFO : ConfigProcessor : Loading config from cache: C:\Users\schol\AppData\Local\Temp\6d62665f0d27f04673542af594d4fd9b.mpf_cache
2020-07-17 12:11:44,197 : INFO : ConfigProcessor : Loading config from cache: C:\Users\schol\AppData\Local\Temp\ff8f94bde3fa94916ad1b7409fed77bd.mpf_cache
2020-07-17 12:11:44,210 : INFO : ConfigProcessor : Loading config from cache: C:\Users\schol\AppData\Local\Temp\804b9a1ad2b0368c8378a1697de79431.mpf_cache
2020-07-17 12:11:44,226 : INFO : ConfigProcessor : Loading config from cache: C:\Users\schol\AppData\Local\Temp\3f05176740ce9b1ce630d9f26057f472.mpf_cache
2020-07-17 12:11:44,236 : INFO : ConfigProcessor : Loading config from cache: C:\Users\schol\AppData\Local\Temp\d75c6855c6bfc342a42171d44ee55d0f.mpf_cache
2020-07-17 12:11:44,242 : INFO : ConfigProcessor : Loading config from cache: C:\Users\schol\AppData\Local\Temp\add867c5df761e1504adb97d6f9bf236.mpf_cache
2020-07-17 12:11:44,248 : INFO : ConfigProcessor : Loading config from cache: C:\Users\schol\AppData\Local\Temp\c03af884f77fd2edff48f1f1b29a0001.mpf_cache
2020-07-17 12:11:44,253 : INFO : ConfigProcessor : Loading config from cache: C:\Users\schol\AppData\Local\Temp\125cf4d7d8d0f7b14ac4e9b5c5fc6dd9.mpf_cache
2020-07-17 12:11:44,258 : INFO : ConfigProcessor : Loading config from cache: C:\Users\schol\AppData\Local\Temp\e98bbe1017594ac8f5dc55070bdaec1b.mpf_cache
2020-07-17 12:11:44,262 : INFO : ConfigProcessor : Loading config from cache: C:\Users\schol\AppData\Local\Temp\540f9a41a139edc7fb3c0d3fef764d79.mpf_cache
2020-07-17 12:11:44,267 : INFO : ConfigProcessor : Loading config from cache: C:\Users\schol\AppData\Local\Temp\66310f6b7da6aa9e1e12a092b4e5ea1e.mpf_cache
2020-07-17 12:11:44,272 : INFO : ConfigProcessor : Loading config from cache: C:\Users\schol\AppData\Local\Temp\e39b84c1f1807716ec310701a6bf0d73.mpf_cache
2020-07-17 12:11:44,277 : INFO : ConfigProcessor : Loading config from cache: C:\Users\schol\AppData\Local\Temp\a3a3c1b8b3198ac6ffa6b5064057ae07.mpf_cache
2020-07-17 12:11:44,287 : INFO : ConfigProcessor : Loading config from cache: C:\Users\schol\AppData\Local\Temp\4eebc146e222c8d9b7fa4d2858e69ea1.mpf_cache
2020-07-17 12:11:44,292 : INFO : ConfigProcessor : Loading config from cache: C:\Users\schol\AppData\Local\Temp\e126248c44ebfdee710b05c2b7d5fe82.mpf_cache
2020-07-17 12:11:44,301 : INFO : ConfigProcessor : Loading config from cache: C:\Users\schol\AppData\Local\Temp\69ecee52b21d2a851426dcc7135d38ea.mpf_cache
2020-07-17 12:11:44,307 : INFO : ConfigProcessor : Loading config from cache: C:\Users\schol\AppData\Local\Temp\56ece61e32d3cc2ed53dd325a47460b4.mpf_cache
2020-07-17 12:11:44,333 : INFO : ConfigProcessor : Loading config from cache: C:\Users\schol\AppData\Local\Temp\d0b1dbeaceec3deef73ab0fce07cd740.mpf_cache
2020-07-17 12:11:44,350 : INFO : ConfigProcessor : Loading config from cache: C:\Users\schol\AppData\Local\Temp\3d3afc7fea552c2bae3e6e1d92aa1a26.mpf_cache
2020-07-17 12:11:44,355 : INFO : ConfigProcessor : Loading config from cache: C:\Users\schol\AppData\Local\Temp\4bd243ad0d8c16d00a837306cf5c3d29.mpf_cache
2020-07-17 12:11:44,360 : INFO : ConfigProcessor : Loading config from cache: C:\Users\schol\AppData\Local\Temp\7f312b640f6d5109d8d1be2a05f128e8.mpf_cache
2020-07-17 12:11:44,366 : INFO : ConfigProcessor : Loading config from cache: C:\Users\schol\AppData\Local\Temp\67980d6a57506cd4da44486112b91bec.mpf_cache
2020-07-17 12:11:44,371 : INFO : ConfigProcessor : Loading config from cache: C:\Users\schol\AppData\Local\Temp\9ec3c911ae7e15f7065133c529810f95.mpf_cache
2020-07-17 12:11:44,376 : INFO : ConfigProcessor : Loading config from cache: C:\Users\schol\AppData\Local\Temp\930069940b749f97f86d219b2ddeacf1.mpf_cache
2020-07-17 12:11:44,390 : INFO : ConfigProcessor : Loading config from cache: C:\Users\schol\AppData\Local\Temp\650f26d6333e64d21657a8ef260f5acf.mpf_cache
2020-07-17 12:11:44,395 : INFO : ConfigProcessor : Loading config from cache: C:\Users\schol\AppData\Local\Temp\7fe69373349de136ea08d265848ee2de.mpf_cache
2020-07-17 12:11:44,400 : INFO : ConfigProcessor : Loading config from cache: C:\Users\schol\AppData\Local\Temp\24196d5bffa5766d9b4a62f9ae23e660.mpf_cache
2020-07-17 12:11:44,405 : INFO : ConfigProcessor : Loading config from cache: C:\Users\schol\AppData\Local\Temp\5f56171e4007003f2e0029bfa218d47c.mpf_cache
2020-07-17 12:11:44,410 : INFO : ConfigProcessor : Loading config from cache: C:\Users\schol\AppData\Local\Temp\9828dc3aacab1158f9e233d43cb3fe1f.mpf_cache
2020-07-17 12:11:44,415 : INFO : ConfigProcessor : Loading config from cache: C:\Users\schol\AppData\Local\Temp\4a17f5ab6f47bd6cbffa808b6eeea916.mpf_cache
2020-07-17 12:11:44,420 : INFO : ConfigProcessor : Loading config from cache: C:\Users\schol\AppData\Local\Temp\9e890f4f58f205d8bba0abd84e3290c7.mpf_cache
2020-07-17 12:11:44,421 : INFO : ConfigProcessor : Loading config from cache: C:\Users\schol\AppData\Local\Temp\7e90ab1bc560333dd4b4d9f4aaf6bf62.mpf_cache
2020-07-17 12:11:44,427 : INFO : ConfigProcessor : Loading config from cache: C:\Users\schol\AppData\Local\Temp\4398dc713d774371f49c655025259670.mpf_cache
2020-07-17 12:11:44,431 : INFO : ConfigProcessor : Loading config from cache: C:\Users\schol\AppData\Local\Temp\91df8e0ae0e44730ed622ea2efb74e97.mpf_cache
2020-07-17 12:11:44,436 : INFO : ConfigProcessor : Loading config from cache: C:\Users\schol\AppData\Local\Temp\dff6fabdd3c60a7e52618c514c4d53bb.mpf_cache
2020-07-17 12:11:44,441 : INFO : ConfigProcessor : Loading config from cache: C:\Users\schol\AppData\Local\Temp\69fdf32f8b1f00ca71933bfdf818d181.mpf_cache
2020-07-17 12:11:44,445 : INFO : ConfigProcessor : Loading config from cache: C:\Users\schol\AppData\Local\Temp\2ea47c81ed4f8a69c675021c80778e85.mpf_cache
2020-07-17 12:11:44,450 : INFO : ConfigProcessor : Loading config from cache: C:\Users\schol\AppData\Local\Temp\3078b120455821a73c8c6f8a1dceab4f.mpf_cache
2020-07-17 12:11:44,454 : INFO : ConfigProcessor : Loading config from cache: C:\Users\schol\AppData\Local\Temp\d95a17e65a2b41e386a7fc14bcda65fd.mpf_cache
2020-07-17 12:11:44,459 : INFO : ConfigProcessor : Loading config from cache: C:\Users\schol\AppData\Local\Temp\8d6f9c7ff9c39db68f4d155bf8492fbe.mpf_cache
2020-07-17 12:11:44,464 : INFO : ConfigProcessor : Loading config from cache: C:\Users\schol\AppData\Local\Temp\155f4ce74e2bf17af8dbff2a4763087f.mpf_cache
2020-07-17 12:11:44,468 : INFO : ConfigProcessor : Loading config from cache: C:\Users\schol\AppData\Local\Temp\58d128190d1d0b57398f3d0bb3d51665.mpf_cache
2020-07-17 12:11:44,473 : INFO : ConfigProcessor : Loading config from cache: C:\Users\schol\AppData\Local\Temp\3a392e0f36204bd15fe7f620a9abd8a5.mpf_cache
2020-07-17 12:11:44,477 : INFO : ConfigProcessor : Loading config from cache: C:\Users\schol\AppData\Local\Temp\53b5443f454133ae1b362b3b93db77cb.mpf_cache
2020-07-17 12:11:44,482 : INFO : ConfigProcessor : Loading config from cache: C:\Users\schol\AppData\Local\Temp\3931d087bd0a337e7115b05d59ca5799.mpf_cache
2020-07-17 12:11:44,487 : INFO : ConfigProcessor : Loading config from cache: C:\Users\schol\AppData\Local\Temp\92bd7ddb78685ce3872fdffddbf4066b.mpf_cache
2020-07-17 12:11:44,491 : INFO : ConfigProcessor : Loading config from cache: C:\Users\schol\AppData\Local\Temp\f17b18f8fc49aa4015f8aaed5fe0310c.mpf_cache
2020-07-17 12:11:44,496 : INFO : ConfigProcessor : Loading config from cache: C:\Users\schol\AppData\Local\Temp\6025440fe966918e9010659c75a84677.mpf_cache
2020-07-17 12:11:44,500 : INFO : ConfigProcessor : Loading config from cache: C:\Users\schol\AppData\Local\Temp\cfdf05d29e2db67703b682b9e2f3ca3c.mpf_cache
2020-07-17 12:11:44,504 : INFO : ConfigProcessor : Loading config from cache: C:\Users\schol\AppData\Local\Temp\d94e10a03295440a68c0665192595ed1.mpf_cache
2020-07-17 12:11:44,509 : INFO : ConfigProcessor : Loading config from cache: C:\Users\schol\AppData\Local\Temp\01f102dbddb32abe391845f1f1fb6297.mpf_cache
2020-07-17 12:11:44,514 : INFO : ConfigProcessor : Loading config from cache: C:\Users\schol\AppData\Local\Temp\31f678389d4048ccede53f3d9bb6ebf4.mpf_cache
2020-07-17 12:11:44,518 : INFO : ConfigProcessor : Loading config from cache: C:\Users\schol\AppData\Local\Temp\b22da84cc4aef91ed7f9bc0328a0f1b4.mpf_cache
2020-07-17 12:11:44,523 : INFO : ConfigProcessor : Loading config from cache: C:\Users\schol\AppData\Local\Temp\da1fede4c95c7878b99d619776f98fd7.mpf_cache
2020-07-17 12:11:44,527 : INFO : ConfigProcessor : Loading config from cache: C:\Users\schol\AppData\Local\Temp\cc30193cdee974cc13426b098027cee1.mpf_cache
2020-07-17 12:11:44,532 : INFO : ConfigProcessor : Loading config from cache: C:\Users\schol\AppData\Local\Temp\58e69a62c4f703cc84058f6193109d31.mpf_cache
2020-07-17 12:11:44,538 : INFO : ConfigProcessor : Loading config from cache: C:\Users\schol\AppData\Local\Temp\e6a4926517ab55f9ed1b3658c3e4007c.mpf_cache
2020-07-17 12:11:44,543 : INFO : ConfigProcessor : Loading config from cache: C:\Users\schol\AppData\Local\Temp\66ee654434268f21d59a1a197a33e84e.mpf_cache
2020-07-17 12:11:44,547 : INFO : ConfigProcessor : Loading config from cache: C:\Users\schol\AppData\Local\Temp\0ad8a8c62d71fd6db5e688e34997c124.mpf_cache
2020-07-17 12:11:44,552 : INFO : ConfigProcessor : Loading config from cache: C:\Users\schol\AppData\Local\Temp\986ed299862bf4d6a9ee043620eb4411.mpf_cache
2020-07-17 12:11:44,556 : INFO : ConfigProcessor : Loading config from cache: C:\Users\schol\AppData\Local\Temp\85def6e32b8790efec9df62810edf89f.mpf_cache
2020-07-17 12:11:44,560 : INFO : ConfigProcessor : Loading config from cache: C:\Users\schol\AppData\Local\Temp\b4b8bbe6eb89ffab7b0a5bdc28aa737c.mpf_cache
2020-07-17 12:11:44,565 : INFO : ConfigProcessor : Loading config from cache: C:\Users\schol\AppData\Local\Temp\234f7aa8fcdaed8506c3f7e3d1434348.mpf_cache
2020-07-17 12:11:44,570 : INFO : ConfigProcessor : Loading config from cache: C:\Users\schol\AppData\Local\Temp\836170f935ca4f3a3c83dd48d4288e22.mpf_cache
2020-07-17 12:11:44,574 : INFO : ConfigProcessor : Loading config from cache: C:\Users\schol\AppData\Local\Temp\0a4bf4f558c6de89fd1636f30c6211d9.mpf_cache
2020-07-17 12:11:44,579 : INFO : ConfigProcessor : Loading config from cache: C:\Users\schol\AppData\Local\Temp\3936448b27d8bfc57c517bc3bf9d3aa2.mpf_cache
2020-07-17 12:11:44,583 : INFO : ConfigProcessor : Loading config from cache: C:\Users\schol\AppData\Local\Temp\73d13f131bebf83032dc613efdff3522.mpf_cache
2020-07-17 12:11:44,588 : INFO : ConfigProcessor : Loading config from cache: C:\Users\schol\AppData\Local\Temp\20beca28b497152ca0fd3409b83d4b87.mpf_cache
2020-07-17 12:11:44,592 : INFO : ConfigProcessor : Loading config from cache: C:\Users\schol\AppData\Local\Temp\e816efa2a54094e8cd44dabebc7784df.mpf_cache
2020-07-17 12:11:44,596 : INFO : ConfigProcessor : Loading config from cache: C:\Users\schol\AppData\Local\Temp\ec91b3a5e4d650dc4f7371582fb38eed.mpf_cache
2020-07-17 12:11:44,600 : INFO : ConfigProcessor : Loading config from cache: C:\Users\schol\AppData\Local\Temp\9a1a1c28ae640e16df86b556a2688443.mpf_cache
2020-07-17 12:11:44,605 : INFO : ConfigProcessor : Loading config from cache: C:\Users\schol\AppData\Local\Temp\3463b2a86a39355c183f674ae2b12038.mpf_cache
2020-07-17 12:11:44,609 : INFO : ConfigProcessor : Loading config from cache: C:\Users\schol\AppData\Local\Temp\6e6719c61d3fa021e7d679c2f24e1608.mpf_cache
2020-07-17 12:11:44,613 : INFO : ConfigProcessor : Loading config from cache: C:\Users\schol\AppData\Local\Temp\aa69a2c5c0adb7f9c40b6db4f1ca3483.mpf_cache
2020-07-17 12:11:44,618 : INFO : ConfigProcessor : Loading config from cache: C:\Users\schol\AppData\Local\Temp\971ebba8800a659d7a8e99cb206beff7.mpf_cache
2020-07-17 12:11:44,623 : INFO : ConfigProcessor : Loading config from cache: C:\Users\schol\AppData\Local\Temp\07e13f5cf5882efd50a16f81bcde4606.mpf_cache
2020-07-17 12:11:44,627 : INFO : ConfigProcessor : Loading config from cache: C:\Users\schol\AppData\Local\Temp\48a45c572b20481e47ff005f73695e50.mpf_cache
2020-07-17 12:11:44,633 : INFO : ConfigProcessor : Loading config from cache: C:\Users\schol\AppData\Local\Temp\f12c25ef7bc56249cbbfe26e4a8634a0.mpf_cache
2020-07-17 12:11:44,639 : INFO : ConfigProcessor : Loading config from cache: C:\Users\schol\AppData\Local\Temp\7058dd9e75ad4dd97e6d02eda1f8d5f4.mpf_cache
2020-07-17 12:11:44,644 : INFO : ConfigProcessor : Loading config from cache: C:\Users\schol\AppData\Local\Temp\49b862cde9d22907c81f839348639a1f.mpf_cache
2020-07-17 12:11:44,661 : INFO : ConfigProcessor : Loading config from cache: C:\Users\schol\AppData\Local\Temp\21dda72cc57cadcf698e50094b8ee97d.mpf_cache
2020-07-17 12:11:44,679 : INFO : ConfigProcessor : Loading config from cache: C:\Users\schol\AppData\Local\Temp\f9ee12ee8bbd05f85378a9386ceacce5.mpf_cache
2020-07-17 12:11:44,684 : INFO : ConfigProcessor : Loading config from cache: C:\Users\schol\AppData\Local\Temp\0394fc9fe8dda0bc8c420287c11c8aae.mpf_cache
2020-07-17 12:11:44,690 : INFO : ConfigProcessor : Loading config from cache: C:\Users\schol\AppData\Local\Temp\812e1e327d6ef9a51d487328d0586885.mpf_cache
2020-07-17 12:11:44,695 : INFO : ConfigProcessor : Loading config from cache: C:\Users\schol\AppData\Local\Temp\70cf3c9830d27e79cc1fda7cb07bc23d.mpf_cache
2020-07-17 12:11:44,701 : INFO : Machine : Mission Pinball Framework Core Engine v0.54.0-dev.33
2020-07-17 12:11:44,701 : INFO : Machine : Command line arguments: {'no_load_cache': False, 'create_config_cache': True, 'bcp': True, 'configfile': ['config.yaml'], 'force_assets_load': False, 'jsonlogging': False, 'logfile': 'logs\\2020-07-17-12-11-43-mpf-DESKTOP-FPTMTCL.log', 'pause': False, 'production': False, 'text_ui': True, 'loglevel': 15, 'consoleloglevel': 20, 'force_platform': None, 'syslog_address': None, 'mc_file_name': None, 'no_sound': False}
2020-07-17 12:11:44,702 : INFO : Machine : MPF path: c:\users\schol\appdata\local\programs\python\python36\lib\site-packages\mpf
2020-07-17 12:11:44,702 : INFO : Machine : Machine path: E:\MPF\wows\wows
2020-07-17 12:11:44,702 : INFO : Machine : Platform: win32
2020-07-17 12:11:44,702 : INFO : Machine : Python executable location: c:\users\schol\appdata\local\programs\python\python36\python.exe
2020-07-17 12:11:44,702 : INFO : Machine : Python version: 3.6.4 (64-bit)
2020-07-17 12:11:44,704 : INFO : Machine : Initialise MPF.
2020-07-17 12:11:45,208 : INFO : Pin2DmdDevice : Connecting to Pin2DMD RGB DMD
2020-07-17 12:11:45,224 : INFO : Machine : Shutting down...
2020-07-17 12:11:45,227 : INFO : EventManager : Event: ======'shutdown'====== Args={}
2020-07-17 12:11:45,228 : ERROR : Machine : Failed to initialise MPF
Traceback (most recent call last):
  File "c:\users\schol\appdata\local\programs\python\python36\lib\site-packages\mpf\core\machine.py", line 660, in initialise_mpf
    raise init.exception()
  File "c:\users\schol\appdata\local\programs\python\python36\lib\site-packages\mpf\core\machine.py", line 237, in initialise
    await self.initialise_core_and_hardware()
  File "c:\users\schol\appdata\local\programs\python\python36\lib\site-packages\mpf\core\machine.py", line 233, in initialise_core_and_hardware
    await self._initialize_platforms()
  File "c:\users\schol\appdata\local\programs\python\python36\lib\site-packages\mpf\core\machine.py", line 323, in _initialize_platforms
    result.result()
  File "c:\users\schol\appdata\local\programs\python\python36\lib\site-packages\mpf\platforms\pin2dmd.py", line 58, in initialize
    await self.device.connect()
  File "c:\users\schol\appdata\local\programs\python\python36\lib\site-packages\mpf\platforms\pin2dmd.py", line 202, in connect
    raise AssertionError('Pin2Dmd USB device not found')
AssertionError: Pin2Dmd USB device not found
2020-07-17 12:11:45,242 : INFO : root : MPF run loop ended.
