2020-07-20 12:58:30,414 : INFO : root : Loading config.
2020-07-20 12:58:30,416 : INFO : YamlMultifileConfigLoader : Machine config file #1: config.yaml
2020-07-20 12:58:30,417 : INFO : ConfigProcessor : Loading config from cache: C:\Users\schol\AppData\Local\Temp\1ed54315bc874a19390ba34e1a0f1800.mpf_cache
2020-07-20 12:58:30,492 : INFO : ConfigProcessor : Loading config from cache: C:\Users\schol\AppData\Local\Temp\d7d60495530237b374578b281bb65f31.mpf_cache
2020-07-20 12:58:30,493 : INFO : ConfigProcessor : Loading config from cache: C:\Users\schol\AppData\Local\Temp\cd9adc04f71a18563c8a43d82180f6f2.mpf_cache
2020-07-20 12:58:30,494 : INFO : ConfigProcessor : Loading config from cache: C:\Users\schol\AppData\Local\Temp\d7d60495530237b374578b281bb65f31.mpf_cache
2020-07-20 12:58:30,494 : INFO : ConfigProcessor : Loading config from cache: C:\Users\schol\AppData\Local\Temp\4bea832e3562a43fbe38f9764d71c298.mpf_cache
2020-07-20 12:58:30,495 : INFO : ConfigProcessor : Loading config from cache: C:\Users\schol\AppData\Local\Temp\45b3b9aa5591eaef8a230445e70fa468.mpf_cache
2020-07-20 12:58:30,496 : INFO : ConfigProcessor : Loading config from cache: C:\Users\schol\AppData\Local\Temp\dec453850496132f8dddcdfa0a36feb5.mpf_cache
2020-07-20 12:58:30,496 : INFO : ConfigProcessor : Loading config from cache: C:\Users\schol\AppData\Local\Temp\72e9fea1cb562e40024eb5e8538ccaf2.mpf_cache
2020-07-20 12:58:30,497 : INFO : ConfigProcessor : Loading config from cache: C:\Users\schol\AppData\Local\Temp\1ff29be1d22fb14fe5fd1c82a6918df4.mpf_cache
2020-07-20 12:58:30,497 : INFO : ConfigProcessor : Loading config from cache: C:\Users\schol\AppData\Local\Temp\f0ffd5ecaddfe34035bf3b1779215a88.mpf_cache
2020-07-20 12:58:30,498 : INFO : ConfigProcessor : Loading config from cache: C:\Users\schol\AppData\Local\Temp\b0de444617e3bf30a07f755a6d4831cc.mpf_cache
2020-07-20 12:58:30,498 : INFO : ConfigProcessor : Loading config from cache: C:\Users\schol\AppData\Local\Temp\200a9b2dddbe7706ffb4c4426b6d54a8.mpf_cache
2020-07-20 12:58:30,498 : INFO : ConfigProcessor : Loading config from cache: C:\Users\schol\AppData\Local\Temp\5ab98d4be1e8de85bea62364890eb2e9.mpf_cache
2020-07-20 12:58:30,499 : INFO : ConfigProcessor : Loading config from cache: C:\Users\schol\AppData\Local\Temp\4303dca7489148da2d256fc831cf8c96.mpf_cache
2020-07-20 12:58:30,500 : INFO : ConfigProcessor : Loading config from cache: C:\Users\schol\AppData\Local\Temp\e8fceecd8f65a6a7269e98c7961bbf6a.mpf_cache
2020-07-20 12:58:30,500 : INFO : ConfigProcessor : Loading config from cache: C:\Users\schol\AppData\Local\Temp\c84d6d08bf6f923cbcccfeeea02d2c8a.mpf_cache
2020-07-20 12:58:30,501 : INFO : ConfigProcessor : Loading config from cache: C:\Users\schol\AppData\Local\Temp\159a0b7ffc6de2ed1a8cdcd57b7df3c0.mpf_cache
2020-07-20 12:58:30,501 : INFO : ConfigProcessor : Loading config from cache: C:\Users\schol\AppData\Local\Temp\b1234e2c44a33609dc2af4760c4a3f89.mpf_cache
2020-07-20 12:58:30,502 : INFO : ConfigProcessor : Loading config from cache: C:\Users\schol\AppData\Local\Temp\466eddfec572894d9eb472ce07aa5fba.mpf_cache
2020-07-20 12:58:30,502 : INFO : ConfigProcessor : Loading config from cache: C:\Users\schol\AppData\Local\Temp\93429a2a8e0859f6546b68f40c2a4656.mpf_cache
2020-07-20 12:58:30,503 : INFO : ConfigProcessor : Loading config from cache: C:\Users\schol\AppData\Local\Temp\95ae88fb094583fa2b4097c6df179650.mpf_cache
2020-07-20 12:58:30,503 : INFO : ConfigProcessor : Loading config from cache: C:\Users\schol\AppData\Local\Temp\de2d3fc178b15ce3807fa4ab35b9c965.mpf_cache
2020-07-20 12:58:30,504 : INFO : ConfigProcessor : Loading config from cache: C:\Users\schol\AppData\Local\Temp\0c80ca2179989d09b86c78c19ec87d9b.mpf_cache
2020-07-20 12:58:30,505 : INFO : ConfigProcessor : Loading config from cache: C:\Users\schol\AppData\Local\Temp\95e265efe14e4eb05d8d5c5689c9ae6b.mpf_cache
2020-07-20 12:58:30,505 : INFO : ConfigProcessor : Loading config from cache: C:\Users\schol\AppData\Local\Temp\ba047bbdc168fca96d58d351c4240916.mpf_cache
2020-07-20 12:58:30,506 : INFO : ConfigProcessor : Loading config from cache: C:\Users\schol\AppData\Local\Temp\7c1900736275ba8a713cfe77e991e929.mpf_cache
2020-07-20 12:58:30,506 : INFO : ConfigProcessor : Loading config from cache: C:\Users\schol\AppData\Local\Temp\db3d1ab92e5d5c563b40d82372434517.mpf_cache
2020-07-20 12:58:30,507 : INFO : ConfigProcessor : Loading config from cache: C:\Users\schol\AppData\Local\Temp\efcf079e5af2b94e88dae4e07273acc8.mpf_cache
2020-07-20 12:58:30,507 : INFO : ConfigProcessor : Loading config from cache: C:\Users\schol\AppData\Local\Temp\6d62665f0d27f04673542af594d4fd9b.mpf_cache
2020-07-20 12:58:30,512 : WARNING : ConfigProcessor : Config file in cache changed: E:\MPF\wows\wows\shows\.\sh_attract.yaml
2020-07-20 12:58:30,512 : INFO : ConfigProcessor : Loading config from file E:\MPF\wows\wows\shows\.\sh_attract.yaml.
2020-07-20 12:58:30,589 : INFO : ConfigProcessor : Loading config: E:\MPF\wows\wows\shows\.\sh_attract.yaml
2020-07-20 12:58:30,590 : INFO : ConfigProcessor : Config file cache created: C:\Users\schol\AppData\Local\Temp\ff8f94bde3fa94916ad1b7409fed77bd.mpf_cache
2020-07-20 12:58:30,590 : INFO : ConfigProcessor : Loading config from cache: C:\Users\schol\AppData\Local\Temp\804b9a1ad2b0368c8378a1697de79431.mpf_cache
2020-07-20 12:58:30,598 : INFO : ConfigProcessor : Loading config from cache: C:\Users\schol\AppData\Local\Temp\3f05176740ce9b1ce630d9f26057f472.mpf_cache
2020-07-20 12:58:30,602 : INFO : ConfigProcessor : Loading config from cache: C:\Users\schol\AppData\Local\Temp\d75c6855c6bfc342a42171d44ee55d0f.mpf_cache
2020-07-20 12:58:30,606 : INFO : ConfigProcessor : Loading config from cache: C:\Users\schol\AppData\Local\Temp\add867c5df761e1504adb97d6f9bf236.mpf_cache
2020-07-20 12:58:30,611 : INFO : ConfigProcessor : Loading config from cache: C:\Users\schol\AppData\Local\Temp\c03af884f77fd2edff48f1f1b29a0001.mpf_cache
2020-07-20 12:58:30,615 : INFO : ConfigProcessor : Loading config from cache: C:\Users\schol\AppData\Local\Temp\125cf4d7d8d0f7b14ac4e9b5c5fc6dd9.mpf_cache
2020-07-20 12:58:30,620 : INFO : ConfigProcessor : Loading config from cache: C:\Users\schol\AppData\Local\Temp\e98bbe1017594ac8f5dc55070bdaec1b.mpf_cache
2020-07-20 12:58:30,624 : INFO : ConfigProcessor : Loading config from cache: C:\Users\schol\AppData\Local\Temp\540f9a41a139edc7fb3c0d3fef764d79.mpf_cache
2020-07-20 12:58:30,628 : INFO : ConfigProcessor : Loading config from cache: C:\Users\schol\AppData\Local\Temp\66310f6b7da6aa9e1e12a092b4e5ea1e.mpf_cache
2020-07-20 12:58:30,632 : INFO : ConfigProcessor : Loading config from cache: C:\Users\schol\AppData\Local\Temp\e39b84c1f1807716ec310701a6bf0d73.mpf_cache
2020-07-20 12:58:30,637 : INFO : ConfigProcessor : Loading config from cache: C:\Users\schol\AppData\Local\Temp\a3a3c1b8b3198ac6ffa6b5064057ae07.mpf_cache
2020-07-20 12:58:30,641 : INFO : ConfigProcessor : Loading config from cache: C:\Users\schol\AppData\Local\Temp\4eebc146e222c8d9b7fa4d2858e69ea1.mpf_cache
2020-07-20 12:58:30,647 : INFO : ConfigProcessor : Loading config from cache: C:\Users\schol\AppData\Local\Temp\e126248c44ebfdee710b05c2b7d5fe82.mpf_cache
2020-07-20 12:58:30,651 : INFO : ConfigProcessor : Loading config from cache: C:\Users\schol\AppData\Local\Temp\69ecee52b21d2a851426dcc7135d38ea.mpf_cache
2020-07-20 12:58:30,655 : INFO : ConfigProcessor : Loading config from cache: C:\Users\schol\AppData\Local\Temp\56ece61e32d3cc2ed53dd325a47460b4.mpf_cache
2020-07-20 12:58:30,673 : INFO : ConfigProcessor : Loading config from cache: C:\Users\schol\AppData\Local\Temp\d0b1dbeaceec3deef73ab0fce07cd740.mpf_cache
2020-07-20 12:58:30,689 : INFO : ConfigProcessor : Loading config from cache: C:\Users\schol\AppData\Local\Temp\3d3afc7fea552c2bae3e6e1d92aa1a26.mpf_cache
2020-07-20 12:58:30,694 : INFO : ConfigProcessor : Loading config from cache: C:\Users\schol\AppData\Local\Temp\4bd243ad0d8c16d00a837306cf5c3d29.mpf_cache
2020-07-20 12:58:30,698 : INFO : ConfigProcessor : Loading config from cache: C:\Users\schol\AppData\Local\Temp\7f312b640f6d5109d8d1be2a05f128e8.mpf_cache
2020-07-20 12:58:30,703 : INFO : ConfigProcessor : Loading config from cache: C:\Users\schol\AppData\Local\Temp\67980d6a57506cd4da44486112b91bec.mpf_cache
2020-07-20 12:58:30,707 : INFO : ConfigProcessor : Loading config from cache: C:\Users\schol\AppData\Local\Temp\9ec3c911ae7e15f7065133c529810f95.mpf_cache
2020-07-20 12:58:30,712 : INFO : ConfigProcessor : Loading config from cache: C:\Users\schol\AppData\Local\Temp\930069940b749f97f86d219b2ddeacf1.mpf_cache
2020-07-20 12:58:30,716 : INFO : ConfigProcessor : Loading config from cache: C:\Users\schol\AppData\Local\Temp\650f26d6333e64d21657a8ef260f5acf.mpf_cache
2020-07-20 12:58:30,722 : INFO : ConfigProcessor : Loading config from cache: C:\Users\schol\AppData\Local\Temp\7fe69373349de136ea08d265848ee2de.mpf_cache
2020-07-20 12:58:30,727 : INFO : ConfigProcessor : Loading config from cache: C:\Users\schol\AppData\Local\Temp\24196d5bffa5766d9b4a62f9ae23e660.mpf_cache
2020-07-20 12:58:30,731 : INFO : ConfigProcessor : Loading config from cache: C:\Users\schol\AppData\Local\Temp\5f56171e4007003f2e0029bfa218d47c.mpf_cache
2020-07-20 12:58:30,735 : INFO : ConfigProcessor : Loading config from cache: C:\Users\schol\AppData\Local\Temp\9828dc3aacab1158f9e233d43cb3fe1f.mpf_cache
2020-07-20 12:58:30,740 : INFO : ConfigProcessor : Loading config from cache: C:\Users\schol\AppData\Local\Temp\4a17f5ab6f47bd6cbffa808b6eeea916.mpf_cache
2020-07-20 12:58:30,740 : INFO : ConfigProcessor : Loading config from cache: C:\Users\schol\AppData\Local\Temp\9e890f4f58f205d8bba0abd84e3290c7.mpf_cache
2020-07-20 12:58:30,741 : INFO : ConfigProcessor : Loading config from cache: C:\Users\schol\AppData\Local\Temp\7e90ab1bc560333dd4b4d9f4aaf6bf62.mpf_cache
2020-07-20 12:58:30,745 : INFO : ConfigProcessor : Loading config from cache: C:\Users\schol\AppData\Local\Temp\4398dc713d774371f49c655025259670.mpf_cache
2020-07-20 12:58:30,749 : INFO : ConfigProcessor : Loading config from cache: C:\Users\schol\AppData\Local\Temp\91df8e0ae0e44730ed622ea2efb74e97.mpf_cache
2020-07-20 12:58:30,754 : INFO : ConfigProcessor : Loading config from cache: C:\Users\schol\AppData\Local\Temp\dff6fabdd3c60a7e52618c514c4d53bb.mpf_cache
2020-07-20 12:58:30,758 : INFO : ConfigProcessor : Loading config from cache: C:\Users\schol\AppData\Local\Temp\69fdf32f8b1f00ca71933bfdf818d181.mpf_cache
2020-07-20 12:58:30,762 : INFO : ConfigProcessor : Loading config from cache: C:\Users\schol\AppData\Local\Temp\2ea47c81ed4f8a69c675021c80778e85.mpf_cache
2020-07-20 12:58:30,767 : INFO : ConfigProcessor : Loading config from cache: C:\Users\schol\AppData\Local\Temp\3078b120455821a73c8c6f8a1dceab4f.mpf_cache
2020-07-20 12:58:30,771 : INFO : ConfigProcessor : Loading config from cache: C:\Users\schol\AppData\Local\Temp\d95a17e65a2b41e386a7fc14bcda65fd.mpf_cache
2020-07-20 12:58:30,775 : INFO : ConfigProcessor : Loading config from cache: C:\Users\schol\AppData\Local\Temp\8d6f9c7ff9c39db68f4d155bf8492fbe.mpf_cache
2020-07-20 12:58:30,779 : INFO : ConfigProcessor : Loading config from cache: C:\Users\schol\AppData\Local\Temp\155f4ce74e2bf17af8dbff2a4763087f.mpf_cache
2020-07-20 12:58:30,784 : INFO : ConfigProcessor : Loading config from cache: C:\Users\schol\AppData\Local\Temp\58d128190d1d0b57398f3d0bb3d51665.mpf_cache
2020-07-20 12:58:30,788 : INFO : ConfigProcessor : Loading config from cache: C:\Users\schol\AppData\Local\Temp\3a392e0f36204bd15fe7f620a9abd8a5.mpf_cache
2020-07-20 12:58:30,792 : INFO : ConfigProcessor : Loading config from cache: C:\Users\schol\AppData\Local\Temp\53b5443f454133ae1b362b3b93db77cb.mpf_cache
2020-07-20 12:58:30,796 : INFO : ConfigProcessor : Loading config from cache: C:\Users\schol\AppData\Local\Temp\3931d087bd0a337e7115b05d59ca5799.mpf_cache
2020-07-20 12:58:30,800 : INFO : ConfigProcessor : Loading config from cache: C:\Users\schol\AppData\Local\Temp\92bd7ddb78685ce3872fdffddbf4066b.mpf_cache
2020-07-20 12:58:30,805 : INFO : ConfigProcessor : Loading config from cache: C:\Users\schol\AppData\Local\Temp\f17b18f8fc49aa4015f8aaed5fe0310c.mpf_cache
2020-07-20 12:58:30,809 : INFO : ConfigProcessor : Loading config from cache: C:\Users\schol\AppData\Local\Temp\6025440fe966918e9010659c75a84677.mpf_cache
2020-07-20 12:58:30,809 : INFO : ConfigProcessor : Loading config from cache: C:\Users\schol\AppData\Local\Temp\cfdf05d29e2db67703b682b9e2f3ca3c.mpf_cache
2020-07-20 12:58:30,813 : INFO : ConfigProcessor : Loading config from cache: C:\Users\schol\AppData\Local\Temp\d94e10a03295440a68c0665192595ed1.mpf_cache
2020-07-20 12:58:30,818 : INFO : ConfigProcessor : Loading config from cache: C:\Users\schol\AppData\Local\Temp\01f102dbddb32abe391845f1f1fb6297.mpf_cache
2020-07-20 12:58:30,822 : INFO : ConfigProcessor : Loading config from cache: C:\Users\schol\AppData\Local\Temp\31f678389d4048ccede53f3d9bb6ebf4.mpf_cache
2020-07-20 12:58:30,826 : INFO : ConfigProcessor : Loading config from cache: C:\Users\schol\AppData\Local\Temp\b22da84cc4aef91ed7f9bc0328a0f1b4.mpf_cache
2020-07-20 12:58:30,830 : INFO : ConfigProcessor : Loading config from cache: C:\Users\schol\AppData\Local\Temp\da1fede4c95c7878b99d619776f98fd7.mpf_cache
2020-07-20 12:58:30,834 : INFO : ConfigProcessor : Loading config from cache: C:\Users\schol\AppData\Local\Temp\cc30193cdee974cc13426b098027cee1.mpf_cache
2020-07-20 12:58:30,838 : INFO : ConfigProcessor : Loading config from cache: C:\Users\schol\AppData\Local\Temp\58e69a62c4f703cc84058f6193109d31.mpf_cache
2020-07-20 12:58:30,843 : INFO : ConfigProcessor : Loading config from cache: C:\Users\schol\AppData\Local\Temp\e6a4926517ab55f9ed1b3658c3e4007c.mpf_cache
2020-07-20 12:58:30,847 : INFO : ConfigProcessor : Loading config from cache: C:\Users\schol\AppData\Local\Temp\66ee654434268f21d59a1a197a33e84e.mpf_cache
2020-07-20 12:58:30,852 : INFO : ConfigProcessor : Loading config from cache: C:\Users\schol\AppData\Local\Temp\0ad8a8c62d71fd6db5e688e34997c124.mpf_cache
2020-07-20 12:58:30,856 : INFO : ConfigProcessor : Loading config from cache: C:\Users\schol\AppData\Local\Temp\986ed299862bf4d6a9ee043620eb4411.mpf_cache
2020-07-20 12:58:30,860 : INFO : ConfigProcessor : Loading config from cache: C:\Users\schol\AppData\Local\Temp\85def6e32b8790efec9df62810edf89f.mpf_cache
2020-07-20 12:58:30,865 : INFO : ConfigProcessor : Loading config from cache: C:\Users\schol\AppData\Local\Temp\b4b8bbe6eb89ffab7b0a5bdc28aa737c.mpf_cache
2020-07-20 12:58:30,869 : INFO : ConfigProcessor : Loading config from cache: C:\Users\schol\AppData\Local\Temp\234f7aa8fcdaed8506c3f7e3d1434348.mpf_cache
2020-07-20 12:58:30,873 : INFO : ConfigProcessor : Loading config from cache: C:\Users\schol\AppData\Local\Temp\836170f935ca4f3a3c83dd48d4288e22.mpf_cache
2020-07-20 12:58:30,878 : INFO : ConfigProcessor : Loading config from cache: C:\Users\schol\AppData\Local\Temp\0a4bf4f558c6de89fd1636f30c6211d9.mpf_cache
2020-07-20 12:58:30,882 : INFO : ConfigProcessor : Loading config from cache: C:\Users\schol\AppData\Local\Temp\3936448b27d8bfc57c517bc3bf9d3aa2.mpf_cache
2020-07-20 12:58:30,887 : INFO : ConfigProcessor : Loading config from cache: C:\Users\schol\AppData\Local\Temp\73d13f131bebf83032dc613efdff3522.mpf_cache
2020-07-20 12:58:30,891 : INFO : ConfigProcessor : Loading config from cache: C:\Users\schol\AppData\Local\Temp\20beca28b497152ca0fd3409b83d4b87.mpf_cache
2020-07-20 12:58:30,895 : INFO : ConfigProcessor : Loading config from cache: C:\Users\schol\AppData\Local\Temp\e816efa2a54094e8cd44dabebc7784df.mpf_cache
2020-07-20 12:58:30,899 : INFO : ConfigProcessor : Loading config from cache: C:\Users\schol\AppData\Local\Temp\ec91b3a5e4d650dc4f7371582fb38eed.mpf_cache
2020-07-20 12:58:30,904 : INFO : ConfigProcessor : Loading config from cache: C:\Users\schol\AppData\Local\Temp\9a1a1c28ae640e16df86b556a2688443.mpf_cache
2020-07-20 12:58:30,908 : INFO : ConfigProcessor : Loading config from cache: C:\Users\schol\AppData\Local\Temp\3463b2a86a39355c183f674ae2b12038.mpf_cache
2020-07-20 12:58:30,918 : INFO : ConfigProcessor : Loading config from cache: C:\Users\schol\AppData\Local\Temp\6e6719c61d3fa021e7d679c2f24e1608.mpf_cache
2020-07-20 12:58:30,922 : INFO : ConfigProcessor : Loading config from cache: C:\Users\schol\AppData\Local\Temp\aa69a2c5c0adb7f9c40b6db4f1ca3483.mpf_cache
2020-07-20 12:58:30,926 : INFO : ConfigProcessor : Loading config from cache: C:\Users\schol\AppData\Local\Temp\971ebba8800a659d7a8e99cb206beff7.mpf_cache
2020-07-20 12:58:30,930 : INFO : ConfigProcessor : Loading config from cache: C:\Users\schol\AppData\Local\Temp\07e13f5cf5882efd50a16f81bcde4606.mpf_cache
2020-07-20 12:58:30,935 : INFO : ConfigProcessor : Loading config from cache: C:\Users\schol\AppData\Local\Temp\48a45c572b20481e47ff005f73695e50.mpf_cache
2020-07-20 12:58:30,939 : INFO : ConfigProcessor : Loading config from cache: C:\Users\schol\AppData\Local\Temp\f12c25ef7bc56249cbbfe26e4a8634a0.mpf_cache
2020-07-20 12:58:30,943 : INFO : ConfigProcessor : Loading config from cache: C:\Users\schol\AppData\Local\Temp\7058dd9e75ad4dd97e6d02eda1f8d5f4.mpf_cache
2020-07-20 12:58:30,947 : INFO : ConfigProcessor : Loading config from cache: C:\Users\schol\AppData\Local\Temp\49b862cde9d22907c81f839348639a1f.mpf_cache
2020-07-20 12:58:30,953 : INFO : ConfigProcessor : Loading config from cache: C:\Users\schol\AppData\Local\Temp\21dda72cc57cadcf698e50094b8ee97d.mpf_cache
2020-07-20 12:58:30,970 : INFO : ConfigProcessor : Loading config from cache: C:\Users\schol\AppData\Local\Temp\f9ee12ee8bbd05f85378a9386ceacce5.mpf_cache
2020-07-20 12:58:30,975 : INFO : ConfigProcessor : Loading config from cache: C:\Users\schol\AppData\Local\Temp\0394fc9fe8dda0bc8c420287c11c8aae.mpf_cache
2020-07-20 12:58:30,979 : INFO : ConfigProcessor : Loading config from cache: C:\Users\schol\AppData\Local\Temp\812e1e327d6ef9a51d487328d0586885.mpf_cache
2020-07-20 12:58:30,984 : INFO : ConfigProcessor : Loading config from cache: C:\Users\schol\AppData\Local\Temp\70cf3c9830d27e79cc1fda7cb07bc23d.mpf_cache
2020-07-20 12:58:30,990 : INFO : Machine : Mission Pinball Framework Core Engine v0.54.0-dev.33
2020-07-20 12:58:30,990 : INFO : Machine : Command line arguments: {'no_load_cache': False, 'create_config_cache': True, 'bcp': True, 'configfile': ['config.yaml'], 'force_assets_load': False, 'jsonlogging': False, 'logfile': 'logs\\2020-07-20-12-58-30-mpf-DESKTOP-FPTMTCL.log', 'pause': False, 'production': False, 'text_ui': True, 'loglevel': 15, 'consoleloglevel': 20, 'force_platform': None, 'syslog_address': None, 'mc_file_name': None, 'no_sound': False}
2020-07-20 12:58:30,990 : INFO : Machine : MPF path: c:\users\schol\appdata\local\programs\python\python36\lib\site-packages\mpf
2020-07-20 12:58:30,990 : INFO : Machine : Machine path: E:\MPF\wows\wows
2020-07-20 12:58:30,990 : INFO : Machine : Platform: win32
2020-07-20 12:58:30,990 : INFO : Machine : Python executable location: c:\users\schol\appdata\local\programs\python\python36\python.exe
2020-07-20 12:58:30,990 : INFO : Machine : Python version: 3.6.4 (64-bit)
2020-07-20 12:58:30,992 : INFO : Machine : Initialise MPF.
2020-07-20 12:58:31,279 : INFO : Pin2DmdDevice : Connecting to Pin2DMD RGB DMD
2020-07-20 12:58:31,290 : INFO : Pin2DmdDevice : Connected to Pin2DMD
2020-07-20 12:58:31,290 : INFO : EventManager : Event: ======'machine_var_credits_string'====== Args={'value': 'FREE PLAY', 'prev_value': None, 'change': True}
2020-07-20 12:58:31,332 : INFO : EventManager : Event: ======'machine_var_player1_score'====== Args={'value': 0, 'prev_value': None, 'change': True}
2020-07-20 12:58:31,333 : INFO : EventManager : Event: ======'machine_var_mpf_version'====== Args={'value': 'MPF v0.54.0-dev.33', 'prev_value': None, 'change': True}
2020-07-20 12:58:31,333 : INFO : EventManager : Event: ======'machine_var_mpf_extended_version'====== Args={'value': 'MPF v0.54.0-dev.33, Config version:5, Show version: 5, BCP version:1.1', 'prev_value': None, 'change': True}
2020-07-20 12:58:31,333 : INFO : EventManager : Event: ======'machine_var_python_version'====== Args={'value': '3.6.4', 'prev_value': None, 'change': True}
2020-07-20 12:58:31,333 : INFO : EventManager : Event: ======'machine_var_platform'====== Args={'value': 'Windows-10-10.0.18362-SP0', 'prev_value': None, 'change': True}
2020-07-20 12:58:31,333 : INFO : EventManager : Event: ======'machine_var_platform_system'====== Args={'value': 'Windows', 'prev_value': None, 'change': True}
2020-07-20 12:58:31,333 : INFO : EventManager : Event: ======'machine_var_platform_release'====== Args={'value': '10', 'prev_value': None, 'change': True}
2020-07-20 12:58:31,333 : INFO : EventManager : Event: ======'machine_var_platform_version'====== Args={'value': '10.0.18362', 'prev_value': None, 'change': True}
2020-07-20 12:58:31,333 : INFO : EventManager : Event: ======'machine_var_platform_machine'====== Args={'value': 'AMD64', 'prev_value': None, 'change': True}
2020-07-20 12:58:31,333 : INFO : EventManager : Event: ======'init_phase_1'====== Args={}
2020-07-20 12:58:31,412 : INFO : EventManager : Event: ======'main_state'====== Args={}
2020-07-20 12:58:31,412 : INFO : EventManager : Event: ======'HAGYDFIGYELMENKIVUL'====== Args={}
2020-07-20 12:58:31,413 : INFO : EventManager : Event: ======'lock_lit_started'====== Args={}
2020-07-20 12:58:31,413 : INFO : EventManager : Event: ======'disable_mode'====== Args={}
2020-07-20 12:58:31,413 : INFO : EventManager : Event: ======'multiball_inactive'====== Args={}
2020-07-20 12:58:31,413 : INFO : EventManager : Event: ======'lite_detonation_start'====== Args={}
2020-07-20 12:58:31,413 : INFO : EventManager : Event: ======'battle_inactive'====== Args={}
2020-07-20 12:58:31,413 : INFO : EventManager : Event: ======'HAGYDFIGYELMENKIVUL'====== Args={}
2020-07-20 12:58:31,413 : WARNING : Mode.confederate : Can only start mode confederate during a game. Aborting start.
2020-07-20 12:58:31,414 : WARNING : Mode.mode_lit : Can only start mode mode_lit during a game. Aborting start.
2020-07-20 12:58:31,414 : WARNING : Mode.hc_lock_lit : Can only start mode hc_lock_lit during a game. Aborting start.
2020-07-20 12:58:31,415 : INFO : EventManager : Event: ======'init_phase_2'====== Args={}
2020-07-20 12:58:31,415 : INFO : SwitchController : Found active switch: ('2', <Platform.SmartVirtual>)
2020-07-20 12:58:31,416 : INFO : SwitchController : Found active switch: ('3', <Platform.SmartVirtual>)
2020-07-20 12:58:31,416 : INFO : SwitchController : Found active switch: ('4', <Platform.SmartVirtual>)
2020-07-20 12:58:31,416 : INFO : SwitchController : Found active switch: ('5', <Platform.SmartVirtual>)
2020-07-20 12:58:31,416 : INFO : SwitchController : Found active switch: ('6', <Platform.SmartVirtual>)
2020-07-20 12:58:31,416 : INFO : SwitchController : Found active switch: ('7', <Platform.SmartVirtual>)
2020-07-20 12:58:31,434 : INFO : EventManager : Event: ======'machine_var_score1_label'====== Args={'value': 'GRAND ADMIRAL', 'prev_value': None, 'change': True}
2020-07-20 12:58:31,434 : INFO : EventManager : Event: ======'machine_var_score1_name'====== Args={'value': 'SBA', 'prev_value': None, 'change': True}
2020-07-20 12:58:31,434 : INFO : EventManager : Event: ======'machine_var_score1_value'====== Args={'value': 1000000000, 'prev_value': None, 'change': True}
2020-07-20 12:58:31,434 : INFO : EventManager : Event: ======'machine_var_score2_label'====== Args={'value': 'ADMIRAL 1', 'prev_value': None, 'change': True}
2020-07-20 12:58:31,435 : INFO : EventManager : Event: ======'machine_var_score2_name'====== Args={'value': 'OCP', 'prev_value': None, 'change': True}
2020-07-20 12:58:31,435 : INFO : EventManager : Event: ======'machine_var_score2_value'====== Args={'value': 900000000, 'prev_value': None, 'change': True}
2020-07-20 12:58:31,435 : INFO : EventManager : Event: ======'machine_var_score3_label'====== Args={'value': 'ADMIRAL 2', 'prev_value': None, 'change': True}
2020-07-20 12:58:31,435 : INFO : EventManager : Event: ======'machine_var_score3_name'====== Args={'value': 'AND', 'prev_value': None, 'change': True}
2020-07-20 12:58:31,435 : INFO : EventManager : Event: ======'machine_var_score3_value'====== Args={'value': 800000000, 'prev_value': None, 'change': True}
2020-07-20 12:58:31,435 : INFO : EventManager : Event: ======'machine_var_score4_label'====== Args={'value': 'ADMIRAL 3', 'prev_value': None, 'change': True}
2020-07-20 12:58:31,435 : INFO : EventManager : Event: ======'machine_var_score4_name'====== Args={'value': 'W G', 'prev_value': None, 'change': True}
2020-07-20 12:58:31,435 : INFO : EventManager : Event: ======'machine_var_score4_value'====== Args={'value': 700000000, 'prev_value': None, 'change': True}
2020-07-20 12:58:31,435 : INFO : EventManager : Event: ======'machine_var_score5_label'====== Args={'value': 'ADMIRAL 4', 'prev_value': None, 'change': True}
2020-07-20 12:58:31,435 : INFO : EventManager : Event: ======'machine_var_score5_name'====== Args={'value': 'WOW', 'prev_value': None, 'change': True}
2020-07-20 12:58:31,436 : INFO : EventManager : Event: ======'machine_var_score5_value'====== Args={'value': 600000000, 'prev_value': None, 'change': True}
2020-07-20 12:58:31,436 : INFO : EventManager : Event: ======'bcp_connection_attempt'====== Args={'name': 'local_display', 'host': 'localhost', 'port': 5050}
2020-07-20 12:58:31,438 : INFO : BCPClientSocket : Connecting BCP to 'local_display' at localhost:5050...
2020-07-20 12:58:33,501 : INFO : BCPClientSocket : Connected BCP to 'local_display' localhost:5050
2020-07-20 12:58:33,502 : INFO : EventManager : Event: ======'bcp_clients_connected'====== Args={}
2020-07-20 12:58:33,513 : INFO : ball_device.bd_trough : State: idle
2020-07-20 12:58:33,514 : INFO : ball_device.bd_plunger : State: idle
2020-07-20 12:58:33,514 : INFO : ball_device.bd_main_hole : State: idle
2020-07-20 12:58:33,515 : INFO : ball_device.bd_hc_lock : State: idle
2020-07-20 12:58:33,538 : INFO : EventManager : Event: ======'init_phase_3'====== Args={}
2020-07-20 12:58:33,572 : INFO : EventManager : Event: ======'machine_var_mc_version'====== Args={'value': 'MPF-MC v0.54.0-dev.7', 'prev_value': None, 'change': True}
2020-07-20 12:58:33,573 : INFO : EventManager : Event: ======'machine_var_mc_extended_version'====== Args={'value': 'MPF-MC v0.54.0-dev.7 (config_version=5, BCP v1.1, Requires MPF v0.54.0-dev.0)', 'prev_value': None, 'change': True}
2020-07-20 12:58:33,575 : INFO : EventManager : Event: ======'machine_var_master_volume'====== Args={'value': 0.75, 'prev_value': None, 'change': True}
2020-07-20 12:58:33,575 : INFO : EventManager : Event: ======'init_phase_4'====== Args={}
2020-07-20 12:58:33,600 : INFO : EventManager : Event: ======'machine_var_audits_events_game_ended'====== Args={'value': 1, 'prev_value': None, 'change': True}
2020-07-20 12:58:33,600 : INFO : EventManager : Event: ======'machine_var_audits_events_game_started'====== Args={'value': 653, 'prev_value': None, 'change': True}
2020-07-20 12:58:33,601 : INFO : EventManager : Event: ======'machine_var_audits_player_score'====== Args={'value': {'average': 0.0, 'top': [0], 'total': 1}, 'prev_value': None, 'change': True}
2020-07-20 12:58:33,601 : INFO : EventManager : Event: ======'machine_var_audits_shots_battle_shot'====== Args={'value': 66, 'prev_value': None, 'change': True}
2020-07-20 12:58:33,601 : INFO : EventManager : Event: ======'machine_var_audits_shots_confederate_1'====== Args={'value': 9, 'prev_value': None, 'change': True}
2020-07-20 12:58:33,602 : INFO : EventManager : Event: ======'machine_var_audits_shots_confederate_2'====== Args={'value': 202, 'prev_value': None, 'change': True}
2020-07-20 12:58:33,602 : INFO : EventManager : Event: ======'machine_var_audits_shots_confederate_3'====== Args={'value': 87, 'prev_value': None, 'change': True}
2020-07-20 12:58:33,602 : INFO : EventManager : Event: ======'machine_var_audits_shots_confederate_4'====== Args={'value': 22, 'prev_value': None, 'change': True}
2020-07-20 12:58:33,603 : INFO : EventManager : Event: ======'machine_var_audits_shots_confederate_5'====== Args={'value': 7, 'prev_value': None, 'change': True}
2020-07-20 12:58:33,603 : INFO : EventManager : Event: ======'machine_var_audits_shots_confederate_6'====== Args={'value': 249, 'prev_value': None, 'change': True}
2020-07-20 12:58:33,603 : INFO : EventManager : Event: ======'machine_var_audits_shots_detonation'====== Args={'value': 42, 'prev_value': None, 'change': True}
2020-07-20 12:58:33,604 : INFO : EventManager : Event: ======'machine_var_audits_shots_detonation_lit'====== Args={'value': 145, 'prev_value': None, 'change': True}
2020-07-20 12:58:33,604 : INFO : EventManager : Event: ======'machine_var_audits_shots_jackpot_1'====== Args={'value': 75, 'prev_value': None, 'change': True}
2020-07-20 12:58:33,604 : INFO : EventManager : Event: ======'machine_var_audits_shots_jackpot_2'====== Args={'value': 59, 'prev_value': None, 'change': True}
2020-07-20 12:58:33,604 : INFO : EventManager : Event: ======'machine_var_audits_shots_jackpot_3'====== Args={'value': 82, 'prev_value': None, 'change': True}
2020-07-20 12:58:33,604 : INFO : EventManager : Event: ======'machine_var_audits_shots_jackpot_4'====== Args={'value': 40, 'prev_value': None, 'change': True}
2020-07-20 12:58:33,605 : INFO : EventManager : Event: ======'machine_var_audits_shots_jackpot_5'====== Args={'value': 42, 'prev_value': None, 'change': True}
2020-07-20 12:58:33,605 : INFO : EventManager : Event: ======'machine_var_audits_shots_jackpot_6'====== Args={'value': 45, 'prev_value': None, 'change': True}
2020-07-20 12:58:33,605 : INFO : EventManager : Event: ======'machine_var_audits_shots_lane_A'====== Args={'value': 56, 'prev_value': None, 'change': True}
2020-07-20 12:58:33,605 : INFO : EventManager : Event: ======'machine_var_audits_shots_lane_B'====== Args={'value': 59, 'prev_value': None, 'change': True}
2020-07-20 12:58:33,605 : INFO : EventManager : Event: ======'machine_var_audits_shots_lane_C'====== Args={'value': 90, 'prev_value': None, 'change': True}
2020-07-20 12:58:33,606 : INFO : EventManager : Event: ======'machine_var_audits_shots_lane_D'====== Args={'value': 126, 'prev_value': None, 'change': True}
2020-07-20 12:58:33,606 : INFO : EventManager : Event: ======'machine_var_audits_shots_lane_E'====== Args={'value': 65, 'prev_value': None, 'change': True}
2020-07-20 12:58:33,606 : INFO : EventManager : Event: ======'machine_var_audits_shots_lock_lit_1'====== Args={'value': 592, 'prev_value': None, 'change': True}
2020-07-20 12:58:33,606 : INFO : EventManager : Event: ======'machine_var_audits_shots_lock_lit_2'====== Args={'value': 649, 'prev_value': None, 'change': True}
2020-07-20 12:58:33,607 : INFO : EventManager : Event: ======'machine_var_audits_shots_ricochet_1'====== Args={'value': 62, 'prev_value': None, 'change': True}
2020-07-20 12:58:33,607 : INFO : EventManager : Event: ======'machine_var_audits_shots_ricochet_2'====== Args={'value': 291, 'prev_value': None, 'change': True}
2020-07-20 12:58:33,607 : INFO : EventManager : Event: ======'machine_var_audits_shots_ricochet_3'====== Args={'value': 54, 'prev_value': None, 'change': True}
2020-07-20 12:58:33,608 : INFO : EventManager : Event: ======'machine_var_audits_shots_ricochet_4'====== Args={'value': 6, 'prev_value': None, 'change': True}
2020-07-20 12:58:33,608 : INFO : EventManager : Event: ======'machine_var_audits_shots_ricochet_5'====== Args={'value': 3, 'prev_value': None, 'change': True}
2020-07-20 12:58:33,608 : INFO : EventManager : Event: ======'machine_var_audits_switches_s_bumper_1'====== Args={'value': 341, 'prev_value': None, 'change': True}
2020-07-20 12:58:33,608 : INFO : EventManager : Event: ======'machine_var_audits_switches_s_bumper_2'====== Args={'value': 156, 'prev_value': None, 'change': True}
2020-07-20 12:58:33,608 : INFO : EventManager : Event: ======'machine_var_audits_switches_s_bumper_3'====== Args={'value': 1, 'prev_value': None, 'change': True}
2020-07-20 12:58:33,609 : INFO : EventManager : Event: ======'machine_var_audits_switches_s_center_ramp'====== Args={'value': 23, 'prev_value': None, 'change': True}
2020-07-20 12:58:33,609 : INFO : EventManager : Event: ======'machine_var_audits_switches_s_citadel'====== Args={'value': 16, 'prev_value': None, 'change': True}
2020-07-20 12:58:33,610 : INFO : EventManager : Event: ======'machine_var_audits_switches_s_citadel_lock'====== Args={'value': 107, 'prev_value': None, 'change': True}
2020-07-20 12:58:33,610 : INFO : EventManager : Event: ======'machine_var_audits_switches_s_detonation'====== Args={'value': 145, 'prev_value': None, 'change': True}
2020-07-20 12:58:33,610 : INFO : EventManager : Event: ======'machine_var_audits_switches_s_detonation_lit'====== Args={'value': 0, 'prev_value': None, 'change': True}
2020-07-20 12:58:33,611 : INFO : EventManager : Event: ======'machine_var_audits_switches_s_dmg_1'====== Args={'value': 2184, 'prev_value': None, 'change': True}
2020-07-20 12:58:33,611 : INFO : EventManager : Event: ======'machine_var_audits_switches_s_dmg_2'====== Args={'value': 59, 'prev_value': None, 'change': True}
2020-07-20 12:58:33,611 : INFO : EventManager : Event: ======'machine_var_audits_switches_s_dmg_3'====== Args={'value': 13, 'prev_value': None, 'change': True}
2020-07-20 12:58:33,611 : INFO : EventManager : Event: ======'machine_var_audits_switches_s_dmg_4'====== Args={'value': 10, 'prev_value': None, 'change': True}
2020-07-20 12:58:33,612 : INFO : EventManager : Event: ======'machine_var_audits_switches_s_dmg_5'====== Args={'value': 9, 'prev_value': None, 'change': True}
2020-07-20 12:58:33,612 : INFO : EventManager : Event: ======'machine_var_audits_switches_s_dmg_6'====== Args={'value': 16, 'prev_value': None, 'change': True}
2020-07-20 12:58:33,612 : INFO : EventManager : Event: ======'machine_var_audits_switches_s_dmg_7'====== Args={'value': 290, 'prev_value': None, 'change': True}
2020-07-20 12:58:33,613 : INFO : EventManager : Event: ======'machine_var_audits_switches_s_drop_target'====== Args={'value': 1445, 'prev_value': None, 'change': True}
2020-07-20 12:58:33,613 : INFO : EventManager : Event: ======'machine_var_audits_switches_s_jet_hole'====== Args={'value': 0, 'prev_value': None, 'change': True}
2020-07-20 12:58:33,613 : INFO : EventManager : Event: ======'machine_var_audits_switches_s_jet_lane'====== Args={'value': 1, 'prev_value': None, 'change': True}
2020-07-20 12:58:33,614 : INFO : EventManager : Event: ======'machine_var_audits_switches_s_kickback'====== Args={'value': 0, 'prev_value': None, 'change': True}
2020-07-20 12:58:33,614 : INFO : EventManager : Event: ======'machine_var_audits_switches_s_kickback_target_1'====== Args={'value': 0, 'prev_value': None, 'change': True}
2020-07-20 12:58:33,614 : INFO : EventManager : Event: ======'machine_var_audits_switches_s_kickback_target_2'====== Args={'value': 0, 'prev_value': None, 'change': True}
2020-07-20 12:58:33,615 : INFO : EventManager : Event: ======'machine_var_audits_switches_s_kickback_target_3'====== Args={'value': 2, 'prev_value': None, 'change': True}
2020-07-20 12:58:33,615 : INFO : EventManager : Event: ======'machine_var_audits_switches_s_kickback_terget_1'====== Args={'value': 0, 'prev_value': None, 'change': True}
2020-07-20 12:58:33,615 : INFO : EventManager : Event: ======'machine_var_audits_switches_s_left_flipper'====== Args={'value': 751, 'prev_value': None, 'change': True}
2020-07-20 12:58:33,615 : INFO : EventManager : Event: ======'machine_var_audits_switches_s_left_hole'====== Args={'value': 0, 'prev_value': None, 'change': True}
2020-07-20 12:58:33,616 : INFO : EventManager : Event: ======'machine_var_audits_switches_s_left_inlane'====== Args={'value': 90, 'prev_value': None, 'change': True}
2020-07-20 12:58:33,616 : INFO : EventManager : Event: ======'machine_var_audits_switches_s_left_loop_made'====== Args={'value': 66, 'prev_value': None, 'change': True}
2020-07-20 12:58:33,616 : INFO : EventManager : Event: ======'machine_var_audits_switches_s_left_loop_pre'====== Args={'value': 2, 'prev_value': None, 'change': True}
2020-07-20 12:58:33,617 : INFO : EventManager : Event: ======'machine_var_audits_switches_s_left_mid_inlane'====== Args={'value': 59, 'prev_value': None, 'change': True}
2020-07-20 12:58:33,617 : INFO : EventManager : Event: ======'machine_var_audits_switches_s_left_outlane'====== Args={'value': 56, 'prev_value': None, 'change': True}
2020-07-20 12:58:33,617 : INFO : EventManager : Event: ======'machine_var_audits_switches_s_left_ramp_made'====== Args={'value': 676, 'prev_value': None, 'change': True}
2020-07-20 12:58:33,618 : INFO : EventManager : Event: ======'machine_var_audits_switches_s_left_ramp_pre'====== Args={'value': 2, 'prev_value': None, 'change': True}
2020-07-20 12:58:33,618 : INFO : EventManager : Event: ======'machine_var_audits_switches_s_left_slingshot'====== Args={'value': 4, 'prev_value': None, 'change': True}
2020-07-20 12:58:33,619 : INFO : EventManager : Event: ======'machine_var_audits_switches_s_lock_1'====== Args={'value': 256, 'prev_value': None, 'change': True}
2020-07-20 12:58:33,619 : INFO : EventManager : Event: ======'machine_var_audits_switches_s_lock_2'====== Args={'value': 259, 'prev_value': None, 'change': True}
2020-07-20 12:58:33,620 : INFO : EventManager : Event: ======'machine_var_audits_switches_s_lock_3'====== Args={'value': 317, 'prev_value': None, 'change': True}
2020-07-20 12:58:33,620 : INFO : EventManager : Event: ======'machine_var_audits_switches_s_magnet_switch'====== Args={'value': 0, 'prev_value': None, 'change': True}
2020-07-20 12:58:33,620 : INFO : EventManager : Event: ======'machine_var_audits_switches_s_main_hole'====== Args={'value': 429, 'prev_value': None, 'change': True}
2020-07-20 12:58:33,621 : INFO : EventManager : Event: ======'machine_var_audits_switches_s_pen_1'====== Args={'value': 6, 'prev_value': None, 'change': True}
2020-07-20 12:58:33,621 : INFO : EventManager : Event: ======'machine_var_audits_switches_s_pen_2'====== Args={'value': 6, 'prev_value': None, 'change': True}
2020-07-20 12:58:33,621 : INFO : EventManager : Event: ======'machine_var_audits_switches_s_pen_3'====== Args={'value': 2, 'prev_value': None, 'change': True}
2020-07-20 12:58:33,622 : INFO : EventManager : Event: ======'machine_var_audits_switches_s_pen_4'====== Args={'value': 5, 'prev_value': None, 'change': True}
2020-07-20 12:58:33,622 : INFO : EventManager : Event: ======'machine_var_audits_switches_s_pen_5'====== Args={'value': 2, 'prev_value': None, 'change': True}
2020-07-20 12:58:33,623 : INFO : EventManager : Event: ======'machine_var_audits_switches_s_pen_6'====== Args={'value': 8, 'prev_value': None, 'change': True}
2020-07-20 12:58:33,623 : INFO : EventManager : Event: ======'machine_var_audits_switches_s_plunger'====== Args={'value': 2017, 'prev_value': None, 'change': True}
2020-07-20 12:58:33,629 : INFO : EventManager : Event: ======'machine_var_audits_switches_s_plunger_button'====== Args={'value': 2, 'prev_value': None, 'change': True}
2020-07-20 12:58:33,629 : INFO : EventManager : Event: ======'machine_var_audits_switches_s_ricochet_1'====== Args={'value': 86, 'prev_value': None, 'change': True}
2020-07-20 12:58:33,630 : INFO : EventManager : Event: ======'machine_var_audits_switches_s_ricochet_2'====== Args={'value': 298, 'prev_value': None, 'change': True}
2020-07-20 12:58:33,639 : INFO : EventManager : Event: ======'machine_var_audits_switches_s_ricochet_3'====== Args={'value': 56, 'prev_value': None, 'change': True}
2020-07-20 12:58:33,640 : INFO : EventManager : Event: ======'machine_var_audits_switches_s_ricochet_4'====== Args={'value': 11, 'prev_value': None, 'change': True}
2020-07-20 12:58:33,640 : INFO : EventManager : Event: ======'machine_var_audits_switches_s_ricochet_5'====== Args={'value': 8, 'prev_value': None, 'change': True}
2020-07-20 12:58:33,641 : INFO : EventManager : Event: ======'machine_var_audits_switches_s_right_flipper'====== Args={'value': 2147, 'prev_value': None, 'change': True}
2020-07-20 12:58:33,641 : INFO : EventManager : Event: ======'machine_var_audits_switches_s_right_hole'====== Args={'value': 26, 'prev_value': None, 'change': True}
2020-07-20 12:58:33,641 : INFO : EventManager : Event: ======'machine_var_audits_switches_s_right_inlane'====== Args={'value': 128, 'prev_value': None, 'change': True}
2020-07-20 12:58:33,642 : INFO : EventManager : Event: ======'machine_var_audits_switches_s_right_loop_made'====== Args={'value': 5, 'prev_value': None, 'change': True}
2020-07-20 12:58:33,642 : INFO : EventManager : Event: ======'machine_var_audits_switches_s_right_loop_pre'====== Args={'value': 5, 'prev_value': None, 'change': True}
2020-07-20 12:58:33,642 : INFO : EventManager : Event: ======'machine_var_audits_switches_s_right_outlane'====== Args={'value': 67, 'prev_value': None, 'change': True}
2020-07-20 12:58:33,643 : INFO : EventManager : Event: ======'machine_var_audits_switches_s_right_ramp_made'====== Args={'value': 742, 'prev_value': None, 'change': True}
2020-07-20 12:58:33,643 : INFO : EventManager : Event: ======'machine_var_audits_switches_s_right_ramp_pre'====== Args={'value': 1, 'prev_value': None, 'change': True}
2020-07-20 12:58:33,644 : INFO : EventManager : Event: ======'machine_var_audits_switches_s_right_slingshot'====== Args={'value': 9, 'prev_value': None, 'change': True}
2020-07-20 12:58:33,644 : INFO : EventManager : Event: ======'machine_var_audits_switches_s_right_small_ramp'====== Args={'value': 0, 'prev_value': None, 'change': True}
2020-07-20 12:58:33,645 : INFO : EventManager : Event: ======'machine_var_audits_switches_s_side_hole'====== Args={'value': 272, 'prev_value': None, 'change': True}
2020-07-20 12:58:33,645 : INFO : EventManager : Event: ======'machine_var_audits_switches_s_side_ramp_made'====== Args={'value': 300, 'prev_value': None, 'change': True}
2020-07-20 12:58:33,645 : INFO : EventManager : Event: ======'machine_var_audits_switches_s_side_ramp_pre'====== Args={'value': 2, 'prev_value': None, 'change': True}
2020-07-20 12:58:33,646 : INFO : EventManager : Event: ======'machine_var_audits_switches_s_start'====== Args={'value': 77, 'prev_value': None, 'change': True}
2020-07-20 12:58:33,646 : INFO : EventManager : Event: ======'machine_var_audits_switches_s_torpedo'====== Args={'value': 192, 'prev_value': None, 'change': True}
2020-07-20 12:58:33,647 : INFO : EventManager : Event: ======'machine_var_audits_switches_s_torpedo_lane'====== Args={'value': 2, 'prev_value': None, 'change': True}
2020-07-20 12:58:33,647 : INFO : EventManager : Event: ======'machine_var_audits_switches_s_torpedo_pre'====== Args={'value': 0, 'prev_value': None, 'change': True}
2020-07-20 12:58:33,648 : INFO : EventManager : Event: ======'machine_var_audits_switches_s_trough1'====== Args={'value': 368, 'prev_value': None, 'change': True}
2020-07-20 12:58:33,648 : INFO : EventManager : Event: ======'machine_var_audits_switches_s_trough2'====== Args={'value': 26, 'prev_value': None, 'change': True}
2020-07-20 12:58:33,648 : INFO : EventManager : Event: ======'machine_var_audits_switches_s_trough3'====== Args={'value': 32, 'prev_value': None, 'change': True}
2020-07-20 12:58:33,649 : INFO : EventManager : Event: ======'machine_var_audits_switches_s_trough4'====== Args={'value': 4, 'prev_value': None, 'change': True}
2020-07-20 12:58:33,649 : INFO : EventManager : Event: ======'machine_var_audits_switches_s_trough5'====== Args={'value': 1, 'prev_value': None, 'change': True}
2020-07-20 12:58:33,650 : INFO : EventManager : Event: ======'machine_var_audits_switches_s_trough6'====== Args={'value': 1, 'prev_value': None, 'change': True}
2020-07-20 12:58:33,650 : INFO : EventManager : Event: ======'machine_var_audits_switches_s_trough_jam'====== Args={'value': 0, 'prev_value': None, 'change': True}
2020-07-20 12:58:33,651 : INFO : EventManager : Event: ======'init_phase_5'====== Args={}
2020-07-20 12:58:33,683 : INFO : EventManager : Event: ======'init_done'====== Args={}
2020-07-20 12:58:33,689 : INFO : EventManager : Event: ======'machine_reset_phase_1'====== Args={}
2020-07-20 12:58:33,703 : INFO : EventManager : Event: ======'machine_reset_phase_2'====== Args={}
2020-07-20 12:58:33,703 : INFO : EventManager : Event: ======'machine_reset_phase_3'====== Args={}
2020-07-20 12:58:33,704 : INFO : EventManager : Event: ======'diverter_citadel_diverter_deactivating'====== Args={}
2020-07-20 12:58:33,704 : INFO : coil.c_loop_diverter : Disabling Driver
2020-07-20 12:58:33,704 : INFO : EventManager : Event: ======'diverter_torpedo_peg_deactivating'====== Args={}
2020-07-20 12:58:33,704 : INFO : coil.c_torpedo_peg : Disabling Driver
2020-07-20 12:58:33,704 : INFO : EventManager : Event: ======'reset_complete'====== Args={}
2020-07-20 12:58:33,704 : INFO : EventManager : Event: ======'mode_attract_will_start'====== Args={}
2020-07-20 12:58:33,704 : INFO : EventManager : Event: ======'mode_attract_starting'====== Args={}
2020-07-20 12:58:33,705 : INFO : Mode.attract : Started. Priority: 10
2020-07-20 12:58:33,705 : INFO : EventManager : Event: ======'mode_attract_started'====== Args={}
2020-07-20 12:58:33,705 : INFO : EventManager : Event: ======'collecting_balls_complete'====== Args={}
2020-07-20 12:58:33,758 : INFO : EventManager : Event: ======'slide_attract_game_over_slide_created'====== Args={'_from_bcp': True}
2020-07-20 12:58:33,759 : INFO : EventManager : Event: ======'slide_attract_game_over_slide_active'====== Args={'_from_bcp': True}
2020-07-20 12:58:33,759 : INFO : Machine : Starting the main run loop.
2020-07-20 12:58:34,058 : INFO : SwitchController : <<<<<<< 's_right_flipper' active >>>>>>>
2020-07-20 12:58:34,058 : INFO : EventManager : Event: ======'s_right_flipper_active'====== Args={}
2020-07-20 12:58:34,104 : INFO : EventManager : Event: ======'slide_attract_slide_score_created'====== Args={'_from_bcp': True}
2020-07-20 12:58:34,104 : INFO : EventManager : Event: ======'slide_attract_slide_score_active'====== Args={'_from_bcp': True}
2020-07-20 12:58:34,104 : INFO : SwitchController : <<<<<<< 's_right_flipper' inactive >>>>>>>
2020-07-20 12:58:34,234 : INFO : SwitchController : <<<<<<< 's_right_flipper' active >>>>>>>
2020-07-20 12:58:34,234 : INFO : EventManager : Event: ======'s_right_flipper_active'====== Args={}
2020-07-20 12:58:34,258 : INFO : EventManager : Event: ======'slide_consumable_slide_created'====== Args={'_from_bcp': True}
2020-07-20 12:58:34,259 : INFO : EventManager : Event: ======'slide_consumable_slide_active'====== Args={'_from_bcp': True}
2020-07-20 12:58:34,296 : INFO : SwitchController : <<<<<<< 's_right_flipper' inactive >>>>>>>
2020-07-20 12:58:34,407 : INFO : SwitchController : <<<<<<< 's_right_flipper' active >>>>>>>
2020-07-20 12:58:34,407 : INFO : EventManager : Event: ======'s_right_flipper_active'====== Args={}
2020-07-20 12:58:34,423 : INFO : EventManager : Event: ======'slide_consumable_slide1_created'====== Args={'_from_bcp': True}
2020-07-20 12:58:34,424 : INFO : EventManager : Event: ======'slide_consumable_slide1_active'====== Args={'_from_bcp': True}
2020-07-20 12:58:34,425 : INFO : BcpServer : New client connected.
2020-07-20 12:58:34,469 : INFO : SwitchController : <<<<<<< 's_right_flipper' inactive >>>>>>>
2020-07-20 12:58:34,585 : INFO : SwitchController : <<<<<<< 's_right_flipper' active >>>>>>>
2020-07-20 12:58:34,585 : INFO : EventManager : Event: ======'s_right_flipper_active'====== Args={}
2020-07-20 12:58:34,604 : INFO : EventManager : Event: ======'slide_consumable_slide2_created'====== Args={'_from_bcp': True}
2020-07-20 12:58:34,618 : INFO : EventManager : Event: ======'slide_consumable_slide2_active'====== Args={'_from_bcp': True}
2020-07-20 12:58:34,657 : INFO : SwitchController : <<<<<<< 's_right_flipper' inactive >>>>>>>
2020-07-20 12:58:34,751 : INFO : SwitchController : <<<<<<< 's_right_flipper' active >>>>>>>
2020-07-20 12:58:34,751 : INFO : EventManager : Event: ======'s_right_flipper_active'====== Args={}
2020-07-20 12:58:34,776 : INFO : EventManager : Event: ======'slide_test_slide_1_created'====== Args={'_from_bcp': True}
2020-07-20 12:58:34,780 : INFO : EventManager : Event: ======'slide_test_slide_1_active'====== Args={'_from_bcp': True}
2020-07-20 12:58:34,854 : INFO : SwitchController : <<<<<<< 's_right_flipper' inactive >>>>>>>
2020-07-20 12:58:37,742 : INFO : SwitchController : <<<<<<< 's_right_flipper' active >>>>>>>
2020-07-20 12:58:37,742 : INFO : EventManager : Event: ======'s_right_flipper_active'====== Args={}
2020-07-20 12:58:37,757 : INFO : EventManager : Event: ======'slide_test_slide_2_created'====== Args={'_from_bcp': True}
2020-07-20 12:58:37,758 : INFO : EventManager : Event: ======'slide_test_slide_2_active'====== Args={'_from_bcp': True}
2020-07-20 12:58:37,802 : INFO : SwitchController : <<<<<<< 's_right_flipper' inactive >>>>>>>
2020-07-20 12:58:38,585 : INFO : SwitchController : <<<<<<< 's_left_flipper' active >>>>>>>
2020-07-20 12:58:38,585 : INFO : EventManager : Event: ======'s_left_flipper_active'====== Args={}
2020-07-20 12:58:38,611 : INFO : EventManager : Event: ======'slide_test_slide_1_removed'====== Args={'_from_bcp': True}
2020-07-20 12:58:38,611 : INFO : EventManager : Event: ======'slide_test_slide_1_created'====== Args={'_from_bcp': True}
2020-07-20 12:58:38,615 : INFO : EventManager : Event: ======'slide_test_slide_1_active'====== Args={'_from_bcp': True}
2020-07-20 12:58:38,691 : INFO : SwitchController : <<<<<<< 's_left_flipper' inactive >>>>>>>
2020-07-20 12:58:39,074 : INFO : SwitchController : <<<<<<< 's_right_flipper' active >>>>>>>
2020-07-20 12:58:39,074 : INFO : EventManager : Event: ======'s_right_flipper_active'====== Args={}
2020-07-20 12:58:39,090 : INFO : EventManager : Event: ======'slide_test_slide_2_removed'====== Args={'_from_bcp': True}
2020-07-20 12:58:39,090 : INFO : EventManager : Event: ======'slide_test_slide_2_created'====== Args={'_from_bcp': True}
2020-07-20 12:58:39,091 : INFO : EventManager : Event: ======'slide_test_slide_2_active'====== Args={'_from_bcp': True}
2020-07-20 12:58:39,195 : INFO : SwitchController : <<<<<<< 's_right_flipper' inactive >>>>>>>
2020-07-20 12:58:39,658 : INFO : SwitchController : <<<<<<< 's_right_flipper' active >>>>>>>
2020-07-20 12:58:39,659 : INFO : EventManager : Event: ======'s_right_flipper_active'====== Args={}
2020-07-20 12:58:39,672 : INFO : EventManager : Event: ======'slide_test_slide_3_created'====== Args={'_from_bcp': True}
2020-07-20 12:58:39,672 : INFO : EventManager : Event: ======'slide_test_slide_3_active'====== Args={'_from_bcp': True}
2020-07-20 12:58:39,754 : INFO : SwitchController : <<<<<<< 's_right_flipper' inactive >>>>>>>
2020-07-20 12:58:40,675 : INFO : SwitchController : <<<<<<< 's_left_flipper' active >>>>>>>
2020-07-20 12:58:40,675 : INFO : EventManager : Event: ======'s_left_flipper_active'====== Args={}
2020-07-20 12:58:40,687 : INFO : EventManager : Event: ======'slide_test_slide_2_removed'====== Args={'_from_bcp': True}
2020-07-20 12:58:40,688 : INFO : EventManager : Event: ======'slide_test_slide_2_created'====== Args={'_from_bcp': True}
2020-07-20 12:58:40,689 : INFO : EventManager : Event: ======'slide_test_slide_2_active'====== Args={'_from_bcp': True}
2020-07-20 12:58:40,770 : INFO : SwitchController : <<<<<<< 's_left_flipper' inactive >>>>>>>
2020-07-20 12:58:41,094 : INFO : SwitchController : <<<<<<< 's_left_flipper' active >>>>>>>
2020-07-20 12:58:41,094 : INFO : EventManager : Event: ======'s_left_flipper_active'====== Args={}
2020-07-20 12:58:41,106 : INFO : EventManager : Event: ======'slide_test_slide_1_removed'====== Args={'_from_bcp': True}
2020-07-20 12:58:41,111 : INFO : EventManager : Event: ======'slide_test_slide_1_created'====== Args={'_from_bcp': True}
2020-07-20 12:58:41,117 : INFO : EventManager : Event: ======'slide_test_slide_1_active'====== Args={'_from_bcp': True}
2020-07-20 12:58:41,210 : INFO : SwitchController : <<<<<<< 's_left_flipper' inactive >>>>>>>
2020-07-20 12:58:43,185 : INFO : SwitchController : <<<<<<< 's_right_flipper' active >>>>>>>
2020-07-20 12:58:43,186 : INFO : EventManager : Event: ======'s_right_flipper_active'====== Args={}
2020-07-20 12:58:43,210 : INFO : EventManager : Event: ======'slide_test_slide_2_removed'====== Args={'_from_bcp': True}
2020-07-20 12:58:43,211 : INFO : EventManager : Event: ======'slide_test_slide_2_created'====== Args={'_from_bcp': True}
2020-07-20 12:58:43,211 : INFO : EventManager : Event: ======'slide_test_slide_2_active'====== Args={'_from_bcp': True}
2020-07-20 12:58:43,268 : INFO : SwitchController : <<<<<<< 's_right_flipper' inactive >>>>>>>
2020-07-20 12:58:43,469 : INFO : SwitchController : <<<<<<< 's_left_flipper' active >>>>>>>
2020-07-20 12:58:43,469 : INFO : EventManager : Event: ======'s_left_flipper_active'====== Args={}
2020-07-20 12:58:43,493 : INFO : EventManager : Event: ======'slide_test_slide_1_removed'====== Args={'_from_bcp': True}
2020-07-20 12:58:43,494 : INFO : EventManager : Event: ======'slide_test_slide_1_created'====== Args={'_from_bcp': True}
2020-07-20 12:58:43,499 : INFO : EventManager : Event: ======'slide_test_slide_1_active'====== Args={'_from_bcp': True}
2020-07-20 12:58:43,586 : INFO : SwitchController : <<<<<<< 's_left_flipper' inactive >>>>>>>
2020-07-20 12:58:44,635 : INFO : SwitchController : <<<<<<< 's_right_flipper' active >>>>>>>
2020-07-20 12:58:44,635 : INFO : EventManager : Event: ======'s_right_flipper_active'====== Args={}
2020-07-20 12:58:44,665 : INFO : EventManager : Event: ======'slide_test_slide_2_removed'====== Args={'_from_bcp': True}
2020-07-20 12:58:44,665 : INFO : EventManager : Event: ======'slide_test_slide_2_created'====== Args={'_from_bcp': True}
2020-07-20 12:58:44,666 : INFO : EventManager : Event: ======'slide_test_slide_2_active'====== Args={'_from_bcp': True}
2020-07-20 12:58:44,752 : INFO : SwitchController : <<<<<<< 's_right_flipper' inactive >>>>>>>
2020-07-20 12:58:44,918 : INFO : SwitchController : <<<<<<< 's_left_flipper' active >>>>>>>
2020-07-20 12:58:44,918 : INFO : EventManager : Event: ======'s_left_flipper_active'====== Args={}
2020-07-20 12:58:44,947 : INFO : EventManager : Event: ======'slide_test_slide_1_removed'====== Args={'_from_bcp': True}
2020-07-20 12:58:44,947 : INFO : EventManager : Event: ======'slide_test_slide_1_created'====== Args={'_from_bcp': True}
2020-07-20 12:58:44,950 : INFO : EventManager : Event: ======'slide_test_slide_1_active'====== Args={'_from_bcp': True}
2020-07-20 12:58:45,071 : INFO : SwitchController : <<<<<<< 's_left_flipper' inactive >>>>>>>
2020-07-20 12:58:47,621 : INFO : SwitchController : <<<<<<< 's_left_flipper' active >>>>>>>
2020-07-20 12:58:47,621 : INFO : EventManager : Event: ======'s_left_flipper_active'====== Args={}
2020-07-20 12:58:47,641 : INFO : EventManager : Event: ======'slide_consumable_slide2_removed'====== Args={'_from_bcp': True}
2020-07-20 12:58:47,641 : INFO : EventManager : Event: ======'slide_consumable_slide2_created'====== Args={'_from_bcp': True}
2020-07-20 12:58:47,642 : INFO : EventManager : Event: ======'slide_consumable_slide2_active'====== Args={'_from_bcp': True}
2020-07-20 12:58:47,738 : INFO : SwitchController : <<<<<<< 's_left_flipper' inactive >>>>>>>
2020-07-20 12:58:48,255 : INFO : SwitchController : <<<<<<< 's_right_flipper' active >>>>>>>
2020-07-20 12:58:48,255 : INFO : EventManager : Event: ======'s_right_flipper_active'====== Args={}
2020-07-20 12:58:48,280 : INFO : EventManager : Event: ======'slide_test_slide_1_removed'====== Args={'_from_bcp': True}
2020-07-20 12:58:48,280 : INFO : EventManager : Event: ======'slide_test_slide_1_created'====== Args={'_from_bcp': True}
2020-07-20 12:58:48,285 : INFO : EventManager : Event: ======'slide_test_slide_1_active'====== Args={'_from_bcp': True}
2020-07-20 12:58:48,369 : INFO : SwitchController : <<<<<<< 's_right_flipper' inactive >>>>>>>
2020-07-20 12:58:48,769 : INFO : SwitchController : <<<<<<< 's_right_flipper' active >>>>>>>
2020-07-20 12:58:48,769 : INFO : EventManager : Event: ======'s_right_flipper_active'====== Args={}
2020-07-20 12:58:48,792 : INFO : EventManager : Event: ======'slide_test_slide_2_removed'====== Args={'_from_bcp': True}
2020-07-20 12:58:48,792 : INFO : EventManager : Event: ======'slide_test_slide_2_created'====== Args={'_from_bcp': True}
2020-07-20 12:58:48,792 : INFO : EventManager : Event: ======'slide_test_slide_2_active'====== Args={'_from_bcp': True}
2020-07-20 12:58:48,855 : INFO : SwitchController : <<<<<<< 's_right_flipper' inactive >>>>>>>
2020-07-20 12:58:49,231 : INFO : SwitchController : <<<<<<< 's_right_flipper' active >>>>>>>
2020-07-20 12:58:49,231 : INFO : EventManager : Event: ======'s_right_flipper_active'====== Args={}
2020-07-20 12:58:49,241 : INFO : EventManager : Event: ======'slide_test_slide_3_removed'====== Args={'_from_bcp': True}
2020-07-20 12:58:49,241 : INFO : EventManager : Event: ======'slide_test_slide_3_created'====== Args={'_from_bcp': True}
2020-07-20 12:58:49,242 : INFO : EventManager : Event: ======'slide_test_slide_3_active'====== Args={'_from_bcp': True}
2020-07-20 12:58:49,288 : INFO : SwitchController : <<<<<<< 's_right_flipper' inactive >>>>>>>
2020-07-20 12:58:49,622 : INFO : SwitchController : <<<<<<< 's_left_flipper' active >>>>>>>
2020-07-20 12:58:49,622 : INFO : EventManager : Event: ======'s_left_flipper_active'====== Args={}
2020-07-20 12:58:49,641 : INFO : EventManager : Event: ======'slide_test_slide_2_removed'====== Args={'_from_bcp': True}
2020-07-20 12:58:49,641 : INFO : EventManager : Event: ======'slide_test_slide_2_created'====== Args={'_from_bcp': True}
2020-07-20 12:58:49,641 : INFO : EventManager : Event: ======'slide_test_slide_2_active'====== Args={'_from_bcp': True}
2020-07-20 12:58:49,721 : INFO : SwitchController : <<<<<<< 's_left_flipper' inactive >>>>>>>
2020-07-20 12:58:49,854 : INFO : SwitchController : <<<<<<< 's_left_flipper' active >>>>>>>
2020-07-20 12:58:49,854 : INFO : EventManager : Event: ======'s_left_flipper_active'====== Args={}
2020-07-20 12:58:49,875 : INFO : EventManager : Event: ======'slide_test_slide_1_removed'====== Args={'_from_bcp': True}
2020-07-20 12:58:49,893 : INFO : EventManager : Event: ======'slide_test_slide_1_created'====== Args={'_from_bcp': True}
2020-07-20 12:58:49,893 : INFO : EventManager : Event: ======'slide_test_slide_1_active'====== Args={'_from_bcp': True}
2020-07-20 12:58:49,971 : INFO : SwitchController : <<<<<<< 's_left_flipper' inactive >>>>>>>
2020-07-20 12:58:51,937 : INFO : SwitchController : <<<<<<< 's_left_flipper' active >>>>>>>
2020-07-20 12:58:51,937 : INFO : EventManager : Event: ======'s_left_flipper_active'====== Args={}
2020-07-20 12:58:51,971 : INFO : EventManager : Event: ======'slide_consumable_slide2_removed'====== Args={'_from_bcp': True}
2020-07-20 12:58:51,971 : INFO : EventManager : Event: ======'slide_consumable_slide2_created'====== Args={'_from_bcp': True}
2020-07-20 12:58:51,971 : INFO : EventManager : Event: ======'slide_consumable_slide2_active'====== Args={'_from_bcp': True}
2020-07-20 12:58:52,042 : INFO : SwitchController : <<<<<<< 's_left_flipper' inactive >>>>>>>
2020-07-20 12:58:52,544 : INFO : SwitchController : <<<<<<< 's_right_flipper' active >>>>>>>
2020-07-20 12:58:52,544 : INFO : EventManager : Event: ======'s_right_flipper_active'====== Args={}
2020-07-20 12:58:52,555 : INFO : EventManager : Event: ======'slide_test_slide_1_removed'====== Args={'_from_bcp': True}
2020-07-20 12:58:52,561 : INFO : EventManager : Event: ======'slide_test_slide_1_created'====== Args={'_from_bcp': True}
2020-07-20 12:58:52,566 : INFO : EventManager : Event: ======'slide_test_slide_1_active'====== Args={'_from_bcp': True}
2020-07-20 12:58:52,637 : INFO : SwitchController : <<<<<<< 's_right_flipper' inactive >>>>>>>
2020-07-20 12:58:54,438 : INFO : SwitchController : <<<<<<< 's_left_flipper' active >>>>>>>
2020-07-20 12:58:54,438 : INFO : EventManager : Event: ======'s_left_flipper_active'====== Args={}
2020-07-20 12:58:54,467 : INFO : EventManager : Event: ======'slide_consumable_slide2_removed'====== Args={'_from_bcp': True}
2020-07-20 12:58:54,467 : INFO : EventManager : Event: ======'slide_consumable_slide2_created'====== Args={'_from_bcp': True}
2020-07-20 12:58:54,467 : INFO : EventManager : Event: ======'slide_consumable_slide2_active'====== Args={'_from_bcp': True}
2020-07-20 12:58:54,541 : INFO : SwitchController : <<<<<<< 's_left_flipper' inactive >>>>>>>
2020-07-20 12:58:54,786 : INFO : SwitchController : <<<<<<< 's_right_flipper' active >>>>>>>
2020-07-20 12:58:54,786 : INFO : EventManager : Event: ======'s_right_flipper_active'====== Args={}
2020-07-20 12:58:54,812 : INFO : EventManager : Event: ======'slide_test_slide_1_removed'====== Args={'_from_bcp': True}
2020-07-20 12:58:54,812 : INFO : EventManager : Event: ======'slide_test_slide_1_created'====== Args={'_from_bcp': True}
2020-07-20 12:58:54,817 : INFO : EventManager : Event: ======'slide_test_slide_1_active'====== Args={'_from_bcp': True}
2020-07-20 12:58:54,904 : INFO : SwitchController : <<<<<<< 's_right_flipper' inactive >>>>>>>
2020-07-20 12:58:55,486 : INFO : SwitchController : <<<<<<< 's_right_flipper' active >>>>>>>
2020-07-20 12:58:55,486 : INFO : EventManager : Event: ======'s_right_flipper_active'====== Args={}
2020-07-20 12:58:55,519 : INFO : EventManager : Event: ======'slide_test_slide_2_removed'====== Args={'_from_bcp': True}
2020-07-20 12:58:55,519 : INFO : EventManager : Event: ======'slide_test_slide_2_created'====== Args={'_from_bcp': True}
2020-07-20 12:58:55,522 : INFO : EventManager : Event: ======'slide_test_slide_2_active'====== Args={'_from_bcp': True}
2020-07-20 12:58:55,622 : INFO : SwitchController : <<<<<<< 's_right_flipper' inactive >>>>>>>
2020-07-20 12:58:55,970 : INFO : SwitchController : <<<<<<< 's_left_flipper' active >>>>>>>
2020-07-20 12:58:55,971 : INFO : EventManager : Event: ======'s_left_flipper_active'====== Args={}
2020-07-20 12:58:55,995 : INFO : EventManager : Event: ======'slide_test_slide_1_removed'====== Args={'_from_bcp': True}
2020-07-20 12:58:55,995 : INFO : EventManager : Event: ======'slide_test_slide_1_created'====== Args={'_from_bcp': True}
2020-07-20 12:58:55,999 : INFO : EventManager : Event: ======'slide_test_slide_1_active'====== Args={'_from_bcp': True}
2020-07-20 12:58:56,089 : INFO : SwitchController : <<<<<<< 's_left_flipper' inactive >>>>>>>
2020-07-20 12:58:58,213 : INFO : SwitchController : <<<<<<< 's_left_flipper' active >>>>>>>
2020-07-20 12:58:58,213 : INFO : EventManager : Event: ======'s_left_flipper_active'====== Args={}
2020-07-20 12:58:58,223 : INFO : EventManager : Event: ======'slide_consumable_slide2_removed'====== Args={'_from_bcp': True}
2020-07-20 12:58:58,223 : INFO : EventManager : Event: ======'slide_consumable_slide2_created'====== Args={'_from_bcp': True}
2020-07-20 12:58:58,224 : INFO : EventManager : Event: ======'slide_consumable_slide2_active'====== Args={'_from_bcp': True}
2020-07-20 12:58:58,338 : INFO : SwitchController : <<<<<<< 's_left_flipper' inactive >>>>>>>
2020-07-20 12:58:58,622 : INFO : SwitchController : <<<<<<< 's_right_flipper' active >>>>>>>
2020-07-20 12:58:58,622 : INFO : EventManager : Event: ======'s_right_flipper_active'====== Args={}
2020-07-20 12:58:58,643 : INFO : EventManager : Event: ======'slide_test_slide_1_removed'====== Args={'_from_bcp': True}
2020-07-20 12:58:58,647 : INFO : EventManager : Event: ======'slide_test_slide_1_created'====== Args={'_from_bcp': True}
2020-07-20 12:58:58,651 : INFO : EventManager : Event: ======'slide_test_slide_1_active'====== Args={'_from_bcp': True}
2020-07-20 12:58:58,725 : INFO : SwitchController : <<<<<<< 's_right_flipper' inactive >>>>>>>
2020-07-20 12:58:59,895 : INFO : SwitchController : <<<<<<< 's_right_flipper' active >>>>>>>
2020-07-20 12:58:59,895 : INFO : EventManager : Event: ======'s_right_flipper_active'====== Args={}
2020-07-20 12:58:59,906 : INFO : EventManager : Event: ======'slide_test_slide_2_removed'====== Args={'_from_bcp': True}
2020-07-20 12:58:59,906 : INFO : EventManager : Event: ======'slide_test_slide_2_created'====== Args={'_from_bcp': True}
2020-07-20 12:58:59,907 : INFO : EventManager : Event: ======'slide_test_slide_2_active'====== Args={'_from_bcp': True}
2020-07-20 12:59:00,022 : INFO : SwitchController : <<<<<<< 's_right_flipper' inactive >>>>>>>
2020-07-20 12:59:00,444 : INFO : SwitchController : <<<<<<< 's_left_flipper' active >>>>>>>
2020-07-20 12:59:00,444 : INFO : EventManager : Event: ======'s_left_flipper_active'====== Args={}
2020-07-20 12:59:00,455 : INFO : EventManager : Event: ======'slide_test_slide_1_removed'====== Args={'_from_bcp': True}
2020-07-20 12:59:00,462 : INFO : EventManager : Event: ======'slide_test_slide_1_created'====== Args={'_from_bcp': True}
2020-07-20 12:59:00,467 : INFO : EventManager : Event: ======'slide_test_slide_1_active'====== Args={'_from_bcp': True}
2020-07-20 12:59:00,604 : INFO : SwitchController : <<<<<<< 's_left_flipper' inactive >>>>>>>
2020-07-20 12:59:01,553 : INFO : SwitchController : <<<<<<< 's_left_flipper' active >>>>>>>
2020-07-20 12:59:01,553 : INFO : EventManager : Event: ======'s_left_flipper_active'====== Args={}
2020-07-20 12:59:01,578 : INFO : EventManager : Event: ======'slide_consumable_slide2_removed'====== Args={'_from_bcp': True}
2020-07-20 12:59:01,579 : INFO : EventManager : Event: ======'slide_consumable_slide2_created'====== Args={'_from_bcp': True}
2020-07-20 12:59:01,579 : INFO : EventManager : Event: ======'slide_consumable_slide2_active'====== Args={'_from_bcp': True}
2020-07-20 12:59:01,670 : INFO : SwitchController : <<<<<<< 's_left_flipper' inactive >>>>>>>
2020-07-20 12:59:02,092 : INFO : SwitchController : <<<<<<< 's_left_flipper' active >>>>>>>
2020-07-20 12:59:02,092 : INFO : EventManager : Event: ======'s_left_flipper_active'====== Args={}
2020-07-20 12:59:02,107 : INFO : EventManager : Event: ======'slide_consumable_slide1_removed'====== Args={'_from_bcp': True}
2020-07-20 12:59:02,112 : INFO : EventManager : Event: ======'slide_consumable_slide1_created'====== Args={'_from_bcp': True}
2020-07-20 12:59:02,112 : INFO : EventManager : Event: ======'slide_consumable_slide1_active'====== Args={'_from_bcp': True}
2020-07-20 12:59:02,255 : INFO : SwitchController : <<<<<<< 's_left_flipper' inactive >>>>>>>
2020-07-20 12:59:02,488 : INFO : SwitchController : <<<<<<< 's_right_flipper' active >>>>>>>
2020-07-20 12:59:02,488 : INFO : EventManager : Event: ======'s_right_flipper_active'====== Args={}
2020-07-20 12:59:02,506 : INFO : EventManager : Event: ======'slide_consumable_slide2_removed'====== Args={'_from_bcp': True}
2020-07-20 12:59:02,508 : INFO : EventManager : Event: ======'slide_consumable_slide2_created'====== Args={'_from_bcp': True}
2020-07-20 12:59:02,509 : INFO : EventManager : Event: ======'slide_consumable_slide2_active'====== Args={'_from_bcp': True}
2020-07-20 12:59:02,571 : INFO : SwitchController : <<<<<<< 's_right_flipper' inactive >>>>>>>
2020-07-20 12:59:02,704 : INFO : SwitchController : <<<<<<< 's_right_flipper' active >>>>>>>
2020-07-20 12:59:02,704 : INFO : EventManager : Event: ======'s_right_flipper_active'====== Args={}
2020-07-20 12:59:02,728 : INFO : EventManager : Event: ======'slide_test_slide_1_removed'====== Args={'_from_bcp': True}
2020-07-20 12:59:02,728 : INFO : EventManager : Event: ======'slide_test_slide_1_created'====== Args={'_from_bcp': True}
2020-07-20 12:59:02,732 : INFO : EventManager : Event: ======'slide_test_slide_1_active'====== Args={'_from_bcp': True}
2020-07-20 12:59:02,790 : INFO : SwitchController : <<<<<<< 's_right_flipper' inactive >>>>>>>
2020-07-20 12:59:03,171 : INFO : SwitchController : <<<<<<< 's_right_flipper' active >>>>>>>
2020-07-20 12:59:03,171 : INFO : EventManager : Event: ======'s_right_flipper_active'====== Args={}
2020-07-20 12:59:03,197 : INFO : EventManager : Event: ======'slide_test_slide_2_removed'====== Args={'_from_bcp': True}
2020-07-20 12:59:03,197 : INFO : EventManager : Event: ======'slide_test_slide_2_created'====== Args={'_from_bcp': True}
2020-07-20 12:59:03,197 : INFO : EventManager : Event: ======'slide_test_slide_2_active'====== Args={'_from_bcp': True}
2020-07-20 12:59:03,253 : INFO : SwitchController : <<<<<<< 's_right_flipper' inactive >>>>>>>
2020-07-20 12:59:03,555 : INFO : SwitchController : <<<<<<< 's_right_flipper' active >>>>>>>
2020-07-20 12:59:03,555 : INFO : EventManager : Event: ======'s_right_flipper_active'====== Args={}
2020-07-20 12:59:03,573 : INFO : EventManager : Event: ======'slide_test_slide_3_removed'====== Args={'_from_bcp': True}
2020-07-20 12:59:03,574 : INFO : EventManager : Event: ======'slide_test_slide_3_created'====== Args={'_from_bcp': True}
2020-07-20 12:59:03,580 : INFO : EventManager : Event: ======'slide_test_slide_3_active'====== Args={'_from_bcp': True}
2020-07-20 12:59:03,667 : INFO : SwitchController : <<<<<<< 's_right_flipper' inactive >>>>>>>
2020-07-20 12:59:03,870 : INFO : SwitchController : <<<<<<< 's_left_flipper' active >>>>>>>
2020-07-20 12:59:03,870 : INFO : EventManager : Event: ======'s_left_flipper_active'====== Args={}
2020-07-20 12:59:03,898 : INFO : EventManager : Event: ======'slide_test_slide_2_removed'====== Args={'_from_bcp': True}
2020-07-20 12:59:03,899 : INFO : EventManager : Event: ======'slide_test_slide_2_created'====== Args={'_from_bcp': True}
2020-07-20 12:59:03,899 : INFO : EventManager : Event: ======'slide_test_slide_2_active'====== Args={'_from_bcp': True}
2020-07-20 12:59:03,976 : INFO : SwitchController : <<<<<<< 's_left_flipper' inactive >>>>>>>
2020-07-20 12:59:04,097 : INFO : SwitchController : <<<<<<< 's_left_flipper' active >>>>>>>
2020-07-20 12:59:04,097 : INFO : EventManager : Event: ======'s_left_flipper_active'====== Args={}
2020-07-20 12:59:04,109 : INFO : EventManager : Event: ======'slide_test_slide_1_removed'====== Args={'_from_bcp': True}
2020-07-20 12:59:04,144 : INFO : EventManager : Event: ======'slide_test_slide_1_created'====== Args={'_from_bcp': True}
2020-07-20 12:59:04,145 : INFO : EventManager : Event: ======'slide_test_slide_1_active'====== Args={'_from_bcp': True}
2020-07-20 12:59:04,203 : INFO : SwitchController : <<<<<<< 's_left_flipper' inactive >>>>>>>
2020-07-20 12:59:05,254 : INFO : SwitchController : <<<<<<< 's_right_flipper' active >>>>>>>
2020-07-20 12:59:05,254 : INFO : EventManager : Event: ======'s_right_flipper_active'====== Args={}
2020-07-20 12:59:05,281 : INFO : EventManager : Event: ======'slide_test_slide_2_removed'====== Args={'_from_bcp': True}
2020-07-20 12:59:05,281 : INFO : EventManager : Event: ======'slide_test_slide_2_created'====== Args={'_from_bcp': True}
2020-07-20 12:59:05,282 : INFO : EventManager : Event: ======'slide_test_slide_2_active'====== Args={'_from_bcp': True}
2020-07-20 12:59:05,337 : INFO : SwitchController : <<<<<<< 's_right_flipper' inactive >>>>>>>
2020-07-20 12:59:06,637 : INFO : SwitchController : <<<<<<< 's_right_flipper' active >>>>>>>
2020-07-20 12:59:06,637 : INFO : EventManager : Event: ======'s_right_flipper_active'====== Args={}
2020-07-20 12:59:06,662 : INFO : EventManager : Event: ======'slide_test_slide_3_removed'====== Args={'_from_bcp': True}
2020-07-20 12:59:06,663 : INFO : EventManager : Event: ======'slide_test_slide_3_created'====== Args={'_from_bcp': True}
2020-07-20 12:59:06,663 : INFO : EventManager : Event: ======'slide_test_slide_3_active'====== Args={'_from_bcp': True}
2020-07-20 12:59:06,700 : INFO : SwitchController : <<<<<<< 's_right_flipper' inactive >>>>>>>
2020-07-20 12:59:08,595 : INFO : SwitchController : <<<<<<< 's_left_flipper' active >>>>>>>
2020-07-20 12:59:08,595 : INFO : EventManager : Event: ======'s_left_flipper_active'====== Args={}
2020-07-20 12:59:08,611 : INFO : EventManager : Event: ======'slide_test_slide_2_removed'====== Args={'_from_bcp': True}
2020-07-20 12:59:08,611 : INFO : EventManager : Event: ======'slide_test_slide_2_created'====== Args={'_from_bcp': True}
2020-07-20 12:59:08,611 : INFO : EventManager : Event: ======'slide_test_slide_2_active'====== Args={'_from_bcp': True}
2020-07-20 12:59:08,705 : INFO : SwitchController : <<<<<<< 's_left_flipper' inactive >>>>>>>
2020-07-20 12:59:10,626 : INFO : SwitchController : <<<<<<< 's_left_flipper' active >>>>>>>
2020-07-20 12:59:10,626 : INFO : EventManager : Event: ======'s_left_flipper_active'====== Args={}
2020-07-20 12:59:10,645 : INFO : EventManager : Event: ======'slide_test_slide_1_removed'====== Args={'_from_bcp': True}
2020-07-20 12:59:10,645 : INFO : EventManager : Event: ======'slide_test_slide_1_created'====== Args={'_from_bcp': True}
2020-07-20 12:59:10,652 : INFO : EventManager : Event: ======'slide_test_slide_1_active'====== Args={'_from_bcp': True}
2020-07-20 12:59:10,738 : INFO : SwitchController : <<<<<<< 's_left_flipper' inactive >>>>>>>
2020-07-20 12:59:11,721 : INFO : SwitchController : <<<<<<< 's_right_flipper' active >>>>>>>
2020-07-20 12:59:11,721 : INFO : EventManager : Event: ======'s_right_flipper_active'====== Args={}
2020-07-20 12:59:11,753 : INFO : EventManager : Event: ======'slide_test_slide_2_removed'====== Args={'_from_bcp': True}
2020-07-20 12:59:11,753 : INFO : EventManager : Event: ======'slide_test_slide_2_created'====== Args={'_from_bcp': True}
2020-07-20 12:59:11,755 : INFO : EventManager : Event: ======'slide_test_slide_2_active'====== Args={'_from_bcp': True}
2020-07-20 12:59:11,794 : INFO : SwitchController : <<<<<<< 's_right_flipper' inactive >>>>>>>
2020-07-20 12:59:12,404 : INFO : SwitchController : <<<<<<< 's_left_flipper' active >>>>>>>
2020-07-20 12:59:12,404 : INFO : EventManager : Event: ======'s_left_flipper_active'====== Args={}
2020-07-20 12:59:12,425 : INFO : EventManager : Event: ======'slide_test_slide_1_removed'====== Args={'_from_bcp': True}
2020-07-20 12:59:12,431 : INFO : EventManager : Event: ======'slide_test_slide_1_created'====== Args={'_from_bcp': True}
2020-07-20 12:59:12,436 : INFO : EventManager : Event: ======'slide_test_slide_1_active'====== Args={'_from_bcp': True}
2020-07-20 12:59:12,507 : INFO : SwitchController : <<<<<<< 's_left_flipper' inactive >>>>>>>
2020-07-20 12:59:14,487 : INFO : SwitchController : <<<<<<< 's_left_flipper' active >>>>>>>
2020-07-20 12:59:14,487 : INFO : EventManager : Event: ======'s_left_flipper_active'====== Args={}
2020-07-20 12:59:14,513 : INFO : EventManager : Event: ======'slide_consumable_slide2_removed'====== Args={'_from_bcp': True}
2020-07-20 12:59:14,513 : INFO : EventManager : Event: ======'slide_consumable_slide2_created'====== Args={'_from_bcp': True}
2020-07-20 12:59:14,513 : INFO : EventManager : Event: ======'slide_consumable_slide2_active'====== Args={'_from_bcp': True}
2020-07-20 12:59:14,605 : INFO : SwitchController : <<<<<<< 's_left_flipper' inactive >>>>>>>
2020-07-20 12:59:14,771 : INFO : SwitchController : <<<<<<< 's_left_flipper' active >>>>>>>
2020-07-20 12:59:14,772 : INFO : EventManager : Event: ======'s_left_flipper_active'====== Args={}
2020-07-20 12:59:14,796 : INFO : EventManager : Event: ======'slide_consumable_slide1_removed'====== Args={'_from_bcp': True}
2020-07-20 12:59:14,796 : INFO : EventManager : Event: ======'slide_consumable_slide1_created'====== Args={'_from_bcp': True}
2020-07-20 12:59:14,797 : INFO : EventManager : Event: ======'slide_consumable_slide1_active'====== Args={'_from_bcp': True}
2020-07-20 12:59:14,874 : INFO : SwitchController : <<<<<<< 's_left_flipper' inactive >>>>>>>
2020-07-20 12:59:15,087 : INFO : SwitchController : <<<<<<< 's_right_flipper' active >>>>>>>
2020-07-20 12:59:15,087 : INFO : EventManager : Event: ======'s_right_flipper_active'====== Args={}
2020-07-20 12:59:15,112 : INFO : EventManager : Event: ======'slide_consumable_slide2_removed'====== Args={'_from_bcp': True}
2020-07-20 12:59:15,113 : INFO : EventManager : Event: ======'slide_consumable_slide2_created'====== Args={'_from_bcp': True}
2020-07-20 12:59:15,113 : INFO : EventManager : Event: ======'slide_consumable_slide2_active'====== Args={'_from_bcp': True}
2020-07-20 12:59:15,172 : INFO : SwitchController : <<<<<<< 's_right_flipper' inactive >>>>>>>
2020-07-20 12:59:15,311 : INFO : SwitchController : <<<<<<< 's_right_flipper' active >>>>>>>
2020-07-20 12:59:15,312 : INFO : EventManager : Event: ======'s_right_flipper_active'====== Args={}
2020-07-20 12:59:15,323 : INFO : EventManager : Event: ======'slide_test_slide_1_removed'====== Args={'_from_bcp': True}
2020-07-20 12:59:15,330 : INFO : EventManager : Event: ======'slide_test_slide_1_created'====== Args={'_from_bcp': True}
2020-07-20 12:59:15,335 : INFO : EventManager : Event: ======'slide_test_slide_1_active'====== Args={'_from_bcp': True}
2020-07-20 12:59:15,405 : INFO : SwitchController : <<<<<<< 's_right_flipper' inactive >>>>>>>
2020-07-20 12:59:15,805 : INFO : SwitchController : <<<<<<< 's_right_flipper' active >>>>>>>
2020-07-20 12:59:15,805 : INFO : EventManager : Event: ======'s_right_flipper_active'====== Args={}
2020-07-20 12:59:15,831 : INFO : EventManager : Event: ======'slide_test_slide_2_removed'====== Args={'_from_bcp': True}
2020-07-20 12:59:15,831 : INFO : EventManager : Event: ======'slide_test_slide_2_created'====== Args={'_from_bcp': True}
2020-07-20 12:59:15,831 : INFO : EventManager : Event: ======'slide_test_slide_2_active'====== Args={'_from_bcp': True}
2020-07-20 12:59:15,890 : INFO : SwitchController : <<<<<<< 's_right_flipper' inactive >>>>>>>
2020-07-20 12:59:16,621 : INFO : SwitchController : <<<<<<< 's_right_flipper' active >>>>>>>
2020-07-20 12:59:16,621 : INFO : EventManager : Event: ======'s_right_flipper_active'====== Args={}
2020-07-20 12:59:16,650 : INFO : EventManager : Event: ======'slide_test_slide_3_removed'====== Args={'_from_bcp': True}
2020-07-20 12:59:16,651 : INFO : EventManager : Event: ======'slide_test_slide_3_created'====== Args={'_from_bcp': True}
2020-07-20 12:59:16,652 : INFO : EventManager : Event: ======'slide_test_slide_3_active'====== Args={'_from_bcp': True}
2020-07-20 12:59:16,729 : INFO : SwitchController : <<<<<<< 's_right_flipper' inactive >>>>>>>
2020-07-20 12:59:19,606 : INFO : SwitchController : <<<<<<< 's_right_flipper' active >>>>>>>
2020-07-20 12:59:19,606 : INFO : EventManager : Event: ======'s_right_flipper_active'====== Args={}
2020-07-20 12:59:19,631 : INFO : EventManager : Event: ======'slide_attract_slide_1_created'====== Args={'_from_bcp': True}
2020-07-20 12:59:19,631 : INFO : EventManager : Event: ======'slide_attract_slide_1_active'====== Args={'_from_bcp': True}
2020-07-20 12:59:19,690 : INFO : SwitchController : <<<<<<< 's_right_flipper' inactive >>>>>>>
2020-07-20 12:59:19,854 : INFO : SwitchController : <<<<<<< 's_left_flipper' active >>>>>>>
2020-07-20 12:59:19,854 : INFO : EventManager : Event: ======'s_left_flipper_active'====== Args={}
2020-07-20 12:59:19,880 : INFO : EventManager : Event: ======'slide_test_slide_3_removed'====== Args={'_from_bcp': True}
2020-07-20 12:59:19,880 : INFO : EventManager : Event: ======'slide_test_slide_3_created'====== Args={'_from_bcp': True}
2020-07-20 12:59:19,880 : INFO : EventManager : Event: ======'slide_test_slide_3_active'====== Args={'_from_bcp': True}
2020-07-20 12:59:19,958 : INFO : SwitchController : <<<<<<< 's_left_flipper' inactive >>>>>>>
2020-07-20 12:59:20,076 : INFO : SwitchController : <<<<<<< 's_left_flipper' active >>>>>>>
2020-07-20 12:59:20,077 : INFO : EventManager : Event: ======'s_left_flipper_active'====== Args={}
2020-07-20 12:59:20,090 : INFO : EventManager : Event: ======'slide_test_slide_2_removed'====== Args={'_from_bcp': True}
2020-07-20 12:59:20,091 : INFO : EventManager : Event: ======'slide_test_slide_2_created'====== Args={'_from_bcp': True}
2020-07-20 12:59:20,091 : INFO : EventManager : Event: ======'slide_test_slide_2_active'====== Args={'_from_bcp': True}
2020-07-20 12:59:20,157 : INFO : SwitchController : <<<<<<< 's_left_flipper' inactive >>>>>>>
2020-07-20 12:59:20,271 : INFO : SwitchController : <<<<<<< 's_left_flipper' active >>>>>>>
2020-07-20 12:59:20,271 : INFO : EventManager : Event: ======'s_left_flipper_active'====== Args={}
2020-07-20 12:59:20,290 : INFO : EventManager : Event: ======'slide_test_slide_1_removed'====== Args={'_from_bcp': True}
2020-07-20 12:59:20,308 : INFO : EventManager : Event: ======'slide_test_slide_1_created'====== Args={'_from_bcp': True}
2020-07-20 12:59:20,309 : INFO : EventManager : Event: ======'slide_test_slide_1_active'====== Args={'_from_bcp': True}
2020-07-20 12:59:20,377 : INFO : SwitchController : <<<<<<< 's_left_flipper' inactive >>>>>>>
2020-07-20 12:59:26,074 : INFO : Machine : Shutting down...
2020-07-20 12:59:26,074 : INFO : EventManager : Event: ======'shutdown'====== Args={}
2020-07-20 12:59:26,076 : INFO : root : MPF run loop ended.
