2020-03-12 10:56:57,961 : kivy : Factory: 184 symbols loaded
2020-03-12 10:56:58,060 : kivy : Image: Providers: img_tex, img_dds, img_sdl2, img_pil, img_gif (img_ffpyplayer ignored)
2020-03-12 10:56:58,112 : kivy : VideoGstplayer: Using Gstreamer 1.16.0.0
2020-03-12 10:56:58,113 : kivy : Video: Provider: gstplayer
2020-03-12 10:56:58,180 : kivy : Loading MPF-MC controller
2020-03-12 10:56:58,180 : mpfmc : Mission Pinball Framework Media Controller v0.53.0
2020-03-12 10:56:58,180 : mpfmc : Mission Pinball Framework Game Engine v0.53.2
2020-03-12 10:56:58,180 : mpfmc : Machine path: E:\mpf\wows\wows
2020-03-12 10:56:58,191 : ConfigProcessor : Config file in cache changed: E:\mpf\wows\wows\config\config
2020-03-12 10:56:58,192 : ConfigProcessor : Loading config from file c:\users\schol\appdata\local\programs\python\python36\lib\site-packages\mpfmc\mcconfig.yaml.
2020-03-12 10:56:58,230 : ConfigProcessor : Loading config: c:\users\schol\appdata\local\programs\python\python36\lib\site-packages\mpfmc\mcconfig.yaml
2020-03-12 10:56:58,238 : ConfigProcessor : Loading config from file E:\mpf\wows\wows\config\config.
2020-03-12 10:56:58,352 : ConfigProcessor : Loading config: E:\mpf\wows\wows\config\config
2020-03-12 10:56:58,354 : ConfigProcessor : Config file cache created: C:\Users\schol\AppData\Local\Temp\398a03908486e3c8525902f452489fb5.mpf_cache
2020-03-12 10:56:58,355 : mpfmc : Starting clock at 60.0Hz
2020-03-12 10:56:58,366 : kivy : Text: Provider: sdl2
2020-03-12 10:56:58,402 : kivy : Window: Provider: sdl2
2020-03-12 10:56:58,816 : kivy : GL: Using the "OpenGL" graphics system
2020-03-12 10:56:58,824 : kivy : GL: GLEW initialization succeeded
2020-03-12 10:56:58,824 : kivy : GL: Backend used <glew>
2020-03-12 10:56:58,824 : kivy : GL: OpenGL version <b'4.6.0 NVIDIA 432.00'>
2020-03-12 10:56:58,824 : kivy : GL: OpenGL vendor <b'NVIDIA Corporation'>
2020-03-12 10:56:58,824 : kivy : GL: OpenGL renderer <b'GeForce GTX 1060 6GB/PCIe/SSE2'>
2020-03-12 10:56:58,824 : kivy : GL: OpenGL parsed version: 4, 6
2020-03-12 10:56:58,824 : kivy : GL: Shading version <b'4.60 NVIDIA'>
2020-03-12 10:56:58,824 : kivy : GL: Texture max size <32768>
2020-03-12 10:56:58,825 : kivy : GL: Texture max units <32>
2020-03-12 10:56:58,841 : kivy : Window: auto add sdl2 input provider
2020-03-12 10:56:58,841 : kivy : Window: virtual keyboard not allowed, single mode, not docked
2020-03-12 10:56:58,849 : SoundSystem : SoundSystem: Using default 'sound_system' settings
2020-03-12 10:56:59,038 : AudioInterface : Initialized
2020-03-12 10:56:59,038 : SoundSystem : No audio tracks are specified in your machine config file. a track named 'default' has been created.
2020-03-12 10:56:59,040 : kivy : Base: Start application main loop
2020-03-12 10:56:59,041 : EventManager : Event: ======'display_window_initialized'====== Args={}
2020-03-12 10:56:59,041 : EventManager : Event: ======'display_dmd_initialized'====== Args={}
2020-03-12 10:56:59,089 : mpfmc : Display: Setting 'dmd' as default display
2020-03-12 10:56:59,095 : EventManager : Event: ======'displays_initialized'====== Args={}
2020-03-12 10:56:59,096 : EventManager : Event: ======'slide_window_blank_created'====== Args={}
2020-03-12 10:56:59,096 : EventManager : Event: ======'display_window_ready'====== Args={}
2020-03-12 10:56:59,096 : EventManager : Event: ======'slide_dmd_blank_created'====== Args={}
2020-03-12 10:56:59,096 : EventManager : Event: ======'display_dmd_ready'====== Args={}
2020-03-12 10:56:59,105 : EventManager : Event: ======'init_phase_1'====== Args={}
2020-03-12 10:56:59,108 : EventManager : Event: ======'mc_ready'====== Args={}
2020-03-12 10:56:59,108 : EventManager : Event: ======'init_phase_2'====== Args={}
2020-03-12 10:56:59,109 : ConfigProcessor : Loading config from cache: C:\Users\schol\AppData\Local\Temp\4aeaa69609f53d9b71d1dbbedd434b0b.mpf_cache
2020-03-12 10:56:59,110 : ConfigProcessor : Loading config from cache: C:\Users\schol\AppData\Local\Temp\79b69aca05077178b8904472f0120320.mpf_cache
2020-03-12 10:56:59,110 : ConfigProcessor : Loading config from cache: C:\Users\schol\AppData\Local\Temp\6e6d4708a613edd7635d35a6961997f3.mpf_cache
2020-03-12 10:56:59,111 : ConfigProcessor : Loading config from cache: C:\Users\schol\AppData\Local\Temp\5c4497fcd69d1d656c4b69a28e44c490.mpf_cache
2020-03-12 10:56:59,111 : ConfigProcessor : Loading config from cache: C:\Users\schol\AppData\Local\Temp\d5fd805c5432c1441bf01a6268536a3d.mpf_cache
2020-03-12 10:56:59,112 : ConfigProcessor : Loading config from cache: C:\Users\schol\AppData\Local\Temp\f9a57b3955e1480227d6e8589f6567c4.mpf_cache
2020-03-12 10:56:59,112 : ConfigProcessor : Loading config from cache: C:\Users\schol\AppData\Local\Temp\f6b4884431efff4cb2e21d23d2c7b801.mpf_cache
2020-03-12 10:56:59,112 : ConfigProcessor : Loading config from cache: C:\Users\schol\AppData\Local\Temp\5dbeda7d2775496a54d206d506904281.mpf_cache
2020-03-12 10:56:59,113 : ConfigProcessor : Loading config from cache: C:\Users\schol\AppData\Local\Temp\97f63c0afcbce8d9df7044fccf1035a4.mpf_cache
2020-03-12 10:56:59,114 : ConfigProcessor : Loading config from cache: C:\Users\schol\AppData\Local\Temp\2242affd3e515f08e26d4d5b365e866b.mpf_cache
2020-03-12 10:56:59,114 : ConfigProcessor : Loading config from cache: C:\Users\schol\AppData\Local\Temp\fa1d48c05f4d8fd05f0b267836a1ac4f.mpf_cache
2020-03-12 10:56:59,115 : ConfigProcessor : Loading config from cache: C:\Users\schol\AppData\Local\Temp\a6527a592b6034dbfea56fdf726c3822.mpf_cache
2020-03-12 10:56:59,115 : ConfigProcessor : Loading config from cache: C:\Users\schol\AppData\Local\Temp\1e6cc6775e87a3e14ded8d45fd065b10.mpf_cache
2020-03-12 10:56:59,116 : ConfigProcessor : Loading config from cache: C:\Users\schol\AppData\Local\Temp\2f7452aae1b2779bb4a1388fc419c0c8.mpf_cache
2020-03-12 10:56:59,116 : ConfigProcessor : Loading config from cache: C:\Users\schol\AppData\Local\Temp\fa61b88f86d6e414c9b51ac1d3e19568.mpf_cache
2020-03-12 10:56:59,121 : ConfigProcessor : Loading config from cache: C:\Users\schol\AppData\Local\Temp\d01089fe8a4c8b32515bd43f8cd9fd8b.mpf_cache
2020-03-12 10:56:59,121 : ConfigProcessor : Loading config from cache: C:\Users\schol\AppData\Local\Temp\fbcc5772262340622f93ebd98450e45f.mpf_cache
2020-03-12 10:56:59,122 : ConfigProcessor : Loading config from cache: C:\Users\schol\AppData\Local\Temp\bafdfa3518b80fac5c67bbc1ea3da4f8.mpf_cache
2020-03-12 10:56:59,122 : ConfigProcessor : Loading config from cache: C:\Users\schol\AppData\Local\Temp\edfeac6524e6d1874b234b23d854175f.mpf_cache
2020-03-12 10:56:59,122 : EventManager : Event: ======'init_phase_3'====== Args={}
2020-03-12 10:56:59,123 : AssetManager : Registering Asset: ConsumableCountdown100, File: ConsumableCountdown100.jpg, Default Group: default, Final Config: {'load': 'preload', 'file': 'E:\\mpf\\wows\\wows\\images\\ConsumableCountdown100.jpg'}
2020-03-12 10:56:59,123 : AssetManager : Registering Asset: ConsumableCountdown101, File: ConsumableCountdown101.jpg, Default Group: default, Final Config: {'load': 'preload', 'file': 'E:\\mpf\\wows\\wows\\images\\ConsumableCountdown101.jpg'}
2020-03-12 10:56:59,123 : AssetManager : Registering Asset: ConsumableCountdown102, File: ConsumableCountdown102.jpg, Default Group: default, Final Config: {'load': 'preload', 'file': 'E:\\mpf\\wows\\wows\\images\\ConsumableCountdown102.jpg'}
2020-03-12 10:56:59,123 : AssetManager : Registering Asset: ConsumableCountdown103, File: ConsumableCountdown103.jpg, Default Group: default, Final Config: {'load': 'preload', 'file': 'E:\\mpf\\wows\\wows\\images\\ConsumableCountdown103.jpg'}
2020-03-12 10:56:59,123 : AssetManager : Registering Asset: ConsumableCountdown104, File: ConsumableCountdown104.jpg, Default Group: default, Final Config: {'load': 'preload', 'file': 'E:\\mpf\\wows\\wows\\images\\ConsumableCountdown104.jpg'}
2020-03-12 10:56:59,123 : AssetManager : Registering Asset: ConsumableCountdown105, File: ConsumableCountdown105.jpg, Default Group: default, Final Config: {'load': 'preload', 'file': 'E:\\mpf\\wows\\wows\\images\\ConsumableCountdown105.jpg'}
2020-03-12 10:56:59,123 : AssetManager : Registering Asset: ConsumableCountdown106, File: ConsumableCountdown106.jpg, Default Group: default, Final Config: {'load': 'preload', 'file': 'E:\\mpf\\wows\\wows\\images\\ConsumableCountdown106.jpg'}
2020-03-12 10:56:59,123 : AssetManager : Registering Asset: ConsumableCountdown107, File: ConsumableCountdown107.jpg, Default Group: default, Final Config: {'load': 'preload', 'file': 'E:\\mpf\\wows\\wows\\images\\ConsumableCountdown107.jpg'}
2020-03-12 10:56:59,123 : AssetManager : Registering Asset: ConsumableCountdown108, File: ConsumableCountdown108.jpg, Default Group: default, Final Config: {'load': 'preload', 'file': 'E:\\mpf\\wows\\wows\\images\\ConsumableCountdown108.jpg'}
2020-03-12 10:56:59,123 : AssetManager : Registering Asset: ConsumableCountdown109, File: ConsumableCountdown109.jpg, Default Group: default, Final Config: {'load': 'preload', 'file': 'E:\\mpf\\wows\\wows\\images\\ConsumableCountdown109.jpg'}
2020-03-12 10:56:59,123 : AssetManager : Registering Asset: ConsumableCountdown110, File: ConsumableCountdown110.jpg, Default Group: default, Final Config: {'load': 'preload', 'file': 'E:\\mpf\\wows\\wows\\images\\ConsumableCountdown110.jpg'}
2020-03-12 10:56:59,123 : AssetManager : Registering Asset: ConsumableCountdown111, File: ConsumableCountdown111.jpg, Default Group: default, Final Config: {'load': 'preload', 'file': 'E:\\mpf\\wows\\wows\\images\\ConsumableCountdown111.jpg'}
2020-03-12 10:56:59,123 : AssetManager : Registering Asset: ConsumableCountdown112, File: ConsumableCountdown112.jpg, Default Group: default, Final Config: {'load': 'preload', 'file': 'E:\\mpf\\wows\\wows\\images\\ConsumableCountdown112.jpg'}
2020-03-12 10:56:59,123 : AssetManager : Registering Asset: ConsumableCountdown113, File: ConsumableCountdown113.jpg, Default Group: default, Final Config: {'load': 'preload', 'file': 'E:\\mpf\\wows\\wows\\images\\ConsumableCountdown113.jpg'}
2020-03-12 10:56:59,124 : AssetManager : Registering Asset: ConsumableCountdown114, File: ConsumableCountdown114.jpg, Default Group: default, Final Config: {'load': 'preload', 'file': 'E:\\mpf\\wows\\wows\\images\\ConsumableCountdown114.jpg'}
2020-03-12 10:56:59,124 : AssetManager : Registering Asset: ConsumableCountdown115, File: ConsumableCountdown115.jpg, Default Group: default, Final Config: {'load': 'preload', 'file': 'E:\\mpf\\wows\\wows\\images\\ConsumableCountdown115.jpg'}
2020-03-12 10:56:59,124 : AssetManager : Registering Asset: ConsumableCountdown116, File: ConsumableCountdown116.jpg, Default Group: default, Final Config: {'load': 'preload', 'file': 'E:\\mpf\\wows\\wows\\images\\ConsumableCountdown116.jpg'}
2020-03-12 10:56:59,124 : AssetManager : Registering Asset: ConsumableCountdown117, File: ConsumableCountdown117.jpg, Default Group: default, Final Config: {'load': 'preload', 'file': 'E:\\mpf\\wows\\wows\\images\\ConsumableCountdown117.jpg'}
2020-03-12 10:56:59,124 : AssetManager : Registering Asset: ConsumableCountdown118, File: ConsumableCountdown118.jpg, Default Group: default, Final Config: {'load': 'preload', 'file': 'E:\\mpf\\wows\\wows\\images\\ConsumableCountdown118.jpg'}
2020-03-12 10:56:59,124 : AssetManager : Registering Asset: ConsumableCountdown119, File: ConsumableCountdown119.jpg, Default Group: default, Final Config: {'load': 'preload', 'file': 'E:\\mpf\\wows\\wows\\images\\ConsumableCountdown119.jpg'}
2020-03-12 10:56:59,124 : AssetManager : Registering Asset: ConsumableCountdown120, File: ConsumableCountdown120.jpg, Default Group: default, Final Config: {'load': 'preload', 'file': 'E:\\mpf\\wows\\wows\\images\\ConsumableCountdown120.jpg'}
2020-03-12 10:56:59,124 : AssetManager : Registering Asset: ConsumableCountdown121, File: ConsumableCountdown121.jpg, Default Group: default, Final Config: {'load': 'preload', 'file': 'E:\\mpf\\wows\\wows\\images\\ConsumableCountdown121.jpg'}
2020-03-12 10:56:59,124 : AssetManager : Registering Asset: ConsumableCountdown122, File: ConsumableCountdown122.jpg, Default Group: default, Final Config: {'load': 'preload', 'file': 'E:\\mpf\\wows\\wows\\images\\ConsumableCountdown122.jpg'}
2020-03-12 10:56:59,124 : AssetManager : Registering Asset: ConsumableCountdown123, File: ConsumableCountdown123.jpg, Default Group: default, Final Config: {'load': 'preload', 'file': 'E:\\mpf\\wows\\wows\\images\\ConsumableCountdown123.jpg'}
2020-03-12 10:56:59,124 : AssetManager : Registering Asset: ConsumableCountdown124, File: ConsumableCountdown124.jpg, Default Group: default, Final Config: {'load': 'preload', 'file': 'E:\\mpf\\wows\\wows\\images\\ConsumableCountdown124.jpg'}
2020-03-12 10:56:59,124 : AssetManager : Registering Asset: ConsumableCountdown125, File: ConsumableCountdown125.jpg, Default Group: default, Final Config: {'load': 'preload', 'file': 'E:\\mpf\\wows\\wows\\images\\ConsumableCountdown125.jpg'}
2020-03-12 10:56:59,124 : AssetManager : Registering Asset: ConsumableCountdown126, File: ConsumableCountdown126.jpg, Default Group: default, Final Config: {'load': 'preload', 'file': 'E:\\mpf\\wows\\wows\\images\\ConsumableCountdown126.jpg'}
2020-03-12 10:56:59,124 : AssetManager : Registering Asset: ConsumableCountdown127, File: ConsumableCountdown127.jpg, Default Group: default, Final Config: {'load': 'preload', 'file': 'E:\\mpf\\wows\\wows\\images\\ConsumableCountdown127.jpg'}
2020-03-12 10:56:59,124 : AssetManager : Registering Asset: ConsumableCountdown128, File: ConsumableCountdown128.jpg, Default Group: default, Final Config: {'load': 'preload', 'file': 'E:\\mpf\\wows\\wows\\images\\ConsumableCountdown128.jpg'}
2020-03-12 10:56:59,124 : AssetManager : Registering Asset: ConsumableCountdown129, File: ConsumableCountdown129.jpg, Default Group: default, Final Config: {'load': 'preload', 'file': 'E:\\mpf\\wows\\wows\\images\\ConsumableCountdown129.jpg'}
2020-03-12 10:56:59,125 : AssetManager : Registering Asset: ConsumableCountdown130, File: ConsumableCountdown130.jpg, Default Group: default, Final Config: {'load': 'preload', 'file': 'E:\\mpf\\wows\\wows\\images\\ConsumableCountdown130.jpg'}
2020-03-12 10:56:59,125 : AssetManager : Registering Asset: C_Prog100, File: C_Prog100.jpg, Default Group: default, Final Config: {'load': 'preload', 'file': 'E:\\mpf\\wows\\wows\\images\\C_Prog100.jpg'}
2020-03-12 10:56:59,125 : AssetManager : Registering Asset: mode_1_shot_made, File: mode_1_shot_made.gif, Default Group: default, Final Config: {'load': 'preload', 'file': 'E:\\mpf\\wows\\wows\\modes\\mode_1\\images\\mode_1_shot_made.gif'}
2020-03-12 10:56:59,126 : AssetManager : Registering Asset: mode_7_shot_made, File: mode_7_shot_made.gif, Default Group: default, Final Config: {'load': 'preload', 'file': 'E:\\mpf\\wows\\wows\\modes\\mode_7\\images\\mode_7_shot_made.gif'}
2020-03-12 10:56:59,126 : AssetManager : Registering Asset: mode_6_shot_made, File: mode_6_shot_made.gif, Default Group: default, Final Config: {'load': 'preload', 'file': 'E:\\mpf\\wows\\wows\\modes\\mode_6\\images\\mode_6_shot_made.gif'}
2020-03-12 10:56:59,127 : AssetManager : Registering Asset: mode_9_shot_made, File: mode_9_shot_made.gif, Default Group: default, Final Config: {'load': 'preload', 'file': 'E:\\mpf\\wows\\wows\\modes\\mode_9\\images\\mode_9_shot_made.gif'}
2020-03-12 10:56:59,127 : AssetManager : Registering Asset: mode_4_shot_made, File: mode_4_shot_made.gif, Default Group: default, Final Config: {'load': 'preload', 'file': 'E:\\mpf\\wows\\wows\\modes\\mode_4\\images\\mode_4_shot_made.gif'}
2020-03-12 10:56:59,128 : AssetManager : Registering Asset: mode_5_shot_made, File: mode_5_shot_made.gif, Default Group: default, Final Config: {'load': 'preload', 'file': 'E:\\mpf\\wows\\wows\\modes\\mode_5\\images\\mode_5_shot_made.gif'}
2020-03-12 10:56:59,128 : AssetManager : Registering Asset: mode_3_shot_made, File: mode_3_shot_made.gif, Default Group: default, Final Config: {'load': 'preload', 'file': 'E:\\mpf\\wows\\wows\\modes\\mode_3\\images\\mode_3_shot_made.gif'}
2020-03-12 10:56:59,129 : AssetManager : Registering Asset: mode_8_shot_made, File: mode_8_shot_made.gif, Default Group: default, Final Config: {'load': 'preload', 'file': 'E:\\mpf\\wows\\wows\\modes\\mode_8\\images\\mode_8_shot_made.gif'}
2020-03-12 10:56:59,129 : EventManager : Event: ======'init_phase_4'====== Args={}
2020-03-12 10:56:59,129 : EventManager : Event: ======'init_phase_5'====== Args={}
2020-03-12 10:56:59,134 : EventManager : Event: ======'loading_assets'====== Args={'total': 40, 'loaded': 1, 'remaining': 39, 'percent': 2}
2020-03-12 10:56:59,134 : AssetManager : Loading assets: 1/40 (2%)
2020-03-12 10:56:59,232 : EventManager : Event: ======'loading_assets'====== Args={'total': 40, 'loaded': 40, 'remaining': 0, 'percent': 100}
2020-03-12 10:56:59,233 : AssetManager : Asset loading took: 0.19475221633911133
2020-03-12 10:56:59,233 : EventManager : Event: ======'asset_loading_complete'====== Args={}
2020-03-12 10:56:59,233 : AssetManager : Loading assets: 40/40 (100%)
2020-03-12 10:56:59,233 : EventManager : Event: ======'init_done'====== Args={}
2020-03-12 10:56:59,234 : MPF-MC BCP Server : Starting up on localhost port 5050
2020-03-12 10:56:59,242 : MPF-MC BCP Server : Waiting for a connection...
2020-03-12 10:56:59,242 : mpfmc : SlidePlayer: Play called with settings={'slides': {welcome_slide-None-None: {'target': 'window', 'priority': None, 'background_color': [0.0, 0.0, 0.0, 1.0], 'show': True, 'force': False, 'expire': None, 'slide': None, 'tokens': {}, 'action': 'play', 'transition': None, 'transition_out': None}}}
2020-03-12 10:56:59,246 : kivy : GL: NPOT texture support is available
2020-03-12 10:56:59,282 : EventManager : Event: ======'slide_welcome_slide_created'====== Args={}
2020-03-12 10:56:59,304 : EventManager : Event: ======'slide_welcome_slide_active'====== Args={}
2020-03-12 10:56:59,306 : EventManager : Event: ======'client_disconnected'====== Args={'host': '127.0.0.1', 'port': 5050}
2020-03-12 10:57:35,988 : kivy : WindowSDL: exiting mainloop and closing.
2020-03-12 10:57:36,060 : kivy : Base: Leaving application in progress...
2020-03-12 10:57:36,061 : mpfmc : Stopping...
2020-03-12 10:57:36,061 : EventManager : Event: ======'shutdown'====== Args={}
2020-03-12 10:57:36,061 : mpfmc : Loop rate 59.59 Hz
2020-03-12 10:57:36,061 : kivy : MC run loop ended.
2020-03-12 10:57:36,061 : kivy : Stopping child threads... (3 remaining)
2020-03-12 10:57:36,264 : MPF-MC BCP Server : Stopping BCP sending thread
2020-03-12 10:57:36,265 : MPF-MC BCP Server : Stopping BCP listener thread
2020-03-12 10:57:36,364 : kivy : All child threads stopped.
