2020-05-23 17:00:07,163 : kivy : Factory: 184 symbols loaded
2020-05-23 17:00:07,278 : kivy : ImageLoaderFFPy: Using ffpyplayer 4.3.1
2020-05-23 17:00:07,279 : kivy : Image: Providers: img_tex, img_dds, img_sdl2, img_pil, img_ffpyplayer, img_gif 
2020-05-23 17:00:07,327 : kivy : VideoGstplayer: Using Gstreamer 1.16.0.0
2020-05-23 17:00:07,327 : kivy : Video: Provider: gstplayer
2020-05-23 17:00:07,400 : kivy : Loading MPF-MC controller
2020-05-23 17:00:07,402 : YamlMultifileConfigLoader : Machine config file #1: config
2020-05-23 17:00:07,403 : ConfigProcessor : Config file in cache changed: E:\MPF\wows\wows\config\config
2020-05-23 17:00:07,403 : ConfigProcessor : Loading config from file c:\users\schol\appdata\local\programs\python\python36\lib\site-packages\mpfmc\mcconfig.yaml.
2020-05-23 17:00:07,442 : ConfigProcessor : Loading config: c:\users\schol\appdata\local\programs\python\python36\lib\site-packages\mpfmc\mcconfig.yaml
2020-05-23 17:00:07,442 : ConfigProcessor : Loading config from file E:\MPF\wows\wows\config\config.
2020-05-23 17:00:07,576 : ConfigProcessor : Loading config: E:\MPF\wows\wows\config\config
2020-05-23 17:00:07,578 : ConfigProcessor : Config file cache created: C:\Users\schol\AppData\Local\Temp\051200dc57c22661ccd061bb2017f3a6.mpf_cache
2020-05-23 17:00:07,578 : ConfigProcessor : Loading config from cache: C:\Users\schol\AppData\Local\Temp\d7d60495530237b374578b281bb65f31.mpf_cache
2020-05-23 17:00:07,579 : ConfigProcessor : Loading config from cache: C:\Users\schol\AppData\Local\Temp\5c4497fcd69d1d656c4b69a28e44c490.mpf_cache
2020-05-23 17:00:07,579 : ConfigProcessor : Loading config from cache: C:\Users\schol\AppData\Local\Temp\d7d60495530237b374578b281bb65f31.mpf_cache
2020-05-23 17:00:07,579 : ConfigProcessor : Loading config from cache: C:\Users\schol\AppData\Local\Temp\dec453850496132f8dddcdfa0a36feb5.mpf_cache
2020-05-23 17:00:07,580 : ConfigProcessor : Loading config from cache: C:\Users\schol\AppData\Local\Temp\72e9fea1cb562e40024eb5e8538ccaf2.mpf_cache
2020-05-23 17:00:07,580 : ConfigProcessor : Loading config from cache: C:\Users\schol\AppData\Local\Temp\1ff29be1d22fb14fe5fd1c82a6918df4.mpf_cache
2020-05-23 17:00:07,580 : ConfigProcessor : Loading config from cache: C:\Users\schol\AppData\Local\Temp\b0de444617e3bf30a07f755a6d4831cc.mpf_cache
2020-05-23 17:00:07,581 : ConfigProcessor : Loading config from cache: C:\Users\schol\AppData\Local\Temp\200a9b2dddbe7706ffb4c4426b6d54a8.mpf_cache
2020-05-23 17:00:07,581 : ConfigProcessor : Loading config from cache: C:\Users\schol\AppData\Local\Temp\5ab98d4be1e8de85bea62364890eb2e9.mpf_cache
2020-05-23 17:00:07,581 : ConfigProcessor : Loading config from cache: C:\Users\schol\AppData\Local\Temp\4303dca7489148da2d256fc831cf8c96.mpf_cache
2020-05-23 17:00:07,582 : ConfigProcessor : Loading config from cache: C:\Users\schol\AppData\Local\Temp\e8fceecd8f65a6a7269e98c7961bbf6a.mpf_cache
2020-05-23 17:00:07,582 : ConfigProcessor : Loading config from cache: C:\Users\schol\AppData\Local\Temp\c84d6d08bf6f923cbcccfeeea02d2c8a.mpf_cache
2020-05-23 17:00:07,582 : ConfigProcessor : Loading config from cache: C:\Users\schol\AppData\Local\Temp\159a0b7ffc6de2ed1a8cdcd57b7df3c0.mpf_cache
2020-05-23 17:00:07,583 : ConfigProcessor : Loading config from cache: C:\Users\schol\AppData\Local\Temp\b1234e2c44a33609dc2af4760c4a3f89.mpf_cache
2020-05-23 17:00:07,583 : ConfigProcessor : Loading config from cache: C:\Users\schol\AppData\Local\Temp\466eddfec572894d9eb472ce07aa5fba.mpf_cache
2020-05-23 17:00:07,584 : ConfigProcessor : Loading config from cache: C:\Users\schol\AppData\Local\Temp\93429a2a8e0859f6546b68f40c2a4656.mpf_cache
2020-05-23 17:00:07,584 : ConfigProcessor : Loading config from cache: C:\Users\schol\AppData\Local\Temp\95ae88fb094583fa2b4097c6df179650.mpf_cache
2020-05-23 17:00:07,584 : ConfigProcessor : Loading config from cache: C:\Users\schol\AppData\Local\Temp\de2d3fc178b15ce3807fa4ab35b9c965.mpf_cache
2020-05-23 17:00:07,590 : ConfigProcessor : Loading config from cache: C:\Users\schol\AppData\Local\Temp\0c80ca2179989d09b86c78c19ec87d9b.mpf_cache
2020-05-23 17:00:07,590 : ConfigProcessor : Loading config from cache: C:\Users\schol\AppData\Local\Temp\95e265efe14e4eb05d8d5c5689c9ae6b.mpf_cache
2020-05-23 17:00:07,591 : ConfigProcessor : Loading config from cache: C:\Users\schol\AppData\Local\Temp\ba047bbdc168fca96d58d351c4240916.mpf_cache
2020-05-23 17:00:07,591 : ConfigProcessor : Loading config from cache: C:\Users\schol\AppData\Local\Temp\7c1900736275ba8a713cfe77e991e929.mpf_cache
2020-05-23 17:00:07,591 : ConfigProcessor : Loading config from cache: C:\Users\schol\AppData\Local\Temp\db3d1ab92e5d5c563b40d82372434517.mpf_cache
2020-05-23 17:00:07,592 : ConfigProcessor : Loading config from cache: C:\Users\schol\AppData\Local\Temp\2f89b2ab1d9f3cef79a660914b2a527a.mpf_cache
2020-05-23 17:00:07,592 : ConfigProcessor : Loading config from cache: C:\Users\schol\AppData\Local\Temp\efcf079e5af2b94e88dae4e07273acc8.mpf_cache
2020-05-23 17:00:07,592 : ConfigProcessor : Loading config from cache: C:\Users\schol\AppData\Local\Temp\09a80c6d3887bcc7b9c4580b6d9cb499.mpf_cache
2020-05-23 17:00:07,597 : mpfmc : Mission Pinball Framework Media Controller v0.54.0-dev.7
2020-05-23 17:00:07,597 : mpfmc : Mission Pinball Framework Game Engine v0.54.0-dev.33
2020-05-23 17:00:07,598 : mpfmc : Machine path: E:\MPF\wows\wows
2020-05-23 17:00:07,598 : mpfmc : Starting clock at 60.0Hz
2020-05-23 17:00:07,610 : kivy : Text: Provider: sdl2
2020-05-23 17:00:07,647 : kivy : Window: Provider: sdl2
2020-05-23 17:00:08,034 : kivy : GL: Using the "OpenGL" graphics system
2020-05-23 17:00:08,040 : kivy : GL: GLEW initialization succeeded
2020-05-23 17:00:08,040 : kivy : GL: Backend used <glew>
2020-05-23 17:00:08,040 : kivy : GL: OpenGL version <b'4.6.0 NVIDIA 442.59'>
2020-05-23 17:00:08,040 : kivy : GL: OpenGL vendor <b'NVIDIA Corporation'>
2020-05-23 17:00:08,040 : kivy : GL: OpenGL renderer <b'GeForce GTX 1060 6GB/PCIe/SSE2'>
2020-05-23 17:00:08,040 : kivy : GL: OpenGL parsed version: 4, 6
2020-05-23 17:00:08,040 : kivy : GL: Shading version <b'4.60 NVIDIA'>
2020-05-23 17:00:08,040 : kivy : GL: Texture max size <32768>
2020-05-23 17:00:08,041 : kivy : GL: Texture max units <32>
2020-05-23 17:00:08,057 : kivy : Window: auto add sdl2 input provider
2020-05-23 17:00:08,057 : kivy : Window: virtual keyboard not allowed, single mode, not docked
2020-05-23 17:00:08,064 : SoundSystem : SoundSystem: Using default 'sound_system' settings
2020-05-23 17:00:08,278 : AudioInterface : Initialized
2020-05-23 17:00:08,279 : SoundSystem : No audio tracks are specified in your machine config file. a track named 'default' has been created.
2020-05-23 17:00:08,281 : kivy : Base: Start application main loop
2020-05-23 17:00:08,281 : EventManager : Event: ======'display_dmd_initialized'====== Args={}
2020-05-23 17:00:08,346 : mpfmc : Display: Setting 'dmd' as default display
2020-05-23 17:00:08,353 : kivy : GL: NPOT texture support is available
2020-05-23 17:00:08,362 : EventManager : Event: ======'displays_initialized'====== Args={}
2020-05-23 17:00:08,363 : EventManager : Event: ======'slide_dmd_blank_created'====== Args={}
2020-05-23 17:00:08,363 : EventManager : Event: ======'display_dmd_ready'====== Args={}
2020-05-23 17:00:08,373 : EventManager : Event: ======'init_phase_1'====== Args={}
2020-05-23 17:00:08,375 : EventManager : Event: ======'mc_ready'====== Args={}
2020-05-23 17:00:08,375 : EventManager : Event: ======'init_phase_2'====== Args={}
2020-05-23 17:00:08,381 : EventManager : Event: ======'init_phase_3'====== Args={}
2020-05-23 17:00:08,381 : AssetManager : Registering Asset: conqueror, File: conqueror.png, Default Group: default, Final Config: {'load': 'preload', 'file': 'E:\\MPF\\wows\\wows\\images\\conqueror.png'}
2020-05-23 17:00:08,381 : AssetManager : Registering Asset: ConsumableCountdown100, File: ConsumableCountdown100.jpg, Default Group: default, Final Config: {'load': 'preload', 'file': 'E:\\MPF\\wows\\wows\\images\\ConsumableCountdown100.jpg'}
2020-05-23 17:00:08,381 : AssetManager : Registering Asset: ConsumableCountdown101, File: ConsumableCountdown101.jpg, Default Group: default, Final Config: {'load': 'preload', 'file': 'E:\\MPF\\wows\\wows\\images\\ConsumableCountdown101.jpg'}
2020-05-23 17:00:08,382 : AssetManager : Registering Asset: ConsumableCountdown102, File: ConsumableCountdown102.jpg, Default Group: default, Final Config: {'load': 'preload', 'file': 'E:\\MPF\\wows\\wows\\images\\ConsumableCountdown102.jpg'}
2020-05-23 17:00:08,382 : AssetManager : Registering Asset: ConsumableCountdown103, File: ConsumableCountdown103.jpg, Default Group: default, Final Config: {'load': 'preload', 'file': 'E:\\MPF\\wows\\wows\\images\\ConsumableCountdown103.jpg'}
2020-05-23 17:00:08,382 : AssetManager : Registering Asset: ConsumableCountdown104, File: ConsumableCountdown104.jpg, Default Group: default, Final Config: {'load': 'preload', 'file': 'E:\\MPF\\wows\\wows\\images\\ConsumableCountdown104.jpg'}
2020-05-23 17:00:08,382 : AssetManager : Registering Asset: ConsumableCountdown105, File: ConsumableCountdown105.jpg, Default Group: default, Final Config: {'load': 'preload', 'file': 'E:\\MPF\\wows\\wows\\images\\ConsumableCountdown105.jpg'}
2020-05-23 17:00:08,382 : AssetManager : Registering Asset: ConsumableCountdown106, File: ConsumableCountdown106.jpg, Default Group: default, Final Config: {'load': 'preload', 'file': 'E:\\MPF\\wows\\wows\\images\\ConsumableCountdown106.jpg'}
2020-05-23 17:00:08,382 : AssetManager : Registering Asset: ConsumableCountdown107, File: ConsumableCountdown107.jpg, Default Group: default, Final Config: {'load': 'preload', 'file': 'E:\\MPF\\wows\\wows\\images\\ConsumableCountdown107.jpg'}
2020-05-23 17:00:08,382 : AssetManager : Registering Asset: ConsumableCountdown108, File: ConsumableCountdown108.jpg, Default Group: default, Final Config: {'load': 'preload', 'file': 'E:\\MPF\\wows\\wows\\images\\ConsumableCountdown108.jpg'}
2020-05-23 17:00:08,382 : AssetManager : Registering Asset: ConsumableCountdown109, File: ConsumableCountdown109.jpg, Default Group: default, Final Config: {'load': 'preload', 'file': 'E:\\MPF\\wows\\wows\\images\\ConsumableCountdown109.jpg'}
2020-05-23 17:00:08,382 : AssetManager : Registering Asset: ConsumableCountdown110, File: ConsumableCountdown110.jpg, Default Group: default, Final Config: {'load': 'preload', 'file': 'E:\\MPF\\wows\\wows\\images\\ConsumableCountdown110.jpg'}
2020-05-23 17:00:08,382 : AssetManager : Registering Asset: ConsumableCountdown111, File: ConsumableCountdown111.jpg, Default Group: default, Final Config: {'load': 'preload', 'file': 'E:\\MPF\\wows\\wows\\images\\ConsumableCountdown111.jpg'}
2020-05-23 17:00:08,382 : AssetManager : Registering Asset: ConsumableCountdown112, File: ConsumableCountdown112.jpg, Default Group: default, Final Config: {'load': 'preload', 'file': 'E:\\MPF\\wows\\wows\\images\\ConsumableCountdown112.jpg'}
2020-05-23 17:00:08,382 : AssetManager : Registering Asset: ConsumableCountdown113, File: ConsumableCountdown113.jpg, Default Group: default, Final Config: {'load': 'preload', 'file': 'E:\\MPF\\wows\\wows\\images\\ConsumableCountdown113.jpg'}
2020-05-23 17:00:08,382 : AssetManager : Registering Asset: ConsumableCountdown114, File: ConsumableCountdown114.jpg, Default Group: default, Final Config: {'load': 'preload', 'file': 'E:\\MPF\\wows\\wows\\images\\ConsumableCountdown114.jpg'}
2020-05-23 17:00:08,382 : AssetManager : Registering Asset: ConsumableCountdown115, File: ConsumableCountdown115.jpg, Default Group: default, Final Config: {'load': 'preload', 'file': 'E:\\MPF\\wows\\wows\\images\\ConsumableCountdown115.jpg'}
2020-05-23 17:00:08,382 : AssetManager : Registering Asset: ConsumableCountdown116, File: ConsumableCountdown116.jpg, Default Group: default, Final Config: {'load': 'preload', 'file': 'E:\\MPF\\wows\\wows\\images\\ConsumableCountdown116.jpg'}
2020-05-23 17:00:08,382 : AssetManager : Registering Asset: ConsumableCountdown117, File: ConsumableCountdown117.jpg, Default Group: default, Final Config: {'load': 'preload', 'file': 'E:\\MPF\\wows\\wows\\images\\ConsumableCountdown117.jpg'}
2020-05-23 17:00:08,383 : AssetManager : Registering Asset: ConsumableCountdown118, File: ConsumableCountdown118.jpg, Default Group: default, Final Config: {'load': 'preload', 'file': 'E:\\MPF\\wows\\wows\\images\\ConsumableCountdown118.jpg'}
2020-05-23 17:00:08,383 : AssetManager : Registering Asset: ConsumableCountdown119, File: ConsumableCountdown119.jpg, Default Group: default, Final Config: {'load': 'preload', 'file': 'E:\\MPF\\wows\\wows\\images\\ConsumableCountdown119.jpg'}
2020-05-23 17:00:08,383 : AssetManager : Registering Asset: ConsumableCountdown120, File: ConsumableCountdown120.jpg, Default Group: default, Final Config: {'load': 'preload', 'file': 'E:\\MPF\\wows\\wows\\images\\ConsumableCountdown120.jpg'}
2020-05-23 17:00:08,383 : AssetManager : Registering Asset: ConsumableCountdown121, File: ConsumableCountdown121.jpg, Default Group: default, Final Config: {'load': 'preload', 'file': 'E:\\MPF\\wows\\wows\\images\\ConsumableCountdown121.jpg'}
2020-05-23 17:00:08,383 : AssetManager : Registering Asset: ConsumableCountdown122, File: ConsumableCountdown122.jpg, Default Group: default, Final Config: {'load': 'preload', 'file': 'E:\\MPF\\wows\\wows\\images\\ConsumableCountdown122.jpg'}
2020-05-23 17:00:08,383 : AssetManager : Registering Asset: ConsumableCountdown123, File: ConsumableCountdown123.jpg, Default Group: default, Final Config: {'load': 'preload', 'file': 'E:\\MPF\\wows\\wows\\images\\ConsumableCountdown123.jpg'}
2020-05-23 17:00:08,383 : AssetManager : Registering Asset: ConsumableCountdown124, File: ConsumableCountdown124.jpg, Default Group: default, Final Config: {'load': 'preload', 'file': 'E:\\MPF\\wows\\wows\\images\\ConsumableCountdown124.jpg'}
2020-05-23 17:00:08,383 : AssetManager : Registering Asset: ConsumableCountdown125, File: ConsumableCountdown125.jpg, Default Group: default, Final Config: {'load': 'preload', 'file': 'E:\\MPF\\wows\\wows\\images\\ConsumableCountdown125.jpg'}
2020-05-23 17:00:08,383 : AssetManager : Registering Asset: ConsumableCountdown126, File: ConsumableCountdown126.jpg, Default Group: default, Final Config: {'load': 'preload', 'file': 'E:\\MPF\\wows\\wows\\images\\ConsumableCountdown126.jpg'}
2020-05-23 17:00:08,383 : AssetManager : Registering Asset: ConsumableCountdown127, File: ConsumableCountdown127.jpg, Default Group: default, Final Config: {'load': 'preload', 'file': 'E:\\MPF\\wows\\wows\\images\\ConsumableCountdown127.jpg'}
2020-05-23 17:00:08,383 : AssetManager : Registering Asset: ConsumableCountdown128, File: ConsumableCountdown128.jpg, Default Group: default, Final Config: {'load': 'preload', 'file': 'E:\\MPF\\wows\\wows\\images\\ConsumableCountdown128.jpg'}
2020-05-23 17:00:08,383 : AssetManager : Registering Asset: ConsumableCountdown129, File: ConsumableCountdown129.jpg, Default Group: default, Final Config: {'load': 'preload', 'file': 'E:\\MPF\\wows\\wows\\images\\ConsumableCountdown129.jpg'}
2020-05-23 17:00:08,383 : AssetManager : Registering Asset: ConsumableCountdown130, File: ConsumableCountdown130.jpg, Default Group: default, Final Config: {'load': 'preload', 'file': 'E:\\MPF\\wows\\wows\\images\\ConsumableCountdown130.jpg'}
2020-05-23 17:00:08,383 : AssetManager : Registering Asset: container_ball, File: container_ball.gif, Default Group: default, Final Config: {'load': 'preload', 'file': 'E:\\MPF\\wows\\wows\\images\\container_ball.gif'}
2020-05-23 17:00:08,383 : AssetManager : Registering Asset: container_ball_text, File: container_ball_text.jpg, Default Group: default, Final Config: {'load': 'preload', 'file': 'E:\\MPF\\wows\\wows\\images\\container_ball_text.jpg'}
2020-05-23 17:00:08,383 : AssetManager : Registering Asset: container_dmg, File: container_dmg.gif, Default Group: default, Final Config: {'load': 'preload', 'file': 'E:\\MPF\\wows\\wows\\images\\container_dmg.gif'}
2020-05-23 17:00:08,384 : AssetManager : Registering Asset: container_dmg_text, File: container_dmg_text.jpg, Default Group: default, Final Config: {'load': 'preload', 'file': 'E:\\MPF\\wows\\wows\\images\\container_dmg_text.jpg'}
2020-05-23 17:00:08,384 : AssetManager : Registering Asset: container_jet, File: container_jet.gif, Default Group: default, Final Config: {'load': 'preload', 'file': 'E:\\MPF\\wows\\wows\\images\\container_jet.gif'}
2020-05-23 17:00:08,384 : AssetManager : Registering Asset: container_jet_text, File: container_jet_text.jpg, Default Group: default, Final Config: {'load': 'preload', 'file': 'E:\\MPF\\wows\\wows\\images\\container_jet_text.jpg'}
2020-05-23 17:00:08,384 : AssetManager : Registering Asset: container_time, File: container_time.gif, Default Group: default, Final Config: {'load': 'preload', 'file': 'E:\\MPF\\wows\\wows\\images\\container_time.gif'}
2020-05-23 17:00:08,384 : AssetManager : Registering Asset: container_time_text, File: container_time_text.jpg, Default Group: default, Final Config: {'load': 'preload', 'file': 'E:\\MPF\\wows\\wows\\images\\container_time_text.jpg'}
2020-05-23 17:00:08,384 : AssetManager : Registering Asset: container_x, File: container_x.gif, Default Group: default, Final Config: {'load': 'preload', 'file': 'E:\\MPF\\wows\\wows\\images\\container_x.gif'}
2020-05-23 17:00:08,384 : AssetManager : Registering Asset: container_xp, File: container_xp.gif, Default Group: default, Final Config: {'load': 'preload', 'file': 'E:\\MPF\\wows\\wows\\images\\container_xp.gif'}
2020-05-23 17:00:08,384 : AssetManager : Registering Asset: container_xp_text, File: container_xp_text.jpg, Default Group: default, Final Config: {'load': 'preload', 'file': 'E:\\MPF\\wows\\wows\\images\\container_xp_text.jpg'}
2020-05-23 17:00:08,384 : AssetManager : Registering Asset: container_x_text, File: container_x_text.jpg, Default Group: default, Final Config: {'load': 'preload', 'file': 'E:\\MPF\\wows\\wows\\images\\container_x_text.jpg'}
2020-05-23 17:00:08,384 : AssetManager : Registering Asset: C_Prog100, File: C_Prog100.jpg, Default Group: default, Final Config: {'load': 'preload', 'file': 'E:\\MPF\\wows\\wows\\images\\C_Prog100.jpg'}
2020-05-23 17:00:08,384 : AssetManager : Registering Asset: daring, File: daring.png, Default Group: default, Final Config: {'load': 'preload', 'file': 'E:\\MPF\\wows\\wows\\images\\daring.png'}
2020-05-23 17:00:08,384 : AssetManager : Registering Asset: des moines, File: des moines.png, Default Group: default, Final Config: {'load': 'preload', 'file': 'E:\\MPF\\wows\\wows\\images\\des moines.png'}
2020-05-23 17:00:08,384 : AssetManager : Registering Asset: DOUBLE JACKPOT, File: DOUBLE JACKPOT.png, Default Group: default, Final Config: {'load': 'preload', 'file': 'E:\\MPF\\wows\\wows\\images\\DOUBLE JACKPOT.png'}
2020-05-23 17:00:08,384 : AssetManager : Registering Asset: fire, File: fire.gif, Default Group: default, Final Config: {'load': 'preload', 'file': 'E:\\MPF\\wows\\wows\\images\\fire.gif'}
2020-05-23 17:00:08,384 : AssetManager : Registering Asset: fire_start, File: fire_start.gif, Default Group: default, Final Config: {'load': 'preload', 'file': 'E:\\MPF\\wows\\wows\\images\\fire_start.gif'}
2020-05-23 17:00:08,385 : AssetManager : Registering Asset: grosser kurfurst, File: grosser kurfurst.png, Default Group: default, Final Config: {'load': 'preload', 'file': 'E:\\MPF\\wows\\wows\\images\\grosser kurfurst.png'}
2020-05-23 17:00:08,385 : AssetManager : Registering Asset: haragumo, File: haragumo.jpg, Default Group: default, Final Config: {'load': 'preload', 'file': 'E:\\MPF\\wows\\wows\\images\\haragumo.jpg'}
2020-05-23 17:00:08,385 : AssetManager : Registering Asset: haragumo2, File: haragumo2.png, Default Group: default, Final Config: {'load': 'preload', 'file': 'E:\\MPF\\wows\\wows\\images\\haragumo2.png'}
2020-05-23 17:00:08,385 : AssetManager : Registering Asset: hc_start, File: hc_start.gif, Default Group: default, Final Config: {'load': 'preload', 'file': 'E:\\MPF\\wows\\wows\\images\\hc_start.gif'}
2020-05-23 17:00:08,385 : AssetManager : Registering Asset: hc_start_end, File: hc_start_end.jpg, Default Group: default, Final Config: {'load': 'preload', 'file': 'E:\\MPF\\wows\\wows\\images\\hc_start_end.jpg'}
2020-05-23 17:00:08,385 : AssetManager : Registering Asset: JACKPOT, File: JACKPOT.png, Default Group: default, Final Config: {'load': 'preload', 'file': 'E:\\MPF\\wows\\wows\\images\\JACKPOT.png'}
2020-05-23 17:00:08,385 : AssetManager : Registering Asset: mode_1_start, File: mode_1_start.gif, Default Group: default, Final Config: {'load': 'preload', 'file': 'E:\\MPF\\wows\\wows\\images\\mode_1_start.gif'}
2020-05-23 17:00:08,385 : AssetManager : Registering Asset: mode_1_start_text, File: mode_1_start_text.jpg, Default Group: default, Final Config: {'load': 'preload', 'file': 'E:\\MPF\\wows\\wows\\images\\mode_1_start_text.jpg'}
2020-05-23 17:00:08,385 : AssetManager : Registering Asset: mode_2_start, File: mode_2_start.gif, Default Group: default, Final Config: {'load': 'preload', 'file': 'E:\\MPF\\wows\\wows\\images\\mode_2_start.gif'}
2020-05-23 17:00:08,385 : AssetManager : Registering Asset: mode_2_start_text, File: mode_2_start_text.jpg, Default Group: default, Final Config: {'load': 'preload', 'file': 'E:\\MPF\\wows\\wows\\images\\mode_2_start_text.jpg'}
2020-05-23 17:00:08,385 : AssetManager : Registering Asset: mode_3_start, File: mode_3_start.gif, Default Group: default, Final Config: {'load': 'preload', 'file': 'E:\\MPF\\wows\\wows\\images\\mode_3_start.gif'}
2020-05-23 17:00:08,385 : AssetManager : Registering Asset: mode_3_start_text, File: mode_3_start_text.jpg, Default Group: default, Final Config: {'load': 'preload', 'file': 'E:\\MPF\\wows\\wows\\images\\mode_3_start_text.jpg'}
2020-05-23 17:00:08,385 : AssetManager : Registering Asset: mode_4_start, File: mode_4_start.gif, Default Group: default, Final Config: {'load': 'preload', 'file': 'E:\\MPF\\wows\\wows\\images\\mode_4_start.gif'}
2020-05-23 17:00:08,385 : AssetManager : Registering Asset: mode_4_start_text, File: mode_4_start_text.jpg, Default Group: default, Final Config: {'load': 'preload', 'file': 'E:\\MPF\\wows\\wows\\images\\mode_4_start_text.jpg'}
2020-05-23 17:00:08,385 : AssetManager : Registering Asset: mode_5_start, File: mode_5_start.gif, Default Group: default, Final Config: {'load': 'preload', 'file': 'E:\\MPF\\wows\\wows\\images\\mode_5_start.gif'}
2020-05-23 17:00:08,386 : AssetManager : Registering Asset: mode_5_start_text, File: mode_5_start_text.jpg, Default Group: default, Final Config: {'load': 'preload', 'file': 'E:\\MPF\\wows\\wows\\images\\mode_5_start_text.jpg'}
2020-05-23 17:00:08,386 : AssetManager : Registering Asset: mode_6_start, File: mode_6_start.gif, Default Group: default, Final Config: {'load': 'preload', 'file': 'E:\\MPF\\wows\\wows\\images\\mode_6_start.gif'}
2020-05-23 17:00:08,386 : AssetManager : Registering Asset: mode_6_start_text, File: mode_6_start_text.jpg, Default Group: default, Final Config: {'load': 'preload', 'file': 'E:\\MPF\\wows\\wows\\images\\mode_6_start_text.jpg'}
2020-05-23 17:00:08,386 : AssetManager : Registering Asset: mode_7_start, File: mode_7_start.gif, Default Group: default, Final Config: {'load': 'preload', 'file': 'E:\\MPF\\wows\\wows\\images\\mode_7_start.gif'}
2020-05-23 17:00:08,386 : AssetManager : Registering Asset: mode_7_start_text, File: mode_7_start_text.jpg, Default Group: default, Final Config: {'load': 'preload', 'file': 'E:\\MPF\\wows\\wows\\images\\mode_7_start_text.jpg'}
2020-05-23 17:00:08,386 : AssetManager : Registering Asset: mode_8_start, File: mode_8_start.gif, Default Group: default, Final Config: {'load': 'preload', 'file': 'E:\\MPF\\wows\\wows\\images\\mode_8_start.gif'}
2020-05-23 17:00:08,386 : AssetManager : Registering Asset: mode_8_start_text, File: mode_8_start_text.jpg, Default Group: default, Final Config: {'load': 'preload', 'file': 'E:\\MPF\\wows\\wows\\images\\mode_8_start_text.jpg'}
2020-05-23 17:00:08,386 : AssetManager : Registering Asset: mode_9_start, File: mode_9_start.gif, Default Group: default, Final Config: {'load': 'preload', 'file': 'E:\\MPF\\wows\\wows\\images\\mode_9_start.gif'}
2020-05-23 17:00:08,386 : AssetManager : Registering Asset: mode_9_start_text, File: mode_9_start_text.jpg, Default Group: default, Final Config: {'load': 'preload', 'file': 'E:\\MPF\\wows\\wows\\images\\mode_9_start_text.jpg'}
2020-05-23 17:00:08,386 : AssetManager : Registering Asset: shell, File: shell.gif, Default Group: default, Final Config: {'load': 'preload', 'file': 'E:\\MPF\\wows\\wows\\images\\shell.gif'}
2020-05-23 17:00:08,386 : AssetManager : Registering Asset: shimakaze, File: shimakaze.png, Default Group: default, Final Config: {'load': 'preload', 'file': 'E:\\MPF\\wows\\wows\\images\\shimakaze.png'}
2020-05-23 17:00:08,386 : AssetManager : Registering Asset: shimakaze2, File: shimakaze2.jpg, Default Group: default, Final Config: {'load': 'preload', 'file': 'E:\\MPF\\wows\\wows\\images\\shimakaze2.jpg'}
2020-05-23 17:00:08,386 : AssetManager : Registering Asset: small_explosion, File: small_explosion.gif, Default Group: default, Final Config: {'load': 'preload', 'file': 'E:\\MPF\\wows\\wows\\images\\small_explosion.gif'}
2020-05-23 17:00:08,386 : AssetManager : Registering Asset: stalingrad, File: stalingrad.png, Default Group: default, Final Config: {'load': 'preload', 'file': 'E:\\MPF\\wows\\wows\\images\\stalingrad.png'}
2020-05-23 17:00:08,386 : AssetManager : Registering Asset: stalingrad2, File: stalingrad2.jpg, Default Group: default, Final Config: {'load': 'preload', 'file': 'E:\\MPF\\wows\\wows\\images\\stalingrad2.jpg'}
2020-05-23 17:00:08,386 : AssetManager : Registering Asset: TRIPLE JACKPOT, File: TRIPLE JACKPOT.png, Default Group: default, Final Config: {'load': 'preload', 'file': 'E:\\MPF\\wows\\wows\\images\\TRIPLE JACKPOT.png'}
2020-05-23 17:00:08,387 : AssetManager : Registering Asset: venezia, File: venezia.png, Default Group: default, Final Config: {'load': 'preload', 'file': 'E:\\MPF\\wows\\wows\\images\\venezia.png'}
2020-05-23 17:00:08,387 : AssetManager : Registering Asset: yamato, File: yamato.jpg, Default Group: default, Final Config: {'load': 'preload', 'file': 'E:\\MPF\\wows\\wows\\images\\yamato.jpg'}
2020-05-23 17:00:08,387 : AssetManager : Registering Asset: yamato2, File: yamato2.png, Default Group: default, Final Config: {'load': 'preload', 'file': 'E:\\MPF\\wows\\wows\\images\\yamato2.png'}
2020-05-23 17:00:08,389 : AssetManager : Registering Asset: mode_3_shot_made, File: mode_3_shot_made.gif, Default Group: default, Final Config: {'load': 'preload', 'file': 'E:\\MPF\\wows\\wows\\modes\\mode_3\\images\\mode_3_shot_made.gif'}
2020-05-23 17:00:08,389 : AssetManager : Registering Asset: mode_1_shot_made, File: mode_1_shot_made.gif, Default Group: default, Final Config: {'load': 'preload', 'file': 'E:\\MPF\\wows\\wows\\modes\\mode_1\\images\\mode_1_shot_made.gif'}
2020-05-23 17:00:08,390 : AssetManager : Registering Asset: mode_4_shot_made, File: mode_4_shot_made.gif, Default Group: default, Final Config: {'load': 'preload', 'file': 'E:\\MPF\\wows\\wows\\modes\\mode_4\\images\\mode_4_shot_made.gif'}
2020-05-23 17:00:08,390 : AssetManager : Registering Asset: mode_8_shot_made, File: mode_8_shot_made.gif, Default Group: default, Final Config: {'load': 'preload', 'file': 'E:\\MPF\\wows\\wows\\modes\\mode_8\\images\\mode_8_shot_made.gif'}
2020-05-23 17:00:08,390 : AssetManager : Registering Asset: mode_5_shot_made, File: mode_5_shot_made.gif, Default Group: default, Final Config: {'load': 'preload', 'file': 'E:\\MPF\\wows\\wows\\modes\\mode_5\\images\\mode_5_shot_made.gif'}
2020-05-23 17:00:08,391 : AssetManager : Registering Asset: mode_9_shot_made, File: mode_9_shot_made.gif, Default Group: default, Final Config: {'load': 'preload', 'file': 'E:\\MPF\\wows\\wows\\modes\\mode_9\\images\\mode_9_shot_made.gif'}
2020-05-23 17:00:08,392 : AssetManager : Registering Asset: mode_7_shot_made, File: mode_7_shot_made.gif, Default Group: default, Final Config: {'load': 'preload', 'file': 'E:\\MPF\\wows\\wows\\modes\\mode_7\\images\\mode_7_shot_made.gif'}
2020-05-23 17:00:08,392 : AssetManager : Registering Asset: mode_6_shot_made, File: mode_6_shot_made.gif, Default Group: default, Final Config: {'load': 'preload', 'file': 'E:\\MPF\\wows\\wows\\modes\\mode_6\\images\\mode_6_shot_made.gif'}
2020-05-23 17:00:08,393 : EventManager : Event: ======'init_phase_4'====== Args={}
2020-05-23 17:00:08,393 : EventManager : Event: ======'init_phase_5'====== Args={}
2020-05-23 17:00:08,498 : EventManager : Event: ======'loading_assets'====== Args={'total': 92, 'loaded': 1, 'remaining': 91, 'percent': 1}
2020-05-23 17:00:08,498 : AssetManager : Loading assets: 1/92 (1%)
2020-05-23 17:00:08,599 : EventManager : Event: ======'loading_assets'====== Args={'total': 92, 'loaded': 92, 'remaining': 0, 'percent': 100}
2020-05-23 17:00:08,599 : AssetManager : Asset loading took: 0.31963014602661133
2020-05-23 17:00:08,599 : EventManager : Event: ======'asset_loading_complete'====== Args={}
2020-05-23 17:00:08,599 : AssetManager : Loading assets: 92/92 (100%)
2020-05-23 17:00:08,599 : EventManager : Event: ======'init_done'====== Args={}
2020-05-23 17:00:08,599 : MPF-MC BCP Server : Starting up on localhost port 5050
2020-05-23 17:00:08,603 : MPF-MC BCP Server : Waiting for a connection...
2020-05-23 17:00:08,615 : EventManager : Event: ======'client_disconnected'====== Args={'host': '127.0.0.1', 'port': 5050}
2020-05-23 17:00:09,455 : MPF-MC BCP Server : Received connection from: 127.0.0.1:62492
2020-05-23 17:00:09,465 : EventManager : Event: ======'client_connected'====== Args={'host': '127.0.0.1', 'port': 62492}
2020-05-23 17:00:09,465 : mpfmc : Initializing DMD
2020-05-23 17:00:09,476 : mpfmc : Setting DMD to 30fps
2020-05-23 17:00:09,498 : EventManager : Event: ======'machine_var_credits_string'====== Args={'value': 'FREE PLAY', 'prev_value': None, 'change': True}
2020-05-23 17:00:09,498 : EventManager : Event: ======'machine_var_player1_score'====== Args={'value': 0, 'prev_value': None, 'change': True}
2020-05-23 17:00:09,499 : EventManager : Event: ======'machine_var_mpf_version'====== Args={'value': 'MPF v0.54.0-dev.33', 'prev_value': None, 'change': True}
2020-05-23 17:00:09,499 : EventManager : Event: ======'machine_var_mpf_extended_version'====== Args={'value': 'MPF v0.54.0-dev.33, Config version:5, Show version: 5, BCP version:1.1', 'prev_value': None, 'change': True}
2020-05-23 17:00:09,499 : EventManager : Event: ======'machine_var_python_version'====== Args={'value': '3.6.4', 'prev_value': None, 'change': True}
2020-05-23 17:00:09,499 : EventManager : Event: ======'machine_var_platform'====== Args={'value': 'Windows-10-10.0.18362-SP0', 'prev_value': None, 'change': True}
2020-05-23 17:00:09,499 : EventManager : Event: ======'machine_var_platform_system'====== Args={'value': 'Windows', 'prev_value': None, 'change': True}
2020-05-23 17:00:09,499 : EventManager : Event: ======'machine_var_platform_release'====== Args={'value': '10', 'prev_value': None, 'change': True}
2020-05-23 17:00:09,499 : EventManager : Event: ======'machine_var_platform_version'====== Args={'value': '10.0.18362', 'prev_value': None, 'change': True}
2020-05-23 17:00:09,499 : EventManager : Event: ======'machine_var_platform_machine'====== Args={'value': 'AMD64', 'prev_value': None, 'change': True}
2020-05-23 17:00:09,499 : EventManager : Event: ======'machine_var_mc_version'====== Args={'value': 'MPF-MC v0.54.0-dev.7', 'prev_value': None, 'change': True}
2020-05-23 17:00:09,499 : EventManager : Event: ======'machine_var_mc_extended_version'====== Args={'value': 'MPF-MC v0.54.0-dev.7 (config_version=5, BCP v1.1, Requires MPF v0.54.0-dev.0)', 'prev_value': None, 'change': True}
2020-05-23 17:00:09,499 : EventManager : Event: ======'machine_var_master_volume'====== Args={'value': 0.5, 'prev_value': None, 'change': True}
2020-05-23 17:00:09,559 : mpfmc : Stopping...
2020-05-23 17:00:09,559 : EventManager : Event: ======'shutdown'====== Args={}
2020-05-23 17:00:09,673 : mpfmc : Loop rate 50.26 Hz
2020-05-23 17:00:09,675 : kivy : Base: Leaving application in progress...
2020-05-23 17:00:09,676 : kivy : WindowSDL: exiting mainloop and closing.
2020-05-23 17:00:09,707 : mpfmc : Stopping...
2020-05-23 17:00:09,707 : EventManager : Event: ======'shutdown'====== Args={}
2020-05-23 17:00:09,707 : mpfmc : Loop rate 49.77 Hz
2020-05-23 17:00:09,707 : kivy : MC run loop ended.
2020-05-23 17:00:09,707 : kivy : Stopping child threads... (0 remaining)
2020-05-23 17:00:09,707 : kivy : All child threads stopped.
