2020-03-17 16:03:19,501 : kivy : Factory: 184 symbols loaded
2020-03-17 16:03:19,630 : kivy : Image: Providers: img_tex, img_dds, img_sdl2, img_pil, img_gif (img_ffpyplayer ignored)
2020-03-17 16:03:19,690 : kivy : VideoGstplayer: Using Gstreamer 1.16.0.0
2020-03-17 16:03:19,691 : kivy : Video: Provider: gstplayer
2020-03-17 16:03:19,780 : kivy : Loading MPF-MC controller
2020-03-17 16:03:19,780 : mpfmc : Mission Pinball Framework Media Controller v0.53.0
2020-03-17 16:03:19,781 : mpfmc : Mission Pinball Framework Game Engine v0.53.2
2020-03-17 16:03:19,781 : mpfmc : Machine path: E:\mpf\wows\wows
2020-03-17 16:03:19,782 : ConfigProcessor : Config file in cache changed: E:\mpf\wows\wows\config\config
2020-03-17 16:03:19,782 : ConfigProcessor : Loading config from file c:\users\schol\appdata\local\programs\python\python36\lib\site-packages\mpfmc\mcconfig.yaml.
2020-03-17 16:03:19,834 : ConfigProcessor : Loading config: c:\users\schol\appdata\local\programs\python\python36\lib\site-packages\mpfmc\mcconfig.yaml
2020-03-17 16:03:19,846 : ConfigProcessor : Loading config from file E:\mpf\wows\wows\config\config.
2020-03-17 16:03:20,019 : ConfigProcessor : Loading config: E:\mpf\wows\wows\config\config
2020-03-17 16:03:20,021 : ConfigProcessor : Config file cache created: C:\Users\schol\AppData\Local\Temp\398a03908486e3c8525902f452489fb5.mpf_cache
2020-03-17 16:03:20,022 : mpfmc : Starting clock at 60.0Hz
2020-03-17 16:03:20,036 : kivy : Text: Provider: sdl2
2020-03-17 16:03:20,068 : kivy : Window: Provider: sdl2
2020-03-17 16:03:20,487 : kivy : GL: Using the "OpenGL" graphics system
2020-03-17 16:03:20,492 : kivy : GL: GLEW initialization succeeded
2020-03-17 16:03:20,492 : kivy : GL: Backend used <glew>
2020-03-17 16:03:20,492 : kivy : GL: OpenGL version <b'4.6.0 NVIDIA 442.59'>
2020-03-17 16:03:20,492 : kivy : GL: OpenGL vendor <b'NVIDIA Corporation'>
2020-03-17 16:03:20,492 : kivy : GL: OpenGL renderer <b'GeForce GTX 1060 6GB/PCIe/SSE2'>
2020-03-17 16:03:20,492 : kivy : GL: OpenGL parsed version: 4, 6
2020-03-17 16:03:20,493 : kivy : GL: Shading version <b'4.60 NVIDIA'>
2020-03-17 16:03:20,493 : kivy : GL: Texture max size <32768>
2020-03-17 16:03:20,493 : kivy : GL: Texture max units <32>
2020-03-17 16:03:20,506 : kivy : Window: auto add sdl2 input provider
2020-03-17 16:03:20,506 : kivy : Window: virtual keyboard not allowed, single mode, not docked
2020-03-17 16:03:20,512 : SoundSystem : SoundSystem: Using default 'sound_system' settings
2020-03-17 16:03:20,708 : AudioInterface : Initialized
2020-03-17 16:03:20,709 : SoundSystem : No audio tracks are specified in your machine config file. a track named 'default' has been created.
2020-03-17 16:03:20,710 : kivy : Base: Start application main loop
2020-03-17 16:03:20,711 : EventManager : Event: ======'display_dmd_initialized'====== Args={}
2020-03-17 16:03:20,777 : mpfmc : Display: Setting 'dmd' as default display
2020-03-17 16:03:20,784 : kivy : GL: NPOT texture support is available
2020-03-17 16:03:20,794 : EventManager : Event: ======'displays_initialized'====== Args={}
2020-03-17 16:03:20,795 : EventManager : Event: ======'slide_dmd_blank_created'====== Args={}
2020-03-17 16:03:20,796 : EventManager : Event: ======'display_dmd_ready'====== Args={}
2020-03-17 16:03:20,805 : EventManager : Event: ======'init_phase_1'====== Args={}
2020-03-17 16:03:20,807 : EventManager : Event: ======'mc_ready'====== Args={}
2020-03-17 16:03:20,808 : EventManager : Event: ======'init_phase_2'====== Args={}
2020-03-17 16:03:20,809 : ConfigProcessor : Loading config from cache: C:\Users\schol\AppData\Local\Temp\2f7452aae1b2779bb4a1388fc419c0c8.mpf_cache
2020-03-17 16:03:20,809 : ConfigProcessor : Loading config from cache: C:\Users\schol\AppData\Local\Temp\2242affd3e515f08e26d4d5b365e866b.mpf_cache
2020-03-17 16:03:20,810 : ConfigProcessor : Loading config from cache: C:\Users\schol\AppData\Local\Temp\5dbeda7d2775496a54d206d506904281.mpf_cache
2020-03-17 16:03:20,811 : ConfigProcessor : Loading config from cache: C:\Users\schol\AppData\Local\Temp\f6b4884431efff4cb2e21d23d2c7b801.mpf_cache
2020-03-17 16:03:20,812 : ConfigProcessor : Loading config from cache: C:\Users\schol\AppData\Local\Temp\fbcc5772262340622f93ebd98450e45f.mpf_cache
2020-03-17 16:03:20,812 : ConfigProcessor : Loading config from cache: C:\Users\schol\AppData\Local\Temp\4aeaa69609f53d9b71d1dbbedd434b0b.mpf_cache
2020-03-17 16:03:20,812 : ConfigProcessor : Loading config from cache: C:\Users\schol\AppData\Local\Temp\5c4497fcd69d1d656c4b69a28e44c490.mpf_cache
2020-03-17 16:03:20,813 : ConfigProcessor : Loading config from cache: C:\Users\schol\AppData\Local\Temp\6e6d4708a613edd7635d35a6961997f3.mpf_cache
2020-03-17 16:03:20,814 : ConfigProcessor : Loading config from cache: C:\Users\schol\AppData\Local\Temp\bafdfa3518b80fac5c67bbc1ea3da4f8.mpf_cache
2020-03-17 16:03:20,814 : ConfigProcessor : Loading config from cache: C:\Users\schol\AppData\Local\Temp\f9a57b3955e1480227d6e8589f6567c4.mpf_cache
2020-03-17 16:03:20,814 : ConfigProcessor : Loading config from cache: C:\Users\schol\AppData\Local\Temp\fa61b88f86d6e414c9b51ac1d3e19568.mpf_cache
2020-03-17 16:03:20,815 : ConfigProcessor : Loading config from cache: C:\Users\schol\AppData\Local\Temp\fa1d48c05f4d8fd05f0b267836a1ac4f.mpf_cache
2020-03-17 16:03:20,815 : ConfigProcessor : Loading config from cache: C:\Users\schol\AppData\Local\Temp\fff0d16f8200200b52cd28c2ea815f12.mpf_cache
2020-03-17 16:03:20,816 : ConfigProcessor : Loading config from cache: C:\Users\schol\AppData\Local\Temp\97f63c0afcbce8d9df7044fccf1035a4.mpf_cache
2020-03-17 16:03:20,816 : ConfigProcessor : Loading config from cache: C:\Users\schol\AppData\Local\Temp\79b69aca05077178b8904472f0120320.mpf_cache
2020-03-17 16:03:20,816 : ConfigProcessor : Loading config from cache: C:\Users\schol\AppData\Local\Temp\d5fd805c5432c1441bf01a6268536a3d.mpf_cache
2020-03-17 16:03:20,817 : ConfigProcessor : Loading config from cache: C:\Users\schol\AppData\Local\Temp\a6527a592b6034dbfea56fdf726c3822.mpf_cache
2020-03-17 16:03:20,817 : ConfigProcessor : Loading config from cache: C:\Users\schol\AppData\Local\Temp\edfeac6524e6d1874b234b23d854175f.mpf_cache
2020-03-17 16:03:20,817 : ConfigProcessor : Loading config from cache: C:\Users\schol\AppData\Local\Temp\d01089fe8a4c8b32515bd43f8cd9fd8b.mpf_cache
2020-03-17 16:03:20,818 : ConfigProcessor : Loading config from cache: C:\Users\schol\AppData\Local\Temp\1e6cc6775e87a3e14ded8d45fd065b10.mpf_cache
2020-03-17 16:03:20,818 : EventManager : Event: ======'init_phase_3'====== Args={}
2020-03-17 16:03:20,819 : AssetManager : Registering Asset: ConsumableCountdown100, File: ConsumableCountdown100.jpg, Default Group: default, Final Config: {'load': 'preload', 'file': 'E:\\mpf\\wows\\wows\\images\\ConsumableCountdown100.jpg'}
2020-03-17 16:03:20,819 : AssetManager : Registering Asset: ConsumableCountdown101, File: ConsumableCountdown101.jpg, Default Group: default, Final Config: {'load': 'preload', 'file': 'E:\\mpf\\wows\\wows\\images\\ConsumableCountdown101.jpg'}
2020-03-17 16:03:20,819 : AssetManager : Registering Asset: ConsumableCountdown102, File: ConsumableCountdown102.jpg, Default Group: default, Final Config: {'load': 'preload', 'file': 'E:\\mpf\\wows\\wows\\images\\ConsumableCountdown102.jpg'}
2020-03-17 16:03:20,819 : AssetManager : Registering Asset: ConsumableCountdown103, File: ConsumableCountdown103.jpg, Default Group: default, Final Config: {'load': 'preload', 'file': 'E:\\mpf\\wows\\wows\\images\\ConsumableCountdown103.jpg'}
2020-03-17 16:03:20,819 : AssetManager : Registering Asset: ConsumableCountdown104, File: ConsumableCountdown104.jpg, Default Group: default, Final Config: {'load': 'preload', 'file': 'E:\\mpf\\wows\\wows\\images\\ConsumableCountdown104.jpg'}
2020-03-17 16:03:20,819 : AssetManager : Registering Asset: ConsumableCountdown105, File: ConsumableCountdown105.jpg, Default Group: default, Final Config: {'load': 'preload', 'file': 'E:\\mpf\\wows\\wows\\images\\ConsumableCountdown105.jpg'}
2020-03-17 16:03:20,819 : AssetManager : Registering Asset: ConsumableCountdown106, File: ConsumableCountdown106.jpg, Default Group: default, Final Config: {'load': 'preload', 'file': 'E:\\mpf\\wows\\wows\\images\\ConsumableCountdown106.jpg'}
2020-03-17 16:03:20,819 : AssetManager : Registering Asset: ConsumableCountdown107, File: ConsumableCountdown107.jpg, Default Group: default, Final Config: {'load': 'preload', 'file': 'E:\\mpf\\wows\\wows\\images\\ConsumableCountdown107.jpg'}
2020-03-17 16:03:20,819 : AssetManager : Registering Asset: ConsumableCountdown108, File: ConsumableCountdown108.jpg, Default Group: default, Final Config: {'load': 'preload', 'file': 'E:\\mpf\\wows\\wows\\images\\ConsumableCountdown108.jpg'}
2020-03-17 16:03:20,819 : AssetManager : Registering Asset: ConsumableCountdown109, File: ConsumableCountdown109.jpg, Default Group: default, Final Config: {'load': 'preload', 'file': 'E:\\mpf\\wows\\wows\\images\\ConsumableCountdown109.jpg'}
2020-03-17 16:03:20,819 : AssetManager : Registering Asset: ConsumableCountdown110, File: ConsumableCountdown110.jpg, Default Group: default, Final Config: {'load': 'preload', 'file': 'E:\\mpf\\wows\\wows\\images\\ConsumableCountdown110.jpg'}
2020-03-17 16:03:20,820 : AssetManager : Registering Asset: ConsumableCountdown111, File: ConsumableCountdown111.jpg, Default Group: default, Final Config: {'load': 'preload', 'file': 'E:\\mpf\\wows\\wows\\images\\ConsumableCountdown111.jpg'}
2020-03-17 16:03:20,820 : AssetManager : Registering Asset: ConsumableCountdown112, File: ConsumableCountdown112.jpg, Default Group: default, Final Config: {'load': 'preload', 'file': 'E:\\mpf\\wows\\wows\\images\\ConsumableCountdown112.jpg'}
2020-03-17 16:03:20,820 : AssetManager : Registering Asset: ConsumableCountdown113, File: ConsumableCountdown113.jpg, Default Group: default, Final Config: {'load': 'preload', 'file': 'E:\\mpf\\wows\\wows\\images\\ConsumableCountdown113.jpg'}
2020-03-17 16:03:20,820 : AssetManager : Registering Asset: ConsumableCountdown114, File: ConsumableCountdown114.jpg, Default Group: default, Final Config: {'load': 'preload', 'file': 'E:\\mpf\\wows\\wows\\images\\ConsumableCountdown114.jpg'}
2020-03-17 16:03:20,820 : AssetManager : Registering Asset: ConsumableCountdown115, File: ConsumableCountdown115.jpg, Default Group: default, Final Config: {'load': 'preload', 'file': 'E:\\mpf\\wows\\wows\\images\\ConsumableCountdown115.jpg'}
2020-03-17 16:03:20,820 : AssetManager : Registering Asset: ConsumableCountdown116, File: ConsumableCountdown116.jpg, Default Group: default, Final Config: {'load': 'preload', 'file': 'E:\\mpf\\wows\\wows\\images\\ConsumableCountdown116.jpg'}
2020-03-17 16:03:20,820 : AssetManager : Registering Asset: ConsumableCountdown117, File: ConsumableCountdown117.jpg, Default Group: default, Final Config: {'load': 'preload', 'file': 'E:\\mpf\\wows\\wows\\images\\ConsumableCountdown117.jpg'}
2020-03-17 16:03:20,820 : AssetManager : Registering Asset: ConsumableCountdown118, File: ConsumableCountdown118.jpg, Default Group: default, Final Config: {'load': 'preload', 'file': 'E:\\mpf\\wows\\wows\\images\\ConsumableCountdown118.jpg'}
2020-03-17 16:03:20,820 : AssetManager : Registering Asset: ConsumableCountdown119, File: ConsumableCountdown119.jpg, Default Group: default, Final Config: {'load': 'preload', 'file': 'E:\\mpf\\wows\\wows\\images\\ConsumableCountdown119.jpg'}
2020-03-17 16:03:20,820 : AssetManager : Registering Asset: ConsumableCountdown120, File: ConsumableCountdown120.jpg, Default Group: default, Final Config: {'load': 'preload', 'file': 'E:\\mpf\\wows\\wows\\images\\ConsumableCountdown120.jpg'}
2020-03-17 16:03:20,820 : AssetManager : Registering Asset: ConsumableCountdown121, File: ConsumableCountdown121.jpg, Default Group: default, Final Config: {'load': 'preload', 'file': 'E:\\mpf\\wows\\wows\\images\\ConsumableCountdown121.jpg'}
2020-03-17 16:03:20,820 : AssetManager : Registering Asset: ConsumableCountdown122, File: ConsumableCountdown122.jpg, Default Group: default, Final Config: {'load': 'preload', 'file': 'E:\\mpf\\wows\\wows\\images\\ConsumableCountdown122.jpg'}
2020-03-17 16:03:20,820 : AssetManager : Registering Asset: ConsumableCountdown123, File: ConsumableCountdown123.jpg, Default Group: default, Final Config: {'load': 'preload', 'file': 'E:\\mpf\\wows\\wows\\images\\ConsumableCountdown123.jpg'}
2020-03-17 16:03:20,820 : AssetManager : Registering Asset: ConsumableCountdown124, File: ConsumableCountdown124.jpg, Default Group: default, Final Config: {'load': 'preload', 'file': 'E:\\mpf\\wows\\wows\\images\\ConsumableCountdown124.jpg'}
2020-03-17 16:03:20,820 : AssetManager : Registering Asset: ConsumableCountdown125, File: ConsumableCountdown125.jpg, Default Group: default, Final Config: {'load': 'preload', 'file': 'E:\\mpf\\wows\\wows\\images\\ConsumableCountdown125.jpg'}
2020-03-17 16:03:20,820 : AssetManager : Registering Asset: ConsumableCountdown126, File: ConsumableCountdown126.jpg, Default Group: default, Final Config: {'load': 'preload', 'file': 'E:\\mpf\\wows\\wows\\images\\ConsumableCountdown126.jpg'}
2020-03-17 16:03:20,821 : AssetManager : Registering Asset: ConsumableCountdown127, File: ConsumableCountdown127.jpg, Default Group: default, Final Config: {'load': 'preload', 'file': 'E:\\mpf\\wows\\wows\\images\\ConsumableCountdown127.jpg'}
2020-03-17 16:03:20,821 : AssetManager : Registering Asset: ConsumableCountdown128, File: ConsumableCountdown128.jpg, Default Group: default, Final Config: {'load': 'preload', 'file': 'E:\\mpf\\wows\\wows\\images\\ConsumableCountdown128.jpg'}
2020-03-17 16:03:20,821 : AssetManager : Registering Asset: ConsumableCountdown129, File: ConsumableCountdown129.jpg, Default Group: default, Final Config: {'load': 'preload', 'file': 'E:\\mpf\\wows\\wows\\images\\ConsumableCountdown129.jpg'}
2020-03-17 16:03:20,821 : AssetManager : Registering Asset: ConsumableCountdown130, File: ConsumableCountdown130.jpg, Default Group: default, Final Config: {'load': 'preload', 'file': 'E:\\mpf\\wows\\wows\\images\\ConsumableCountdown130.jpg'}
2020-03-17 16:03:20,821 : AssetManager : Registering Asset: C_Prog100, File: C_Prog100.jpg, Default Group: default, Final Config: {'load': 'preload', 'file': 'E:\\mpf\\wows\\wows\\images\\C_Prog100.jpg'}
2020-03-17 16:03:20,822 : AssetManager : Registering Asset: mode_9_shot_made, File: mode_9_shot_made.gif, Default Group: default, Final Config: {'load': 'preload', 'file': 'E:\\mpf\\wows\\wows\\modes\\mode_9\\images\\mode_9_shot_made.gif'}
2020-03-17 16:03:20,822 : AssetManager : Registering Asset: mode_6_shot_made, File: mode_6_shot_made.gif, Default Group: default, Final Config: {'load': 'preload', 'file': 'E:\\mpf\\wows\\wows\\modes\\mode_6\\images\\mode_6_shot_made.gif'}
2020-03-17 16:03:20,822 : AssetManager : Registering Asset: mode_1_shot_made, File: mode_1_shot_made.gif, Default Group: default, Final Config: {'load': 'preload', 'file': 'E:\\mpf\\wows\\wows\\modes\\mode_1\\images\\mode_1_shot_made.gif'}
2020-03-17 16:03:20,823 : AssetManager : Registering Asset: mode_3_shot_made, File: mode_3_shot_made.gif, Default Group: default, Final Config: {'load': 'preload', 'file': 'E:\\mpf\\wows\\wows\\modes\\mode_3\\images\\mode_3_shot_made.gif'}
2020-03-17 16:03:20,823 : AssetManager : Registering Asset: mode_4_shot_made, File: mode_4_shot_made.gif, Default Group: default, Final Config: {'load': 'preload', 'file': 'E:\\mpf\\wows\\wows\\modes\\mode_4\\images\\mode_4_shot_made.gif'}
2020-03-17 16:03:20,824 : AssetManager : Registering Asset: mode_7_shot_made, File: mode_7_shot_made.gif, Default Group: default, Final Config: {'load': 'preload', 'file': 'E:\\mpf\\wows\\wows\\modes\\mode_7\\images\\mode_7_shot_made.gif'}
2020-03-17 16:03:20,824 : AssetManager : Registering Asset: mode_8_shot_made, File: mode_8_shot_made.gif, Default Group: default, Final Config: {'load': 'preload', 'file': 'E:\\mpf\\wows\\wows\\modes\\mode_8\\images\\mode_8_shot_made.gif'}
2020-03-17 16:03:20,824 : AssetManager : Registering Asset: mode_5_shot_made, File: mode_5_shot_made.gif, Default Group: default, Final Config: {'load': 'preload', 'file': 'E:\\mpf\\wows\\wows\\modes\\mode_5\\images\\mode_5_shot_made.gif'}
2020-03-17 16:03:20,825 : EventManager : Event: ======'init_phase_4'====== Args={}
2020-03-17 16:03:20,825 : EventManager : Event: ======'init_phase_5'====== Args={}
2020-03-17 16:03:20,839 : EventManager : Event: ======'loading_assets'====== Args={'total': 40, 'loaded': 1, 'remaining': 39, 'percent': 2}
2020-03-17 16:03:20,839 : AssetManager : Loading assets: 1/40 (2%)
2020-03-17 16:03:20,947 : EventManager : Event: ======'loading_assets'====== Args={'total': 40, 'loaded': 40, 'remaining': 0, 'percent': 100}
2020-03-17 16:03:20,947 : AssetManager : Asset loading took: 0.23787212371826172
2020-03-17 16:03:20,947 : EventManager : Event: ======'asset_loading_complete'====== Args={}
2020-03-17 16:03:20,947 : AssetManager : Loading assets: 40/40 (100%)
2020-03-17 16:03:20,947 : EventManager : Event: ======'init_done'====== Args={}
2020-03-17 16:03:20,947 : MPF-MC BCP Server : Starting up on localhost port 5050
2020-03-17 16:03:20,951 : MPF-MC BCP Server : Waiting for a connection...
2020-03-17 16:03:20,964 : EventManager : Event: ======'client_disconnected'====== Args={'host': '127.0.0.1', 'port': 5050}
2020-03-17 16:03:21,937 : MPF-MC BCP Server : Received connection from: 127.0.0.1:53278
2020-03-17 16:03:21,947 : EventManager : Event: ======'client_connected'====== Args={'host': '127.0.0.1', 'port': 53278}
2020-03-17 16:03:21,964 : EventManager : Event: ======'machine_var_credits_string'====== Args={'value': 'FREE PLAY', 'prev_value': None, 'change': True}
2020-03-17 16:03:21,964 : EventManager : Event: ======'machine_var_player1_score'====== Args={'value': 0, 'prev_value': None, 'change': True}
2020-03-17 16:03:21,964 : EventManager : Event: ======'machine_var_mpf_version'====== Args={'value': 'MPF v0.53.2', 'prev_value': None, 'change': True}
2020-03-17 16:03:21,964 : EventManager : Event: ======'machine_var_mpf_extended_version'====== Args={'value': 'MPF v0.53.2, Config version:5, Show version: 5, BCP version:1.1', 'prev_value': None, 'change': True}
2020-03-17 16:03:21,964 : EventManager : Event: ======'machine_var_python_version'====== Args={'value': '3.6.4', 'prev_value': None, 'change': True}
2020-03-17 16:03:21,964 : EventManager : Event: ======'machine_var_platform'====== Args={'value': 'Windows-10-10.0.18362-SP0', 'prev_value': None, 'change': True}
2020-03-17 16:03:21,965 : EventManager : Event: ======'machine_var_platform_system'====== Args={'value': 'Windows', 'prev_value': None, 'change': True}
2020-03-17 16:03:21,965 : EventManager : Event: ======'machine_var_platform_release'====== Args={'value': '10', 'prev_value': None, 'change': True}
2020-03-17 16:03:21,965 : EventManager : Event: ======'machine_var_platform_version'====== Args={'value': '10.0.18362', 'prev_value': None, 'change': True}
2020-03-17 16:03:21,965 : EventManager : Event: ======'machine_var_platform_machine'====== Args={'value': 'AMD64', 'prev_value': None, 'change': True}
2020-03-17 16:03:21,965 : EventManager : Event: ======'machine_var_mc_version'====== Args={'value': 'MPF-MC v0.53.0', 'prev_value': None, 'change': True}
2020-03-17 16:03:21,965 : EventManager : Event: ======'machine_var_mc_extended_version'====== Args={'value': 'MPF-MC v0.53.0 (config_version=5, BCP v1.1, Requires MPF v0.53.0)', 'prev_value': None, 'change': True}
2020-03-17 16:03:21,965 : EventManager : Event: ======'machine_var_master_volume'====== Args={'value': 0.5, 'prev_value': None, 'change': True}
2020-03-17 16:03:22,030 : EventManager : Event: ======'machine_var_audits_events_game_ended'====== Args={'value': 1, 'prev_value': None, 'change': True}
2020-03-17 16:03:22,030 : EventManager : Event: ======'machine_var_audits_events_game_started'====== Args={'value': 429, 'prev_value': None, 'change': True}
2020-03-17 16:03:22,030 : EventManager : Event: ======'machine_var_audits_player_score'====== Args={'value': {'average': 0.0, 'top': [0], 'total': 1}, 'prev_value': None, 'change': True}
2020-03-17 16:03:22,030 : EventManager : Event: ======'machine_var_audits_shots_confederate_1'====== Args={'value': 9, 'prev_value': None, 'change': True}
2020-03-17 16:03:22,030 : EventManager : Event: ======'machine_var_audits_shots_confederate_2'====== Args={'value': 193, 'prev_value': None, 'change': True}
2020-03-17 16:03:22,030 : EventManager : Event: ======'machine_var_audits_shots_confederate_3'====== Args={'value': 87, 'prev_value': None, 'change': True}
2020-03-17 16:03:22,030 : EventManager : Event: ======'machine_var_audits_shots_confederate_4'====== Args={'value': 18, 'prev_value': None, 'change': True}
2020-03-17 16:03:22,030 : EventManager : Event: ======'machine_var_audits_shots_confederate_5'====== Args={'value': 7, 'prev_value': None, 'change': True}
2020-03-17 16:03:22,031 : EventManager : Event: ======'machine_var_audits_shots_confederate_6'====== Args={'value': 238, 'prev_value': None, 'change': True}
2020-03-17 16:03:22,031 : EventManager : Event: ======'machine_var_audits_shots_detonation'====== Args={'value': 41, 'prev_value': None, 'change': True}
2020-03-17 16:03:22,031 : EventManager : Event: ======'machine_var_audits_shots_detonation_lit'====== Args={'value': 132, 'prev_value': None, 'change': True}
2020-03-17 16:03:22,031 : EventManager : Event: ======'machine_var_audits_shots_jackpot_1'====== Args={'value': 37, 'prev_value': None, 'change': True}
2020-03-17 16:03:22,031 : EventManager : Event: ======'machine_var_audits_shots_jackpot_2'====== Args={'value': 35, 'prev_value': None, 'change': True}
2020-03-17 16:03:22,031 : EventManager : Event: ======'machine_var_audits_shots_jackpot_3'====== Args={'value': 55, 'prev_value': None, 'change': True}
2020-03-17 16:03:22,031 : EventManager : Event: ======'machine_var_audits_shots_jackpot_4'====== Args={'value': 32, 'prev_value': None, 'change': True}
2020-03-17 16:03:22,031 : EventManager : Event: ======'machine_var_audits_shots_jackpot_5'====== Args={'value': 32, 'prev_value': None, 'change': True}
2020-03-17 16:03:22,032 : EventManager : Event: ======'machine_var_audits_shots_jackpot_6'====== Args={'value': 33, 'prev_value': None, 'change': True}
2020-03-17 16:03:22,032 : EventManager : Event: ======'machine_var_audits_shots_lane_A'====== Args={'value': 9, 'prev_value': None, 'change': True}
2020-03-17 16:03:22,032 : EventManager : Event: ======'machine_var_audits_shots_lane_B'====== Args={'value': 10, 'prev_value': None, 'change': True}
2020-03-17 16:03:22,032 : EventManager : Event: ======'machine_var_audits_shots_lane_C'====== Args={'value': 11, 'prev_value': None, 'change': True}
2020-03-17 16:03:22,032 : EventManager : Event: ======'machine_var_audits_shots_lane_D'====== Args={'value': 17, 'prev_value': None, 'change': True}
2020-03-17 16:03:22,032 : EventManager : Event: ======'machine_var_audits_shots_lane_E'====== Args={'value': 16, 'prev_value': None, 'change': True}
2020-03-17 16:03:22,032 : EventManager : Event: ======'machine_var_audits_shots_lock_lit_1'====== Args={'value': 189, 'prev_value': None, 'change': True}
2020-03-17 16:03:22,032 : EventManager : Event: ======'machine_var_audits_shots_lock_lit_2'====== Args={'value': 234, 'prev_value': None, 'change': True}
2020-03-17 16:03:22,032 : EventManager : Event: ======'machine_var_audits_shots_ricochet_1'====== Args={'value': 1, 'prev_value': None, 'change': True}
2020-03-17 16:03:22,032 : EventManager : Event: ======'machine_var_audits_shots_ricochet_2'====== Args={'value': 2, 'prev_value': None, 'change': True}
2020-03-17 16:03:22,032 : EventManager : Event: ======'machine_var_audits_shots_ricochet_3'====== Args={'value': 3, 'prev_value': None, 'change': True}
2020-03-17 16:03:22,033 : EventManager : Event: ======'machine_var_audits_shots_ricochet_4'====== Args={'value': 1, 'prev_value': None, 'change': True}
2020-03-17 16:03:22,033 : EventManager : Event: ======'machine_var_audits_shots_ricochet_5'====== Args={'value': 2, 'prev_value': None, 'change': True}
2020-03-17 16:03:22,033 : EventManager : Event: ======'machine_var_audits_switches_s_bumper_1'====== Args={'value': 9, 'prev_value': None, 'change': True}
2020-03-17 16:03:22,033 : EventManager : Event: ======'machine_var_audits_switches_s_bumper_2'====== Args={'value': 7, 'prev_value': None, 'change': True}
2020-03-17 16:03:22,033 : EventManager : Event: ======'machine_var_audits_switches_s_bumper_3'====== Args={'value': 1, 'prev_value': None, 'change': True}
2020-03-17 16:03:22,033 : EventManager : Event: ======'machine_var_audits_switches_s_center_ramp'====== Args={'value': 13, 'prev_value': None, 'change': True}
2020-03-17 16:03:22,033 : EventManager : Event: ======'machine_var_audits_switches_s_citadel'====== Args={'value': 8, 'prev_value': None, 'change': True}
2020-03-17 16:03:22,033 : EventManager : Event: ======'machine_var_audits_switches_s_citadel_lock'====== Args={'value': 24, 'prev_value': None, 'change': True}
2020-03-17 16:03:22,033 : EventManager : Event: ======'machine_var_audits_switches_s_detonation'====== Args={'value': 132, 'prev_value': None, 'change': True}
2020-03-17 16:03:22,033 : EventManager : Event: ======'machine_var_audits_switches_s_dmg_1'====== Args={'value': 559, 'prev_value': None, 'change': True}
2020-03-17 16:03:22,034 : EventManager : Event: ======'machine_var_audits_switches_s_dmg_2'====== Args={'value': 14, 'prev_value': None, 'change': True}
2020-03-17 16:03:22,034 : EventManager : Event: ======'machine_var_audits_switches_s_dmg_3'====== Args={'value': 13, 'prev_value': None, 'change': True}
2020-03-17 16:03:22,034 : EventManager : Event: ======'machine_var_audits_switches_s_dmg_4'====== Args={'value': 5, 'prev_value': None, 'change': True}
2020-03-17 16:03:22,034 : EventManager : Event: ======'machine_var_audits_switches_s_dmg_5'====== Args={'value': 8, 'prev_value': None, 'change': True}
2020-03-17 16:03:22,034 : EventManager : Event: ======'machine_var_audits_switches_s_dmg_6'====== Args={'value': 5, 'prev_value': None, 'change': True}
2020-03-17 16:03:22,034 : EventManager : Event: ======'machine_var_audits_switches_s_dmg_7'====== Args={'value': 7, 'prev_value': None, 'change': True}
2020-03-17 16:03:22,034 : EventManager : Event: ======'machine_var_audits_switches_s_drop_target'====== Args={'value': 91, 'prev_value': None, 'change': True}
2020-03-17 16:03:22,034 : EventManager : Event: ======'machine_var_audits_switches_s_jet_hole'====== Args={'value': 0, 'prev_value': None, 'change': True}
2020-03-17 16:03:22,034 : EventManager : Event: ======'machine_var_audits_switches_s_jet_lane'====== Args={'value': 1, 'prev_value': None, 'change': True}
2020-03-17 16:03:22,034 : EventManager : Event: ======'machine_var_audits_switches_s_kickback'====== Args={'value': 0, 'prev_value': None, 'change': True}
2020-03-17 16:03:22,034 : EventManager : Event: ======'machine_var_audits_switches_s_kickback_target_1'====== Args={'value': 0, 'prev_value': None, 'change': True}
2020-03-17 16:03:22,034 : EventManager : Event: ======'machine_var_audits_switches_s_kickback_target_2'====== Args={'value': 0, 'prev_value': None, 'change': True}
2020-03-17 16:03:22,035 : EventManager : Event: ======'machine_var_audits_switches_s_kickback_target_3'====== Args={'value': 2, 'prev_value': None, 'change': True}
2020-03-17 16:03:22,035 : EventManager : Event: ======'machine_var_audits_switches_s_kickback_terget_1'====== Args={'value': 0, 'prev_value': None, 'change': True}
2020-03-17 16:03:22,035 : EventManager : Event: ======'machine_var_audits_switches_s_left_flipper'====== Args={'value': 72, 'prev_value': None, 'change': True}
2020-03-17 16:03:22,035 : EventManager : Event: ======'machine_var_audits_switches_s_left_hole'====== Args={'value': 0, 'prev_value': None, 'change': True}
2020-03-17 16:03:22,035 : EventManager : Event: ======'machine_var_audits_switches_s_left_inlane'====== Args={'value': 11, 'prev_value': None, 'change': True}
2020-03-17 16:03:22,035 : EventManager : Event: ======'machine_var_audits_switches_s_left_loop_made'====== Args={'value': 23, 'prev_value': None, 'change': True}
2020-03-17 16:03:22,035 : EventManager : Event: ======'machine_var_audits_switches_s_left_loop_pre'====== Args={'value': 1, 'prev_value': None, 'change': True}
2020-03-17 16:03:22,035 : EventManager : Event: ======'machine_var_audits_switches_s_left_mid_inlane'====== Args={'value': 10, 'prev_value': None, 'change': True}
2020-03-17 16:03:22,035 : EventManager : Event: ======'machine_var_audits_switches_s_left_outlane'====== Args={'value': 9, 'prev_value': None, 'change': True}
2020-03-17 16:03:22,035 : EventManager : Event: ======'machine_var_audits_switches_s_left_ramp_made'====== Args={'value': 215, 'prev_value': None, 'change': True}
2020-03-17 16:03:22,035 : EventManager : Event: ======'machine_var_audits_switches_s_left_ramp_pre'====== Args={'value': 2, 'prev_value': None, 'change': True}
2020-03-17 16:03:22,035 : EventManager : Event: ======'machine_var_audits_switches_s_left_slingshot'====== Args={'value': 0, 'prev_value': None, 'change': True}
2020-03-17 16:03:22,036 : EventManager : Event: ======'machine_var_audits_switches_s_lock_1'====== Args={'value': 114, 'prev_value': None, 'change': True}
2020-03-17 16:03:22,036 : EventManager : Event: ======'machine_var_audits_switches_s_lock_2'====== Args={'value': 118, 'prev_value': None, 'change': True}
2020-03-17 16:03:22,036 : EventManager : Event: ======'machine_var_audits_switches_s_lock_3'====== Args={'value': 169, 'prev_value': None, 'change': True}
2020-03-17 16:03:22,036 : EventManager : Event: ======'machine_var_audits_switches_s_magnet_switch'====== Args={'value': 0, 'prev_value': None, 'change': True}
2020-03-17 16:03:22,036 : EventManager : Event: ======'machine_var_audits_switches_s_main_hole'====== Args={'value': 145, 'prev_value': None, 'change': True}
2020-03-17 16:03:22,036 : EventManager : Event: ======'machine_var_audits_switches_s_pen_1'====== Args={'value': 2, 'prev_value': None, 'change': True}
2020-03-17 16:03:22,036 : EventManager : Event: ======'machine_var_audits_switches_s_pen_2'====== Args={'value': 2, 'prev_value': None, 'change': True}
2020-03-17 16:03:22,036 : EventManager : Event: ======'machine_var_audits_switches_s_pen_3'====== Args={'value': 1, 'prev_value': None, 'change': True}
2020-03-17 16:03:22,036 : EventManager : Event: ======'machine_var_audits_switches_s_pen_4'====== Args={'value': 3, 'prev_value': None, 'change': True}
2020-03-17 16:03:22,036 : EventManager : Event: ======'machine_var_audits_switches_s_pen_5'====== Args={'value': 1, 'prev_value': None, 'change': True}
2020-03-17 16:03:22,036 : EventManager : Event: ======'machine_var_audits_switches_s_pen_6'====== Args={'value': 3, 'prev_value': None, 'change': True}
2020-03-17 16:03:22,036 : EventManager : Event: ======'machine_var_audits_switches_s_plunger'====== Args={'value': 645, 'prev_value': None, 'change': True}
2020-03-17 16:03:22,036 : EventManager : Event: ======'machine_var_audits_switches_s_plunger_button'====== Args={'value': 2, 'prev_value': None, 'change': True}
2020-03-17 16:03:22,037 : EventManager : Event: ======'machine_var_audits_switches_s_ricochet_1'====== Args={'value': 25, 'prev_value': None, 'change': True}
2020-03-17 16:03:22,037 : EventManager : Event: ======'machine_var_audits_switches_s_ricochet_2'====== Args={'value': 9, 'prev_value': None, 'change': True}
2020-03-17 16:03:22,037 : EventManager : Event: ======'machine_var_audits_switches_s_ricochet_3'====== Args={'value': 5, 'prev_value': None, 'change': True}
2020-03-17 16:03:22,037 : EventManager : Event: ======'machine_var_audits_switches_s_ricochet_4'====== Args={'value': 6, 'prev_value': None, 'change': True}
2020-03-17 16:03:22,037 : EventManager : Event: ======'machine_var_audits_switches_s_ricochet_5'====== Args={'value': 7, 'prev_value': None, 'change': True}
2020-03-17 16:03:22,037 : EventManager : Event: ======'machine_var_audits_switches_s_right_flipper'====== Args={'value': 700, 'prev_value': None, 'change': True}
2020-03-17 16:03:22,037 : EventManager : Event: ======'machine_var_audits_switches_s_right_hole'====== Args={'value': 26, 'prev_value': None, 'change': True}
2020-03-17 16:03:22,037 : EventManager : Event: ======'machine_var_audits_switches_s_right_inlane'====== Args={'value': 17, 'prev_value': None, 'change': True}
2020-03-17 16:03:22,037 : EventManager : Event: ======'machine_var_audits_switches_s_right_loop_made'====== Args={'value': 5, 'prev_value': None, 'change': True}
2020-03-17 16:03:22,037 : EventManager : Event: ======'machine_var_audits_switches_s_right_loop_pre'====== Args={'value': 2, 'prev_value': None, 'change': True}
2020-03-17 16:03:22,037 : EventManager : Event: ======'machine_var_audits_switches_s_right_outlane'====== Args={'value': 16, 'prev_value': None, 'change': True}
2020-03-17 16:03:22,037 : EventManager : Event: ======'machine_var_audits_switches_s_right_ramp_made'====== Args={'value': 254, 'prev_value': None, 'change': True}
2020-03-17 16:03:22,037 : EventManager : Event: ======'machine_var_audits_switches_s_right_ramp_pre'====== Args={'value': 0, 'prev_value': None, 'change': True}
2020-03-17 16:03:22,038 : EventManager : Event: ======'machine_var_audits_switches_s_right_slingshot'====== Args={'value': 0, 'prev_value': None, 'change': True}
2020-03-17 16:03:22,038 : EventManager : Event: ======'machine_var_audits_switches_s_right_small_ramp'====== Args={'value': 0, 'prev_value': None, 'change': True}
2020-03-17 16:03:22,038 : EventManager : Event: ======'machine_var_audits_switches_s_side_hole'====== Args={'value': 192, 'prev_value': None, 'change': True}
2020-03-17 16:03:22,046 : EventManager : Event: ======'machine_var_audits_switches_s_side_ramp_made'====== Args={'value': 171, 'prev_value': None, 'change': True}
2020-03-17 16:03:22,047 : EventManager : Event: ======'machine_var_audits_switches_s_side_ramp_pre'====== Args={'value': 2, 'prev_value': None, 'change': True}
2020-03-17 16:03:22,047 : EventManager : Event: ======'machine_var_audits_switches_s_start'====== Args={'value': 15, 'prev_value': None, 'change': True}
2020-03-17 16:03:22,047 : EventManager : Event: ======'machine_var_audits_switches_s_torpedo'====== Args={'value': 109, 'prev_value': None, 'change': True}
2020-03-17 16:03:22,047 : EventManager : Event: ======'machine_var_audits_switches_s_torpedo_lane'====== Args={'value': 2, 'prev_value': None, 'change': True}
2020-03-17 16:03:22,047 : EventManager : Event: ======'machine_var_audits_switches_s_trough1'====== Args={'value': 17, 'prev_value': None, 'change': True}
2020-03-17 16:03:22,047 : EventManager : Event: ======'machine_var_audits_switches_s_trough2'====== Args={'value': 9, 'prev_value': None, 'change': True}
2020-03-17 16:03:22,047 : EventManager : Event: ======'machine_var_audits_switches_s_trough3'====== Args={'value': 12, 'prev_value': None, 'change': True}
2020-03-17 16:03:22,047 : EventManager : Event: ======'machine_var_audits_switches_s_trough4'====== Args={'value': 3, 'prev_value': None, 'change': True}
2020-03-17 16:03:22,047 : EventManager : Event: ======'machine_var_audits_switches_s_trough5'====== Args={'value': 0, 'prev_value': None, 'change': True}
2020-03-17 16:03:22,047 : EventManager : Event: ======'machine_var_audits_switches_s_trough6'====== Args={'value': 1, 'prev_value': None, 'change': True}
2020-03-17 16:03:22,047 : EventManager : Event: ======'machine_var_audits_switches_s_trough_jam'====== Args={'value': 0, 'prev_value': None, 'change': True}
2020-03-17 16:03:22,080 : EventManager : Event: ======'mc_reset_phase_1'====== Args={}
2020-03-17 16:03:22,080 : EventManager : Event: ======'mc_reset_phase_2'====== Args={}
2020-03-17 16:03:22,080 : EventManager : Event: ======'mc_reset_phase_3'====== Args={}
2020-03-17 16:03:22,080 : EventManager : Event: ======'mc_reset_complete'====== Args={}
2020-03-17 16:21:35,548 : kivy : WindowSDL: exiting mainloop and closing.
2020-03-17 16:21:35,636 : kivy : Base: Leaving application in progress...
2020-03-17 16:21:35,637 : mpfmc : Stopping...
2020-03-17 16:21:35,637 : EventManager : Event: ======'shutdown'====== Args={}
2020-03-17 16:21:35,637 : mpfmc : Loop rate 59.36 Hz
2020-03-17 16:21:35,637 : kivy : MC run loop ended.
2020-03-17 16:21:35,637 : kivy : Stopping child threads... (3 remaining)
2020-03-17 16:21:36,536 : mpfmc : Stopping...
2020-03-17 16:21:36,537 : EventManager : Event: ======'shutdown'====== Args={}
2020-03-17 16:21:36,537 : mpfmc : Loop rate 59.31 Hz
2020-03-17 16:21:36,539 : MPF-MC BCP Server : Stopping BCP sending thread
2020-03-17 16:21:36,541 : kivy : All child threads stopped.
