2020-07-08 16:24:16,387 : kivy : Factory: 184 symbols loaded
2020-07-08 16:24:16,491 : kivy : ImageLoaderFFPy: Using ffpyplayer 4.3.1
2020-07-08 16:24:16,492 : kivy : Image: Providers: img_tex, img_dds, img_sdl2, img_pil, img_ffpyplayer, img_gif 
2020-07-08 16:24:16,538 : kivy : VideoGstplayer: Using Gstreamer 1.16.0.0
2020-07-08 16:24:16,538 : kivy : Video: Provider: gstplayer
2020-07-08 16:24:16,604 : kivy : Loading MPF-MC controller
2020-07-08 16:24:16,607 : YamlMultifileConfigLoader : Machine config file #1: config
2020-07-08 16:24:16,607 : ConfigProcessor : Config file in cache changed: E:\MPF\wows\wows\config\config
2020-07-08 16:24:16,607 : ConfigProcessor : Loading config from file c:\users\schol\appdata\local\programs\python\python36\lib\site-packages\mpfmc\mcconfig.yaml.
2020-07-08 16:24:16,645 : ConfigProcessor : Loading config: c:\users\schol\appdata\local\programs\python\python36\lib\site-packages\mpfmc\mcconfig.yaml
2020-07-08 16:24:16,646 : ConfigProcessor : Loading config from file E:\MPF\wows\wows\config\config.
2020-07-08 16:24:16,807 : ConfigProcessor : Loading config: E:\MPF\wows\wows\config\config
2020-07-08 16:24:16,810 : ConfigProcessor : Config file cache created: C:\Users\schol\AppData\Local\Temp\051200dc57c22661ccd061bb2017f3a6.mpf_cache
2020-07-08 16:24:16,810 : ConfigProcessor : Loading config from cache: C:\Users\schol\AppData\Local\Temp\d7d60495530237b374578b281bb65f31.mpf_cache
2020-07-08 16:24:16,811 : ConfigProcessor : Loading config from cache: C:\Users\schol\AppData\Local\Temp\cd9adc04f71a18563c8a43d82180f6f2.mpf_cache
2020-07-08 16:24:16,811 : ConfigProcessor : Loading config from cache: C:\Users\schol\AppData\Local\Temp\d7d60495530237b374578b281bb65f31.mpf_cache
2020-07-08 16:24:16,812 : ConfigProcessor : Loading config from cache: C:\Users\schol\AppData\Local\Temp\4bea832e3562a43fbe38f9764d71c298.mpf_cache
2020-07-08 16:24:16,812 : ConfigProcessor : Config file in cache changed: E:\MPF\wows\wows\modes\match\config\match.yaml
2020-07-08 16:24:16,812 : ConfigProcessor : Loading config from file c:\users\schol\appdata\local\programs\python\python36\lib\site-packages\mpf\modes\match\config\match.yaml.
2020-07-08 16:24:16,814 : ConfigProcessor : Loading config: c:\users\schol\appdata\local\programs\python\python36\lib\site-packages\mpf\modes\match\config\match.yaml
2020-07-08 16:24:16,814 : ConfigProcessor : Loading config from file E:\MPF\wows\wows\modes\match\config\match.yaml.
