2020-02-05 16:36:02,911 : kivy : Factory: 184 symbols loaded
2020-02-05 16:36:03,039 : kivy : Image: Providers: img_tex, img_dds, img_sdl2, img_pil, img_gif (img_ffpyplayer ignored)
2020-02-05 16:36:03,107 : kivy : VideoGstplayer: Using Gstreamer 1.16.0.0
2020-02-05 16:36:03,108 : kivy : Video: Provider: gstplayer
2020-02-05 16:36:03,171 : kivy : Loading MPF-MC controller
2020-02-05 16:36:03,171 : mpfmc : Mission Pinball Framework Media Controller v0.53.0-dev.15
2020-02-05 16:36:03,172 : mpfmc : Mission Pinball Framework Game Engine v0.53.0-dev.68
2020-02-05 16:36:03,172 : mpfmc : Machine path: E:\mpf\wows\wows
2020-02-05 16:36:03,173 : ConfigProcessor : Config file in cache changed: E:\mpf\wows\wows\config\config
2020-02-05 16:36:03,173 : ConfigProcessor : Loading config from file c:\users\schol\appdata\local\programs\python\python36\lib\site-packages\mpfmc\mcconfig.yaml.
2020-02-05 16:36:03,216 : ConfigProcessor : Loading config: c:\users\schol\appdata\local\programs\python\python36\lib\site-packages\mpfmc\mcconfig.yaml
2020-02-05 16:36:03,223 : ConfigProcessor : Loading config from file E:\mpf\wows\wows\config\config.
2020-02-05 16:36:03,309 : ConfigProcessor : Loading config: E:\mpf\wows\wows\config\config
2020-02-05 16:36:03,311 : ConfigProcessor : Config file cache created: C:\Users\schol\AppData\Local\Temp\398a03908486e3c8525902f452489fb5.mpf_cache
2020-02-05 16:36:03,311 : mpfmc : Starting clock at 60.0Hz
2020-02-05 16:36:03,323 : kivy : Text: Provider: sdl2
2020-02-05 16:36:03,358 : kivy : Window: Provider: sdl2
2020-02-05 16:36:03,790 : kivy : GL: Using the "OpenGL" graphics system
2020-02-05 16:36:03,796 : kivy : GL: GLEW initialization succeeded
2020-02-05 16:36:03,796 : kivy : GL: Backend used <glew>
2020-02-05 16:36:03,796 : kivy : GL: OpenGL version <b'4.6.0 NVIDIA 432.00'>
2020-02-05 16:36:03,796 : kivy : GL: OpenGL vendor <b'NVIDIA Corporation'>
2020-02-05 16:36:03,796 : kivy : GL: OpenGL renderer <b'GeForce GTX 1060 6GB/PCIe/SSE2'>
2020-02-05 16:36:03,797 : kivy : GL: OpenGL parsed version: 4, 6
2020-02-05 16:36:03,797 : kivy : GL: Shading version <b'4.60 NVIDIA'>
2020-02-05 16:36:03,797 : kivy : GL: Texture max size <32768>
2020-02-05 16:36:03,797 : kivy : GL: Texture max units <32>
2020-02-05 16:36:03,813 : kivy : Window: auto add sdl2 input provider
2020-02-05 16:36:03,814 : kivy : Window: virtual keyboard not allowed, single mode, not docked
2020-02-05 16:36:03,821 : SoundSystem : SoundSystem: Using default 'sound_system' settings
2020-02-05 16:36:04,031 : AudioInterface : Initialized
2020-02-05 16:36:04,032 : SoundSystem : No audio tracks are specified in your machine config file. a track named 'default' has been created.
2020-02-05 16:36:04,033 : kivy : Base: Start application main loop
2020-02-05 16:36:04,035 : EventManager : Event: ======'display_window_initialized'====== Args={}
2020-02-05 16:36:04,035 : EventManager : Event: ======'display_dmd_initialized'====== Args={}
2020-02-05 16:36:04,093 : mpfmc : Display: Setting 'dmd' as default display
2020-02-05 16:36:04,099 : EventManager : Event: ======'displays_initialized'====== Args={}
2020-02-05 16:36:04,100 : EventManager : Event: ======'slide_window_blank_created'====== Args={}
2020-02-05 16:36:04,101 : EventManager : Event: ======'display_window_ready'====== Args={}
2020-02-05 16:36:04,101 : EventManager : Event: ======'slide_dmd_blank_created'====== Args={}
2020-02-05 16:36:04,101 : EventManager : Event: ======'display_dmd_ready'====== Args={}
2020-02-05 16:36:04,110 : EventManager : Event: ======'init_phase_1'====== Args={}
2020-02-05 16:36:04,113 : EventManager : Event: ======'mc_ready'====== Args={}
2020-02-05 16:36:04,113 : EventManager : Event: ======'init_phase_2'====== Args={}
2020-02-05 16:36:04,114 : ConfigProcessor : Loading config from cache: C:\Users\schol\AppData\Local\Temp\6e6d4708a613edd7635d35a6961997f3.mpf_cache
2020-02-05 16:36:04,115 : ConfigProcessor : Loading config from cache: C:\Users\schol\AppData\Local\Temp\f9a57b3955e1480227d6e8589f6567c4.mpf_cache
2020-02-05 16:36:04,115 : ConfigProcessor : Loading config from cache: C:\Users\schol\AppData\Local\Temp\5c4497fcd69d1d656c4b69a28e44c490.mpf_cache
2020-02-05 16:36:04,116 : ConfigProcessor : Loading config from cache: C:\Users\schol\AppData\Local\Temp\4aeaa69609f53d9b71d1dbbedd434b0b.mpf_cache
2020-02-05 16:36:04,116 : ConfigProcessor : Loading config from cache: C:\Users\schol\AppData\Local\Temp\1068177614fe5a40fc2c1e1b0504468c.mpf_cache
2020-02-05 16:36:04,116 : ConfigProcessor : Loading config from cache: C:\Users\schol\AppData\Local\Temp\97f63c0afcbce8d9df7044fccf1035a4.mpf_cache
2020-02-05 16:36:04,121 : ConfigProcessor : Loading config from cache: C:\Users\schol\AppData\Local\Temp\1e6cc6775e87a3e14ded8d45fd065b10.mpf_cache
2020-02-05 16:36:04,122 : ConfigProcessor : Loading config from cache: C:\Users\schol\AppData\Local\Temp\d5fd805c5432c1441bf01a6268536a3d.mpf_cache
2020-02-05 16:36:04,122 : ConfigProcessor : Loading config from cache: C:\Users\schol\AppData\Local\Temp\a6527a592b6034dbfea56fdf726c3822.mpf_cache
2020-02-05 16:36:04,122 : EventManager : Event: ======'init_phase_3'====== Args={}
2020-02-05 16:36:04,123 : AssetManager : Registering Asset: C_Prog100, File: C_Prog100.jpg, Default Group: default, Final Config: {'load': 'preload', 'file': 'E:\\mpf\\wows\\wows\\images\\C_Prog100.jpg'}
2020-02-05 16:36:04,123 : AssetManager : Registering Asset: mode_1_shot_made, File: mode_1_shot_made.gif, Default Group: default, Final Config: {'load': 'preload', 'file': 'E:\\mpf\\wows\\wows\\modes\\mode_1\\images\\mode_1_shot_made.gif'}
2020-02-05 16:36:04,124 : EventManager : Event: ======'init_phase_4'====== Args={}
2020-02-05 16:36:04,124 : EventManager : Event: ======'init_phase_5'====== Args={}
2020-02-05 16:36:04,193 : EventManager : Event: ======'loading_assets'====== Args={'total': 2, 'loaded': 1, 'remaining': 1, 'percent': 50}
2020-02-05 16:36:04,193 : AssetManager : Loading assets: 1/2 (50%)
2020-02-05 16:36:04,193 : EventManager : Event: ======'loading_assets'====== Args={'total': 2, 'loaded': 2, 'remaining': 0, 'percent': 100}
2020-02-05 16:36:04,193 : AssetManager : Asset loading took: 0.16157889366149902
2020-02-05 16:36:04,193 : EventManager : Event: ======'asset_loading_complete'====== Args={}
2020-02-05 16:36:04,193 : AssetManager : Loading assets: 2/2 (100%)
2020-02-05 16:36:04,193 : EventManager : Event: ======'init_done'====== Args={}
2020-02-05 16:36:04,193 : MPF-MC BCP Server : Starting up on localhost port 5050
2020-02-05 16:36:04,197 : MPF-MC BCP Server : Waiting for a connection...
2020-02-05 16:36:04,197 : mpfmc : SlidePlayer: Play called with settings={'slides': {welcome_slide-None-None: {'target': 'window', 'priority': None, 'background_color': [0.0, 0.0, 0.0, 1.0], 'show': True, 'force': False, 'expire': None, 'slide': None, 'tokens': {}, 'action': 'play', 'transition': None, 'transition_out': None}}}
2020-02-05 16:36:04,199 : kivy : GL: NPOT texture support is available
2020-02-05 16:36:04,214 : EventManager : Event: ======'slide_welcome_slide_created'====== Args={}
2020-02-05 16:36:04,225 : EventManager : Event: ======'slide_welcome_slide_active'====== Args={}
2020-02-05 16:36:04,297 : EventManager : Event: ======'client_disconnected'====== Args={'host': '127.0.0.1', 'port': 5050}
2020-02-05 16:36:07,751 : kivy : WindowSDL: exiting mainloop and closing.
2020-02-05 16:36:07,863 : kivy : Base: Leaving application in progress...
2020-02-05 16:36:07,863 : mpfmc : Stopping...
2020-02-05 16:36:07,865 : EventManager : Event: ======'shutdown'====== Args={}
2020-02-05 16:36:07,865 : mpfmc : Loop rate 55.59 Hz
2020-02-05 16:36:07,865 : kivy : MC run loop ended.
2020-02-05 16:36:07,865 : kivy : Stopping child threads... (3 remaining)
2020-02-05 16:36:08,200 : MPF-MC BCP Server : Stopping BCP sending thread
2020-02-05 16:36:08,202 : MPF-MC BCP Server : Stopping BCP listener thread
2020-02-05 16:36:08,266 : kivy : All child threads stopped.
