2020-04-09 10:00:54,195 : INFO : Machine : Mission Pinball Framework Core Engine v0.53.2
2020-04-09 10:00:54,195 : INFO : Machine : Command line arguments: {'no_load_cache': False, 'create_config_cache': True, 'bcp': True, 'configfile': ['config.yaml'], 'mpfconfigfile': 'c:\\users\\schol\\appdata\\local\\programs\\python\\python36\\lib\\site-packages\\mpf\\mpfconfig.yaml', 'force_assets_load': False, 'jsonlogging': False, 'logfile': 'logs\\2020-04-09-10-00-54-mpf-DESKTOP-FPTMTCL.log', 'pause': False, 'production': False, 'text_ui': True, 'loglevel': 15, 'consoleloglevel': 20, 'force_platform': 'smart_virtual', 'syslog_address': None, 'mc_file_name': None, 'no_sound': False}
2020-04-09 10:00:54,195 : INFO : Machine : MPF path: c:\users\schol\appdata\local\programs\python\python36\lib\site-packages\mpf
2020-04-09 10:00:54,195 : INFO : Machine : Machine path: E:\MPF\wows\wows
2020-04-09 10:00:54,195 : INFO : Machine : Platform: win32
2020-04-09 10:00:54,195 : INFO : Machine : Python executable location: c:\users\schol\appdata\local\programs\python\python36\python.exe
2020-04-09 10:00:54,195 : INFO : Machine : Python version: 3.6.4 (64-bit)
2020-04-09 10:00:54,195 : INFO : Machine : Machine config file #1: config.yaml
2020-04-09 10:00:54,197 : INFO : ConfigProcessor : Loading config from cache: C:\Users\schol\AppData\Local\Temp\1ed54315bc874a19390ba34e1a0f1800.mpf_cache
2020-04-09 10:00:54,204 : INFO : Machine : Initialise MPF.
2020-04-09 10:00:54,704 : INFO : EventManager : Event: ======'machine_var_credits_string'====== Args={'value': 'FREE PLAY', 'prev_value': None, 'change': True}
2020-04-09 10:00:54,770 : INFO : EventManager : Event: ======'machine_var_player1_score'====== Args={'value': 0, 'prev_value': None, 'change': True}
2020-04-09 10:00:54,770 : INFO : EventManager : Event: ======'machine_var_mpf_version'====== Args={'value': 'MPF v0.53.2', 'prev_value': None, 'change': True}
2020-04-09 10:00:54,770 : INFO : EventManager : Event: ======'machine_var_mpf_extended_version'====== Args={'value': 'MPF v0.53.2, Config version:5, Show version: 5, BCP version:1.1', 'prev_value': None, 'change': True}
2020-04-09 10:00:54,770 : INFO : EventManager : Event: ======'machine_var_python_version'====== Args={'value': '3.6.4', 'prev_value': None, 'change': True}
2020-04-09 10:00:54,771 : INFO : EventManager : Event: ======'machine_var_platform'====== Args={'value': 'Windows-10-10.0.18362-SP0', 'prev_value': None, 'change': True}
2020-04-09 10:00:54,771 : INFO : EventManager : Event: ======'machine_var_platform_system'====== Args={'value': 'Windows', 'prev_value': None, 'change': True}
2020-04-09 10:00:54,771 : INFO : EventManager : Event: ======'machine_var_platform_release'====== Args={'value': '10', 'prev_value': None, 'change': True}
2020-04-09 10:00:54,771 : INFO : EventManager : Event: ======'machine_var_platform_version'====== Args={'value': '10.0.18362', 'prev_value': None, 'change': True}
2020-04-09 10:00:54,771 : INFO : EventManager : Event: ======'machine_var_platform_machine'====== Args={'value': 'AMD64', 'prev_value': None, 'change': True}
2020-04-09 10:00:54,771 : INFO : EventManager : Event: ======'init_phase_1'====== Args={}
2020-04-09 10:00:54,960 : INFO : ConfigProcessor : Loading config from cache: C:\Users\schol\AppData\Local\Temp\1ff29be1d22fb14fe5fd1c82a6918df4.mpf_cache
2020-04-09 10:00:54,967 : INFO : ConfigProcessor : Loading config from cache: C:\Users\schol\AppData\Local\Temp\7c1900736275ba8a713cfe77e991e929.mpf_cache
2020-04-09 10:00:54,973 : INFO : ConfigProcessor : Loading config from cache: C:\Users\schol\AppData\Local\Temp\93429a2a8e0859f6546b68f40c2a4656.mpf_cache
2020-04-09 10:00:54,980 : INFO : ConfigProcessor : Loading config from cache: C:\Users\schol\AppData\Local\Temp\95ae88fb094583fa2b4097c6df179650.mpf_cache
2020-04-09 10:00:54,997 : INFO : ConfigProcessor : Loading config from cache: C:\Users\schol\AppData\Local\Temp\db3d1ab92e5d5c563b40d82372434517.mpf_cache
2020-04-09 10:00:55,004 : INFO : ConfigProcessor : Loading config from cache: C:\Users\schol\AppData\Local\Temp\efcf079e5af2b94e88dae4e07273acc8.mpf_cache
2020-04-09 10:00:55,011 : INFO : ConfigProcessor : Loading config from cache: C:\Users\schol\AppData\Local\Temp\e8fceecd8f65a6a7269e98c7961bbf6a.mpf_cache
2020-04-09 10:00:55,017 : INFO : ConfigProcessor : Loading config from cache: C:\Users\schol\AppData\Local\Temp\466eddfec572894d9eb472ce07aa5fba.mpf_cache
2020-04-09 10:00:55,023 : INFO : ConfigProcessor : Loading config from cache: C:\Users\schol\AppData\Local\Temp\dec453850496132f8dddcdfa0a36feb5.mpf_cache
2020-04-09 10:00:55,029 : INFO : ConfigProcessor : Loading config from cache: C:\Users\schol\AppData\Local\Temp\5ab98d4be1e8de85bea62364890eb2e9.mpf_cache
2020-04-09 10:00:55,035 : INFO : ConfigProcessor : Loading config from cache: C:\Users\schol\AppData\Local\Temp\4303dca7489148da2d256fc831cf8c96.mpf_cache
2020-04-09 10:00:55,041 : INFO : ConfigProcessor : Loading config from cache: C:\Users\schol\AppData\Local\Temp\5c4497fcd69d1d656c4b69a28e44c490.mpf_cache
2020-04-09 10:00:55,053 : INFO : ConfigProcessor : Loading config from cache: C:\Users\schol\AppData\Local\Temp\159a0b7ffc6de2ed1a8cdcd57b7df3c0.mpf_cache
2020-04-09 10:00:55,060 : INFO : ConfigProcessor : Loading config from cache: C:\Users\schol\AppData\Local\Temp\c84d6d08bf6f923cbcccfeeea02d2c8a.mpf_cache
2020-04-09 10:00:55,066 : INFO : ConfigProcessor : Loading config from cache: C:\Users\schol\AppData\Local\Temp\72e9fea1cb562e40024eb5e8538ccaf2.mpf_cache
2020-04-09 10:00:55,073 : INFO : ConfigProcessor : Loading config from cache: C:\Users\schol\AppData\Local\Temp\200a9b2dddbe7706ffb4c4426b6d54a8.mpf_cache
2020-04-09 10:00:55,080 : INFO : ConfigProcessor : Loading config from cache: C:\Users\schol\AppData\Local\Temp\95e265efe14e4eb05d8d5c5689c9ae6b.mpf_cache
2020-04-09 10:00:55,087 : INFO : ConfigProcessor : Loading config from cache: C:\Users\schol\AppData\Local\Temp\d5fd805c5432c1441bf01a6268536a3d.mpf_cache
2020-04-09 10:00:55,098 : INFO : ConfigProcessor : Loading config from cache: C:\Users\schol\AppData\Local\Temp\ba047bbdc168fca96d58d351c4240916.mpf_cache
2020-04-09 10:00:55,106 : INFO : ConfigProcessor : Loading config from cache: C:\Users\schol\AppData\Local\Temp\2f89b2ab1d9f3cef79a660914b2a527a.mpf_cache
2020-04-09 10:00:55,113 : INFO : ConfigProcessor : Loading config from cache: C:\Users\schol\AppData\Local\Temp\0c80ca2179989d09b86c78c19ec87d9b.mpf_cache
2020-04-09 10:00:55,120 : INFO : ConfigProcessor : Loading config from cache: C:\Users\schol\AppData\Local\Temp\de2d3fc178b15ce3807fa4ab35b9c965.mpf_cache
2020-04-09 10:00:55,128 : INFO : ConfigProcessor : Loading config from cache: C:\Users\schol\AppData\Local\Temp\b1234e2c44a33609dc2af4760c4a3f89.mpf_cache
2020-04-09 10:00:55,137 : INFO : ConfigProcessor : Loading config from cache: C:\Users\schol\AppData\Local\Temp\b0de444617e3bf30a07f755a6d4831cc.mpf_cache
2020-04-09 10:00:55,178 : INFO : EventManager : Event: ======'main_state'====== Args={}
2020-04-09 10:00:55,179 : INFO : EventManager : Event: ======'lock_lit_started'====== Args={}
2020-04-09 10:00:55,179 : INFO : EventManager : Event: ======'disable_mode'====== Args={}
2020-04-09 10:00:55,179 : INFO : EventManager : Event: ======'multiball_inactive'====== Args={}
2020-04-09 10:00:55,179 : INFO : EventManager : Event: ======'lite_detonation_start'====== Args={}
2020-04-09 10:00:55,179 : WARNING : Mode.mode_lit : Can only start mode mode_lit during a game. Aborting start.
2020-04-09 10:00:55,179 : WARNING : Mode.confederate : Can only start mode confederate during a game. Aborting start.
2020-04-09 10:00:55,179 : WARNING : Mode.value_manager : Can only start mode value_manager during a game. Aborting start.
2020-04-09 10:00:55,179 : WARNING : Mode.battle_manager : Can only start mode battle_manager during a game. Aborting start.
2020-04-09 10:00:55,179 : WARNING : Mode.hc_lock_lit : Can only start mode hc_lock_lit during a game. Aborting start.
2020-04-09 10:00:55,180 : INFO : EventManager : Event: ======'init_phase_2'====== Args={}
2020-04-09 10:00:55,181 : INFO : SwitchController : Found active switch: ('2', <Platform.SmartVirtual>)
2020-04-09 10:00:55,181 : INFO : SwitchController : Found active switch: ('3', <Platform.SmartVirtual>)
2020-04-09 10:00:55,181 : INFO : SwitchController : Found active switch: ('4', <Platform.SmartVirtual>)
2020-04-09 10:00:55,181 : INFO : SwitchController : Found active switch: ('5', <Platform.SmartVirtual>)
2020-04-09 10:00:55,181 : INFO : SwitchController : Found active switch: ('6', <Platform.SmartVirtual>)
2020-04-09 10:00:55,181 : INFO : SwitchController : Found active switch: ('7', <Platform.SmartVirtual>)
2020-04-09 10:00:55,194 : INFO : EventManager : Event: ======'bcp_connection_attempt'====== Args={'name': 'local_display', 'host': 'localhost', 'port': 5050}
2020-04-09 10:00:55,195 : INFO : BCPClientSocket : Connecting BCP to 'local_display' at localhost:5050...
2020-04-09 10:01:01,322 : INFO : BCPClientSocket : Connected BCP to 'local_display' localhost:5050
2020-04-09 10:01:01,323 : INFO : EventManager : Event: ======'bcp_clients_connected'====== Args={}
2020-04-09 10:01:01,332 : INFO : EventManager : Event: ======'machine_var_mc_version'====== Args={'value': 'MPF-MC v0.53.0', 'prev_value': None, 'change': True}
2020-04-09 10:01:01,332 : INFO : EventManager : Event: ======'machine_var_mc_extended_version'====== Args={'value': 'MPF-MC v0.53.0 (config_version=5, BCP v1.1, Requires MPF v0.53.0)', 'prev_value': None, 'change': True}
2020-04-09 10:01:01,334 : INFO : EventManager : Event: ======'machine_var_master_volume'====== Args={'value': 0.5, 'prev_value': None, 'change': True}
2020-04-09 10:01:01,438 : INFO : EventManager : Event: ======'init_phase_3'====== Args={}
2020-04-09 10:01:01,495 : INFO : AssetManager : Registering Asset: mode_countdown, File: mode_countdown.yaml, Default Group: default, Final Config: {'load': 'preload', 'file': 'E:\\MPF\\wows\\wows\\shows\\mode_countdown.yaml'}
2020-04-09 10:01:01,495 : INFO : AssetManager : Registering Asset: sh_container_ball, File: sh_container_ball.yaml, Default Group: default, Final Config: {'load': 'preload', 'file': 'E:\\MPF\\wows\\wows\\shows\\sh_container_ball.yaml'}
2020-04-09 10:01:01,495 : INFO : AssetManager : Registering Asset: sh_container_dmg, File: sh_container_dmg.yaml, Default Group: default, Final Config: {'load': 'preload', 'file': 'E:\\MPF\\wows\\wows\\shows\\sh_container_dmg.yaml'}
2020-04-09 10:01:01,496 : INFO : AssetManager : Registering Asset: sh_container_jet, File: sh_container_jet.yaml, Default Group: default, Final Config: {'load': 'preload', 'file': 'E:\\MPF\\wows\\wows\\shows\\sh_container_jet.yaml'}
2020-04-09 10:01:01,496 : INFO : AssetManager : Registering Asset: sh_container_time, File: sh_container_time.yaml, Default Group: default, Final Config: {'load': 'preload', 'file': 'E:\\MPF\\wows\\wows\\shows\\sh_container_time.yaml'}
2020-04-09 10:01:01,496 : INFO : AssetManager : Registering Asset: sh_container_x, File: sh_container_x.yaml, Default Group: default, Final Config: {'load': 'preload', 'file': 'E:\\MPF\\wows\\wows\\shows\\sh_container_x.yaml'}
2020-04-09 10:01:01,496 : INFO : AssetManager : Registering Asset: sh_container_xp, File: sh_container_xp.yaml, Default Group: default, Final Config: {'load': 'preload', 'file': 'E:\\MPF\\wows\\wows\\shows\\sh_container_xp.yaml'}
2020-04-09 10:01:01,496 : INFO : AssetManager : Registering Asset: sh_mode_1_shot_made, File: sh_mode_1_shot_made.yaml, Default Group: default, Final Config: {'load': 'preload', 'file': 'E:\\MPF\\wows\\wows\\shows\\sh_mode_1_shot_made.yaml'}
2020-04-09 10:01:01,496 : INFO : AssetManager : Registering Asset: sh_mode_1_start, File: sh_mode_1_start.yaml, Default Group: default, Final Config: {'load': 'preload', 'file': 'E:\\MPF\\wows\\wows\\shows\\sh_mode_1_start.yaml'}
2020-04-09 10:01:01,496 : INFO : AssetManager : Registering Asset: sh_mode_2_start, File: sh_mode_2_start.yaml, Default Group: default, Final Config: {'load': 'preload', 'file': 'E:\\MPF\\wows\\wows\\shows\\sh_mode_2_start.yaml'}
2020-04-09 10:01:01,496 : INFO : AssetManager : Registering Asset: sh_mode_3_shot_made, File: sh_mode_3_shot_made.yaml, Default Group: default, Final Config: {'load': 'preload', 'file': 'E:\\MPF\\wows\\wows\\shows\\sh_mode_3_shot_made.yaml'}
2020-04-09 10:01:01,496 : INFO : AssetManager : Registering Asset: sh_mode_3_start, File: sh_mode_3_start.yaml, Default Group: default, Final Config: {'load': 'preload', 'file': 'E:\\MPF\\wows\\wows\\shows\\sh_mode_3_start.yaml'}
2020-04-09 10:01:01,496 : INFO : AssetManager : Registering Asset: sh_mode_4_shot_made, File: sh_mode_4_shot_made.yaml, Default Group: default, Final Config: {'load': 'preload', 'file': 'E:\\MPF\\wows\\wows\\shows\\sh_mode_4_shot_made.yaml'}
2020-04-09 10:01:01,496 : INFO : AssetManager : Registering Asset: sh_mode_4_start, File: sh_mode_4_start.yaml, Default Group: default, Final Config: {'load': 'preload', 'file': 'E:\\MPF\\wows\\wows\\shows\\sh_mode_4_start.yaml'}
2020-04-09 10:01:01,496 : INFO : AssetManager : Registering Asset: sh_mode_5_shot_made, File: sh_mode_5_shot_made.yaml, Default Group: default, Final Config: {'load': 'preload', 'file': 'E:\\MPF\\wows\\wows\\shows\\sh_mode_5_shot_made.yaml'}
2020-04-09 10:01:01,496 : INFO : AssetManager : Registering Asset: sh_mode_5_start, File: sh_mode_5_start.yaml, Default Group: default, Final Config: {'load': 'preload', 'file': 'E:\\MPF\\wows\\wows\\shows\\sh_mode_5_start.yaml'}
2020-04-09 10:01:01,496 : INFO : AssetManager : Registering Asset: sh_mode_6_shot_made, File: sh_mode_6_shot_made.yaml, Default Group: default, Final Config: {'load': 'preload', 'file': 'E:\\MPF\\wows\\wows\\shows\\sh_mode_6_shot_made.yaml'}
2020-04-09 10:01:01,496 : INFO : AssetManager : Registering Asset: sh_mode_6_start, File: sh_mode_6_start.yaml, Default Group: default, Final Config: {'load': 'preload', 'file': 'E:\\MPF\\wows\\wows\\shows\\sh_mode_6_start.yaml'}
2020-04-09 10:01:01,496 : INFO : AssetManager : Registering Asset: sh_mode_7_shot_made, File: sh_mode_7_shot_made.yaml, Default Group: default, Final Config: {'load': 'preload', 'file': 'E:\\MPF\\wows\\wows\\shows\\sh_mode_7_shot_made.yaml'}
2020-04-09 10:01:01,496 : INFO : AssetManager : Registering Asset: sh_mode_7_start, File: sh_mode_7_start.yaml, Default Group: default, Final Config: {'load': 'preload', 'file': 'E:\\MPF\\wows\\wows\\shows\\sh_mode_7_start.yaml'}
2020-04-09 10:01:01,496 : INFO : AssetManager : Registering Asset: sh_mode_8_shot_made, File: sh_mode_8_shot_made.yaml, Default Group: default, Final Config: {'load': 'preload', 'file': 'E:\\MPF\\wows\\wows\\shows\\sh_mode_8_shot_made.yaml'}
2020-04-09 10:01:01,496 : INFO : AssetManager : Registering Asset: sh_mode_8_start, File: sh_mode_8_start.yaml, Default Group: default, Final Config: {'load': 'preload', 'file': 'E:\\MPF\\wows\\wows\\shows\\sh_mode_8_start.yaml'}
2020-04-09 10:01:01,496 : INFO : AssetManager : Registering Asset: sh_mode_9_shot_made, File: sh_mode_9_shot_made.yaml, Default Group: default, Final Config: {'load': 'preload', 'file': 'E:\\MPF\\wows\\wows\\shows\\sh_mode_9_shot_made.yaml'}
2020-04-09 10:01:01,496 : INFO : AssetManager : Registering Asset: sh_mode_9_start, File: sh_mode_9_start.yaml, Default Group: default, Final Config: {'load': 'preload', 'file': 'E:\\MPF\\wows\\wows\\shows\\sh_mode_9_start.yaml'}
2020-04-09 10:01:01,497 : INFO : AssetManager : Registering Asset: sh_start_hc_multiball, File: sh_start_hc_multiball.yaml, Default Group: default, Final Config: {'load': 'preload', 'file': 'E:\\MPF\\wows\\wows\\shows\\sh_start_hc_multiball.yaml'}
2020-04-09 10:01:01,523 : INFO : ConfigProcessor : Loading config from cache: C:\Users\schol\AppData\Local\Temp\6d62665f0d27f04673542af594d4fd9b.mpf_cache
2020-04-09 10:01:01,529 : INFO : EventManager : Event: ======'loading_assets'====== Args={'total': 25, 'loaded': 1, 'remaining': 24, 'percent': 4}
2020-04-09 10:01:01,529 : INFO : AssetManager : Loading assets: 1/25 (4%)
2020-04-09 10:01:01,535 : INFO : ConfigProcessor : Loading config from cache: C:\Users\schol\AppData\Local\Temp\804b9a1ad2b0368c8378a1697de79431.mpf_cache
2020-04-09 10:01:01,541 : INFO : ConfigProcessor : Loading config from cache: C:\Users\schol\AppData\Local\Temp\3f05176740ce9b1ce630d9f26057f472.mpf_cache
2020-04-09 10:01:01,547 : INFO : ConfigProcessor : Loading config from cache: C:\Users\schol\AppData\Local\Temp\d75c6855c6bfc342a42171d44ee55d0f.mpf_cache
2020-04-09 10:01:01,553 : INFO : ConfigProcessor : Loading config from cache: C:\Users\schol\AppData\Local\Temp\add867c5df761e1504adb97d6f9bf236.mpf_cache
2020-04-09 10:01:01,559 : INFO : ConfigProcessor : Loading config from cache: C:\Users\schol\AppData\Local\Temp\c03af884f77fd2edff48f1f1b29a0001.mpf_cache
2020-04-09 10:01:01,566 : INFO : ConfigProcessor : Loading config from cache: C:\Users\schol\AppData\Local\Temp\125cf4d7d8d0f7b14ac4e9b5c5fc6dd9.mpf_cache
2020-04-09 10:01:01,571 : INFO : ConfigProcessor : Loading config from cache: C:\Users\schol\AppData\Local\Temp\9e890f4f58f205d8bba0abd84e3290c7.mpf_cache
2020-04-09 10:01:01,573 : INFO : ConfigProcessor : Loading config from cache: C:\Users\schol\AppData\Local\Temp\7e90ab1bc560333dd4b4d9f4aaf6bf62.mpf_cache
2020-04-09 10:01:01,584 : INFO : ConfigProcessor : Loading config from cache: C:\Users\schol\AppData\Local\Temp\4398dc713d774371f49c655025259670.mpf_cache
2020-04-09 10:01:01,605 : INFO : ConfigProcessor : Loading config from cache: C:\Users\schol\AppData\Local\Temp\91df8e0ae0e44730ed622ea2efb74e97.mpf_cache
2020-04-09 10:01:01,611 : INFO : ConfigProcessor : Loading config from cache: C:\Users\schol\AppData\Local\Temp\dff6fabdd3c60a7e52618c514c4d53bb.mpf_cache
2020-04-09 10:01:01,616 : INFO : ConfigProcessor : Loading config from cache: C:\Users\schol\AppData\Local\Temp\69fdf32f8b1f00ca71933bfdf818d181.mpf_cache
2020-04-09 10:01:01,621 : INFO : ConfigProcessor : Loading config from cache: C:\Users\schol\AppData\Local\Temp\2ea47c81ed4f8a69c675021c80778e85.mpf_cache
2020-04-09 10:01:01,626 : INFO : ConfigProcessor : Loading config from cache: C:\Users\schol\AppData\Local\Temp\3078b120455821a73c8c6f8a1dceab4f.mpf_cache
2020-04-09 10:01:01,631 : INFO : ConfigProcessor : Loading config from cache: C:\Users\schol\AppData\Local\Temp\d95a17e65a2b41e386a7fc14bcda65fd.mpf_cache
2020-04-09 10:01:01,636 : INFO : ConfigProcessor : Loading config from cache: C:\Users\schol\AppData\Local\Temp\8d6f9c7ff9c39db68f4d155bf8492fbe.mpf_cache
2020-04-09 10:01:01,638 : INFO : ConfigProcessor : Loading config from cache: C:\Users\schol\AppData\Local\Temp\155f4ce74e2bf17af8dbff2a4763087f.mpf_cache
2020-04-09 10:01:01,644 : INFO : ConfigProcessor : Loading config from cache: C:\Users\schol\AppData\Local\Temp\58d128190d1d0b57398f3d0bb3d51665.mpf_cache
2020-04-09 10:01:01,649 : INFO : ConfigProcessor : Loading config from cache: C:\Users\schol\AppData\Local\Temp\3a392e0f36204bd15fe7f620a9abd8a5.mpf_cache
2020-04-09 10:01:01,654 : INFO : ConfigProcessor : Loading config from cache: C:\Users\schol\AppData\Local\Temp\53b5443f454133ae1b362b3b93db77cb.mpf_cache
2020-04-09 10:01:01,661 : INFO : ConfigProcessor : Loading config from cache: C:\Users\schol\AppData\Local\Temp\3931d087bd0a337e7115b05d59ca5799.mpf_cache
2020-04-09 10:01:01,666 : INFO : ConfigProcessor : Loading config from cache: C:\Users\schol\AppData\Local\Temp\92bd7ddb78685ce3872fdffddbf4066b.mpf_cache
2020-04-09 10:01:01,671 : INFO : ConfigProcessor : Loading config from cache: C:\Users\schol\AppData\Local\Temp\f17b18f8fc49aa4015f8aaed5fe0310c.mpf_cache
2020-04-09 10:01:01,753 : INFO : ConfigProcessor : Loading config from cache: C:\Users\schol\AppData\Local\Temp\7058dd9e75ad4dd97e6d02eda1f8d5f4.mpf_cache
2020-04-09 10:01:01,758 : INFO : EventManager : Event: ======'loading_assets'====== Args={'total': 25, 'loaded': 25, 'remaining': 0, 'percent': 100}
2020-04-09 10:01:01,758 : INFO : AssetManager : Asset loading took: 7.080360174179077
2020-04-09 10:01:01,759 : INFO : EventManager : Event: ======'asset_loading_complete'====== Args={}
2020-04-09 10:01:01,759 : INFO : AssetManager : Loading assets: 25/25 (100%)
2020-04-09 10:01:01,759 : INFO : EventManager : Event: ======'init_phase_4'====== Args={}
2020-04-09 10:01:01,767 : INFO : EventManager : Event: ======'machine_var_audits_events_game_ended'====== Args={'value': 1, 'prev_value': None, 'change': True}
2020-04-09 10:01:01,767 : INFO : EventManager : Event: ======'machine_var_audits_events_game_started'====== Args={'value': 568, 'prev_value': None, 'change': True}
2020-04-09 10:01:01,767 : INFO : EventManager : Event: ======'machine_var_audits_player_score'====== Args={'value': {'average': 0.0, 'top': [0], 'total': 1}, 'prev_value': None, 'change': True}
2020-04-09 10:01:01,768 : INFO : EventManager : Event: ======'machine_var_audits_shots_battle_shot'====== Args={'value': 66, 'prev_value': None, 'change': True}
2020-04-09 10:01:01,768 : INFO : EventManager : Event: ======'machine_var_audits_shots_confederate_1'====== Args={'value': 9, 'prev_value': None, 'change': True}
2020-04-09 10:01:01,768 : INFO : EventManager : Event: ======'machine_var_audits_shots_confederate_2'====== Args={'value': 201, 'prev_value': None, 'change': True}
2020-04-09 10:01:01,769 : INFO : EventManager : Event: ======'machine_var_audits_shots_confederate_3'====== Args={'value': 87, 'prev_value': None, 'change': True}
2020-04-09 10:01:01,769 : INFO : EventManager : Event: ======'machine_var_audits_shots_confederate_4'====== Args={'value': 22, 'prev_value': None, 'change': True}
2020-04-09 10:01:01,769 : INFO : EventManager : Event: ======'machine_var_audits_shots_confederate_5'====== Args={'value': 7, 'prev_value': None, 'change': True}
2020-04-09 10:01:01,769 : INFO : EventManager : Event: ======'machine_var_audits_shots_confederate_6'====== Args={'value': 247, 'prev_value': None, 'change': True}
2020-04-09 10:01:01,770 : INFO : EventManager : Event: ======'machine_var_audits_shots_detonation'====== Args={'value': 42, 'prev_value': None, 'change': True}
2020-04-09 10:01:01,770 : INFO : EventManager : Event: ======'machine_var_audits_shots_detonation_lit'====== Args={'value': 145, 'prev_value': None, 'change': True}
2020-04-09 10:01:01,770 : INFO : EventManager : Event: ======'machine_var_audits_shots_jackpot_1'====== Args={'value': 37, 'prev_value': None, 'change': True}
2020-04-09 10:01:01,771 : INFO : EventManager : Event: ======'machine_var_audits_shots_jackpot_2'====== Args={'value': 35, 'prev_value': None, 'change': True}
2020-04-09 10:01:01,771 : INFO : EventManager : Event: ======'machine_var_audits_shots_jackpot_3'====== Args={'value': 55, 'prev_value': None, 'change': True}
2020-04-09 10:01:01,771 : INFO : EventManager : Event: ======'machine_var_audits_shots_jackpot_4'====== Args={'value': 32, 'prev_value': None, 'change': True}
2020-04-09 10:01:01,771 : INFO : EventManager : Event: ======'machine_var_audits_shots_jackpot_5'====== Args={'value': 32, 'prev_value': None, 'change': True}
2020-04-09 10:01:01,772 : INFO : EventManager : Event: ======'machine_var_audits_shots_jackpot_6'====== Args={'value': 33, 'prev_value': None, 'change': True}
2020-04-09 10:01:01,772 : INFO : EventManager : Event: ======'machine_var_audits_shots_lane_A'====== Args={'value': 15, 'prev_value': None, 'change': True}
2020-04-09 10:01:01,772 : INFO : EventManager : Event: ======'machine_var_audits_shots_lane_B'====== Args={'value': 17, 'prev_value': None, 'change': True}
2020-04-09 10:01:01,772 : INFO : EventManager : Event: ======'machine_var_audits_shots_lane_C'====== Args={'value': 18, 'prev_value': None, 'change': True}
2020-04-09 10:01:01,773 : INFO : EventManager : Event: ======'machine_var_audits_shots_lane_D'====== Args={'value': 25, 'prev_value': None, 'change': True}
2020-04-09 10:01:01,773 : INFO : EventManager : Event: ======'machine_var_audits_shots_lane_E'====== Args={'value': 23, 'prev_value': None, 'change': True}
2020-04-09 10:01:01,773 : INFO : EventManager : Event: ======'machine_var_audits_shots_lock_lit_1'====== Args={'value': 213, 'prev_value': None, 'change': True}
2020-04-09 10:01:01,773 : INFO : EventManager : Event: ======'machine_var_audits_shots_lock_lit_2'====== Args={'value': 260, 'prev_value': None, 'change': True}
2020-04-09 10:01:01,774 : INFO : EventManager : Event: ======'machine_var_audits_shots_ricochet_1'====== Args={'value': 13, 'prev_value': None, 'change': True}
2020-04-09 10:01:01,774 : INFO : EventManager : Event: ======'machine_var_audits_shots_ricochet_2'====== Args={'value': 7, 'prev_value': None, 'change': True}
2020-04-09 10:01:01,774 : INFO : EventManager : Event: ======'machine_var_audits_shots_ricochet_3'====== Args={'value': 3, 'prev_value': None, 'change': True}
2020-04-09 10:01:01,775 : INFO : EventManager : Event: ======'machine_var_audits_shots_ricochet_4'====== Args={'value': 1, 'prev_value': None, 'change': True}
2020-04-09 10:01:01,775 : INFO : EventManager : Event: ======'machine_var_audits_shots_ricochet_5'====== Args={'value': 2, 'prev_value': None, 'change': True}
2020-04-09 10:01:01,775 : INFO : EventManager : Event: ======'machine_var_audits_switches_s_bumper_1'====== Args={'value': 13, 'prev_value': None, 'change': True}
2020-04-09 10:01:01,776 : INFO : EventManager : Event: ======'machine_var_audits_switches_s_bumper_2'====== Args={'value': 14, 'prev_value': None, 'change': True}
2020-04-09 10:01:01,776 : INFO : EventManager : Event: ======'machine_var_audits_switches_s_bumper_3'====== Args={'value': 1, 'prev_value': None, 'change': True}
2020-04-09 10:01:01,776 : INFO : EventManager : Event: ======'machine_var_audits_switches_s_center_ramp'====== Args={'value': 13, 'prev_value': None, 'change': True}
2020-04-09 10:01:01,777 : INFO : EventManager : Event: ======'machine_var_audits_switches_s_citadel'====== Args={'value': 14, 'prev_value': None, 'change': True}
2020-04-09 10:01:01,777 : INFO : EventManager : Event: ======'machine_var_audits_switches_s_citadel_lock'====== Args={'value': 81, 'prev_value': None, 'change': True}
2020-04-09 10:01:01,777 : INFO : EventManager : Event: ======'machine_var_audits_switches_s_detonation'====== Args={'value': 145, 'prev_value': None, 'change': True}
2020-04-09 10:01:01,778 : INFO : EventManager : Event: ======'machine_var_audits_switches_s_dmg_1'====== Args={'value': 563, 'prev_value': None, 'change': True}
2020-04-09 10:01:01,778 : INFO : EventManager : Event: ======'machine_var_audits_switches_s_dmg_2'====== Args={'value': 14, 'prev_value': None, 'change': True}
2020-04-09 10:01:01,778 : INFO : EventManager : Event: ======'machine_var_audits_switches_s_dmg_3'====== Args={'value': 13, 'prev_value': None, 'change': True}
2020-04-09 10:01:01,778 : INFO : EventManager : Event: ======'machine_var_audits_switches_s_dmg_4'====== Args={'value': 5, 'prev_value': None, 'change': True}
2020-04-09 10:01:01,779 : INFO : EventManager : Event: ======'machine_var_audits_switches_s_dmg_5'====== Args={'value': 8, 'prev_value': None, 'change': True}
2020-04-09 10:01:01,779 : INFO : EventManager : Event: ======'machine_var_audits_switches_s_dmg_6'====== Args={'value': 5, 'prev_value': None, 'change': True}
2020-04-09 10:01:01,779 : INFO : EventManager : Event: ======'machine_var_audits_switches_s_dmg_7'====== Args={'value': 7, 'prev_value': None, 'change': True}
2020-04-09 10:01:01,780 : INFO : EventManager : Event: ======'machine_var_audits_switches_s_drop_target'====== Args={'value': 463, 'prev_value': None, 'change': True}
2020-04-09 10:01:01,780 : INFO : EventManager : Event: ======'machine_var_audits_switches_s_jet_hole'====== Args={'value': 0, 'prev_value': None, 'change': True}
2020-04-09 10:01:01,780 : INFO : EventManager : Event: ======'machine_var_audits_switches_s_jet_lane'====== Args={'value': 1, 'prev_value': None, 'change': True}
2020-04-09 10:01:01,781 : INFO : EventManager : Event: ======'machine_var_audits_switches_s_kickback'====== Args={'value': 0, 'prev_value': None, 'change': True}
2020-04-09 10:01:01,781 : INFO : EventManager : Event: ======'machine_var_audits_switches_s_kickback_target_1'====== Args={'value': 0, 'prev_value': None, 'change': True}
2020-04-09 10:01:01,781 : INFO : EventManager : Event: ======'machine_var_audits_switches_s_kickback_target_2'====== Args={'value': 0, 'prev_value': None, 'change': True}
2020-04-09 10:01:01,782 : INFO : EventManager : Event: ======'machine_var_audits_switches_s_kickback_target_3'====== Args={'value': 2, 'prev_value': None, 'change': True}
2020-04-09 10:01:01,782 : INFO : EventManager : Event: ======'machine_var_audits_switches_s_kickback_terget_1'====== Args={'value': 0, 'prev_value': None, 'change': True}
2020-04-09 10:01:01,782 : INFO : EventManager : Event: ======'machine_var_audits_switches_s_left_flipper'====== Args={'value': 73, 'prev_value': None, 'change': True}
2020-04-09 10:01:01,783 : INFO : EventManager : Event: ======'machine_var_audits_switches_s_left_hole'====== Args={'value': 0, 'prev_value': None, 'change': True}
2020-04-09 10:01:01,783 : INFO : EventManager : Event: ======'machine_var_audits_switches_s_left_inlane'====== Args={'value': 18, 'prev_value': None, 'change': True}
2020-04-09 10:01:01,783 : INFO : EventManager : Event: ======'machine_var_audits_switches_s_left_loop_made'====== Args={'value': 23, 'prev_value': None, 'change': True}
2020-04-09 10:01:01,784 : INFO : EventManager : Event: ======'machine_var_audits_switches_s_left_loop_pre'====== Args={'value': 1, 'prev_value': None, 'change': True}
2020-04-09 10:01:01,784 : INFO : EventManager : Event: ======'machine_var_audits_switches_s_left_mid_inlane'====== Args={'value': 17, 'prev_value': None, 'change': True}
2020-04-09 10:01:01,784 : INFO : EventManager : Event: ======'machine_var_audits_switches_s_left_outlane'====== Args={'value': 15, 'prev_value': None, 'change': True}
2020-04-09 10:01:01,785 : INFO : EventManager : Event: ======'machine_var_audits_switches_s_left_ramp_made'====== Args={'value': 273, 'prev_value': None, 'change': True}
2020-04-09 10:01:01,785 : INFO : EventManager : Event: ======'machine_var_audits_switches_s_left_ramp_pre'====== Args={'value': 2, 'prev_value': None, 'change': True}
2020-04-09 10:01:01,786 : INFO : EventManager : Event: ======'machine_var_audits_switches_s_left_slingshot'====== Args={'value': 0, 'prev_value': None, 'change': True}
2020-04-09 10:01:01,786 : INFO : EventManager : Event: ======'machine_var_audits_switches_s_lock_1'====== Args={'value': 125, 'prev_value': None, 'change': True}
2020-04-09 10:01:01,786 : INFO : EventManager : Event: ======'machine_var_audits_switches_s_lock_2'====== Args={'value': 126, 'prev_value': None, 'change': True}
2020-04-09 10:01:01,787 : INFO : EventManager : Event: ======'machine_var_audits_switches_s_lock_3'====== Args={'value': 180, 'prev_value': None, 'change': True}
2020-04-09 10:01:01,787 : INFO : EventManager : Event: ======'machine_var_audits_switches_s_magnet_switch'====== Args={'value': 0, 'prev_value': None, 'change': True}
2020-04-09 10:01:01,787 : INFO : EventManager : Event: ======'machine_var_audits_switches_s_main_hole'====== Args={'value': 171, 'prev_value': None, 'change': True}
2020-04-09 10:01:01,788 : INFO : EventManager : Event: ======'machine_var_audits_switches_s_pen_1'====== Args={'value': 3, 'prev_value': None, 'change': True}
2020-04-09 10:01:01,788 : INFO : EventManager : Event: ======'machine_var_audits_switches_s_pen_2'====== Args={'value': 2, 'prev_value': None, 'change': True}
2020-04-09 10:01:01,789 : INFO : EventManager : Event: ======'machine_var_audits_switches_s_pen_3'====== Args={'value': 1, 'prev_value': None, 'change': True}
2020-04-09 10:01:01,789 : INFO : EventManager : Event: ======'machine_var_audits_switches_s_pen_4'====== Args={'value': 3, 'prev_value': None, 'change': True}
2020-04-09 10:01:01,789 : INFO : EventManager : Event: ======'machine_var_audits_switches_s_pen_5'====== Args={'value': 1, 'prev_value': None, 'change': True}
2020-04-09 10:01:01,790 : INFO : EventManager : Event: ======'machine_var_audits_switches_s_pen_6'====== Args={'value': 3, 'prev_value': None, 'change': True}
2020-04-09 10:01:01,790 : INFO : EventManager : Event: ======'machine_var_audits_switches_s_plunger'====== Args={'value': 863, 'prev_value': None, 'change': True}
2020-04-09 10:01:01,790 : INFO : EventManager : Event: ======'machine_var_audits_switches_s_plunger_button'====== Args={'value': 2, 'prev_value': None, 'change': True}
2020-04-09 10:01:01,791 : INFO : EventManager : Event: ======'machine_var_audits_switches_s_ricochet_1'====== Args={'value': 37, 'prev_value': None, 'change': True}
2020-04-09 10:01:01,791 : INFO : EventManager : Event: ======'machine_var_audits_switches_s_ricochet_2'====== Args={'value': 14, 'prev_value': None, 'change': True}
2020-04-09 10:01:01,792 : INFO : EventManager : Event: ======'machine_var_audits_switches_s_ricochet_3'====== Args={'value': 5, 'prev_value': None, 'change': True}
2020-04-09 10:01:01,792 : INFO : EventManager : Event: ======'machine_var_audits_switches_s_ricochet_4'====== Args={'value': 6, 'prev_value': None, 'change': True}
2020-04-09 10:01:01,793 : INFO : EventManager : Event: ======'machine_var_audits_switches_s_ricochet_5'====== Args={'value': 7, 'prev_value': None, 'change': True}
2020-04-09 10:01:01,793 : INFO : EventManager : Event: ======'machine_var_audits_switches_s_right_flipper'====== Args={'value': 743, 'prev_value': None, 'change': True}
2020-04-09 10:01:01,794 : INFO : EventManager : Event: ======'machine_var_audits_switches_s_right_hole'====== Args={'value': 26, 'prev_value': None, 'change': True}
2020-04-09 10:01:01,794 : INFO : EventManager : Event: ======'machine_var_audits_switches_s_right_inlane'====== Args={'value': 25, 'prev_value': None, 'change': True}
2020-04-09 10:01:01,794 : INFO : EventManager : Event: ======'machine_var_audits_switches_s_right_loop_made'====== Args={'value': 5, 'prev_value': None, 'change': True}
2020-04-09 10:01:01,795 : INFO : EventManager : Event: ======'machine_var_audits_switches_s_right_loop_pre'====== Args={'value': 2, 'prev_value': None, 'change': True}
2020-04-09 10:01:01,795 : INFO : EventManager : Event: ======'machine_var_audits_switches_s_right_outlane'====== Args={'value': 23, 'prev_value': None, 'change': True}
2020-04-09 10:01:01,795 : INFO : EventManager : Event: ======'machine_var_audits_switches_s_right_ramp_made'====== Args={'value': 340, 'prev_value': None, 'change': True}
2020-04-09 10:01:01,795 : INFO : EventManager : Event: ======'machine_var_audits_switches_s_right_ramp_pre'====== Args={'value': 0, 'prev_value': None, 'change': True}
2020-04-09 10:01:01,795 : INFO : EventManager : Event: ======'machine_var_audits_switches_s_right_slingshot'====== Args={'value': 0, 'prev_value': None, 'change': True}
2020-04-09 10:01:01,796 : INFO : EventManager : Event: ======'machine_var_audits_switches_s_right_small_ramp'====== Args={'value': 0, 'prev_value': None, 'change': True}
2020-04-09 10:01:01,796 : INFO : EventManager : Event: ======'machine_var_audits_switches_s_side_hole'====== Args={'value': 192, 'prev_value': None, 'change': True}
2020-04-09 10:01:01,797 : INFO : EventManager : Event: ======'machine_var_audits_switches_s_side_ramp_made'====== Args={'value': 171, 'prev_value': None, 'change': True}
2020-04-09 10:01:01,797 : INFO : EventManager : Event: ======'machine_var_audits_switches_s_side_ramp_pre'====== Args={'value': 2, 'prev_value': None, 'change': True}
2020-04-09 10:01:01,798 : INFO : EventManager : Event: ======'machine_var_audits_switches_s_start'====== Args={'value': 16, 'prev_value': None, 'change': True}
2020-04-09 10:01:01,798 : INFO : EventManager : Event: ======'machine_var_audits_switches_s_torpedo'====== Args={'value': 128, 'prev_value': None, 'change': True}
2020-04-09 10:01:01,798 : INFO : EventManager : Event: ======'machine_var_audits_switches_s_torpedo_lane'====== Args={'value': 2, 'prev_value': None, 'change': True}
2020-04-09 10:01:01,799 : INFO : EventManager : Event: ======'machine_var_audits_switches_s_trough1'====== Args={'value': 21, 'prev_value': None, 'change': True}
2020-04-09 10:01:01,799 : INFO : EventManager : Event: ======'machine_var_audits_switches_s_trough2'====== Args={'value': 13, 'prev_value': None, 'change': True}
2020-04-09 10:01:01,800 : INFO : EventManager : Event: ======'machine_var_audits_switches_s_trough3'====== Args={'value': 16, 'prev_value': None, 'change': True}
2020-04-09 10:01:01,800 : INFO : EventManager : Event: ======'machine_var_audits_switches_s_trough4'====== Args={'value': 3, 'prev_value': None, 'change': True}
2020-04-09 10:01:01,801 : INFO : EventManager : Event: ======'machine_var_audits_switches_s_trough5'====== Args={'value': 0, 'prev_value': None, 'change': True}
2020-04-09 10:01:01,801 : INFO : EventManager : Event: ======'machine_var_audits_switches_s_trough6'====== Args={'value': 1, 'prev_value': None, 'change': True}
2020-04-09 10:01:01,801 : INFO : EventManager : Event: ======'machine_var_audits_switches_s_trough_jam'====== Args={'value': 0, 'prev_value': None, 'change': True}
2020-04-09 10:01:01,802 : INFO : EventManager : Event: ======'init_phase_5'====== Args={}
2020-04-09 10:01:01,838 : INFO : EventManager : Event: ======'init_done'====== Args={}
2020-04-09 10:01:01,839 : INFO : EventManager : Event: ======'machine_reset_phase_1'====== Args={}
2020-04-09 10:01:01,839 : INFO : BcpServer : New client connected.
2020-04-09 10:01:01,850 : INFO : EventManager : Event: ======'machine_reset_phase_2'====== Args={}
2020-04-09 10:01:01,850 : INFO : EventManager : Event: ======'machine_reset_phase_3'====== Args={}
2020-04-09 10:01:01,850 : INFO : EventManager : Event: ======'reset_complete'====== Args={}
2020-04-09 10:01:01,850 : INFO : EventManager : Event: ======'mode_attract_will_start'====== Args={}
2020-04-09 10:01:01,851 : INFO : EventManager : Event: ======'mode_attract_starting'====== Args={}
2020-04-09 10:01:01,851 : INFO : Mode.attract : Started. Priority: 10
2020-04-09 10:01:01,851 : INFO : EventManager : Event: ======'mode_attract_started'====== Args={}
2020-04-09 10:01:01,852 : INFO : EventManager : Event: ======'collecting_balls_complete'====== Args={}
2020-04-09 10:01:01,881 : INFO : Machine : Starting the main run loop.
2020-04-09 10:01:09,441 : INFO : Machine : Shutting down...
2020-04-09 10:01:09,441 : INFO : EventManager : Event: ======'shutdown'====== Args={}
2020-04-09 10:01:09,445 : INFO : root : MPF run loop ended.
