2020-05-13 18:07:35,772 : kivy : Factory: 184 symbols loaded
2020-05-13 18:07:35,876 : kivy : ImageLoaderFFPy: Using ffpyplayer 4.3.1
2020-05-13 18:07:35,877 : kivy : Image: Providers: img_tex, img_dds, img_sdl2, img_pil, img_ffpyplayer, img_gif 
2020-05-13 18:07:35,922 : kivy : VideoGstplayer: Using Gstreamer 1.16.0.0
2020-05-13 18:07:35,922 : kivy : Video: Provider: gstplayer
2020-05-13 18:07:35,991 : kivy : Loading MPF-MC controller
2020-05-13 18:07:35,993 : YamlMultifileConfigLoader : Machine config file #1: config
2020-05-13 18:07:35,994 : ConfigProcessor : Config file in cache changed: E:\MPF\wows\wows\config\config
2020-05-13 18:07:35,994 : ConfigProcessor : Loading config from file c:\users\schol\appdata\local\programs\python\python36\lib\site-packages\mpfmc\mcconfig.yaml.
2020-05-13 18:07:36,031 : ConfigProcessor : Loading config: c:\users\schol\appdata\local\programs\python\python36\lib\site-packages\mpfmc\mcconfig.yaml
2020-05-13 18:07:36,032 : ConfigProcessor : Loading config from file E:\MPF\wows\wows\config\config.
2020-05-13 18:07:36,167 : ConfigProcessor : Loading config: E:\MPF\wows\wows\config\config
2020-05-13 18:07:36,169 : ConfigProcessor : Config file cache created: C:\Users\schol\AppData\Local\Temp\051200dc57c22661ccd061bb2017f3a6.mpf_cache
2020-05-13 18:07:36,170 : ConfigProcessor : Loading config from cache: C:\Users\schol\AppData\Local\Temp\d5fd805c5432c1441bf01a6268536a3d.mpf_cache
2020-05-13 18:07:36,170 : ConfigProcessor : Loading config from cache: C:\Users\schol\AppData\Local\Temp\5c4497fcd69d1d656c4b69a28e44c490.mpf_cache
2020-05-13 18:07:36,171 : ConfigProcessor : Loading config from cache: C:\Users\schol\AppData\Local\Temp\dec453850496132f8dddcdfa0a36feb5.mpf_cache
2020-05-13 18:07:36,171 : ConfigProcessor : Loading config from cache: C:\Users\schol\AppData\Local\Temp\72e9fea1cb562e40024eb5e8538ccaf2.mpf_cache
2020-05-13 18:07:36,171 : ConfigProcessor : Loading config from cache: C:\Users\schol\AppData\Local\Temp\1ff29be1d22fb14fe5fd1c82a6918df4.mpf_cache
2020-05-13 18:07:36,172 : ConfigProcessor : Loading config from cache: C:\Users\schol\AppData\Local\Temp\b0de444617e3bf30a07f755a6d4831cc.mpf_cache
2020-05-13 18:07:36,172 : ConfigProcessor : Loading config from cache: C:\Users\schol\AppData\Local\Temp\200a9b2dddbe7706ffb4c4426b6d54a8.mpf_cache
2020-05-13 18:07:36,172 : ConfigProcessor : Loading config from cache: C:\Users\schol\AppData\Local\Temp\5ab98d4be1e8de85bea62364890eb2e9.mpf_cache
2020-05-13 18:07:36,173 : ConfigProcessor : Loading config from cache: C:\Users\schol\AppData\Local\Temp\4303dca7489148da2d256fc831cf8c96.mpf_cache
2020-05-13 18:07:36,173 : ConfigProcessor : Loading config from cache: C:\Users\schol\AppData\Local\Temp\e8fceecd8f65a6a7269e98c7961bbf6a.mpf_cache
2020-05-13 18:07:36,173 : ConfigProcessor : Loading config from cache: C:\Users\schol\AppData\Local\Temp\c84d6d08bf6f923cbcccfeeea02d2c8a.mpf_cache
2020-05-13 18:07:36,174 : ConfigProcessor : Loading config from cache: C:\Users\schol\AppData\Local\Temp\159a0b7ffc6de2ed1a8cdcd57b7df3c0.mpf_cache
2020-05-13 18:07:36,174 : ConfigProcessor : Loading config from cache: C:\Users\schol\AppData\Local\Temp\b1234e2c44a33609dc2af4760c4a3f89.mpf_cache
2020-05-13 18:07:36,174 : ConfigProcessor : Loading config from cache: C:\Users\schol\AppData\Local\Temp\93429a2a8e0859f6546b68f40c2a4656.mpf_cache
2020-05-13 18:07:36,175 : ConfigProcessor : Loading config from cache: C:\Users\schol\AppData\Local\Temp\95ae88fb094583fa2b4097c6df179650.mpf_cache
2020-05-13 18:07:36,175 : ConfigProcessor : Loading config from cache: C:\Users\schol\AppData\Local\Temp\de2d3fc178b15ce3807fa4ab35b9c965.mpf_cache
2020-05-13 18:07:36,176 : ConfigProcessor : Loading config from cache: C:\Users\schol\AppData\Local\Temp\0c80ca2179989d09b86c78c19ec87d9b.mpf_cache
2020-05-13 18:07:36,176 : ConfigProcessor : Loading config from cache: C:\Users\schol\AppData\Local\Temp\95e265efe14e4eb05d8d5c5689c9ae6b.mpf_cache
2020-05-13 18:07:36,176 : ConfigProcessor : Loading config from cache: C:\Users\schol\AppData\Local\Temp\ba047bbdc168fca96d58d351c4240916.mpf_cache
2020-05-13 18:07:36,177 : ConfigProcessor : Loading config from cache: C:\Users\schol\AppData\Local\Temp\7c1900736275ba8a713cfe77e991e929.mpf_cache
2020-05-13 18:07:36,177 : ConfigProcessor : Loading config from cache: C:\Users\schol\AppData\Local\Temp\db3d1ab92e5d5c563b40d82372434517.mpf_cache
2020-05-13 18:07:36,177 : ConfigProcessor : Loading config from cache: C:\Users\schol\AppData\Local\Temp\2f89b2ab1d9f3cef79a660914b2a527a.mpf_cache
2020-05-13 18:07:36,178 : ConfigProcessor : Loading config from cache: C:\Users\schol\AppData\Local\Temp\efcf079e5af2b94e88dae4e07273acc8.mpf_cache
2020-05-13 18:07:36,178 : ConfigProcessor : Loading config from cache: C:\Users\schol\AppData\Local\Temp\09a80c6d3887bcc7b9c4580b6d9cb499.mpf_cache
2020-05-13 18:07:36,178 : mpfmc : Mission Pinball Framework Media Controller v0.54.0-dev.7
2020-05-13 18:07:36,178 : mpfmc : Mission Pinball Framework Game Engine v0.54.0-dev.33
2020-05-13 18:07:36,179 : mpfmc : Machine path: E:\MPF\wows\wows
2020-05-13 18:07:36,179 : mpfmc : Starting clock at 60.0Hz
2020-05-13 18:07:36,191 : kivy : Text: Provider: sdl2
2020-05-13 18:07:36,228 : kivy : Window: Provider: sdl2
2020-05-13 18:07:36,643 : kivy : GL: Using the "OpenGL" graphics system
2020-05-13 18:07:36,652 : kivy : GL: GLEW initialization succeeded
2020-05-13 18:07:36,652 : kivy : GL: Backend used <glew>
2020-05-13 18:07:36,652 : kivy : GL: OpenGL version <b'4.6.0 NVIDIA 442.59'>
2020-05-13 18:07:36,653 : kivy : GL: OpenGL vendor <b'NVIDIA Corporation'>
2020-05-13 18:07:36,653 : kivy : GL: OpenGL renderer <b'GeForce GTX 1060 6GB/PCIe/SSE2'>
2020-05-13 18:07:36,653 : kivy : GL: OpenGL parsed version: 4, 6
2020-05-13 18:07:36,653 : kivy : GL: Shading version <b'4.60 NVIDIA'>
2020-05-13 18:07:36,653 : kivy : GL: Texture max size <32768>
2020-05-13 18:07:36,653 : kivy : GL: Texture max units <32>
2020-05-13 18:07:36,676 : kivy : Window: auto add sdl2 input provider
2020-05-13 18:07:36,677 : kivy : Window: virtual keyboard not allowed, single mode, not docked
2020-05-13 18:07:36,685 : SoundSystem : SoundSystem: Using default 'sound_system' settings
2020-05-13 18:07:36,884 : AudioInterface : Initialized
2020-05-13 18:07:36,884 : SoundSystem : No audio tracks are specified in your machine config file. a track named 'default' has been created.
2020-05-13 18:07:36,886 : kivy : Base: Start application main loop
2020-05-13 18:07:36,886 : EventManager : Event: ======'display_dmd_initialized'====== Args={}
2020-05-13 18:07:36,939 : mpfmc : Display: Setting 'dmd' as default display
2020-05-13 18:07:36,945 : kivy : GL: NPOT texture support is available
2020-05-13 18:07:36,954 : EventManager : Event: ======'displays_initialized'====== Args={}
2020-05-13 18:07:36,955 : EventManager : Event: ======'slide_dmd_blank_created'====== Args={}
2020-05-13 18:07:36,955 : EventManager : Event: ======'display_dmd_ready'====== Args={}
2020-05-13 18:07:36,965 : EventManager : Event: ======'init_phase_1'====== Args={}
2020-05-13 18:07:36,967 : EventManager : Event: ======'mc_ready'====== Args={}
2020-05-13 18:07:36,967 : EventManager : Event: ======'init_phase_2'====== Args={}
2020-05-13 18:07:36,971 : EventManager : Event: ======'init_phase_3'====== Args={}
2020-05-13 18:07:36,971 : AssetManager : Registering Asset: ConsumableCountdown100, File: ConsumableCountdown100.jpg, Default Group: default, Final Config: {'load': 'preload', 'file': 'E:\\MPF\\wows\\wows\\images\\ConsumableCountdown100.jpg'}
2020-05-13 18:07:36,972 : AssetManager : Registering Asset: ConsumableCountdown101, File: ConsumableCountdown101.jpg, Default Group: default, Final Config: {'load': 'preload', 'file': 'E:\\MPF\\wows\\wows\\images\\ConsumableCountdown101.jpg'}
2020-05-13 18:07:36,972 : AssetManager : Registering Asset: ConsumableCountdown102, File: ConsumableCountdown102.jpg, Default Group: default, Final Config: {'load': 'preload', 'file': 'E:\\MPF\\wows\\wows\\images\\ConsumableCountdown102.jpg'}
2020-05-13 18:07:36,972 : AssetManager : Registering Asset: ConsumableCountdown103, File: ConsumableCountdown103.jpg, Default Group: default, Final Config: {'load': 'preload', 'file': 'E:\\MPF\\wows\\wows\\images\\ConsumableCountdown103.jpg'}
2020-05-13 18:07:36,972 : AssetManager : Registering Asset: ConsumableCountdown104, File: ConsumableCountdown104.jpg, Default Group: default, Final Config: {'load': 'preload', 'file': 'E:\\MPF\\wows\\wows\\images\\ConsumableCountdown104.jpg'}
2020-05-13 18:07:36,972 : AssetManager : Registering Asset: ConsumableCountdown105, File: ConsumableCountdown105.jpg, Default Group: default, Final Config: {'load': 'preload', 'file': 'E:\\MPF\\wows\\wows\\images\\ConsumableCountdown105.jpg'}
2020-05-13 18:07:36,972 : AssetManager : Registering Asset: ConsumableCountdown106, File: ConsumableCountdown106.jpg, Default Group: default, Final Config: {'load': 'preload', 'file': 'E:\\MPF\\wows\\wows\\images\\ConsumableCountdown106.jpg'}
2020-05-13 18:07:36,972 : AssetManager : Registering Asset: ConsumableCountdown107, File: ConsumableCountdown107.jpg, Default Group: default, Final Config: {'load': 'preload', 'file': 'E:\\MPF\\wows\\wows\\images\\ConsumableCountdown107.jpg'}
2020-05-13 18:07:36,972 : AssetManager : Registering Asset: ConsumableCountdown108, File: ConsumableCountdown108.jpg, Default Group: default, Final Config: {'load': 'preload', 'file': 'E:\\MPF\\wows\\wows\\images\\ConsumableCountdown108.jpg'}
2020-05-13 18:07:36,972 : AssetManager : Registering Asset: ConsumableCountdown109, File: ConsumableCountdown109.jpg, Default Group: default, Final Config: {'load': 'preload', 'file': 'E:\\MPF\\wows\\wows\\images\\ConsumableCountdown109.jpg'}
2020-05-13 18:07:36,972 : AssetManager : Registering Asset: ConsumableCountdown110, File: ConsumableCountdown110.jpg, Default Group: default, Final Config: {'load': 'preload', 'file': 'E:\\MPF\\wows\\wows\\images\\ConsumableCountdown110.jpg'}
2020-05-13 18:07:36,972 : AssetManager : Registering Asset: ConsumableCountdown111, File: ConsumableCountdown111.jpg, Default Group: default, Final Config: {'load': 'preload', 'file': 'E:\\MPF\\wows\\wows\\images\\ConsumableCountdown111.jpg'}
2020-05-13 18:07:36,972 : AssetManager : Registering Asset: ConsumableCountdown112, File: ConsumableCountdown112.jpg, Default Group: default, Final Config: {'load': 'preload', 'file': 'E:\\MPF\\wows\\wows\\images\\ConsumableCountdown112.jpg'}
2020-05-13 18:07:36,972 : AssetManager : Registering Asset: ConsumableCountdown113, File: ConsumableCountdown113.jpg, Default Group: default, Final Config: {'load': 'preload', 'file': 'E:\\MPF\\wows\\wows\\images\\ConsumableCountdown113.jpg'}
2020-05-13 18:07:36,972 : AssetManager : Registering Asset: ConsumableCountdown114, File: ConsumableCountdown114.jpg, Default Group: default, Final Config: {'load': 'preload', 'file': 'E:\\MPF\\wows\\wows\\images\\ConsumableCountdown114.jpg'}
2020-05-13 18:07:36,973 : AssetManager : Registering Asset: ConsumableCountdown115, File: ConsumableCountdown115.jpg, Default Group: default, Final Config: {'load': 'preload', 'file': 'E:\\MPF\\wows\\wows\\images\\ConsumableCountdown115.jpg'}
2020-05-13 18:07:36,973 : AssetManager : Registering Asset: ConsumableCountdown116, File: ConsumableCountdown116.jpg, Default Group: default, Final Config: {'load': 'preload', 'file': 'E:\\MPF\\wows\\wows\\images\\ConsumableCountdown116.jpg'}
2020-05-13 18:07:36,973 : AssetManager : Registering Asset: ConsumableCountdown117, File: ConsumableCountdown117.jpg, Default Group: default, Final Config: {'load': 'preload', 'file': 'E:\\MPF\\wows\\wows\\images\\ConsumableCountdown117.jpg'}
2020-05-13 18:07:36,973 : AssetManager : Registering Asset: ConsumableCountdown118, File: ConsumableCountdown118.jpg, Default Group: default, Final Config: {'load': 'preload', 'file': 'E:\\MPF\\wows\\wows\\images\\ConsumableCountdown118.jpg'}
2020-05-13 18:07:36,973 : AssetManager : Registering Asset: ConsumableCountdown119, File: ConsumableCountdown119.jpg, Default Group: default, Final Config: {'load': 'preload', 'file': 'E:\\MPF\\wows\\wows\\images\\ConsumableCountdown119.jpg'}
2020-05-13 18:07:36,973 : AssetManager : Registering Asset: ConsumableCountdown120, File: ConsumableCountdown120.jpg, Default Group: default, Final Config: {'load': 'preload', 'file': 'E:\\MPF\\wows\\wows\\images\\ConsumableCountdown120.jpg'}
2020-05-13 18:07:36,973 : AssetManager : Registering Asset: ConsumableCountdown121, File: ConsumableCountdown121.jpg, Default Group: default, Final Config: {'load': 'preload', 'file': 'E:\\MPF\\wows\\wows\\images\\ConsumableCountdown121.jpg'}
2020-05-13 18:07:36,973 : AssetManager : Registering Asset: ConsumableCountdown122, File: ConsumableCountdown122.jpg, Default Group: default, Final Config: {'load': 'preload', 'file': 'E:\\MPF\\wows\\wows\\images\\ConsumableCountdown122.jpg'}
2020-05-13 18:07:36,973 : AssetManager : Registering Asset: ConsumableCountdown123, File: ConsumableCountdown123.jpg, Default Group: default, Final Config: {'load': 'preload', 'file': 'E:\\MPF\\wows\\wows\\images\\ConsumableCountdown123.jpg'}
2020-05-13 18:07:36,973 : AssetManager : Registering Asset: ConsumableCountdown124, File: ConsumableCountdown124.jpg, Default Group: default, Final Config: {'load': 'preload', 'file': 'E:\\MPF\\wows\\wows\\images\\ConsumableCountdown124.jpg'}
2020-05-13 18:07:36,973 : AssetManager : Registering Asset: ConsumableCountdown125, File: ConsumableCountdown125.jpg, Default Group: default, Final Config: {'load': 'preload', 'file': 'E:\\MPF\\wows\\wows\\images\\ConsumableCountdown125.jpg'}
2020-05-13 18:07:36,973 : AssetManager : Registering Asset: ConsumableCountdown126, File: ConsumableCountdown126.jpg, Default Group: default, Final Config: {'load': 'preload', 'file': 'E:\\MPF\\wows\\wows\\images\\ConsumableCountdown126.jpg'}
2020-05-13 18:07:36,973 : AssetManager : Registering Asset: ConsumableCountdown127, File: ConsumableCountdown127.jpg, Default Group: default, Final Config: {'load': 'preload', 'file': 'E:\\MPF\\wows\\wows\\images\\ConsumableCountdown127.jpg'}
2020-05-13 18:07:36,973 : AssetManager : Registering Asset: ConsumableCountdown128, File: ConsumableCountdown128.jpg, Default Group: default, Final Config: {'load': 'preload', 'file': 'E:\\MPF\\wows\\wows\\images\\ConsumableCountdown128.jpg'}
2020-05-13 18:07:36,973 : AssetManager : Registering Asset: ConsumableCountdown129, File: ConsumableCountdown129.jpg, Default Group: default, Final Config: {'load': 'preload', 'file': 'E:\\MPF\\wows\\wows\\images\\ConsumableCountdown129.jpg'}
2020-05-13 18:07:36,973 : AssetManager : Registering Asset: ConsumableCountdown130, File: ConsumableCountdown130.jpg, Default Group: default, Final Config: {'load': 'preload', 'file': 'E:\\MPF\\wows\\wows\\images\\ConsumableCountdown130.jpg'}
2020-05-13 18:07:36,974 : AssetManager : Registering Asset: container_ball, File: container_ball.gif, Default Group: default, Final Config: {'load': 'preload', 'file': 'E:\\MPF\\wows\\wows\\images\\container_ball.gif'}
2020-05-13 18:07:36,974 : AssetManager : Registering Asset: container_ball_text, File: container_ball_text.jpg, Default Group: default, Final Config: {'load': 'preload', 'file': 'E:\\MPF\\wows\\wows\\images\\container_ball_text.jpg'}
2020-05-13 18:07:36,974 : AssetManager : Registering Asset: container_dmg, File: container_dmg.gif, Default Group: default, Final Config: {'load': 'preload', 'file': 'E:\\MPF\\wows\\wows\\images\\container_dmg.gif'}
2020-05-13 18:07:36,974 : AssetManager : Registering Asset: container_dmg_text, File: container_dmg_text.jpg, Default Group: default, Final Config: {'load': 'preload', 'file': 'E:\\MPF\\wows\\wows\\images\\container_dmg_text.jpg'}
2020-05-13 18:07:36,974 : AssetManager : Registering Asset: container_jet, File: container_jet.gif, Default Group: default, Final Config: {'load': 'preload', 'file': 'E:\\MPF\\wows\\wows\\images\\container_jet.gif'}
2020-05-13 18:07:36,974 : AssetManager : Registering Asset: container_jet_text, File: container_jet_text.jpg, Default Group: default, Final Config: {'load': 'preload', 'file': 'E:\\MPF\\wows\\wows\\images\\container_jet_text.jpg'}
2020-05-13 18:07:36,974 : AssetManager : Registering Asset: container_time, File: container_time.gif, Default Group: default, Final Config: {'load': 'preload', 'file': 'E:\\MPF\\wows\\wows\\images\\container_time.gif'}
2020-05-13 18:07:36,974 : AssetManager : Registering Asset: container_time_text, File: container_time_text.jpg, Default Group: default, Final Config: {'load': 'preload', 'file': 'E:\\MPF\\wows\\wows\\images\\container_time_text.jpg'}
2020-05-13 18:07:36,974 : AssetManager : Registering Asset: container_x, File: container_x.gif, Default Group: default, Final Config: {'load': 'preload', 'file': 'E:\\MPF\\wows\\wows\\images\\container_x.gif'}
2020-05-13 18:07:36,974 : AssetManager : Registering Asset: container_xp, File: container_xp.gif, Default Group: default, Final Config: {'load': 'preload', 'file': 'E:\\MPF\\wows\\wows\\images\\container_xp.gif'}
2020-05-13 18:07:36,974 : AssetManager : Registering Asset: container_xp_text, File: container_xp_text.jpg, Default Group: default, Final Config: {'load': 'preload', 'file': 'E:\\MPF\\wows\\wows\\images\\container_xp_text.jpg'}
2020-05-13 18:07:36,975 : AssetManager : Registering Asset: container_x_text, File: container_x_text.jpg, Default Group: default, Final Config: {'load': 'preload', 'file': 'E:\\MPF\\wows\\wows\\images\\container_x_text.jpg'}
2020-05-13 18:07:36,975 : AssetManager : Registering Asset: C_Prog100, File: C_Prog100.jpg, Default Group: default, Final Config: {'load': 'preload', 'file': 'E:\\MPF\\wows\\wows\\images\\C_Prog100.jpg'}
2020-05-13 18:07:36,975 : AssetManager : Registering Asset: hc_start, File: hc_start.gif, Default Group: default, Final Config: {'load': 'preload', 'file': 'E:\\MPF\\wows\\wows\\images\\hc_start.gif'}
2020-05-13 18:07:36,975 : AssetManager : Registering Asset: hc_start_end, File: hc_start_end.jpg, Default Group: default, Final Config: {'load': 'preload', 'file': 'E:\\MPF\\wows\\wows\\images\\hc_start_end.jpg'}
2020-05-13 18:07:36,975 : AssetManager : Registering Asset: mode_1_start, File: mode_1_start.gif, Default Group: default, Final Config: {'load': 'preload', 'file': 'E:\\MPF\\wows\\wows\\images\\mode_1_start.gif'}
2020-05-13 18:07:36,975 : AssetManager : Registering Asset: mode_1_start_text, File: mode_1_start_text.jpg, Default Group: default, Final Config: {'load': 'preload', 'file': 'E:\\MPF\\wows\\wows\\images\\mode_1_start_text.jpg'}
2020-05-13 18:07:36,975 : AssetManager : Registering Asset: mode_2_start, File: mode_2_start.gif, Default Group: default, Final Config: {'load': 'preload', 'file': 'E:\\MPF\\wows\\wows\\images\\mode_2_start.gif'}
2020-05-13 18:07:36,975 : AssetManager : Registering Asset: mode_2_start_text, File: mode_2_start_text.jpg, Default Group: default, Final Config: {'load': 'preload', 'file': 'E:\\MPF\\wows\\wows\\images\\mode_2_start_text.jpg'}
2020-05-13 18:07:36,975 : AssetManager : Registering Asset: mode_3_start, File: mode_3_start.gif, Default Group: default, Final Config: {'load': 'preload', 'file': 'E:\\MPF\\wows\\wows\\images\\mode_3_start.gif'}
2020-05-13 18:07:36,975 : AssetManager : Registering Asset: mode_3_start_text, File: mode_3_start_text.jpg, Default Group: default, Final Config: {'load': 'preload', 'file': 'E:\\MPF\\wows\\wows\\images\\mode_3_start_text.jpg'}
2020-05-13 18:07:36,975 : AssetManager : Registering Asset: mode_4_start, File: mode_4_start.gif, Default Group: default, Final Config: {'load': 'preload', 'file': 'E:\\MPF\\wows\\wows\\images\\mode_4_start.gif'}
2020-05-13 18:07:36,975 : AssetManager : Registering Asset: mode_4_start_text, File: mode_4_start_text.jpg, Default Group: default, Final Config: {'load': 'preload', 'file': 'E:\\MPF\\wows\\wows\\images\\mode_4_start_text.jpg'}
2020-05-13 18:07:36,975 : AssetManager : Registering Asset: mode_5_start, File: mode_5_start.gif, Default Group: default, Final Config: {'load': 'preload', 'file': 'E:\\MPF\\wows\\wows\\images\\mode_5_start.gif'}
2020-05-13 18:07:36,975 : AssetManager : Registering Asset: mode_5_start_text, File: mode_5_start_text.jpg, Default Group: default, Final Config: {'load': 'preload', 'file': 'E:\\MPF\\wows\\wows\\images\\mode_5_start_text.jpg'}
2020-05-13 18:07:36,975 : AssetManager : Registering Asset: mode_6_start, File: mode_6_start.gif, Default Group: default, Final Config: {'load': 'preload', 'file': 'E:\\MPF\\wows\\wows\\images\\mode_6_start.gif'}
2020-05-13 18:07:36,976 : AssetManager : Registering Asset: mode_6_start_text, File: mode_6_start_text.jpg, Default Group: default, Final Config: {'load': 'preload', 'file': 'E:\\MPF\\wows\\wows\\images\\mode_6_start_text.jpg'}
2020-05-13 18:07:36,976 : AssetManager : Registering Asset: mode_7_start, File: mode_7_start.gif, Default Group: default, Final Config: {'load': 'preload', 'file': 'E:\\MPF\\wows\\wows\\images\\mode_7_start.gif'}
2020-05-13 18:07:36,976 : AssetManager : Registering Asset: mode_7_start_text, File: mode_7_start_text.jpg, Default Group: default, Final Config: {'load': 'preload', 'file': 'E:\\MPF\\wows\\wows\\images\\mode_7_start_text.jpg'}
2020-05-13 18:07:36,976 : AssetManager : Registering Asset: mode_8_start, File: mode_8_start.gif, Default Group: default, Final Config: {'load': 'preload', 'file': 'E:\\MPF\\wows\\wows\\images\\mode_8_start.gif'}
2020-05-13 18:07:36,976 : AssetManager : Registering Asset: mode_8_start_text, File: mode_8_start_text.jpg, Default Group: default, Final Config: {'load': 'preload', 'file': 'E:\\MPF\\wows\\wows\\images\\mode_8_start_text.jpg'}
2020-05-13 18:07:36,976 : AssetManager : Registering Asset: mode_9_start, File: mode_9_start.gif, Default Group: default, Final Config: {'load': 'preload', 'file': 'E:\\MPF\\wows\\wows\\images\\mode_9_start.gif'}
2020-05-13 18:07:36,976 : AssetManager : Registering Asset: mode_9_start_text, File: mode_9_start_text.jpg, Default Group: default, Final Config: {'load': 'preload', 'file': 'E:\\MPF\\wows\\wows\\images\\mode_9_start_text.jpg'}
2020-05-13 18:07:36,978 : AssetManager : Registering Asset: mode_7_shot_made, File: mode_7_shot_made.gif, Default Group: default, Final Config: {'load': 'preload', 'file': 'E:\\MPF\\wows\\wows\\modes\\mode_7\\images\\mode_7_shot_made.gif'}
2020-05-13 18:07:36,978 : AssetManager : Registering Asset: mode_3_shot_made, File: mode_3_shot_made.gif, Default Group: default, Final Config: {'load': 'preload', 'file': 'E:\\MPF\\wows\\wows\\modes\\mode_3\\images\\mode_3_shot_made.gif'}
2020-05-13 18:07:36,979 : AssetManager : Registering Asset: mode_1_shot_made, File: mode_1_shot_made.gif, Default Group: default, Final Config: {'load': 'preload', 'file': 'E:\\MPF\\wows\\wows\\modes\\mode_1\\images\\mode_1_shot_made.gif'}
2020-05-13 18:07:36,979 : AssetManager : Registering Asset: mode_6_shot_made, File: mode_6_shot_made.gif, Default Group: default, Final Config: {'load': 'preload', 'file': 'E:\\MPF\\wows\\wows\\modes\\mode_6\\images\\mode_6_shot_made.gif'}
2020-05-13 18:07:36,979 : AssetManager : Registering Asset: mode_5_shot_made, File: mode_5_shot_made.gif, Default Group: default, Final Config: {'load': 'preload', 'file': 'E:\\MPF\\wows\\wows\\modes\\mode_5\\images\\mode_5_shot_made.gif'}
2020-05-13 18:07:36,980 : AssetManager : Registering Asset: mode_8_shot_made, File: mode_8_shot_made.gif, Default Group: default, Final Config: {'load': 'preload', 'file': 'E:\\MPF\\wows\\wows\\modes\\mode_8\\images\\mode_8_shot_made.gif'}
2020-05-13 18:07:36,980 : AssetManager : Registering Asset: mode_9_shot_made, File: mode_9_shot_made.gif, Default Group: default, Final Config: {'load': 'preload', 'file': 'E:\\MPF\\wows\\wows\\modes\\mode_9\\images\\mode_9_shot_made.gif'}
2020-05-13 18:07:36,981 : AssetManager : Registering Asset: mode_4_shot_made, File: mode_4_shot_made.gif, Default Group: default, Final Config: {'load': 'preload', 'file': 'E:\\MPF\\wows\\wows\\modes\\mode_4\\images\\mode_4_shot_made.gif'}
2020-05-13 18:07:36,982 : EventManager : Event: ======'init_phase_4'====== Args={}
2020-05-13 18:07:36,982 : EventManager : Event: ======'init_phase_5'====== Args={}
2020-05-13 18:07:36,993 : EventManager : Event: ======'loading_assets'====== Args={'total': 72, 'loaded': 1, 'remaining': 71, 'percent': 1}
2020-05-13 18:07:36,993 : AssetManager : Loading assets: 1/72 (1%)
2020-05-13 18:07:37,175 : EventManager : Event: ======'loading_assets'====== Args={'total': 72, 'loaded': 72, 'remaining': 0, 'percent': 100}
2020-05-13 18:07:37,175 : AssetManager : Asset loading took: 0.29022741317749023
2020-05-13 18:07:37,175 : EventManager : Event: ======'asset_loading_complete'====== Args={}
2020-05-13 18:07:37,175 : AssetManager : Loading assets: 72/72 (100%)
2020-05-13 18:07:37,175 : EventManager : Event: ======'init_done'====== Args={}
2020-05-13 18:07:37,176 : MPF-MC BCP Server : Starting up on localhost port 5050
2020-05-13 18:07:37,179 : MPF-MC BCP Server : Waiting for a connection...
2020-05-13 18:07:37,190 : EventManager : Event: ======'client_disconnected'====== Args={'host': '127.0.0.1', 'port': 5050}
2020-05-13 18:07:37,944 : MPF-MC BCP Server : Received connection from: 127.0.0.1:49857
2020-05-13 18:07:37,958 : EventManager : Event: ======'client_connected'====== Args={'host': '127.0.0.1', 'port': 49857}
2020-05-13 18:07:37,959 : mpfmc : Initializing DMD
2020-05-13 18:07:37,972 : mpfmc : Setting DMD to 30fps
2020-05-13 18:07:38,007 : EventManager : Event: ======'machine_var_credits_string'====== Args={'value': 'FREE PLAY', 'prev_value': None, 'change': True}
2020-05-13 18:07:38,007 : EventManager : Event: ======'machine_var_player1_score'====== Args={'value': 0, 'prev_value': None, 'change': True}
2020-05-13 18:07:38,008 : EventManager : Event: ======'machine_var_mpf_version'====== Args={'value': 'MPF v0.54.0-dev.33', 'prev_value': None, 'change': True}
2020-05-13 18:07:38,008 : EventManager : Event: ======'machine_var_mpf_extended_version'====== Args={'value': 'MPF v0.54.0-dev.33, Config version:5, Show version: 5, BCP version:1.1', 'prev_value': None, 'change': True}
2020-05-13 18:07:38,008 : EventManager : Event: ======'machine_var_python_version'====== Args={'value': '3.6.4', 'prev_value': None, 'change': True}
2020-05-13 18:07:38,008 : EventManager : Event: ======'machine_var_platform'====== Args={'value': 'Windows-10-10.0.18362-SP0', 'prev_value': None, 'change': True}
2020-05-13 18:07:38,008 : EventManager : Event: ======'machine_var_platform_system'====== Args={'value': 'Windows', 'prev_value': None, 'change': True}
2020-05-13 18:07:38,008 : EventManager : Event: ======'machine_var_platform_release'====== Args={'value': '10', 'prev_value': None, 'change': True}
2020-05-13 18:07:38,008 : EventManager : Event: ======'machine_var_platform_version'====== Args={'value': '10.0.18362', 'prev_value': None, 'change': True}
2020-05-13 18:07:38,008 : EventManager : Event: ======'machine_var_platform_machine'====== Args={'value': 'AMD64', 'prev_value': None, 'change': True}
2020-05-13 18:07:38,008 : EventManager : Event: ======'machine_var_mc_version'====== Args={'value': 'MPF-MC v0.54.0-dev.7', 'prev_value': None, 'change': True}
2020-05-13 18:07:38,008 : EventManager : Event: ======'machine_var_mc_extended_version'====== Args={'value': 'MPF-MC v0.54.0-dev.7 (config_version=5, BCP v1.1, Requires MPF v0.54.0-dev.0)', 'prev_value': None, 'change': True}
2020-05-13 18:07:38,008 : EventManager : Event: ======'machine_var_master_volume'====== Args={'value': 0.5, 'prev_value': None, 'change': True}
2020-05-13 18:07:38,024 : EventManager : Event: ======'machine_var_audits_events_game_ended'====== Args={'value': 1, 'prev_value': None, 'change': True}
2020-05-13 18:07:38,024 : EventManager : Event: ======'machine_var_audits_events_game_started'====== Args={'value': 653, 'prev_value': None, 'change': True}
2020-05-13 18:07:38,024 : EventManager : Event: ======'machine_var_audits_player_score'====== Args={'value': {'average': 0.0, 'top': [0], 'total': 1}, 'prev_value': None, 'change': True}
2020-05-13 18:07:38,024 : EventManager : Event: ======'machine_var_audits_shots_battle_shot'====== Args={'value': 66, 'prev_value': None, 'change': True}
2020-05-13 18:07:38,025 : EventManager : Event: ======'machine_var_audits_shots_confederate_1'====== Args={'value': 9, 'prev_value': None, 'change': True}
2020-05-13 18:07:38,025 : EventManager : Event: ======'machine_var_audits_shots_confederate_2'====== Args={'value': 201, 'prev_value': None, 'change': True}
2020-05-13 18:07:38,025 : EventManager : Event: ======'machine_var_audits_shots_confederate_3'====== Args={'value': 87, 'prev_value': None, 'change': True}
2020-05-13 18:07:38,025 : EventManager : Event: ======'machine_var_audits_shots_confederate_4'====== Args={'value': 22, 'prev_value': None, 'change': True}
2020-05-13 18:07:38,025 : EventManager : Event: ======'machine_var_audits_shots_confederate_5'====== Args={'value': 7, 'prev_value': None, 'change': True}
2020-05-13 18:07:38,025 : EventManager : Event: ======'machine_var_audits_shots_confederate_6'====== Args={'value': 247, 'prev_value': None, 'change': True}
2020-05-13 18:07:38,025 : EventManager : Event: ======'machine_var_audits_shots_detonation'====== Args={'value': 42, 'prev_value': None, 'change': True}
2020-05-13 18:07:38,025 : EventManager : Event: ======'machine_var_audits_shots_detonation_lit'====== Args={'value': 145, 'prev_value': None, 'change': True}
2020-05-13 18:07:38,026 : EventManager : Event: ======'machine_var_audits_shots_jackpot_1'====== Args={'value': 37, 'prev_value': None, 'change': True}
2020-05-13 18:07:38,026 : EventManager : Event: ======'machine_var_audits_shots_jackpot_2'====== Args={'value': 35, 'prev_value': None, 'change': True}
2020-05-13 18:07:38,026 : EventManager : Event: ======'machine_var_audits_shots_jackpot_3'====== Args={'value': 55, 'prev_value': None, 'change': True}
2020-05-13 18:07:38,026 : EventManager : Event: ======'machine_var_audits_shots_jackpot_4'====== Args={'value': 32, 'prev_value': None, 'change': True}
2020-05-13 18:07:38,026 : EventManager : Event: ======'machine_var_audits_shots_jackpot_5'====== Args={'value': 32, 'prev_value': None, 'change': True}
2020-05-13 18:07:38,026 : EventManager : Event: ======'machine_var_audits_shots_jackpot_6'====== Args={'value': 33, 'prev_value': None, 'change': True}
2020-05-13 18:07:38,026 : EventManager : Event: ======'machine_var_audits_shots_lane_A'====== Args={'value': 43, 'prev_value': None, 'change': True}
2020-05-13 18:07:38,026 : EventManager : Event: ======'machine_var_audits_shots_lane_B'====== Args={'value': 46, 'prev_value': None, 'change': True}
2020-05-13 18:07:38,026 : EventManager : Event: ======'machine_var_audits_shots_lane_C'====== Args={'value': 48, 'prev_value': None, 'change': True}
2020-05-13 18:07:38,027 : EventManager : Event: ======'machine_var_audits_shots_lane_D'====== Args={'value': 54, 'prev_value': None, 'change': True}
2020-05-13 18:07:38,027 : EventManager : Event: ======'machine_var_audits_shots_lane_E'====== Args={'value': 52, 'prev_value': None, 'change': True}
2020-05-13 18:07:38,027 : EventManager : Event: ======'machine_var_audits_shots_lock_lit_1'====== Args={'value': 213, 'prev_value': None, 'change': True}
2020-05-13 18:07:38,027 : EventManager : Event: ======'machine_var_audits_shots_lock_lit_2'====== Args={'value': 260, 'prev_value': None, 'change': True}
2020-05-13 18:07:38,027 : EventManager : Event: ======'machine_var_audits_shots_ricochet_1'====== Args={'value': 13, 'prev_value': None, 'change': True}
2020-05-13 18:07:38,027 : EventManager : Event: ======'machine_var_audits_shots_ricochet_2'====== Args={'value': 7, 'prev_value': None, 'change': True}
2020-05-13 18:07:38,027 : EventManager : Event: ======'machine_var_audits_shots_ricochet_3'====== Args={'value': 3, 'prev_value': None, 'change': True}
2020-05-13 18:07:38,027 : EventManager : Event: ======'machine_var_audits_shots_ricochet_4'====== Args={'value': 1, 'prev_value': None, 'change': True}
2020-05-13 18:07:38,027 : EventManager : Event: ======'machine_var_audits_shots_ricochet_5'====== Args={'value': 2, 'prev_value': None, 'change': True}
2020-05-13 18:07:38,027 : EventManager : Event: ======'machine_var_audits_switches_s_bumper_1'====== Args={'value': 15, 'prev_value': None, 'change': True}
2020-05-13 18:07:38,027 : EventManager : Event: ======'machine_var_audits_switches_s_bumper_2'====== Args={'value': 15, 'prev_value': None, 'change': True}
2020-05-13 18:07:38,027 : EventManager : Event: ======'machine_var_audits_switches_s_bumper_3'====== Args={'value': 1, 'prev_value': None, 'change': True}
2020-05-13 18:07:38,028 : EventManager : Event: ======'machine_var_audits_switches_s_center_ramp'====== Args={'value': 13, 'prev_value': None, 'change': True}
2020-05-13 18:07:38,028 : EventManager : Event: ======'machine_var_audits_switches_s_citadel'====== Args={'value': 14, 'prev_value': None, 'change': True}
2020-05-13 18:07:38,028 : EventManager : Event: ======'machine_var_audits_switches_s_citadel_lock'====== Args={'value': 81, 'prev_value': None, 'change': True}
2020-05-13 18:07:38,028 : EventManager : Event: ======'machine_var_audits_switches_s_detonation'====== Args={'value': 145, 'prev_value': None, 'change': True}
2020-05-13 18:07:38,028 : EventManager : Event: ======'machine_var_audits_switches_s_dmg_1'====== Args={'value': 563, 'prev_value': None, 'change': True}
2020-05-13 18:07:38,028 : EventManager : Event: ======'machine_var_audits_switches_s_dmg_2'====== Args={'value': 14, 'prev_value': None, 'change': True}
2020-05-13 18:07:38,028 : EventManager : Event: ======'machine_var_audits_switches_s_dmg_3'====== Args={'value': 13, 'prev_value': None, 'change': True}
2020-05-13 18:07:38,028 : EventManager : Event: ======'machine_var_audits_switches_s_dmg_4'====== Args={'value': 5, 'prev_value': None, 'change': True}
2020-05-13 18:07:38,028 : EventManager : Event: ======'machine_var_audits_switches_s_dmg_5'====== Args={'value': 8, 'prev_value': None, 'change': True}
2020-05-13 18:07:38,028 : EventManager : Event: ======'machine_var_audits_switches_s_dmg_6'====== Args={'value': 5, 'prev_value': None, 'change': True}
2020-05-13 18:07:38,028 : EventManager : Event: ======'machine_var_audits_switches_s_dmg_7'====== Args={'value': 7, 'prev_value': None, 'change': True}
2020-05-13 18:07:38,028 : EventManager : Event: ======'machine_var_audits_switches_s_drop_target'====== Args={'value': 463, 'prev_value': None, 'change': True}
2020-05-13 18:07:38,029 : EventManager : Event: ======'machine_var_audits_switches_s_jet_hole'====== Args={'value': 0, 'prev_value': None, 'change': True}
2020-05-13 18:07:38,029 : EventManager : Event: ======'machine_var_audits_switches_s_jet_lane'====== Args={'value': 1, 'prev_value': None, 'change': True}
2020-05-13 18:07:38,029 : EventManager : Event: ======'machine_var_audits_switches_s_kickback'====== Args={'value': 0, 'prev_value': None, 'change': True}
2020-05-13 18:07:38,029 : EventManager : Event: ======'machine_var_audits_switches_s_kickback_target_1'====== Args={'value': 0, 'prev_value': None, 'change': True}
2020-05-13 18:07:38,029 : EventManager : Event: ======'machine_var_audits_switches_s_kickback_target_2'====== Args={'value': 0, 'prev_value': None, 'change': True}
2020-05-13 18:07:38,029 : EventManager : Event: ======'machine_var_audits_switches_s_kickback_target_3'====== Args={'value': 2, 'prev_value': None, 'change': True}
2020-05-13 18:07:38,029 : EventManager : Event: ======'machine_var_audits_switches_s_kickback_terget_1'====== Args={'value': 0, 'prev_value': None, 'change': True}
2020-05-13 18:07:38,029 : EventManager : Event: ======'machine_var_audits_switches_s_left_flipper'====== Args={'value': 163, 'prev_value': None, 'change': True}
2020-05-13 18:07:38,029 : EventManager : Event: ======'machine_var_audits_switches_s_left_hole'====== Args={'value': 0, 'prev_value': None, 'change': True}
2020-05-13 18:07:38,029 : EventManager : Event: ======'machine_var_audits_switches_s_left_inlane'====== Args={'value': 48, 'prev_value': None, 'change': True}
2020-05-13 18:07:38,030 : EventManager : Event: ======'machine_var_audits_switches_s_left_loop_made'====== Args={'value': 23, 'prev_value': None, 'change': True}
2020-05-13 18:07:38,030 : EventManager : Event: ======'machine_var_audits_switches_s_left_loop_pre'====== Args={'value': 1, 'prev_value': None, 'change': True}
2020-05-13 18:07:38,030 : EventManager : Event: ======'machine_var_audits_switches_s_left_mid_inlane'====== Args={'value': 46, 'prev_value': None, 'change': True}
2020-05-13 18:07:38,030 : EventManager : Event: ======'machine_var_audits_switches_s_left_outlane'====== Args={'value': 43, 'prev_value': None, 'change': True}
2020-05-13 18:07:38,030 : EventManager : Event: ======'machine_var_audits_switches_s_left_ramp_made'====== Args={'value': 273, 'prev_value': None, 'change': True}
2020-05-13 18:07:38,030 : EventManager : Event: ======'machine_var_audits_switches_s_left_ramp_pre'====== Args={'value': 2, 'prev_value': None, 'change': True}
2020-05-13 18:07:38,030 : EventManager : Event: ======'machine_var_audits_switches_s_left_slingshot'====== Args={'value': 0, 'prev_value': None, 'change': True}
2020-05-13 18:07:38,030 : EventManager : Event: ======'machine_var_audits_switches_s_lock_1'====== Args={'value': 125, 'prev_value': None, 'change': True}
2020-05-13 18:07:38,030 : EventManager : Event: ======'machine_var_audits_switches_s_lock_2'====== Args={'value': 126, 'prev_value': None, 'change': True}
2020-05-13 18:07:38,030 : EventManager : Event: ======'machine_var_audits_switches_s_lock_3'====== Args={'value': 180, 'prev_value': None, 'change': True}
2020-05-13 18:07:38,030 : EventManager : Event: ======'machine_var_audits_switches_s_magnet_switch'====== Args={'value': 0, 'prev_value': None, 'change': True}
2020-05-13 18:07:38,031 : EventManager : Event: ======'machine_var_audits_switches_s_main_hole'====== Args={'value': 224, 'prev_value': None, 'change': True}
2020-05-13 18:07:38,031 : EventManager : Event: ======'machine_var_audits_switches_s_pen_1'====== Args={'value': 3, 'prev_value': None, 'change': True}
2020-05-13 18:07:38,031 : EventManager : Event: ======'machine_var_audits_switches_s_pen_2'====== Args={'value': 2, 'prev_value': None, 'change': True}
2020-05-13 18:07:38,031 : EventManager : Event: ======'machine_var_audits_switches_s_pen_3'====== Args={'value': 1, 'prev_value': None, 'change': True}
2020-05-13 18:07:38,031 : EventManager : Event: ======'machine_var_audits_switches_s_pen_4'====== Args={'value': 3, 'prev_value': None, 'change': True}
2020-05-13 18:07:38,031 : EventManager : Event: ======'machine_var_audits_switches_s_pen_5'====== Args={'value': 1, 'prev_value': None, 'change': True}
2020-05-13 18:07:38,031 : EventManager : Event: ======'machine_var_audits_switches_s_pen_6'====== Args={'value': 3, 'prev_value': None, 'change': True}
2020-05-13 18:07:38,031 : EventManager : Event: ======'machine_var_audits_switches_s_plunger'====== Args={'value': 948, 'prev_value': None, 'change': True}
2020-05-13 18:07:38,031 : EventManager : Event: ======'machine_var_audits_switches_s_plunger_button'====== Args={'value': 2, 'prev_value': None, 'change': True}
2020-05-13 18:07:38,041 : EventManager : Event: ======'machine_var_audits_switches_s_ricochet_1'====== Args={'value': 37, 'prev_value': None, 'change': True}
2020-05-13 18:07:38,041 : EventManager : Event: ======'machine_var_audits_switches_s_ricochet_2'====== Args={'value': 14, 'prev_value': None, 'change': True}
2020-05-13 18:07:38,041 : EventManager : Event: ======'machine_var_audits_switches_s_ricochet_3'====== Args={'value': 5, 'prev_value': None, 'change': True}
2020-05-13 18:07:38,041 : EventManager : Event: ======'machine_var_audits_switches_s_ricochet_4'====== Args={'value': 6, 'prev_value': None, 'change': True}
2020-05-13 18:07:38,041 : EventManager : Event: ======'machine_var_audits_switches_s_ricochet_5'====== Args={'value': 7, 'prev_value': None, 'change': True}
2020-05-13 18:07:38,041 : EventManager : Event: ======'machine_var_audits_switches_s_right_flipper'====== Args={'value': 890, 'prev_value': None, 'change': True}
2020-05-13 18:07:38,041 : EventManager : Event: ======'machine_var_audits_switches_s_right_hole'====== Args={'value': 26, 'prev_value': None, 'change': True}
2020-05-13 18:07:38,041 : EventManager : Event: ======'machine_var_audits_switches_s_right_inlane'====== Args={'value': 54, 'prev_value': None, 'change': True}
2020-05-13 18:07:38,041 : EventManager : Event: ======'machine_var_audits_switches_s_right_loop_made'====== Args={'value': 5, 'prev_value': None, 'change': True}
2020-05-13 18:07:38,041 : EventManager : Event: ======'machine_var_audits_switches_s_right_loop_pre'====== Args={'value': 2, 'prev_value': None, 'change': True}
2020-05-13 18:07:38,042 : EventManager : Event: ======'machine_var_audits_switches_s_right_outlane'====== Args={'value': 52, 'prev_value': None, 'change': True}
2020-05-13 18:07:38,042 : EventManager : Event: ======'machine_var_audits_switches_s_right_ramp_made'====== Args={'value': 340, 'prev_value': None, 'change': True}
2020-05-13 18:07:38,042 : EventManager : Event: ======'machine_var_audits_switches_s_right_ramp_pre'====== Args={'value': 0, 'prev_value': None, 'change': True}
2020-05-13 18:07:38,042 : EventManager : Event: ======'machine_var_audits_switches_s_right_slingshot'====== Args={'value': 0, 'prev_value': None, 'change': True}
2020-05-13 18:07:38,042 : EventManager : Event: ======'machine_var_audits_switches_s_right_small_ramp'====== Args={'value': 0, 'prev_value': None, 'change': True}
2020-05-13 18:07:38,042 : EventManager : Event: ======'machine_var_audits_switches_s_side_hole'====== Args={'value': 192, 'prev_value': None, 'change': True}
2020-05-13 18:07:38,042 : EventManager : Event: ======'machine_var_audits_switches_s_side_ramp_made'====== Args={'value': 171, 'prev_value': None, 'change': True}
2020-05-13 18:07:38,042 : EventManager : Event: ======'machine_var_audits_switches_s_side_ramp_pre'====== Args={'value': 2, 'prev_value': None, 'change': True}
2020-05-13 18:07:38,042 : EventManager : Event: ======'machine_var_audits_switches_s_start'====== Args={'value': 17, 'prev_value': None, 'change': True}
2020-05-13 18:07:38,042 : EventManager : Event: ======'machine_var_audits_switches_s_torpedo'====== Args={'value': 128, 'prev_value': None, 'change': True}
2020-05-13 18:07:38,042 : EventManager : Event: ======'machine_var_audits_switches_s_torpedo_lane'====== Args={'value': 2, 'prev_value': None, 'change': True}
2020-05-13 18:07:38,042 : EventManager : Event: ======'machine_var_audits_switches_s_trough1'====== Args={'value': 21, 'prev_value': None, 'change': True}
2020-05-13 18:07:38,043 : EventManager : Event: ======'machine_var_audits_switches_s_trough2'====== Args={'value': 13, 'prev_value': None, 'change': True}
2020-05-13 18:07:38,043 : EventManager : Event: ======'machine_var_audits_switches_s_trough3'====== Args={'value': 16, 'prev_value': None, 'change': True}
2020-05-13 18:07:38,043 : EventManager : Event: ======'machine_var_audits_switches_s_trough4'====== Args={'value': 3, 'prev_value': None, 'change': True}
2020-05-13 18:07:38,043 : EventManager : Event: ======'machine_var_audits_switches_s_trough5'====== Args={'value': 0, 'prev_value': None, 'change': True}
2020-05-13 18:07:38,057 : EventManager : Event: ======'machine_var_audits_switches_s_trough6'====== Args={'value': 1, 'prev_value': None, 'change': True}
2020-05-13 18:07:38,057 : EventManager : Event: ======'machine_var_audits_switches_s_trough_jam'====== Args={'value': 0, 'prev_value': None, 'change': True}
2020-05-13 18:07:38,091 : EventManager : Event: ======'mc_reset_phase_1'====== Args={}
2020-05-13 18:07:38,091 : EventManager : Event: ======'mc_reset_phase_2'====== Args={}
2020-05-13 18:07:38,091 : EventManager : Event: ======'mc_reset_phase_3'====== Args={}
2020-05-13 18:07:38,091 : EventManager : Event: ======'mc_reset_complete'====== Args={}
2020-05-13 18:07:39,609 : EventManager : Event: ======'game_started'====== Args={}
2020-05-13 18:07:39,610 : EventManager : Event: ======'player_added'====== Args={'player': <Player 1>, 'num': 1}
2020-05-13 18:07:39,610 : EventManager : Event: ======'player_index'====== Args={'value': 0, 'prev_value': 0, 'change': 0, 'player_num': 1}
2020-05-13 18:07:39,611 : EventManager : Event: ======'player_number'====== Args={'value': 1, 'prev_value': 1, 'change': 0, 'player_num': 1}
2020-05-13 18:07:39,611 : EventManager : Event: ======'player_score'====== Args={'value': 0, 'prev_value': 0, 'change': 0, 'player_num': 1}
2020-05-13 18:07:39,611 : EventManager : Event: ======'player_ReceivedDMG'====== Args={'value': 1, 'prev_value': 0, 'change': 1, 'player_num': 1}
2020-05-13 18:07:39,612 : EventManager : Event: ======'player_DMGValue'====== Args={'value': 10000000, 'prev_value': 0, 'change': 10000000, 'player_num': 1}
2020-05-13 18:07:39,612 : EventManager : Event: ======'player_m1shotmade'====== Args={'value': 0, 'prev_value': 0, 'change': 0, 'player_num': 1}
2020-05-13 18:07:39,613 : EventManager : Event: ======'player_m2shotmade'====== Args={'value': 0, 'prev_value': 0, 'change': 0, 'player_num': 1}
2020-05-13 18:07:39,613 : EventManager : Event: ======'player_m3shotmade'====== Args={'value': 0, 'prev_value': 0, 'change': 0, 'player_num': 1}
2020-05-13 18:07:39,613 : EventManager : Event: ======'player_m4shotmade'====== Args={'value': 0, 'prev_value': 0, 'change': 0, 'player_num': 1}
2020-05-13 18:07:39,614 : EventManager : Event: ======'player_m5shotmade'====== Args={'value': 0, 'prev_value': 0, 'change': 0, 'player_num': 1}
2020-05-13 18:07:39,614 : EventManager : Event: ======'player_m6shotmade'====== Args={'value': 0, 'prev_value': 0, 'change': 0, 'player_num': 1}
2020-05-13 18:07:39,615 : EventManager : Event: ======'player_m7shotmade'====== Args={'value': 0, 'prev_value': 0, 'change': 0, 'player_num': 1}
2020-05-13 18:07:39,615 : EventManager : Event: ======'player_m8shotmade'====== Args={'value': 0, 'prev_value': 0, 'change': 0, 'player_num': 1}
2020-05-13 18:07:39,615 : EventManager : Event: ======'player_m9shotmade'====== Args={'value': 0, 'prev_value': 0, 'change': 0, 'player_num': 1}
2020-05-13 18:07:39,616 : EventManager : Event: ======'player_m1_active'====== Args={'value': 0, 'prev_value': 0, 'change': 0, 'player_num': 1}
2020-05-13 18:07:39,616 : EventManager : Event: ======'player_m2_active'====== Args={'value': 0, 'prev_value': 0, 'change': 0, 'player_num': 1}
2020-05-13 18:07:39,616 : EventManager : Event: ======'player_m3_active'====== Args={'value': 0, 'prev_value': 0, 'change': 0, 'player_num': 1}
2020-05-13 18:07:39,617 : EventManager : Event: ======'player_m4_active'====== Args={'value': 0, 'prev_value': 0, 'change': 0, 'player_num': 1}
2020-05-13 18:07:39,617 : EventManager : Event: ======'player_m5_active'====== Args={'value': 0, 'prev_value': 0, 'change': 0, 'player_num': 1}
2020-05-13 18:07:39,617 : EventManager : Event: ======'player_m6_active'====== Args={'value': 0, 'prev_value': 0, 'change': 0, 'player_num': 1}
2020-05-13 18:07:39,618 : EventManager : Event: ======'player_m7_active'====== Args={'value': 0, 'prev_value': 0, 'change': 0, 'player_num': 1}
2020-05-13 18:07:39,618 : EventManager : Event: ======'player_m8_active'====== Args={'value': 0, 'prev_value': 0, 'change': 0, 'player_num': 1}
2020-05-13 18:07:39,619 : EventManager : Event: ======'player_m9_active'====== Args={'value': 0, 'prev_value': 0, 'change': 0, 'player_num': 1}
2020-05-13 18:07:39,619 : EventManager : Event: ======'player_lock_lit_1_state'====== Args={'value': 0, 'prev_value': 0, 'change': 0, 'player_num': 1}
2020-05-13 18:07:39,619 : EventManager : Event: ======'player_lock_lit_2_state'====== Args={'value': 0, 'prev_value': 0, 'change': 0, 'player_num': 1}
2020-05-13 18:07:39,619 : EventManager : Event: ======'player_freeze_started'====== Args={'value': 0, 'prev_value': 0, 'change': 0, 'player_num': 1}
2020-05-13 18:07:39,619 : EventManager : Event: ======'player_timer_height'====== Args={'value': 0.0, 'prev_value': 0, 'change': 0.0, 'player_num': 1}
2020-05-13 18:07:39,620 : EventManager : Event: ======'player_citadel_number'====== Args={'value': 0, 'prev_value': 0, 'change': 0, 'player_num': 1}
2020-05-13 18:07:39,620 : EventManager : Event: ======'player_torpedo_number'====== Args={'value': 0, 'prev_value': 0, 'change': 0, 'player_num': 1}
2020-05-13 18:07:39,620 : EventManager : Event: ======'player_citadel_load_number'====== Args={'value': 3, 'prev_value': 0, 'change': 3, 'player_num': 1}
2020-05-13 18:07:39,620 : EventManager : Event: ======'player_torpedo_load_number'====== Args={'value': 3, 'prev_value': 0, 'change': 3, 'player_num': 1}
2020-05-13 18:07:39,620 : EventManager : Event: ======'player_citadel_ready'====== Args={'value': 0, 'prev_value': 0, 'change': 0, 'player_num': 1}
2020-05-13 18:07:39,620 : EventManager : Event: ======'player_torpedo_ready'====== Args={'value': 0, 'prev_value': 0, 'change': 0, 'player_num': 1}
2020-05-13 18:07:39,620 : EventManager : Event: ======'player_torpedo_dmg'====== Args={'value': 10.0, 'prev_value': 0, 'change': 10.0, 'player_num': 1}
2020-05-13 18:07:39,620 : EventManager : Event: ======'player_citadel_dmg'====== Args={'value': 10.0, 'prev_value': 0, 'change': 10.0, 'player_num': 1}
2020-05-13 18:07:39,621 : EventManager : Event: ======'player_fire_dmg'====== Args={'value': 10.0, 'prev_value': 0, 'change': 10.0, 'player_num': 1}
2020-05-13 18:07:39,621 : EventManager : Event: ======'player_modeshotmade'====== Args={'value': 0, 'prev_value': 0, 'change': 0, 'player_num': 1}
2020-05-13 18:07:39,621 : EventManager : Event: ======'player_super_lock'====== Args={'value': 0, 'prev_value': 0, 'change': 0, 'player_num': 1}
2020-05-13 18:07:39,621 : EventManager : Event: ======'player_container_lit'====== Args={'value': 0, 'prev_value': 0, 'change': 0, 'player_num': 1}
2020-05-13 18:07:39,621 : EventManager : Event: ======'player_addaball_lit'====== Args={'value': 0, 'prev_value': 0, 'change': 0, 'player_num': 1}
2020-05-13 18:07:39,621 : EventManager : Event: ======'player_more_time_lit'====== Args={'value': 0, 'prev_value': 0, 'change': 0, 'player_num': 1}
2020-05-13 18:07:39,621 : EventManager : Event: ======'player_ship'====== Args={'value': 'None', 'prev_value': 0, 'change': True, 'player_num': 1}
2020-05-13 18:07:39,621 : EventManager : Event: ======'player_language'====== Args={'value': 'None', 'prev_value': 0, 'change': True, 'player_num': 1}
2020-05-13 18:07:39,621 : EventManager : Event: ======'player_battle_bumper'====== Args={'value': 'fire', 'prev_value': 0, 'change': True, 'player_num': 1}
2020-05-13 18:07:39,657 : EventManager : Event: ======'player_ball'====== Args={'value': 1, 'prev_value': 0, 'change': 1, 'player_num': 1}
2020-05-13 18:07:39,658 : EventManager : Event: ======'player_turn_start'====== Args={'number': 1, 'player': <Player 1>}
2020-05-13 18:07:39,691 : EventManager : Event: ======'player_shot_detonation_lit_enabled'====== Args={'value': True, 'prev_value': 0, 'change': 1, 'player_num': 1}
2020-05-13 18:07:39,691 : EventManager : Event: ======'player_shot_detonation_enabled'====== Args={'value': False, 'prev_value': 0, 'change': 0, 'player_num': 1}
2020-05-13 18:07:39,691 : EventManager : Event: ======'player_shot_ricochet_1_enabled'====== Args={'value': True, 'prev_value': 0, 'change': 1, 'player_num': 1}
2020-05-13 18:07:39,691 : EventManager : Event: ======'player_shot_ricochet_2_enabled'====== Args={'value': True, 'prev_value': 0, 'change': 1, 'player_num': 1}
2020-05-13 18:07:39,692 : EventManager : Event: ======'player_shot_ricochet_3_enabled'====== Args={'value': True, 'prev_value': 0, 'change': 1, 'player_num': 1}
2020-05-13 18:07:39,692 : EventManager : Event: ======'player_shot_ricochet_4_enabled'====== Args={'value': True, 'prev_value': 0, 'change': 1, 'player_num': 1}
2020-05-13 18:07:39,692 : EventManager : Event: ======'player_shot_ricochet_5_enabled'====== Args={'value': True, 'prev_value': 0, 'change': 1, 'player_num': 1}
2020-05-13 18:07:39,692 : EventManager : Event: ======'player_shot_lock_lit_1_enabled'====== Args={'value': True, 'prev_value': 0, 'change': 1, 'player_num': 1}
2020-05-13 18:07:39,692 : EventManager : Event: ======'player_shot_lock_lit_2_enabled'====== Args={'value': True, 'prev_value': 0, 'change': 1, 'player_num': 1}
2020-05-13 18:07:39,725 : EventManager : Event: ======'player_DMGValue'====== Args={'value': 120000000, 'prev_value': 10000000, 'change': 110000000, 'player_num': 1}
2020-05-13 18:07:39,725 : EventManager : Event: ======'player_shot_lock_lit_1_enabled'====== Args={'value': False, 'prev_value': True, 'change': -1, 'player_num': 1}
2020-05-13 18:07:39,725 : EventManager : Event: ======'player_shot_lock_lit_2_enabled'====== Args={'value': False, 'prev_value': True, 'change': -1, 'player_num': 1}
2020-05-13 18:07:39,725 : EventManager : Event: ======'player_shot_lock_lit_1_enabled'====== Args={'value': True, 'prev_value': False, 'change': 1, 'player_num': 1}
2020-05-13 18:07:39,725 : EventManager : Event: ======'player_shot_lock_lit_2_enabled'====== Args={'value': True, 'prev_value': False, 'change': 1, 'player_num': 1}
2020-05-13 18:07:39,758 : EventManager : Event: ======'slides_play'====== Args={'settings': {'haragumo_lit': {'widgets': [{'type': 'text', 'font_size': 20, 'text': 'HARAGUMO', '_default_settings': ['type', 'font_size', 'text'], 'x': None, 'y': None, 'anchor_x': 'center', 'anchor_y': 'center', 'round_anchor_x': None, 'round_anchor_y': None, 'opacity': 1.0, 'z': 0, 'reset_animations_events': {}, 'color': [1.0, 1.0, 1.0, 1.0], 'style': [], 'adjust_top': 0, 'adjust_bottom': 0, 'adjust_left': 0, 'adjust_right': 0, 'expire': None, 'key': None, 'widget': None, 'events_when_added': [], 'events_when_removed': [], 'bitmap_font': False, 'font_kerning': True, 'bold': False, 'italic': False, 'number_grouping': False, 'min_digits': 0, 'halign': 'center', 'valign': 'middle', 'rotation': 0, 'scale': 1.0, 'casing': None, 'animations': None}], 'target': None, 'background_color': [0.0, 0.0, 0.0, 1.0], 'priority': None, 'show': True, 'force': False, 'expire': None, 'slide': None, 'tokens': {}, 'action': 'play'}}, 'context': 'show_15', 'calling_context': 0, 'priority': 100, 'show_tokens': {}, 'start_time': 4352.468}
2020-05-13 18:07:39,759 : mpfmc : SlidePlayer: Play called with settings={'haragumo_lit': {'widgets': [{'type': 'text', 'font_size': 20, 'text': 'HARAGUMO', '_default_settings': ['type', 'font_size', 'text'], 'x': None, 'y': None, 'anchor_x': 'center', 'anchor_y': 'center', 'round_anchor_x': None, 'round_anchor_y': None, 'opacity': 1.0, 'z': 0, 'reset_animations_events': {}, 'color': [1.0, 1.0, 1.0, 1.0], 'style': [], 'adjust_top': 0, 'adjust_bottom': 0, 'adjust_left': 0, 'adjust_right': 0, 'expire': None, 'key': None, 'widget': None, 'events_when_added': [], 'events_when_removed': [], 'bitmap_font': False, 'font_kerning': True, 'bold': False, 'italic': False, 'number_grouping': False, 'min_digits': 0, 'halign': 'center', 'valign': 'middle', 'rotation': 0, 'scale': 1.0, 'casing': None, 'animations': None}], 'target': None, 'background_color': [0.0, 0.0, 0.0, 1.0], 'priority': None, 'show': True, 'force': False, 'expire': None, 'slide': None, 'tokens': {}, 'action': 'play'}}
2020-05-13 18:07:39,774 : EventManager : Event: ======'slide_haragumo_lit_created'====== Args={}
2020-05-13 18:07:39,776 : EventManager : Event: ======'slide_haragumo_lit_active'====== Args={}
2020-05-13 18:07:39,891 : EventManager : Event: ======'machine_var_audits_switches_s_plunger'====== Args={'value': 949, 'prev_value': 948, 'change': 1}
2020-05-13 18:07:40,758 : EventManager : Event: ======'slides_play'====== Args={'settings': {'haragumo_lit': {'widgets': [{'type': 'text', 'font_size': 20, 'text': 'HARAGUMO', '_default_settings': ['type', 'font_size', 'text'], 'x': None, 'y': None, 'anchor_x': 'center', 'anchor_y': 'center', 'round_anchor_x': None, 'round_anchor_y': None, 'opacity': 1.0, 'z': 0, 'reset_animations_events': {}, 'color': [1.0, 1.0, 1.0, 1.0], 'style': [], 'adjust_top': 0, 'adjust_bottom': 0, 'adjust_left': 0, 'adjust_right': 0, 'expire': None, 'key': None, 'widget': None, 'events_when_added': [], 'events_when_removed': [], 'bitmap_font': False, 'font_kerning': True, 'bold': False, 'italic': False, 'number_grouping': False, 'min_digits': 0, 'halign': 'center', 'valign': 'middle', 'rotation': 0, 'scale': 1.0, 'casing': None, 'animations': None}], 'target': None, 'background_color': [0.0, 0.0, 0.0, 1.0], 'priority': None, 'show': True, 'force': False, 'expire': None, 'slide': None, 'tokens': {}, 'action': 'play'}}, 'context': 'show_15', 'calling_context': 0, 'priority': 100, 'show_tokens': {}, 'start_time': 4353.468}
2020-05-13 18:07:40,758 : mpfmc : SlidePlayer: Play called with settings={'haragumo_lit': {'widgets': [{'type': 'text', 'font_size': 20, 'text': 'HARAGUMO', '_default_settings': ['type', 'font_size', 'text'], 'x': None, 'y': None, 'anchor_x': 'center', 'anchor_y': 'center', 'round_anchor_x': None, 'round_anchor_y': None, 'opacity': 1.0, 'z': 0, 'reset_animations_events': {}, 'color': [1.0, 1.0, 1.0, 1.0], 'style': [], 'adjust_top': 0, 'adjust_bottom': 0, 'adjust_left': 0, 'adjust_right': 0, 'expire': None, 'key': None, 'widget': None, 'events_when_added': [], 'events_when_removed': [], 'bitmap_font': False, 'font_kerning': True, 'bold': False, 'italic': False, 'number_grouping': False, 'min_digits': 0, 'halign': 'center', 'valign': 'middle', 'rotation': 0, 'scale': 1.0, 'casing': None, 'animations': None}], 'target': None, 'background_color': [0.0, 0.0, 0.0, 1.0], 'priority': None, 'show': True, 'force': False, 'expire': None, 'slide': None, 'tokens': {}, 'action': 'play'}}
2020-05-13 18:07:40,759 : EventManager : Event: ======'slide_haragumo_lit_removed'====== Args={}
2020-05-13 18:07:40,761 : EventManager : Event: ======'slide_haragumo_lit_created'====== Args={}
2020-05-13 18:07:40,762 : EventManager : Event: ======'slide_haragumo_lit_active'====== Args={}
2020-05-13 18:07:41,758 : EventManager : Event: ======'slides_play'====== Args={'settings': {'haragumo_lit': {'widgets': [{'type': 'text', 'font_size': 20, 'text': 'HARAGUMO', '_default_settings': ['type', 'font_size', 'text'], 'x': None, 'y': None, 'anchor_x': 'center', 'anchor_y': 'center', 'round_anchor_x': None, 'round_anchor_y': None, 'opacity': 1.0, 'z': 0, 'reset_animations_events': {}, 'color': [1.0, 1.0, 1.0, 1.0], 'style': [], 'adjust_top': 0, 'adjust_bottom': 0, 'adjust_left': 0, 'adjust_right': 0, 'expire': None, 'key': None, 'widget': None, 'events_when_added': [], 'events_when_removed': [], 'bitmap_font': False, 'font_kerning': True, 'bold': False, 'italic': False, 'number_grouping': False, 'min_digits': 0, 'halign': 'center', 'valign': 'middle', 'rotation': 0, 'scale': 1.0, 'casing': None, 'animations': None}], 'target': None, 'background_color': [0.0, 0.0, 0.0, 1.0], 'priority': None, 'show': True, 'force': False, 'expire': None, 'slide': None, 'tokens': {}, 'action': 'play'}}, 'context': 'show_15', 'calling_context': 0, 'priority': 100, 'show_tokens': {}, 'start_time': 4354.468}
2020-05-13 18:07:41,758 : mpfmc : SlidePlayer: Play called with settings={'haragumo_lit': {'widgets': [{'type': 'text', 'font_size': 20, 'text': 'HARAGUMO', '_default_settings': ['type', 'font_size', 'text'], 'x': None, 'y': None, 'anchor_x': 'center', 'anchor_y': 'center', 'round_anchor_x': None, 'round_anchor_y': None, 'opacity': 1.0, 'z': 0, 'reset_animations_events': {}, 'color': [1.0, 1.0, 1.0, 1.0], 'style': [], 'adjust_top': 0, 'adjust_bottom': 0, 'adjust_left': 0, 'adjust_right': 0, 'expire': None, 'key': None, 'widget': None, 'events_when_added': [], 'events_when_removed': [], 'bitmap_font': False, 'font_kerning': True, 'bold': False, 'italic': False, 'number_grouping': False, 'min_digits': 0, 'halign': 'center', 'valign': 'middle', 'rotation': 0, 'scale': 1.0, 'casing': None, 'animations': None}], 'target': None, 'background_color': [0.0, 0.0, 0.0, 1.0], 'priority': None, 'show': True, 'force': False, 'expire': None, 'slide': None, 'tokens': {}, 'action': 'play'}}
2020-05-13 18:07:41,759 : EventManager : Event: ======'slide_haragumo_lit_removed'====== Args={}
2020-05-13 18:07:41,762 : EventManager : Event: ======'slide_haragumo_lit_created'====== Args={}
2020-05-13 18:07:41,763 : EventManager : Event: ======'slide_haragumo_lit_active'====== Args={}
2020-05-13 18:07:42,108 : EventManager : Event: ======'machine_var_audits_switches_s_right_flipper'====== Args={'value': 891, 'prev_value': 890, 'change': 1}
2020-05-13 18:07:42,175 : EventManager : Event: ======'slides_clear'====== Args={'context': 'show_15'}
2020-05-13 18:07:42,175 : EventManager : Event: ======'slides_play'====== Args={'settings': {'des_moines_lit': {'widgets': [{'type': 'text', 'font_size': 20, 'text': 'DES MOINES', '_default_settings': ['type', 'font_size', 'text'], 'x': None, 'y': None, 'anchor_x': 'center', 'anchor_y': 'center', 'round_anchor_x': None, 'round_anchor_y': None, 'opacity': 1.0, 'z': 0, 'reset_animations_events': {}, 'color': [1.0, 1.0, 1.0, 1.0], 'style': [], 'adjust_top': 0, 'adjust_bottom': 0, 'adjust_left': 0, 'adjust_right': 0, 'expire': None, 'key': None, 'widget': None, 'events_when_added': [], 'events_when_removed': [], 'bitmap_font': False, 'font_kerning': True, 'bold': False, 'italic': False, 'number_grouping': False, 'min_digits': 0, 'halign': 'center', 'valign': 'middle', 'rotation': 0, 'scale': 1.0, 'casing': None, 'animations': None}], 'target': None, 'background_color': [0.0, 0.0, 0.0, 1.0], 'priority': None, 'show': True, 'force': False, 'expire': None, 'slide': None, 'tokens': {}, 'action': 'play'}}, 'context': 'show_18', 'calling_context': 0, 'priority': 100, 'show_tokens': {}, 'start_time': 4354.875}
2020-05-13 18:07:42,176 : EventManager : Event: ======'slide_haragumo_lit_removed'====== Args={}
2020-05-13 18:07:42,176 : mpfmc : SlidePlayer: Play called with settings={'des_moines_lit': {'widgets': [{'type': 'text', 'font_size': 20, 'text': 'DES MOINES', '_default_settings': ['type', 'font_size', 'text'], 'x': None, 'y': None, 'anchor_x': 'center', 'anchor_y': 'center', 'round_anchor_x': None, 'round_anchor_y': None, 'opacity': 1.0, 'z': 0, 'reset_animations_events': {}, 'color': [1.0, 1.0, 1.0, 1.0], 'style': [], 'adjust_top': 0, 'adjust_bottom': 0, 'adjust_left': 0, 'adjust_right': 0, 'expire': None, 'key': None, 'widget': None, 'events_when_added': [], 'events_when_removed': [], 'bitmap_font': False, 'font_kerning': True, 'bold': False, 'italic': False, 'number_grouping': False, 'min_digits': 0, 'halign': 'center', 'valign': 'middle', 'rotation': 0, 'scale': 1.0, 'casing': None, 'animations': None}], 'target': None, 'background_color': [0.0, 0.0, 0.0, 1.0], 'priority': None, 'show': True, 'force': False, 'expire': None, 'slide': None, 'tokens': {}, 'action': 'play'}}
2020-05-13 18:07:42,178 : EventManager : Event: ======'slide_des_moines_lit_created'====== Args={}
2020-05-13 18:07:42,179 : EventManager : Event: ======'slide_des_moines_lit_active'====== Args={}
2020-05-13 18:07:42,525 : EventManager : Event: ======'machine_var_audits_switches_s_right_flipper'====== Args={'value': 892, 'prev_value': 891, 'change': 1}
2020-05-13 18:07:42,608 : EventManager : Event: ======'slides_clear'====== Args={'context': 'show_18'}
2020-05-13 18:07:42,609 : EventManager : Event: ======'slides_play'====== Args={'settings': {'stalingrad_lit': {'widgets': [{'type': 'text', 'font_size': 20, 'text': 'STALINGRAD', '_default_settings': ['type', 'font_size', 'text'], 'x': None, 'y': None, 'anchor_x': 'center', 'anchor_y': 'center', 'round_anchor_x': None, 'round_anchor_y': None, 'opacity': 1.0, 'z': 0, 'reset_animations_events': {}, 'color': [1.0, 1.0, 1.0, 1.0], 'style': [], 'adjust_top': 0, 'adjust_bottom': 0, 'adjust_left': 0, 'adjust_right': 0, 'expire': None, 'key': None, 'widget': None, 'events_when_added': [], 'events_when_removed': [], 'bitmap_font': False, 'font_kerning': True, 'bold': False, 'italic': False, 'number_grouping': False, 'min_digits': 0, 'halign': 'center', 'valign': 'middle', 'rotation': 0, 'scale': 1.0, 'casing': None, 'animations': None}], 'target': None, 'background_color': [0.0, 0.0, 0.0, 1.0], 'priority': None, 'show': True, 'force': False, 'expire': None, 'slide': None, 'tokens': {}, 'action': 'play'}}, 'context': 'show_21', 'calling_context': 0, 'priority': 100, 'show_tokens': {}, 'start_time': 4355.312}
2020-05-13 18:07:42,609 : EventManager : Event: ======'slide_des_moines_lit_removed'====== Args={}
2020-05-13 18:07:42,610 : mpfmc : SlidePlayer: Play called with settings={'stalingrad_lit': {'widgets': [{'type': 'text', 'font_size': 20, 'text': 'STALINGRAD', '_default_settings': ['type', 'font_size', 'text'], 'x': None, 'y': None, 'anchor_x': 'center', 'anchor_y': 'center', 'round_anchor_x': None, 'round_anchor_y': None, 'opacity': 1.0, 'z': 0, 'reset_animations_events': {}, 'color': [1.0, 1.0, 1.0, 1.0], 'style': [], 'adjust_top': 0, 'adjust_bottom': 0, 'adjust_left': 0, 'adjust_right': 0, 'expire': None, 'key': None, 'widget': None, 'events_when_added': [], 'events_when_removed': [], 'bitmap_font': False, 'font_kerning': True, 'bold': False, 'italic': False, 'number_grouping': False, 'min_digits': 0, 'halign': 'center', 'valign': 'middle', 'rotation': 0, 'scale': 1.0, 'casing': None, 'animations': None}], 'target': None, 'background_color': [0.0, 0.0, 0.0, 1.0], 'priority': None, 'show': True, 'force': False, 'expire': None, 'slide': None, 'tokens': {}, 'action': 'play'}}
2020-05-13 18:07:42,612 : EventManager : Event: ======'slide_stalingrad_lit_created'====== Args={}
2020-05-13 18:07:42,613 : EventManager : Event: ======'slide_stalingrad_lit_active'====== Args={}
2020-05-13 18:07:42,908 : EventManager : Event: ======'machine_var_audits_switches_s_right_flipper'====== Args={'value': 893, 'prev_value': 892, 'change': 1}
2020-05-13 18:07:42,992 : EventManager : Event: ======'slides_clear'====== Args={'context': 'show_21'}
2020-05-13 18:07:42,992 : EventManager : Event: ======'slides_play'====== Args={'settings': {'venezia_lit': {'widgets': [{'type': 'text', 'font_size': 20, 'text': 'VENEZIA', '_default_settings': ['type', 'font_size', 'text'], 'x': None, 'y': None, 'anchor_x': 'center', 'anchor_y': 'center', 'round_anchor_x': None, 'round_anchor_y': None, 'opacity': 1.0, 'z': 0, 'reset_animations_events': {}, 'color': [1.0, 1.0, 1.0, 1.0], 'style': [], 'adjust_top': 0, 'adjust_bottom': 0, 'adjust_left': 0, 'adjust_right': 0, 'expire': None, 'key': None, 'widget': None, 'events_when_added': [], 'events_when_removed': [], 'bitmap_font': False, 'font_kerning': True, 'bold': False, 'italic': False, 'number_grouping': False, 'min_digits': 0, 'halign': 'center', 'valign': 'middle', 'rotation': 0, 'scale': 1.0, 'casing': None, 'animations': None}], 'target': None, 'background_color': [0.0, 0.0, 0.0, 1.0], 'priority': None, 'show': True, 'force': False, 'expire': None, 'slide': None, 'tokens': {}, 'action': 'play'}}, 'context': 'show_24', 'calling_context': 0, 'priority': 100, 'show_tokens': {}, 'start_time': 4355.687}
2020-05-13 18:07:42,993 : EventManager : Event: ======'slide_stalingrad_lit_removed'====== Args={}
2020-05-13 18:07:42,993 : mpfmc : SlidePlayer: Play called with settings={'venezia_lit': {'widgets': [{'type': 'text', 'font_size': 20, 'text': 'VENEZIA', '_default_settings': ['type', 'font_size', 'text'], 'x': None, 'y': None, 'anchor_x': 'center', 'anchor_y': 'center', 'round_anchor_x': None, 'round_anchor_y': None, 'opacity': 1.0, 'z': 0, 'reset_animations_events': {}, 'color': [1.0, 1.0, 1.0, 1.0], 'style': [], 'adjust_top': 0, 'adjust_bottom': 0, 'adjust_left': 0, 'adjust_right': 0, 'expire': None, 'key': None, 'widget': None, 'events_when_added': [], 'events_when_removed': [], 'bitmap_font': False, 'font_kerning': True, 'bold': False, 'italic': False, 'number_grouping': False, 'min_digits': 0, 'halign': 'center', 'valign': 'middle', 'rotation': 0, 'scale': 1.0, 'casing': None, 'animations': None}], 'target': None, 'background_color': [0.0, 0.0, 0.0, 1.0], 'priority': None, 'show': True, 'force': False, 'expire': None, 'slide': None, 'tokens': {}, 'action': 'play'}}
2020-05-13 18:07:42,995 : EventManager : Event: ======'slide_venezia_lit_created'====== Args={}
2020-05-13 18:07:42,996 : EventManager : Event: ======'slide_venezia_lit_active'====== Args={}
2020-05-13 18:07:43,291 : EventManager : Event: ======'machine_var_audits_switches_s_right_flipper'====== Args={'value': 894, 'prev_value': 893, 'change': 1}
2020-05-13 18:07:43,358 : EventManager : Event: ======'slides_clear'====== Args={'context': 'show_24'}
2020-05-13 18:07:43,358 : EventManager : Event: ======'slides_play'====== Args={'settings': {'yamato_lit': {'widgets': [{'type': 'text', 'font_size': 20, 'text': 'YAMATO', '_default_settings': ['type', 'font_size', 'text'], 'x': None, 'y': None, 'anchor_x': 'center', 'anchor_y': 'center', 'round_anchor_x': None, 'round_anchor_y': None, 'opacity': 1.0, 'z': 0, 'reset_animations_events': {}, 'color': [1.0, 1.0, 1.0, 1.0], 'style': [], 'adjust_top': 0, 'adjust_bottom': 0, 'adjust_left': 0, 'adjust_right': 0, 'expire': None, 'key': None, 'widget': None, 'events_when_added': [], 'events_when_removed': [], 'bitmap_font': False, 'font_kerning': True, 'bold': False, 'italic': False, 'number_grouping': False, 'min_digits': 0, 'halign': 'center', 'valign': 'middle', 'rotation': 0, 'scale': 1.0, 'casing': None, 'animations': None}], 'target': None, 'background_color': [0.0, 0.0, 0.0, 1.0], 'priority': None, 'show': True, 'force': False, 'expire': None, 'slide': None, 'tokens': {}, 'action': 'play'}}, 'context': 'show_27', 'calling_context': 0, 'priority': 100, 'show_tokens': {}, 'start_time': 4356.046}
2020-05-13 18:07:43,359 : EventManager : Event: ======'slide_venezia_lit_removed'====== Args={}
2020-05-13 18:07:43,359 : mpfmc : SlidePlayer: Play called with settings={'yamato_lit': {'widgets': [{'type': 'text', 'font_size': 20, 'text': 'YAMATO', '_default_settings': ['type', 'font_size', 'text'], 'x': None, 'y': None, 'anchor_x': 'center', 'anchor_y': 'center', 'round_anchor_x': None, 'round_anchor_y': None, 'opacity': 1.0, 'z': 0, 'reset_animations_events': {}, 'color': [1.0, 1.0, 1.0, 1.0], 'style': [], 'adjust_top': 0, 'adjust_bottom': 0, 'adjust_left': 0, 'adjust_right': 0, 'expire': None, 'key': None, 'widget': None, 'events_when_added': [], 'events_when_removed': [], 'bitmap_font': False, 'font_kerning': True, 'bold': False, 'italic': False, 'number_grouping': False, 'min_digits': 0, 'halign': 'center', 'valign': 'middle', 'rotation': 0, 'scale': 1.0, 'casing': None, 'animations': None}], 'target': None, 'background_color': [0.0, 0.0, 0.0, 1.0], 'priority': None, 'show': True, 'force': False, 'expire': None, 'slide': None, 'tokens': {}, 'action': 'play'}}
2020-05-13 18:07:43,361 : EventManager : Event: ======'slide_yamato_lit_created'====== Args={}
2020-05-13 18:07:43,362 : EventManager : Event: ======'slide_yamato_lit_active'====== Args={}
2020-05-13 18:07:43,625 : EventManager : Event: ======'machine_var_audits_switches_s_right_flipper'====== Args={'value': 895, 'prev_value': 894, 'change': 1}
2020-05-13 18:07:43,691 : EventManager : Event: ======'slides_clear'====== Args={'context': 'show_27'}
2020-05-13 18:07:43,691 : EventManager : Event: ======'slides_play'====== Args={'settings': {'conqueror_lit': {'widgets': [{'type': 'text', 'font_size': 20, 'text': 'CONQUEROR', '_default_settings': ['type', 'font_size', 'text'], 'x': None, 'y': None, 'anchor_x': 'center', 'anchor_y': 'center', 'round_anchor_x': None, 'round_anchor_y': None, 'opacity': 1.0, 'z': 0, 'reset_animations_events': {}, 'color': [1.0, 1.0, 1.0, 1.0], 'style': [], 'adjust_top': 0, 'adjust_bottom': 0, 'adjust_left': 0, 'adjust_right': 0, 'expire': None, 'key': None, 'widget': None, 'events_when_added': [], 'events_when_removed': [], 'bitmap_font': False, 'font_kerning': True, 'bold': False, 'italic': False, 'number_grouping': False, 'min_digits': 0, 'halign': 'center', 'valign': 'middle', 'rotation': 0, 'scale': 1.0, 'casing': None, 'animations': None}], 'target': None, 'background_color': [0.0, 0.0, 0.0, 1.0], 'priority': None, 'show': True, 'force': False, 'expire': None, 'slide': None, 'tokens': {}, 'action': 'play'}}, 'context': 'show_30', 'calling_context': 0, 'priority': 100, 'show_tokens': {}, 'start_time': 4356.39}
2020-05-13 18:07:43,692 : EventManager : Event: ======'slide_yamato_lit_removed'====== Args={}
2020-05-13 18:07:43,692 : mpfmc : SlidePlayer: Play called with settings={'conqueror_lit': {'widgets': [{'type': 'text', 'font_size': 20, 'text': 'CONQUEROR', '_default_settings': ['type', 'font_size', 'text'], 'x': None, 'y': None, 'anchor_x': 'center', 'anchor_y': 'center', 'round_anchor_x': None, 'round_anchor_y': None, 'opacity': 1.0, 'z': 0, 'reset_animations_events': {}, 'color': [1.0, 1.0, 1.0, 1.0], 'style': [], 'adjust_top': 0, 'adjust_bottom': 0, 'adjust_left': 0, 'adjust_right': 0, 'expire': None, 'key': None, 'widget': None, 'events_when_added': [], 'events_when_removed': [], 'bitmap_font': False, 'font_kerning': True, 'bold': False, 'italic': False, 'number_grouping': False, 'min_digits': 0, 'halign': 'center', 'valign': 'middle', 'rotation': 0, 'scale': 1.0, 'casing': None, 'animations': None}], 'target': None, 'background_color': [0.0, 0.0, 0.0, 1.0], 'priority': None, 'show': True, 'force': False, 'expire': None, 'slide': None, 'tokens': {}, 'action': 'play'}}
2020-05-13 18:07:43,694 : EventManager : Event: ======'slide_conqueror_lit_created'====== Args={}
2020-05-13 18:07:43,696 : EventManager : Event: ======'slide_conqueror_lit_active'====== Args={}
2020-05-13 18:07:43,925 : EventManager : Event: ======'machine_var_audits_switches_s_right_flipper'====== Args={'value': 896, 'prev_value': 895, 'change': 1}
2020-05-13 18:07:43,975 : EventManager : Event: ======'slides_clear'====== Args={'context': 'show_30'}
2020-05-13 18:07:43,976 : EventManager : Event: ======'slides_play'====== Args={'settings': {'grosser_kurfurst_lit': {'widgets': [{'type': 'text', 'font_size': 20, 'text': 'GROSSER_KURFURST', '_default_settings': ['type', 'font_size', 'text'], 'x': None, 'y': None, 'anchor_x': 'center', 'anchor_y': 'center', 'round_anchor_x': None, 'round_anchor_y': None, 'opacity': 1.0, 'z': 0, 'reset_animations_events': {}, 'color': [1.0, 1.0, 1.0, 1.0], 'style': [], 'adjust_top': 0, 'adjust_bottom': 0, 'adjust_left': 0, 'adjust_right': 0, 'expire': None, 'key': None, 'widget': None, 'events_when_added': [], 'events_when_removed': [], 'bitmap_font': False, 'font_kerning': True, 'bold': False, 'italic': False, 'number_grouping': False, 'min_digits': 0, 'halign': 'center', 'valign': 'middle', 'rotation': 0, 'scale': 1.0, 'casing': None, 'animations': None}], 'target': None, 'background_color': [0.0, 0.0, 0.0, 1.0], 'priority': None, 'show': True, 'force': False, 'expire': None, 'slide': None, 'tokens': {}, 'action': 'play'}}, 'context': 'show_33', 'calling_context': 0, 'priority': 100, 'show_tokens': {}, 'start_time': 4356.671}
2020-05-13 18:07:43,976 : EventManager : Event: ======'slide_conqueror_lit_removed'====== Args={}
2020-05-13 18:07:43,977 : mpfmc : SlidePlayer: Play called with settings={'grosser_kurfurst_lit': {'widgets': [{'type': 'text', 'font_size': 20, 'text': 'GROSSER_KURFURST', '_default_settings': ['type', 'font_size', 'text'], 'x': None, 'y': None, 'anchor_x': 'center', 'anchor_y': 'center', 'round_anchor_x': None, 'round_anchor_y': None, 'opacity': 1.0, 'z': 0, 'reset_animations_events': {}, 'color': [1.0, 1.0, 1.0, 1.0], 'style': [], 'adjust_top': 0, 'adjust_bottom': 0, 'adjust_left': 0, 'adjust_right': 0, 'expire': None, 'key': None, 'widget': None, 'events_when_added': [], 'events_when_removed': [], 'bitmap_font': False, 'font_kerning': True, 'bold': False, 'italic': False, 'number_grouping': False, 'min_digits': 0, 'halign': 'center', 'valign': 'middle', 'rotation': 0, 'scale': 1.0, 'casing': None, 'animations': None}], 'target': None, 'background_color': [0.0, 0.0, 0.0, 1.0], 'priority': None, 'show': True, 'force': False, 'expire': None, 'slide': None, 'tokens': {}, 'action': 'play'}}
2020-05-13 18:07:43,979 : EventManager : Event: ======'slide_grosser_kurfurst_lit_created'====== Args={}
2020-05-13 18:07:43,980 : EventManager : Event: ======'slide_grosser_kurfurst_lit_active'====== Args={}
2020-05-13 18:07:44,958 : EventManager : Event: ======'slides_play'====== Args={'settings': {'grosser_kurfurst_lit': {'widgets': [{'type': 'text', 'font_size': 20, 'text': 'GROSSER_KURFURST', '_default_settings': ['type', 'font_size', 'text'], 'x': None, 'y': None, 'anchor_x': 'center', 'anchor_y': 'center', 'round_anchor_x': None, 'round_anchor_y': None, 'opacity': 1.0, 'z': 0, 'reset_animations_events': {}, 'color': [1.0, 1.0, 1.0, 1.0], 'style': [], 'adjust_top': 0, 'adjust_bottom': 0, 'adjust_left': 0, 'adjust_right': 0, 'expire': None, 'key': None, 'widget': None, 'events_when_added': [], 'events_when_removed': [], 'bitmap_font': False, 'font_kerning': True, 'bold': False, 'italic': False, 'number_grouping': False, 'min_digits': 0, 'halign': 'center', 'valign': 'middle', 'rotation': 0, 'scale': 1.0, 'casing': None, 'animations': None}], 'target': None, 'background_color': [0.0, 0.0, 0.0, 1.0], 'priority': None, 'show': True, 'force': False, 'expire': None, 'slide': None, 'tokens': {}, 'action': 'play'}}, 'context': 'show_33', 'calling_context': 0, 'priority': 100, 'show_tokens': {}, 'start_time': 4357.671}
2020-05-13 18:07:44,958 : mpfmc : SlidePlayer: Play called with settings={'grosser_kurfurst_lit': {'widgets': [{'type': 'text', 'font_size': 20, 'text': 'GROSSER_KURFURST', '_default_settings': ['type', 'font_size', 'text'], 'x': None, 'y': None, 'anchor_x': 'center', 'anchor_y': 'center', 'round_anchor_x': None, 'round_anchor_y': None, 'opacity': 1.0, 'z': 0, 'reset_animations_events': {}, 'color': [1.0, 1.0, 1.0, 1.0], 'style': [], 'adjust_top': 0, 'adjust_bottom': 0, 'adjust_left': 0, 'adjust_right': 0, 'expire': None, 'key': None, 'widget': None, 'events_when_added': [], 'events_when_removed': [], 'bitmap_font': False, 'font_kerning': True, 'bold': False, 'italic': False, 'number_grouping': False, 'min_digits': 0, 'halign': 'center', 'valign': 'middle', 'rotation': 0, 'scale': 1.0, 'casing': None, 'animations': None}], 'target': None, 'background_color': [0.0, 0.0, 0.0, 1.0], 'priority': None, 'show': True, 'force': False, 'expire': None, 'slide': None, 'tokens': {}, 'action': 'play'}}
2020-05-13 18:07:44,959 : EventManager : Event: ======'slide_grosser_kurfurst_lit_removed'====== Args={}
2020-05-13 18:07:44,961 : EventManager : Event: ======'slide_grosser_kurfurst_lit_created'====== Args={}
2020-05-13 18:07:44,963 : EventManager : Event: ======'slide_grosser_kurfurst_lit_active'====== Args={}
2020-05-13 18:07:45,959 : EventManager : Event: ======'slides_play'====== Args={'settings': {'grosser_kurfurst_lit': {'widgets': [{'type': 'text', 'font_size': 20, 'text': 'GROSSER_KURFURST', '_default_settings': ['type', 'font_size', 'text'], 'x': None, 'y': None, 'anchor_x': 'center', 'anchor_y': 'center', 'round_anchor_x': None, 'round_anchor_y': None, 'opacity': 1.0, 'z': 0, 'reset_animations_events': {}, 'color': [1.0, 1.0, 1.0, 1.0], 'style': [], 'adjust_top': 0, 'adjust_bottom': 0, 'adjust_left': 0, 'adjust_right': 0, 'expire': None, 'key': None, 'widget': None, 'events_when_added': [], 'events_when_removed': [], 'bitmap_font': False, 'font_kerning': True, 'bold': False, 'italic': False, 'number_grouping': False, 'min_digits': 0, 'halign': 'center', 'valign': 'middle', 'rotation': 0, 'scale': 1.0, 'casing': None, 'animations': None}], 'target': None, 'background_color': [0.0, 0.0, 0.0, 1.0], 'priority': None, 'show': True, 'force': False, 'expire': None, 'slide': None, 'tokens': {}, 'action': 'play'}}, 'context': 'show_33', 'calling_context': 0, 'priority': 100, 'show_tokens': {}, 'start_time': 4358.671}
2020-05-13 18:07:45,959 : mpfmc : SlidePlayer: Play called with settings={'grosser_kurfurst_lit': {'widgets': [{'type': 'text', 'font_size': 20, 'text': 'GROSSER_KURFURST', '_default_settings': ['type', 'font_size', 'text'], 'x': None, 'y': None, 'anchor_x': 'center', 'anchor_y': 'center', 'round_anchor_x': None, 'round_anchor_y': None, 'opacity': 1.0, 'z': 0, 'reset_animations_events': {}, 'color': [1.0, 1.0, 1.0, 1.0], 'style': [], 'adjust_top': 0, 'adjust_bottom': 0, 'adjust_left': 0, 'adjust_right': 0, 'expire': None, 'key': None, 'widget': None, 'events_when_added': [], 'events_when_removed': [], 'bitmap_font': False, 'font_kerning': True, 'bold': False, 'italic': False, 'number_grouping': False, 'min_digits': 0, 'halign': 'center', 'valign': 'middle', 'rotation': 0, 'scale': 1.0, 'casing': None, 'animations': None}], 'target': None, 'background_color': [0.0, 0.0, 0.0, 1.0], 'priority': None, 'show': True, 'force': False, 'expire': None, 'slide': None, 'tokens': {}, 'action': 'play'}}
2020-05-13 18:07:45,960 : EventManager : Event: ======'slide_grosser_kurfurst_lit_removed'====== Args={}
2020-05-13 18:07:45,961 : EventManager : Event: ======'slide_grosser_kurfurst_lit_created'====== Args={}
2020-05-13 18:07:45,962 : EventManager : Event: ======'slide_grosser_kurfurst_lit_active'====== Args={}
2020-05-13 18:07:46,958 : EventManager : Event: ======'slides_play'====== Args={'settings': {'grosser_kurfurst_lit': {'widgets': [{'type': 'text', 'font_size': 20, 'text': 'GROSSER_KURFURST', '_default_settings': ['type', 'font_size', 'text'], 'x': None, 'y': None, 'anchor_x': 'center', 'anchor_y': 'center', 'round_anchor_x': None, 'round_anchor_y': None, 'opacity': 1.0, 'z': 0, 'reset_animations_events': {}, 'color': [1.0, 1.0, 1.0, 1.0], 'style': [], 'adjust_top': 0, 'adjust_bottom': 0, 'adjust_left': 0, 'adjust_right': 0, 'expire': None, 'key': None, 'widget': None, 'events_when_added': [], 'events_when_removed': [], 'bitmap_font': False, 'font_kerning': True, 'bold': False, 'italic': False, 'number_grouping': False, 'min_digits': 0, 'halign': 'center', 'valign': 'middle', 'rotation': 0, 'scale': 1.0, 'casing': None, 'animations': None}], 'target': None, 'background_color': [0.0, 0.0, 0.0, 1.0], 'priority': None, 'show': True, 'force': False, 'expire': None, 'slide': None, 'tokens': {}, 'action': 'play'}}, 'context': 'show_33', 'calling_context': 0, 'priority': 100, 'show_tokens': {}, 'start_time': 4359.671}
2020-05-13 18:07:46,959 : mpfmc : SlidePlayer: Play called with settings={'grosser_kurfurst_lit': {'widgets': [{'type': 'text', 'font_size': 20, 'text': 'GROSSER_KURFURST', '_default_settings': ['type', 'font_size', 'text'], 'x': None, 'y': None, 'anchor_x': 'center', 'anchor_y': 'center', 'round_anchor_x': None, 'round_anchor_y': None, 'opacity': 1.0, 'z': 0, 'reset_animations_events': {}, 'color': [1.0, 1.0, 1.0, 1.0], 'style': [], 'adjust_top': 0, 'adjust_bottom': 0, 'adjust_left': 0, 'adjust_right': 0, 'expire': None, 'key': None, 'widget': None, 'events_when_added': [], 'events_when_removed': [], 'bitmap_font': False, 'font_kerning': True, 'bold': False, 'italic': False, 'number_grouping': False, 'min_digits': 0, 'halign': 'center', 'valign': 'middle', 'rotation': 0, 'scale': 1.0, 'casing': None, 'animations': None}], 'target': None, 'background_color': [0.0, 0.0, 0.0, 1.0], 'priority': None, 'show': True, 'force': False, 'expire': None, 'slide': None, 'tokens': {}, 'action': 'play'}}
2020-05-13 18:07:46,959 : EventManager : Event: ======'slide_grosser_kurfurst_lit_removed'====== Args={}
2020-05-13 18:07:46,961 : EventManager : Event: ======'slide_grosser_kurfurst_lit_created'====== Args={}
2020-05-13 18:07:46,962 : EventManager : Event: ======'slide_grosser_kurfurst_lit_active'====== Args={}
2020-05-13 18:07:47,958 : EventManager : Event: ======'slides_play'====== Args={'settings': {'grosser_kurfurst_lit': {'widgets': [{'type': 'text', 'font_size': 20, 'text': 'GROSSER_KURFURST', '_default_settings': ['type', 'font_size', 'text'], 'x': None, 'y': None, 'anchor_x': 'center', 'anchor_y': 'center', 'round_anchor_x': None, 'round_anchor_y': None, 'opacity': 1.0, 'z': 0, 'reset_animations_events': {}, 'color': [1.0, 1.0, 1.0, 1.0], 'style': [], 'adjust_top': 0, 'adjust_bottom': 0, 'adjust_left': 0, 'adjust_right': 0, 'expire': None, 'key': None, 'widget': None, 'events_when_added': [], 'events_when_removed': [], 'bitmap_font': False, 'font_kerning': True, 'bold': False, 'italic': False, 'number_grouping': False, 'min_digits': 0, 'halign': 'center', 'valign': 'middle', 'rotation': 0, 'scale': 1.0, 'casing': None, 'animations': None}], 'target': None, 'background_color': [0.0, 0.0, 0.0, 1.0], 'priority': None, 'show': True, 'force': False, 'expire': None, 'slide': None, 'tokens': {}, 'action': 'play'}}, 'context': 'show_33', 'calling_context': 0, 'priority': 100, 'show_tokens': {}, 'start_time': 4360.671}
2020-05-13 18:07:47,959 : mpfmc : SlidePlayer: Play called with settings={'grosser_kurfurst_lit': {'widgets': [{'type': 'text', 'font_size': 20, 'text': 'GROSSER_KURFURST', '_default_settings': ['type', 'font_size', 'text'], 'x': None, 'y': None, 'anchor_x': 'center', 'anchor_y': 'center', 'round_anchor_x': None, 'round_anchor_y': None, 'opacity': 1.0, 'z': 0, 'reset_animations_events': {}, 'color': [1.0, 1.0, 1.0, 1.0], 'style': [], 'adjust_top': 0, 'adjust_bottom': 0, 'adjust_left': 0, 'adjust_right': 0, 'expire': None, 'key': None, 'widget': None, 'events_when_added': [], 'events_when_removed': [], 'bitmap_font': False, 'font_kerning': True, 'bold': False, 'italic': False, 'number_grouping': False, 'min_digits': 0, 'halign': 'center', 'valign': 'middle', 'rotation': 0, 'scale': 1.0, 'casing': None, 'animations': None}], 'target': None, 'background_color': [0.0, 0.0, 0.0, 1.0], 'priority': None, 'show': True, 'force': False, 'expire': None, 'slide': None, 'tokens': {}, 'action': 'play'}}
2020-05-13 18:07:47,960 : EventManager : Event: ======'slide_grosser_kurfurst_lit_removed'====== Args={}
2020-05-13 18:07:47,962 : EventManager : Event: ======'slide_grosser_kurfurst_lit_created'====== Args={}
2020-05-13 18:07:47,963 : EventManager : Event: ======'slide_grosser_kurfurst_lit_active'====== Args={}
2020-05-13 18:07:48,958 : EventManager : Event: ======'slides_play'====== Args={'settings': {'grosser_kurfurst_lit': {'widgets': [{'type': 'text', 'font_size': 20, 'text': 'GROSSER_KURFURST', '_default_settings': ['type', 'font_size', 'text'], 'x': None, 'y': None, 'anchor_x': 'center', 'anchor_y': 'center', 'round_anchor_x': None, 'round_anchor_y': None, 'opacity': 1.0, 'z': 0, 'reset_animations_events': {}, 'color': [1.0, 1.0, 1.0, 1.0], 'style': [], 'adjust_top': 0, 'adjust_bottom': 0, 'adjust_left': 0, 'adjust_right': 0, 'expire': None, 'key': None, 'widget': None, 'events_when_added': [], 'events_when_removed': [], 'bitmap_font': False, 'font_kerning': True, 'bold': False, 'italic': False, 'number_grouping': False, 'min_digits': 0, 'halign': 'center', 'valign': 'middle', 'rotation': 0, 'scale': 1.0, 'casing': None, 'animations': None}], 'target': None, 'background_color': [0.0, 0.0, 0.0, 1.0], 'priority': None, 'show': True, 'force': False, 'expire': None, 'slide': None, 'tokens': {}, 'action': 'play'}}, 'context': 'show_33', 'calling_context': 0, 'priority': 100, 'show_tokens': {}, 'start_time': 4361.671}
2020-05-13 18:07:48,959 : mpfmc : SlidePlayer: Play called with settings={'grosser_kurfurst_lit': {'widgets': [{'type': 'text', 'font_size': 20, 'text': 'GROSSER_KURFURST', '_default_settings': ['type', 'font_size', 'text'], 'x': None, 'y': None, 'anchor_x': 'center', 'anchor_y': 'center', 'round_anchor_x': None, 'round_anchor_y': None, 'opacity': 1.0, 'z': 0, 'reset_animations_events': {}, 'color': [1.0, 1.0, 1.0, 1.0], 'style': [], 'adjust_top': 0, 'adjust_bottom': 0, 'adjust_left': 0, 'adjust_right': 0, 'expire': None, 'key': None, 'widget': None, 'events_when_added': [], 'events_when_removed': [], 'bitmap_font': False, 'font_kerning': True, 'bold': False, 'italic': False, 'number_grouping': False, 'min_digits': 0, 'halign': 'center', 'valign': 'middle', 'rotation': 0, 'scale': 1.0, 'casing': None, 'animations': None}], 'target': None, 'background_color': [0.0, 0.0, 0.0, 1.0], 'priority': None, 'show': True, 'force': False, 'expire': None, 'slide': None, 'tokens': {}, 'action': 'play'}}
2020-05-13 18:07:48,959 : EventManager : Event: ======'slide_grosser_kurfurst_lit_removed'====== Args={}
2020-05-13 18:07:48,961 : EventManager : Event: ======'slide_grosser_kurfurst_lit_created'====== Args={}
2020-05-13 18:07:48,962 : EventManager : Event: ======'slide_grosser_kurfurst_lit_active'====== Args={}
2020-05-13 18:07:49,959 : EventManager : Event: ======'slides_play'====== Args={'settings': {'grosser_kurfurst_lit': {'widgets': [{'type': 'text', 'font_size': 20, 'text': 'GROSSER_KURFURST', '_default_settings': ['type', 'font_size', 'text'], 'x': None, 'y': None, 'anchor_x': 'center', 'anchor_y': 'center', 'round_anchor_x': None, 'round_anchor_y': None, 'opacity': 1.0, 'z': 0, 'reset_animations_events': {}, 'color': [1.0, 1.0, 1.0, 1.0], 'style': [], 'adjust_top': 0, 'adjust_bottom': 0, 'adjust_left': 0, 'adjust_right': 0, 'expire': None, 'key': None, 'widget': None, 'events_when_added': [], 'events_when_removed': [], 'bitmap_font': False, 'font_kerning': True, 'bold': False, 'italic': False, 'number_grouping': False, 'min_digits': 0, 'halign': 'center', 'valign': 'middle', 'rotation': 0, 'scale': 1.0, 'casing': None, 'animations': None}], 'target': None, 'background_color': [0.0, 0.0, 0.0, 1.0], 'priority': None, 'show': True, 'force': False, 'expire': None, 'slide': None, 'tokens': {}, 'action': 'play'}}, 'context': 'show_33', 'calling_context': 0, 'priority': 100, 'show_tokens': {}, 'start_time': 4362.671}
2020-05-13 18:07:49,959 : mpfmc : SlidePlayer: Play called with settings={'grosser_kurfurst_lit': {'widgets': [{'type': 'text', 'font_size': 20, 'text': 'GROSSER_KURFURST', '_default_settings': ['type', 'font_size', 'text'], 'x': None, 'y': None, 'anchor_x': 'center', 'anchor_y': 'center', 'round_anchor_x': None, 'round_anchor_y': None, 'opacity': 1.0, 'z': 0, 'reset_animations_events': {}, 'color': [1.0, 1.0, 1.0, 1.0], 'style': [], 'adjust_top': 0, 'adjust_bottom': 0, 'adjust_left': 0, 'adjust_right': 0, 'expire': None, 'key': None, 'widget': None, 'events_when_added': [], 'events_when_removed': [], 'bitmap_font': False, 'font_kerning': True, 'bold': False, 'italic': False, 'number_grouping': False, 'min_digits': 0, 'halign': 'center', 'valign': 'middle', 'rotation': 0, 'scale': 1.0, 'casing': None, 'animations': None}], 'target': None, 'background_color': [0.0, 0.0, 0.0, 1.0], 'priority': None, 'show': True, 'force': False, 'expire': None, 'slide': None, 'tokens': {}, 'action': 'play'}}
2020-05-13 18:07:49,960 : EventManager : Event: ======'slide_grosser_kurfurst_lit_removed'====== Args={}
2020-05-13 18:07:49,962 : EventManager : Event: ======'slide_grosser_kurfurst_lit_created'====== Args={}
2020-05-13 18:07:49,963 : EventManager : Event: ======'slide_grosser_kurfurst_lit_active'====== Args={}
2020-05-13 18:07:50,958 : EventManager : Event: ======'slides_play'====== Args={'settings': {'grosser_kurfurst_lit': {'widgets': [{'type': 'text', 'font_size': 20, 'text': 'GROSSER_KURFURST', '_default_settings': ['type', 'font_size', 'text'], 'x': None, 'y': None, 'anchor_x': 'center', 'anchor_y': 'center', 'round_anchor_x': None, 'round_anchor_y': None, 'opacity': 1.0, 'z': 0, 'reset_animations_events': {}, 'color': [1.0, 1.0, 1.0, 1.0], 'style': [], 'adjust_top': 0, 'adjust_bottom': 0, 'adjust_left': 0, 'adjust_right': 0, 'expire': None, 'key': None, 'widget': None, 'events_when_added': [], 'events_when_removed': [], 'bitmap_font': False, 'font_kerning': True, 'bold': False, 'italic': False, 'number_grouping': False, 'min_digits': 0, 'halign': 'center', 'valign': 'middle', 'rotation': 0, 'scale': 1.0, 'casing': None, 'animations': None}], 'target': None, 'background_color': [0.0, 0.0, 0.0, 1.0], 'priority': None, 'show': True, 'force': False, 'expire': None, 'slide': None, 'tokens': {}, 'action': 'play'}}, 'context': 'show_33', 'calling_context': 0, 'priority': 100, 'show_tokens': {}, 'start_time': 4363.671}
2020-05-13 18:07:50,959 : mpfmc : SlidePlayer: Play called with settings={'grosser_kurfurst_lit': {'widgets': [{'type': 'text', 'font_size': 20, 'text': 'GROSSER_KURFURST', '_default_settings': ['type', 'font_size', 'text'], 'x': None, 'y': None, 'anchor_x': 'center', 'anchor_y': 'center', 'round_anchor_x': None, 'round_anchor_y': None, 'opacity': 1.0, 'z': 0, 'reset_animations_events': {}, 'color': [1.0, 1.0, 1.0, 1.0], 'style': [], 'adjust_top': 0, 'adjust_bottom': 0, 'adjust_left': 0, 'adjust_right': 0, 'expire': None, 'key': None, 'widget': None, 'events_when_added': [], 'events_when_removed': [], 'bitmap_font': False, 'font_kerning': True, 'bold': False, 'italic': False, 'number_grouping': False, 'min_digits': 0, 'halign': 'center', 'valign': 'middle', 'rotation': 0, 'scale': 1.0, 'casing': None, 'animations': None}], 'target': None, 'background_color': [0.0, 0.0, 0.0, 1.0], 'priority': None, 'show': True, 'force': False, 'expire': None, 'slide': None, 'tokens': {}, 'action': 'play'}}
2020-05-13 18:07:50,960 : EventManager : Event: ======'slide_grosser_kurfurst_lit_removed'====== Args={}
2020-05-13 18:07:50,961 : EventManager : Event: ======'slide_grosser_kurfurst_lit_created'====== Args={}
2020-05-13 18:07:50,962 : EventManager : Event: ======'slide_grosser_kurfurst_lit_active'====== Args={}
2020-05-13 18:07:51,959 : EventManager : Event: ======'slides_play'====== Args={'settings': {'grosser_kurfurst_lit': {'widgets': [{'type': 'text', 'font_size': 20, 'text': 'GROSSER_KURFURST', '_default_settings': ['type', 'font_size', 'text'], 'x': None, 'y': None, 'anchor_x': 'center', 'anchor_y': 'center', 'round_anchor_x': None, 'round_anchor_y': None, 'opacity': 1.0, 'z': 0, 'reset_animations_events': {}, 'color': [1.0, 1.0, 1.0, 1.0], 'style': [], 'adjust_top': 0, 'adjust_bottom': 0, 'adjust_left': 0, 'adjust_right': 0, 'expire': None, 'key': None, 'widget': None, 'events_when_added': [], 'events_when_removed': [], 'bitmap_font': False, 'font_kerning': True, 'bold': False, 'italic': False, 'number_grouping': False, 'min_digits': 0, 'halign': 'center', 'valign': 'middle', 'rotation': 0, 'scale': 1.0, 'casing': None, 'animations': None}], 'target': None, 'background_color': [0.0, 0.0, 0.0, 1.0], 'priority': None, 'show': True, 'force': False, 'expire': None, 'slide': None, 'tokens': {}, 'action': 'play'}}, 'context': 'show_33', 'calling_context': 0, 'priority': 100, 'show_tokens': {}, 'start_time': 4364.671}
2020-05-13 18:07:51,959 : mpfmc : SlidePlayer: Play called with settings={'grosser_kurfurst_lit': {'widgets': [{'type': 'text', 'font_size': 20, 'text': 'GROSSER_KURFURST', '_default_settings': ['type', 'font_size', 'text'], 'x': None, 'y': None, 'anchor_x': 'center', 'anchor_y': 'center', 'round_anchor_x': None, 'round_anchor_y': None, 'opacity': 1.0, 'z': 0, 'reset_animations_events': {}, 'color': [1.0, 1.0, 1.0, 1.0], 'style': [], 'adjust_top': 0, 'adjust_bottom': 0, 'adjust_left': 0, 'adjust_right': 0, 'expire': None, 'key': None, 'widget': None, 'events_when_added': [], 'events_when_removed': [], 'bitmap_font': False, 'font_kerning': True, 'bold': False, 'italic': False, 'number_grouping': False, 'min_digits': 0, 'halign': 'center', 'valign': 'middle', 'rotation': 0, 'scale': 1.0, 'casing': None, 'animations': None}], 'target': None, 'background_color': [0.0, 0.0, 0.0, 1.0], 'priority': None, 'show': True, 'force': False, 'expire': None, 'slide': None, 'tokens': {}, 'action': 'play'}}
2020-05-13 18:07:51,960 : EventManager : Event: ======'slide_grosser_kurfurst_lit_removed'====== Args={}
2020-05-13 18:07:51,962 : EventManager : Event: ======'slide_grosser_kurfurst_lit_created'====== Args={}
2020-05-13 18:07:51,963 : EventManager : Event: ======'slide_grosser_kurfurst_lit_active'====== Args={}
2020-05-13 18:07:52,959 : EventManager : Event: ======'slides_play'====== Args={'settings': {'grosser_kurfurst_lit': {'widgets': [{'type': 'text', 'font_size': 20, 'text': 'GROSSER_KURFURST', '_default_settings': ['type', 'font_size', 'text'], 'x': None, 'y': None, 'anchor_x': 'center', 'anchor_y': 'center', 'round_anchor_x': None, 'round_anchor_y': None, 'opacity': 1.0, 'z': 0, 'reset_animations_events': {}, 'color': [1.0, 1.0, 1.0, 1.0], 'style': [], 'adjust_top': 0, 'adjust_bottom': 0, 'adjust_left': 0, 'adjust_right': 0, 'expire': None, 'key': None, 'widget': None, 'events_when_added': [], 'events_when_removed': [], 'bitmap_font': False, 'font_kerning': True, 'bold': False, 'italic': False, 'number_grouping': False, 'min_digits': 0, 'halign': 'center', 'valign': 'middle', 'rotation': 0, 'scale': 1.0, 'casing': None, 'animations': None}], 'target': None, 'background_color': [0.0, 0.0, 0.0, 1.0], 'priority': None, 'show': True, 'force': False, 'expire': None, 'slide': None, 'tokens': {}, 'action': 'play'}}, 'context': 'show_33', 'calling_context': 0, 'priority': 100, 'show_tokens': {}, 'start_time': 4365.671}
2020-05-13 18:07:52,959 : mpfmc : SlidePlayer: Play called with settings={'grosser_kurfurst_lit': {'widgets': [{'type': 'text', 'font_size': 20, 'text': 'GROSSER_KURFURST', '_default_settings': ['type', 'font_size', 'text'], 'x': None, 'y': None, 'anchor_x': 'center', 'anchor_y': 'center', 'round_anchor_x': None, 'round_anchor_y': None, 'opacity': 1.0, 'z': 0, 'reset_animations_events': {}, 'color': [1.0, 1.0, 1.0, 1.0], 'style': [], 'adjust_top': 0, 'adjust_bottom': 0, 'adjust_left': 0, 'adjust_right': 0, 'expire': None, 'key': None, 'widget': None, 'events_when_added': [], 'events_when_removed': [], 'bitmap_font': False, 'font_kerning': True, 'bold': False, 'italic': False, 'number_grouping': False, 'min_digits': 0, 'halign': 'center', 'valign': 'middle', 'rotation': 0, 'scale': 1.0, 'casing': None, 'animations': None}], 'target': None, 'background_color': [0.0, 0.0, 0.0, 1.0], 'priority': None, 'show': True, 'force': False, 'expire': None, 'slide': None, 'tokens': {}, 'action': 'play'}}
2020-05-13 18:07:52,960 : EventManager : Event: ======'slide_grosser_kurfurst_lit_removed'====== Args={}
2020-05-13 18:07:52,963 : EventManager : Event: ======'slide_grosser_kurfurst_lit_created'====== Args={}
2020-05-13 18:07:52,964 : EventManager : Event: ======'slide_grosser_kurfurst_lit_active'====== Args={}
2020-05-13 18:07:53,648 : kivy : WindowSDL: exiting mainloop and closing.
2020-05-13 18:07:53,813 : kivy : Base: Leaving application in progress...
2020-05-13 18:07:53,813 : mpfmc : Stopping...
2020-05-13 18:07:53,813 : EventManager : Event: ======'shutdown'====== Args={}
2020-05-13 18:07:53,813 : mpfmc : Loop rate 58.78 Hz
2020-05-13 18:07:53,814 : kivy : MC run loop ended.
2020-05-13 18:07:53,814 : kivy : Stopping child threads... (3 remaining)
2020-05-13 18:07:53,963 : mpfmc : Stopping...
2020-05-13 18:07:53,963 : EventManager : Event: ======'shutdown'====== Args={}
2020-05-13 18:07:53,963 : mpfmc : Loop rate 58.27 Hz
2020-05-13 18:07:54,562 : MPF-MC BCP Server : Stopping BCP sending thread
2020-05-13 18:07:54,618 : kivy : All child threads stopped.
