2020-12-30 19:08:28,773 : kivy : Factory: 184 symbols loaded
2020-12-30 19:08:28,879 : kivy : ImageLoaderFFPy: Using ffpyplayer 4.3.1
2020-12-30 19:08:28,880 : kivy : Image: Providers: img_tex, img_dds, img_sdl2, img_pil, img_ffpyplayer, img_gif 
2020-12-30 19:08:28,927 : kivy : VideoGstplayer: Using Gstreamer 1.16.0.0
2020-12-30 19:08:28,927 : kivy : Video: Provider: gstplayer
2020-12-30 19:08:28,994 : kivy : Loading MPF-MC controller
2020-12-30 19:08:28,996 : YamlMultifileConfigLoader : Machine config file #1: config
2020-12-30 19:08:28,997 : ConfigProcessor : Config file in cache changed: E:\MPF\wows\wows\config\config
2020-12-30 19:08:28,997 : ConfigProcessor : Loading config from file c:\users\schol\appdata\local\programs\python\python36\lib\site-packages\mpfmc\mcconfig.yaml.
2020-12-30 19:08:29,034 : ConfigProcessor : Loading config: c:\users\schol\appdata\local\programs\python\python36\lib\site-packages\mpfmc\mcconfig.yaml
2020-12-30 19:08:29,035 : ConfigProcessor : Loading config from file E:\MPF\wows\wows\config\config.
2020-12-30 19:08:29,216 : ConfigProcessor : Loading config: E:\MPF\wows\wows\config\config
2020-12-30 19:08:29,252 : ConfigProcessor : Loading config: E:\MPF\wows\wows\config\config_mode_support.yaml
2020-12-30 19:08:29,278 : ConfigProcessor : Loading config: E:\MPF\wows\wows\config\config_hc_support.yaml
2020-12-30 19:08:29,283 : ConfigProcessor : Config file cache created: C:\Users\schol\AppData\Local\Temp\051200dc57c22661ccd061bb2017f3a6.mpf_cache
2020-12-30 19:08:29,284 : ConfigProcessor : Loading config from cache: C:\Users\schol\AppData\Local\Temp\d7d60495530237b374578b281bb65f31.mpf_cache
2020-12-30 19:08:29,284 : ConfigProcessor : Loading config from cache: C:\Users\schol\AppData\Local\Temp\cd9adc04f71a18563c8a43d82180f6f2.mpf_cache
2020-12-30 19:08:29,285 : ConfigProcessor : Loading config from cache: C:\Users\schol\AppData\Local\Temp\d7d60495530237b374578b281bb65f31.mpf_cache
2020-12-30 19:08:29,285 : ConfigProcessor : Loading config from cache: C:\Users\schol\AppData\Local\Temp\4bea832e3562a43fbe38f9764d71c298.mpf_cache
2020-12-30 19:08:29,286 : ConfigProcessor : Loading config from cache: C:\Users\schol\AppData\Local\Temp\45b3b9aa5591eaef8a230445e70fa468.mpf_cache
2020-12-30 19:08:29,286 : ConfigProcessor : Config file in cache changed: E:\MPF\wows\wows\modes\base\config\base.yaml
2020-12-30 19:08:29,286 : ConfigProcessor : Loading config from file E:\MPF\wows\wows\modes\base\config\base.yaml.
