2020-04-05 17:44:05,092 : INFO : Machine : Mission Pinball Framework Core Engine v0.53.2
2020-04-05 17:44:05,092 : INFO : Machine : Command line arguments: {'no_load_cache': False, 'create_config_cache': True, 'bcp': True, 'configfile': ['config.yaml'], 'mpfconfigfile': 'c:\\users\\schol\\appdata\\local\\programs\\python\\python36\\lib\\site-packages\\mpf\\mpfconfig.yaml', 'force_assets_load': False, 'jsonlogging': False, 'logfile': 'logs\\2020-04-05-17-44-05-mpf-DESKTOP-FPTMTCL.log', 'pause': False, 'production': False, 'text_ui': True, 'loglevel': 15, 'consoleloglevel': 20, 'force_platform': 'smart_virtual', 'syslog_address': None, 'mc_file_name': None, 'no_sound': False}
2020-04-05 17:44:05,092 : INFO : Machine : MPF path: c:\users\schol\appdata\local\programs\python\python36\lib\site-packages\mpf
2020-04-05 17:44:05,092 : INFO : Machine : Machine path: E:\MPF\wows\wows
2020-04-05 17:44:05,092 : INFO : Machine : Platform: win32
2020-04-05 17:44:05,092 : INFO : Machine : Python executable location: c:\users\schol\appdata\local\programs\python\python36\python.exe
2020-04-05 17:44:05,092 : INFO : Machine : Python version: 3.6.4 (64-bit)
2020-04-05 17:44:05,092 : INFO : Machine : Machine config file #1: config.yaml
2020-04-05 17:44:05,093 : WARNING : ConfigProcessor : Config file in cache changed: E:\MPF\wows\wows\config\config.yaml
2020-04-05 17:44:05,093 : INFO : ConfigProcessor : Loading config from file c:\users\schol\appdata\local\programs\python\python36\lib\site-packages\mpf\mpfconfig.yaml.
2020-04-05 17:44:05,158 : INFO : ConfigProcessor : Loading config: c:\users\schol\appdata\local\programs\python\python36\lib\site-packages\mpf\mpfconfig.yaml
2020-04-05 17:44:05,165 : INFO : ConfigProcessor : Loading config from file E:\MPF\wows\wows\config\config.yaml.
2020-04-05 17:44:05,285 : INFO : ConfigProcessor : Loading config: E:\MPF\wows\wows\config\config.yaml
2020-04-05 17:44:05,288 : INFO : ConfigProcessor : Config file cache created: C:\Users\schol\AppData\Local\Temp\1ed54315bc874a19390ba34e1a0f1800.mpf_cache
2020-04-05 17:44:05,289 : INFO : Machine : Initialise MPF.
2020-04-05 17:44:05,604 : INFO : EventManager : Event: ======'machine_var_credits_string'====== Args={'value': 'FREE PLAY', 'prev_value': None, 'change': True}
2020-04-05 17:44:05,641 : INFO : EventManager : Event: ======'machine_var_player1_score'====== Args={'value': 0, 'prev_value': None, 'change': True}
2020-04-05 17:44:05,641 : INFO : EventManager : Event: ======'machine_var_mpf_version'====== Args={'value': 'MPF v0.53.2', 'prev_value': None, 'change': True}
2020-04-05 17:44:05,642 : INFO : EventManager : Event: ======'machine_var_mpf_extended_version'====== Args={'value': 'MPF v0.53.2, Config version:5, Show version: 5, BCP version:1.1', 'prev_value': None, 'change': True}
2020-04-05 17:44:05,642 : INFO : EventManager : Event: ======'machine_var_python_version'====== Args={'value': '3.6.4', 'prev_value': None, 'change': True}
2020-04-05 17:44:05,642 : INFO : EventManager : Event: ======'machine_var_platform'====== Args={'value': 'Windows-10-10.0.18362-SP0', 'prev_value': None, 'change': True}
2020-04-05 17:44:05,642 : INFO : EventManager : Event: ======'machine_var_platform_system'====== Args={'value': 'Windows', 'prev_value': None, 'change': True}
2020-04-05 17:44:05,642 : INFO : EventManager : Event: ======'machine_var_platform_release'====== Args={'value': '10', 'prev_value': None, 'change': True}
2020-04-05 17:44:05,642 : INFO : EventManager : Event: ======'machine_var_platform_version'====== Args={'value': '10.0.18362', 'prev_value': None, 'change': True}
2020-04-05 17:44:05,642 : INFO : EventManager : Event: ======'machine_var_platform_machine'====== Args={'value': 'AMD64', 'prev_value': None, 'change': True}
2020-04-05 17:44:05,642 : INFO : EventManager : Event: ======'init_phase_1'====== Args={}
2020-04-05 17:44:05,676 : INFO : ConfigProcessor : Loading config from cache: C:\Users\schol\AppData\Local\Temp\2f89b2ab1d9f3cef79a660914b2a527a.mpf_cache
2020-04-05 17:44:05,678 : INFO : ConfigProcessor : Loading config from cache: C:\Users\schol\AppData\Local\Temp\e8fceecd8f65a6a7269e98c7961bbf6a.mpf_cache
2020-04-05 17:44:05,680 : INFO : ConfigProcessor : Loading config from cache: C:\Users\schol\AppData\Local\Temp\466eddfec572894d9eb472ce07aa5fba.mpf_cache
2020-04-05 17:44:05,682 : INFO : ConfigProcessor : Loading config from cache: C:\Users\schol\AppData\Local\Temp\72e9fea1cb562e40024eb5e8538ccaf2.mpf_cache
2020-04-05 17:44:05,684 : INFO : ConfigProcessor : Loading config from cache: C:\Users\schol\AppData\Local\Temp\5ab98d4be1e8de85bea62364890eb2e9.mpf_cache
2020-04-05 17:44:05,686 : INFO : ConfigProcessor : Loading config from cache: C:\Users\schol\AppData\Local\Temp\de2d3fc178b15ce3807fa4ab35b9c965.mpf_cache
2020-04-05 17:44:05,688 : INFO : ConfigProcessor : Loading config from cache: C:\Users\schol\AppData\Local\Temp\7c1900736275ba8a713cfe77e991e929.mpf_cache
2020-04-05 17:44:05,690 : INFO : ConfigProcessor : Loading config from cache: C:\Users\schol\AppData\Local\Temp\5c4497fcd69d1d656c4b69a28e44c490.mpf_cache
2020-04-05 17:44:05,695 : INFO : ConfigProcessor : Loading config from cache: C:\Users\schol\AppData\Local\Temp\93429a2a8e0859f6546b68f40c2a4656.mpf_cache
2020-04-05 17:44:05,697 : INFO : ConfigProcessor : Loading config from cache: C:\Users\schol\AppData\Local\Temp\b0de444617e3bf30a07f755a6d4831cc.mpf_cache
2020-04-05 17:44:05,699 : INFO : ConfigProcessor : Loading config from cache: C:\Users\schol\AppData\Local\Temp\ba047bbdc168fca96d58d351c4240916.mpf_cache
2020-04-05 17:44:05,701 : INFO : ConfigProcessor : Loading config from cache: C:\Users\schol\AppData\Local\Temp\0c80ca2179989d09b86c78c19ec87d9b.mpf_cache
2020-04-05 17:44:05,703 : INFO : ConfigProcessor : Loading config from cache: C:\Users\schol\AppData\Local\Temp\b1234e2c44a33609dc2af4760c4a3f89.mpf_cache
2020-04-05 17:44:05,705 : INFO : ConfigProcessor : Loading config from cache: C:\Users\schol\AppData\Local\Temp\4303dca7489148da2d256fc831cf8c96.mpf_cache
2020-04-05 17:44:05,707 : INFO : ConfigProcessor : Loading config from cache: C:\Users\schol\AppData\Local\Temp\1ff29be1d22fb14fe5fd1c82a6918df4.mpf_cache
2020-04-05 17:44:05,709 : INFO : ConfigProcessor : Loading config from cache: C:\Users\schol\AppData\Local\Temp\d5fd805c5432c1441bf01a6268536a3d.mpf_cache
2020-04-05 17:44:05,713 : INFO : ConfigProcessor : Loading config from cache: C:\Users\schol\AppData\Local\Temp\159a0b7ffc6de2ed1a8cdcd57b7df3c0.mpf_cache
2020-04-05 17:44:05,715 : INFO : ConfigProcessor : Loading config from cache: C:\Users\schol\AppData\Local\Temp\95ae88fb094583fa2b4097c6df179650.mpf_cache
2020-04-05 17:44:05,717 : INFO : ConfigProcessor : Loading config from cache: C:\Users\schol\AppData\Local\Temp\db3d1ab92e5d5c563b40d82372434517.mpf_cache
2020-04-05 17:44:05,719 : INFO : ConfigProcessor : Loading config from cache: C:\Users\schol\AppData\Local\Temp\200a9b2dddbe7706ffb4c4426b6d54a8.mpf_cache
2020-04-05 17:44:05,721 : INFO : ConfigProcessor : Loading config from cache: C:\Users\schol\AppData\Local\Temp\95e265efe14e4eb05d8d5c5689c9ae6b.mpf_cache
2020-04-05 17:44:05,723 : INFO : ConfigProcessor : Loading config from cache: C:\Users\schol\AppData\Local\Temp\c84d6d08bf6f923cbcccfeeea02d2c8a.mpf_cache
2020-04-05 17:44:05,725 : INFO : ConfigProcessor : Loading config from cache: C:\Users\schol\AppData\Local\Temp\dec453850496132f8dddcdfa0a36feb5.mpf_cache
2020-04-05 17:44:05,757 : INFO : EventManager : Event: ======'main_state'====== Args={}
2020-04-05 17:44:05,757 : INFO : EventManager : Event: ======'lock_lit_started'====== Args={}
2020-04-05 17:44:05,757 : INFO : EventManager : Event: ======'disable_mode'====== Args={}
2020-04-05 17:44:05,757 : INFO : EventManager : Event: ======'multiball_inactive'====== Args={}
2020-04-05 17:44:05,757 : INFO : EventManager : Event: ======'lite_detonation_start'====== Args={}
2020-04-05 17:44:05,758 : WARNING : Mode.value_manager : Can only start mode value_manager during a game. Aborting start.
2020-04-05 17:44:05,758 : WARNING : Mode.mode_lit : Can only start mode mode_lit during a game. Aborting start.
2020-04-05 17:44:05,758 : WARNING : Mode.confederate : Can only start mode confederate during a game. Aborting start.
2020-04-05 17:44:05,758 : WARNING : Mode.battle_manager : Can only start mode battle_manager during a game. Aborting start.
2020-04-05 17:44:05,758 : WARNING : Mode.hc_lock_lit : Can only start mode hc_lock_lit during a game. Aborting start.
2020-04-05 17:44:05,759 : INFO : EventManager : Event: ======'init_phase_2'====== Args={}
2020-04-05 17:44:05,759 : INFO : SwitchController : Found active switch: ('2', <Platform.SmartVirtual>)
2020-04-05 17:44:05,759 : INFO : SwitchController : Found active switch: ('3', <Platform.SmartVirtual>)
2020-04-05 17:44:05,759 : INFO : SwitchController : Found active switch: ('4', <Platform.SmartVirtual>)
2020-04-05 17:44:05,759 : INFO : SwitchController : Found active switch: ('5', <Platform.SmartVirtual>)
2020-04-05 17:44:05,759 : INFO : SwitchController : Found active switch: ('6', <Platform.SmartVirtual>)
2020-04-05 17:44:05,759 : INFO : SwitchController : Found active switch: ('7', <Platform.SmartVirtual>)
2020-04-05 17:44:05,769 : INFO : EventManager : Event: ======'bcp_connection_attempt'====== Args={'name': 'local_display', 'host': 'localhost', 'port': 5050}
2020-04-05 17:44:05,771 : INFO : BCPClientSocket : Connecting BCP to 'local_display' at localhost:5050...
2020-04-05 17:44:07,788 : INFO : BCPClientSocket : Connected BCP to 'local_display' localhost:5050
2020-04-05 17:44:07,789 : INFO : EventManager : Event: ======'bcp_clients_connected'====== Args={}
2020-04-05 17:44:07,799 : INFO : EventManager : Event: ======'machine_var_mc_version'====== Args={'value': 'MPF-MC v0.53.0', 'prev_value': None, 'change': True}
2020-04-05 17:44:07,799 : INFO : EventManager : Event: ======'machine_var_mc_extended_version'====== Args={'value': 'MPF-MC v0.53.0 (config_version=5, BCP v1.1, Requires MPF v0.53.0)', 'prev_value': None, 'change': True}
2020-04-05 17:44:07,800 : INFO : EventManager : Event: ======'machine_var_master_volume'====== Args={'value': 0.5, 'prev_value': None, 'change': True}
2020-04-05 17:44:07,840 : INFO : EventManager : Event: ======'init_phase_3'====== Args={}
2020-04-05 17:44:07,841 : INFO : AssetManager : Registering Asset: mode_countdown, File: mode_countdown.yaml, Default Group: default, Final Config: {'load': 'preload', 'file': 'E:\\MPF\\wows\\wows\\shows\\mode_countdown.yaml'}
2020-04-05 17:44:07,841 : INFO : AssetManager : Registering Asset: sh_mode_1_shot_made, File: sh_mode_1_shot_made.yaml, Default Group: default, Final Config: {'load': 'preload', 'file': 'E:\\MPF\\wows\\wows\\shows\\sh_mode_1_shot_made.yaml'}
2020-04-05 17:44:07,841 : INFO : AssetManager : Registering Asset: sh_mode_3_shot_made, File: sh_mode_3_shot_made.yaml, Default Group: default, Final Config: {'load': 'preload', 'file': 'E:\\MPF\\wows\\wows\\shows\\sh_mode_3_shot_made.yaml'}
2020-04-05 17:44:07,841 : INFO : AssetManager : Registering Asset: sh_mode_4_shot_made, File: sh_mode_4_shot_made.yaml, Default Group: default, Final Config: {'load': 'preload', 'file': 'E:\\MPF\\wows\\wows\\shows\\sh_mode_4_shot_made.yaml'}
2020-04-05 17:44:07,841 : INFO : AssetManager : Registering Asset: sh_mode_5_shot_made, File: sh_mode_5_shot_made.yaml, Default Group: default, Final Config: {'load': 'preload', 'file': 'E:\\MPF\\wows\\wows\\shows\\sh_mode_5_shot_made.yaml'}
2020-04-05 17:44:07,841 : INFO : AssetManager : Registering Asset: sh_mode_6_shot_made, File: sh_mode_6_shot_made.yaml, Default Group: default, Final Config: {'load': 'preload', 'file': 'E:\\MPF\\wows\\wows\\shows\\sh_mode_6_shot_made.yaml'}
2020-04-05 17:44:07,841 : INFO : AssetManager : Registering Asset: sh_mode_7_shot_made, File: sh_mode_7_shot_made.yaml, Default Group: default, Final Config: {'load': 'preload', 'file': 'E:\\MPF\\wows\\wows\\shows\\sh_mode_7_shot_made.yaml'}
2020-04-05 17:44:07,841 : INFO : AssetManager : Registering Asset: sh_mode_8_shot_made, File: sh_mode_8_shot_made.yaml, Default Group: default, Final Config: {'load': 'preload', 'file': 'E:\\MPF\\wows\\wows\\shows\\sh_mode_8_shot_made.yaml'}
2020-04-05 17:44:07,841 : INFO : AssetManager : Registering Asset: sh_mode_9_shot_made, File: sh_mode_9_shot_made.yaml, Default Group: default, Final Config: {'load': 'preload', 'file': 'E:\\MPF\\wows\\wows\\shows\\sh_mode_9_shot_made.yaml'}
2020-04-05 17:44:07,841 : INFO : AssetManager : Registering Asset: sh_start_hc_multiball, File: sh_start_hc_multiball.yaml, Default Group: default, Final Config: {'load': 'preload', 'file': 'E:\\MPF\\wows\\wows\\shows\\sh_start_hc_multiball.yaml'}
2020-04-05 17:44:07,844 : INFO : ConfigProcessor : Loading config from cache: C:\Users\schol\AppData\Local\Temp\6d62665f0d27f04673542af594d4fd9b.mpf_cache
2020-04-05 17:44:07,845 : INFO : EventManager : Event: ======'loading_assets'====== Args={'total': 10, 'loaded': 1, 'remaining': 9, 'percent': 10}
2020-04-05 17:44:07,845 : INFO : AssetManager : Loading assets: 1/10 (10%)
2020-04-05 17:44:07,845 : INFO : ConfigProcessor : Loading config from cache: C:\Users\schol\AppData\Local\Temp\9e890f4f58f205d8bba0abd84e3290c7.mpf_cache
2020-04-05 17:44:07,847 : INFO : ConfigProcessor : Loading config from cache: C:\Users\schol\AppData\Local\Temp\91df8e0ae0e44730ed622ea2efb74e97.mpf_cache
2020-04-05 17:44:07,847 : INFO : ConfigProcessor : Loading config from cache: C:\Users\schol\AppData\Local\Temp\69fdf32f8b1f00ca71933bfdf818d181.mpf_cache
2020-04-05 17:44:07,848 : INFO : ConfigProcessor : Loading config from cache: C:\Users\schol\AppData\Local\Temp\3078b120455821a73c8c6f8a1dceab4f.mpf_cache
2020-04-05 17:44:07,849 : INFO : ConfigProcessor : Loading config from cache: C:\Users\schol\AppData\Local\Temp\8d6f9c7ff9c39db68f4d155bf8492fbe.mpf_cache
2020-04-05 17:44:07,850 : INFO : ConfigProcessor : Loading config from cache: C:\Users\schol\AppData\Local\Temp\58d128190d1d0b57398f3d0bb3d51665.mpf_cache
2020-04-05 17:44:07,851 : INFO : ConfigProcessor : Loading config from cache: C:\Users\schol\AppData\Local\Temp\53b5443f454133ae1b362b3b93db77cb.mpf_cache
2020-04-05 17:44:07,852 : INFO : ConfigProcessor : Loading config from cache: C:\Users\schol\AppData\Local\Temp\92bd7ddb78685ce3872fdffddbf4066b.mpf_cache
2020-04-05 17:44:07,852 : INFO : ConfigProcessor : Loading config from cache: C:\Users\schol\AppData\Local\Temp\7058dd9e75ad4dd97e6d02eda1f8d5f4.mpf_cache
2020-04-05 17:44:07,853 : INFO : EventManager : Event: ======'loading_assets'====== Args={'total': 10, 'loaded': 10, 'remaining': 0, 'percent': 100}
2020-04-05 17:44:07,853 : INFO : AssetManager : Asset loading took: 2.2659547328948975
2020-04-05 17:44:07,853 : INFO : EventManager : Event: ======'asset_loading_complete'====== Args={}
2020-04-05 17:44:07,853 : INFO : AssetManager : Loading assets: 10/10 (100%)
2020-04-05 17:44:07,853 : INFO : EventManager : Event: ======'init_phase_4'====== Args={}
2020-04-05 17:44:07,860 : INFO : EventManager : Event: ======'machine_var_audits_events_game_ended'====== Args={'value': 1, 'prev_value': None, 'change': True}
2020-04-05 17:44:07,860 : INFO : EventManager : Event: ======'machine_var_audits_events_game_started'====== Args={'value': 532, 'prev_value': None, 'change': True}
2020-04-05 17:44:07,861 : INFO : EventManager : Event: ======'machine_var_audits_player_score'====== Args={'value': {'average': 0.0, 'top': [0], 'total': 1}, 'prev_value': None, 'change': True}
2020-04-05 17:44:07,861 : INFO : EventManager : Event: ======'machine_var_audits_shots_battle_shot'====== Args={'value': 66, 'prev_value': None, 'change': True}
2020-04-05 17:44:07,861 : INFO : EventManager : Event: ======'machine_var_audits_shots_confederate_1'====== Args={'value': 9, 'prev_value': None, 'change': True}
2020-04-05 17:44:07,861 : INFO : EventManager : Event: ======'machine_var_audits_shots_confederate_2'====== Args={'value': 201, 'prev_value': None, 'change': True}
2020-04-05 17:44:07,862 : INFO : EventManager : Event: ======'machine_var_audits_shots_confederate_3'====== Args={'value': 87, 'prev_value': None, 'change': True}
2020-04-05 17:44:07,862 : INFO : EventManager : Event: ======'machine_var_audits_shots_confederate_4'====== Args={'value': 22, 'prev_value': None, 'change': True}
2020-04-05 17:44:07,862 : INFO : EventManager : Event: ======'machine_var_audits_shots_confederate_5'====== Args={'value': 7, 'prev_value': None, 'change': True}
2020-04-05 17:44:07,862 : INFO : EventManager : Event: ======'machine_var_audits_shots_confederate_6'====== Args={'value': 247, 'prev_value': None, 'change': True}
2020-04-05 17:44:07,863 : INFO : EventManager : Event: ======'machine_var_audits_shots_detonation'====== Args={'value': 41, 'prev_value': None, 'change': True}
2020-04-05 17:44:07,863 : INFO : EventManager : Event: ======'machine_var_audits_shots_detonation_lit'====== Args={'value': 132, 'prev_value': None, 'change': True}
2020-04-05 17:44:07,863 : INFO : EventManager : Event: ======'machine_var_audits_shots_jackpot_1'====== Args={'value': 37, 'prev_value': None, 'change': True}
2020-04-05 17:44:07,863 : INFO : EventManager : Event: ======'machine_var_audits_shots_jackpot_2'====== Args={'value': 35, 'prev_value': None, 'change': True}
2020-04-05 17:44:07,863 : INFO : EventManager : Event: ======'machine_var_audits_shots_jackpot_3'====== Args={'value': 55, 'prev_value': None, 'change': True}
2020-04-05 17:44:07,864 : INFO : EventManager : Event: ======'machine_var_audits_shots_jackpot_4'====== Args={'value': 32, 'prev_value': None, 'change': True}
2020-04-05 17:44:07,864 : INFO : EventManager : Event: ======'machine_var_audits_shots_jackpot_5'====== Args={'value': 32, 'prev_value': None, 'change': True}
2020-04-05 17:44:07,864 : INFO : EventManager : Event: ======'machine_var_audits_shots_jackpot_6'====== Args={'value': 33, 'prev_value': None, 'change': True}
2020-04-05 17:44:07,864 : INFO : EventManager : Event: ======'machine_var_audits_shots_lane_A'====== Args={'value': 9, 'prev_value': None, 'change': True}
2020-04-05 17:44:07,865 : INFO : EventManager : Event: ======'machine_var_audits_shots_lane_B'====== Args={'value': 10, 'prev_value': None, 'change': True}
2020-04-05 17:44:07,865 : INFO : EventManager : Event: ======'machine_var_audits_shots_lane_C'====== Args={'value': 11, 'prev_value': None, 'change': True}
2020-04-05 17:44:07,865 : INFO : EventManager : Event: ======'machine_var_audits_shots_lane_D'====== Args={'value': 17, 'prev_value': None, 'change': True}
2020-04-05 17:44:07,865 : INFO : EventManager : Event: ======'machine_var_audits_shots_lane_E'====== Args={'value': 16, 'prev_value': None, 'change': True}
2020-04-05 17:44:07,866 : INFO : EventManager : Event: ======'machine_var_audits_shots_lock_lit_1'====== Args={'value': 213, 'prev_value': None, 'change': True}
2020-04-05 17:44:07,866 : INFO : EventManager : Event: ======'machine_var_audits_shots_lock_lit_2'====== Args={'value': 260, 'prev_value': None, 'change': True}
2020-04-05 17:44:07,866 : INFO : EventManager : Event: ======'machine_var_audits_shots_ricochet_1'====== Args={'value': 13, 'prev_value': None, 'change': True}
2020-04-05 17:44:07,866 : INFO : EventManager : Event: ======'machine_var_audits_shots_ricochet_2'====== Args={'value': 7, 'prev_value': None, 'change': True}
2020-04-05 17:44:07,866 : INFO : EventManager : Event: ======'machine_var_audits_shots_ricochet_3'====== Args={'value': 3, 'prev_value': None, 'change': True}
2020-04-05 17:44:07,866 : INFO : EventManager : Event: ======'machine_var_audits_shots_ricochet_4'====== Args={'value': 1, 'prev_value': None, 'change': True}
2020-04-05 17:44:07,867 : INFO : EventManager : Event: ======'machine_var_audits_shots_ricochet_5'====== Args={'value': 2, 'prev_value': None, 'change': True}
2020-04-05 17:44:07,867 : INFO : EventManager : Event: ======'machine_var_audits_switches_s_bumper_1'====== Args={'value': 13, 'prev_value': None, 'change': True}
2020-04-05 17:44:07,867 : INFO : EventManager : Event: ======'machine_var_audits_switches_s_bumper_2'====== Args={'value': 14, 'prev_value': None, 'change': True}
2020-04-05 17:44:07,867 : INFO : EventManager : Event: ======'machine_var_audits_switches_s_bumper_3'====== Args={'value': 1, 'prev_value': None, 'change': True}
2020-04-05 17:44:07,867 : INFO : EventManager : Event: ======'machine_var_audits_switches_s_center_ramp'====== Args={'value': 13, 'prev_value': None, 'change': True}
2020-04-05 17:44:07,868 : INFO : EventManager : Event: ======'machine_var_audits_switches_s_citadel'====== Args={'value': 13, 'prev_value': None, 'change': True}
2020-04-05 17:44:07,868 : INFO : EventManager : Event: ======'machine_var_audits_switches_s_citadel_lock'====== Args={'value': 77, 'prev_value': None, 'change': True}
2020-04-05 17:44:07,869 : INFO : EventManager : Event: ======'machine_var_audits_switches_s_detonation'====== Args={'value': 132, 'prev_value': None, 'change': True}
2020-04-05 17:44:07,869 : INFO : EventManager : Event: ======'machine_var_audits_switches_s_dmg_1'====== Args={'value': 563, 'prev_value': None, 'change': True}
2020-04-05 17:44:07,869 : INFO : EventManager : Event: ======'machine_var_audits_switches_s_dmg_2'====== Args={'value': 14, 'prev_value': None, 'change': True}
2020-04-05 17:44:07,869 : INFO : EventManager : Event: ======'machine_var_audits_switches_s_dmg_3'====== Args={'value': 13, 'prev_value': None, 'change': True}
2020-04-05 17:44:07,870 : INFO : EventManager : Event: ======'machine_var_audits_switches_s_dmg_4'====== Args={'value': 5, 'prev_value': None, 'change': True}
2020-04-05 17:44:07,870 : INFO : EventManager : Event: ======'machine_var_audits_switches_s_dmg_5'====== Args={'value': 8, 'prev_value': None, 'change': True}
2020-04-05 17:44:07,870 : INFO : EventManager : Event: ======'machine_var_audits_switches_s_dmg_6'====== Args={'value': 5, 'prev_value': None, 'change': True}
2020-04-05 17:44:07,871 : INFO : EventManager : Event: ======'machine_var_audits_switches_s_dmg_7'====== Args={'value': 7, 'prev_value': None, 'change': True}
2020-04-05 17:44:07,871 : INFO : EventManager : Event: ======'machine_var_audits_switches_s_drop_target'====== Args={'value': 442, 'prev_value': None, 'change': True}
2020-04-05 17:44:07,871 : INFO : EventManager : Event: ======'machine_var_audits_switches_s_jet_hole'====== Args={'value': 0, 'prev_value': None, 'change': True}
2020-04-05 17:44:07,871 : INFO : EventManager : Event: ======'machine_var_audits_switches_s_jet_lane'====== Args={'value': 1, 'prev_value': None, 'change': True}
2020-04-05 17:44:07,872 : INFO : EventManager : Event: ======'machine_var_audits_switches_s_kickback'====== Args={'value': 0, 'prev_value': None, 'change': True}
2020-04-05 17:44:07,872 : INFO : EventManager : Event: ======'machine_var_audits_switches_s_kickback_target_1'====== Args={'value': 0, 'prev_value': None, 'change': True}
2020-04-05 17:44:07,872 : INFO : EventManager : Event: ======'machine_var_audits_switches_s_kickback_target_2'====== Args={'value': 0, 'prev_value': None, 'change': True}
2020-04-05 17:44:07,873 : INFO : EventManager : Event: ======'machine_var_audits_switches_s_kickback_target_3'====== Args={'value': 2, 'prev_value': None, 'change': True}
2020-04-05 17:44:07,873 : INFO : EventManager : Event: ======'machine_var_audits_switches_s_kickback_terget_1'====== Args={'value': 0, 'prev_value': None, 'change': True}
2020-04-05 17:44:07,873 : INFO : EventManager : Event: ======'machine_var_audits_switches_s_left_flipper'====== Args={'value': 73, 'prev_value': None, 'change': True}
2020-04-05 17:44:07,874 : INFO : EventManager : Event: ======'machine_var_audits_switches_s_left_hole'====== Args={'value': 0, 'prev_value': None, 'change': True}
2020-04-05 17:44:07,874 : INFO : EventManager : Event: ======'machine_var_audits_switches_s_left_inlane'====== Args={'value': 11, 'prev_value': None, 'change': True}
2020-04-05 17:44:07,874 : INFO : EventManager : Event: ======'machine_var_audits_switches_s_left_loop_made'====== Args={'value': 23, 'prev_value': None, 'change': True}
2020-04-05 17:44:07,874 : INFO : EventManager : Event: ======'machine_var_audits_switches_s_left_loop_pre'====== Args={'value': 1, 'prev_value': None, 'change': True}
2020-04-05 17:44:07,875 : INFO : EventManager : Event: ======'machine_var_audits_switches_s_left_mid_inlane'====== Args={'value': 10, 'prev_value': None, 'change': True}
2020-04-05 17:44:07,875 : INFO : EventManager : Event: ======'machine_var_audits_switches_s_left_outlane'====== Args={'value': 9, 'prev_value': None, 'change': True}
2020-04-05 17:44:07,875 : INFO : EventManager : Event: ======'machine_var_audits_switches_s_left_ramp_made'====== Args={'value': 264, 'prev_value': None, 'change': True}
2020-04-05 17:44:07,875 : INFO : EventManager : Event: ======'machine_var_audits_switches_s_left_ramp_pre'====== Args={'value': 2, 'prev_value': None, 'change': True}
2020-04-05 17:44:07,876 : INFO : EventManager : Event: ======'machine_var_audits_switches_s_left_slingshot'====== Args={'value': 0, 'prev_value': None, 'change': True}
2020-04-05 17:44:07,876 : INFO : EventManager : Event: ======'machine_var_audits_switches_s_lock_1'====== Args={'value': 125, 'prev_value': None, 'change': True}
2020-04-05 17:44:07,876 : INFO : EventManager : Event: ======'machine_var_audits_switches_s_lock_2'====== Args={'value': 126, 'prev_value': None, 'change': True}
2020-04-05 17:44:07,876 : INFO : EventManager : Event: ======'machine_var_audits_switches_s_lock_3'====== Args={'value': 180, 'prev_value': None, 'change': True}
2020-04-05 17:44:07,877 : INFO : EventManager : Event: ======'machine_var_audits_switches_s_magnet_switch'====== Args={'value': 0, 'prev_value': None, 'change': True}
2020-04-05 17:44:07,877 : INFO : EventManager : Event: ======'machine_var_audits_switches_s_main_hole'====== Args={'value': 152, 'prev_value': None, 'change': True}
2020-04-05 17:44:07,877 : INFO : EventManager : Event: ======'machine_var_audits_switches_s_pen_1'====== Args={'value': 3, 'prev_value': None, 'change': True}
2020-04-05 17:44:07,877 : INFO : EventManager : Event: ======'machine_var_audits_switches_s_pen_2'====== Args={'value': 2, 'prev_value': None, 'change': True}
2020-04-05 17:44:07,878 : INFO : EventManager : Event: ======'machine_var_audits_switches_s_pen_3'====== Args={'value': 1, 'prev_value': None, 'change': True}
2020-04-05 17:44:07,878 : INFO : EventManager : Event: ======'machine_var_audits_switches_s_pen_4'====== Args={'value': 3, 'prev_value': None, 'change': True}
2020-04-05 17:44:07,878 : INFO : EventManager : Event: ======'machine_var_audits_switches_s_pen_5'====== Args={'value': 1, 'prev_value': None, 'change': True}
2020-04-05 17:44:07,879 : INFO : EventManager : Event: ======'machine_var_audits_switches_s_pen_6'====== Args={'value': 3, 'prev_value': None, 'change': True}
2020-04-05 17:44:07,879 : INFO : EventManager : Event: ======'machine_var_audits_switches_s_plunger'====== Args={'value': 828, 'prev_value': None, 'change': True}
2020-04-05 17:44:07,880 : INFO : EventManager : Event: ======'machine_var_audits_switches_s_plunger_button'====== Args={'value': 2, 'prev_value': None, 'change': True}
2020-04-05 17:44:07,880 : INFO : EventManager : Event: ======'machine_var_audits_switches_s_ricochet_1'====== Args={'value': 37, 'prev_value': None, 'change': True}
2020-04-05 17:44:07,880 : INFO : EventManager : Event: ======'machine_var_audits_switches_s_ricochet_2'====== Args={'value': 14, 'prev_value': None, 'change': True}
2020-04-05 17:44:07,881 : INFO : EventManager : Event: ======'machine_var_audits_switches_s_ricochet_3'====== Args={'value': 5, 'prev_value': None, 'change': True}
2020-04-05 17:44:07,881 : INFO : EventManager : Event: ======'machine_var_audits_switches_s_ricochet_4'====== Args={'value': 6, 'prev_value': None, 'change': True}
2020-04-05 17:44:07,881 : INFO : EventManager : Event: ======'machine_var_audits_switches_s_ricochet_5'====== Args={'value': 7, 'prev_value': None, 'change': True}
2020-04-05 17:44:07,882 : INFO : EventManager : Event: ======'machine_var_audits_switches_s_right_flipper'====== Args={'value': 707, 'prev_value': None, 'change': True}
2020-04-05 17:44:07,882 : INFO : EventManager : Event: ======'machine_var_audits_switches_s_right_hole'====== Args={'value': 26, 'prev_value': None, 'change': True}
2020-04-05 17:44:07,882 : INFO : EventManager : Event: ======'machine_var_audits_switches_s_right_inlane'====== Args={'value': 17, 'prev_value': None, 'change': True}
2020-04-05 17:44:07,882 : INFO : EventManager : Event: ======'machine_var_audits_switches_s_right_loop_made'====== Args={'value': 5, 'prev_value': None, 'change': True}
2020-04-05 17:44:07,883 : INFO : EventManager : Event: ======'machine_var_audits_switches_s_right_loop_pre'====== Args={'value': 2, 'prev_value': None, 'change': True}
2020-04-05 17:44:07,883 : INFO : EventManager : Event: ======'machine_var_audits_switches_s_right_outlane'====== Args={'value': 16, 'prev_value': None, 'change': True}
2020-04-05 17:44:07,884 : INFO : EventManager : Event: ======'machine_var_audits_switches_s_right_ramp_made'====== Args={'value': 340, 'prev_value': None, 'change': True}
2020-04-05 17:44:07,884 : INFO : EventManager : Event: ======'machine_var_audits_switches_s_right_ramp_pre'====== Args={'value': 0, 'prev_value': None, 'change': True}
2020-04-05 17:44:07,885 : INFO : EventManager : Event: ======'machine_var_audits_switches_s_right_slingshot'====== Args={'value': 0, 'prev_value': None, 'change': True}
2020-04-05 17:44:07,885 : INFO : EventManager : Event: ======'machine_var_audits_switches_s_right_small_ramp'====== Args={'value': 0, 'prev_value': None, 'change': True}
2020-04-05 17:44:07,885 : INFO : EventManager : Event: ======'machine_var_audits_switches_s_side_hole'====== Args={'value': 192, 'prev_value': None, 'change': True}
2020-04-05 17:44:07,886 : INFO : EventManager : Event: ======'machine_var_audits_switches_s_side_ramp_made'====== Args={'value': 171, 'prev_value': None, 'change': True}
2020-04-05 17:44:07,886 : INFO : EventManager : Event: ======'machine_var_audits_switches_s_side_ramp_pre'====== Args={'value': 2, 'prev_value': None, 'change': True}
2020-04-05 17:44:07,887 : INFO : EventManager : Event: ======'machine_var_audits_switches_s_start'====== Args={'value': 15, 'prev_value': None, 'change': True}
2020-04-05 17:44:07,887 : INFO : EventManager : Event: ======'machine_var_audits_switches_s_torpedo'====== Args={'value': 127, 'prev_value': None, 'change': True}
2020-04-05 17:44:07,887 : INFO : EventManager : Event: ======'machine_var_audits_switches_s_torpedo_lane'====== Args={'value': 2, 'prev_value': None, 'change': True}
2020-04-05 17:44:07,888 : INFO : EventManager : Event: ======'machine_var_audits_switches_s_trough1'====== Args={'value': 21, 'prev_value': None, 'change': True}
2020-04-05 17:44:07,888 : INFO : EventManager : Event: ======'machine_var_audits_switches_s_trough2'====== Args={'value': 13, 'prev_value': None, 'change': True}
2020-04-05 17:44:07,889 : INFO : EventManager : Event: ======'machine_var_audits_switches_s_trough3'====== Args={'value': 16, 'prev_value': None, 'change': True}
2020-04-05 17:44:07,889 : INFO : EventManager : Event: ======'machine_var_audits_switches_s_trough4'====== Args={'value': 3, 'prev_value': None, 'change': True}
2020-04-05 17:44:07,890 : INFO : EventManager : Event: ======'machine_var_audits_switches_s_trough5'====== Args={'value': 0, 'prev_value': None, 'change': True}
2020-04-05 17:44:07,890 : INFO : EventManager : Event: ======'machine_var_audits_switches_s_trough6'====== Args={'value': 1, 'prev_value': None, 'change': True}
2020-04-05 17:44:07,891 : INFO : EventManager : Event: ======'machine_var_audits_switches_s_trough_jam'====== Args={'value': 0, 'prev_value': None, 'change': True}
2020-04-05 17:44:07,891 : INFO : EventManager : Event: ======'init_phase_5'====== Args={}
2020-04-05 17:44:07,931 : INFO : EventManager : Event: ======'init_done'====== Args={}
2020-04-05 17:44:07,932 : INFO : EventManager : Event: ======'machine_reset_phase_1'====== Args={}
2020-04-05 17:44:07,947 : INFO : EventManager : Event: ======'machine_reset_phase_2'====== Args={}
2020-04-05 17:44:07,947 : INFO : EventManager : Event: ======'machine_reset_phase_3'====== Args={}
2020-04-05 17:44:07,948 : INFO : EventManager : Event: ======'reset_complete'====== Args={}
2020-04-05 17:44:07,948 : INFO : EventManager : Event: ======'mode_attract_will_start'====== Args={}
2020-04-05 17:44:07,948 : INFO : EventManager : Event: ======'mode_attract_starting'====== Args={}
2020-04-05 17:44:07,948 : INFO : Mode.attract : Started. Priority: 10
2020-04-05 17:44:07,948 : INFO : EventManager : Event: ======'mode_attract_started'====== Args={}
2020-04-05 17:44:07,949 : INFO : EventManager : Event: ======'collecting_balls_complete'====== Args={}
2020-04-05 17:44:07,978 : INFO : Machine : Starting the main run loop.
2020-04-05 17:44:08,518 : INFO : BcpServer : New client connected.
2020-04-05 17:44:12,868 : INFO : SwitchController : <<<<<<< 's_start' active >>>>>>>
2020-04-05 17:44:12,965 : INFO : SwitchController : <<<<<<< 's_start' inactive >>>>>>>
2020-04-05 17:44:12,965 : INFO : EventManager : Event: ======'request_to_start_game'====== Args={}
2020-04-05 17:44:12,966 : INFO : EventManager : Event: ======'game_start'====== Args={'buttons': [], 'hold_time': 0.09399999998277053}
2020-04-05 17:44:12,966 : INFO : EventManager : Event: ======'mode_game_will_start'====== Args={'buttons': [], 'hold_time': 0.09399999998277053}
2020-04-05 17:44:12,967 : INFO : EventManager : Event: ======'mode_game_starting'====== Args={'buttons': [], 'hold_time': 0.09399999998277053}
2020-04-05 17:44:12,967 : INFO : EventManager : Event: ======'mode_attract_will_stop'====== Args={}
2020-04-05 17:44:12,967 : INFO : EventManager : Event: ======'mode_attract_stopping'====== Args={}
2020-04-05 17:44:12,967 : INFO : Mode.attract : Stopped.
2020-04-05 17:44:12,967 : INFO : EventManager : Event: ======'mode_attract_stopped'====== Args={}
2020-04-05 17:44:12,967 : INFO : EventManager : Event: ======'clear'====== Args={'key': 'attract'}
2020-04-05 17:44:12,968 : INFO : Mode.game : Started. Priority: 20
2020-04-05 17:44:12,968 : INFO : EventManager : Event: ======'mode_game_started'====== Args={'buttons': [], 'hold_time': 0.09399999998277053}
2020-04-05 17:44:12,978 : INFO : EventManager : Event: ======'game_will_start'====== Args={}
2020-04-05 17:44:12,979 : INFO : EventManager : Event: ======'game_starting'====== Args={'game': <Mode.game>}
2020-04-05 17:44:12,979 : INFO : EventManager : Event: ======'player_add_request'====== Args={}
2020-04-05 17:44:12,980 : INFO : EventManager : Event: ======'player_will_add'====== Args={'number': 1}
2020-04-05 17:44:12,980 : INFO : EventManager : Event: ======'player_adding'====== Args={'player': <Player 1>, 'number': 1}
2020-04-05 17:44:12,980 : INFO : EventManager : Event: ======'player_added'====== Args={'player': <Player 1>, 'num': 1}
2020-04-05 17:44:12,981 : INFO : Mode.game : Player added successfully. Total players: 1
2020-04-05 17:44:12,981 : INFO : EventManager : Event: ======'player_index'====== Args={'value': 0, 'prev_value': 0, 'change': 0, 'player_num': 1}
2020-04-05 17:44:12,981 : INFO : EventManager : Event: ======'player_number'====== Args={'value': 1, 'prev_value': 1, 'change': 0, 'player_num': 1}
2020-04-05 17:44:12,981 : INFO : EventManager : Event: ======'player_ReceivedDMG'====== Args={'value': 1, 'prev_value': 1, 'change': 0, 'player_num': 1}
2020-04-05 17:44:12,982 : INFO : EventManager : Event: ======'player_DMGValue'====== Args={'value': 10000000, 'prev_value': 10000000, 'change': 0, 'player_num': 1}
2020-04-05 17:44:12,982 : INFO : EventManager : Event: ======'player_m1shotmade'====== Args={'value': 0, 'prev_value': 0, 'change': 0, 'player_num': 1}
2020-04-05 17:44:12,982 : INFO : EventManager : Event: ======'player_m2shotmade'====== Args={'value': 0, 'prev_value': 0, 'change': 0, 'player_num': 1}
2020-04-05 17:44:12,982 : INFO : EventManager : Event: ======'player_m3shotmade'====== Args={'value': 0, 'prev_value': 0, 'change': 0, 'player_num': 1}
2020-04-05 17:44:12,983 : INFO : EventManager : Event: ======'player_m4shotmade'====== Args={'value': 0, 'prev_value': 0, 'change': 0, 'player_num': 1}
2020-04-05 17:44:12,983 : INFO : EventManager : Event: ======'player_m5shotmade'====== Args={'value': 0, 'prev_value': 0, 'change': 0, 'player_num': 1}
2020-04-05 17:44:12,983 : INFO : EventManager : Event: ======'player_m6shotmade'====== Args={'value': 0, 'prev_value': 0, 'change': 0, 'player_num': 1}
2020-04-05 17:44:12,983 : INFO : EventManager : Event: ======'player_m7shotmade'====== Args={'value': 0, 'prev_value': 0, 'change': 0, 'player_num': 1}
2020-04-05 17:44:12,984 : INFO : EventManager : Event: ======'player_m8shotmade'====== Args={'value': 0, 'prev_value': 0, 'change': 0, 'player_num': 1}
2020-04-05 17:44:12,984 : INFO : EventManager : Event: ======'player_m9shotmade'====== Args={'value': 0, 'prev_value': 0, 'change': 0, 'player_num': 1}
2020-04-05 17:44:12,984 : INFO : EventManager : Event: ======'player_m1_active'====== Args={'value': 0, 'prev_value': 0, 'change': 0, 'player_num': 1}
2020-04-05 17:44:12,985 : INFO : EventManager : Event: ======'player_m2_active'====== Args={'value': 0, 'prev_value': 0, 'change': 0, 'player_num': 1}
2020-04-05 17:44:12,985 : INFO : EventManager : Event: ======'player_m3_active'====== Args={'value': 0, 'prev_value': 0, 'change': 0, 'player_num': 1}
2020-04-05 17:44:12,985 : INFO : EventManager : Event: ======'player_m4_active'====== Args={'value': 0, 'prev_value': 0, 'change': 0, 'player_num': 1}
2020-04-05 17:44:12,985 : INFO : EventManager : Event: ======'player_m5_active'====== Args={'value': 0, 'prev_value': 0, 'change': 0, 'player_num': 1}
2020-04-05 17:44:12,986 : INFO : EventManager : Event: ======'player_m6_active'====== Args={'value': 0, 'prev_value': 0, 'change': 0, 'player_num': 1}
2020-04-05 17:44:12,986 : INFO : EventManager : Event: ======'player_m7_active'====== Args={'value': 0, 'prev_value': 0, 'change': 0, 'player_num': 1}
2020-04-05 17:44:12,986 : INFO : EventManager : Event: ======'player_m8_active'====== Args={'value': 0, 'prev_value': 0, 'change': 0, 'player_num': 1}
2020-04-05 17:44:12,987 : INFO : EventManager : Event: ======'player_m9_active'====== Args={'value': 0, 'prev_value': 0, 'change': 0, 'player_num': 1}
2020-04-05 17:44:12,987 : INFO : EventManager : Event: ======'player_lock_lit_1_state'====== Args={'value': 0, 'prev_value': 0, 'change': 0, 'player_num': 1}
2020-04-05 17:44:12,987 : INFO : EventManager : Event: ======'player_lock_lit_2_state'====== Args={'value': 0, 'prev_value': 0, 'change': 0, 'player_num': 1}
2020-04-05 17:44:12,987 : INFO : EventManager : Event: ======'player_frezee_started'====== Args={'value': 0, 'prev_value': 0, 'change': 0, 'player_num': 1}
2020-04-05 17:44:12,988 : INFO : EventManager : Event: ======'player_timer_height'====== Args={'value': 0.0, 'prev_value': 0.0, 'change': 0, 'player_num': 1}
2020-04-05 17:44:12,988 : INFO : EventManager : Event: ======'player_citadel_number'====== Args={'value': 0, 'prev_value': 0, 'change': 0, 'player_num': 1}
2020-04-05 17:44:12,988 : INFO : EventManager : Event: ======'player_torpedo_number'====== Args={'value': 0, 'prev_value': 0, 'change': 0, 'player_num': 1}
2020-04-05 17:44:12,989 : INFO : EventManager : Event: ======'player_citadel_load_number'====== Args={'value': 3, 'prev_value': 3, 'change': 0, 'player_num': 1}
2020-04-05 17:44:12,989 : INFO : EventManager : Event: ======'player_torpedo_load_number'====== Args={'value': 3, 'prev_value': 3, 'change': 0, 'player_num': 1}
2020-04-05 17:44:12,989 : INFO : EventManager : Event: ======'player_citadel_ready'====== Args={'value': 0, 'prev_value': 0, 'change': 0, 'player_num': 1}
2020-04-05 17:44:12,989 : INFO : EventManager : Event: ======'player_torpedo_ready'====== Args={'value': 0, 'prev_value': 0, 'change': 0, 'player_num': 1}
2020-04-05 17:44:12,990 : INFO : EventManager : Event: ======'player_torpedo_dmg'====== Args={'value': 10.0, 'prev_value': 10.0, 'change': 0, 'player_num': 1}
2020-04-05 17:44:12,990 : INFO : EventManager : Event: ======'player_citadel_dmg'====== Args={'value': 10.0, 'prev_value': 10.0, 'change': 0, 'player_num': 1}
2020-04-05 17:44:12,990 : INFO : EventManager : Event: ======'player_fire_dmg'====== Args={'value': 10.0, 'prev_value': 10.0, 'change': 0, 'player_num': 1}
2020-04-05 17:44:12,991 : INFO : EventManager : Event: ======'player_modeshotmade'====== Args={'value': 0, 'prev_value': 0, 'change': 0, 'player_num': 1}
2020-04-05 17:44:12,991 : INFO : EventManager : Event: ======'player_super_lock'====== Args={'value': 0, 'prev_value': 0, 'change': 0, 'player_num': 1}
2020-04-05 17:44:12,991 : INFO : EventManager : Event: ======'player_score'====== Args={'value': 0, 'prev_value': 0, 'change': 0, 'player_num': 1}
2020-04-05 17:44:12,992 : INFO : EventManager : Event: ======'game_started'====== Args={}
2020-04-05 17:44:13,020 : INFO : EventManager : Event: ======'player_turn_will_start'====== Args={'player': <Player 1>, 'number': 1}
2020-04-05 17:44:13,031 : INFO : EventManager : Event: ======'player_turn_starting'====== Args={'player': <Player 1>, 'number': 1}
2020-04-05 17:44:13,032 : INFO : EventManager : Event: ======'player_ball'====== Args={'value': 1, 'prev_value': 0, 'change': 1, 'player_num': 1}
2020-04-05 17:44:13,032 : INFO : EventManager : Event: ======'player_turn_started'====== Args={'player': <Player 1>, 'number': 1}
2020-04-05 17:44:13,033 : INFO : EventManager : Event: ======'ball_will_start'====== Args={'player': 1, 'ball': 1, 'balls_remaining': 2, 'is_extra_ball': False}
2020-04-05 17:44:13,044 : INFO : EventManager : Event: ======'ball_starting'====== Args={'player': 1, 'ball': 1, 'balls_remaining': 2, 'is_extra_ball': False}
2020-04-05 17:44:13,044 : INFO : EventManager : Event: ======'mode_value_manager_will_start'====== Args={'queue': <QueuedEvent>, 'player': 1, 'ball': 1, 'balls_remaining': 2, 'is_extra_ball': False}
2020-04-05 17:44:13,045 : INFO : EventManager : Event: ======'mode_value_manager_starting'====== Args={'queue': <QueuedEvent>, 'player': 1, 'ball': 1, 'balls_remaining': 2, 'is_extra_ball': False}
2020-04-05 17:44:13,045 : INFO : EventManager : Event: ======'mode_base_will_start'====== Args={'queue': <QueuedEvent>, 'player': 1, 'ball': 1, 'balls_remaining': 2, 'is_extra_ball': False}
2020-04-05 17:44:13,046 : INFO : EventManager : Event: ======'mode_base_starting'====== Args={'queue': <QueuedEvent>, 'player': 1, 'ball': 1, 'balls_remaining': 2, 'is_extra_ball': False}
2020-04-05 17:44:13,047 : INFO : Mode.base : Started. Priority: 100
2020-04-05 17:44:13,047 : INFO : EventManager : Event: ======'mode_base_started'====== Args={'queue': <QueuedEvent>, 'player': 1, 'ball': 1, 'balls_remaining': 2, 'is_extra_ball': False}
2020-04-05 17:44:13,047 : INFO : Mode.value_manager : Started. Priority: 100
2020-04-05 17:44:13,047 : INFO : EventManager : Event: ======'mode_value_manager_started'====== Args={'queue': <QueuedEvent>, 'player': 1, 'ball': 1, 'balls_remaining': 2, 'is_extra_ball': False}
2020-04-05 17:44:13,047 : INFO : EventManager : Event: ======'balls_in_play'====== Args={'balls': 1}
2020-04-05 17:44:13,048 : INFO : EventManager : Event: ======'ball_started'====== Args={'player': 1, 'ball': 1, 'balls_remaining': 2, 'is_extra_ball': False}
2020-04-05 17:44:13,048 : INFO : EventManager : Event: ======'mode_mode_manager_will_start'====== Args={'player': 1, 'ball': 1, 'balls_remaining': 2, 'is_extra_ball': False}
2020-04-05 17:44:13,053 : INFO : EventManager : Event: ======'mode_mode_manager_starting'====== Args={'player': 1, 'ball': 1, 'balls_remaining': 2, 'is_extra_ball': False}
2020-04-05 17:44:13,053 : INFO : EventManager : Event: ======'mode_container_will_start'====== Args={'player': 1, 'ball': 1, 'balls_remaining': 2, 'is_extra_ball': False}
2020-04-05 17:44:13,053 : INFO : EventManager : Event: ======'player_shot_lane_A_enabled'====== Args={'value': True, 'prev_value': 0, 'change': 1, 'player_num': 1}
2020-04-05 17:44:13,054 : INFO : EventManager : Event: ======'player_shot_lane_B_enabled'====== Args={'value': True, 'prev_value': 0, 'change': 1, 'player_num': 1}
2020-04-05 17:44:13,055 : INFO : EventManager : Event: ======'player_shot_lane_C_enabled'====== Args={'value': True, 'prev_value': 0, 'change': 1, 'player_num': 1}
2020-04-05 17:44:13,055 : INFO : EventManager : Event: ======'player_shot_lane_D_enabled'====== Args={'value': True, 'prev_value': 0, 'change': 1, 'player_num': 1}
2020-04-05 17:44:13,056 : INFO : EventManager : Event: ======'player_shot_lane_E_enabled'====== Args={'value': True, 'prev_value': 0, 'change': 1, 'player_num': 1}
2020-04-05 17:44:13,057 : INFO : EventManager : Event: ======'container_lanes_complete'====== Args={'state': 'unlit'}
2020-04-05 17:44:13,057 : INFO : EventManager : Event: ======'container_lanes_unlit_complete'====== Args={}
2020-04-05 17:44:13,058 : INFO : EventManager : Event: ======'mode_container_starting'====== Args={'player': 1, 'ball': 1, 'balls_remaining': 2, 'is_extra_ball': False}
2020-04-05 17:44:13,058 : INFO : EventManager : Event: ======'mode_mode_lit_will_start'====== Args={'player': 1, 'ball': 1, 'balls_remaining': 2, 'is_extra_ball': False}
2020-04-05 17:44:13,058 : INFO : EventManager : Event: ======'achievement_mode_1_changed_state'====== Args={'restore': False, 'state': 'enabled', 'selected': False}
2020-04-05 17:44:13,058 : INFO : EventManager : Event: ======'achievement_mode_1_state_enabled'====== Args={'restore': False, 'state': 'enabled', 'selected': False}
2020-04-05 17:44:13,059 : INFO : EventManager : Event: ======'achievement_mode_2_changed_state'====== Args={'restore': False, 'state': 'enabled', 'selected': False}
2020-04-05 17:44:13,059 : INFO : EventManager : Event: ======'achievement_mode_2_state_enabled'====== Args={'restore': False, 'state': 'enabled', 'selected': False}
2020-04-05 17:44:13,059 : INFO : EventManager : Event: ======'achievement_mode_3_changed_state'====== Args={'restore': False, 'state': 'enabled', 'selected': False}
2020-04-05 17:44:13,060 : INFO : EventManager : Event: ======'achievement_mode_3_state_enabled'====== Args={'restore': False, 'state': 'enabled', 'selected': False}
2020-04-05 17:44:13,060 : INFO : EventManager : Event: ======'achievement_mode_4_changed_state'====== Args={'restore': False, 'state': 'enabled', 'selected': False}
2020-04-05 17:44:13,060 : INFO : EventManager : Event: ======'achievement_mode_4_state_enabled'====== Args={'restore': False, 'state': 'enabled', 'selected': False}
2020-04-05 17:44:13,061 : INFO : EventManager : Event: ======'achievement_mode_5_changed_state'====== Args={'restore': False, 'state': 'enabled', 'selected': False}
2020-04-05 17:44:13,061 : INFO : EventManager : Event: ======'achievement_mode_5_state_enabled'====== Args={'restore': False, 'state': 'enabled', 'selected': False}
2020-04-05 17:44:13,061 : INFO : EventManager : Event: ======'achievement_mode_6_changed_state'====== Args={'restore': False, 'state': 'enabled', 'selected': False}
2020-04-05 17:44:13,062 : INFO : EventManager : Event: ======'achievement_mode_6_state_enabled'====== Args={'restore': False, 'state': 'enabled', 'selected': False}
2020-04-05 17:44:13,062 : INFO : EventManager : Event: ======'achievement_mode_7_changed_state'====== Args={'restore': False, 'state': 'enabled', 'selected': False}
2020-04-05 17:44:13,062 : INFO : EventManager : Event: ======'achievement_mode_7_state_enabled'====== Args={'restore': False, 'state': 'enabled', 'selected': False}
2020-04-05 17:44:13,063 : INFO : EventManager : Event: ======'achievement_mode_8_changed_state'====== Args={'restore': False, 'state': 'enabled', 'selected': False}
2020-04-05 17:44:13,063 : INFO : EventManager : Event: ======'achievement_mode_8_state_enabled'====== Args={'restore': False, 'state': 'enabled', 'selected': False}
2020-04-05 17:44:13,063 : INFO : EventManager : Event: ======'achievement_mode_9_changed_state'====== Args={'restore': False, 'state': 'enabled', 'selected': False}
2020-04-05 17:44:13,063 : INFO : EventManager : Event: ======'achievement_mode_9_state_enabled'====== Args={'restore': False, 'state': 'enabled', 'selected': False}
2020-04-05 17:44:13,065 : INFO : EventManager : Event: ======'mode_mode_lit_starting'====== Args={'player': 1, 'ball': 1, 'balls_remaining': 2, 'is_extra_ball': False}
2020-04-05 17:44:13,065 : INFO : EventManager : Event: ======'mode_battle_manager_will_start'====== Args={'player': 1, 'ball': 1, 'balls_remaining': 2, 'is_extra_ball': False}
2020-04-05 17:44:13,067 : INFO : EventManager : Event: ======'mode_battle_manager_starting'====== Args={'player': 1, 'ball': 1, 'balls_remaining': 2, 'is_extra_ball': False}
2020-04-05 17:44:13,067 : INFO : EventManager : Event: ======'mode_salvo_lit_will_start'====== Args={'player': 1, 'ball': 1, 'balls_remaining': 2, 'is_extra_ball': False}
2020-04-05 17:44:13,067 : INFO : EventManager : Event: ======'player_shot_ricochet_1_enabled'====== Args={'value': True, 'prev_value': 0, 'change': 1, 'player_num': 1}
2020-04-05 17:44:13,068 : INFO : EventManager : Event: ======'player_shot_ricochet_2_enabled'====== Args={'value': True, 'prev_value': 0, 'change': 1, 'player_num': 1}
2020-04-05 17:44:13,068 : INFO : EventManager : Event: ======'player_shot_ricochet_3_enabled'====== Args={'value': True, 'prev_value': 0, 'change': 1, 'player_num': 1}
2020-04-05 17:44:13,069 : INFO : EventManager : Event: ======'player_shot_ricochet_4_enabled'====== Args={'value': True, 'prev_value': 0, 'change': 1, 'player_num': 1}
2020-04-05 17:44:13,069 : INFO : EventManager : Event: ======'player_shot_ricochet_5_enabled'====== Args={'value': True, 'prev_value': 0, 'change': 1, 'player_num': 1}
2020-04-05 17:44:13,070 : INFO : EventManager : Event: ======'ricochet_targets_complete'====== Args={'state': 'unlit'}
2020-04-05 17:44:13,070 : INFO : EventManager : Event: ======'ricochet_targets_unlit_complete'====== Args={}
2020-04-05 17:44:13,071 : INFO : EventManager : Event: ======'mode_salvo_lit_starting'====== Args={'player': 1, 'ball': 1, 'balls_remaining': 2, 'is_extra_ball': False}
2020-04-05 17:44:13,071 : INFO : EventManager : Event: ======'mode_hc_lock_lit_will_start'====== Args={'player': 1, 'ball': 1, 'balls_remaining': 2, 'is_extra_ball': False}
2020-04-05 17:44:13,071 : INFO : EventManager : Event: ======'player_shot_lock_lit_1_enabled'====== Args={'value': True, 'prev_value': 0, 'change': 1, 'player_num': 1}
2020-04-05 17:44:13,072 : INFO : EventManager : Event: ======'player_shot_lock_lit_2_enabled'====== Args={'value': True, 'prev_value': 0, 'change': 1, 'player_num': 1}
2020-04-05 17:44:13,072 : INFO : EventManager : Event: ======'lock_lits_complete'====== Args={'state': 'unlit'}
2020-04-05 17:44:13,072 : INFO : EventManager : Event: ======'lock_lits_unlit_complete'====== Args={}
2020-04-05 17:44:13,074 : INFO : EventManager : Event: ======'mode_hc_lock_lit_starting'====== Args={'player': 1, 'ball': 1, 'balls_remaining': 2, 'is_extra_ball': False}
2020-04-05 17:44:13,074 : INFO : EventManager : Event: ======'mode_detonation_will_start'====== Args={'player': 1, 'ball': 1, 'balls_remaining': 2, 'is_extra_ball': False}
2020-04-05 17:44:13,074 : INFO : EventManager : Event: ======'player_shot_detonation_lit_enabled'====== Args={'value': True, 'prev_value': 0, 'change': 1, 'player_num': 1}
2020-04-05 17:44:13,075 : INFO : EventManager : Event: ======'player_shot_detonation_enabled'====== Args={'value': False, 'prev_value': 0, 'change': 0, 'player_num': 1}
2020-04-05 17:44:13,076 : INFO : EventManager : Event: ======'mode_detonation_starting'====== Args={'player': 1, 'ball': 1, 'balls_remaining': 2, 'is_extra_ball': False}
2020-04-05 17:44:13,076 : INFO : EventManager : Event: ======'player_DMGValue'====== Args={'value': 120000000, 'prev_value': 10000000, 'change': 110000000, 'player_num': 1}
2020-04-05 17:44:13,076 : INFO : EventManager : Event: ======'lock_lit_stopped'====== Args={}
2020-04-05 17:44:13,077 : INFO : EventManager : Event: ======'lock_lit_started'====== Args={}
2020-04-05 17:44:13,079 : INFO : EventManager : Event: ======'achievement_mode_1_changed_state'====== Args={'restore': False, 'state': 'enabled', 'selected': True}
2020-04-05 17:44:13,079 : INFO : EventManager : Event: ======'achievement_mode_1_state_enabled'====== Args={'restore': False, 'state': 'enabled', 'selected': True}
2020-04-05 17:44:13,079 : INFO : EventManager : Event: ======'achievement_mode_1_state_selected'====== Args={'restore': False, 'state': 'enabled', 'selected': True}
2020-04-05 17:44:13,080 : INFO : EventManager : Event: ======'player_shot_lock_lit_1_enabled'====== Args={'value': False, 'prev_value': True, 'change': -1, 'player_num': 1}
2020-04-05 17:44:13,080 : INFO : EventManager : Event: ======'player_shot_lock_lit_2_enabled'====== Args={'value': False, 'prev_value': True, 'change': -1, 'player_num': 1}
2020-04-05 17:44:13,081 : INFO : EventManager : Event: ======'player_shot_lock_lit_1_enabled'====== Args={'value': True, 'prev_value': False, 'change': 1, 'player_num': 1}
2020-04-05 17:44:13,082 : INFO : EventManager : Event: ======'player_shot_lock_lit_2_enabled'====== Args={'value': True, 'prev_value': False, 'change': 1, 'player_num': 1}
2020-04-05 17:44:13,082 : INFO : Mode.detonation : Started. Priority: 100
2020-04-05 17:44:13,082 : INFO : EventManager : Event: ======'mode_detonation_started'====== Args={'player': 1, 'ball': 1, 'balls_remaining': 2, 'is_extra_ball': False}
2020-04-05 17:44:13,083 : INFO : Mode.hc_lock_lit : Started. Priority: 100
2020-04-05 17:44:13,083 : INFO : EventManager : Event: ======'mode_hc_lock_lit_started'====== Args={'player': 1, 'ball': 1, 'balls_remaining': 2, 'is_extra_ball': False}
2020-04-05 17:44:13,083 : INFO : Mode.salvo_lit : Started. Priority: 100
2020-04-05 17:44:13,083 : INFO : EventManager : Event: ======'mode_salvo_lit_started'====== Args={'player': 1, 'ball': 1, 'balls_remaining': 2, 'is_extra_ball': False}
2020-04-05 17:44:13,083 : INFO : Mode.mode_lit : Started. Priority: 100
2020-04-05 17:44:13,083 : INFO : EventManager : Event: ======'mode_mode_lit_started'====== Args={'player': 1, 'ball': 1, 'balls_remaining': 2, 'is_extra_ball': False}
2020-04-05 17:44:13,084 : INFO : Mode.container : Started. Priority: 100
2020-04-05 17:44:13,084 : INFO : EventManager : Event: ======'mode_container_started'====== Args={'player': 1, 'ball': 1, 'balls_remaining': 2, 'is_extra_ball': False}
2020-04-05 17:44:13,084 : INFO : Mode.mode_manager : Started. Priority: 300
2020-04-05 17:44:13,084 : INFO : EventManager : Event: ======'mode_mode_manager_started'====== Args={'player': 1, 'ball': 1, 'balls_remaining': 2, 'is_extra_ball': False}
2020-04-05 17:44:13,121 : INFO : EventManager : Event: ======'logicblock_battle_counter_updated'====== Args={'value': 5, 'enabled': False}
2020-04-05 17:44:13,121 : INFO : Mode.battle_manager : Started. Priority: 100
2020-04-05 17:44:13,121 : INFO : EventManager : Event: ======'mode_battle_manager_started'====== Args={'player': 1, 'ball': 1, 'balls_remaining': 2, 'is_extra_ball': False}
2020-04-05 17:44:13,122 : INFO : EventManager : Event: ======'logicblock_battle_counter_updated'====== Args={'value': 5, 'enabled': True}
2020-04-05 17:44:13,122 : INFO : EventManager : Event: ======'single_player_ball_started'====== Args={}
2020-04-05 17:44:13,147 : INFO : EventManager : Event: ======'balldevice_balls_available'====== Args={}
2020-04-05 17:44:13,148 : INFO : EventManager : Event: ======'balldevice_bd_trough_ball_eject_attempt'====== Args={'balls': 1, 'target': <ball_device.bd_plunger>, 'source': <ball_device.bd_trough>, 'mechanical_eject': True, 'num_attempts': 0}
2020-04-05 17:44:13,149 : INFO : ball_device.bd_trough : Ejecting ball to <ball_device.bd_plunger>
2020-04-05 17:44:13,149 : INFO : EventManager : Event: ======'balldevice_bd_trough_ejecting_ball'====== Args={'balls': 1, 'target': <ball_device.bd_plunger>, 'source': <ball_device.bd_trough>, 'mechanical_eject': True, 'num_attempts': 0}
2020-04-05 17:44:13,150 : INFO : coil.c_trough_eject : Pulsing Driver for 20ms (1.0 pulse_power)
2020-04-05 17:44:13,150 : INFO : SwitchController : <<<<<<< 's_trough1' inactive >>>>>>>
2020-04-05 17:44:13,245 : INFO : SwitchController : <<<<<<< 's_plunger' active >>>>>>>
2020-04-05 17:44:13,245 : INFO : EventManager : Event: ======'machine_var_audits_switches_s_plunger'====== Args={'value': 829, 'prev_value': 828, 'change': 1}
2020-04-05 17:44:13,546 : INFO : EventManager : Event: ======'balldevice_bd_plunger_ball_enter'====== Args={'new_balls': 1, 'unclaimed_balls': 0, 'new_available_balls': 0, 'device': <ball_device.bd_plunger>}
2020-04-05 17:44:13,547 : INFO : EventManager : Event: ======'balldevice_bd_plunger_ball_entered'====== Args={'new_balls': 0, 'device': <ball_device.bd_plunger>}
2020-04-05 17:44:13,547 : INFO : EventManager : Event: ======'balldevice_bd_plunger_ball_count_changed'====== Args={'balls': 1}
2020-04-05 17:44:13,547 : INFO : EventManager : Event: ======'balldevice_bd_trough_ball_eject_success'====== Args={'balls': 1, 'target': <ball_device.bd_plunger>}
2020-04-05 17:44:13,548 : INFO : EventManager : Event: ======'balldevice_bd_trough_ball_count_changed'====== Args={'balls': 4}
2020-04-05 17:44:13,548 : INFO : EventManager : Event: ======'balldevice_bd_plunger_ball_eject_attempt'====== Args={'balls': 1, 'target': <playfield.playfield>, 'source': <ball_device.bd_plunger>, 'mechanical_eject': True, 'num_attempts': 0}
2020-04-05 17:44:13,548 : INFO : ball_device.bd_plunger : Ejecting ball to <playfield.playfield>
2020-04-05 17:44:13,549 : INFO : EventManager : Event: ======'balldevice_bd_plunger_ejecting_ball'====== Args={'balls': 1, 'target': <playfield.playfield>, 'source': <ball_device.bd_plunger>, 'mechanical_eject': True, 'num_attempts': 0}
2020-04-05 17:44:14,389 : INFO : SwitchController : <<<<<<< 's_plunger' inactive >>>>>>>
2020-04-05 17:44:15,645 : INFO : SwitchController : <<<<<<< 's_drop_target' active >>>>>>>
2020-04-05 17:44:15,645 : INFO : EventManager : Event: ======'s_drop_target_active'====== Args={}
2020-04-05 17:44:15,646 : INFO : EventManager : Event: ======'playfield_active'====== Args={}
2020-04-05 17:44:15,646 : INFO : EventManager : Event: ======'drop_target_citadel_drop_target_down'====== Args={'device': <drop_target.citadel_drop_target>}
2020-04-05 17:44:15,646 : INFO : EventManager : Event: ======'machine_var_audits_switches_s_drop_target'====== Args={'value': 443, 'prev_value': 442, 'change': 1}
2020-04-05 17:44:15,647 : INFO : EventManager : Event: ======'logicblock_battle_counter_updated'====== Args={'value': 4, 'enabled': True}
2020-04-05 17:44:15,648 : INFO : EventManager : Event: ======'battle_advance'====== Args={'count': 4, 'remaining': -4}
2020-04-05 17:44:15,660 : INFO : EventManager : Event: ======'balldevice_bd_plunger_ball_eject_success'====== Args={'balls': 1, 'target': <playfield.playfield>}
2020-04-05 17:44:15,660 : INFO : EventManager : Event: ======'balldevice_playfield_ball_enter'====== Args={'new_balls': 1, 'unclaimed_balls': 1, 'device': <playfield.playfield>}
2020-04-05 17:44:15,661 : INFO : EventManager : Event: ======'playfield_ball_count_change'====== Args={'balls': 1, 'change': 1}
2020-04-05 17:44:15,667 : INFO : EventManager : Event: ======'balldevice_bd_plunger_ball_count_changed'====== Args={'balls': 0}
2020-04-05 17:44:16,956 : INFO : SwitchController : <<<<<<< 's_drop_target' inactive >>>>>>>
2020-04-05 17:44:16,956 : INFO : EventManager : Event: ======'drop_target_citadel_drop_target_up'====== Args={'device': <drop_target.citadel_drop_target>}
2020-04-05 17:44:18,803 : INFO : SwitchController : <<<<<<< 's_drop_target' active >>>>>>>
2020-04-05 17:44:18,803 : INFO : EventManager : Event: ======'s_drop_target_active'====== Args={}
2020-04-05 17:44:18,803 : INFO : EventManager : Event: ======'drop_target_citadel_drop_target_down'====== Args={'device': <drop_target.citadel_drop_target>}
2020-04-05 17:44:18,804 : INFO : EventManager : Event: ======'machine_var_audits_switches_s_drop_target'====== Args={'value': 444, 'prev_value': 443, 'change': 1}
2020-04-05 17:44:18,804 : INFO : EventManager : Event: ======'logicblock_battle_counter_updated'====== Args={'value': 3, 'enabled': True}
2020-04-05 17:44:18,805 : INFO : EventManager : Event: ======'battle_advance'====== Args={'count': 3, 'remaining': -3}
2020-04-05 17:44:20,563 : INFO : SwitchController : <<<<<<< 's_drop_target' inactive >>>>>>>
2020-04-05 17:44:20,563 : INFO : EventManager : Event: ======'drop_target_citadel_drop_target_up'====== Args={'device': <drop_target.citadel_drop_target>}
2020-04-05 17:44:21,003 : INFO : SwitchController : <<<<<<< 's_drop_target' active >>>>>>>
2020-04-05 17:44:21,003 : INFO : EventManager : Event: ======'s_drop_target_active'====== Args={}
2020-04-05 17:44:21,004 : INFO : EventManager : Event: ======'drop_target_citadel_drop_target_down'====== Args={'device': <drop_target.citadel_drop_target>}
2020-04-05 17:44:21,004 : INFO : EventManager : Event: ======'machine_var_audits_switches_s_drop_target'====== Args={'value': 445, 'prev_value': 444, 'change': 1}
2020-04-05 17:44:21,005 : INFO : EventManager : Event: ======'logicblock_battle_counter_updated'====== Args={'value': 2, 'enabled': True}
2020-04-05 17:44:21,005 : INFO : EventManager : Event: ======'battle_advance'====== Args={'count': 2, 'remaining': -2}
2020-04-05 17:44:21,103 : INFO : SwitchController : <<<<<<< 's_drop_target' inactive >>>>>>>
2020-04-05 17:44:21,103 : INFO : EventManager : Event: ======'drop_target_citadel_drop_target_up'====== Args={'device': <drop_target.citadel_drop_target>}
2020-04-05 17:44:21,575 : INFO : SwitchController : <<<<<<< 's_drop_target' active >>>>>>>
2020-04-05 17:44:21,575 : INFO : EventManager : Event: ======'s_drop_target_active'====== Args={}
2020-04-05 17:44:21,575 : INFO : EventManager : Event: ======'drop_target_citadel_drop_target_down'====== Args={'device': <drop_target.citadel_drop_target>}
2020-04-05 17:44:21,575 : INFO : EventManager : Event: ======'machine_var_audits_switches_s_drop_target'====== Args={'value': 446, 'prev_value': 445, 'change': 1}
2020-04-05 17:44:21,576 : INFO : EventManager : Event: ======'logicblock_battle_counter_updated'====== Args={'value': 1, 'enabled': True}
2020-04-05 17:44:21,576 : INFO : EventManager : Event: ======'battle_advance'====== Args={'count': 1, 'remaining': -1}
2020-04-05 17:44:21,700 : INFO : SwitchController : <<<<<<< 's_drop_target' inactive >>>>>>>
2020-04-05 17:44:21,700 : INFO : EventManager : Event: ======'drop_target_citadel_drop_target_up'====== Args={'device': <drop_target.citadel_drop_target>}
2020-04-05 17:44:22,163 : INFO : SwitchController : <<<<<<< 's_drop_target' active >>>>>>>
2020-04-05 17:44:22,163 : INFO : EventManager : Event: ======'s_drop_target_active'====== Args={}
2020-04-05 17:44:22,163 : INFO : EventManager : Event: ======'drop_target_citadel_drop_target_down'====== Args={'device': <drop_target.citadel_drop_target>}
2020-04-05 17:44:22,164 : INFO : EventManager : Event: ======'machine_var_audits_switches_s_drop_target'====== Args={'value': 447, 'prev_value': 446, 'change': 1}
2020-04-05 17:44:22,165 : INFO : EventManager : Event: ======'logicblock_battle_counter_updated'====== Args={'value': 0, 'enabled': True}
2020-04-05 17:44:22,165 : INFO : EventManager : Event: ======'battle_advance'====== Args={'count': 0, 'remaining': 0}
2020-04-05 17:44:22,166 : INFO : EventManager : Event: ======'battle_will_ready'====== Args={}
2020-04-05 17:44:22,166 : INFO : EventManager : Event: ======'logicblock_battle_counter_updated'====== Args={'value': 0, 'enabled': False}
2020-04-05 17:44:22,166 : INFO : EventManager : Event: ======'enable_citadel_magnet'====== Args={'priority': 0}
2020-04-05 17:44:22,167 : INFO : EventManager : Event: ======'disable_drop_target'====== Args={'priority': 0}
2020-04-05 17:44:22,167 : INFO : EventManager : Event: ======'drop_target_knockdown'====== Args={'priority': 0}
2020-04-05 17:44:22,167 : INFO : coil.c_drop_target_reset : Disabling Driver
2020-04-05 17:44:22,293 : INFO : SwitchController : <<<<<<< 's_drop_target' inactive >>>>>>>
2020-04-05 17:44:22,293 : INFO : EventManager : Event: ======'drop_target_citadel_drop_target_up'====== Args={'device': <drop_target.citadel_drop_target>}
2020-04-05 17:44:24,075 : INFO : SwitchController : <<<<<<< 's_citadel_lock' active >>>>>>>
2020-04-05 17:44:24,075 : INFO : EventManager : Event: ======'s_citadel_lock_active'====== Args={}
2020-04-05 17:44:24,076 : INFO : coil.c_citadel_magnet : Enabling Driver with power 0.375 (pulse_ms 100ms and pulse_power 1.0)
2020-04-05 17:44:24,076 : INFO : EventManager : Event: ======'magnet_citadel_magnet_grabbing_ball'====== Args={}
2020-04-05 17:44:24,076 : INFO : EventManager : Event: ======'machine_var_audits_switches_s_citadel_lock'====== Args={'value': 78, 'prev_value': 77, 'change': 1}
2020-04-05 17:44:24,077 : INFO : EventManager : Event: ======'battle_will_start'====== Args={'priority': 0}
2020-04-05 17:44:24,090 : INFO : EventManager : Event: ======'slide_hc_start_created'====== Args={'_from_bcp': True}
2020-04-05 17:44:24,090 : INFO : EventManager : Event: ======'slide_hc_start_active'====== Args={'_from_bcp': True}
2020-04-05 17:44:24,258 : INFO : SwitchController : <<<<<<< 's_citadel_lock' inactive >>>>>>>
2020-04-05 17:44:25,591 : INFO : EventManager : Event: ======'magnet_citadel_magnet_grabbed_ball'====== Args={}
2020-04-05 17:44:26,900 : INFO : EventManager : Event: ======'slide_hc_start_end_created'====== Args={'_from_bcp': True}
2020-04-05 17:44:26,901 : INFO : EventManager : Event: ======'slide_hc_start_end_active'====== Args={'_from_bcp': True}
2020-04-05 17:44:27,902 : INFO : EventManager : Event: ======'slide_hc_start_removed'====== Args={'_from_bcp': True}
2020-04-05 17:44:27,903 : INFO : EventManager : Event: ======'slide_hc_start_end_removed'====== Args={'_from_bcp': True}
2020-04-05 17:44:27,903 : INFO : EventManager : Event: ======'start_battle'====== Args={'priority': 0}
2020-04-05 17:44:27,904 : INFO : EventManager : Event: ======'citadel_relase'====== Args={'priority': 0}
2020-04-05 17:44:27,904 : INFO : EventManager : Event: ======'mode_battle_will_start'====== Args={'priority': 0}
2020-04-05 17:44:27,905 : INFO : EventManager : Event: ======'devstrike_above'====== Args={}
2020-04-05 17:44:27,907 : INFO : EventManager : Event: ======'mode_battle_starting'====== Args={'priority': 0}
2020-04-05 17:44:27,907 : INFO : EventManager : Event: ======'balls_in_play'====== Args={'balls': 3}
2020-04-05 17:44:27,908 : INFO : EventManager : Event: ======'balldevice_balls_available'====== Args={}
2020-04-05 17:44:27,908 : INFO : EventManager : Event: ======'balldevice_balls_available'====== Args={}
2020-04-05 17:44:27,909 : INFO : EventManager : Event: ======'multiball_battle_multiball_started'====== Args={'balls': 3}
2020-04-05 17:44:27,909 : INFO : EventManager : Event: ======'activate_multiball'====== Args={'priority': 0}
2020-04-05 17:44:27,909 : INFO : EventManager : Event: ======'main_state_stopped'====== Args={}
2020-04-05 17:44:27,910 : INFO : EventManager : Event: ======'multiball_state'====== Args={}
2020-04-05 17:44:27,910 : INFO : EventManager : Event: ======'multiball_active'====== Args={}
2020-04-05 17:44:27,911 : INFO : EventManager : Event: ======'mode_value_manager_will_stop'====== Args={}
2020-04-05 17:44:27,911 : INFO : EventManager : Event: ======'mode_value_manager_stopping'====== Args={}
2020-04-05 17:44:27,911 : INFO : EventManager : Event: ======'mode_mode_lit_will_stop'====== Args={}
2020-04-05 17:44:27,911 : INFO : EventManager : Event: ======'mode_mode_lit_stopping'====== Args={}
2020-04-05 17:44:27,912 : INFO : EventManager : Event: ======'mode_battle_manager_will_stop'====== Args={}
2020-04-05 17:44:27,912 : INFO : EventManager : Event: ======'mode_battle_manager_stopping'====== Args={}
2020-04-05 17:44:27,912 : INFO : EventManager : Event: ======'mode_hc_lock_lit_will_stop'====== Args={}
2020-04-05 17:44:27,912 : INFO : EventManager : Event: ======'mode_hc_lock_lit_stopping'====== Args={}
2020-04-05 17:44:27,913 : INFO : EventManager : Event: ======'magnet_citadel_magnet_releasing_ball'====== Args={}
2020-04-05 17:44:27,913 : INFO : coil.c_citadel_magnet : Disabling Driver
2020-04-05 17:44:27,913 : INFO : Mode.hc_lock_lit : Stopped.
2020-04-05 17:44:27,913 : INFO : EventManager : Event: ======'mode_hc_lock_lit_stopped'====== Args={}
2020-04-05 17:44:27,914 : INFO : EventManager : Event: ======'clear'====== Args={'key': 'hc_lock_lit'}
2020-04-05 17:44:27,914 : INFO : Mode.battle_manager : Stopped.
2020-04-05 17:44:27,915 : INFO : EventManager : Event: ======'mode_battle_manager_stopped'====== Args={}
2020-04-05 17:44:27,915 : INFO : EventManager : Event: ======'clear'====== Args={'key': 'battle_manager'}
2020-04-05 17:44:27,916 : INFO : EventManager : Event: ======'multiball_battle_multiball_shoot_again_ended'====== Args={}
2020-04-05 17:44:27,916 : INFO : Mode.mode_lit : Stopped.
2020-04-05 17:44:27,917 : INFO : EventManager : Event: ======'mode_mode_lit_stopped'====== Args={}
2020-04-05 17:44:27,917 : INFO : EventManager : Event: ======'clear'====== Args={'key': 'mode_lit'}
2020-04-05 17:44:27,917 : INFO : Mode.value_manager : Stopped.
2020-04-05 17:44:27,918 : INFO : EventManager : Event: ======'mode_value_manager_stopped'====== Args={}
2020-04-05 17:44:27,918 : INFO : EventManager : Event: ======'clear'====== Args={'key': 'value_manager'}
2020-04-05 17:44:27,918 : INFO : EventManager : Event: ======'logicblock_citadel_load_counter_updated'====== Args={'value': 0, 'enabled': True}
2020-04-05 17:44:27,919 : INFO : EventManager : Event: ======'logicblock_torpedo_load_counter_updated'====== Args={'value': 0, 'enabled': True}
2020-04-05 17:44:27,919 : INFO : EventManager : Event: ======'logicblock_citadel_load_counter_updated'====== Args={'value': 0, 'enabled': True}
2020-04-05 17:44:27,919 : INFO : EventManager : Event: ======'logicblock_torpedo_load_counter_updated'====== Args={'value': 0, 'enabled': True}
2020-04-05 17:44:27,919 : INFO : Mode.battle : Started. Priority: 300
2020-04-05 17:44:27,919 : INFO : EventManager : Event: ======'mode_battle_started'====== Args={'priority': 0}
2020-04-05 17:44:27,920 : INFO : EventManager : Event: ======'deal_dmg'====== Args={'priority': 0}
2020-04-05 17:44:27,920 : INFO : EventManager : Event: ======'player_ship_hp'====== Args={'value': 100.0, 'prev_value': 0, 'change': 100.0, 'player_num': 1}
2020-04-05 17:44:27,952 : INFO : EventManager : Event: ======'slide_dmd_blank_active'====== Args={'_from_bcp': True}
2020-04-05 17:44:27,952 : INFO : EventManager : Event: ======'slide_ship_hp_slide_created'====== Args={'_from_bcp': True}
2020-04-05 17:44:27,953 : INFO : EventManager : Event: ======'slide_ship_hp_slide_active'====== Args={'_from_bcp': True}
2020-04-05 17:44:27,954 : INFO : EventManager : Event: ======'balldevice_bd_trough_ball_eject_attempt'====== Args={'balls': 1, 'target': <ball_device.bd_plunger>, 'source': <ball_device.bd_trough>, 'mechanical_eject': False, 'num_attempts': 0}
2020-04-05 17:44:27,954 : INFO : ball_device.bd_trough : Ejecting ball to <ball_device.bd_plunger>
2020-04-05 17:44:27,954 : INFO : EventManager : Event: ======'balldevice_bd_trough_ejecting_ball'====== Args={'balls': 1, 'target': <ball_device.bd_plunger>, 'source': <ball_device.bd_trough>, 'mechanical_eject': False, 'num_attempts': 0}
2020-04-05 17:44:27,955 : INFO : coil.c_trough_eject : Pulsing Driver for 20ms (1.0 pulse_power)
2020-04-05 17:44:27,955 : INFO : SwitchController : <<<<<<< 's_trough2' inactive >>>>>>>
2020-04-05 17:44:28,051 : INFO : SwitchController : <<<<<<< 's_plunger' active >>>>>>>
2020-04-05 17:44:28,051 : INFO : EventManager : Event: ======'machine_var_audits_switches_s_plunger'====== Args={'value': 830, 'prev_value': 829, 'change': 1}
2020-04-05 17:44:28,359 : INFO : EventManager : Event: ======'balldevice_bd_plunger_ball_enter'====== Args={'new_balls': 1, 'unclaimed_balls': 0, 'new_available_balls': 0, 'device': <ball_device.bd_plunger>}
2020-04-05 17:44:28,359 : INFO : EventManager : Event: ======'balldevice_bd_plunger_ball_entered'====== Args={'new_balls': 0, 'device': <ball_device.bd_plunger>}
2020-04-05 17:44:28,360 : INFO : EventManager : Event: ======'balldevice_bd_plunger_ball_count_changed'====== Args={'balls': 1}
2020-04-05 17:44:28,360 : INFO : EventManager : Event: ======'balldevice_bd_trough_ball_eject_success'====== Args={'balls': 1, 'target': <ball_device.bd_plunger>}
2020-04-05 17:44:28,360 : INFO : EventManager : Event: ======'balldevice_bd_trough_ball_count_changed'====== Args={'balls': 3}
2020-04-05 17:44:28,361 : INFO : EventManager : Event: ======'balldevice_bd_plunger_ball_eject_attempt'====== Args={'balls': 1, 'target': <playfield.playfield>, 'source': <ball_device.bd_plunger>, 'mechanical_eject': False, 'num_attempts': 0}
2020-04-05 17:44:28,361 : INFO : ball_device.bd_plunger : Ejecting ball to <playfield.playfield>
2020-04-05 17:44:28,361 : INFO : EventManager : Event: ======'balldevice_bd_plunger_ejecting_ball'====== Args={'balls': 1, 'target': <playfield.playfield>, 'source': <ball_device.bd_plunger>, 'mechanical_eject': False, 'num_attempts': 0}
2020-04-05 17:44:28,362 : INFO : coil.c_plunger : Pulsing Driver for 10ms (1.0 pulse_power)
2020-04-05 17:44:28,362 : INFO : SwitchController : <<<<<<< 's_plunger' inactive >>>>>>>
2020-04-05 17:44:28,407 : INFO : EventManager : Event: ======'magnet_citadel_magnet_released_ball'====== Args={}
2020-04-05 17:44:28,466 : INFO : EventManager : Event: ======'balldevice_bd_trough_ball_eject_attempt'====== Args={'balls': 1, 'target': <ball_device.bd_plunger>, 'source': <ball_device.bd_trough>, 'mechanical_eject': False, 'num_attempts': 0}
2020-04-05 17:44:30,209 : INFO : SwitchController : <<<<<<< 's_left_ramp_made' active >>>>>>>
2020-04-05 17:44:30,209 : INFO : EventManager : Event: ======'s_left_ramp_made_active'====== Args={}
2020-04-05 17:44:30,209 : INFO : EventManager : Event: ======'machine_var_audits_switches_s_left_ramp_made'====== Args={'value': 265, 'prev_value': 264, 'change': 1}
2020-04-05 17:44:30,210 : INFO : EventManager : Event: ======'logicblock_citadel_load_counter_updated'====== Args={'value': 1, 'enabled': True}
2020-04-05 17:44:30,210 : INFO : EventManager : Event: ======'citadel_load_advance'====== Args={'count': 1, 'remaining': 2}
2020-04-05 17:44:30,331 : INFO : SwitchController : <<<<<<< 's_left_ramp_made' inactive >>>>>>>
2020-04-05 17:44:30,798 : INFO : SwitchController : <<<<<<< 's_left_ramp_made' active >>>>>>>
2020-04-05 17:44:30,798 : INFO : EventManager : Event: ======'s_left_ramp_made_active'====== Args={}
2020-04-05 17:44:30,798 : INFO : EventManager : Event: ======'machine_var_audits_switches_s_left_ramp_made'====== Args={'value': 266, 'prev_value': 265, 'change': 1}
2020-04-05 17:44:30,799 : INFO : EventManager : Event: ======'logicblock_citadel_load_counter_updated'====== Args={'value': 2, 'enabled': True}
2020-04-05 17:44:30,799 : INFO : EventManager : Event: ======'citadel_load_advance'====== Args={'count': 2, 'remaining': 1}
2020-04-05 17:44:30,940 : INFO : SwitchController : <<<<<<< 's_left_ramp_made' inactive >>>>>>>
2020-04-05 17:44:31,444 : INFO : SwitchController : <<<<<<< 's_left_ramp_made' active >>>>>>>
2020-04-05 17:44:31,444 : INFO : EventManager : Event: ======'s_left_ramp_made_active'====== Args={}
2020-04-05 17:44:31,444 : INFO : EventManager : Event: ======'machine_var_audits_switches_s_left_ramp_made'====== Args={'value': 267, 'prev_value': 266, 'change': 1}
2020-04-05 17:44:31,444 : INFO : EventManager : Event: ======'logicblock_citadel_load_counter_updated'====== Args={'value': 3, 'enabled': True}
2020-04-05 17:44:31,445 : INFO : EventManager : Event: ======'citadel_load_advance'====== Args={'count': 3, 'remaining': 0}
2020-04-05 17:44:31,445 : INFO : EventManager : Event: ======'citadel_loaded'====== Args={}
2020-04-05 17:44:31,445 : INFO : EventManager : Event: ======'logicblock_citadel_load_counter_updated'====== Args={'value': 0, 'enabled': True}
2020-04-05 17:44:31,445 : INFO : EventManager : Event: ======'enable_citadel_magnet'====== Args={'priority': 0}
2020-04-05 17:44:31,445 : INFO : EventManager : Event: ======'enable_loop_magnet'====== Args={'priority': 0}
2020-04-05 17:44:31,445 : INFO : EventManager : Event: ======'disable_drop_target'====== Args={'priority': 0}
2020-04-05 17:44:31,446 : INFO : EventManager : Event: ======'drop_target_knockdown'====== Args={'priority': 0}
2020-04-05 17:44:31,446 : INFO : EventManager : Event: ======'player_citadel_ready'====== Args={'value': 1, 'prev_value': 0, 'change': 1, 'player_num': 1}
2020-04-05 17:44:31,446 : INFO : EventManager : Event: ======'player_citadel_number'====== Args={'value': 1, 'prev_value': 0, 'change': 1, 'player_num': 1}
2020-04-05 17:44:31,446 : INFO : coil.c_drop_target_reset : Disabling Driver
2020-04-05 17:44:31,447 : INFO : coil.c_drop_target_knockdown : Pulsing Driver for 100ms (1.0 pulse_power)
2020-04-05 17:44:31,481 : INFO : SwitchController : <<<<<<< 's_drop_target' active >>>>>>>
2020-04-05 17:44:31,481 : INFO : EventManager : Event: ======'s_drop_target_active'====== Args={}
2020-04-05 17:44:31,481 : INFO : EventManager : Event: ======'machine_var_audits_switches_s_drop_target'====== Args={'value': 448, 'prev_value': 447, 'change': 1}
2020-04-05 17:44:31,482 : INFO : EventManager : Event: ======'penatration_dmg_deal'====== Args={'priority': 0}
2020-04-05 17:44:31,482 : INFO : EventManager : Event: ======'deal_dmg'====== Args={'priority': 0}
2020-04-05 17:44:31,482 : INFO : EventManager : Event: ======'player_ship_hp'====== Args={'value': 90.0, 'prev_value': 100.0, 'change': -10.0, 'player_num': 1}
2020-04-05 17:44:31,483 : INFO : EventManager : Event: ======'balldevice_bd_plunger_ball_eject_success'====== Args={'balls': 1, 'target': <playfield.playfield>}
2020-04-05 17:44:31,483 : INFO : EventManager : Event: ======'balldevice_playfield_ball_enter'====== Args={'new_balls': 1, 'unclaimed_balls': 1, 'device': <playfield.playfield>}
2020-04-05 17:44:31,483 : INFO : EventManager : Event: ======'playfield_ball_count_change'====== Args={'balls': 2, 'change': 1}
2020-04-05 17:44:31,495 : INFO : EventManager : Event: ======'balldevice_bd_plunger_ball_count_changed'====== Args={'balls': 0}
2020-04-05 17:44:31,496 : INFO : ball_device.bd_trough : Ejecting ball to <ball_device.bd_plunger>
2020-04-05 17:44:31,496 : INFO : EventManager : Event: ======'balldevice_bd_trough_ejecting_ball'====== Args={'balls': 1, 'target': <ball_device.bd_plunger>, 'source': <ball_device.bd_trough>, 'mechanical_eject': False, 'num_attempts': 0}
2020-04-05 17:44:31,556 : INFO : coil.c_trough_eject : Pulsing Driver for 20ms (1.0 pulse_power)
2020-04-05 17:44:31,556 : INFO : SwitchController : <<<<<<< 's_trough3' inactive >>>>>>>
2020-04-05 17:44:31,604 : INFO : SwitchController : <<<<<<< 's_left_ramp_made' inactive >>>>>>>
2020-04-05 17:44:31,646 : INFO : SwitchController : <<<<<<< 's_plunger' active >>>>>>>
2020-04-05 17:44:31,646 : INFO : EventManager : Event: ======'machine_var_audits_switches_s_plunger'====== Args={'value': 831, 'prev_value': 830, 'change': 1}
2020-04-05 17:44:31,936 : INFO : EventManager : Event: ======'drop_target_citadel_drop_target_down'====== Args={'device': <drop_target.citadel_drop_target>}
2020-04-05 17:44:31,951 : INFO : EventManager : Event: ======'balldevice_bd_plunger_ball_enter'====== Args={'new_balls': 1, 'unclaimed_balls': 0, 'new_available_balls': 0, 'device': <ball_device.bd_plunger>}
2020-04-05 17:44:31,951 : INFO : EventManager : Event: ======'balldevice_bd_plunger_ball_entered'====== Args={'new_balls': 0, 'device': <ball_device.bd_plunger>}
2020-04-05 17:44:31,952 : INFO : EventManager : Event: ======'balldevice_bd_plunger_ball_count_changed'====== Args={'balls': 1}
2020-04-05 17:44:31,952 : INFO : EventManager : Event: ======'balldevice_bd_trough_ball_eject_success'====== Args={'balls': 1, 'target': <ball_device.bd_plunger>}
2020-04-05 17:44:31,952 : INFO : EventManager : Event: ======'balldevice_bd_trough_ball_count_changed'====== Args={'balls': 2}
2020-04-05 17:44:31,953 : INFO : EventManager : Event: ======'balldevice_bd_plunger_ball_eject_attempt'====== Args={'balls': 1, 'target': <playfield.playfield>, 'source': <ball_device.bd_plunger>, 'mechanical_eject': False, 'num_attempts': 0}
2020-04-05 17:44:31,953 : INFO : ball_device.bd_plunger : Ejecting ball to <playfield.playfield>
2020-04-05 17:44:31,953 : INFO : EventManager : Event: ======'balldevice_bd_plunger_ejecting_ball'====== Args={'balls': 1, 'target': <playfield.playfield>, 'source': <ball_device.bd_plunger>, 'mechanical_eject': False, 'num_attempts': 0}
2020-04-05 17:44:31,954 : INFO : coil.c_plunger : Pulsing Driver for 10ms (1.0 pulse_power)
2020-04-05 17:44:31,954 : INFO : SwitchController : <<<<<<< 's_plunger' inactive >>>>>>>
2020-04-05 17:44:32,356 : INFO : SwitchController : <<<<<<< 's_left_ramp_made' active >>>>>>>
2020-04-05 17:44:32,356 : INFO : EventManager : Event: ======'s_left_ramp_made_active'====== Args={}
2020-04-05 17:44:32,357 : INFO : EventManager : Event: ======'machine_var_audits_switches_s_left_ramp_made'====== Args={'value': 268, 'prev_value': 267, 'change': 1}
2020-04-05 17:44:32,357 : INFO : EventManager : Event: ======'logicblock_citadel_load_counter_updated'====== Args={'value': 1, 'enabled': True}
2020-04-05 17:44:32,357 : INFO : EventManager : Event: ======'citadel_load_advance'====== Args={'count': 1, 'remaining': 2}
2020-04-05 17:44:32,497 : INFO : SwitchController : <<<<<<< 's_left_ramp_made' inactive >>>>>>>
2020-04-05 17:44:32,925 : INFO : SwitchController : <<<<<<< 's_left_ramp_made' active >>>>>>>
2020-04-05 17:44:32,925 : INFO : EventManager : Event: ======'s_left_ramp_made_active'====== Args={}
2020-04-05 17:44:32,926 : INFO : EventManager : Event: ======'machine_var_audits_switches_s_left_ramp_made'====== Args={'value': 269, 'prev_value': 268, 'change': 1}
2020-04-05 17:44:32,926 : INFO : EventManager : Event: ======'logicblock_citadel_load_counter_updated'====== Args={'value': 2, 'enabled': True}
2020-04-05 17:44:32,926 : INFO : EventManager : Event: ======'citadel_load_advance'====== Args={'count': 2, 'remaining': 1}
2020-04-05 17:44:33,064 : INFO : SwitchController : <<<<<<< 's_left_ramp_made' inactive >>>>>>>
2020-04-05 17:44:33,547 : INFO : SwitchController : <<<<<<< 's_left_ramp_made' active >>>>>>>
2020-04-05 17:44:33,547 : INFO : EventManager : Event: ======'s_left_ramp_made_active'====== Args={}
2020-04-05 17:44:33,547 : INFO : EventManager : Event: ======'machine_var_audits_switches_s_left_ramp_made'====== Args={'value': 270, 'prev_value': 269, 'change': 1}
2020-04-05 17:44:33,548 : INFO : EventManager : Event: ======'logicblock_citadel_load_counter_updated'====== Args={'value': 3, 'enabled': True}
2020-04-05 17:44:33,548 : INFO : EventManager : Event: ======'citadel_load_advance'====== Args={'count': 3, 'remaining': 0}
2020-04-05 17:44:33,548 : INFO : EventManager : Event: ======'citadel_loaded'====== Args={}
2020-04-05 17:44:33,548 : INFO : EventManager : Event: ======'logicblock_citadel_load_counter_updated'====== Args={'value': 0, 'enabled': True}
2020-04-05 17:44:33,549 : INFO : EventManager : Event: ======'enable_citadel_magnet'====== Args={'priority': 0}
2020-04-05 17:44:33,549 : INFO : EventManager : Event: ======'enable_loop_magnet'====== Args={'priority': 0}
2020-04-05 17:44:33,549 : INFO : EventManager : Event: ======'disable_drop_target'====== Args={'priority': 0}
2020-04-05 17:44:33,549 : INFO : EventManager : Event: ======'drop_target_knockdown'====== Args={'priority': 0}
2020-04-05 17:44:33,549 : INFO : EventManager : Event: ======'player_citadel_number'====== Args={'value': 2, 'prev_value': 1, 'change': 1, 'player_num': 1}
2020-04-05 17:44:33,550 : INFO : coil.c_drop_target_reset : Disabling Driver
2020-04-05 17:44:33,716 : INFO : SwitchController : <<<<<<< 's_left_ramp_made' inactive >>>>>>>
2020-04-05 17:44:35,073 : INFO : EventManager : Event: ======'balldevice_bd_plunger_ball_eject_success'====== Args={'balls': 1, 'target': <playfield.playfield>}
2020-04-05 17:44:35,073 : INFO : EventManager : Event: ======'balldevice_playfield_ball_enter'====== Args={'new_balls': 1, 'unclaimed_balls': 1, 'device': <playfield.playfield>}
2020-04-05 17:44:35,073 : INFO : EventManager : Event: ======'playfield_ball_count_change'====== Args={'balls': 3, 'change': 1}
2020-04-05 17:44:35,074 : INFO : EventManager : Event: ======'balldevice_bd_plunger_ball_count_changed'====== Args={'balls': 0}
2020-04-05 17:44:37,906 : INFO : EventManager : Event: ======'multiball_battle_multiball_shoot_again_ended'====== Args={}
2020-04-05 17:44:40,922 : INFO : SwitchController : <<<<<<< 's_citadel_lock' active >>>>>>>
2020-04-05 17:44:40,922 : INFO : EventManager : Event: ======'s_citadel_lock_active'====== Args={}
2020-04-05 17:44:40,922 : INFO : coil.c_citadel_magnet : Enabling Driver with power 0.375 (pulse_ms 100ms and pulse_power 1.0)
2020-04-05 17:44:40,922 : INFO : EventManager : Event: ======'magnet_citadel_magnet_grabbing_ball'====== Args={}
2020-04-05 17:44:40,922 : INFO : EventManager : Event: ======'machine_var_audits_switches_s_citadel_lock'====== Args={'value': 79, 'prev_value': 78, 'change': 1}
2020-04-05 17:44:40,923 : INFO : EventManager : Event: ======'disable_loop_magnet'====== Args={'priority': 0}
2020-04-05 17:44:40,924 : INFO : EventManager : Event: ======'player_citadel_locked'====== Args={'value': 1, 'prev_value': 0, 'change': 1, 'player_num': 1}
2020-04-05 17:44:41,090 : INFO : SwitchController : <<<<<<< 's_citadel_lock' inactive >>>>>>>
2020-04-05 17:44:42,423 : INFO : EventManager : Event: ======'magnet_citadel_magnet_grabbed_ball'====== Args={}
2020-04-05 17:44:42,812 : INFO : SwitchController : <<<<<<< 's_citadel' active >>>>>>>
2020-04-05 17:44:42,813 : INFO : EventManager : Event: ======'s_citadel_active'====== Args={}
2020-04-05 17:44:42,813 : INFO : EventManager : Event: ======'machine_var_audits_switches_s_citadel'====== Args={'value': 14, 'prev_value': 13, 'change': 1}
2020-04-05 17:44:42,814 : INFO : EventManager : Event: ======'deal_citadel_dmg'====== Args={'priority': 0}
2020-04-05 17:44:42,814 : INFO : EventManager : Event: ======'deal_dmg'====== Args={'priority': 0}
2020-04-05 17:44:42,815 : INFO : EventManager : Event: ======'reset_citadel_magnet'====== Args={'priority': 0}
2020-04-05 17:44:42,815 : INFO : EventManager : Event: ======'enable_drop_target'====== Args={'priority': 0}
2020-04-05 17:44:42,815 : INFO : EventManager : Event: ======'drop_target_reset'====== Args={'priority': 0}
2020-04-05 17:44:42,815 : INFO : EventManager : Event: ======'player_citadel_ready'====== Args={'value': 0, 'prev_value': 1, 'change': -1, 'player_num': 1}
2020-04-05 17:44:42,815 : INFO : EventManager : Event: ======'player_ship_hp'====== Args={'value': 70.0, 'prev_value': 90.0, 'change': -20.0, 'player_num': 1}
2020-04-05 17:44:42,816 : INFO : EventManager : Event: ======'player_citadel_locked'====== Args={'value': 0, 'prev_value': 1, 'change': -1, 'player_num': 1}
2020-04-05 17:44:42,822 : INFO : EventManager : Event: ======'player_citadel_number'====== Args={'value': 0, 'prev_value': 2, 'change': -2, 'player_num': 1}
2020-04-05 17:44:42,826 : INFO : EventManager : Event: ======'magnet_citadel_magnet_releasing_ball'====== Args={}
2020-04-05 17:44:42,826 : INFO : coil.c_citadel_magnet : Disabling Driver
2020-04-05 17:44:42,826 : INFO : coil.c_drop_target_reset : Enabling Driver with power 0.375 (pulse_ms 100ms and pulse_power 1.0)
2020-04-05 17:44:42,826 : INFO : coil.c_drop_target_reset : Pulsing Driver for 100ms (1.0 pulse_power)
2020-04-05 17:44:42,879 : INFO : SwitchController : <<<<<<< 's_drop_target' inactive >>>>>>>
2020-04-05 17:44:42,991 : INFO : SwitchController : <<<<<<< 's_citadel' inactive >>>>>>>
2020-04-05 17:44:43,326 : INFO : EventManager : Event: ======'drop_target_citadel_drop_target_up'====== Args={'device': <drop_target.citadel_drop_target>}
2020-04-05 17:44:43,326 : INFO : EventManager : Event: ======'magnet_citadel_magnet_released_ball'====== Args={}
2020-04-05 17:44:52,387 : INFO : Machine : Shutting down...
2020-04-05 17:44:52,387 : INFO : EventManager : Event: ======'shutdown'====== Args={}
2020-04-05 17:44:52,390 : INFO : root : MPF run loop ended.
