2020-03-17 11:40:05,800 : kivy : Factory: 184 symbols loaded
2020-03-17 11:40:05,895 : kivy : Image: Providers: img_tex, img_dds, img_sdl2, img_pil, img_gif (img_ffpyplayer ignored)
2020-03-17 11:40:05,947 : kivy : VideoGstplayer: Using Gstreamer 1.16.0.0
2020-03-17 11:40:05,947 : kivy : Video: Provider: gstplayer
2020-03-17 11:40:06,014 : kivy : Loading MPF-MC controller
2020-03-17 11:40:06,015 : mpfmc : Mission Pinball Framework Media Controller v0.53.0
2020-03-17 11:40:06,015 : mpfmc : Mission Pinball Framework Game Engine v0.53.2
2020-03-17 11:40:06,015 : mpfmc : Machine path: E:\mpf\wows\wows
2020-03-17 11:40:06,016 : ConfigProcessor : Config file in cache changed: E:\mpf\wows\wows\config\config
2020-03-17 11:40:06,017 : ConfigProcessor : Loading config from file c:\users\schol\appdata\local\programs\python\python36\lib\site-packages\mpfmc\mcconfig.yaml.
2020-03-17 11:40:06,053 : ConfigProcessor : Loading config: c:\users\schol\appdata\local\programs\python\python36\lib\site-packages\mpfmc\mcconfig.yaml
2020-03-17 11:40:06,061 : ConfigProcessor : Loading config from file E:\mpf\wows\wows\config\config.
2020-03-17 11:40:06,173 : ConfigProcessor : Loading config: E:\mpf\wows\wows\config\config
2020-03-17 11:40:06,175 : ConfigProcessor : Config file cache created: C:\Users\schol\AppData\Local\Temp\398a03908486e3c8525902f452489fb5.mpf_cache
2020-03-17 11:40:06,176 : mpfmc : Starting clock at 60.0Hz
2020-03-17 11:40:06,187 : kivy : Text: Provider: sdl2
2020-03-17 11:40:06,223 : kivy : Window: Provider: sdl2
2020-03-17 11:40:06,645 : kivy : GL: Using the "OpenGL" graphics system
2020-03-17 11:40:06,651 : kivy : GL: GLEW initialization succeeded
2020-03-17 11:40:06,651 : kivy : GL: Backend used <glew>
2020-03-17 11:40:06,651 : kivy : GL: OpenGL version <b'4.6.0 NVIDIA 442.59'>
2020-03-17 11:40:06,651 : kivy : GL: OpenGL vendor <b'NVIDIA Corporation'>
2020-03-17 11:40:06,651 : kivy : GL: OpenGL renderer <b'GeForce GTX 1060 6GB/PCIe/SSE2'>
2020-03-17 11:40:06,651 : kivy : GL: OpenGL parsed version: 4, 6
2020-03-17 11:40:06,652 : kivy : GL: Shading version <b'4.60 NVIDIA'>
2020-03-17 11:40:06,652 : kivy : GL: Texture max size <32768>
2020-03-17 11:40:06,652 : kivy : GL: Texture max units <32>
2020-03-17 11:40:06,664 : kivy : Window: auto add sdl2 input provider
2020-03-17 11:40:06,665 : kivy : Window: virtual keyboard not allowed, single mode, not docked
2020-03-17 11:40:06,671 : SoundSystem : SoundSystem: Using default 'sound_system' settings
2020-03-17 11:40:06,857 : AudioInterface : Initialized
2020-03-17 11:40:06,858 : SoundSystem : No audio tracks are specified in your machine config file. a track named 'default' has been created.
2020-03-17 11:40:06,859 : kivy : Base: Start application main loop
2020-03-17 11:40:06,860 : EventManager : Event: ======'display_window_initialized'====== Args={}
2020-03-17 11:40:06,860 : EventManager : Event: ======'display_dmd_initialized'====== Args={}
2020-03-17 11:40:06,916 : mpfmc : Display: Setting 'dmd' as default display
2020-03-17 11:40:06,921 : EventManager : Event: ======'displays_initialized'====== Args={}
2020-03-17 11:40:06,922 : EventManager : Event: ======'slide_window_blank_created'====== Args={}
2020-03-17 11:40:06,922 : EventManager : Event: ======'display_window_ready'====== Args={}
2020-03-17 11:40:06,922 : EventManager : Event: ======'slide_dmd_blank_created'====== Args={}
2020-03-17 11:40:06,922 : EventManager : Event: ======'display_dmd_ready'====== Args={}
2020-03-17 11:40:06,931 : EventManager : Event: ======'init_phase_1'====== Args={}
2020-03-17 11:40:06,934 : EventManager : Event: ======'mc_ready'====== Args={}
2020-03-17 11:40:06,934 : EventManager : Event: ======'init_phase_2'====== Args={}
2020-03-17 11:40:06,935 : ConfigProcessor : Loading config from cache: C:\Users\schol\AppData\Local\Temp\4aeaa69609f53d9b71d1dbbedd434b0b.mpf_cache
2020-03-17 11:40:06,935 : ConfigProcessor : Loading config from cache: C:\Users\schol\AppData\Local\Temp\79b69aca05077178b8904472f0120320.mpf_cache
2020-03-17 11:40:06,936 : ConfigProcessor : Loading config from cache: C:\Users\schol\AppData\Local\Temp\f6b4884431efff4cb2e21d23d2c7b801.mpf_cache
2020-03-17 11:40:06,936 : ConfigProcessor : Loading config from cache: C:\Users\schol\AppData\Local\Temp\fa61b88f86d6e414c9b51ac1d3e19568.mpf_cache
2020-03-17 11:40:06,941 : ConfigProcessor : Loading config from cache: C:\Users\schol\AppData\Local\Temp\d5fd805c5432c1441bf01a6268536a3d.mpf_cache
2020-03-17 11:40:06,941 : ConfigProcessor : Loading config from cache: C:\Users\schol\AppData\Local\Temp\a6527a592b6034dbfea56fdf726c3822.mpf_cache
2020-03-17 11:40:06,942 : ConfigProcessor : Loading config from cache: C:\Users\schol\AppData\Local\Temp\fbcc5772262340622f93ebd98450e45f.mpf_cache
2020-03-17 11:40:06,942 : ConfigProcessor : Loading config from cache: C:\Users\schol\AppData\Local\Temp\fff0d16f8200200b52cd28c2ea815f12.mpf_cache
2020-03-17 11:40:06,942 : ConfigProcessor : Loading config from cache: C:\Users\schol\AppData\Local\Temp\fa1d48c05f4d8fd05f0b267836a1ac4f.mpf_cache
2020-03-17 11:40:06,943 : ConfigProcessor : Loading config from cache: C:\Users\schol\AppData\Local\Temp\97f63c0afcbce8d9df7044fccf1035a4.mpf_cache
2020-03-17 11:40:06,943 : ConfigProcessor : Loading config from cache: C:\Users\schol\AppData\Local\Temp\2242affd3e515f08e26d4d5b365e866b.mpf_cache
2020-03-17 11:40:06,943 : ConfigProcessor : Loading config from cache: C:\Users\schol\AppData\Local\Temp\d01089fe8a4c8b32515bd43f8cd9fd8b.mpf_cache
2020-03-17 11:40:06,944 : ConfigProcessor : Loading config from cache: C:\Users\schol\AppData\Local\Temp\bafdfa3518b80fac5c67bbc1ea3da4f8.mpf_cache
2020-03-17 11:40:06,944 : ConfigProcessor : Loading config from cache: C:\Users\schol\AppData\Local\Temp\5dbeda7d2775496a54d206d506904281.mpf_cache
2020-03-17 11:40:06,945 : ConfigProcessor : Loading config from cache: C:\Users\schol\AppData\Local\Temp\1e6cc6775e87a3e14ded8d45fd065b10.mpf_cache
2020-03-17 11:40:06,946 : ConfigProcessor : Loading config from cache: C:\Users\schol\AppData\Local\Temp\2f7452aae1b2779bb4a1388fc419c0c8.mpf_cache
2020-03-17 11:40:06,946 : ConfigProcessor : Loading config from cache: C:\Users\schol\AppData\Local\Temp\edfeac6524e6d1874b234b23d854175f.mpf_cache
2020-03-17 11:40:06,947 : ConfigProcessor : Loading config from cache: C:\Users\schol\AppData\Local\Temp\5c4497fcd69d1d656c4b69a28e44c490.mpf_cache
2020-03-17 11:40:06,947 : ConfigProcessor : Loading config from cache: C:\Users\schol\AppData\Local\Temp\f9a57b3955e1480227d6e8589f6567c4.mpf_cache
2020-03-17 11:40:06,947 : ConfigProcessor : Loading config from cache: C:\Users\schol\AppData\Local\Temp\6e6d4708a613edd7635d35a6961997f3.mpf_cache
2020-03-17 11:40:06,948 : EventManager : Event: ======'init_phase_3'====== Args={}
2020-03-17 11:40:06,948 : AssetManager : Registering Asset: ConsumableCountdown100, File: ConsumableCountdown100.jpg, Default Group: default, Final Config: {'load': 'preload', 'file': 'E:\\mpf\\wows\\wows\\images\\ConsumableCountdown100.jpg'}
2020-03-17 11:40:06,948 : AssetManager : Registering Asset: ConsumableCountdown101, File: ConsumableCountdown101.jpg, Default Group: default, Final Config: {'load': 'preload', 'file': 'E:\\mpf\\wows\\wows\\images\\ConsumableCountdown101.jpg'}
2020-03-17 11:40:06,948 : AssetManager : Registering Asset: ConsumableCountdown102, File: ConsumableCountdown102.jpg, Default Group: default, Final Config: {'load': 'preload', 'file': 'E:\\mpf\\wows\\wows\\images\\ConsumableCountdown102.jpg'}
2020-03-17 11:40:06,948 : AssetManager : Registering Asset: ConsumableCountdown103, File: ConsumableCountdown103.jpg, Default Group: default, Final Config: {'load': 'preload', 'file': 'E:\\mpf\\wows\\wows\\images\\ConsumableCountdown103.jpg'}
2020-03-17 11:40:06,948 : AssetManager : Registering Asset: ConsumableCountdown104, File: ConsumableCountdown104.jpg, Default Group: default, Final Config: {'load': 'preload', 'file': 'E:\\mpf\\wows\\wows\\images\\ConsumableCountdown104.jpg'}
2020-03-17 11:40:06,948 : AssetManager : Registering Asset: ConsumableCountdown105, File: ConsumableCountdown105.jpg, Default Group: default, Final Config: {'load': 'preload', 'file': 'E:\\mpf\\wows\\wows\\images\\ConsumableCountdown105.jpg'}
2020-03-17 11:40:06,948 : AssetManager : Registering Asset: ConsumableCountdown106, File: ConsumableCountdown106.jpg, Default Group: default, Final Config: {'load': 'preload', 'file': 'E:\\mpf\\wows\\wows\\images\\ConsumableCountdown106.jpg'}
2020-03-17 11:40:06,949 : AssetManager : Registering Asset: ConsumableCountdown107, File: ConsumableCountdown107.jpg, Default Group: default, Final Config: {'load': 'preload', 'file': 'E:\\mpf\\wows\\wows\\images\\ConsumableCountdown107.jpg'}
2020-03-17 11:40:06,949 : AssetManager : Registering Asset: ConsumableCountdown108, File: ConsumableCountdown108.jpg, Default Group: default, Final Config: {'load': 'preload', 'file': 'E:\\mpf\\wows\\wows\\images\\ConsumableCountdown108.jpg'}
2020-03-17 11:40:06,949 : AssetManager : Registering Asset: ConsumableCountdown109, File: ConsumableCountdown109.jpg, Default Group: default, Final Config: {'load': 'preload', 'file': 'E:\\mpf\\wows\\wows\\images\\ConsumableCountdown109.jpg'}
2020-03-17 11:40:06,949 : AssetManager : Registering Asset: ConsumableCountdown110, File: ConsumableCountdown110.jpg, Default Group: default, Final Config: {'load': 'preload', 'file': 'E:\\mpf\\wows\\wows\\images\\ConsumableCountdown110.jpg'}
2020-03-17 11:40:06,949 : AssetManager : Registering Asset: ConsumableCountdown111, File: ConsumableCountdown111.jpg, Default Group: default, Final Config: {'load': 'preload', 'file': 'E:\\mpf\\wows\\wows\\images\\ConsumableCountdown111.jpg'}
2020-03-17 11:40:06,949 : AssetManager : Registering Asset: ConsumableCountdown112, File: ConsumableCountdown112.jpg, Default Group: default, Final Config: {'load': 'preload', 'file': 'E:\\mpf\\wows\\wows\\images\\ConsumableCountdown112.jpg'}
2020-03-17 11:40:06,949 : AssetManager : Registering Asset: ConsumableCountdown113, File: ConsumableCountdown113.jpg, Default Group: default, Final Config: {'load': 'preload', 'file': 'E:\\mpf\\wows\\wows\\images\\ConsumableCountdown113.jpg'}
2020-03-17 11:40:06,949 : AssetManager : Registering Asset: ConsumableCountdown114, File: ConsumableCountdown114.jpg, Default Group: default, Final Config: {'load': 'preload', 'file': 'E:\\mpf\\wows\\wows\\images\\ConsumableCountdown114.jpg'}
2020-03-17 11:40:06,949 : AssetManager : Registering Asset: ConsumableCountdown115, File: ConsumableCountdown115.jpg, Default Group: default, Final Config: {'load': 'preload', 'file': 'E:\\mpf\\wows\\wows\\images\\ConsumableCountdown115.jpg'}
2020-03-17 11:40:06,949 : AssetManager : Registering Asset: ConsumableCountdown116, File: ConsumableCountdown116.jpg, Default Group: default, Final Config: {'load': 'preload', 'file': 'E:\\mpf\\wows\\wows\\images\\ConsumableCountdown116.jpg'}
2020-03-17 11:40:06,949 : AssetManager : Registering Asset: ConsumableCountdown117, File: ConsumableCountdown117.jpg, Default Group: default, Final Config: {'load': 'preload', 'file': 'E:\\mpf\\wows\\wows\\images\\ConsumableCountdown117.jpg'}
2020-03-17 11:40:06,949 : AssetManager : Registering Asset: ConsumableCountdown118, File: ConsumableCountdown118.jpg, Default Group: default, Final Config: {'load': 'preload', 'file': 'E:\\mpf\\wows\\wows\\images\\ConsumableCountdown118.jpg'}
2020-03-17 11:40:06,949 : AssetManager : Registering Asset: ConsumableCountdown119, File: ConsumableCountdown119.jpg, Default Group: default, Final Config: {'load': 'preload', 'file': 'E:\\mpf\\wows\\wows\\images\\ConsumableCountdown119.jpg'}
2020-03-17 11:40:06,949 : AssetManager : Registering Asset: ConsumableCountdown120, File: ConsumableCountdown120.jpg, Default Group: default, Final Config: {'load': 'preload', 'file': 'E:\\mpf\\wows\\wows\\images\\ConsumableCountdown120.jpg'}
2020-03-17 11:40:06,949 : AssetManager : Registering Asset: ConsumableCountdown121, File: ConsumableCountdown121.jpg, Default Group: default, Final Config: {'load': 'preload', 'file': 'E:\\mpf\\wows\\wows\\images\\ConsumableCountdown121.jpg'}
2020-03-17 11:40:06,949 : AssetManager : Registering Asset: ConsumableCountdown122, File: ConsumableCountdown122.jpg, Default Group: default, Final Config: {'load': 'preload', 'file': 'E:\\mpf\\wows\\wows\\images\\ConsumableCountdown122.jpg'}
2020-03-17 11:40:06,950 : AssetManager : Registering Asset: ConsumableCountdown123, File: ConsumableCountdown123.jpg, Default Group: default, Final Config: {'load': 'preload', 'file': 'E:\\mpf\\wows\\wows\\images\\ConsumableCountdown123.jpg'}
2020-03-17 11:40:06,950 : AssetManager : Registering Asset: ConsumableCountdown124, File: ConsumableCountdown124.jpg, Default Group: default, Final Config: {'load': 'preload', 'file': 'E:\\mpf\\wows\\wows\\images\\ConsumableCountdown124.jpg'}
2020-03-17 11:40:06,950 : AssetManager : Registering Asset: ConsumableCountdown125, File: ConsumableCountdown125.jpg, Default Group: default, Final Config: {'load': 'preload', 'file': 'E:\\mpf\\wows\\wows\\images\\ConsumableCountdown125.jpg'}
2020-03-17 11:40:06,950 : AssetManager : Registering Asset: ConsumableCountdown126, File: ConsumableCountdown126.jpg, Default Group: default, Final Config: {'load': 'preload', 'file': 'E:\\mpf\\wows\\wows\\images\\ConsumableCountdown126.jpg'}
2020-03-17 11:40:06,950 : AssetManager : Registering Asset: ConsumableCountdown127, File: ConsumableCountdown127.jpg, Default Group: default, Final Config: {'load': 'preload', 'file': 'E:\\mpf\\wows\\wows\\images\\ConsumableCountdown127.jpg'}
2020-03-17 11:40:06,950 : AssetManager : Registering Asset: ConsumableCountdown128, File: ConsumableCountdown128.jpg, Default Group: default, Final Config: {'load': 'preload', 'file': 'E:\\mpf\\wows\\wows\\images\\ConsumableCountdown128.jpg'}
2020-03-17 11:40:06,950 : AssetManager : Registering Asset: ConsumableCountdown129, File: ConsumableCountdown129.jpg, Default Group: default, Final Config: {'load': 'preload', 'file': 'E:\\mpf\\wows\\wows\\images\\ConsumableCountdown129.jpg'}
2020-03-17 11:40:06,950 : AssetManager : Registering Asset: ConsumableCountdown130, File: ConsumableCountdown130.jpg, Default Group: default, Final Config: {'load': 'preload', 'file': 'E:\\mpf\\wows\\wows\\images\\ConsumableCountdown130.jpg'}
2020-03-17 11:40:06,950 : AssetManager : Registering Asset: C_Prog100, File: C_Prog100.jpg, Default Group: default, Final Config: {'load': 'preload', 'file': 'E:\\mpf\\wows\\wows\\images\\C_Prog100.jpg'}
2020-03-17 11:40:06,951 : AssetManager : Registering Asset: mode_1_shot_made, File: mode_1_shot_made.gif, Default Group: default, Final Config: {'load': 'preload', 'file': 'E:\\mpf\\wows\\wows\\modes\\mode_1\\images\\mode_1_shot_made.gif'}
2020-03-17 11:40:06,951 : AssetManager : Registering Asset: mode_7_shot_made, File: mode_7_shot_made.gif, Default Group: default, Final Config: {'load': 'preload', 'file': 'E:\\mpf\\wows\\wows\\modes\\mode_7\\images\\mode_7_shot_made.gif'}
2020-03-17 11:40:06,951 : AssetManager : Registering Asset: mode_6_shot_made, File: mode_6_shot_made.gif, Default Group: default, Final Config: {'load': 'preload', 'file': 'E:\\mpf\\wows\\wows\\modes\\mode_6\\images\\mode_6_shot_made.gif'}
2020-03-17 11:40:06,952 : AssetManager : Registering Asset: mode_4_shot_made, File: mode_4_shot_made.gif, Default Group: default, Final Config: {'load': 'preload', 'file': 'E:\\mpf\\wows\\wows\\modes\\mode_4\\images\\mode_4_shot_made.gif'}
2020-03-17 11:40:06,952 : AssetManager : Registering Asset: mode_9_shot_made, File: mode_9_shot_made.gif, Default Group: default, Final Config: {'load': 'preload', 'file': 'E:\\mpf\\wows\\wows\\modes\\mode_9\\images\\mode_9_shot_made.gif'}
2020-03-17 11:40:06,953 : AssetManager : Registering Asset: mode_5_shot_made, File: mode_5_shot_made.gif, Default Group: default, Final Config: {'load': 'preload', 'file': 'E:\\mpf\\wows\\wows\\modes\\mode_5\\images\\mode_5_shot_made.gif'}
2020-03-17 11:40:06,953 : AssetManager : Registering Asset: mode_3_shot_made, File: mode_3_shot_made.gif, Default Group: default, Final Config: {'load': 'preload', 'file': 'E:\\mpf\\wows\\wows\\modes\\mode_3\\images\\mode_3_shot_made.gif'}
2020-03-17 11:40:06,954 : AssetManager : Registering Asset: mode_8_shot_made, File: mode_8_shot_made.gif, Default Group: default, Final Config: {'load': 'preload', 'file': 'E:\\mpf\\wows\\wows\\modes\\mode_8\\images\\mode_8_shot_made.gif'}
2020-03-17 11:40:06,954 : EventManager : Event: ======'init_phase_4'====== Args={}
2020-03-17 11:40:06,954 : EventManager : Event: ======'init_phase_5'====== Args={}
2020-03-17 11:40:06,959 : EventManager : Event: ======'loading_assets'====== Args={'total': 40, 'loaded': 1, 'remaining': 39, 'percent': 2}
2020-03-17 11:40:06,959 : AssetManager : Loading assets: 1/40 (2%)
2020-03-17 11:40:07,060 : EventManager : Event: ======'loading_assets'====== Args={'total': 40, 'loaded': 40, 'remaining': 0, 'percent': 100}
2020-03-17 11:40:07,060 : AssetManager : Asset loading took: 0.20145297050476074
2020-03-17 11:40:07,060 : EventManager : Event: ======'asset_loading_complete'====== Args={}
2020-03-17 11:40:07,060 : AssetManager : Loading assets: 40/40 (100%)
2020-03-17 11:40:07,060 : EventManager : Event: ======'init_done'====== Args={}
2020-03-17 11:40:07,060 : MPF-MC BCP Server : Starting up on localhost port 5050
2020-03-17 11:40:07,063 : MPF-MC BCP Server : Waiting for a connection...
2020-03-17 11:40:07,063 : mpfmc : SlidePlayer: Play called with settings={'slides': {welcome_slide-None-None: {'target': 'window', 'priority': None, 'background_color': [0.0, 0.0, 0.0, 1.0], 'show': True, 'force': False, 'expire': None, 'slide': None, 'tokens': {}, 'action': 'play', 'transition': None, 'transition_out': None}}}
2020-03-17 11:40:07,065 : kivy : GL: NPOT texture support is available
2020-03-17 11:40:07,078 : EventManager : Event: ======'slide_welcome_slide_created'====== Args={}
2020-03-17 11:40:07,088 : EventManager : Event: ======'slide_welcome_slide_active'====== Args={}
2020-03-17 11:40:07,154 : EventManager : Event: ======'client_disconnected'====== Args={'host': '127.0.0.1', 'port': 5050}
2020-03-17 11:40:08,070 : MPF-MC BCP Server : Received connection from: 127.0.0.1:64157
2020-03-17 11:40:08,085 : EventManager : Event: ======'client_connected'====== Args={'host': '127.0.0.1', 'port': 64157}
2020-03-17 11:40:08,118 : EventManager : Event: ======'machine_var_credits_string'====== Args={'value': 'FREE PLAY', 'prev_value': None, 'change': True}
2020-03-17 11:40:08,118 : EventManager : Event: ======'machine_var_player1_score'====== Args={'value': 0, 'prev_value': None, 'change': True}
2020-03-17 11:40:08,118 : EventManager : Event: ======'machine_var_mpf_version'====== Args={'value': 'MPF v0.53.2', 'prev_value': None, 'change': True}
2020-03-17 11:40:08,118 : EventManager : Event: ======'machine_var_mpf_extended_version'====== Args={'value': 'MPF v0.53.2, Config version:5, Show version: 5, BCP version:1.1', 'prev_value': None, 'change': True}
2020-03-17 11:40:08,118 : EventManager : Event: ======'machine_var_python_version'====== Args={'value': '3.6.4', 'prev_value': None, 'change': True}
2020-03-17 11:40:08,119 : EventManager : Event: ======'machine_var_platform'====== Args={'value': 'Windows-10-10.0.18362-SP0', 'prev_value': None, 'change': True}
2020-03-17 11:40:08,119 : EventManager : Event: ======'machine_var_platform_system'====== Args={'value': 'Windows', 'prev_value': None, 'change': True}
2020-03-17 11:40:08,119 : EventManager : Event: ======'machine_var_platform_release'====== Args={'value': '10', 'prev_value': None, 'change': True}
2020-03-17 11:40:08,119 : EventManager : Event: ======'machine_var_platform_version'====== Args={'value': '10.0.18362', 'prev_value': None, 'change': True}
2020-03-17 11:40:08,119 : EventManager : Event: ======'machine_var_platform_machine'====== Args={'value': 'AMD64', 'prev_value': None, 'change': True}
2020-03-17 11:40:08,119 : EventManager : Event: ======'machine_var_mc_version'====== Args={'value': 'MPF-MC v0.53.0', 'prev_value': None, 'change': True}
2020-03-17 11:40:08,119 : EventManager : Event: ======'machine_var_mc_extended_version'====== Args={'value': 'MPF-MC v0.53.0 (config_version=5, BCP v1.1, Requires MPF v0.53.0)', 'prev_value': None, 'change': True}
2020-03-17 11:40:08,119 : EventManager : Event: ======'machine_var_master_volume'====== Args={'value': 0.5, 'prev_value': None, 'change': True}
2020-03-17 11:40:08,151 : EventManager : Event: ======'machine_var_audits_events_game_ended'====== Args={'value': 1, 'prev_value': None, 'change': True}
2020-03-17 11:40:08,152 : EventManager : Event: ======'machine_var_audits_events_game_started'====== Args={'value': 404, 'prev_value': None, 'change': True}
2020-03-17 11:40:08,152 : EventManager : Event: ======'machine_var_audits_player_score'====== Args={'value': {'average': 0.0, 'top': [0], 'total': 1}, 'prev_value': None, 'change': True}
2020-03-17 11:40:08,168 : EventManager : Event: ======'machine_var_audits_shots_confederate_1'====== Args={'value': 9, 'prev_value': None, 'change': True}
2020-03-17 11:40:08,168 : EventManager : Event: ======'machine_var_audits_shots_confederate_2'====== Args={'value': 142, 'prev_value': None, 'change': True}
2020-03-17 11:40:08,168 : EventManager : Event: ======'machine_var_audits_shots_confederate_3'====== Args={'value': 76, 'prev_value': None, 'change': True}
2020-03-17 11:40:08,168 : EventManager : Event: ======'machine_var_audits_shots_confederate_4'====== Args={'value': 18, 'prev_value': None, 'change': True}
2020-03-17 11:40:08,168 : EventManager : Event: ======'machine_var_audits_shots_confederate_5'====== Args={'value': 7, 'prev_value': None, 'change': True}
2020-03-17 11:40:08,168 : EventManager : Event: ======'machine_var_audits_shots_confederate_6'====== Args={'value': 187, 'prev_value': None, 'change': True}
2020-03-17 11:40:08,168 : EventManager : Event: ======'machine_var_audits_shots_detonation'====== Args={'value': 31, 'prev_value': None, 'change': True}
2020-03-17 11:40:08,169 : EventManager : Event: ======'machine_var_audits_shots_detonation_lit'====== Args={'value': 82, 'prev_value': None, 'change': True}
2020-03-17 11:40:08,169 : EventManager : Event: ======'machine_var_audits_shots_jackpot_1'====== Args={'value': 27, 'prev_value': None, 'change': True}
2020-03-17 11:40:08,169 : EventManager : Event: ======'machine_var_audits_shots_jackpot_2'====== Args={'value': 25, 'prev_value': None, 'change': True}
2020-03-17 11:40:08,169 : EventManager : Event: ======'machine_var_audits_shots_jackpot_3'====== Args={'value': 35, 'prev_value': None, 'change': True}
2020-03-17 11:40:08,169 : EventManager : Event: ======'machine_var_audits_shots_jackpot_4'====== Args={'value': 22, 'prev_value': None, 'change': True}
2020-03-17 11:40:08,169 : EventManager : Event: ======'machine_var_audits_shots_jackpot_5'====== Args={'value': 22, 'prev_value': None, 'change': True}
2020-03-17 11:40:08,169 : EventManager : Event: ======'machine_var_audits_shots_jackpot_6'====== Args={'value': 23, 'prev_value': None, 'change': True}
2020-03-17 11:40:08,169 : EventManager : Event: ======'machine_var_audits_shots_lane_A'====== Args={'value': 9, 'prev_value': None, 'change': True}
2020-03-17 11:40:08,169 : EventManager : Event: ======'machine_var_audits_shots_lane_B'====== Args={'value': 10, 'prev_value': None, 'change': True}
2020-03-17 11:40:08,169 : EventManager : Event: ======'machine_var_audits_shots_lane_C'====== Args={'value': 11, 'prev_value': None, 'change': True}
2020-03-17 11:40:08,169 : EventManager : Event: ======'machine_var_audits_shots_lane_D'====== Args={'value': 17, 'prev_value': None, 'change': True}
2020-03-17 11:40:08,169 : EventManager : Event: ======'machine_var_audits_shots_lane_E'====== Args={'value': 16, 'prev_value': None, 'change': True}
2020-03-17 11:40:08,169 : EventManager : Event: ======'machine_var_audits_shots_lock_lit_1'====== Args={'value': 138, 'prev_value': None, 'change': True}
2020-03-17 11:40:08,170 : EventManager : Event: ======'machine_var_audits_shots_lock_lit_2'====== Args={'value': 183, 'prev_value': None, 'change': True}
2020-03-17 11:40:08,170 : EventManager : Event: ======'machine_var_audits_shots_ricochet_1'====== Args={'value': 1, 'prev_value': None, 'change': True}
2020-03-17 11:40:08,170 : EventManager : Event: ======'machine_var_audits_shots_ricochet_2'====== Args={'value': 2, 'prev_value': None, 'change': True}
2020-03-17 11:40:08,170 : EventManager : Event: ======'machine_var_audits_shots_ricochet_3'====== Args={'value': 3, 'prev_value': None, 'change': True}
2020-03-17 11:40:08,170 : EventManager : Event: ======'machine_var_audits_shots_ricochet_4'====== Args={'value': 1, 'prev_value': None, 'change': True}
2020-03-17 11:40:08,170 : EventManager : Event: ======'machine_var_audits_shots_ricochet_5'====== Args={'value': 2, 'prev_value': None, 'change': True}
2020-03-17 11:40:08,170 : EventManager : Event: ======'machine_var_audits_switches_s_bumper_1'====== Args={'value': 9, 'prev_value': None, 'change': True}
2020-03-17 11:40:08,170 : EventManager : Event: ======'machine_var_audits_switches_s_bumper_2'====== Args={'value': 7, 'prev_value': None, 'change': True}
2020-03-17 11:40:08,170 : EventManager : Event: ======'machine_var_audits_switches_s_bumper_3'====== Args={'value': 1, 'prev_value': None, 'change': True}
2020-03-17 11:40:08,170 : EventManager : Event: ======'machine_var_audits_switches_s_center_ramp'====== Args={'value': 13, 'prev_value': None, 'change': True}
2020-03-17 11:40:08,171 : EventManager : Event: ======'machine_var_audits_switches_s_citadel'====== Args={'value': 8, 'prev_value': None, 'change': True}
2020-03-17 11:40:08,171 : EventManager : Event: ======'machine_var_audits_switches_s_citadel_lock'====== Args={'value': 24, 'prev_value': None, 'change': True}
2020-03-17 11:40:08,171 : EventManager : Event: ======'machine_var_audits_switches_s_detonation'====== Args={'value': 82, 'prev_value': None, 'change': True}
2020-03-17 11:40:08,171 : EventManager : Event: ======'machine_var_audits_switches_s_dmg_1'====== Args={'value': 557, 'prev_value': None, 'change': True}
2020-03-17 11:40:08,171 : EventManager : Event: ======'machine_var_audits_switches_s_dmg_2'====== Args={'value': 14, 'prev_value': None, 'change': True}
2020-03-17 11:40:08,171 : EventManager : Event: ======'machine_var_audits_switches_s_dmg_3'====== Args={'value': 13, 'prev_value': None, 'change': True}
2020-03-17 11:40:08,171 : EventManager : Event: ======'machine_var_audits_switches_s_dmg_4'====== Args={'value': 5, 'prev_value': None, 'change': True}
2020-03-17 11:40:08,171 : EventManager : Event: ======'machine_var_audits_switches_s_dmg_5'====== Args={'value': 8, 'prev_value': None, 'change': True}
2020-03-17 11:40:08,171 : EventManager : Event: ======'machine_var_audits_switches_s_dmg_6'====== Args={'value': 5, 'prev_value': None, 'change': True}
2020-03-17 11:40:08,171 : EventManager : Event: ======'machine_var_audits_switches_s_dmg_7'====== Args={'value': 7, 'prev_value': None, 'change': True}
2020-03-17 11:40:08,171 : EventManager : Event: ======'machine_var_audits_switches_s_drop_target'====== Args={'value': 91, 'prev_value': None, 'change': True}
2020-03-17 11:40:08,171 : EventManager : Event: ======'machine_var_audits_switches_s_jet_hole'====== Args={'value': 0, 'prev_value': None, 'change': True}
2020-03-17 11:40:08,172 : EventManager : Event: ======'machine_var_audits_switches_s_jet_lane'====== Args={'value': 1, 'prev_value': None, 'change': True}
2020-03-17 11:40:08,172 : EventManager : Event: ======'machine_var_audits_switches_s_kickback'====== Args={'value': 0, 'prev_value': None, 'change': True}
2020-03-17 11:40:08,172 : EventManager : Event: ======'machine_var_audits_switches_s_kickback_target_1'====== Args={'value': 0, 'prev_value': None, 'change': True}
2020-03-17 11:40:08,172 : EventManager : Event: ======'machine_var_audits_switches_s_kickback_target_2'====== Args={'value': 0, 'prev_value': None, 'change': True}
2020-03-17 11:40:08,172 : EventManager : Event: ======'machine_var_audits_switches_s_kickback_target_3'====== Args={'value': 2, 'prev_value': None, 'change': True}
2020-03-17 11:40:08,172 : EventManager : Event: ======'machine_var_audits_switches_s_kickback_terget_1'====== Args={'value': 0, 'prev_value': None, 'change': True}
2020-03-17 11:40:08,172 : EventManager : Event: ======'machine_var_audits_switches_s_left_flipper'====== Args={'value': 72, 'prev_value': None, 'change': True}
2020-03-17 11:40:08,172 : EventManager : Event: ======'machine_var_audits_switches_s_left_hole'====== Args={'value': 0, 'prev_value': None, 'change': True}
2020-03-17 11:40:08,172 : EventManager : Event: ======'machine_var_audits_switches_s_left_inlane'====== Args={'value': 11, 'prev_value': None, 'change': True}
2020-03-17 11:40:08,172 : EventManager : Event: ======'machine_var_audits_switches_s_left_loop_made'====== Args={'value': 23, 'prev_value': None, 'change': True}
2020-03-17 11:40:08,172 : EventManager : Event: ======'machine_var_audits_switches_s_left_loop_pre'====== Args={'value': 1, 'prev_value': None, 'change': True}
2020-03-17 11:40:08,173 : EventManager : Event: ======'machine_var_audits_switches_s_left_mid_inlane'====== Args={'value': 10, 'prev_value': None, 'change': True}
2020-03-17 11:40:08,173 : EventManager : Event: ======'machine_var_audits_switches_s_left_outlane'====== Args={'value': 9, 'prev_value': None, 'change': True}
2020-03-17 11:40:08,173 : EventManager : Event: ======'machine_var_audits_switches_s_left_ramp_made'====== Args={'value': 164, 'prev_value': None, 'change': True}
2020-03-17 11:40:08,173 : EventManager : Event: ======'machine_var_audits_switches_s_left_ramp_pre'====== Args={'value': 2, 'prev_value': None, 'change': True}
2020-03-17 11:40:08,173 : EventManager : Event: ======'machine_var_audits_switches_s_left_slingshot'====== Args={'value': 0, 'prev_value': None, 'change': True}
2020-03-17 11:40:08,173 : EventManager : Event: ======'machine_var_audits_switches_s_lock_1'====== Args={'value': 81, 'prev_value': None, 'change': True}
2020-03-17 11:40:08,173 : EventManager : Event: ======'machine_var_audits_switches_s_lock_2'====== Args={'value': 84, 'prev_value': None, 'change': True}
2020-03-17 11:40:08,173 : EventManager : Event: ======'machine_var_audits_switches_s_lock_3'====== Args={'value': 133, 'prev_value': None, 'change': True}
2020-03-17 11:40:08,173 : EventManager : Event: ======'machine_var_audits_switches_s_magnet_switch'====== Args={'value': 0, 'prev_value': None, 'change': True}
2020-03-17 11:40:08,173 : EventManager : Event: ======'machine_var_audits_switches_s_main_hole'====== Args={'value': 144, 'prev_value': None, 'change': True}
2020-03-17 11:40:08,173 : EventManager : Event: ======'machine_var_audits_switches_s_pen_1'====== Args={'value': 2, 'prev_value': None, 'change': True}
2020-03-17 11:40:08,173 : EventManager : Event: ======'machine_var_audits_switches_s_pen_2'====== Args={'value': 2, 'prev_value': None, 'change': True}
2020-03-17 11:40:08,173 : EventManager : Event: ======'machine_var_audits_switches_s_pen_3'====== Args={'value': 1, 'prev_value': None, 'change': True}
2020-03-17 11:40:08,173 : EventManager : Event: ======'machine_var_audits_switches_s_pen_4'====== Args={'value': 3, 'prev_value': None, 'change': True}
2020-03-17 11:40:08,174 : EventManager : Event: ======'machine_var_audits_switches_s_pen_5'====== Args={'value': 1, 'prev_value': None, 'change': True}
2020-03-17 11:40:08,174 : EventManager : Event: ======'machine_var_audits_switches_s_pen_6'====== Args={'value': 3, 'prev_value': None, 'change': True}
2020-03-17 11:40:08,174 : EventManager : Event: ======'machine_var_audits_switches_s_plunger'====== Args={'value': 586, 'prev_value': None, 'change': True}
2020-03-17 11:40:08,174 : EventManager : Event: ======'machine_var_audits_switches_s_plunger_button'====== Args={'value': 2, 'prev_value': None, 'change': True}
2020-03-17 11:40:08,174 : EventManager : Event: ======'machine_var_audits_switches_s_ricochet_1'====== Args={'value': 25, 'prev_value': None, 'change': True}
2020-03-17 11:40:08,174 : EventManager : Event: ======'machine_var_audits_switches_s_ricochet_2'====== Args={'value': 9, 'prev_value': None, 'change': True}
2020-03-17 11:40:08,174 : EventManager : Event: ======'machine_var_audits_switches_s_ricochet_3'====== Args={'value': 5, 'prev_value': None, 'change': True}
2020-03-17 11:40:08,174 : EventManager : Event: ======'machine_var_audits_switches_s_ricochet_4'====== Args={'value': 6, 'prev_value': None, 'change': True}
2020-03-17 11:40:08,174 : EventManager : Event: ======'machine_var_audits_switches_s_ricochet_5'====== Args={'value': 7, 'prev_value': None, 'change': True}
2020-03-17 11:40:08,174 : EventManager : Event: ======'machine_var_audits_switches_s_right_flipper'====== Args={'value': 694, 'prev_value': None, 'change': True}
2020-03-17 11:40:08,174 : EventManager : Event: ======'machine_var_audits_switches_s_right_hole'====== Args={'value': 26, 'prev_value': None, 'change': True}
2020-03-17 11:40:08,174 : EventManager : Event: ======'machine_var_audits_switches_s_right_inlane'====== Args={'value': 17, 'prev_value': None, 'change': True}
2020-03-17 11:40:08,175 : EventManager : Event: ======'machine_var_audits_switches_s_right_loop_made'====== Args={'value': 5, 'prev_value': None, 'change': True}
2020-03-17 11:40:08,175 : EventManager : Event: ======'machine_var_audits_switches_s_right_loop_pre'====== Args={'value': 2, 'prev_value': None, 'change': True}
2020-03-17 11:40:08,175 : EventManager : Event: ======'machine_var_audits_switches_s_right_outlane'====== Args={'value': 16, 'prev_value': None, 'change': True}
2020-03-17 11:40:08,175 : EventManager : Event: ======'machine_var_audits_switches_s_right_ramp_made'====== Args={'value': 203, 'prev_value': None, 'change': True}
2020-03-17 11:40:08,175 : EventManager : Event: ======'machine_var_audits_switches_s_right_ramp_pre'====== Args={'value': 0, 'prev_value': None, 'change': True}
2020-03-17 11:40:08,185 : EventManager : Event: ======'machine_var_audits_switches_s_right_slingshot'====== Args={'value': 0, 'prev_value': None, 'change': True}
2020-03-17 11:40:08,185 : EventManager : Event: ======'machine_var_audits_switches_s_right_small_ramp'====== Args={'value': 0, 'prev_value': None, 'change': True}
2020-03-17 11:40:08,185 : EventManager : Event: ======'machine_var_audits_switches_s_side_hole'====== Args={'value': 192, 'prev_value': None, 'change': True}
2020-03-17 11:40:08,185 : EventManager : Event: ======'machine_var_audits_switches_s_side_ramp_made'====== Args={'value': 122, 'prev_value': None, 'change': True}
2020-03-17 11:40:08,185 : EventManager : Event: ======'machine_var_audits_switches_s_side_ramp_pre'====== Args={'value': 2, 'prev_value': None, 'change': True}
2020-03-17 11:40:08,185 : EventManager : Event: ======'machine_var_audits_switches_s_start'====== Args={'value': 14, 'prev_value': None, 'change': True}
2020-03-17 11:40:08,185 : EventManager : Event: ======'machine_var_audits_switches_s_torpedo'====== Args={'value': 98, 'prev_value': None, 'change': True}
2020-03-17 11:40:08,185 : EventManager : Event: ======'machine_var_audits_switches_s_torpedo_lane'====== Args={'value': 2, 'prev_value': None, 'change': True}
2020-03-17 11:40:08,185 : EventManager : Event: ======'machine_var_audits_switches_s_trough1'====== Args={'value': 17, 'prev_value': None, 'change': True}
2020-03-17 11:40:08,185 : EventManager : Event: ======'machine_var_audits_switches_s_trough2'====== Args={'value': 9, 'prev_value': None, 'change': True}
2020-03-17 11:40:08,185 : EventManager : Event: ======'machine_var_audits_switches_s_trough3'====== Args={'value': 9, 'prev_value': None, 'change': True}
2020-03-17 11:40:08,185 : EventManager : Event: ======'machine_var_audits_switches_s_trough4'====== Args={'value': 3, 'prev_value': None, 'change': True}
2020-03-17 11:40:08,186 : EventManager : Event: ======'machine_var_audits_switches_s_trough5'====== Args={'value': 0, 'prev_value': None, 'change': True}
2020-03-17 11:40:08,186 : EventManager : Event: ======'machine_var_audits_switches_s_trough6'====== Args={'value': 1, 'prev_value': None, 'change': True}
2020-03-17 11:40:08,186 : EventManager : Event: ======'machine_var_audits_switches_s_trough_jam'====== Args={'value': 0, 'prev_value': None, 'change': True}
2020-03-17 11:40:08,218 : EventManager : Event: ======'slides_play'====== Args={'settings': {'welcome_slide': {'target': 'window', 'background_color': [0.0, 0.0, 0.0, 1.0], 'priority': None, 'show': True, 'force': False, 'expire': None, 'slide': None, 'tokens': {}, 'action': 'play'}}, 'context': '_global', 'calling_context': 'init_done', 'priority': 0}
2020-03-17 11:40:08,218 : EventManager : Event: ======'mc_reset_phase_1'====== Args={}
2020-03-17 11:40:08,218 : mpfmc : SlidePlayer: Play called with settings={'welcome_slide': {'target': 'window', 'background_color': [0.0, 0.0, 0.0, 1.0], 'priority': None, 'show': True, 'force': False, 'expire': None, 'slide': None, 'tokens': {}, 'action': 'play'}}
2020-03-17 11:40:08,220 : EventManager : Event: ======'slide_welcome_slide_removed'====== Args={}
2020-03-17 11:40:08,230 : EventManager : Event: ======'slide_welcome_slide_created'====== Args={}
2020-03-17 11:40:08,231 : EventManager : Event: ======'mc_reset_phase_2'====== Args={}
2020-03-17 11:40:08,231 : EventManager : Event: ======'mc_reset_phase_3'====== Args={}
2020-03-17 11:40:08,231 : EventManager : Event: ======'mc_reset_complete'====== Args={}
2020-03-17 11:40:08,232 : EventManager : Event: ======'slide_welcome_slide_active'====== Args={}
2020-03-17 11:40:08,243 : EventManager : Event: ======'slides_play'====== Args={'settings': {'attract_started': {'target': 'window', 'background_color': [0.0, 0.0, 0.0, 1.0], 'priority': None, 'show': True, 'force': False, 'expire': None, 'slide': None, 'tokens': {}, 'action': 'play'}}, 'context': '_global', 'calling_context': 'mode_attract_started', 'priority': 0}
2020-03-17 11:40:08,243 : mpfmc : SlidePlayer: Play called with settings={'attract_started': {'target': 'window', 'background_color': [0.0, 0.0, 0.0, 1.0], 'priority': None, 'show': True, 'force': False, 'expire': None, 'slide': None, 'tokens': {}, 'action': 'play'}}
2020-03-17 11:40:08,252 : EventManager : Event: ======'slide_attract_started_created'====== Args={}
2020-03-17 11:40:08,260 : EventManager : Event: ======'slide_attract_started_active'====== Args={}
2020-03-17 11:40:08,868 : EventManager : Event: ======'game_started'====== Args={}
2020-03-17 11:40:08,885 : EventManager : Event: ======'player_added'====== Args={'player': <Player 1>, 'num': 1}
2020-03-17 11:40:08,885 : EventManager : Event: ======'player_index'====== Args={'value': 0, 'prev_value': 0, 'change': 0, 'player_num': 1}
2020-03-17 11:40:08,885 : EventManager : Event: ======'player_number'====== Args={'value': 1, 'prev_value': 1, 'change': 0, 'player_num': 1}
2020-03-17 11:40:08,885 : EventManager : Event: ======'player_score'====== Args={'value': 0, 'prev_value': 0, 'change': 0, 'player_num': 1}
2020-03-17 11:40:08,885 : EventManager : Event: ======'player_ReceivedDMG'====== Args={'value': 1, 'prev_value': 0, 'change': 1, 'player_num': 1}
2020-03-17 11:40:08,885 : EventManager : Event: ======'player_DMGValue'====== Args={'value': 10000000, 'prev_value': 0, 'change': 10000000, 'player_num': 1}
2020-03-17 11:40:08,885 : EventManager : Event: ======'player_m1shotmade'====== Args={'value': 0, 'prev_value': 0, 'change': 0, 'player_num': 1}
2020-03-17 11:40:08,885 : EventManager : Event: ======'player_m2shotmade'====== Args={'value': 0, 'prev_value': 0, 'change': 0, 'player_num': 1}
2020-03-17 11:40:08,885 : EventManager : Event: ======'player_m3shotmade'====== Args={'value': 0, 'prev_value': 0, 'change': 0, 'player_num': 1}
2020-03-17 11:40:08,885 : EventManager : Event: ======'player_m4shotmade'====== Args={'value': 0, 'prev_value': 0, 'change': 0, 'player_num': 1}
2020-03-17 11:40:08,886 : EventManager : Event: ======'player_m5shotmade'====== Args={'value': 0, 'prev_value': 0, 'change': 0, 'player_num': 1}
2020-03-17 11:40:08,886 : EventManager : Event: ======'player_m6shotmade'====== Args={'value': 0, 'prev_value': 0, 'change': 0, 'player_num': 1}
2020-03-17 11:40:08,886 : EventManager : Event: ======'player_m7shotmade'====== Args={'value': 0, 'prev_value': 0, 'change': 0, 'player_num': 1}
2020-03-17 11:40:08,886 : EventManager : Event: ======'player_m8shotmade'====== Args={'value': 0, 'prev_value': 0, 'change': 0, 'player_num': 1}
2020-03-17 11:40:08,886 : EventManager : Event: ======'player_m9shotmade'====== Args={'value': 0, 'prev_value': 0, 'change': 0, 'player_num': 1}
2020-03-17 11:40:08,886 : EventManager : Event: ======'player_m1_active'====== Args={'value': 0, 'prev_value': 0, 'change': 0, 'player_num': 1}
2020-03-17 11:40:08,886 : EventManager : Event: ======'player_m2_active'====== Args={'value': 0, 'prev_value': 0, 'change': 0, 'player_num': 1}
2020-03-17 11:40:08,886 : EventManager : Event: ======'player_m3_active'====== Args={'value': 0, 'prev_value': 0, 'change': 0, 'player_num': 1}
2020-03-17 11:40:08,886 : EventManager : Event: ======'player_m4_active'====== Args={'value': 0, 'prev_value': 0, 'change': 0, 'player_num': 1}
2020-03-17 11:40:08,886 : EventManager : Event: ======'player_m5_active'====== Args={'value': 0, 'prev_value': 0, 'change': 0, 'player_num': 1}
2020-03-17 11:40:08,886 : EventManager : Event: ======'player_m6_active'====== Args={'value': 0, 'prev_value': 0, 'change': 0, 'player_num': 1}
2020-03-17 11:40:08,886 : EventManager : Event: ======'player_m7_active'====== Args={'value': 0, 'prev_value': 0, 'change': 0, 'player_num': 1}
2020-03-17 11:40:08,886 : EventManager : Event: ======'player_m8_active'====== Args={'value': 0, 'prev_value': 0, 'change': 0, 'player_num': 1}
2020-03-17 11:40:08,886 : EventManager : Event: ======'player_m9_active'====== Args={'value': 0, 'prev_value': 0, 'change': 0, 'player_num': 1}
2020-03-17 11:40:08,887 : EventManager : Event: ======'player_lock_lit_1_state'====== Args={'value': 0, 'prev_value': 0, 'change': 0, 'player_num': 1}
2020-03-17 11:40:08,887 : EventManager : Event: ======'player_lock_lit_2_state'====== Args={'value': 0, 'prev_value': 0, 'change': 0, 'player_num': 1}
2020-03-17 11:40:08,887 : EventManager : Event: ======'player_frezee_started'====== Args={'value': 0, 'prev_value': 0, 'change': 0, 'player_num': 1}
2020-03-17 11:40:08,887 : EventManager : Event: ======'player_timer_height'====== Args={'value': 0.0, 'prev_value': 0, 'change': 0.0, 'player_num': 1}
2020-03-17 11:40:08,887 : EventManager : Event: ======'player_citadel_number'====== Args={'value': 0, 'prev_value': 0, 'change': 0, 'player_num': 1}
2020-03-17 11:40:08,887 : EventManager : Event: ======'player_torpedo_number'====== Args={'value': 0, 'prev_value': 0, 'change': 0, 'player_num': 1}
2020-03-17 11:40:08,887 : EventManager : Event: ======'player_citadel_load_number'====== Args={'value': 3, 'prev_value': 0, 'change': 3, 'player_num': 1}
2020-03-17 11:40:08,887 : EventManager : Event: ======'player_torpedo_load_number'====== Args={'value': 3, 'prev_value': 0, 'change': 3, 'player_num': 1}
2020-03-17 11:40:08,887 : EventManager : Event: ======'player_citadel_ready'====== Args={'value': 0, 'prev_value': 0, 'change': 0, 'player_num': 1}
2020-03-17 11:40:08,887 : EventManager : Event: ======'player_torpedo_ready'====== Args={'value': 0, 'prev_value': 0, 'change': 0, 'player_num': 1}
2020-03-17 11:40:08,887 : EventManager : Event: ======'player_modeshotmade'====== Args={'value': 0, 'prev_value': 0, 'change': 0, 'player_num': 1}
2020-03-17 11:40:08,887 : EventManager : Event: ======'player_super_lock'====== Args={'value': 0, 'prev_value': 0, 'change': 0, 'player_num': 1}
2020-03-17 11:40:08,918 : EventManager : Event: ======'player_ball'====== Args={'value': 1, 'prev_value': 0, 'change': 1, 'player_num': 1}
2020-03-17 11:40:08,918 : EventManager : Event: ======'player_turn_start'====== Args={'number': 1, 'player': <Player 1>}
2020-03-17 11:40:08,951 : EventManager : Event: ======'player_shot_detonation_lit_enabled'====== Args={'value': True, 'prev_value': 0, 'change': 1, 'player_num': 1}
2020-03-17 11:40:08,952 : EventManager : Event: ======'player_shot_detonation_enabled'====== Args={'value': False, 'prev_value': 0, 'change': 0, 'player_num': 1}
2020-03-17 11:40:08,952 : EventManager : Event: ======'player_shot_lane_A_enabled'====== Args={'value': True, 'prev_value': 0, 'change': 1, 'player_num': 1}
2020-03-17 11:40:08,952 : EventManager : Event: ======'player_shot_lane_B_enabled'====== Args={'value': True, 'prev_value': 0, 'change': 1, 'player_num': 1}
2020-03-17 11:40:08,952 : EventManager : Event: ======'player_shot_lane_C_enabled'====== Args={'value': True, 'prev_value': 0, 'change': 1, 'player_num': 1}
2020-03-17 11:40:08,952 : EventManager : Event: ======'player_shot_lane_D_enabled'====== Args={'value': True, 'prev_value': 0, 'change': 1, 'player_num': 1}
2020-03-17 11:40:08,952 : EventManager : Event: ======'player_shot_lane_E_enabled'====== Args={'value': True, 'prev_value': 0, 'change': 1, 'player_num': 1}
2020-03-17 11:40:08,952 : EventManager : Event: ======'player_shot_ricochet_1_enabled'====== Args={'value': True, 'prev_value': 0, 'change': 1, 'player_num': 1}
2020-03-17 11:40:08,952 : EventManager : Event: ======'player_shot_ricochet_2_enabled'====== Args={'value': True, 'prev_value': 0, 'change': 1, 'player_num': 1}
2020-03-17 11:40:08,953 : EventManager : Event: ======'player_shot_ricochet_3_enabled'====== Args={'value': True, 'prev_value': 0, 'change': 1, 'player_num': 1}
2020-03-17 11:40:08,953 : EventManager : Event: ======'player_shot_ricochet_4_enabled'====== Args={'value': True, 'prev_value': 0, 'change': 1, 'player_num': 1}
2020-03-17 11:40:08,953 : EventManager : Event: ======'player_shot_ricochet_5_enabled'====== Args={'value': True, 'prev_value': 0, 'change': 1, 'player_num': 1}
2020-03-17 11:40:08,953 : EventManager : Event: ======'player_shot_confederate_1_enabled'====== Args={'value': True, 'prev_value': 0, 'change': 1, 'player_num': 1}
2020-03-17 11:40:08,953 : EventManager : Event: ======'player_shot_confederate_2_enabled'====== Args={'value': True, 'prev_value': 0, 'change': 1, 'player_num': 1}
2020-03-17 11:40:08,953 : EventManager : Event: ======'player_shot_confederate_3_enabled'====== Args={'value': True, 'prev_value': 0, 'change': 1, 'player_num': 1}
2020-03-17 11:40:08,953 : EventManager : Event: ======'player_shot_confederate_4_enabled'====== Args={'value': True, 'prev_value': 0, 'change': 1, 'player_num': 1}
2020-03-17 11:40:08,953 : EventManager : Event: ======'player_shot_confederate_5_enabled'====== Args={'value': True, 'prev_value': 0, 'change': 1, 'player_num': 1}
2020-03-17 11:40:08,968 : EventManager : Event: ======'player_shot_confederate_6_enabled'====== Args={'value': True, 'prev_value': 0, 'change': 1, 'player_num': 1}
2020-03-17 11:40:08,968 : EventManager : Event: ======'slides_play'====== Args={'settings': {'main_slide': {'target': None, 'background_color': [0.0, 0.0, 0.0, 1.0], 'priority': None, 'show': True, 'force': False, 'expire': None, 'slide': None, 'tokens': {}, 'action': 'play'}}, 'context': 'base', 'calling_context': 'main_state', 'priority': 100}
2020-03-17 11:40:08,969 : EventManager : Event: ======'player_shot_lock_lit_1_enabled'====== Args={'value': True, 'prev_value': 0, 'change': 1, 'player_num': 1}
2020-03-17 11:40:08,969 : EventManager : Event: ======'player_shot_lock_lit_2_enabled'====== Args={'value': True, 'prev_value': 0, 'change': 1, 'player_num': 1}
2020-03-17 11:40:08,969 : mpfmc : SlidePlayer: Play called with settings={'main_slide': {'target': None, 'background_color': [0.0, 0.0, 0.0, 1.0], 'priority': None, 'show': True, 'force': False, 'expire': None, 'slide': None, 'tokens': {}, 'action': 'play'}}
2020-03-17 11:40:08,974 : EventManager : Event: ======'slide_main_slide_created'====== Args={}
2020-03-17 11:40:08,976 : EventManager : Event: ======'slide_main_slide_active'====== Args={}
2020-03-17 11:40:09,101 : EventManager : Event: ======'machine_var_audits_switches_s_plunger'====== Args={'value': 587, 'prev_value': 586, 'change': 1}
2020-03-17 11:40:14,669 : EventManager : Event: ======'machine_var_audits_switches_s_right_ramp_made'====== Args={'value': 204, 'prev_value': 203, 'change': 1}
2020-03-17 11:40:14,669 : EventManager : Event: ======'player_shot_confederate_6'====== Args={'value': 1, 'prev_value': 0, 'change': 1, 'player_num': 1}
2020-03-17 11:40:14,685 : EventManager : Event: ======'machine_var_audits_shots_confederate_6'====== Args={'value': 188, 'prev_value': 187, 'change': 1}
2020-03-17 11:40:14,686 : EventManager : Event: ======'player_shot_lock_lit_2'====== Args={'value': 1, 'prev_value': 0, 'change': 1, 'player_num': 1}
2020-03-17 11:40:14,686 : EventManager : Event: ======'machine_var_audits_shots_lock_lit_2'====== Args={'value': 184, 'prev_value': 183, 'change': 1}
2020-03-17 11:40:15,602 : EventManager : Event: ======'machine_var_audits_switches_s_left_ramp_made'====== Args={'value': 165, 'prev_value': 164, 'change': 1}
2020-03-17 11:40:15,602 : EventManager : Event: ======'player_shot_confederate_2'====== Args={'value': 1, 'prev_value': 0, 'change': 1, 'player_num': 1}
2020-03-17 11:40:15,602 : EventManager : Event: ======'machine_var_audits_shots_confederate_2'====== Args={'value': 143, 'prev_value': 142, 'change': 1}
2020-03-17 11:40:15,618 : EventManager : Event: ======'player_shot_lock_lit_1'====== Args={'value': 1, 'prev_value': 0, 'change': 1, 'player_num': 1}
2020-03-17 11:40:15,618 : EventManager : Event: ======'machine_var_audits_shots_lock_lit_1'====== Args={'value': 139, 'prev_value': 138, 'change': 1}
2020-03-17 11:40:15,618 : EventManager : Event: ======'player_shot_lock_lit_1_enabled'====== Args={'value': False, 'prev_value': True, 'change': -1, 'player_num': 1}
2020-03-17 11:40:15,619 : EventManager : Event: ======'player_shot_lock_lit_2_enabled'====== Args={'value': False, 'prev_value': True, 'change': -1, 'player_num': 1}
2020-03-17 11:40:16,901 : EventManager : Event: ======'machine_var_audits_switches_s_lock_3'====== Args={'value': 134, 'prev_value': 133, 'change': 1}
2020-03-17 11:40:17,402 : EventManager : Event: ======'player_high_caliber_locked_balls'====== Args={'value': 1, 'prev_value': 0, 'change': 1, 'player_num': 1}
2020-03-17 11:40:17,402 : EventManager : Event: ======'player_shot_lock_lit_1'====== Args={'value': 0, 'prev_value': 1, 'change': -1, 'player_num': 1}
2020-03-17 11:40:17,402 : EventManager : Event: ======'player_shot_lock_lit_1_enabled'====== Args={'value': True, 'prev_value': False, 'change': 1, 'player_num': 1}
2020-03-17 11:40:17,402 : EventManager : Event: ======'player_shot_lock_lit_2'====== Args={'value': 0, 'prev_value': 1, 'change': -1, 'player_num': 1}
2020-03-17 11:40:17,402 : EventManager : Event: ======'player_shot_lock_lit_2_enabled'====== Args={'value': True, 'prev_value': False, 'change': 1, 'player_num': 1}
2020-03-17 11:40:17,502 : EventManager : Event: ======'machine_var_audits_switches_s_plunger'====== Args={'value': 588, 'prev_value': 587, 'change': 1}
2020-03-17 11:40:18,535 : EventManager : Event: ======'machine_var_audits_switches_s_right_ramp_made'====== Args={'value': 205, 'prev_value': 204, 'change': 1}
2020-03-17 11:40:18,535 : EventManager : Event: ======'player_shot_confederate_6'====== Args={'value': 2, 'prev_value': 1, 'change': 1, 'player_num': 1}
2020-03-17 11:40:18,535 : EventManager : Event: ======'machine_var_audits_shots_confederate_6'====== Args={'value': 189, 'prev_value': 188, 'change': 1}
2020-03-17 11:40:18,551 : EventManager : Event: ======'player_shot_lock_lit_2'====== Args={'value': 1, 'prev_value': 0, 'change': 1, 'player_num': 1}
2020-03-17 11:40:18,552 : EventManager : Event: ======'machine_var_audits_shots_lock_lit_2'====== Args={'value': 185, 'prev_value': 184, 'change': 1}
2020-03-17 11:40:19,419 : EventManager : Event: ======'machine_var_audits_switches_s_left_ramp_made'====== Args={'value': 166, 'prev_value': 165, 'change': 1}
2020-03-17 11:40:19,419 : EventManager : Event: ======'player_shot_confederate_2'====== Args={'value': 2, 'prev_value': 1, 'change': 1, 'player_num': 1}
2020-03-17 11:40:19,419 : EventManager : Event: ======'machine_var_audits_shots_confederate_2'====== Args={'value': 144, 'prev_value': 143, 'change': 1}
2020-03-17 11:40:19,419 : EventManager : Event: ======'player_shot_lock_lit_1'====== Args={'value': 1, 'prev_value': 0, 'change': 1, 'player_num': 1}
2020-03-17 11:40:19,419 : EventManager : Event: ======'machine_var_audits_shots_lock_lit_1'====== Args={'value': 140, 'prev_value': 139, 'change': 1}
2020-03-17 11:40:19,419 : EventManager : Event: ======'player_shot_lock_lit_1_enabled'====== Args={'value': False, 'prev_value': True, 'change': -1, 'player_num': 1}
2020-03-17 11:40:19,419 : EventManager : Event: ======'player_shot_lock_lit_2_enabled'====== Args={'value': False, 'prev_value': True, 'change': -1, 'player_num': 1}
2020-03-17 11:40:20,618 : EventManager : Event: ======'machine_var_audits_switches_s_lock_2'====== Args={'value': 85, 'prev_value': 84, 'change': 1}
2020-03-17 11:40:21,119 : EventManager : Event: ======'player_high_caliber_locked_balls'====== Args={'value': 2, 'prev_value': 1, 'change': 1, 'player_num': 1}
2020-03-17 11:40:21,119 : EventManager : Event: ======'player_shot_lock_lit_1'====== Args={'value': 0, 'prev_value': 1, 'change': -1, 'player_num': 1}
2020-03-17 11:40:21,119 : EventManager : Event: ======'player_shot_lock_lit_1_enabled'====== Args={'value': True, 'prev_value': False, 'change': 1, 'player_num': 1}
2020-03-17 11:40:21,119 : EventManager : Event: ======'player_shot_lock_lit_2'====== Args={'value': 0, 'prev_value': 1, 'change': -1, 'player_num': 1}
2020-03-17 11:40:21,119 : EventManager : Event: ======'player_shot_lock_lit_2_enabled'====== Args={'value': True, 'prev_value': False, 'change': 1, 'player_num': 1}
2020-03-17 11:40:21,219 : EventManager : Event: ======'machine_var_audits_switches_s_plunger'====== Args={'value': 589, 'prev_value': 588, 'change': 1}
2020-03-17 11:40:21,835 : EventManager : Event: ======'machine_var_audits_switches_s_right_ramp_made'====== Args={'value': 206, 'prev_value': 205, 'change': 1}
2020-03-17 11:40:21,836 : EventManager : Event: ======'machine_var_audits_shots_confederate_6'====== Args={'value': 190, 'prev_value': 189, 'change': 1}
2020-03-17 11:40:21,836 : EventManager : Event: ======'player_shot_lock_lit_2'====== Args={'value': 1, 'prev_value': 0, 'change': 1, 'player_num': 1}
2020-03-17 11:40:21,836 : EventManager : Event: ======'machine_var_audits_shots_lock_lit_2'====== Args={'value': 186, 'prev_value': 185, 'change': 1}
2020-03-17 11:40:22,852 : EventManager : Event: ======'machine_var_audits_switches_s_left_ramp_made'====== Args={'value': 167, 'prev_value': 166, 'change': 1}
2020-03-17 11:40:22,852 : EventManager : Event: ======'machine_var_audits_shots_confederate_2'====== Args={'value': 145, 'prev_value': 144, 'change': 1}
2020-03-17 11:40:22,852 : EventManager : Event: ======'player_shot_lock_lit_1'====== Args={'value': 1, 'prev_value': 0, 'change': 1, 'player_num': 1}
2020-03-17 11:40:22,853 : EventManager : Event: ======'machine_var_audits_shots_lock_lit_1'====== Args={'value': 141, 'prev_value': 140, 'change': 1}
2020-03-17 11:40:22,869 : EventManager : Event: ======'player_shot_lock_lit_1_enabled'====== Args={'value': False, 'prev_value': True, 'change': -1, 'player_num': 1}
2020-03-17 11:40:22,869 : EventManager : Event: ======'player_shot_lock_lit_2_enabled'====== Args={'value': False, 'prev_value': True, 'change': -1, 'player_num': 1}
2020-03-17 11:40:24,086 : EventManager : Event: ======'machine_var_audits_switches_s_lock_1'====== Args={'value': 82, 'prev_value': 81, 'change': 1}
2020-03-17 11:40:24,586 : EventManager : Event: ======'player_high_caliber_locked_balls'====== Args={'value': 3, 'prev_value': 2, 'change': 1, 'player_num': 1}
2020-03-17 11:40:24,586 : EventManager : Event: ======'player_shot_jackpot_1_enabled'====== Args={'value': True, 'prev_value': 0, 'change': 1, 'player_num': 1}
2020-03-17 11:40:24,586 : EventManager : Event: ======'player_shot_jackpot_2_enabled'====== Args={'value': True, 'prev_value': 0, 'change': 1, 'player_num': 1}
2020-03-17 11:40:24,586 : EventManager : Event: ======'player_shot_jackpot_3_enabled'====== Args={'value': True, 'prev_value': 0, 'change': 1, 'player_num': 1}
2020-03-17 11:40:24,586 : EventManager : Event: ======'player_shot_jackpot_4_enabled'====== Args={'value': True, 'prev_value': 0, 'change': 1, 'player_num': 1}
2020-03-17 11:40:24,587 : EventManager : Event: ======'player_shot_jackpot_5_enabled'====== Args={'value': True, 'prev_value': 0, 'change': 1, 'player_num': 1}
2020-03-17 11:40:24,587 : EventManager : Event: ======'player_shot_jackpot_6_enabled'====== Args={'value': True, 'prev_value': 0, 'change': 1, 'player_num': 1}
2020-03-17 11:40:24,603 : EventManager : Event: ======'player_high_caliber_locked_balls'====== Args={'value': 0, 'prev_value': 3, 'change': -3, 'player_num': 1}
2020-03-17 11:40:25,053 : EventManager : Event: ======'machine_var_audits_switches_s_detonation'====== Args={'value': 83, 'prev_value': 82, 'change': 1}
2020-03-17 11:40:25,053 : EventManager : Event: ======'player_shot_detonation_lit'====== Args={'value': 1, 'prev_value': 0, 'change': 1, 'player_num': 1}
2020-03-17 11:40:25,053 : EventManager : Event: ======'machine_var_audits_shots_detonation_lit'====== Args={'value': 83, 'prev_value': 82, 'change': 1}
2020-03-17 11:40:25,436 : EventManager : Event: ======'machine_var_audits_switches_s_detonation'====== Args={'value': 84, 'prev_value': 83, 'change': 1}
2020-03-17 11:40:25,436 : EventManager : Event: ======'player_shot_detonation_lit'====== Args={'value': 2, 'prev_value': 1, 'change': 1, 'player_num': 1}
2020-03-17 11:40:25,436 : EventManager : Event: ======'machine_var_audits_shots_detonation_lit'====== Args={'value': 84, 'prev_value': 83, 'change': 1}
2020-03-17 11:40:25,869 : EventManager : Event: ======'machine_var_audits_switches_s_detonation'====== Args={'value': 85, 'prev_value': 84, 'change': 1}
2020-03-17 11:40:25,869 : EventManager : Event: ======'player_shot_detonation_lit'====== Args={'value': 3, 'prev_value': 2, 'change': 1, 'player_num': 1}
2020-03-17 11:40:25,870 : EventManager : Event: ======'machine_var_audits_shots_detonation_lit'====== Args={'value': 85, 'prev_value': 84, 'change': 1}
2020-03-17 11:40:26,352 : EventManager : Event: ======'machine_var_audits_switches_s_detonation'====== Args={'value': 86, 'prev_value': 85, 'change': 1}
2020-03-17 11:40:26,353 : EventManager : Event: ======'player_shot_detonation_lit'====== Args={'value': 4, 'prev_value': 3, 'change': 1, 'player_num': 1}
2020-03-17 11:40:26,353 : EventManager : Event: ======'machine_var_audits_shots_detonation_lit'====== Args={'value': 86, 'prev_value': 85, 'change': 1}
2020-03-17 11:40:26,870 : EventManager : Event: ======'machine_var_audits_switches_s_detonation'====== Args={'value': 87, 'prev_value': 86, 'change': 1}
2020-03-17 11:40:26,870 : EventManager : Event: ======'player_shot_detonation_lit'====== Args={'value': 5, 'prev_value': 4, 'change': 1, 'player_num': 1}
2020-03-17 11:40:26,870 : EventManager : Event: ======'machine_var_audits_shots_detonation_lit'====== Args={'value': 87, 'prev_value': 86, 'change': 1}
2020-03-17 11:40:26,870 : EventManager : Event: ======'player_shot_detonation_enabled'====== Args={'value': True, 'prev_value': False, 'change': 1, 'player_num': 1}
2020-03-17 11:40:26,870 : EventManager : Event: ======'player_shot_detonation'====== Args={'value': 1, 'prev_value': 0, 'change': 1, 'player_num': 1}
2020-03-17 11:40:27,870 : EventManager : Event: ======'machine_var_audits_switches_s_torpedo'====== Args={'value': 99, 'prev_value': 98, 'change': 1}
2020-03-17 11:40:27,870 : EventManager : Event: ======'player_shot_jackpot_3'====== Args={'value': 1, 'prev_value': 0, 'change': 1, 'player_num': 1}
2020-03-17 11:40:27,870 : EventManager : Event: ======'machine_var_audits_shots_jackpot_3'====== Args={'value': 36, 'prev_value': 35, 'change': 1}
2020-03-17 11:40:27,871 : EventManager : Event: ======'player_shot_confederate_3'====== Args={'value': 1, 'prev_value': 0, 'change': 1, 'player_num': 1}
2020-03-17 11:40:27,871 : EventManager : Event: ======'machine_var_audits_shots_confederate_3'====== Args={'value': 77, 'prev_value': 76, 'change': 1}
2020-03-17 11:40:27,871 : EventManager : Event: ======'machine_var_audits_shots_detonation'====== Args={'value': 32, 'prev_value': 31, 'change': 1}
2020-03-17 11:40:27,871 : EventManager : Event: ======'player_shot_jackpot_1'====== Args={'value': 1, 'prev_value': 0, 'change': 1, 'player_num': 1}
2020-03-17 11:40:27,871 : EventManager : Event: ======'machine_var_audits_shots_jackpot_1'====== Args={'value': 28, 'prev_value': 27, 'change': 1}
2020-03-17 11:40:27,871 : EventManager : Event: ======'player_shot_jackpot_2'====== Args={'value': 1, 'prev_value': 0, 'change': 1, 'player_num': 1}
2020-03-17 11:40:27,871 : EventManager : Event: ======'machine_var_audits_shots_jackpot_2'====== Args={'value': 26, 'prev_value': 25, 'change': 1}
2020-03-17 11:40:27,871 : EventManager : Event: ======'machine_var_audits_shots_jackpot_3'====== Args={'value': 37, 'prev_value': 36, 'change': 1}
2020-03-17 11:40:27,871 : EventManager : Event: ======'player_shot_jackpot_4'====== Args={'value': 1, 'prev_value': 0, 'change': 1, 'player_num': 1}
2020-03-17 11:40:27,886 : EventManager : Event: ======'machine_var_audits_shots_jackpot_4'====== Args={'value': 23, 'prev_value': 22, 'change': 1}
2020-03-17 11:40:27,886 : EventManager : Event: ======'player_shot_jackpot_5'====== Args={'value': 1, 'prev_value': 0, 'change': 1, 'player_num': 1}
2020-03-17 11:40:27,886 : EventManager : Event: ======'machine_var_audits_shots_jackpot_5'====== Args={'value': 23, 'prev_value': 22, 'change': 1}
2020-03-17 11:40:27,886 : EventManager : Event: ======'player_shot_jackpot_6'====== Args={'value': 1, 'prev_value': 0, 'change': 1, 'player_num': 1}
2020-03-17 11:40:27,886 : EventManager : Event: ======'machine_var_audits_shots_jackpot_6'====== Args={'value': 24, 'prev_value': 23, 'change': 1}
2020-03-17 11:40:27,886 : EventManager : Event: ======'player_shot_detonation_lit'====== Args={'value': 0, 'prev_value': 5, 'change': -5, 'player_num': 1}
2020-03-17 11:40:27,886 : EventManager : Event: ======'player_shot_detonation'====== Args={'value': 0, 'prev_value': 1, 'change': -1, 'player_num': 1}
2020-03-17 11:40:27,886 : EventManager : Event: ======'player_shot_detonation_enabled'====== Args={'value': False, 'prev_value': True, 'change': -1, 'player_num': 1}
2020-03-17 11:40:37,771 : EventManager : Event: ======'machine_var_audits_switches_s_lock_3'====== Args={'value': 135, 'prev_value': 134, 'change': 1}
2020-03-17 11:40:38,270 : EventManager : Event: ======'player_super_lock'====== Args={'value': 1, 'prev_value': 0, 'change': 1, 'player_num': 1}
2020-03-17 11:40:41,753 : EventManager : Event: ======'machine_var_audits_switches_s_lock_2'====== Args={'value': 86, 'prev_value': 85, 'change': 1}
2020-03-17 11:40:42,253 : EventManager : Event: ======'player_super_lock'====== Args={'value': 2, 'prev_value': 1, 'change': 1, 'player_num': 1}
2020-03-17 11:40:45,120 : EventManager : Event: ======'machine_var_audits_switches_s_lock_1'====== Args={'value': 83, 'prev_value': 82, 'change': 1}
2020-03-17 11:40:45,620 : EventManager : Event: ======'player_super_lock'====== Args={'value': 3, 'prev_value': 2, 'change': 1, 'player_num': 1}
2020-03-17 11:41:10,997 : kivy : WindowSDL: exiting mainloop and closing.
2020-03-17 11:41:11,082 : kivy : Base: Leaving application in progress...
2020-03-17 11:41:11,083 : mpfmc : Stopping...
2020-03-17 11:41:11,083 : EventManager : Event: ======'shutdown'====== Args={}
2020-03-17 11:41:11,083 : mpfmc : Loop rate 59.74 Hz
2020-03-17 11:41:11,083 : kivy : MC run loop ended.
2020-03-17 11:41:11,083 : kivy : Stopping child threads... (3 remaining)
2020-03-17 11:41:11,662 : mpfmc : Stopping...
2020-03-17 11:41:11,662 : EventManager : Event: ======'shutdown'====== Args={}
2020-03-17 11:41:11,662 : mpfmc : Loop rate 59.21 Hz
2020-03-17 11:41:11,674 : MPF-MC BCP Server : Stopping BCP sending thread
2020-03-17 11:41:11,687 : kivy : All child threads stopped.
