2021-06-20 16:14:52,534 : kivy : Factory: 186 symbols loaded
2021-06-20 16:14:52,867 : kivy : ImageLoaderFFPy: Using ffpyplayer 4.3.2
2021-06-20 16:14:52,867 : kivy : Image: Providers: img_tex, img_dds, img_sdl2, img_pil, img_ffpyplayer 
2021-06-20 16:14:53,074 : kivy : VideoGstplayer: Using Gstreamer 1.18.0.0
2021-06-20 16:14:53,074 : kivy : Video: Provider: gstplayer
2021-06-20 16:14:53,229 : kivy : Loading MPF-MC controller
2021-06-20 16:14:53,592 : ConfigProcessor : Config spec file cache created: C:\Users\SCHOLT~1\AppData\Local\Temp\config_spec.mpf_cache
2021-06-20 16:14:53,593 : YamlMultifileConfigLoader : Machine config file #1: config
2021-06-20 16:14:53,593 : ConfigProcessor : Config file in cache changed: c:\users\scholtz_balint\appdata\local\programs\python\python36\lib\site-packages\mpfmc\mcconfig.yaml
2021-06-20 16:14:53,593 : ConfigProcessor : Loading config from file c:\users\scholtz_balint\appdata\local\programs\python\python36\lib\site-packages\mpfmc\mcconfig.yaml.
2021-06-20 16:14:53,634 : ConfigProcessor : Loading config: c:\users\scholtz_balint\appdata\local\programs\python\python36\lib\site-packages\mpfmc\mcconfig.yaml
2021-06-20 16:14:53,634 : ConfigProcessor : Loading config from file E:\MPF\wows\wows\config\config.
2021-06-20 16:14:53,839 : ConfigProcessor : Loading config: E:\MPF\wows\wows\config\config
2021-06-20 16:14:53,874 : ConfigProcessor : Loading config: E:\MPF\wows\wows\config\config_mode_support.yaml
2021-06-20 16:14:53,898 : ConfigProcessor : Loading config: E:\MPF\wows\wows\config\config_hc_support.yaml
2021-06-20 16:14:53,903 : ConfigProcessor : Loading config: E:\MPF\wows\wows\config\config_capture_support.yaml
2021-06-20 16:14:53,915 : ConfigProcessor : Loading config: E:\MPF\wows\wows\config\config_commander_support.yaml
2021-06-20 16:14:53,921 : ConfigProcessor : Config file cache created: C:\Users\SCHOLT~1\AppData\Local\Temp\31cdb3616eadb192a937c9afde929487.mpf_cache
2021-06-20 16:14:53,922 : ConfigProcessor : Loading config from cache: C:\Users\SCHOLT~1\AppData\Local\Temp\3dd0efc3fc2458bb25a941f6d23e6a9c.mpf_cache
2021-06-20 16:14:53,923 : ConfigProcessor : Loading config from cache: C:\Users\SCHOLT~1\AppData\Local\Temp\c7e3f646a6ae875a07a0c3d1323c1c71.mpf_cache
2021-06-20 16:14:53,923 : ConfigProcessor : Loading config from cache: C:\Users\SCHOLT~1\AppData\Local\Temp\3dd0efc3fc2458bb25a941f6d23e6a9c.mpf_cache
2021-06-20 16:14:53,924 : ConfigProcessor : Loading config from cache: C:\Users\SCHOLT~1\AppData\Local\Temp\3a8cfb4ac342a25cc8f91711ea4bafc2.mpf_cache
2021-06-20 16:14:53,924 : ConfigProcessor : Loading config from cache: C:\Users\SCHOLT~1\AppData\Local\Temp\479d7318d211ad46f9f0d828c96341f2.mpf_cache
2021-06-20 16:14:53,925 : ConfigProcessor : Loading config from cache: C:\Users\SCHOLT~1\AppData\Local\Temp\c96ee90647ae5b034e2dd42c348c42ad.mpf_cache
2021-06-20 16:14:53,925 : ConfigProcessor : Loading config from cache: C:\Users\SCHOLT~1\AppData\Local\Temp\ca0415bb38fd20ce1ae72b2592ece46e.mpf_cache
2021-06-20 16:14:53,926 : ConfigProcessor : Loading config from cache: C:\Users\SCHOLT~1\AppData\Local\Temp\72e9fea1cb562e40024eb5e8538ccaf2.mpf_cache
2021-06-20 16:14:53,926 : ConfigProcessor : Loading config from cache: C:\Users\SCHOLT~1\AppData\Local\Temp\c22c03646c3330fed25ec0d2c1900176.mpf_cache
2021-06-20 16:14:53,927 : ConfigProcessor : Loading config from cache: C:\Users\SCHOLT~1\AppData\Local\Temp\4f40b51a2a6ab6b3327b174347355c6f.mpf_cache
2021-06-20 16:14:53,927 : ConfigProcessor : Loading config from cache: C:\Users\SCHOLT~1\AppData\Local\Temp\39fabcdae38f081491893b3f9bf3922e.mpf_cache
2021-06-20 16:14:53,928 : ConfigProcessor : Loading config from cache: C:\Users\SCHOLT~1\AppData\Local\Temp\943ecf72a5798e3efec3d4f70c6ce1d2.mpf_cache
2021-06-20 16:14:53,929 : ConfigProcessor : Loading config from cache: C:\Users\SCHOLT~1\AppData\Local\Temp\04d9c03061fa17a1f6b23081f79db9ab.mpf_cache
2021-06-20 16:14:53,930 : ConfigProcessor : Loading config from cache: C:\Users\SCHOLT~1\AppData\Local\Temp\1ff29be1d22fb14fe5fd1c82a6918df4.mpf_cache
2021-06-20 16:14:53,930 : ConfigProcessor : Loading config from cache: C:\Users\SCHOLT~1\AppData\Local\Temp\f0ffd5ecaddfe34035bf3b1779215a88.mpf_cache
2021-06-20 16:14:53,931 : ConfigProcessor : Loading config from cache: C:\Users\SCHOLT~1\AppData\Local\Temp\b0de444617e3bf30a07f755a6d4831cc.mpf_cache
2021-06-20 16:14:53,931 : ConfigProcessor : Loading config from cache: C:\Users\SCHOLT~1\AppData\Local\Temp\200a9b2dddbe7706ffb4c4426b6d54a8.mpf_cache
2021-06-20 16:14:53,932 : ConfigProcessor : Loading config from cache: C:\Users\SCHOLT~1\AppData\Local\Temp\5ab98d4be1e8de85bea62364890eb2e9.mpf_cache
2021-06-20 16:14:53,932 : ConfigProcessor : Loading config from cache: C:\Users\SCHOLT~1\AppData\Local\Temp\4303dca7489148da2d256fc831cf8c96.mpf_cache
2021-06-20 16:14:53,932 : ConfigProcessor : Loading config from cache: C:\Users\SCHOLT~1\AppData\Local\Temp\e8fceecd8f65a6a7269e98c7961bbf6a.mpf_cache
2021-06-20 16:14:53,933 : ConfigProcessor : Loading config from cache: C:\Users\SCHOLT~1\AppData\Local\Temp\c84d6d08bf6f923cbcccfeeea02d2c8a.mpf_cache
2021-06-20 16:14:53,933 : ConfigProcessor : Loading config from cache: C:\Users\SCHOLT~1\AppData\Local\Temp\159a0b7ffc6de2ed1a8cdcd57b7df3c0.mpf_cache
2021-06-20 16:14:53,934 : ConfigProcessor : Loading config from cache: C:\Users\SCHOLT~1\AppData\Local\Temp\47da5935da57327449007069e0d0551c.mpf_cache
2021-06-20 16:14:53,935 : ConfigProcessor : Loading config from cache: C:\Users\SCHOLT~1\AppData\Local\Temp\b1234e2c44a33609dc2af4760c4a3f89.mpf_cache
2021-06-20 16:14:53,935 : ConfigProcessor : Loading config from cache: C:\Users\SCHOLT~1\AppData\Local\Temp\466eddfec572894d9eb472ce07aa5fba.mpf_cache
2021-06-20 16:14:53,936 : ConfigProcessor : Loading config from cache: C:\Users\SCHOLT~1\AppData\Local\Temp\93429a2a8e0859f6546b68f40c2a4656.mpf_cache
2021-06-20 16:14:53,936 : ConfigProcessor : Loading config from cache: C:\Users\SCHOLT~1\AppData\Local\Temp\95ae88fb094583fa2b4097c6df179650.mpf_cache
2021-06-20 16:14:53,937 : ConfigProcessor : Loading config from cache: C:\Users\SCHOLT~1\AppData\Local\Temp\de2d3fc178b15ce3807fa4ab35b9c965.mpf_cache
2021-06-20 16:14:53,937 : ConfigProcessor : Loading config from cache: C:\Users\SCHOLT~1\AppData\Local\Temp\0c80ca2179989d09b86c78c19ec87d9b.mpf_cache
2021-06-20 16:14:53,938 : ConfigProcessor : Loading config from cache: C:\Users\SCHOLT~1\AppData\Local\Temp\95e265efe14e4eb05d8d5c5689c9ae6b.mpf_cache
2021-06-20 16:14:53,939 : ConfigProcessor : Loading config from cache: C:\Users\SCHOLT~1\AppData\Local\Temp\ba047bbdc168fca96d58d351c4240916.mpf_cache
2021-06-20 16:14:53,939 : ConfigProcessor : Loading config from cache: C:\Users\SCHOLT~1\AppData\Local\Temp\7c1900736275ba8a713cfe77e991e929.mpf_cache
2021-06-20 16:14:53,940 : ConfigProcessor : Loading config from cache: C:\Users\SCHOLT~1\AppData\Local\Temp\db3d1ab92e5d5c563b40d82372434517.mpf_cache
2021-06-20 16:14:53,940 : ConfigProcessor : Loading config from cache: C:\Users\SCHOLT~1\AppData\Local\Temp\78980531363184480bbd7075661ced33.mpf_cache
2021-06-20 16:14:53,941 : ConfigProcessor : Loading config from cache: C:\Users\SCHOLT~1\AppData\Local\Temp\efcf079e5af2b94e88dae4e07273acc8.mpf_cache
2021-06-20 16:14:53,941 : ConfigProcessor : Loading config from cache: C:\Users\SCHOLT~1\AppData\Local\Temp\44231afd4be159e8c99041e8eb88670e.mpf_cache
2021-06-20 16:14:53,942 : mpfmc : Mission Pinball Framework Media Controller v0.55.0-dev.11
2021-06-20 16:14:53,942 : mpfmc : Mission Pinball Framework Game Engine v0.55.0-dev.58
2021-06-20 16:14:53,942 : mpfmc : Machine path: E:\MPF\wows\wows
2021-06-20 16:14:53,942 : mpfmc : Starting clock at 60.0Hz
2021-06-20 16:14:54,009 : kivy : Text: Provider: sdl2
2021-06-20 16:14:54,071 : kivy : Window: Provider: sdl2
2021-06-20 16:14:54,422 : kivy : GL: Using the "OpenGL" graphics system
2021-06-20 16:14:54,428 : kivy : GL: GLEW initialization succeeded
2021-06-20 16:14:54,429 : kivy : GL: Backend used <glew>
2021-06-20 16:14:54,429 : kivy : GL: OpenGL version <b'4.6.0 NVIDIA 391.35'>
2021-06-20 16:14:54,429 : kivy : GL: OpenGL vendor <b'NVIDIA Corporation'>
2021-06-20 16:14:54,429 : kivy : GL: OpenGL renderer <b'GeForce GTX 1060 6GB/PCIe/SSE2'>
2021-06-20 16:14:54,429 : kivy : GL: OpenGL parsed version: 4, 6
2021-06-20 16:14:54,429 : kivy : GL: Shading version <b'4.60 NVIDIA'>
2021-06-20 16:14:54,429 : kivy : GL: Texture max size <32768>
2021-06-20 16:14:54,429 : kivy : GL: Texture max units <32>
2021-06-20 16:14:54,459 : kivy : Window: auto add sdl2 input provider
2021-06-20 16:14:54,459 : kivy : Window: virtual keyboard not allowed, single mode, not docked
2021-06-20 16:15:02,534 : AudioInterface : Initialized
2021-06-20 16:15:02,534 : AudioInterface : Loaded SDL 2.0.12
2021-06-20 16:15:02,534 : AudioInterface : Loaded SDL_Mixer 2.0.4
2021-06-20 16:15:02,534 : AudioInterface : Loaded GStreamer 1.18.0.0
2021-06-20 16:15:02,534 : AudioInterface : Loaded GLib 2.62.6
2021-06-20 16:15:02,534 : AudioInterface : Settings requested - rate: 44100, channels: 1, buffer: 2048 samples
2021-06-20 16:15:02,534 : AudioInterface : Settings in use - rate: 44100, channels: 1, buffer: 2048 samples (4096 bytes @ 2 bytes per sample)
2021-06-20 16:15:02,534 : AudioInterface : Enabling audio playback
2021-06-20 16:15:02,536 : kivy : Base: Start application main loop
2021-06-20 16:15:02,537 : EventManager : Event: ======'display_dmd_initialized'====== Args={}
2021-06-20 16:15:02,549 : mpfmc : Display: Setting 'dmd' as default display
2021-06-20 16:15:02,569 : kivy : GL: NPOT texture support is available
2021-06-20 16:15:02,578 : EventManager : Event: ======'displays_initialized'====== Args={}
2021-06-20 16:15:02,579 : EventManager : Event: ======'slide_dmd_blank_created'====== Args={}
2021-06-20 16:15:02,579 : EventManager : Event: ======'display_dmd_ready'====== Args={}
2021-06-20 16:15:02,588 : EventManager : Event: ======'init_phase_1'====== Args={}
2021-06-20 16:15:02,594 : EventManager : Event: ======'mc_ready'====== Args={}
2021-06-20 16:15:02,594 : EventManager : Event: ======'init_phase_2'====== Args={}
2021-06-20 16:15:02,680 : EventManager : Event: ======'init_phase_3'====== Args={}
2021-06-20 16:15:02,702 : EventManager : Event: ======'init_phase_4'====== Args={}
2021-06-20 16:15:02,702 : EventManager : Event: ======'init_phase_5'====== Args={}
2021-06-20 16:15:02,711 : EventManager : Event: ======'loading_assets'====== Args={'total': 270, 'loaded': 1, 'remaining': 269, 'percent': 0}
2021-06-20 16:15:02,711 : AssetManager : Loading assets: 1/270 (0%)
2021-06-20 16:15:05,656 : EventManager : Event: ======'loading_assets'====== Args={'total': 270, 'loaded': 3, 'remaining': 267, 'percent': 1}
2021-06-20 16:15:05,656 : AssetManager : Loading assets: 3/270 (1%)
2021-06-20 16:15:07,190 : EventManager : Event: ======'loading_assets'====== Args={'total': 270, 'loaded': 5, 'remaining': 265, 'percent': 2}
2021-06-20 16:15:07,190 : AssetManager : Loading assets: 5/270 (2%)
2021-06-20 16:15:08,873 : EventManager : Event: ======'loading_assets'====== Args={'total': 270, 'loaded': 6, 'remaining': 264, 'percent': 2}
2021-06-20 16:15:08,874 : AssetManager : Loading assets: 6/270 (2%)
2021-06-20 16:15:10,440 : EventManager : Event: ======'loading_assets'====== Args={'total': 270, 'loaded': 8, 'remaining': 262, 'percent': 3}
2021-06-20 16:15:10,440 : AssetManager : Loading assets: 8/270 (3%)
2021-06-20 16:15:11,558 : EventManager : Event: ======'loading_assets'====== Args={'total': 270, 'loaded': 10, 'remaining': 260, 'percent': 4}
2021-06-20 16:15:11,558 : AssetManager : Loading assets: 10/270 (4%)
2021-06-20 16:15:11,957 : EventManager : Event: ======'loading_assets'====== Args={'total': 270, 'loaded': 30, 'remaining': 240, 'percent': 11}
2021-06-20 16:15:11,957 : AssetManager : Loading assets: 30/270 (11%)
2021-06-20 16:15:12,173 : EventManager : Event: ======'loading_assets'====== Args={'total': 270, 'loaded': 33, 'remaining': 237, 'percent': 12}
2021-06-20 16:15:12,173 : AssetManager : Loading assets: 33/270 (12%)
2021-06-20 16:15:12,406 : EventManager : Event: ======'loading_assets'====== Args={'total': 270, 'loaded': 36, 'remaining': 234, 'percent': 13}
2021-06-20 16:15:12,407 : AssetManager : Loading assets: 36/270 (13%)
2021-06-20 16:15:12,657 : EventManager : Event: ======'loading_assets'====== Args={'total': 270, 'loaded': 40, 'remaining': 230, 'percent': 15}
2021-06-20 16:15:12,657 : AssetManager : Loading assets: 40/270 (15%)
2021-06-20 16:15:12,907 : EventManager : Event: ======'loading_assets'====== Args={'total': 270, 'loaded': 43, 'remaining': 227, 'percent': 16}
2021-06-20 16:15:12,907 : AssetManager : Loading assets: 43/270 (16%)
2021-06-20 16:15:13,123 : EventManager : Event: ======'loading_assets'====== Args={'total': 270, 'loaded': 46, 'remaining': 224, 'percent': 17}
2021-06-20 16:15:13,123 : AssetManager : Loading assets: 46/270 (17%)
2021-06-20 16:15:13,340 : EventManager : Event: ======'loading_assets'====== Args={'total': 270, 'loaded': 49, 'remaining': 221, 'percent': 18}
2021-06-20 16:15:13,340 : AssetManager : Loading assets: 49/270 (18%)
2021-06-20 16:15:13,573 : EventManager : Event: ======'loading_assets'====== Args={'total': 270, 'loaded': 52, 'remaining': 218, 'percent': 19}
2021-06-20 16:15:13,574 : AssetManager : Loading assets: 52/270 (19%)
2021-06-20 16:15:14,058 : EventManager : Event: ======'loading_assets'====== Args={'total': 270, 'loaded': 55, 'remaining': 215, 'percent': 20}
2021-06-20 16:15:14,058 : AssetManager : Loading assets: 55/270 (20%)
2021-06-20 16:15:14,591 : EventManager : Event: ======'loading_assets'====== Args={'total': 270, 'loaded': 80, 'remaining': 190, 'percent': 30}
2021-06-20 16:15:14,591 : AssetManager : Loading assets: 80/270 (30%)
2021-06-20 16:15:14,980 : EventManager : Event: ======'loading_assets'====== Args={'total': 270, 'loaded': 81, 'remaining': 189, 'percent': 30}
2021-06-20 16:15:14,980 : AssetManager : Loading assets: 81/270 (30%)
2021-06-20 16:15:15,195 : EventManager : Event: ======'loading_assets'====== Args={'total': 270, 'loaded': 82, 'remaining': 188, 'percent': 30}
2021-06-20 16:15:15,195 : AssetManager : Loading assets: 82/270 (30%)
2021-06-20 16:15:15,440 : EventManager : Event: ======'loading_assets'====== Args={'total': 270, 'loaded': 84, 'remaining': 186, 'percent': 31}
2021-06-20 16:15:15,441 : AssetManager : Loading assets: 84/270 (31%)
2021-06-20 16:15:15,757 : EventManager : Event: ======'loading_assets'====== Args={'total': 270, 'loaded': 91, 'remaining': 179, 'percent': 34}
2021-06-20 16:15:15,757 : AssetManager : Loading assets: 91/270 (34%)
2021-06-20 16:15:15,983 : EventManager : Event: ======'loading_assets'====== Args={'total': 270, 'loaded': 97, 'remaining': 173, 'percent': 36}
2021-06-20 16:15:15,983 : AssetManager : Loading assets: 97/270 (36%)
2021-06-20 16:15:16,391 : EventManager : Event: ======'loading_assets'====== Args={'total': 270, 'loaded': 101, 'remaining': 169, 'percent': 37}
2021-06-20 16:15:16,391 : AssetManager : Loading assets: 101/270 (37%)
2021-06-20 16:15:16,675 : EventManager : Event: ======'loading_assets'====== Args={'total': 270, 'loaded': 102, 'remaining': 168, 'percent': 38}
2021-06-20 16:15:16,675 : AssetManager : Loading assets: 102/270 (38%)
2021-06-20 16:15:16,891 : EventManager : Event: ======'loading_assets'====== Args={'total': 270, 'loaded': 105, 'remaining': 165, 'percent': 39}
2021-06-20 16:15:16,891 : AssetManager : Loading assets: 105/270 (39%)
2021-06-20 16:15:17,341 : EventManager : Event: ======'loading_assets'====== Args={'total': 270, 'loaded': 106, 'remaining': 164, 'percent': 39}
2021-06-20 16:15:17,341 : AssetManager : Loading assets: 106/270 (39%)
2021-06-20 16:15:17,860 : EventManager : Event: ======'loading_assets'====== Args={'total': 270, 'loaded': 107, 'remaining': 163, 'percent': 40}
2021-06-20 16:15:17,860 : AssetManager : Loading assets: 107/270 (40%)
2021-06-20 16:15:18,241 : EventManager : Event: ======'loading_assets'====== Args={'total': 270, 'loaded': 112, 'remaining': 158, 'percent': 41}
2021-06-20 16:15:18,241 : AssetManager : Loading assets: 112/270 (41%)
2021-06-20 16:15:18,641 : EventManager : Event: ======'loading_assets'====== Args={'total': 270, 'loaded': 116, 'remaining': 154, 'percent': 43}
2021-06-20 16:15:18,641 : AssetManager : Loading assets: 116/270 (43%)
2021-06-20 16:15:19,007 : EventManager : Event: ======'loading_assets'====== Args={'total': 270, 'loaded': 118, 'remaining': 152, 'percent': 44}
2021-06-20 16:15:19,008 : AssetManager : Loading assets: 118/270 (44%)
2021-06-20 16:15:19,225 : EventManager : Event: ======'loading_assets'====== Args={'total': 270, 'loaded': 119, 'remaining': 151, 'percent': 44}
2021-06-20 16:15:19,225 : AssetManager : Loading assets: 119/270 (44%)
2021-06-20 16:15:19,491 : EventManager : Event: ======'loading_assets'====== Args={'total': 270, 'loaded': 121, 'remaining': 149, 'percent': 45}
2021-06-20 16:15:19,492 : AssetManager : Loading assets: 121/270 (45%)
2021-06-20 16:15:19,708 : EventManager : Event: ======'loading_assets'====== Args={'total': 270, 'loaded': 123, 'remaining': 147, 'percent': 46}
2021-06-20 16:15:19,708 : AssetManager : Loading assets: 123/270 (46%)
2021-06-20 16:15:20,008 : EventManager : Event: ======'loading_assets'====== Args={'total': 270, 'loaded': 124, 'remaining': 146, 'percent': 46}
2021-06-20 16:15:20,008 : AssetManager : Loading assets: 124/270 (46%)
2021-06-20 16:15:20,274 : EventManager : Event: ======'loading_assets'====== Args={'total': 270, 'loaded': 125, 'remaining': 145, 'percent': 46}
2021-06-20 16:15:20,274 : AssetManager : Loading assets: 125/270 (46%)
2021-06-20 16:15:20,541 : EventManager : Event: ======'loading_assets'====== Args={'total': 270, 'loaded': 126, 'remaining': 144, 'percent': 47}
2021-06-20 16:15:20,541 : AssetManager : Loading assets: 126/270 (47%)
2021-06-20 16:15:20,942 : EventManager : Event: ======'loading_assets'====== Args={'total': 270, 'loaded': 128, 'remaining': 142, 'percent': 47}
2021-06-20 16:15:20,942 : AssetManager : Loading assets: 128/270 (47%)
2021-06-20 16:15:21,357 : EventManager : Event: ======'loading_assets'====== Args={'total': 270, 'loaded': 130, 'remaining': 140, 'percent': 48}
2021-06-20 16:15:21,358 : AssetManager : Loading assets: 130/270 (48%)
2021-06-20 16:15:21,708 : EventManager : Event: ======'loading_assets'====== Args={'total': 270, 'loaded': 134, 'remaining': 136, 'percent': 50}
2021-06-20 16:15:21,708 : AssetManager : Loading assets: 134/270 (50%)
2021-06-20 16:15:22,325 : EventManager : Event: ======'loading_assets'====== Args={'total': 270, 'loaded': 136, 'remaining': 134, 'percent': 50}
2021-06-20 16:15:22,325 : AssetManager : Loading assets: 136/270 (50%)
2021-06-20 16:15:22,541 : EventManager : Event: ======'loading_assets'====== Args={'total': 270, 'loaded': 139, 'remaining': 131, 'percent': 51}
2021-06-20 16:15:22,541 : AssetManager : Loading assets: 139/270 (51%)
2021-06-20 16:15:22,758 : EventManager : Event: ======'loading_assets'====== Args={'total': 270, 'loaded': 143, 'remaining': 127, 'percent': 53}
2021-06-20 16:15:22,758 : AssetManager : Loading assets: 143/270 (53%)
2021-06-20 16:15:22,991 : EventManager : Event: ======'loading_assets'====== Args={'total': 270, 'loaded': 147, 'remaining': 123, 'percent': 54}
2021-06-20 16:15:22,991 : AssetManager : Loading assets: 147/270 (54%)
2021-06-20 16:15:23,592 : EventManager : Event: ======'loading_assets'====== Args={'total': 270, 'loaded': 150, 'remaining': 120, 'percent': 56}
2021-06-20 16:15:23,592 : AssetManager : Loading assets: 150/270 (56%)
2021-06-20 16:15:23,842 : EventManager : Event: ======'loading_assets'====== Args={'total': 270, 'loaded': 152, 'remaining': 118, 'percent': 56}
2021-06-20 16:15:23,843 : AssetManager : Loading assets: 152/270 (56%)
2021-06-20 16:15:24,242 : EventManager : Event: ======'loading_assets'====== Args={'total': 270, 'loaded': 154, 'remaining': 116, 'percent': 57}
2021-06-20 16:15:24,242 : AssetManager : Loading assets: 154/270 (57%)
2021-06-20 16:15:24,825 : EventManager : Event: ======'loading_assets'====== Args={'total': 270, 'loaded': 156, 'remaining': 114, 'percent': 58}
2021-06-20 16:15:24,825 : AssetManager : Loading assets: 156/270 (58%)
2021-06-20 16:15:25,175 : EventManager : Event: ======'loading_assets'====== Args={'total': 270, 'loaded': 159, 'remaining': 111, 'percent': 59}
2021-06-20 16:15:25,175 : AssetManager : Loading assets: 159/270 (59%)
2021-06-20 16:15:26,126 : EventManager : Event: ======'loading_assets'====== Args={'total': 270, 'loaded': 160, 'remaining': 110, 'percent': 59}
2021-06-20 16:15:26,126 : AssetManager : Loading assets: 160/270 (59%)
2021-06-20 16:15:26,741 : EventManager : Event: ======'loading_assets'====== Args={'total': 270, 'loaded': 162, 'remaining': 108, 'percent': 60}
2021-06-20 16:15:26,741 : AssetManager : Loading assets: 162/270 (60%)
2021-06-20 16:15:27,559 : EventManager : Event: ======'loading_assets'====== Args={'total': 270, 'loaded': 164, 'remaining': 106, 'percent': 61}
2021-06-20 16:15:27,559 : AssetManager : Loading assets: 164/270 (61%)
2021-06-20 16:15:28,276 : EventManager : Event: ======'loading_assets'====== Args={'total': 270, 'loaded': 166, 'remaining': 104, 'percent': 61}
2021-06-20 16:15:28,276 : AssetManager : Loading assets: 166/270 (61%)
2021-06-20 16:15:29,008 : EventManager : Event: ======'loading_assets'====== Args={'total': 270, 'loaded': 168, 'remaining': 102, 'percent': 62}
2021-06-20 16:15:29,009 : AssetManager : Loading assets: 168/270 (62%)
2021-06-20 16:15:29,208 : EventManager : Event: ======'loading_assets'====== Args={'total': 270, 'loaded': 170, 'remaining': 100, 'percent': 63}
2021-06-20 16:15:29,208 : AssetManager : Loading assets: 170/270 (63%)
2021-06-20 16:15:29,677 : EventManager : Event: ======'loading_assets'====== Args={'total': 270, 'loaded': 173, 'remaining': 97, 'percent': 64}
2021-06-20 16:15:29,677 : AssetManager : Loading assets: 173/270 (64%)
2021-06-20 16:15:29,892 : EventManager : Event: ======'loading_assets'====== Args={'total': 270, 'loaded': 176, 'remaining': 94, 'percent': 65}
2021-06-20 16:15:29,892 : AssetManager : Loading assets: 176/270 (65%)
2021-06-20 16:15:30,108 : EventManager : Event: ======'loading_assets'====== Args={'total': 270, 'loaded': 177, 'remaining': 93, 'percent': 66}
2021-06-20 16:15:30,108 : AssetManager : Loading assets: 177/270 (66%)
2021-06-20 16:15:30,325 : EventManager : Event: ======'loading_assets'====== Args={'total': 270, 'loaded': 178, 'remaining': 92, 'percent': 66}
2021-06-20 16:15:30,325 : AssetManager : Loading assets: 178/270 (66%)
2021-06-20 16:15:30,541 : EventManager : Event: ======'loading_assets'====== Args={'total': 270, 'loaded': 180, 'remaining': 90, 'percent': 67}
2021-06-20 16:15:30,541 : AssetManager : Loading assets: 180/270 (67%)
2021-06-20 16:15:30,824 : EventManager : Event: ======'loading_assets'====== Args={'total': 270, 'loaded': 184, 'remaining': 86, 'percent': 68}
2021-06-20 16:15:30,824 : AssetManager : Loading assets: 184/270 (68%)
2021-06-20 16:15:31,142 : EventManager : Event: ======'loading_assets'====== Args={'total': 270, 'loaded': 185, 'remaining': 85, 'percent': 69}
2021-06-20 16:15:31,142 : AssetManager : Loading assets: 185/270 (69%)
2021-06-20 16:15:31,442 : EventManager : Event: ======'loading_assets'====== Args={'total': 270, 'loaded': 186, 'remaining': 84, 'percent': 69}
2021-06-20 16:15:31,442 : AssetManager : Loading assets: 186/270 (69%)
2021-06-20 16:15:31,842 : EventManager : Event: ======'loading_assets'====== Args={'total': 270, 'loaded': 189, 'remaining': 81, 'percent': 70}
2021-06-20 16:15:31,842 : AssetManager : Loading assets: 189/270 (70%)
2021-06-20 16:15:32,075 : EventManager : Event: ======'loading_assets'====== Args={'total': 270, 'loaded': 191, 'remaining': 79, 'percent': 71}
2021-06-20 16:15:32,075 : AssetManager : Loading assets: 191/270 (71%)
2021-06-20 16:15:32,325 : EventManager : Event: ======'loading_assets'====== Args={'total': 270, 'loaded': 193, 'remaining': 77, 'percent': 71}
2021-06-20 16:15:32,325 : AssetManager : Loading assets: 193/270 (71%)
2021-06-20 16:15:32,575 : EventManager : Event: ======'loading_assets'====== Args={'total': 270, 'loaded': 196, 'remaining': 74, 'percent': 73}
2021-06-20 16:15:32,575 : AssetManager : Loading assets: 196/270 (73%)
2021-06-20 16:15:32,958 : EventManager : Event: ======'loading_assets'====== Args={'total': 270, 'loaded': 198, 'remaining': 72, 'percent': 73}
2021-06-20 16:15:32,959 : AssetManager : Loading assets: 198/270 (73%)
2021-06-20 16:15:33,208 : EventManager : Event: ======'loading_assets'====== Args={'total': 270, 'loaded': 199, 'remaining': 71, 'percent': 74}
2021-06-20 16:15:33,208 : AssetManager : Loading assets: 199/270 (74%)
2021-06-20 16:15:33,625 : EventManager : Event: ======'loading_assets'====== Args={'total': 270, 'loaded': 202, 'remaining': 68, 'percent': 75}
2021-06-20 16:15:33,625 : AssetManager : Loading assets: 202/270 (75%)
2021-06-20 16:15:33,842 : EventManager : Event: ======'loading_assets'====== Args={'total': 270, 'loaded': 203, 'remaining': 67, 'percent': 75}
2021-06-20 16:15:33,842 : AssetManager : Loading assets: 203/270 (75%)
2021-06-20 16:15:34,125 : EventManager : Event: ======'loading_assets'====== Args={'total': 270, 'loaded': 204, 'remaining': 66, 'percent': 76}
2021-06-20 16:15:34,125 : AssetManager : Loading assets: 204/270 (76%)
2021-06-20 16:15:34,325 : EventManager : Event: ======'loading_assets'====== Args={'total': 270, 'loaded': 207, 'remaining': 63, 'percent': 77}
2021-06-20 16:15:34,325 : AssetManager : Loading assets: 207/270 (77%)
2021-06-20 16:15:34,641 : EventManager : Event: ======'loading_assets'====== Args={'total': 270, 'loaded': 208, 'remaining': 62, 'percent': 77}
2021-06-20 16:15:34,642 : AssetManager : Loading assets: 208/270 (77%)
2021-06-20 16:15:34,958 : EventManager : Event: ======'loading_assets'====== Args={'total': 270, 'loaded': 209, 'remaining': 61, 'percent': 77}
2021-06-20 16:15:34,958 : AssetManager : Loading assets: 209/270 (77%)
2021-06-20 16:15:36,809 : EventManager : Event: ======'loading_assets'====== Args={'total': 270, 'loaded': 212, 'remaining': 58, 'percent': 79}
2021-06-20 16:15:36,809 : AssetManager : Loading assets: 212/270 (79%)
2021-06-20 16:15:37,008 : EventManager : Event: ======'loading_assets'====== Args={'total': 270, 'loaded': 214, 'remaining': 56, 'percent': 79}
2021-06-20 16:15:37,008 : AssetManager : Loading assets: 214/270 (79%)
2021-06-20 16:15:37,275 : EventManager : Event: ======'loading_assets'====== Args={'total': 270, 'loaded': 219, 'remaining': 51, 'percent': 81}
2021-06-20 16:15:37,275 : AssetManager : Loading assets: 219/270 (81%)
2021-06-20 16:15:37,508 : EventManager : Event: ======'loading_assets'====== Args={'total': 270, 'loaded': 222, 'remaining': 48, 'percent': 82}
2021-06-20 16:15:37,508 : AssetManager : Loading assets: 222/270 (82%)
2021-06-20 16:15:37,775 : EventManager : Event: ======'loading_assets'====== Args={'total': 270, 'loaded': 226, 'remaining': 44, 'percent': 84}
2021-06-20 16:15:37,775 : AssetManager : Loading assets: 226/270 (84%)
2021-06-20 16:15:38,058 : EventManager : Event: ======'loading_assets'====== Args={'total': 270, 'loaded': 230, 'remaining': 40, 'percent': 85}
2021-06-20 16:15:38,058 : AssetManager : Loading assets: 230/270 (85%)
2021-06-20 16:15:38,275 : EventManager : Event: ======'loading_assets'====== Args={'total': 270, 'loaded': 233, 'remaining': 37, 'percent': 86}
2021-06-20 16:15:38,275 : AssetManager : Loading assets: 233/270 (86%)
2021-06-20 16:15:38,491 : EventManager : Event: ======'loading_assets'====== Args={'total': 270, 'loaded': 237, 'remaining': 33, 'percent': 88}
2021-06-20 16:15:38,491 : AssetManager : Loading assets: 237/270 (88%)
2021-06-20 16:15:38,708 : EventManager : Event: ======'loading_assets'====== Args={'total': 270, 'loaded': 241, 'remaining': 29, 'percent': 89}
2021-06-20 16:15:38,708 : AssetManager : Loading assets: 241/270 (89%)
2021-06-20 16:15:38,925 : EventManager : Event: ======'loading_assets'====== Args={'total': 270, 'loaded': 244, 'remaining': 26, 'percent': 90}
2021-06-20 16:15:38,925 : AssetManager : Loading assets: 244/270 (90%)
2021-06-20 16:15:39,559 : EventManager : Event: ======'loading_assets'====== Args={'total': 270, 'loaded': 247, 'remaining': 23, 'percent': 91}
2021-06-20 16:15:39,559 : AssetManager : Loading assets: 247/270 (91%)
2021-06-20 16:15:39,925 : EventManager : Event: ======'loading_assets'====== Args={'total': 270, 'loaded': 249, 'remaining': 21, 'percent': 92}
2021-06-20 16:15:39,925 : AssetManager : Loading assets: 249/270 (92%)
2021-06-20 16:15:40,175 : EventManager : Event: ======'loading_assets'====== Args={'total': 270, 'loaded': 251, 'remaining': 19, 'percent': 93}
2021-06-20 16:15:40,175 : AssetManager : Loading assets: 251/270 (93%)
2021-06-20 16:15:40,392 : EventManager : Event: ======'loading_assets'====== Args={'total': 270, 'loaded': 253, 'remaining': 17, 'percent': 94}
2021-06-20 16:15:40,392 : AssetManager : Loading assets: 253/270 (94%)
2021-06-20 16:15:40,626 : EventManager : Event: ======'loading_assets'====== Args={'total': 270, 'loaded': 254, 'remaining': 16, 'percent': 94}
2021-06-20 16:15:40,627 : AssetManager : Loading assets: 254/270 (94%)
2021-06-20 16:15:40,892 : EventManager : Event: ======'loading_assets'====== Args={'total': 270, 'loaded': 258, 'remaining': 12, 'percent': 96}
2021-06-20 16:15:40,892 : AssetManager : Loading assets: 258/270 (96%)
2021-06-20 16:15:41,159 : EventManager : Event: ======'loading_assets'====== Args={'total': 270, 'loaded': 262, 'remaining': 8, 'percent': 97}
2021-06-20 16:15:41,159 : AssetManager : Loading assets: 262/270 (97%)
2021-06-20 16:15:41,375 : EventManager : Event: ======'loading_assets'====== Args={'total': 270, 'loaded': 265, 'remaining': 5, 'percent': 98}
2021-06-20 16:15:41,375 : AssetManager : Loading assets: 265/270 (98%)
2021-06-20 16:15:41,575 : EventManager : Event: ======'loading_assets'====== Args={'total': 270, 'loaded': 268, 'remaining': 2, 'percent': 99}
2021-06-20 16:15:41,575 : AssetManager : Loading assets: 268/270 (99%)
2021-06-20 16:15:41,675 : EventManager : Event: ======'loading_assets'====== Args={'total': 270, 'loaded': 270, 'remaining': 0, 'percent': 100}
2021-06-20 16:15:41,675 : AssetManager : Asset loading took: 39.14059066772461
2021-06-20 16:15:41,675 : EventManager : Event: ======'asset_loading_complete'====== Args={}
2021-06-20 16:15:41,675 : AssetManager : Loading assets: 270/270 (100%)
2021-06-20 16:15:41,675 : EventManager : Event: ======'init_done'====== Args={}
2021-06-20 16:15:41,675 : MPF-MC BCP Server : Starting up on localhost port 5050
2021-06-20 16:15:41,678 : MPF-MC BCP Server : Waiting for a connection...
2021-06-20 16:15:41,692 : EventManager : Event: ======'client_disconnected'====== Args={'host': '127.0.0.1', 'port': 5050}
