2021-01-22 17:28:59,502 : INFO : root : Loading config.
2021-01-22 17:28:59,505 : INFO : YamlMultifileConfigLoader : Machine config file #1: config.yaml
2021-01-22 17:28:59,505 : INFO : ConfigProcessor : Loading config from cache: C:\Users\schol\AppData\Local\Temp\1ed54315bc874a19390ba34e1a0f1800.mpf_cache
2021-01-22 17:28:59,598 : INFO : ConfigProcessor : Loading config from cache: C:\Users\schol\AppData\Local\Temp\d7d60495530237b374578b281bb65f31.mpf_cache
2021-01-22 17:28:59,599 : INFO : ConfigProcessor : Loading config from cache: C:\Users\schol\AppData\Local\Temp\cd9adc04f71a18563c8a43d82180f6f2.mpf_cache
2021-01-22 17:28:59,600 : INFO : ConfigProcessor : Loading config from cache: C:\Users\schol\AppData\Local\Temp\d7d60495530237b374578b281bb65f31.mpf_cache
2021-01-22 17:28:59,600 : INFO : ConfigProcessor : Loading config from cache: C:\Users\schol\AppData\Local\Temp\4bea832e3562a43fbe38f9764d71c298.mpf_cache
2021-01-22 17:28:59,601 : INFO : ConfigProcessor : Loading config from cache: C:\Users\schol\AppData\Local\Temp\45b3b9aa5591eaef8a230445e70fa468.mpf_cache
2021-01-22 17:28:59,601 : INFO : ConfigProcessor : Loading config from cache: C:\Users\schol\AppData\Local\Temp\c96ee90647ae5b034e2dd42c348c42ad.mpf_cache
2021-01-22 17:28:59,602 : INFO : ConfigProcessor : Loading config from cache: C:\Users\schol\AppData\Local\Temp\ca0415bb38fd20ce1ae72b2592ece46e.mpf_cache
2021-01-22 17:28:59,602 : INFO : ConfigProcessor : Loading config from cache: C:\Users\schol\AppData\Local\Temp\72e9fea1cb562e40024eb5e8538ccaf2.mpf_cache
2021-01-22 17:28:59,603 : WARNING : ConfigProcessor : Config file in cache changed: E:\MPF\wows\wows\modes\capture\config\capture.yaml
2021-01-22 17:28:59,603 : INFO : ConfigProcessor : Loading config from file E:\MPF\wows\wows\modes\capture\config\capture.yaml.
2021-01-22 17:28:59,717 : INFO : ConfigProcessor : Loading config: E:\MPF\wows\wows\modes\capture\config\capture.yaml
2021-01-22 17:28:59,719 : INFO : ConfigProcessor : Config file cache created: C:\Users\schol\AppData\Local\Temp\c22c03646c3330fed25ec0d2c1900176.mpf_cache
2021-01-22 17:28:59,719 : WARNING : ConfigProcessor : Config file in cache changed: E:\MPF\wows\wows\modes\capture_hurryup\config\capture_hurryup.yaml
2021-01-22 17:28:59,719 : INFO : ConfigProcessor : Loading config from file E:\MPF\wows\wows\modes\capture_hurryup\config\capture_hurryup.yaml.
2021-01-22 17:28:59,729 : INFO : ConfigProcessor : Loading config: E:\MPF\wows\wows\modes\capture_hurryup\config\capture_hurryup.yaml
2021-01-22 17:28:59,730 : INFO : ConfigProcessor : Config file cache created: C:\Users\schol\AppData\Local\Temp\4f40b51a2a6ab6b3327b174347355c6f.mpf_cache
2021-01-22 17:28:59,730 : INFO : ConfigProcessor : Loading config from cache: C:\Users\schol\AppData\Local\Temp\1ff29be1d22fb14fe5fd1c82a6918df4.mpf_cache
2021-01-22 17:28:59,731 : INFO : ConfigProcessor : Loading config from cache: C:\Users\schol\AppData\Local\Temp\f0ffd5ecaddfe34035bf3b1779215a88.mpf_cache
2021-01-22 17:28:59,731 : INFO : ConfigProcessor : Loading config from cache: C:\Users\schol\AppData\Local\Temp\b0de444617e3bf30a07f755a6d4831cc.mpf_cache
2021-01-22 17:28:59,732 : INFO : ConfigProcessor : Loading config from cache: C:\Users\schol\AppData\Local\Temp\200a9b2dddbe7706ffb4c4426b6d54a8.mpf_cache
2021-01-22 17:28:59,732 : INFO : ConfigProcessor : Loading config from cache: C:\Users\schol\AppData\Local\Temp\5ab98d4be1e8de85bea62364890eb2e9.mpf_cache
2021-01-22 17:28:59,733 : INFO : ConfigProcessor : Loading config from cache: C:\Users\schol\AppData\Local\Temp\4303dca7489148da2d256fc831cf8c96.mpf_cache
2021-01-22 17:28:59,733 : INFO : ConfigProcessor : Loading config from cache: C:\Users\schol\AppData\Local\Temp\e8fceecd8f65a6a7269e98c7961bbf6a.mpf_cache
2021-01-22 17:28:59,734 : INFO : ConfigProcessor : Loading config from cache: C:\Users\schol\AppData\Local\Temp\c84d6d08bf6f923cbcccfeeea02d2c8a.mpf_cache
2021-01-22 17:28:59,734 : INFO : ConfigProcessor : Loading config from cache: C:\Users\schol\AppData\Local\Temp\159a0b7ffc6de2ed1a8cdcd57b7df3c0.mpf_cache
2021-01-22 17:28:59,734 : INFO : ConfigProcessor : Loading config from cache: C:\Users\schol\AppData\Local\Temp\47da5935da57327449007069e0d0551c.mpf_cache
2021-01-22 17:28:59,735 : INFO : ConfigProcessor : Loading config from cache: C:\Users\schol\AppData\Local\Temp\b1234e2c44a33609dc2af4760c4a3f89.mpf_cache
2021-01-22 17:28:59,736 : INFO : ConfigProcessor : Loading config from cache: C:\Users\schol\AppData\Local\Temp\466eddfec572894d9eb472ce07aa5fba.mpf_cache
2021-01-22 17:28:59,736 : INFO : ConfigProcessor : Loading config from cache: C:\Users\schol\AppData\Local\Temp\93429a2a8e0859f6546b68f40c2a4656.mpf_cache
2021-01-22 17:28:59,737 : INFO : ConfigProcessor : Loading config from cache: C:\Users\schol\AppData\Local\Temp\95ae88fb094583fa2b4097c6df179650.mpf_cache
2021-01-22 17:28:59,737 : INFO : ConfigProcessor : Loading config from cache: C:\Users\schol\AppData\Local\Temp\de2d3fc178b15ce3807fa4ab35b9c965.mpf_cache
2021-01-22 17:28:59,738 : INFO : ConfigProcessor : Loading config from cache: C:\Users\schol\AppData\Local\Temp\0c80ca2179989d09b86c78c19ec87d9b.mpf_cache
2021-01-22 17:28:59,739 : INFO : ConfigProcessor : Loading config from cache: C:\Users\schol\AppData\Local\Temp\95e265efe14e4eb05d8d5c5689c9ae6b.mpf_cache
2021-01-22 17:28:59,739 : INFO : ConfigProcessor : Loading config from cache: C:\Users\schol\AppData\Local\Temp\ba047bbdc168fca96d58d351c4240916.mpf_cache
2021-01-22 17:28:59,740 : INFO : ConfigProcessor : Loading config from cache: C:\Users\schol\AppData\Local\Temp\7c1900736275ba8a713cfe77e991e929.mpf_cache
2021-01-22 17:28:59,740 : INFO : ConfigProcessor : Loading config from cache: C:\Users\schol\AppData\Local\Temp\db3d1ab92e5d5c563b40d82372434517.mpf_cache
2021-01-22 17:28:59,741 : INFO : ConfigProcessor : Loading config from cache: C:\Users\schol\AppData\Local\Temp\78980531363184480bbd7075661ced33.mpf_cache
2021-01-22 17:28:59,741 : INFO : ConfigProcessor : Loading config from cache: C:\Users\schol\AppData\Local\Temp\efcf079e5af2b94e88dae4e07273acc8.mpf_cache
2021-01-22 17:28:59,742 : INFO : ConfigProcessor : Loading config from cache: C:\Users\schol\AppData\Local\Temp\44231afd4be159e8c99041e8eb88670e.mpf_cache
2021-01-22 17:28:59,743 : INFO : ConfigProcessor : Loading config from cache: C:\Users\schol\AppData\Local\Temp\6d62665f0d27f04673542af594d4fd9b.mpf_cache
2021-01-22 17:28:59,743 : INFO : ConfigProcessor : Loading config from cache: C:\Users\schol\AppData\Local\Temp\ff8f94bde3fa94916ad1b7409fed77bd.mpf_cache
2021-01-22 17:28:59,744 : INFO : ConfigProcessor : Loading config from cache: C:\Users\schol\AppData\Local\Temp\053da04979f77c811527e2c0f3ca94fb.mpf_cache
2021-01-22 17:28:59,744 : INFO : ConfigProcessor : Loading config from cache: C:\Users\schol\AppData\Local\Temp\57bc401cb4a04615f5b5aa4ba6a61eb7.mpf_cache
2021-01-22 17:28:59,744 : INFO : ConfigProcessor : Loading config from cache: C:\Users\schol\AppData\Local\Temp\fcb209f5756d4056b66c34a3e9f20f60.mpf_cache
2021-01-22 17:28:59,745 : INFO : ConfigProcessor : Loading config from cache: C:\Users\schol\AppData\Local\Temp\797d5c88f37a3f4c1eda6cc76ebd1d4b.mpf_cache
2021-01-22 17:28:59,745 : INFO : ConfigProcessor : Loading config from cache: C:\Users\schol\AppData\Local\Temp\fd8f672dffbfb9b282859f7185f62437.mpf_cache
2021-01-22 17:28:59,745 : INFO : ConfigProcessor : Loading config from cache: C:\Users\schol\AppData\Local\Temp\986b6c77a360e7ca0a5b736ec9bfb4fa.mpf_cache
2021-01-22 17:28:59,746 : INFO : ConfigProcessor : Loading config from cache: C:\Users\schol\AppData\Local\Temp\851e1d46f2be32b89fdca6ef94995943.mpf_cache
2021-01-22 17:28:59,746 : INFO : ConfigProcessor : Loading config from cache: C:\Users\schol\AppData\Local\Temp\95f5997d9c4798b115eb453656d93a1f.mpf_cache
2021-01-22 17:28:59,746 : INFO : ConfigProcessor : Loading config from cache: C:\Users\schol\AppData\Local\Temp\804b9a1ad2b0368c8378a1697de79431.mpf_cache
2021-01-22 17:28:59,747 : INFO : ConfigProcessor : Loading config from cache: C:\Users\schol\AppData\Local\Temp\3f05176740ce9b1ce630d9f26057f472.mpf_cache
2021-01-22 17:28:59,747 : INFO : ConfigProcessor : Loading config from cache: C:\Users\schol\AppData\Local\Temp\d75c6855c6bfc342a42171d44ee55d0f.mpf_cache
2021-01-22 17:28:59,747 : INFO : ConfigProcessor : Loading config from cache: C:\Users\schol\AppData\Local\Temp\c03af884f77fd2edff48f1f1b29a0001.mpf_cache
2021-01-22 17:28:59,748 : INFO : ConfigProcessor : Loading config from cache: C:\Users\schol\AppData\Local\Temp\125cf4d7d8d0f7b14ac4e9b5c5fc6dd9.mpf_cache
2021-01-22 17:28:59,748 : INFO : ConfigProcessor : Loading config from cache: C:\Users\schol\AppData\Local\Temp\e98bbe1017594ac8f5dc55070bdaec1b.mpf_cache
2021-01-22 17:28:59,748 : INFO : ConfigProcessor : Loading config from cache: C:\Users\schol\AppData\Local\Temp\540f9a41a139edc7fb3c0d3fef764d79.mpf_cache
2021-01-22 17:28:59,749 : INFO : ConfigProcessor : Loading config from cache: C:\Users\schol\AppData\Local\Temp\66310f6b7da6aa9e1e12a092b4e5ea1e.mpf_cache
2021-01-22 17:28:59,749 : INFO : ConfigProcessor : Loading config from cache: C:\Users\schol\AppData\Local\Temp\e39b84c1f1807716ec310701a6bf0d73.mpf_cache
2021-01-22 17:28:59,749 : INFO : ConfigProcessor : Loading config from cache: C:\Users\schol\AppData\Local\Temp\a3a3c1b8b3198ac6ffa6b5064057ae07.mpf_cache
2021-01-22 17:28:59,750 : INFO : ConfigProcessor : Loading config from cache: C:\Users\schol\AppData\Local\Temp\4eebc146e222c8d9b7fa4d2858e69ea1.mpf_cache
2021-01-22 17:28:59,750 : INFO : ConfigProcessor : Loading config from cache: C:\Users\schol\AppData\Local\Temp\e126248c44ebfdee710b05c2b7d5fe82.mpf_cache
2021-01-22 17:28:59,750 : INFO : ConfigProcessor : Loading config from cache: C:\Users\schol\AppData\Local\Temp\69ecee52b21d2a851426dcc7135d38ea.mpf_cache
2021-01-22 17:28:59,751 : INFO : ConfigProcessor : Loading config from cache: C:\Users\schol\AppData\Local\Temp\56ece61e32d3cc2ed53dd325a47460b4.mpf_cache
2021-01-22 17:28:59,751 : INFO : ConfigProcessor : Loading config from cache: C:\Users\schol\AppData\Local\Temp\d0b1dbeaceec3deef73ab0fce07cd740.mpf_cache
2021-01-22 17:28:59,751 : INFO : ConfigProcessor : Loading config from cache: C:\Users\schol\AppData\Local\Temp\3d3afc7fea552c2bae3e6e1d92aa1a26.mpf_cache
2021-01-22 17:28:59,752 : INFO : ConfigProcessor : Loading config from cache: C:\Users\schol\AppData\Local\Temp\4bd243ad0d8c16d00a837306cf5c3d29.mpf_cache
2021-01-22 17:28:59,752 : INFO : ConfigProcessor : Loading config from cache: C:\Users\schol\AppData\Local\Temp\7f312b640f6d5109d8d1be2a05f128e8.mpf_cache
2021-01-22 17:28:59,753 : INFO : ConfigProcessor : Loading config from cache: C:\Users\schol\AppData\Local\Temp\67980d6a57506cd4da44486112b91bec.mpf_cache
2021-01-22 17:28:59,753 : INFO : ConfigProcessor : Loading config from cache: C:\Users\schol\AppData\Local\Temp\9ec3c911ae7e15f7065133c529810f95.mpf_cache
2021-01-22 17:28:59,753 : INFO : ConfigProcessor : Loading config from cache: C:\Users\schol\AppData\Local\Temp\930069940b749f97f86d219b2ddeacf1.mpf_cache
2021-01-22 17:28:59,754 : INFO : ConfigProcessor : Loading config from cache: C:\Users\schol\AppData\Local\Temp\650f26d6333e64d21657a8ef260f5acf.mpf_cache
2021-01-22 17:28:59,754 : INFO : ConfigProcessor : Loading config from cache: C:\Users\schol\AppData\Local\Temp\7fe69373349de136ea08d265848ee2de.mpf_cache
2021-01-22 17:28:59,755 : INFO : ConfigProcessor : Loading config from cache: C:\Users\schol\AppData\Local\Temp\24196d5bffa5766d9b4a62f9ae23e660.mpf_cache
2021-01-22 17:28:59,755 : INFO : ConfigProcessor : Loading config from cache: C:\Users\schol\AppData\Local\Temp\5f56171e4007003f2e0029bfa218d47c.mpf_cache
2021-01-22 17:28:59,755 : INFO : ConfigProcessor : Loading config from cache: C:\Users\schol\AppData\Local\Temp\9828dc3aacab1158f9e233d43cb3fe1f.mpf_cache
2021-01-22 17:28:59,756 : INFO : ConfigProcessor : Loading config from cache: C:\Users\schol\AppData\Local\Temp\93dd7129697f51b97f6c3186dcf43a8c.mpf_cache
2021-01-22 17:28:59,756 : INFO : ConfigProcessor : Loading config from cache: C:\Users\schol\AppData\Local\Temp\854a9aa5d57e7e92df5c4ac62cddaec0.mpf_cache
2021-01-22 17:28:59,756 : INFO : ConfigProcessor : Loading config from cache: C:\Users\schol\AppData\Local\Temp\4a17f5ab6f47bd6cbffa808b6eeea916.mpf_cache
2021-01-22 17:28:59,757 : INFO : ConfigProcessor : Loading config from cache: C:\Users\schol\AppData\Local\Temp\f18efe2c04100550263acd9a8a6038af.mpf_cache
2021-01-22 17:28:59,757 : INFO : ConfigProcessor : Loading config from cache: C:\Users\schol\AppData\Local\Temp\77dfdfbf7011c8796e93f9e4ee745691.mpf_cache
2021-01-22 17:28:59,757 : INFO : ConfigProcessor : Loading config from cache: C:\Users\schol\AppData\Local\Temp\55e62533d8b0090336fcaf5380faf342.mpf_cache
2021-01-22 17:28:59,758 : INFO : ConfigProcessor : Loading config from cache: C:\Users\schol\AppData\Local\Temp\9fa4a25ee32f55bf2c6a76fb59d8bbaf.mpf_cache
2021-01-22 17:28:59,758 : INFO : ConfigProcessor : Loading config from cache: C:\Users\schol\AppData\Local\Temp\7e90ab1bc560333dd4b4d9f4aaf6bf62.mpf_cache
2021-01-22 17:28:59,758 : INFO : ConfigProcessor : Loading config from cache: C:\Users\schol\AppData\Local\Temp\4398dc713d774371f49c655025259670.mpf_cache
2021-01-22 17:28:59,759 : INFO : ConfigProcessor : Loading config from cache: C:\Users\schol\AppData\Local\Temp\91df8e0ae0e44730ed622ea2efb74e97.mpf_cache
2021-01-22 17:28:59,759 : INFO : ConfigProcessor : Loading config from cache: C:\Users\schol\AppData\Local\Temp\dff6fabdd3c60a7e52618c514c4d53bb.mpf_cache
2021-01-22 17:28:59,759 : INFO : ConfigProcessor : Loading config from cache: C:\Users\schol\AppData\Local\Temp\69fdf32f8b1f00ca71933bfdf818d181.mpf_cache
2021-01-22 17:28:59,760 : INFO : ConfigProcessor : Loading config from cache: C:\Users\schol\AppData\Local\Temp\2ea47c81ed4f8a69c675021c80778e85.mpf_cache
2021-01-22 17:28:59,760 : INFO : ConfigProcessor : Loading config from cache: C:\Users\schol\AppData\Local\Temp\3078b120455821a73c8c6f8a1dceab4f.mpf_cache
2021-01-22 17:28:59,760 : INFO : ConfigProcessor : Loading config from cache: C:\Users\schol\AppData\Local\Temp\d95a17e65a2b41e386a7fc14bcda65fd.mpf_cache
2021-01-22 17:28:59,761 : INFO : ConfigProcessor : Loading config from cache: C:\Users\schol\AppData\Local\Temp\8d6f9c7ff9c39db68f4d155bf8492fbe.mpf_cache
2021-01-22 17:28:59,761 : INFO : ConfigProcessor : Loading config from cache: C:\Users\schol\AppData\Local\Temp\155f4ce74e2bf17af8dbff2a4763087f.mpf_cache
2021-01-22 17:28:59,762 : INFO : ConfigProcessor : Loading config from cache: C:\Users\schol\AppData\Local\Temp\58d128190d1d0b57398f3d0bb3d51665.mpf_cache
2021-01-22 17:28:59,762 : INFO : ConfigProcessor : Loading config from cache: C:\Users\schol\AppData\Local\Temp\3a392e0f36204bd15fe7f620a9abd8a5.mpf_cache
2021-01-22 17:28:59,762 : INFO : ConfigProcessor : Loading config from cache: C:\Users\schol\AppData\Local\Temp\53b5443f454133ae1b362b3b93db77cb.mpf_cache
2021-01-22 17:28:59,763 : INFO : ConfigProcessor : Loading config from cache: C:\Users\schol\AppData\Local\Temp\3931d087bd0a337e7115b05d59ca5799.mpf_cache
2021-01-22 17:28:59,763 : INFO : ConfigProcessor : Loading config from cache: C:\Users\schol\AppData\Local\Temp\92bd7ddb78685ce3872fdffddbf4066b.mpf_cache
2021-01-22 17:28:59,763 : INFO : ConfigProcessor : Loading config from cache: C:\Users\schol\AppData\Local\Temp\f17b18f8fc49aa4015f8aaed5fe0310c.mpf_cache
2021-01-22 17:28:59,764 : INFO : ConfigProcessor : Loading config from cache: C:\Users\schol\AppData\Local\Temp\6025440fe966918e9010659c75a84677.mpf_cache
2021-01-22 17:28:59,764 : INFO : ConfigProcessor : Loading config from cache: C:\Users\schol\AppData\Local\Temp\cfdf05d29e2db67703b682b9e2f3ca3c.mpf_cache
2021-01-22 17:28:59,764 : INFO : ConfigProcessor : Loading config from cache: C:\Users\schol\AppData\Local\Temp\d94e10a03295440a68c0665192595ed1.mpf_cache
2021-01-22 17:28:59,765 : INFO : ConfigProcessor : Loading config from cache: C:\Users\schol\AppData\Local\Temp\01f102dbddb32abe391845f1f1fb6297.mpf_cache
2021-01-22 17:28:59,765 : INFO : ConfigProcessor : Loading config from cache: C:\Users\schol\AppData\Local\Temp\31f678389d4048ccede53f3d9bb6ebf4.mpf_cache
2021-01-22 17:28:59,765 : INFO : ConfigProcessor : Loading config from cache: C:\Users\schol\AppData\Local\Temp\b22da84cc4aef91ed7f9bc0328a0f1b4.mpf_cache
2021-01-22 17:28:59,766 : INFO : ConfigProcessor : Loading config from cache: C:\Users\schol\AppData\Local\Temp\da1fede4c95c7878b99d619776f98fd7.mpf_cache
2021-01-22 17:28:59,766 : INFO : ConfigProcessor : Loading config from cache: C:\Users\schol\AppData\Local\Temp\cc30193cdee974cc13426b098027cee1.mpf_cache
2021-01-22 17:28:59,766 : INFO : ConfigProcessor : Loading config from cache: C:\Users\schol\AppData\Local\Temp\58e69a62c4f703cc84058f6193109d31.mpf_cache
2021-01-22 17:28:59,767 : INFO : ConfigProcessor : Loading config from cache: C:\Users\schol\AppData\Local\Temp\e6a4926517ab55f9ed1b3658c3e4007c.mpf_cache
2021-01-22 17:28:59,767 : INFO : ConfigProcessor : Loading config from cache: C:\Users\schol\AppData\Local\Temp\66ee654434268f21d59a1a197a33e84e.mpf_cache
2021-01-22 17:28:59,767 : INFO : ConfigProcessor : Loading config from cache: C:\Users\schol\AppData\Local\Temp\0ad8a8c62d71fd6db5e688e34997c124.mpf_cache
2021-01-22 17:28:59,768 : INFO : ConfigProcessor : Loading config from cache: C:\Users\schol\AppData\Local\Temp\986ed299862bf4d6a9ee043620eb4411.mpf_cache
2021-01-22 17:28:59,768 : INFO : ConfigProcessor : Loading config from cache: C:\Users\schol\AppData\Local\Temp\85def6e32b8790efec9df62810edf89f.mpf_cache
2021-01-22 17:28:59,768 : INFO : ConfigProcessor : Loading config from cache: C:\Users\schol\AppData\Local\Temp\b4b8bbe6eb89ffab7b0a5bdc28aa737c.mpf_cache
2021-01-22 17:28:59,769 : INFO : ConfigProcessor : Loading config from cache: C:\Users\schol\AppData\Local\Temp\234f7aa8fcdaed8506c3f7e3d1434348.mpf_cache
2021-01-22 17:28:59,769 : INFO : ConfigProcessor : Loading config from cache: C:\Users\schol\AppData\Local\Temp\836170f935ca4f3a3c83dd48d4288e22.mpf_cache
2021-01-22 17:28:59,769 : INFO : ConfigProcessor : Loading config from cache: C:\Users\schol\AppData\Local\Temp\0a4bf4f558c6de89fd1636f30c6211d9.mpf_cache
2021-01-22 17:28:59,770 : INFO : ConfigProcessor : Loading config from cache: C:\Users\schol\AppData\Local\Temp\3936448b27d8bfc57c517bc3bf9d3aa2.mpf_cache
2021-01-22 17:28:59,770 : INFO : ConfigProcessor : Loading config from cache: C:\Users\schol\AppData\Local\Temp\73d13f131bebf83032dc613efdff3522.mpf_cache
2021-01-22 17:28:59,770 : INFO : ConfigProcessor : Loading config from cache: C:\Users\schol\AppData\Local\Temp\20beca28b497152ca0fd3409b83d4b87.mpf_cache
2021-01-22 17:28:59,771 : INFO : ConfigProcessor : Loading config from cache: C:\Users\schol\AppData\Local\Temp\e816efa2a54094e8cd44dabebc7784df.mpf_cache
2021-01-22 17:28:59,771 : INFO : ConfigProcessor : Loading config from cache: C:\Users\schol\AppData\Local\Temp\ec91b3a5e4d650dc4f7371582fb38eed.mpf_cache
2021-01-22 17:28:59,771 : INFO : ConfigProcessor : Loading config from cache: C:\Users\schol\AppData\Local\Temp\9a1a1c28ae640e16df86b556a2688443.mpf_cache
2021-01-22 17:28:59,772 : INFO : ConfigProcessor : Loading config from cache: C:\Users\schol\AppData\Local\Temp\3463b2a86a39355c183f674ae2b12038.mpf_cache
2021-01-22 17:28:59,772 : INFO : ConfigProcessor : Loading config from cache: C:\Users\schol\AppData\Local\Temp\6e6719c61d3fa021e7d679c2f24e1608.mpf_cache
2021-01-22 17:28:59,772 : INFO : ConfigProcessor : Loading config from cache: C:\Users\schol\AppData\Local\Temp\aa69a2c5c0adb7f9c40b6db4f1ca3483.mpf_cache
2021-01-22 17:28:59,773 : INFO : ConfigProcessor : Loading config from cache: C:\Users\schol\AppData\Local\Temp\971ebba8800a659d7a8e99cb206beff7.mpf_cache
2021-01-22 17:28:59,773 : INFO : ConfigProcessor : Loading config from cache: C:\Users\schol\AppData\Local\Temp\07e13f5cf5882efd50a16f81bcde4606.mpf_cache
2021-01-22 17:28:59,773 : INFO : ConfigProcessor : Loading config from cache: C:\Users\schol\AppData\Local\Temp\48a45c572b20481e47ff005f73695e50.mpf_cache
2021-01-22 17:28:59,774 : INFO : ConfigProcessor : Loading config from cache: C:\Users\schol\AppData\Local\Temp\f12c25ef7bc56249cbbfe26e4a8634a0.mpf_cache
2021-01-22 17:28:59,774 : INFO : ConfigProcessor : Loading config from cache: C:\Users\schol\AppData\Local\Temp\7058dd9e75ad4dd97e6d02eda1f8d5f4.mpf_cache
2021-01-22 17:28:59,774 : INFO : ConfigProcessor : Loading config from cache: C:\Users\schol\AppData\Local\Temp\a26dda2f3898e9b95a688d2faa147e67.mpf_cache
2021-01-22 17:28:59,775 : INFO : ConfigProcessor : Loading config from cache: C:\Users\schol\AppData\Local\Temp\fbd33e7aab60e9ffed5e28859db24a15.mpf_cache
2021-01-22 17:28:59,775 : INFO : ConfigProcessor : Loading config from cache: C:\Users\schol\AppData\Local\Temp\64f60477c2da2625fa9ef2a86d50bb34.mpf_cache
2021-01-22 17:28:59,775 : INFO : ConfigProcessor : Loading config from cache: C:\Users\schol\AppData\Local\Temp\49b862cde9d22907c81f839348639a1f.mpf_cache
2021-01-22 17:28:59,776 : INFO : ConfigProcessor : Loading config from cache: C:\Users\schol\AppData\Local\Temp\21dda72cc57cadcf698e50094b8ee97d.mpf_cache
2021-01-22 17:28:59,776 : INFO : ConfigProcessor : Loading config from cache: C:\Users\schol\AppData\Local\Temp\f9ee12ee8bbd05f85378a9386ceacce5.mpf_cache
2021-01-22 17:28:59,777 : INFO : ConfigProcessor : Loading config from cache: C:\Users\schol\AppData\Local\Temp\0394fc9fe8dda0bc8c420287c11c8aae.mpf_cache
2021-01-22 17:28:59,777 : INFO : ConfigProcessor : Loading config from cache: C:\Users\schol\AppData\Local\Temp\812e1e327d6ef9a51d487328d0586885.mpf_cache
2021-01-22 17:28:59,777 : INFO : ConfigProcessor : Loading config from cache: C:\Users\schol\AppData\Local\Temp\70cf3c9830d27e79cc1fda7cb07bc23d.mpf_cache
2021-01-22 17:28:59,778 : INFO : ConfigProcessor : Loading config from cache: C:\Users\schol\AppData\Local\Temp\db70c5aab62dca0f645afe12f6eb7df3.mpf_cache
2021-01-22 17:28:59,781 : INFO : Machine : Mission Pinball Framework Core Engine v0.54.0-dev.33
2021-01-22 17:28:59,781 : INFO : Machine : Command line arguments: {'no_load_cache': False, 'create_config_cache': True, 'bcp': True, 'configfile': ['config.yaml'], 'force_assets_load': False, 'jsonlogging': False, 'logfile': 'logs\\2021-01-22-17-28-59-mpf-DESKTOP-FPTMTCL.log', 'pause': False, 'production': False, 'text_ui': True, 'loglevel': 15, 'consoleloglevel': 20, 'force_platform': None, 'syslog_address': None, 'mc_file_name': None, 'no_sound': False}
2021-01-22 17:28:59,781 : INFO : Machine : MPF path: c:\users\schol\appdata\local\programs\python\python36\lib\site-packages\mpf
2021-01-22 17:28:59,781 : INFO : Machine : Machine path: E:\MPF\wows\wows
2021-01-22 17:28:59,781 : INFO : Machine : Platform: win32
2021-01-22 17:28:59,781 : INFO : Machine : Python executable location: c:\users\schol\appdata\local\programs\python\python36\python.exe
2021-01-22 17:28:59,781 : INFO : Machine : Python version: 3.6.4 (64-bit)
2021-01-22 17:28:59,782 : INFO : Machine : Initialise MPF.
2021-01-22 17:29:00,100 : INFO : Pin2DmdDevice : Connecting to Pin2DMD RGB DMD
2021-01-22 17:29:00,112 : INFO : Pin2DmdDevice : Connected to Pin2DMD
2021-01-22 17:29:00,113 : INFO : EventManager : Event: ======'machine_var_credits_string'====== Args={'value': 'FREE PLAY', 'prev_value': None, 'change': True}
2021-01-22 17:29:00,156 : INFO : EventManager : Event: ======'machine_var_player1_score'====== Args={'value': 18000000, 'prev_value': None, 'change': True}
2021-01-22 17:29:00,156 : INFO : EventManager : Event: ======'machine_var_mpf_version'====== Args={'value': 'MPF v0.54.0-dev.33', 'prev_value': None, 'change': True}
2021-01-22 17:29:00,156 : INFO : EventManager : Event: ======'machine_var_mpf_extended_version'====== Args={'value': 'MPF v0.54.0-dev.33, Config version:5, Show version: 5, BCP version:1.1', 'prev_value': None, 'change': True}
2021-01-22 17:29:00,156 : INFO : EventManager : Event: ======'machine_var_python_version'====== Args={'value': '3.6.4', 'prev_value': None, 'change': True}
2021-01-22 17:29:00,156 : INFO : EventManager : Event: ======'machine_var_platform'====== Args={'value': 'Windows-10-10.0.19041-SP0', 'prev_value': None, 'change': True}
2021-01-22 17:29:00,157 : INFO : EventManager : Event: ======'machine_var_platform_system'====== Args={'value': 'Windows', 'prev_value': None, 'change': True}
2021-01-22 17:29:00,157 : INFO : EventManager : Event: ======'machine_var_platform_release'====== Args={'value': '10', 'prev_value': None, 'change': True}
2021-01-22 17:29:00,157 : INFO : EventManager : Event: ======'machine_var_platform_version'====== Args={'value': '10.0.19041', 'prev_value': None, 'change': True}
2021-01-22 17:29:00,157 : INFO : EventManager : Event: ======'machine_var_platform_machine'====== Args={'value': 'AMD64', 'prev_value': None, 'change': True}
2021-01-22 17:29:00,157 : INFO : EventManager : Event: ======'init_phase_1'====== Args={}
2021-01-22 17:29:00,689 : INFO : EventManager : Event: ======'logicblock_m1_delay_updated'====== Args={'value': 0, 'enabled': True}
2021-01-22 17:29:00,689 : INFO : EventManager : Event: ======'logicblock_m1_delay_updated'====== Args={'value': 0, 'enabled': True}
2021-01-22 17:29:00,690 : INFO : EventManager : Event: ======'main_state'====== Args={}
2021-01-22 17:29:00,691 : INFO : EventManager : Event: ======'HAGYDFIGYELMENKIVUL'====== Args={}
2021-01-22 17:29:00,691 : INFO : EventManager : Event: ======'lock_lit_started'====== Args={}
2021-01-22 17:29:00,691 : INFO : EventManager : Event: ======'disable_mode'====== Args={}
2021-01-22 17:29:00,691 : INFO : EventManager : Event: ======'multiball_inactive'====== Args={}
2021-01-22 17:29:00,691 : INFO : EventManager : Event: ======'lite_detonation_start'====== Args={}
2021-01-22 17:29:00,691 : INFO : EventManager : Event: ======'battle_inactive'====== Args={}
2021-01-22 17:29:00,691 : INFO : EventManager : Event: ======'HAGYDFIGYELMENKIVUL'====== Args={}
2021-01-22 17:29:00,692 : INFO : EventManager : Event: ======'enable_citadel_diverter'====== Args={}
2021-01-22 17:29:00,692 : WARNING : Mode.mode_lit : Can only start mode mode_lit during a game. Aborting start.
2021-01-22 17:29:00,692 : WARNING : Mode.confederate : Can only start mode confederate during a game. Aborting start.
2021-01-22 17:29:00,692 : WARNING : Mode.drednaught : Can only start mode drednaught during a game. Aborting start.
2021-01-22 17:29:00,692 : WARNING : Mode.capture : Can only start mode capture during a game. Aborting start.
2021-01-22 17:29:00,692 : WARNING : Mode.main_play : Can only start mode main_play during a game. Aborting start.
2021-01-22 17:29:00,692 : WARNING : Mode.hc_lock_lit : Can only start mode hc_lock_lit during a game. Aborting start.
2021-01-22 17:29:00,694 : INFO : EventManager : Event: ======'init_phase_2'====== Args={}
2021-01-22 17:29:00,695 : INFO : SwitchController : Found active switch: ('2', <Platform.SmartVirtual>)
2021-01-22 17:29:00,695 : INFO : SwitchController : Found active switch: ('3', <Platform.SmartVirtual>)
2021-01-22 17:29:00,695 : INFO : SwitchController : Found active switch: ('4', <Platform.SmartVirtual>)
2021-01-22 17:29:00,695 : INFO : SwitchController : Found active switch: ('5', <Platform.SmartVirtual>)
2021-01-22 17:29:00,695 : INFO : SwitchController : Found active switch: ('6', <Platform.SmartVirtual>)
2021-01-22 17:29:00,696 : INFO : SwitchController : Found active switch: ('7', <Platform.SmartVirtual>)
2021-01-22 17:29:00,722 : INFO : EventManager : Event: ======'machine_var_score1_label'====== Args={'value': 'GRAND ADMIRAL', 'prev_value': None, 'change': True}
2021-01-22 17:29:00,722 : INFO : EventManager : Event: ======'machine_var_score1_name'====== Args={'value': 'SBA', 'prev_value': None, 'change': True}
2021-01-22 17:29:00,722 : INFO : EventManager : Event: ======'machine_var_score1_value'====== Args={'value': 1000000000, 'prev_value': None, 'change': True}
2021-01-22 17:29:00,722 : INFO : EventManager : Event: ======'machine_var_score2_label'====== Args={'value': 'ADMIRAL 1', 'prev_value': None, 'change': True}
2021-01-22 17:29:00,722 : INFO : EventManager : Event: ======'machine_var_score2_name'====== Args={'value': 'OCP', 'prev_value': None, 'change': True}
2021-01-22 17:29:00,722 : INFO : EventManager : Event: ======'machine_var_score2_value'====== Args={'value': 900000000, 'prev_value': None, 'change': True}
2021-01-22 17:29:00,722 : INFO : EventManager : Event: ======'machine_var_score3_label'====== Args={'value': 'ADMIRAL 2', 'prev_value': None, 'change': True}
2021-01-22 17:29:00,723 : INFO : EventManager : Event: ======'machine_var_score3_name'====== Args={'value': 'AND', 'prev_value': None, 'change': True}
2021-01-22 17:29:00,723 : INFO : EventManager : Event: ======'machine_var_score3_value'====== Args={'value': 800000000, 'prev_value': None, 'change': True}
2021-01-22 17:29:00,723 : INFO : EventManager : Event: ======'machine_var_score4_label'====== Args={'value': 'ADMIRAL 3', 'prev_value': None, 'change': True}
2021-01-22 17:29:00,723 : INFO : EventManager : Event: ======'machine_var_score4_name'====== Args={'value': 'W G', 'prev_value': None, 'change': True}
2021-01-22 17:29:00,723 : INFO : EventManager : Event: ======'machine_var_score4_value'====== Args={'value': 700000000, 'prev_value': None, 'change': True}
2021-01-22 17:29:00,723 : INFO : EventManager : Event: ======'machine_var_score5_label'====== Args={'value': 'ADMIRAL 4', 'prev_value': None, 'change': True}
2021-01-22 17:29:00,723 : INFO : EventManager : Event: ======'machine_var_score5_name'====== Args={'value': 'WOW', 'prev_value': None, 'change': True}
2021-01-22 17:29:00,723 : INFO : EventManager : Event: ======'machine_var_score5_value'====== Args={'value': 600000000, 'prev_value': None, 'change': True}
2021-01-22 17:29:00,723 : INFO : EventManager : Event: ======'bcp_connection_attempt'====== Args={'name': 'local_display', 'host': 'localhost', 'port': 5050}
2021-01-22 17:29:00,726 : INFO : BCPClientSocket : Connecting BCP to 'local_display' at localhost:5050...
2021-01-22 17:29:02,830 : INFO : BCPClientSocket : Connected BCP to 'local_display' localhost:5050
2021-01-22 17:29:02,830 : INFO : EventManager : Event: ======'bcp_clients_connected'====== Args={}
2021-01-22 17:29:02,844 : INFO : EventManager : Event: ======'machine_var_mc_version'====== Args={'value': 'MPF-MC v0.54.0-dev.7', 'prev_value': None, 'change': True}
2021-01-22 17:29:02,845 : INFO : EventManager : Event: ======'machine_var_mc_extended_version'====== Args={'value': 'MPF-MC v0.54.0-dev.7 (config_version=5, BCP v1.1, Requires MPF v0.54.0-dev.0)', 'prev_value': None, 'change': True}
2021-01-22 17:29:02,847 : INFO : ball_device.bd_trough : State: idle
2021-01-22 17:29:02,859 : INFO : EventManager : Event: ======'machine_var_master_volume'====== Args={'value': 1.0, 'prev_value': None, 'change': True}
2021-01-22 17:29:02,867 : INFO : ball_device.bd_plunger : State: idle
2021-01-22 17:29:02,882 : INFO : ball_device.bd_main_hole : State: idle
2021-01-22 17:29:02,882 : INFO : ball_device.bd_hc_lock : State: idle
2021-01-22 17:29:02,910 : INFO : EventManager : Event: ======'init_phase_3'====== Args={}
2021-01-22 17:29:02,954 : INFO : EventManager : Event: ======'init_phase_4'====== Args={}
2021-01-22 17:29:02,970 : INFO : EventManager : Event: ======'machine_var_audits_events_game_ended'====== Args={'value': 1, 'prev_value': None, 'change': True}
2021-01-22 17:29:02,970 : INFO : EventManager : Event: ======'machine_var_audits_events_game_started'====== Args={'value': 653, 'prev_value': None, 'change': True}
2021-01-22 17:29:02,970 : INFO : EventManager : Event: ======'machine_var_audits_player_score'====== Args={'value': {'average': 0.0, 'top': [0], 'total': 1}, 'prev_value': None, 'change': True}
2021-01-22 17:29:02,971 : INFO : EventManager : Event: ======'machine_var_audits_shots_battle_shot'====== Args={'value': 66, 'prev_value': None, 'change': True}
2021-01-22 17:29:02,971 : INFO : EventManager : Event: ======'machine_var_audits_shots_confederate_1'====== Args={'value': 13, 'prev_value': None, 'change': True}
2021-01-22 17:29:02,971 : INFO : EventManager : Event: ======'machine_var_audits_shots_confederate_2'====== Args={'value': 208, 'prev_value': None, 'change': True}
2021-01-22 17:29:02,971 : INFO : EventManager : Event: ======'machine_var_audits_shots_confederate_3'====== Args={'value': 90, 'prev_value': None, 'change': True}
2021-01-22 17:29:02,972 : INFO : EventManager : Event: ======'machine_var_audits_shots_confederate_4'====== Args={'value': 29, 'prev_value': None, 'change': True}
2021-01-22 17:29:02,972 : INFO : EventManager : Event: ======'machine_var_audits_shots_confederate_5'====== Args={'value': 10, 'prev_value': None, 'change': True}
2021-01-22 17:29:02,972 : INFO : EventManager : Event: ======'machine_var_audits_shots_confederate_6'====== Args={'value': 255, 'prev_value': None, 'change': True}
2021-01-22 17:29:02,972 : INFO : EventManager : Event: ======'machine_var_audits_shots_detonation'====== Args={'value': 42, 'prev_value': None, 'change': True}
2021-01-22 17:29:02,973 : INFO : EventManager : Event: ======'machine_var_audits_shots_detonation_lit'====== Args={'value': 172, 'prev_value': None, 'change': True}
2021-01-22 17:29:02,973 : INFO : EventManager : Event: ======'machine_var_audits_shots_dmg_con_1'====== Args={'value': 82, 'prev_value': None, 'change': True}
2021-01-22 17:29:02,973 : INFO : EventManager : Event: ======'machine_var_audits_shots_dmg_con_2'====== Args={'value': 99, 'prev_value': None, 'change': True}
2021-01-22 17:29:02,973 : INFO : EventManager : Event: ======'machine_var_audits_shots_dmg_con_3'====== Args={'value': 68, 'prev_value': None, 'change': True}
2021-01-22 17:29:02,974 : INFO : EventManager : Event: ======'machine_var_audits_shots_dmg_con_4'====== Args={'value': 69, 'prev_value': None, 'change': True}
2021-01-22 17:29:02,974 : INFO : EventManager : Event: ======'machine_var_audits_shots_dmg_con_5'====== Args={'value': 68, 'prev_value': None, 'change': True}
2021-01-22 17:29:02,974 : INFO : EventManager : Event: ======'machine_var_audits_shots_dmg_con_6'====== Args={'value': 71, 'prev_value': None, 'change': True}
2021-01-22 17:29:02,975 : INFO : EventManager : Event: ======'machine_var_audits_shots_dmg_con_add_time_1'====== Args={'value': 7, 'prev_value': None, 'change': True}
2021-01-22 17:29:02,975 : INFO : EventManager : Event: ======'machine_var_audits_shots_dmg_con_add_time_2'====== Args={'value': 13, 'prev_value': None, 'change': True}
2021-01-22 17:29:02,975 : INFO : EventManager : Event: ======'machine_var_audits_shots_dmg_con_add_time_3'====== Args={'value': 5, 'prev_value': None, 'change': True}
2021-01-22 17:29:02,975 : INFO : EventManager : Event: ======'machine_var_audits_shots_dmg_con_add_time_4'====== Args={'value': 4, 'prev_value': None, 'change': True}
2021-01-22 17:29:02,976 : INFO : EventManager : Event: ======'machine_var_audits_shots_jackpot_1'====== Args={'value': 76, 'prev_value': None, 'change': True}
2021-01-22 17:29:02,976 : INFO : EventManager : Event: ======'machine_var_audits_shots_jackpot_2'====== Args={'value': 89, 'prev_value': None, 'change': True}
2021-01-22 17:29:02,976 : INFO : EventManager : Event: ======'machine_var_audits_shots_jackpot_3'====== Args={'value': 90, 'prev_value': None, 'change': True}
2021-01-22 17:29:02,977 : INFO : EventManager : Event: ======'machine_var_audits_shots_jackpot_4'====== Args={'value': 40, 'prev_value': None, 'change': True}
2021-01-22 17:29:02,977 : INFO : EventManager : Event: ======'machine_var_audits_shots_jackpot_5'====== Args={'value': 42, 'prev_value': None, 'change': True}
2021-01-22 17:29:02,977 : INFO : EventManager : Event: ======'machine_var_audits_shots_jackpot_6'====== Args={'value': 47, 'prev_value': None, 'change': True}
2021-01-22 17:29:02,977 : INFO : EventManager : Event: ======'machine_var_audits_shots_lane_A'====== Args={'value': 98, 'prev_value': None, 'change': True}
2021-01-22 17:29:02,978 : INFO : EventManager : Event: ======'machine_var_audits_shots_lane_B'====== Args={'value': 107, 'prev_value': None, 'change': True}
2021-01-22 17:29:02,978 : INFO : EventManager : Event: ======'machine_var_audits_shots_lane_C'====== Args={'value': 332, 'prev_value': None, 'change': True}
2021-01-22 17:29:02,978 : INFO : EventManager : Event: ======'machine_var_audits_shots_lane_D'====== Args={'value': 306, 'prev_value': None, 'change': True}
2021-01-22 17:29:02,979 : INFO : EventManager : Event: ======'machine_var_audits_shots_lane_E'====== Args={'value': 110, 'prev_value': None, 'change': True}
2021-01-22 17:29:02,979 : INFO : EventManager : Event: ======'machine_var_audits_shots_lock_lit_1'====== Args={'value': 1100, 'prev_value': None, 'change': True}
2021-01-22 17:29:02,979 : INFO : EventManager : Event: ======'machine_var_audits_shots_lock_lit_2'====== Args={'value': 1078, 'prev_value': None, 'change': True}
2021-01-22 17:29:02,979 : INFO : EventManager : Event: ======'machine_var_audits_shots_ricochet_1'====== Args={'value': 137, 'prev_value': None, 'change': True}
2021-01-22 17:29:02,980 : INFO : EventManager : Event: ======'machine_var_audits_shots_ricochet_2'====== Args={'value': 588, 'prev_value': None, 'change': True}
2021-01-22 17:29:02,980 : INFO : EventManager : Event: ======'machine_var_audits_shots_ricochet_3'====== Args={'value': 72, 'prev_value': None, 'change': True}
2021-01-22 17:29:02,980 : INFO : EventManager : Event: ======'machine_var_audits_shots_ricochet_4'====== Args={'value': 19, 'prev_value': None, 'change': True}
2021-01-22 17:29:02,981 : INFO : EventManager : Event: ======'machine_var_audits_shots_ricochet_5'====== Args={'value': 3, 'prev_value': None, 'change': True}
2021-01-22 17:29:02,981 : INFO : EventManager : Event: ======'machine_var_audits_switches_s_action_button'====== Args={'value': 37, 'prev_value': None, 'change': True}
2021-01-22 17:29:02,982 : INFO : EventManager : Event: ======'machine_var_audits_switches_s_bumper_1'====== Args={'value': 505, 'prev_value': None, 'change': True}
2021-01-22 17:29:02,982 : INFO : EventManager : Event: ======'machine_var_audits_switches_s_bumper_2'====== Args={'value': 180, 'prev_value': None, 'change': True}
2021-01-22 17:29:02,982 : INFO : EventManager : Event: ======'machine_var_audits_switches_s_bumper_3'====== Args={'value': 299, 'prev_value': None, 'change': True}
2021-01-22 17:29:02,983 : INFO : EventManager : Event: ======'machine_var_audits_switches_s_center_ramp'====== Args={'value': 101, 'prev_value': None, 'change': True}
2021-01-22 17:29:02,983 : INFO : EventManager : Event: ======'machine_var_audits_switches_s_citadel'====== Args={'value': 44, 'prev_value': None, 'change': True}
2021-01-22 17:29:02,984 : INFO : EventManager : Event: ======'machine_var_audits_switches_s_citadel_lock'====== Args={'value': 255, 'prev_value': None, 'change': True}
2021-01-22 17:29:02,984 : INFO : EventManager : Event: ======'machine_var_audits_switches_s_conning_tower'====== Args={'value': 3, 'prev_value': None, 'change': True}
2021-01-22 17:29:02,984 : INFO : EventManager : Event: ======'machine_var_audits_switches_s_detonation'====== Args={'value': 172, 'prev_value': None, 'change': True}
2021-01-22 17:29:02,984 : INFO : EventManager : Event: ======'machine_var_audits_switches_s_detonation_lit'====== Args={'value': 23, 'prev_value': None, 'change': True}
2021-01-22 17:29:02,985 : INFO : EventManager : Event: ======'machine_var_audits_switches_s_dmg_1'====== Args={'value': 2554, 'prev_value': None, 'change': True}
2021-01-22 17:29:02,985 : INFO : EventManager : Event: ======'machine_var_audits_switches_s_dmg_2'====== Args={'value': 60, 'prev_value': None, 'change': True}
2021-01-22 17:29:02,986 : INFO : EventManager : Event: ======'machine_var_audits_switches_s_dmg_3'====== Args={'value': 19, 'prev_value': None, 'change': True}
2021-01-22 17:29:02,986 : INFO : EventManager : Event: ======'machine_var_audits_switches_s_dmg_4'====== Args={'value': 27, 'prev_value': None, 'change': True}
2021-01-22 17:29:02,986 : INFO : EventManager : Event: ======'machine_var_audits_switches_s_dmg_5'====== Args={'value': 22, 'prev_value': None, 'change': True}
2021-01-22 17:29:02,987 : INFO : EventManager : Event: ======'machine_var_audits_switches_s_dmg_6'====== Args={'value': 139, 'prev_value': None, 'change': True}
2021-01-22 17:29:02,987 : INFO : EventManager : Event: ======'machine_var_audits_switches_s_dmg_7'====== Args={'value': 293, 'prev_value': None, 'change': True}
2021-01-22 17:29:02,988 : INFO : EventManager : Event: ======'machine_var_audits_switches_s_drop_target'====== Args={'value': 1945, 'prev_value': None, 'change': True}
2021-01-22 17:29:02,988 : INFO : EventManager : Event: ======'machine_var_audits_switches_s_jet_hole'====== Args={'value': 0, 'prev_value': None, 'change': True}
2021-01-22 17:29:02,988 : INFO : EventManager : Event: ======'machine_var_audits_switches_s_jet_lane'====== Args={'value': 1, 'prev_value': None, 'change': True}
2021-01-22 17:29:02,989 : INFO : EventManager : Event: ======'machine_var_audits_switches_s_kickback'====== Args={'value': 0, 'prev_value': None, 'change': True}
2021-01-22 17:29:02,989 : INFO : EventManager : Event: ======'machine_var_audits_switches_s_kickback_target_1'====== Args={'value': 0, 'prev_value': None, 'change': True}
2021-01-22 17:29:02,990 : INFO : EventManager : Event: ======'machine_var_audits_switches_s_kickback_target_2'====== Args={'value': 0, 'prev_value': None, 'change': True}
2021-01-22 17:29:02,990 : INFO : EventManager : Event: ======'machine_var_audits_switches_s_kickback_target_3'====== Args={'value': 4, 'prev_value': None, 'change': True}
2021-01-22 17:29:02,990 : INFO : EventManager : Event: ======'machine_var_audits_switches_s_kickback_terget_1'====== Args={'value': 0, 'prev_value': None, 'change': True}
2021-01-22 17:29:02,991 : INFO : EventManager : Event: ======'machine_var_audits_switches_s_left_flipper'====== Args={'value': 795, 'prev_value': None, 'change': True}
2021-01-22 17:29:02,991 : INFO : EventManager : Event: ======'machine_var_audits_switches_s_left_hole'====== Args={'value': 0, 'prev_value': None, 'change': True}
2021-01-22 17:29:02,991 : INFO : EventManager : Event: ======'machine_var_audits_switches_s_left_inlane'====== Args={'value': 333, 'prev_value': None, 'change': True}
2021-01-22 17:29:02,992 : INFO : EventManager : Event: ======'machine_var_audits_switches_s_left_loop_made'====== Args={'value': 179, 'prev_value': None, 'change': True}
2021-01-22 17:29:02,992 : INFO : EventManager : Event: ======'machine_var_audits_switches_s_left_loop_pre'====== Args={'value': 4, 'prev_value': None, 'change': True}
2021-01-22 17:29:02,993 : INFO : EventManager : Event: ======'machine_var_audits_switches_s_left_mid_inlane'====== Args={'value': 107, 'prev_value': None, 'change': True}
2021-01-22 17:29:03,007 : INFO : EventManager : Event: ======'machine_var_audits_switches_s_left_outlane'====== Args={'value': 98, 'prev_value': None, 'change': True}
2021-01-22 17:29:03,008 : INFO : EventManager : Event: ======'machine_var_audits_switches_s_left_ramp_made'====== Args={'value': 1440, 'prev_value': None, 'change': True}
2021-01-22 17:29:03,008 : INFO : EventManager : Event: ======'machine_var_audits_switches_s_left_ramp_pre'====== Args={'value': 205, 'prev_value': None, 'change': True}
2021-01-22 17:29:03,008 : INFO : EventManager : Event: ======'machine_var_audits_switches_s_left_slingshot'====== Args={'value': 17, 'prev_value': None, 'change': True}
2021-01-22 17:29:03,009 : INFO : EventManager : Event: ======'machine_var_audits_switches_s_lock_1'====== Args={'value': 373, 'prev_value': None, 'change': True}
2021-01-22 17:29:03,009 : INFO : EventManager : Event: ======'machine_var_audits_switches_s_lock_2'====== Args={'value': 385, 'prev_value': None, 'change': True}
2021-01-22 17:29:03,010 : INFO : EventManager : Event: ======'machine_var_audits_switches_s_lock_3'====== Args={'value': 468, 'prev_value': None, 'change': True}
2021-01-22 17:29:03,010 : INFO : EventManager : Event: ======'machine_var_audits_switches_s_magnet_switch'====== Args={'value': 0, 'prev_value': None, 'change': True}
2021-01-22 17:29:03,010 : INFO : EventManager : Event: ======'machine_var_audits_switches_s_main_hole'====== Args={'value': 642, 'prev_value': None, 'change': True}
2021-01-22 17:29:03,011 : INFO : EventManager : Event: ======'machine_var_audits_switches_s_pen_1'====== Args={'value': 191, 'prev_value': None, 'change': True}
2021-01-22 17:29:03,011 : INFO : EventManager : Event: ======'machine_var_audits_switches_s_pen_2'====== Args={'value': 92, 'prev_value': None, 'change': True}
2021-01-22 17:29:03,012 : INFO : EventManager : Event: ======'machine_var_audits_switches_s_pen_3'====== Args={'value': 298, 'prev_value': None, 'change': True}
2021-01-22 17:29:03,012 : INFO : EventManager : Event: ======'machine_var_audits_switches_s_pen_4'====== Args={'value': 5, 'prev_value': None, 'change': True}
2021-01-22 17:29:03,012 : INFO : EventManager : Event: ======'machine_var_audits_switches_s_pen_5'====== Args={'value': 2, 'prev_value': None, 'change': True}
2021-01-22 17:29:03,013 : INFO : EventManager : Event: ======'machine_var_audits_switches_s_pen_6'====== Args={'value': 8, 'prev_value': None, 'change': True}
2021-01-22 17:29:03,013 : INFO : EventManager : Event: ======'machine_var_audits_switches_s_plunger'====== Args={'value': 2992, 'prev_value': None, 'change': True}
2021-01-22 17:29:03,014 : INFO : EventManager : Event: ======'machine_var_audits_switches_s_plunger_button'====== Args={'value': 2, 'prev_value': None, 'change': True}
2021-01-22 17:29:03,014 : INFO : EventManager : Event: ======'machine_var_audits_switches_s_ricochet_1'====== Args={'value': 161, 'prev_value': None, 'change': True}
2021-01-22 17:29:03,015 : INFO : EventManager : Event: ======'machine_var_audits_switches_s_ricochet_2'====== Args={'value': 595, 'prev_value': None, 'change': True}
2021-01-22 17:29:03,015 : INFO : EventManager : Event: ======'machine_var_audits_switches_s_ricochet_3'====== Args={'value': 74, 'prev_value': None, 'change': True}
2021-01-22 17:29:03,016 : INFO : EventManager : Event: ======'machine_var_audits_switches_s_ricochet_4'====== Args={'value': 24, 'prev_value': None, 'change': True}
2021-01-22 17:29:03,016 : INFO : EventManager : Event: ======'machine_var_audits_switches_s_ricochet_5'====== Args={'value': 8, 'prev_value': None, 'change': True}
2021-01-22 17:29:03,017 : INFO : EventManager : Event: ======'machine_var_audits_switches_s_right_flipper'====== Args={'value': 2682, 'prev_value': None, 'change': True}
2021-01-22 17:29:03,017 : INFO : EventManager : Event: ======'machine_var_audits_switches_s_right_hole'====== Args={'value': 26, 'prev_value': None, 'change': True}
2021-01-22 17:29:03,017 : INFO : EventManager : Event: ======'machine_var_audits_switches_s_right_inlane'====== Args={'value': 308, 'prev_value': None, 'change': True}
2021-01-22 17:29:03,018 : INFO : EventManager : Event: ======'machine_var_audits_switches_s_right_loop_made'====== Args={'value': 73, 'prev_value': None, 'change': True}
2021-01-22 17:29:03,018 : INFO : EventManager : Event: ======'machine_var_audits_switches_s_right_loop_pre'====== Args={'value': 68, 'prev_value': None, 'change': True}
2021-01-22 17:29:03,019 : INFO : EventManager : Event: ======'machine_var_audits_switches_s_right_outlane'====== Args={'value': 112, 'prev_value': None, 'change': True}
2021-01-22 17:29:03,019 : INFO : EventManager : Event: ======'machine_var_audits_switches_s_right_ramp_made'====== Args={'value': 1244, 'prev_value': None, 'change': True}
2021-01-22 17:29:03,020 : INFO : EventManager : Event: ======'machine_var_audits_switches_s_right_ramp_pre'====== Args={'value': 11, 'prev_value': None, 'change': True}
2021-01-22 17:29:03,020 : INFO : EventManager : Event: ======'machine_var_audits_switches_s_right_slingshot'====== Args={'value': 82, 'prev_value': None, 'change': True}
2021-01-22 17:29:03,021 : INFO : EventManager : Event: ======'machine_var_audits_switches_s_right_small_ramp'====== Args={'value': 0, 'prev_value': None, 'change': True}
2021-01-22 17:29:03,021 : INFO : EventManager : Event: ======'machine_var_audits_switches_s_side_hole'====== Args={'value': 298, 'prev_value': None, 'change': True}
2021-01-22 17:29:03,022 : INFO : EventManager : Event: ======'machine_var_audits_switches_s_side_ramp_made'====== Args={'value': 967, 'prev_value': None, 'change': True}
2021-01-22 17:29:03,022 : INFO : EventManager : Event: ======'machine_var_audits_switches_s_side_ramp_pre'====== Args={'value': 21, 'prev_value': None, 'change': True}
2021-01-22 17:29:03,023 : INFO : EventManager : Event: ======'machine_var_audits_switches_s_start'====== Args={'value': 85, 'prev_value': None, 'change': True}
2021-01-22 17:29:03,023 : INFO : EventManager : Event: ======'machine_var_audits_switches_s_torpedo'====== Args={'value': 552, 'prev_value': None, 'change': True}
2021-01-22 17:29:03,024 : INFO : EventManager : Event: ======'machine_var_audits_switches_s_torpedo_lane'====== Args={'value': 2, 'prev_value': None, 'change': True}
2021-01-22 17:29:03,024 : INFO : EventManager : Event: ======'machine_var_audits_switches_s_torpedo_pre'====== Args={'value': 0, 'prev_value': None, 'change': True}
2021-01-22 17:29:03,024 : INFO : EventManager : Event: ======'machine_var_audits_switches_s_trough1'====== Args={'value': 476, 'prev_value': None, 'change': True}
2021-01-22 17:29:03,025 : INFO : EventManager : Event: ======'machine_var_audits_switches_s_trough2'====== Args={'value': 82, 'prev_value': None, 'change': True}
2021-01-22 17:29:03,025 : INFO : EventManager : Event: ======'machine_var_audits_switches_s_trough3'====== Args={'value': 71, 'prev_value': None, 'change': True}
2021-01-22 17:29:03,026 : INFO : EventManager : Event: ======'machine_var_audits_switches_s_trough4'====== Args={'value': 4, 'prev_value': None, 'change': True}
2021-01-22 17:29:03,026 : INFO : EventManager : Event: ======'machine_var_audits_switches_s_trough5'====== Args={'value': 1, 'prev_value': None, 'change': True}
2021-01-22 17:29:03,027 : INFO : EventManager : Event: ======'machine_var_audits_switches_s_trough6'====== Args={'value': 1, 'prev_value': None, 'change': True}
2021-01-22 17:29:03,027 : INFO : EventManager : Event: ======'machine_var_audits_switches_s_trough_jam'====== Args={'value': 0, 'prev_value': None, 'change': True}
2021-01-22 17:29:03,028 : INFO : EventManager : Event: ======'init_phase_5'====== Args={}
2021-01-22 17:29:03,060 : INFO : EventManager : Event: ======'init_done'====== Args={}
2021-01-22 17:29:03,075 : INFO : EventManager : Event: ======'machine_reset_phase_1'====== Args={}
2021-01-22 17:29:03,082 : INFO : EventManager : Event: ======'machine_reset_phase_2'====== Args={}
2021-01-22 17:29:03,083 : INFO : EventManager : Event: ======'machine_reset_phase_3'====== Args={}
2021-01-22 17:29:03,083 : INFO : EventManager : Event: ======'diverter_citadel_diverter_deactivating'====== Args={}
2021-01-22 17:29:03,083 : INFO : coil.c_loop_diverter : Disabling Driver
2021-01-22 17:29:03,083 : INFO : EventManager : Event: ======'diverter_torpedo_peg_deactivating'====== Args={}
2021-01-22 17:29:03,083 : INFO : coil.c_torpedo_peg : Disabling Driver
2021-01-22 17:29:03,083 : INFO : EventManager : Event: ======'reset_complete'====== Args={}
2021-01-22 17:29:03,083 : INFO : EventManager : Event: ======'mode_attract_will_start'====== Args={}
2021-01-22 17:29:03,084 : INFO : EventManager : Event: ======'mode_attract_starting'====== Args={}
2021-01-22 17:29:03,084 : INFO : Mode.attract : Started. Priority: 10
2021-01-22 17:29:03,084 : INFO : EventManager : Event: ======'mode_attract_started'====== Args={}
2021-01-22 17:29:03,085 : INFO : EventManager : Event: ======'collecting_balls_complete'====== Args={}
2021-01-22 17:29:03,135 : INFO : EventManager : Event: ======'slide_attract_game_over_slide_created'====== Args={'_from_bcp': True}
2021-01-22 17:29:03,135 : INFO : EventManager : Event: ======'slide_attract_game_over_slide_active'====== Args={'_from_bcp': True}
2021-01-22 17:29:03,135 : INFO : Machine : Starting the main run loop.
2021-01-22 17:29:03,293 : INFO : BcpServer : New client connected.
2021-01-22 17:29:03,384 : INFO : SwitchController : <<<<<<< 's_start' active >>>>>>>
2021-01-22 17:29:03,435 : INFO : SwitchController : <<<<<<< 's_start' inactive >>>>>>>
2021-01-22 17:29:03,435 : INFO : EventManager : Event: ======'request_to_start_game'====== Args={}
2021-01-22 17:29:03,436 : INFO : EventManager : Event: ======'game_start'====== Args={'buttons': [], 'hold_time': 0.046999999998661224}
2021-01-22 17:29:03,436 : INFO : EventManager : Event: ======'mode_game_will_start'====== Args={'buttons': [], 'hold_time': 0.046999999998661224}
2021-01-22 17:29:03,439 : INFO : EventManager : Event: ======'mode_game_starting'====== Args={'buttons': [], 'hold_time': 0.046999999998661224}
2021-01-22 17:29:03,439 : INFO : EventManager : Event: ======'mode_attract_will_stop'====== Args={}
2021-01-22 17:29:03,439 : INFO : EventManager : Event: ======'mode_attract_stopping'====== Args={}
2021-01-22 17:29:03,439 : INFO : Mode.attract : Stopped.
2021-01-22 17:29:03,439 : INFO : EventManager : Event: ======'mode_attract_stopped'====== Args={}
2021-01-22 17:29:03,440 : INFO : EventManager : Event: ======'clear'====== Args={'key': 'attract'}
2021-01-22 17:29:03,440 : INFO : Mode.game : Started. Priority: 20
2021-01-22 17:29:03,440 : INFO : EventManager : Event: ======'mode_game_started'====== Args={'buttons': [], 'hold_time': 0.046999999998661224}
2021-01-22 17:29:03,464 : INFO : EventManager : Event: ======'game_will_start'====== Args={}
2021-01-22 17:29:03,467 : INFO : EventManager : Event: ======'slide_attract_game_over_slide_removed'====== Args={'_from_bcp': True}
2021-01-22 17:29:03,467 : INFO : EventManager : Event: ======'slide_dmd_blank_active'====== Args={'_from_bcp': True}
2021-01-22 17:29:03,468 : INFO : EventManager : Event: ======'game_starting'====== Args={'game': <Mode.game>}
2021-01-22 17:29:03,468 : INFO : EventManager : Event: ======'player_add_request'====== Args={}
2021-01-22 17:29:03,469 : INFO : EventManager : Event: ======'player_will_add'====== Args={'number': 1}
2021-01-22 17:29:03,470 : INFO : EventManager : Event: ======'player_adding'====== Args={'player': <Player 1>, 'number': 1}
2021-01-22 17:29:03,470 : INFO : EventManager : Event: ======'player_added'====== Args={'player': <Player 1>, 'num': 1}
2021-01-22 17:29:03,471 : INFO : Mode.game : Player added successfully. Total players: 1
2021-01-22 17:29:03,471 : INFO : EventManager : Event: ======'player_index'====== Args={'value': 0, 'prev_value': 0, 'change': 0, 'player_num': 1}
2021-01-22 17:29:03,471 : INFO : EventManager : Event: ======'player_number'====== Args={'value': 1, 'prev_value': 1, 'change': 0, 'player_num': 1}
2021-01-22 17:29:03,471 : INFO : EventManager : Event: ======'player_ReceivedDMG'====== Args={'value': 0, 'prev_value': 0, 'change': 0, 'player_num': 1}
2021-01-22 17:29:03,472 : INFO : EventManager : Event: ======'player_DMGValue'====== Args={'value': 10000000, 'prev_value': 10000000, 'change': 0, 'player_num': 1}
2021-01-22 17:29:03,472 : INFO : EventManager : Event: ======'player_JetValue'====== Args={'value': 5000000, 'prev_value': 5000000, 'change': 0, 'player_num': 1}
2021-01-22 17:29:03,472 : INFO : EventManager : Event: ======'player_BonusX'====== Args={'value': 0, 'prev_value': 0, 'change': 0, 'player_num': 1}
2021-01-22 17:29:03,473 : INFO : EventManager : Event: ======'player_m1shotmade'====== Args={'value': 0, 'prev_value': 0, 'change': 0, 'player_num': 1}
2021-01-22 17:29:03,473 : INFO : EventManager : Event: ======'player_m2shotmade'====== Args={'value': 0, 'prev_value': 0, 'change': 0, 'player_num': 1}
2021-01-22 17:29:03,473 : INFO : EventManager : Event: ======'player_m3shotmade'====== Args={'value': 0, 'prev_value': 0, 'change': 0, 'player_num': 1}
2021-01-22 17:29:03,473 : INFO : EventManager : Event: ======'player_m4shotmade'====== Args={'value': 0, 'prev_value': 0, 'change': 0, 'player_num': 1}
2021-01-22 17:29:03,474 : INFO : EventManager : Event: ======'player_m5shotmade'====== Args={'value': 0, 'prev_value': 0, 'change': 0, 'player_num': 1}
2021-01-22 17:29:03,474 : INFO : EventManager : Event: ======'player_m6shotmade'====== Args={'value': 0, 'prev_value': 0, 'change': 0, 'player_num': 1}
2021-01-22 17:29:03,474 : INFO : EventManager : Event: ======'player_m7shotmade'====== Args={'value': 0, 'prev_value': 0, 'change': 0, 'player_num': 1}
2021-01-22 17:29:03,474 : INFO : EventManager : Event: ======'player_m8shotmade'====== Args={'value': 0, 'prev_value': 0, 'change': 0, 'player_num': 1}
2021-01-22 17:29:03,475 : INFO : EventManager : Event: ======'player_m9shotmade'====== Args={'value': 0, 'prev_value': 0, 'change': 0, 'player_num': 1}
2021-01-22 17:29:03,475 : INFO : EventManager : Event: ======'player_m1_active'====== Args={'value': 0, 'prev_value': 0, 'change': 0, 'player_num': 1}
2021-01-22 17:29:03,475 : INFO : EventManager : Event: ======'player_m2_active'====== Args={'value': 0, 'prev_value': 0, 'change': 0, 'player_num': 1}
2021-01-22 17:29:03,476 : INFO : EventManager : Event: ======'player_m3_active'====== Args={'value': 0, 'prev_value': 0, 'change': 0, 'player_num': 1}
2021-01-22 17:29:03,476 : INFO : EventManager : Event: ======'player_m4_active'====== Args={'value': 0, 'prev_value': 0, 'change': 0, 'player_num': 1}
2021-01-22 17:29:03,476 : INFO : EventManager : Event: ======'player_m5_active'====== Args={'value': 0, 'prev_value': 0, 'change': 0, 'player_num': 1}
2021-01-22 17:29:03,476 : INFO : EventManager : Event: ======'player_m6_active'====== Args={'value': 0, 'prev_value': 0, 'change': 0, 'player_num': 1}
2021-01-22 17:29:03,477 : INFO : EventManager : Event: ======'player_m7_active'====== Args={'value': 0, 'prev_value': 0, 'change': 0, 'player_num': 1}
2021-01-22 17:29:03,477 : INFO : EventManager : Event: ======'player_m8_active'====== Args={'value': 0, 'prev_value': 0, 'change': 0, 'player_num': 1}
2021-01-22 17:29:03,477 : INFO : EventManager : Event: ======'player_m9_active'====== Args={'value': 0, 'prev_value': 0, 'change': 0, 'player_num': 1}
2021-01-22 17:29:03,477 : INFO : EventManager : Event: ======'player_m1shotremaining'====== Args={'value': 4, 'prev_value': 4, 'change': 0, 'player_num': 1}
2021-01-22 17:29:03,478 : INFO : EventManager : Event: ======'player_m2shotremaining'====== Args={'value': 20, 'prev_value': 20, 'change': 0, 'player_num': 1}
2021-01-22 17:29:03,478 : INFO : EventManager : Event: ======'player_m3shotremaining'====== Args={'value': 4, 'prev_value': 4, 'change': 0, 'player_num': 1}
2021-01-22 17:29:03,478 : INFO : EventManager : Event: ======'player_m4shotremaining'====== Args={'value': 4, 'prev_value': 4, 'change': 0, 'player_num': 1}
2021-01-22 17:29:03,478 : INFO : EventManager : Event: ======'player_m5shotremaining'====== Args={'value': 4, 'prev_value': 4, 'change': 0, 'player_num': 1}
2021-01-22 17:29:03,479 : INFO : EventManager : Event: ======'player_m6shotremaining'====== Args={'value': 4, 'prev_value': 4, 'change': 0, 'player_num': 1}
2021-01-22 17:29:03,479 : INFO : EventManager : Event: ======'player_m7shotremaining'====== Args={'value': 4, 'prev_value': 4, 'change': 0, 'player_num': 1}
2021-01-22 17:29:03,479 : INFO : EventManager : Event: ======'player_m8shotremaining'====== Args={'value': 4, 'prev_value': 4, 'change': 0, 'player_num': 1}
2021-01-22 17:29:03,480 : INFO : EventManager : Event: ======'player_m9shotremaining'====== Args={'value': 4, 'prev_value': 4, 'change': 0, 'player_num': 1}
2021-01-22 17:29:03,480 : INFO : EventManager : Event: ======'player_mode_shot_enabled'====== Args={'value': 0, 'prev_value': 0, 'change': 0, 'player_num': 1}
2021-01-22 17:29:03,480 : INFO : EventManager : Event: ======'player_mode_shot_made'====== Args={'value': 0, 'prev_value': 0, 'change': 0, 'player_num': 1}
2021-01-22 17:29:03,480 : INFO : EventManager : Event: ======'player_aa_fire_timer_active'====== Args={'value': 0, 'prev_value': 0, 'change': 0, 'player_num': 1}
2021-01-22 17:29:03,481 : INFO : EventManager : Event: ======'player_lock_lit_1_state'====== Args={'value': 0, 'prev_value': 0, 'change': 0, 'player_num': 1}
2021-01-22 17:29:03,481 : INFO : EventManager : Event: ======'player_lock_lit_2_state'====== Args={'value': 0, 'prev_value': 0, 'change': 0, 'player_num': 1}
2021-01-22 17:29:03,482 : INFO : EventManager : Event: ======'player_freeze_started'====== Args={'value': 0, 'prev_value': 0, 'change': 0, 'player_num': 1}
2021-01-22 17:29:03,482 : INFO : EventManager : Event: ======'player_timer_height'====== Args={'value': 0.0, 'prev_value': 0.0, 'change': 0, 'player_num': 1}
2021-01-22 17:29:03,482 : INFO : EventManager : Event: ======'player_citadel_number'====== Args={'value': 0, 'prev_value': 0, 'change': 0, 'player_num': 1}
2021-01-22 17:29:03,482 : INFO : EventManager : Event: ======'player_torpedo_number'====== Args={'value': 0, 'prev_value': 0, 'change': 0, 'player_num': 1}
2021-01-22 17:29:03,483 : INFO : EventManager : Event: ======'player_citadel_load_number'====== Args={'value': 3, 'prev_value': 3, 'change': 0, 'player_num': 1}
2021-01-22 17:29:03,483 : INFO : EventManager : Event: ======'player_torpedo_load_number'====== Args={'value': 3, 'prev_value': 3, 'change': 0, 'player_num': 1}
2021-01-22 17:29:03,483 : INFO : EventManager : Event: ======'player_citadel_ready'====== Args={'value': 0, 'prev_value': 0, 'change': 0, 'player_num': 1}
2021-01-22 17:29:03,483 : INFO : EventManager : Event: ======'player_torpedo_ready'====== Args={'value': 0, 'prev_value': 0, 'change': 0, 'player_num': 1}
2021-01-22 17:29:03,484 : INFO : EventManager : Event: ======'player_torpedo_dmg'====== Args={'value': 10.0, 'prev_value': 10.0, 'change': 0, 'player_num': 1}
2021-01-22 17:29:03,484 : INFO : EventManager : Event: ======'player_citadel_dmg'====== Args={'value': 10.0, 'prev_value': 10.0, 'change': 0, 'player_num': 1}
2021-01-22 17:29:03,484 : INFO : EventManager : Event: ======'player_fire_dmg'====== Args={'value': 10.0, 'prev_value': 10.0, 'change': 0, 'player_num': 1}
2021-01-22 17:29:03,484 : INFO : EventManager : Event: ======'player_penetration_dmg'====== Args={'value': 10.0, 'prev_value': 10.0, 'change': 0, 'player_num': 1}
2021-01-22 17:29:03,485 : INFO : EventManager : Event: ======'player_modeshotremaining'====== Args={'value': 0, 'prev_value': 0, 'change': 0, 'player_num': 1}
2021-01-22 17:29:03,485 : INFO : EventManager : Event: ======'player_super_lock'====== Args={'value': 0, 'prev_value': 0, 'change': 0, 'player_num': 1}
2021-01-22 17:29:03,485 : INFO : EventManager : Event: ======'player_container_lit'====== Args={'value': 0, 'prev_value': 0, 'change': 0, 'player_num': 1}
2021-01-22 17:29:03,486 : INFO : EventManager : Event: ======'player_addaball_lit'====== Args={'value': 0, 'prev_value': 0, 'change': 0, 'player_num': 1}
2021-01-22 17:29:03,486 : INFO : EventManager : Event: ======'player_more_time_lit'====== Args={'value': 0, 'prev_value': 0, 'change': 0, 'player_num': 1}
2021-01-22 17:29:03,486 : INFO : EventManager : Event: ======'player_ship'====== Args={'value': 'None', 'prev_value': 'None', 'change': False, 'player_num': 1}
2021-01-22 17:29:03,486 : INFO : EventManager : Event: ======'player_language'====== Args={'value': 'None', 'prev_value': 'None', 'change': False, 'player_num': 1}
2021-01-22 17:29:03,487 : INFO : EventManager : Event: ======'player_battle_bumper'====== Args={'value': 'fire', 'prev_value': 'fire', 'change': False, 'player_num': 1}
2021-01-22 17:29:03,487 : INFO : EventManager : Event: ======'player_fire_1_active'====== Args={'value': 0, 'prev_value': 0, 'change': 0, 'player_num': 1}
2021-01-22 17:29:03,487 : INFO : EventManager : Event: ======'player_fire_2_active'====== Args={'value': 0, 'prev_value': 0, 'change': 0, 'player_num': 1}
2021-01-22 17:29:03,487 : INFO : EventManager : Event: ======'player_fire_3_active'====== Args={'value': 0, 'prev_value': 0, 'change': 0, 'player_num': 1}
2021-01-22 17:29:03,488 : INFO : EventManager : Event: ======'player_m1_shot_need'====== Args={'value': 0, 'prev_value': 0, 'change': 0, 'player_num': 1}
2021-01-22 17:29:03,488 : INFO : EventManager : Event: ======'player_m2_shot_need'====== Args={'value': 0, 'prev_value': 0, 'change': 0, 'player_num': 1}
2021-01-22 17:29:03,488 : INFO : EventManager : Event: ======'player_m3_shot_need'====== Args={'value': 0, 'prev_value': 0, 'change': 0, 'player_num': 1}
2021-01-22 17:29:03,488 : INFO : EventManager : Event: ======'player_m4_shot_need'====== Args={'value': 0, 'prev_value': 0, 'change': 0, 'player_num': 1}
2021-01-22 17:29:03,489 : INFO : EventManager : Event: ======'player_m5_shot_need'====== Args={'value': 0, 'prev_value': 0, 'change': 0, 'player_num': 1}
2021-01-22 17:29:03,489 : INFO : EventManager : Event: ======'player_m6_shot_need'====== Args={'value': 0, 'prev_value': 0, 'change': 0, 'player_num': 1}
2021-01-22 17:29:03,489 : INFO : EventManager : Event: ======'player_m7_shot_need'====== Args={'value': 0, 'prev_value': 0, 'change': 0, 'player_num': 1}
2021-01-22 17:29:03,490 : INFO : EventManager : Event: ======'player_m8_shot_need'====== Args={'value': 0, 'prev_value': 0, 'change': 0, 'player_num': 1}
2021-01-22 17:29:03,490 : INFO : EventManager : Event: ======'player_m9_shot_need'====== Args={'value': 0, 'prev_value': 0, 'change': 0, 'player_num': 1}
2021-01-22 17:29:03,490 : INFO : EventManager : Event: ======'player_m10_shot_need'====== Args={'value': 0, 'prev_value': 0, 'change': 0, 'player_num': 1}
2021-01-22 17:29:03,490 : INFO : EventManager : Event: ======'player_bomb_number'====== Args={'value': 0, 'prev_value': 0, 'change': 0, 'player_num': 1}
2021-01-22 17:29:03,491 : INFO : EventManager : Event: ======'player_score'====== Args={'value': 0, 'prev_value': 0, 'change': 0, 'player_num': 1}
2021-01-22 17:29:03,507 : INFO : EventManager : Event: ======'game_started'====== Args={}
2021-01-22 17:29:03,544 : INFO : EventManager : Event: ======'player_turn_will_start'====== Args={'player': <Player 1>, 'number': 1}
2021-01-22 17:29:03,559 : INFO : EventManager : Event: ======'player_turn_starting'====== Args={'player': <Player 1>, 'number': 1}
2021-01-22 17:29:03,560 : INFO : EventManager : Event: ======'player_ball'====== Args={'value': 1, 'prev_value': 0, 'change': 1, 'player_num': 1}
2021-01-22 17:29:03,560 : INFO : EventManager : Event: ======'player_turn_started'====== Args={'player': <Player 1>, 'number': 1}
2021-01-22 17:29:03,560 : INFO : EventManager : Event: ======'ball_will_start'====== Args={'player': 1, 'ball': 1, 'balls_remaining': 2, 'is_extra_ball': False}
2021-01-22 17:29:03,580 : INFO : EventManager : Event: ======'mode_mode_manager_will_start'====== Args={'player': 1, 'ball': 1, 'balls_remaining': 2, 'is_extra_ball': False}
2021-01-22 17:29:03,598 : INFO : EventManager : Event: ======'mode_timer_disable'====== Args={}
2021-01-22 17:29:03,604 : INFO : EventManager : Event: ======'mode_mode_manager_starting'====== Args={'player': 1, 'ball': 1, 'balls_remaining': 2, 'is_extra_ball': False}
2021-01-22 17:29:03,604 : INFO : Mode.mode_manager : Started. Priority: 300
2021-01-22 17:29:03,604 : INFO : EventManager : Event: ======'mode_mode_manager_started'====== Args={'player': 1, 'ball': 1, 'balls_remaining': 2, 'is_extra_ball': False}
2021-01-22 17:29:03,605 : INFO : EventManager : Event: ======'ball_starting'====== Args={'player': 1, 'ball': 1, 'balls_remaining': 2, 'is_extra_ball': False}
2021-01-22 17:29:03,640 : INFO : EventManager : Event: ======'mode_port_hole_manager_will_start'====== Args={'queue': <QueuedEvent>, 'player': 1, 'ball': 1, 'balls_remaining': 2, 'is_extra_ball': False}
2021-01-22 17:29:03,656 : INFO : EventManager : Event: ======'mode_port_hole_manager_starting'====== Args={'queue': <QueuedEvent>, 'player': 1, 'ball': 1, 'balls_remaining': 2, 'is_extra_ball': False}
2021-01-22 17:29:03,656 : INFO : EventManager : Event: ======'mode_capture_will_start'====== Args={'queue': <QueuedEvent>, 'player': 1, 'ball': 1, 'balls_remaining': 2, 'is_extra_ball': False}
2021-01-22 17:29:03,659 : INFO : EventManager : Event: ======'mode_capture_starting'====== Args={'queue': <QueuedEvent>, 'player': 1, 'ball': 1, 'balls_remaining': 2, 'is_extra_ball': False}
2021-01-22 17:29:03,659 : INFO : EventManager : Event: ======'mode_value_reset_will_start'====== Args={'queue': <QueuedEvent>, 'player': 1, 'ball': 1, 'balls_remaining': 2, 'is_extra_ball': False}
2021-01-22 17:29:03,659 : INFO : EventManager : Event: ======'mode_value_reset_starting'====== Args={'queue': <QueuedEvent>, 'player': 1, 'ball': 1, 'balls_remaining': 2, 'is_extra_ball': False}
2021-01-22 17:29:03,660 : INFO : EventManager : Event: ======'mode_main_play_will_start'====== Args={'queue': <QueuedEvent>, 'player': 1, 'ball': 1, 'balls_remaining': 2, 'is_extra_ball': False}
2021-01-22 17:29:03,662 : INFO : EventManager : Event: ======'mode_main_play_starting'====== Args={'queue': <QueuedEvent>, 'player': 1, 'ball': 1, 'balls_remaining': 2, 'is_extra_ball': False}
2021-01-22 17:29:03,662 : INFO : Mode.value_reset : Started. Priority: 100
2021-01-22 17:29:03,662 : INFO : EventManager : Event: ======'mode_value_reset_started'====== Args={'queue': <QueuedEvent>, 'player': 1, 'ball': 1, 'balls_remaining': 2, 'is_extra_ball': False}
2021-01-22 17:29:03,662 : INFO : Mode.port_hole_manager : Started. Priority: 100
2021-01-22 17:29:03,663 : INFO : EventManager : Event: ======'mode_port_hole_manager_started'====== Args={'queue': <QueuedEvent>, 'player': 1, 'ball': 1, 'balls_remaining': 2, 'is_extra_ball': False}
2021-01-22 17:29:03,663 : INFO : EventManager : Event: ======'balls_in_play'====== Args={'balls': 1}
2021-01-22 17:29:03,663 : INFO : EventManager : Event: ======'ball_started'====== Args={'player': 1, 'ball': 1, 'balls_remaining': 2, 'is_extra_ball': False}
2021-01-22 17:29:03,665 : INFO : EventManager : Event: ======'logicblock_capture_counter_updated'====== Args={'value': 6, 'enabled': True}
2021-01-22 17:29:03,665 : INFO : EventManager : Event: ======'logicblock_capture_counter_updated'====== Args={'value': 6, 'enabled': True}
2021-01-22 17:29:03,665 : INFO : Mode.capture : Started. Priority: 100
2021-01-22 17:29:03,665 : INFO : EventManager : Event: ======'mode_capture_started'====== Args={'queue': <QueuedEvent>, 'player': 1, 'ball': 1, 'balls_remaining': 2, 'is_extra_ball': False}
2021-01-22 17:29:03,666 : INFO : EventManager : Event: ======'logicblock_bonusX_counter_updated'====== Args={'value': 2, 'enabled': True}
2021-01-22 17:29:03,666 : INFO : EventManager : Event: ======'logicblock_bomb_counter_updated'====== Args={'value': 3, 'enabled': True}
2021-01-22 17:29:03,666 : INFO : EventManager : Event: ======'logicblock_bonusX_counter_updated'====== Args={'value': 2, 'enabled': True}
2021-01-22 17:29:03,667 : INFO : EventManager : Event: ======'logicblock_bomb_counter_updated'====== Args={'value': 3, 'enabled': True}
2021-01-22 17:29:03,667 : INFO : Mode.main_play : Started. Priority: 100
2021-01-22 17:29:03,667 : INFO : EventManager : Event: ======'mode_main_play_started'====== Args={'queue': <QueuedEvent>, 'player': 1, 'ball': 1, 'balls_remaining': 2, 'is_extra_ball': False}
2021-01-22 17:29:03,667 : INFO : EventManager : Event: ======'mode_hc_lock_lit_will_start'====== Args={'player': 1, 'ball': 1, 'balls_remaining': 2, 'is_extra_ball': False}
2021-01-22 17:29:03,668 : INFO : EventManager : Event: ======'player_shot_lock_lit_1_enabled'====== Args={'value': True, 'prev_value': 0, 'change': 1, 'player_num': 1}
2021-01-22 17:29:03,668 : INFO : EventManager : Event: ======'player_shot_lock_lit_2_enabled'====== Args={'value': True, 'prev_value': 0, 'change': 1, 'player_num': 1}
2021-01-22 17:29:03,669 : INFO : EventManager : Event: ======'lock_lits_complete'====== Args={'state': 'unlit'}
2021-01-22 17:29:03,669 : INFO : EventManager : Event: ======'lock_lits_unlit_complete'====== Args={}
2021-01-22 17:29:03,671 : INFO : EventManager : Event: ======'mode_hc_lock_lit_starting'====== Args={'player': 1, 'ball': 1, 'balls_remaining': 2, 'is_extra_ball': False}
2021-01-22 17:29:03,671 : INFO : EventManager : Event: ======'mode_mode_lit_will_start'====== Args={'player': 1, 'ball': 1, 'balls_remaining': 2, 'is_extra_ball': False}
2021-01-22 17:29:03,672 : INFO : EventManager : Event: ======'achievement_mode_1_changed_state'====== Args={'restore': False, 'state': 'enabled', 'selected': False}
2021-01-22 17:29:03,672 : INFO : EventManager : Event: ======'achievement_mode_1_state_enabled'====== Args={'restore': False, 'state': 'enabled', 'selected': False}
2021-01-22 17:29:03,672 : INFO : EventManager : Event: ======'achievement_mode_2_changed_state'====== Args={'restore': False, 'state': 'enabled', 'selected': False}
2021-01-22 17:29:03,672 : INFO : EventManager : Event: ======'achievement_mode_2_state_enabled'====== Args={'restore': False, 'state': 'enabled', 'selected': False}
2021-01-22 17:29:03,673 : INFO : EventManager : Event: ======'achievement_mode_3_changed_state'====== Args={'restore': False, 'state': 'enabled', 'selected': False}
2021-01-22 17:29:03,673 : INFO : EventManager : Event: ======'achievement_mode_3_state_enabled'====== Args={'restore': False, 'state': 'enabled', 'selected': False}
2021-01-22 17:29:03,673 : INFO : EventManager : Event: ======'achievement_mode_4_changed_state'====== Args={'restore': False, 'state': 'enabled', 'selected': False}
2021-01-22 17:29:03,674 : INFO : EventManager : Event: ======'achievement_mode_4_state_enabled'====== Args={'restore': False, 'state': 'enabled', 'selected': False}
2021-01-22 17:29:03,674 : INFO : EventManager : Event: ======'achievement_mode_5_changed_state'====== Args={'restore': False, 'state': 'enabled', 'selected': False}
2021-01-22 17:29:03,674 : INFO : EventManager : Event: ======'achievement_mode_5_state_enabled'====== Args={'restore': False, 'state': 'enabled', 'selected': False}
2021-01-22 17:29:03,675 : INFO : EventManager : Event: ======'achievement_mode_6_changed_state'====== Args={'restore': False, 'state': 'enabled', 'selected': False}
2021-01-22 17:29:03,675 : INFO : EventManager : Event: ======'achievement_mode_6_state_enabled'====== Args={'restore': False, 'state': 'enabled', 'selected': False}
2021-01-22 17:29:03,675 : INFO : EventManager : Event: ======'achievement_mode_7_changed_state'====== Args={'restore': False, 'state': 'enabled', 'selected': False}
2021-01-22 17:29:03,676 : INFO : EventManager : Event: ======'achievement_mode_7_state_enabled'====== Args={'restore': False, 'state': 'enabled', 'selected': False}
2021-01-22 17:29:03,676 : INFO : EventManager : Event: ======'achievement_mode_8_changed_state'====== Args={'restore': False, 'state': 'enabled', 'selected': False}
2021-01-22 17:29:03,676 : INFO : EventManager : Event: ======'achievement_mode_8_state_enabled'====== Args={'restore': False, 'state': 'enabled', 'selected': False}
2021-01-22 17:29:03,677 : INFO : EventManager : Event: ======'achievement_mode_9_changed_state'====== Args={'restore': False, 'state': 'enabled', 'selected': False}
2021-01-22 17:29:03,677 : INFO : EventManager : Event: ======'achievement_mode_9_state_enabled'====== Args={'restore': False, 'state': 'enabled', 'selected': False}
2021-01-22 17:29:03,679 : INFO : EventManager : Event: ======'mode_mode_lit_starting'====== Args={'player': 1, 'ball': 1, 'balls_remaining': 2, 'is_extra_ball': False}
2021-01-22 17:29:03,679 : INFO : EventManager : Event: ======'mode_bomb_will_start'====== Args={'player': 1, 'ball': 1, 'balls_remaining': 2, 'is_extra_ball': False}
2021-01-22 17:29:03,696 : INFO : EventManager : Event: ======'mode_bomb_starting'====== Args={'player': 1, 'ball': 1, 'balls_remaining': 2, 'is_extra_ball': False}
2021-01-22 17:29:03,696 : INFO : EventManager : Event: ======'mode_container_will_start'====== Args={'player': 1, 'ball': 1, 'balls_remaining': 2, 'is_extra_ball': False}
2021-01-22 17:29:03,696 : INFO : EventManager : Event: ======'player_shot_lane_A_enabled'====== Args={'value': True, 'prev_value': 0, 'change': 1, 'player_num': 1}
2021-01-22 17:29:03,697 : INFO : EventManager : Event: ======'player_shot_lane_B_enabled'====== Args={'value': True, 'prev_value': 0, 'change': 1, 'player_num': 1}
2021-01-22 17:29:03,698 : INFO : EventManager : Event: ======'player_shot_lane_C_enabled'====== Args={'value': True, 'prev_value': 0, 'change': 1, 'player_num': 1}
2021-01-22 17:29:03,699 : INFO : EventManager : Event: ======'player_shot_lane_D_enabled'====== Args={'value': True, 'prev_value': 0, 'change': 1, 'player_num': 1}
2021-01-22 17:29:03,700 : INFO : EventManager : Event: ======'player_shot_lane_E_enabled'====== Args={'value': True, 'prev_value': 0, 'change': 1, 'player_num': 1}
2021-01-22 17:29:03,701 : INFO : EventManager : Event: ======'container_lanes_complete'====== Args={'state': 'unlit'}
2021-01-22 17:29:03,701 : INFO : EventManager : Event: ======'container_lanes_unlit_complete'====== Args={}
2021-01-22 17:29:03,702 : INFO : EventManager : Unordered handler for class ConfigPlayer.event_player/events on event slide_container_ball_text_removed with priority 100. Handlers: [RegisteredHandler(callback=<bound method ConfigPlayer.config_play_callback of ConfigPlayer.event_player/events>, priority=100, kwargs={'calling_context': 'slide_container_ball_text_removed', 'mode': <Mode.port_hole_manager>, 'settings': {'port_check_phase_3_finished': {'priority': 0}}}, key=UUID('0cbcdac3-8683-4cce-83ab-eef3f2fd5c0d'), condition=None, blocking_facility=None), RegisteredHandler(callback=<bound method ConfigPlayer.config_play_callback of ConfigPlayer.event_player/events>, priority=100, kwargs={'calling_context': 'slide_container_ball_text_removed', 'mode': <Mode.container>, 'settings': {'container_slide_end': {'priority': 0}}}, key=UUID('511275ea-241c-4390-86ee-b605930c8d9c'), condition=None, blocking_facility=None)]. The order of those handlers is not defined and they will be executed in random order. This might lead to race conditions and potential bugs.
2021-01-22 17:29:03,703 : INFO : EventManager : Event: ======'mode_container_starting'====== Args={'player': 1, 'ball': 1, 'balls_remaining': 2, 'is_extra_ball': False}
2021-01-22 17:29:03,704 : INFO : EventManager : Event: ======'mode_drednaught_will_start'====== Args={'player': 1, 'ball': 1, 'balls_remaining': 2, 'is_extra_ball': False}
2021-01-22 17:29:03,704 : INFO : EventManager : Event: ======'mode_drednaught_starting'====== Args={'player': 1, 'ball': 1, 'balls_remaining': 2, 'is_extra_ball': False}
2021-01-22 17:29:03,705 : INFO : EventManager : Event: ======'mode_detonation_will_start'====== Args={'player': 1, 'ball': 1, 'balls_remaining': 2, 'is_extra_ball': False}
2021-01-22 17:29:03,705 : INFO : EventManager : Event: ======'player_shot_detonation_lit_enabled'====== Args={'value': True, 'prev_value': 0, 'change': 1, 'player_num': 1}
2021-01-22 17:29:03,705 : INFO : EventManager : Event: ======'player_shot_detonation_enabled'====== Args={'value': False, 'prev_value': 0, 'change': 0, 'player_num': 1}
2021-01-22 17:29:03,706 : INFO : EventManager : Event: ======'mode_detonation_starting'====== Args={'player': 1, 'ball': 1, 'balls_remaining': 2, 'is_extra_ball': False}
2021-01-22 17:29:03,706 : INFO : EventManager : Event: ======'mode_salvo_lit_will_start'====== Args={'player': 1, 'ball': 1, 'balls_remaining': 2, 'is_extra_ball': False}
2021-01-22 17:29:03,707 : INFO : EventManager : Event: ======'player_shot_ricochet_1_enabled'====== Args={'value': True, 'prev_value': 0, 'change': 1, 'player_num': 1}
2021-01-22 17:29:03,707 : INFO : EventManager : Event: ======'player_shot_ricochet_2_enabled'====== Args={'value': True, 'prev_value': 0, 'change': 1, 'player_num': 1}
2021-01-22 17:29:03,708 : INFO : EventManager : Event: ======'player_shot_ricochet_3_enabled'====== Args={'value': True, 'prev_value': 0, 'change': 1, 'player_num': 1}
2021-01-22 17:29:03,709 : INFO : EventManager : Event: ======'player_shot_ricochet_4_enabled'====== Args={'value': True, 'prev_value': 0, 'change': 1, 'player_num': 1}
2021-01-22 17:29:03,710 : INFO : EventManager : Event: ======'ricochet_targets_complete'====== Args={'state': 'unlit'}
2021-01-22 17:29:03,710 : INFO : EventManager : Event: ======'ricochet_targets_unlit_complete'====== Args={}
2021-01-22 17:29:03,711 : INFO : EventManager : Event: ======'mode_salvo_lit_starting'====== Args={'player': 1, 'ball': 1, 'balls_remaining': 2, 'is_extra_ball': False}
2021-01-22 17:29:03,711 : INFO : EventManager : Event: ======'mode_battle_manager_will_start'====== Args={'player': 1, 'ball': 1, 'balls_remaining': 2, 'is_extra_ball': False}
2021-01-22 17:29:03,712 : INFO : EventManager : Event: ======'mode_battle_manager_starting'====== Args={'player': 1, 'ball': 1, 'balls_remaining': 2, 'is_extra_ball': False}
2021-01-22 17:29:03,713 : INFO : EventManager : Event: ======'player_DMGValue'====== Args={'value': 120000000, 'prev_value': 10000000, 'change': 110000000, 'player_num': 1}
2021-01-22 17:29:03,713 : INFO : EventManager : Event: ======'player_JetValue'====== Args={'value': 500000, 'prev_value': 5000000, 'change': -4500000, 'player_num': 1}
2021-01-22 17:29:03,713 : INFO : EventManager : Event: ======'player_BonusX'====== Args={'value': 1, 'prev_value': 0, 'change': 1, 'player_num': 1}
2021-01-22 17:29:03,715 : INFO : EventManager : Event: ======'ball_save_main_ball_save_enabled'====== Args={}
2021-01-22 17:29:03,716 : INFO : EventManager : Event: ======'lock_lit_stopped'====== Args={}
2021-01-22 17:29:03,716 : INFO : EventManager : Event: ======'lock_lit_started'====== Args={}
2021-01-22 17:29:03,718 : INFO : EventManager : Event: ======'achievement_mode_8_changed_state'====== Args={'restore': False, 'state': 'enabled', 'selected': True}
2021-01-22 17:29:03,718 : INFO : EventManager : Event: ======'achievement_mode_8_state_enabled'====== Args={'restore': False, 'state': 'enabled', 'selected': True}
2021-01-22 17:29:03,718 : INFO : EventManager : Event: ======'achievement_mode_8_state_selected'====== Args={'restore': False, 'state': 'enabled', 'selected': True}
2021-01-22 17:29:03,719 : INFO : EventManager : Event: ======'player_shot_lock_lit_1_enabled'====== Args={'value': False, 'prev_value': True, 'change': -1, 'player_num': 1}
2021-01-22 17:29:03,720 : INFO : EventManager : Event: ======'player_shot_lock_lit_2_enabled'====== Args={'value': False, 'prev_value': True, 'change': -1, 'player_num': 1}
2021-01-22 17:29:03,721 : INFO : EventManager : Event: ======'player_shot_lock_lit_1_enabled'====== Args={'value': True, 'prev_value': False, 'change': 1, 'player_num': 1}
2021-01-22 17:29:03,722 : INFO : EventManager : Event: ======'player_shot_lock_lit_2_enabled'====== Args={'value': True, 'prev_value': False, 'change': 1, 'player_num': 1}
2021-01-22 17:29:03,723 : INFO : EventManager : Event: ======'player_bonusX_progress_number'====== Args={'value': 2, 'prev_value': 0, 'change': 2, 'player_num': 1}
2021-01-22 17:29:03,723 : INFO : EventManager : Event: ======'player_bomb_progress_number'====== Args={'value': 3, 'prev_value': 0, 'change': 3, 'player_num': 1}
2021-01-22 17:29:03,723 : INFO : Mode.salvo_lit : Started. Priority: 100
2021-01-22 17:29:03,723 : INFO : EventManager : Event: ======'mode_salvo_lit_started'====== Args={'player': 1, 'ball': 1, 'balls_remaining': 2, 'is_extra_ball': False}
2021-01-22 17:29:03,724 : INFO : Mode.detonation : Started. Priority: 100
2021-01-22 17:29:03,724 : INFO : EventManager : Event: ======'mode_detonation_started'====== Args={'player': 1, 'ball': 1, 'balls_remaining': 2, 'is_extra_ball': False}
2021-01-22 17:29:03,724 : INFO : Mode.drednaught : Started. Priority: 100
2021-01-22 17:29:03,724 : INFO : EventManager : Event: ======'mode_drednaught_started'====== Args={'player': 1, 'ball': 1, 'balls_remaining': 2, 'is_extra_ball': False}
2021-01-22 17:29:03,725 : INFO : EventManager : Event: ======'player_take_dmg_score'====== Args={'value': 18000000, 'prev_value': 0, 'change': 18000000, 'player_num': 1}
2021-01-22 17:29:03,725 : INFO : EventManager : Event: ======'player_ReceivedDMGshow'====== Args={'value': 0, 'prev_value': 0, 'change': 0, 'player_num': 1}
2021-01-22 17:29:03,725 : INFO : Mode.container : Started. Priority: 100
2021-01-22 17:29:03,725 : INFO : EventManager : Event: ======'mode_container_started'====== Args={'player': 1, 'ball': 1, 'balls_remaining': 2, 'is_extra_ball': False}
2021-01-22 17:29:03,726 : INFO : Mode.bomb : Started. Priority: 100
2021-01-22 17:29:03,726 : INFO : EventManager : Event: ======'mode_bomb_started'====== Args={'player': 1, 'ball': 1, 'balls_remaining': 2, 'is_extra_ball': False}
2021-01-22 17:29:03,726 : INFO : Mode.mode_lit : Started. Priority: 100
2021-01-22 17:29:03,726 : INFO : EventManager : Event: ======'mode_mode_lit_started'====== Args={'player': 1, 'ball': 1, 'balls_remaining': 2, 'is_extra_ball': False}
2021-01-22 17:29:03,726 : INFO : Mode.hc_lock_lit : Started. Priority: 100
2021-01-22 17:29:03,726 : INFO : EventManager : Event: ======'mode_hc_lock_lit_started'====== Args={'player': 1, 'ball': 1, 'balls_remaining': 2, 'is_extra_ball': False}
2021-01-22 17:29:03,776 : INFO : EventManager : Event: ======'logicblock_battle_counter_updated'====== Args={'value': 5, 'enabled': False}
2021-01-22 17:29:03,776 : INFO : Mode.battle_manager : Started. Priority: 100
2021-01-22 17:29:03,776 : INFO : EventManager : Event: ======'mode_battle_manager_started'====== Args={'player': 1, 'ball': 1, 'balls_remaining': 2, 'is_extra_ball': False}
2021-01-22 17:29:03,776 : INFO : EventManager : Event: ======'player_battle_lit_score'====== Args={'value': 5, 'prev_value': 0, 'change': 5, 'player_num': 1}
2021-01-22 17:29:03,777 : INFO : EventManager : Event: ======'logicblock_battle_counter_updated'====== Args={'value': 5, 'enabled': True}
2021-01-22 17:29:03,777 : INFO : EventManager : Event: ======'single_player_ball_started'====== Args={}
2021-01-22 17:29:03,841 : INFO : ball_device.bd_plunger : Setting up player-controlled eject. Balls: 1, Target: <playfield.playfield>, player_controlled_eject_event: s_plunger_button
2021-01-22 17:29:03,842 : INFO : EventManager : Event: ======'balldevice_balls_available'====== Args={}
2021-01-22 17:29:03,843 : INFO : EventManager : Event: ======'slide_base_slide_created'====== Args={'_from_bcp': True}
2021-01-22 17:29:03,843 : INFO : EventManager : Event: ======'slide_base_slide_active'====== Args={'_from_bcp': True}
2021-01-22 17:29:03,872 : INFO : ball_device.bd_trough : State: waiting_for_target_ready
2021-01-22 17:29:03,872 : INFO : EventManager : Event: ======'balldevice_bd_trough_ball_eject_attempt'====== Args={'balls': 1, 'target': <ball_device.bd_plunger>, 'source': <ball_device.bd_trough>, 'mechanical_eject': True, 'num_attempts': 0}
2021-01-22 17:29:03,872 : INFO : ball_device.bd_plunger : State: waiting_for_ball
2021-01-22 17:29:03,873 : INFO : ball_device.bd_trough : State: ejecting
2021-01-22 17:29:03,873 : INFO : ball_device.bd_trough : Ejecting ball to <ball_device.bd_plunger>
2021-01-22 17:29:03,873 : INFO : EventManager : Event: ======'balldevice_bd_trough_ejecting_ball'====== Args={'balls': 1, 'target': <ball_device.bd_plunger>, 'source': <ball_device.bd_trough>, 'mechanical_eject': True, 'num_attempts': 0}
2021-01-22 17:29:03,874 : INFO : ball_device.bd_trough : Wait for ball to leave device
2021-01-22 17:29:03,874 : INFO : coil.c_trough_eject : Pulsing Driver for 20ms (1.0 pulse_power)
2021-01-22 17:29:03,874 : INFO : SwitchController : <<<<<<< 's_trough1' inactive >>>>>>>
2021-01-22 17:29:03,917 : INFO : ball_device.bd_trough : State: ball_left
2021-01-22 17:29:03,918 : INFO : ball_device.bd_trough : Ball left
2021-01-22 17:29:03,918 : INFO : ball_device.bd_trough : Wait for confirm with timeout 10.0
2021-01-22 17:29:03,964 : INFO : SwitchController : <<<<<<< 's_plunger' active >>>>>>>
2021-01-22 17:29:03,964 : INFO : EventManager : Event: ======'machine_var_audits_switches_s_plunger'====== Args={'value': 2993, 'prev_value': 2992, 'change': 1}
2021-01-22 17:29:04,280 : INFO : ball_device.bd_plunger : Received ball from <ball_device.bd_trough>
2021-01-22 17:29:04,280 : INFO : EventManager : Event: ======'balldevice_bd_plunger_ball_enter'====== Args={'new_balls': 1, 'unclaimed_balls': 0, 'new_available_balls': 0, 'device': <ball_device.bd_plunger>}
2021-01-22 17:29:04,280 : INFO : EventManager : Event: ======'balldevice_bd_plunger_ball_entered'====== Args={'new_balls': 0, 'device': <ball_device.bd_plunger>}
2021-01-22 17:29:04,281 : INFO : EventManager : Event: ======'balldevice_bd_plunger_ball_count_changed'====== Args={'balls': 1}
2021-01-22 17:29:04,281 : INFO : ball_device.bd_trough : Got eject confirm
2021-01-22 17:29:04,281 : INFO : ball_device.bd_trough : Eject successful
2021-01-22 17:29:04,281 : INFO : EventManager : Event: ======'balldevice_bd_trough_ball_eject_success'====== Args={'balls': 1, 'target': <ball_device.bd_plunger>}
2021-01-22 17:29:04,282 : INFO : EventManager : Event: ======'balldevice_bd_trough_ball_count_changed'====== Args={'balls': 4}
2021-01-22 17:29:04,282 : INFO : ball_device.bd_trough : State: idle
2021-01-22 17:29:04,282 : INFO : ball_device.bd_plunger : State: waiting_for_target_ready
2021-01-22 17:29:04,283 : INFO : EventManager : Event: ======'balldevice_bd_plunger_ball_eject_attempt'====== Args={'balls': 1, 'target': <playfield.playfield>, 'source': <ball_device.bd_plunger>, 'mechanical_eject': True, 'num_attempts': 0}
2021-01-22 17:29:04,283 : INFO : ball_device.bd_plunger : State: ejecting
2021-01-22 17:29:04,283 : INFO : ball_device.bd_plunger : Ejecting ball to <playfield.playfield>
2021-01-22 17:29:04,283 : INFO : EventManager : Event: ======'balldevice_bd_plunger_ejecting_ball'====== Args={'balls': 1, 'target': <playfield.playfield>, 'source': <ball_device.bd_plunger>, 'mechanical_eject': True, 'num_attempts': 0}
2021-01-22 17:29:04,284 : INFO : ball_device.bd_plunger : Wait for ball to leave device
2021-01-22 17:29:04,598 : INFO : SwitchController : <<<<<<< 's_right_ramp_made' active >>>>>>>
2021-01-22 17:29:04,598 : INFO : EventManager : Event: ======'s_right_ramp_made_active'====== Args={}
2021-01-22 17:29:04,598 : INFO : EventManager : Event: ======'sw_capture'====== Args={}
2021-01-22 17:29:04,599 : INFO : EventManager : Event: ======'machine_var_audits_switches_s_right_ramp_made'====== Args={'value': 1245, 'prev_value': 1244, 'change': 1}
2021-01-22 17:29:04,600 : INFO : EventManager : Event: ======'playfield_active'====== Args={}
2021-01-22 17:29:04,600 : INFO : EventManager : Event: ======'player_shot_lock_lit_2'====== Args={'value': 1, 'prev_value': 0, 'change': 1, 'player_num': 1}
2021-01-22 17:29:04,601 : INFO : EventManager : Event: ======'machine_var_audits_shots_lock_lit_2'====== Args={'value': 1079, 'prev_value': 1078, 'change': 1}
2021-01-22 17:29:04,602 : INFO : EventManager : Event: ======'lock_lit_2_hit'====== Args={'profile': 'lock_lit_profile', 'state': 'unlit', 'advancing': True}
2021-01-22 17:29:04,602 : INFO : EventManager : Event: ======'lock_lit_2_lock_lit_profile_hit'====== Args={'profile': 'lock_lit_profile', 'state': 'unlit', 'advancing': True}
2021-01-22 17:29:04,602 : INFO : EventManager : Event: ======'lock_lit_2_lock_lit_profile_unlit_hit'====== Args={'profile': 'lock_lit_profile', 'state': 'unlit', 'advancing': True}
2021-01-22 17:29:04,602 : INFO : EventManager : Event: ======'lock_lit_2_unlit_hit'====== Args={'profile': 'lock_lit_profile', 'state': 'unlit', 'advancing': True}
2021-01-22 17:29:04,603 : INFO : EventManager : Event: ======'lock_lits_hit'====== Args={}
2021-01-22 17:29:04,603 : INFO : EventManager : Event: ======'lock_lits_unlit_hit'====== Args={}
2021-01-22 17:29:04,603 : INFO : EventManager : Event: ======'logicblock_capture_counter_updated'====== Args={'value': 5, 'enabled': True}
2021-01-22 17:29:04,603 : INFO : EventManager : Event: ======'advance_capturing'====== Args={'count': 5, 'remaining': -5}
2021-01-22 17:29:04,616 : INFO : EventManager : Event: ======'slide_capturing_slide_created'====== Args={'_from_bcp': True}
2021-01-22 17:29:04,616 : INFO : EventManager : Event: ======'slide_capturing_slide_active'====== Args={'_from_bcp': True}
2021-01-22 17:29:04,617 : INFO : EventManager : Event: ======'active_capturing_widget_1_1'====== Args={'priority': 0}
2021-01-22 17:29:04,617 : INFO : EventManager : Event: ======'check_capturing_letter'====== Args={'priority': 0}
2021-01-22 17:29:04,618 : ERROR : asyncio : Exception in callback EventManager.process_event_queue()
handle: <Handle EventManager.process_event_queue()>
Traceback (most recent call last):
  File "c:\users\schol\appdata\local\programs\python\python36\lib\asyncio\events.py", line 145, in _run
    self._callback(*self._args)
  File "c:\users\schol\appdata\local\programs\python\python36\lib\site-packages\mpf\core\events.py", line 767, in process_event_queue
    **event[3])
  File "c:\users\schol\appdata\local\programs\python\python36\lib\site-packages\mpf\core\events.py", line 726, in _process_event
    result = self._run_handlers(event, ev_type, kwargs)
  File "c:\users\schol\appdata\local\programs\python\python36\lib\site-packages\mpf\core\events.py", line 666, in _run_handlers
    if handler.condition is not None and not handler.condition.evaluate(merged_kwargs):
  File "c:\users\schol\appdata\local\programs\python\python36\lib\site-packages\mpf\core\placeholder_manager.py", line 78, in evaluate
    result = self.placeholder_manager.evaluate_template(self.template, parameters)
  File "c:\users\schol\appdata\local\programs\python\python36\lib\site-packages\mpf\core\placeholder_manager.py", line 770, in evaluate_template
    return self._eval(template, parameters, False)[0]
  File "c:\users\schol\appdata\local\programs\python\python36\lib\site-packages\mpf\core\placeholder_manager.py", line 716, in _eval
    return self._eval_methods[type(node)](node, variables, subscribe)
  File "c:\users\schol\appdata\local\programs\python\python36\lib\site-packages\mpf\core\placeholder_manager.py", line 643, in _eval_compare
    left_value, left_subscription = self._eval(node.left, variables, subscribe)
  File "c:\users\schol\appdata\local\programs\python\python36\lib\site-packages\mpf\core\placeholder_manager.py", line 716, in _eval
    return self._eval_methods[type(node)](node, variables, subscribe)
  File "c:\users\schol\appdata\local\programs\python\python36\lib\site-packages\mpf\core\placeholder_manager.py", line 662, in _eval_attribute
    slice_value, subscription = self._eval(node.value, variables, subscribe)
  File "c:\users\schol\appdata\local\programs\python\python36\lib\site-packages\mpf\core\placeholder_manager.py", line 716, in _eval
    return self._eval_methods[type(node)](node, variables, subscribe)
  File "c:\users\schol\appdata\local\programs\python\python36\lib\site-packages\mpf\core\placeholder_manager.py", line 667, in _eval_attribute
    ret_value = getattr(slice_value, node.attr)
  File "c:\users\schol\appdata\local\programs\python\python36\lib\site-packages\mpf\core\placeholder_manager.py", line 360, in __getattr__
    raise AssertionError("Device {} of type {} does not exist.".format(item, self._device_name))
AssertionError: Device capture_global_counter of type counters does not exist.
2021-01-22 17:29:04,667 : INFO : Machine : Shutting down...
2021-01-22 17:29:04,679 : INFO : EventManager : Event: ======'shutdown'====== Args={}
2021-01-22 17:29:04,684 : ERROR : Machine : Runtime Exception
Traceback (most recent call last):
  File "c:\users\schol\appdata\local\programs\python\python36\lib\site-packages\mpf\core\machine.py", line 741, in _run_loop
    raise self._exception['exception']
  File "c:\users\schol\appdata\local\programs\python\python36\lib\asyncio\events.py", line 145, in _run
    self._callback(*self._args)
  File "c:\users\schol\appdata\local\programs\python\python36\lib\site-packages\mpf\core\events.py", line 767, in process_event_queue
    **event[3])
  File "c:\users\schol\appdata\local\programs\python\python36\lib\site-packages\mpf\core\events.py", line 726, in _process_event
    result = self._run_handlers(event, ev_type, kwargs)
  File "c:\users\schol\appdata\local\programs\python\python36\lib\site-packages\mpf\core\events.py", line 666, in _run_handlers
    if handler.condition is not None and not handler.condition.evaluate(merged_kwargs):
  File "c:\users\schol\appdata\local\programs\python\python36\lib\site-packages\mpf\core\placeholder_manager.py", line 78, in evaluate
    result = self.placeholder_manager.evaluate_template(self.template, parameters)
  File "c:\users\schol\appdata\local\programs\python\python36\lib\site-packages\mpf\core\placeholder_manager.py", line 770, in evaluate_template
    return self._eval(template, parameters, False)[0]
  File "c:\users\schol\appdata\local\programs\python\python36\lib\site-packages\mpf\core\placeholder_manager.py", line 716, in _eval
    return self._eval_methods[type(node)](node, variables, subscribe)
  File "c:\users\schol\appdata\local\programs\python\python36\lib\site-packages\mpf\core\placeholder_manager.py", line 643, in _eval_compare
    left_value, left_subscription = self._eval(node.left, variables, subscribe)
  File "c:\users\schol\appdata\local\programs\python\python36\lib\site-packages\mpf\core\placeholder_manager.py", line 716, in _eval
    return self._eval_methods[type(node)](node, variables, subscribe)
  File "c:\users\schol\appdata\local\programs\python\python36\lib\site-packages\mpf\core\placeholder_manager.py", line 662, in _eval_attribute
    slice_value, subscription = self._eval(node.value, variables, subscribe)
  File "c:\users\schol\appdata\local\programs\python\python36\lib\site-packages\mpf\core\placeholder_manager.py", line 716, in _eval
    return self._eval_methods[type(node)](node, variables, subscribe)
  File "c:\users\schol\appdata\local\programs\python\python36\lib\site-packages\mpf\core\placeholder_manager.py", line 667, in _eval_attribute
    ret_value = getattr(slice_value, node.attr)
  File "c:\users\schol\appdata\local\programs\python\python36\lib\site-packages\mpf\core\placeholder_manager.py", line 360, in __getattr__
    raise AssertionError("Device {} of type {} does not exist.".format(item, self._device_name))
AssertionError: Device capture_global_counter of type counters does not exist.
2021-01-22 17:29:04,692 : INFO : root : MPF run loop ended.
