2021-06-20 16:17:25,254 : kivy : Factory: 186 symbols loaded
2021-06-20 16:17:25,367 : kivy : ImageLoaderFFPy: Using ffpyplayer 4.3.2
2021-06-20 16:17:25,367 : kivy : Image: Providers: img_tex, img_dds, img_sdl2, img_pil, img_ffpyplayer 
2021-06-20 16:17:25,404 : kivy : VideoGstplayer: Using Gstreamer 1.18.0.0
2021-06-20 16:17:25,404 : kivy : Video: Provider: gstplayer
2021-06-20 16:17:25,469 : kivy : Loading MPF-MC controller
2021-06-20 16:17:25,844 : ConfigProcessor : Config spec file cache created: C:\Users\SCHOLT~1\AppData\Local\Temp\config_spec.mpf_cache
2021-06-20 16:17:25,845 : YamlMultifileConfigLoader : Machine config file #1: config
2021-06-20 16:17:25,845 : ConfigProcessor : Config file in cache changed: E:\MPF\wows\wows\config\config
2021-06-20 16:17:25,845 : ConfigProcessor : Loading config from file c:\users\scholtz_balint\appdata\local\programs\python\python36\lib\site-packages\mpfmc\mcconfig.yaml.
2021-06-20 16:17:25,885 : ConfigProcessor : Loading config: c:\users\scholtz_balint\appdata\local\programs\python\python36\lib\site-packages\mpfmc\mcconfig.yaml
2021-06-20 16:17:25,885 : ConfigProcessor : Loading config from file E:\MPF\wows\wows\config\config.
2021-06-20 16:17:26,109 : ConfigProcessor : Loading config: E:\MPF\wows\wows\config\config
2021-06-20 16:17:26,146 : ConfigProcessor : Loading config: E:\MPF\wows\wows\config\config_mode_support.yaml
2021-06-20 16:17:26,172 : ConfigProcessor : Loading config: E:\MPF\wows\wows\config\config_hc_support.yaml
2021-06-20 16:17:26,177 : ConfigProcessor : Loading config: E:\MPF\wows\wows\config\config_capture_support.yaml
2021-06-20 16:17:26,191 : ConfigProcessor : Loading config: E:\MPF\wows\wows\config\config_commander_support.yaml
2021-06-20 16:17:26,197 : ConfigProcessor : Config file cache created: C:\Users\SCHOLT~1\AppData\Local\Temp\31cdb3616eadb192a937c9afde929487.mpf_cache
2021-06-20 16:17:26,198 : ConfigProcessor : Loading config from cache: C:\Users\SCHOLT~1\AppData\Local\Temp\3dd0efc3fc2458bb25a941f6d23e6a9c.mpf_cache
2021-06-20 16:17:26,198 : ConfigProcessor : Loading config from cache: C:\Users\SCHOLT~1\AppData\Local\Temp\c7e3f646a6ae875a07a0c3d1323c1c71.mpf_cache
2021-06-20 16:17:26,199 : ConfigProcessor : Loading config from cache: C:\Users\SCHOLT~1\AppData\Local\Temp\3dd0efc3fc2458bb25a941f6d23e6a9c.mpf_cache
2021-06-20 16:17:26,199 : ConfigProcessor : Loading config from cache: C:\Users\SCHOLT~1\AppData\Local\Temp\3a8cfb4ac342a25cc8f91711ea4bafc2.mpf_cache
2021-06-20 16:17:26,200 : ConfigProcessor : Loading config from cache: C:\Users\SCHOLT~1\AppData\Local\Temp\479d7318d211ad46f9f0d828c96341f2.mpf_cache
2021-06-20 16:17:26,200 : ConfigProcessor : Loading config from cache: C:\Users\SCHOLT~1\AppData\Local\Temp\c96ee90647ae5b034e2dd42c348c42ad.mpf_cache
2021-06-20 16:17:26,201 : ConfigProcessor : Loading config from cache: C:\Users\SCHOLT~1\AppData\Local\Temp\ca0415bb38fd20ce1ae72b2592ece46e.mpf_cache
2021-06-20 16:17:26,201 : ConfigProcessor : Loading config from cache: C:\Users\SCHOLT~1\AppData\Local\Temp\72e9fea1cb562e40024eb5e8538ccaf2.mpf_cache
2021-06-20 16:17:26,202 : ConfigProcessor : Loading config from cache: C:\Users\SCHOLT~1\AppData\Local\Temp\c22c03646c3330fed25ec0d2c1900176.mpf_cache
2021-06-20 16:17:26,202 : ConfigProcessor : Loading config from cache: C:\Users\SCHOLT~1\AppData\Local\Temp\4f40b51a2a6ab6b3327b174347355c6f.mpf_cache
2021-06-20 16:17:26,203 : ConfigProcessor : Loading config from cache: C:\Users\SCHOLT~1\AppData\Local\Temp\39fabcdae38f081491893b3f9bf3922e.mpf_cache
2021-06-20 16:17:26,203 : ConfigProcessor : Loading config from cache: C:\Users\SCHOLT~1\AppData\Local\Temp\943ecf72a5798e3efec3d4f70c6ce1d2.mpf_cache
2021-06-20 16:17:26,204 : ConfigProcessor : Loading config from cache: C:\Users\SCHOLT~1\AppData\Local\Temp\04d9c03061fa17a1f6b23081f79db9ab.mpf_cache
2021-06-20 16:17:26,205 : ConfigProcessor : Loading config from cache: C:\Users\SCHOLT~1\AppData\Local\Temp\1ff29be1d22fb14fe5fd1c82a6918df4.mpf_cache
2021-06-20 16:17:26,205 : ConfigProcessor : Loading config from cache: C:\Users\SCHOLT~1\AppData\Local\Temp\f0ffd5ecaddfe34035bf3b1779215a88.mpf_cache
2021-06-20 16:17:26,206 : ConfigProcessor : Loading config from cache: C:\Users\SCHOLT~1\AppData\Local\Temp\b0de444617e3bf30a07f755a6d4831cc.mpf_cache
2021-06-20 16:17:26,206 : ConfigProcessor : Loading config from cache: C:\Users\SCHOLT~1\AppData\Local\Temp\200a9b2dddbe7706ffb4c4426b6d54a8.mpf_cache
2021-06-20 16:17:26,207 : ConfigProcessor : Loading config from cache: C:\Users\SCHOLT~1\AppData\Local\Temp\5ab98d4be1e8de85bea62364890eb2e9.mpf_cache
2021-06-20 16:17:26,207 : ConfigProcessor : Loading config from cache: C:\Users\SCHOLT~1\AppData\Local\Temp\4303dca7489148da2d256fc831cf8c96.mpf_cache
2021-06-20 16:17:26,208 : ConfigProcessor : Loading config from cache: C:\Users\SCHOLT~1\AppData\Local\Temp\e8fceecd8f65a6a7269e98c7961bbf6a.mpf_cache
2021-06-20 16:17:26,208 : ConfigProcessor : Loading config from cache: C:\Users\SCHOLT~1\AppData\Local\Temp\c84d6d08bf6f923cbcccfeeea02d2c8a.mpf_cache
2021-06-20 16:17:26,209 : ConfigProcessor : Loading config from cache: C:\Users\SCHOLT~1\AppData\Local\Temp\159a0b7ffc6de2ed1a8cdcd57b7df3c0.mpf_cache
2021-06-20 16:17:26,209 : ConfigProcessor : Loading config from cache: C:\Users\SCHOLT~1\AppData\Local\Temp\47da5935da57327449007069e0d0551c.mpf_cache
2021-06-20 16:17:26,210 : ConfigProcessor : Loading config from cache: C:\Users\SCHOLT~1\AppData\Local\Temp\b1234e2c44a33609dc2af4760c4a3f89.mpf_cache
2021-06-20 16:17:26,210 : ConfigProcessor : Loading config from cache: C:\Users\SCHOLT~1\AppData\Local\Temp\466eddfec572894d9eb472ce07aa5fba.mpf_cache
2021-06-20 16:17:26,211 : ConfigProcessor : Loading config from cache: C:\Users\SCHOLT~1\AppData\Local\Temp\93429a2a8e0859f6546b68f40c2a4656.mpf_cache
2021-06-20 16:17:26,211 : ConfigProcessor : Loading config from cache: C:\Users\SCHOLT~1\AppData\Local\Temp\95ae88fb094583fa2b4097c6df179650.mpf_cache
2021-06-20 16:17:26,212 : ConfigProcessor : Loading config from cache: C:\Users\SCHOLT~1\AppData\Local\Temp\de2d3fc178b15ce3807fa4ab35b9c965.mpf_cache
2021-06-20 16:17:26,212 : ConfigProcessor : Loading config from cache: C:\Users\SCHOLT~1\AppData\Local\Temp\0c80ca2179989d09b86c78c19ec87d9b.mpf_cache
2021-06-20 16:17:26,213 : ConfigProcessor : Loading config from cache: C:\Users\SCHOLT~1\AppData\Local\Temp\95e265efe14e4eb05d8d5c5689c9ae6b.mpf_cache
2021-06-20 16:17:26,214 : ConfigProcessor : Loading config from cache: C:\Users\SCHOLT~1\AppData\Local\Temp\ba047bbdc168fca96d58d351c4240916.mpf_cache
2021-06-20 16:17:26,214 : ConfigProcessor : Loading config from cache: C:\Users\SCHOLT~1\AppData\Local\Temp\7c1900736275ba8a713cfe77e991e929.mpf_cache
2021-06-20 16:17:26,215 : ConfigProcessor : Loading config from cache: C:\Users\SCHOLT~1\AppData\Local\Temp\db3d1ab92e5d5c563b40d82372434517.mpf_cache
2021-06-20 16:17:26,215 : ConfigProcessor : Loading config from cache: C:\Users\SCHOLT~1\AppData\Local\Temp\78980531363184480bbd7075661ced33.mpf_cache
2021-06-20 16:17:26,216 : ConfigProcessor : Loading config from cache: C:\Users\SCHOLT~1\AppData\Local\Temp\efcf079e5af2b94e88dae4e07273acc8.mpf_cache
2021-06-20 16:17:26,216 : ConfigProcessor : Loading config from cache: C:\Users\SCHOLT~1\AppData\Local\Temp\44231afd4be159e8c99041e8eb88670e.mpf_cache
2021-06-20 16:17:26,217 : mpfmc : Mission Pinball Framework Media Controller v0.55.0-dev.11
2021-06-20 16:17:26,217 : mpfmc : Mission Pinball Framework Game Engine v0.55.0-dev.58
2021-06-20 16:17:26,217 : mpfmc : Machine path: E:\MPF\wows\wows
2021-06-20 16:17:26,217 : mpfmc : Starting clock at 60.0Hz
2021-06-20 16:17:26,230 : kivy : Text: Provider: sdl2
2021-06-20 16:17:26,271 : kivy : Window: Provider: sdl2
2021-06-20 16:17:26,573 : kivy : GL: Using the "OpenGL" graphics system
2021-06-20 16:17:26,579 : kivy : GL: GLEW initialization succeeded
2021-06-20 16:17:26,580 : kivy : GL: Backend used <glew>
2021-06-20 16:17:26,580 : kivy : GL: OpenGL version <b'4.6.0 NVIDIA 391.35'>
2021-06-20 16:17:26,580 : kivy : GL: OpenGL vendor <b'NVIDIA Corporation'>
2021-06-20 16:17:26,580 : kivy : GL: OpenGL renderer <b'GeForce GTX 1060 6GB/PCIe/SSE2'>
2021-06-20 16:17:26,580 : kivy : GL: OpenGL parsed version: 4, 6
2021-06-20 16:17:26,580 : kivy : GL: Shading version <b'4.60 NVIDIA'>
2021-06-20 16:17:26,580 : kivy : GL: Texture max size <32768>
2021-06-20 16:17:26,580 : kivy : GL: Texture max units <32>
2021-06-20 16:17:26,594 : kivy : Window: auto add sdl2 input provider
2021-06-20 16:17:26,595 : kivy : Window: virtual keyboard not allowed, single mode, not docked
2021-06-20 16:17:26,773 : AudioInterface : Initialized
2021-06-20 16:17:26,773 : AudioInterface : Loaded SDL 2.0.12
2021-06-20 16:17:26,773 : AudioInterface : Loaded SDL_Mixer 2.0.4
2021-06-20 16:17:26,773 : AudioInterface : Loaded GStreamer 1.18.0.0
2021-06-20 16:17:26,773 : AudioInterface : Loaded GLib 2.62.6
2021-06-20 16:17:26,773 : AudioInterface : Settings requested - rate: 44100, channels: 1, buffer: 2048 samples
2021-06-20 16:17:26,773 : AudioInterface : Settings in use - rate: 44100, channels: 1, buffer: 2048 samples (4096 bytes @ 2 bytes per sample)
2021-06-20 16:17:26,774 : AudioInterface : Enabling audio playback
2021-06-20 16:17:26,775 : kivy : Base: Start application main loop
2021-06-20 16:17:26,776 : EventManager : Event: ======'display_dmd_initialized'====== Args={}
2021-06-20 16:17:26,788 : mpfmc : Display: Setting 'dmd' as default display
2021-06-20 16:17:26,812 : kivy : GL: NPOT texture support is available
2021-06-20 16:17:26,822 : EventManager : Event: ======'displays_initialized'====== Args={}
2021-06-20 16:17:26,822 : EventManager : Event: ======'slide_dmd_blank_created'====== Args={}
2021-06-20 16:17:26,823 : EventManager : Event: ======'display_dmd_ready'====== Args={}
2021-06-20 16:17:26,831 : EventManager : Event: ======'init_phase_1'====== Args={}
2021-06-20 16:17:26,838 : EventManager : Event: ======'mc_ready'====== Args={}
2021-06-20 16:17:26,838 : EventManager : Event: ======'init_phase_2'====== Args={}
2021-06-20 16:17:26,927 : EventManager : Event: ======'init_phase_3'====== Args={}
2021-06-20 16:17:26,950 : EventManager : Event: ======'init_phase_4'====== Args={}
2021-06-20 16:17:26,950 : EventManager : Event: ======'init_phase_5'====== Args={}
2021-06-20 16:17:26,959 : EventManager : Event: ======'loading_assets'====== Args={'total': 270, 'loaded': 1, 'remaining': 269, 'percent': 0}
2021-06-20 16:17:26,959 : AssetManager : Loading assets: 1/270 (0%)
2021-06-20 16:17:28,649 : EventManager : Event: ======'loading_assets'====== Args={'total': 270, 'loaded': 3, 'remaining': 267, 'percent': 1}
2021-06-20 16:17:28,649 : AssetManager : Loading assets: 3/270 (1%)
2021-06-20 16:17:29,383 : EventManager : Event: ======'loading_assets'====== Args={'total': 270, 'loaded': 5, 'remaining': 265, 'percent': 2}
2021-06-20 16:17:29,383 : AssetManager : Loading assets: 5/270 (2%)
2021-06-20 16:17:29,782 : EventManager : Event: ======'loading_assets'====== Args={'total': 270, 'loaded': 6, 'remaining': 264, 'percent': 2}
2021-06-20 16:17:29,782 : AssetManager : Loading assets: 6/270 (2%)
2021-06-20 16:17:30,483 : EventManager : Event: ======'loading_assets'====== Args={'total': 270, 'loaded': 8, 'remaining': 262, 'percent': 3}
2021-06-20 16:17:30,483 : AssetManager : Loading assets: 8/270 (3%)
2021-06-20 16:17:31,132 : EventManager : Event: ======'loading_assets'====== Args={'total': 270, 'loaded': 10, 'remaining': 260, 'percent': 4}
2021-06-20 16:17:31,132 : AssetManager : Loading assets: 10/270 (4%)
2021-06-20 16:17:31,817 : EventManager : Event: ======'loading_assets'====== Args={'total': 270, 'loaded': 13, 'remaining': 257, 'percent': 5}
2021-06-20 16:17:31,817 : AssetManager : Loading assets: 13/270 (5%)
2021-06-20 16:17:32,316 : EventManager : Event: ======'loading_assets'====== Args={'total': 270, 'loaded': 15, 'remaining': 255, 'percent': 6}
2021-06-20 16:17:32,316 : AssetManager : Loading assets: 15/270 (6%)
2021-06-20 16:17:32,751 : EventManager : Event: ======'loading_assets'====== Args={'total': 270, 'loaded': 19, 'remaining': 251, 'percent': 7}
2021-06-20 16:17:32,751 : AssetManager : Loading assets: 19/270 (7%)
2021-06-20 16:17:33,232 : EventManager : Event: ======'loading_assets'====== Args={'total': 270, 'loaded': 76, 'remaining': 194, 'percent': 28}
2021-06-20 16:17:33,232 : AssetManager : Loading assets: 76/270 (28%)
2021-06-20 16:17:33,467 : EventManager : Event: ======'loading_assets'====== Args={'total': 270, 'loaded': 77, 'remaining': 193, 'percent': 29}
2021-06-20 16:17:33,467 : AssetManager : Loading assets: 77/270 (29%)
2021-06-20 16:17:34,467 : EventManager : Event: ======'loading_assets'====== Args={'total': 270, 'loaded': 82, 'remaining': 188, 'percent': 30}
2021-06-20 16:17:34,467 : AssetManager : Loading assets: 82/270 (30%)
2021-06-20 16:17:34,833 : EventManager : Event: ======'loading_assets'====== Args={'total': 270, 'loaded': 83, 'remaining': 187, 'percent': 31}
2021-06-20 16:17:34,833 : AssetManager : Loading assets: 83/270 (31%)
2021-06-20 16:17:35,101 : EventManager : Event: ======'loading_assets'====== Args={'total': 270, 'loaded': 84, 'remaining': 186, 'percent': 31}
2021-06-20 16:17:35,102 : AssetManager : Loading assets: 84/270 (31%)
2021-06-20 16:17:35,366 : EventManager : Event: ======'loading_assets'====== Args={'total': 270, 'loaded': 96, 'remaining': 174, 'percent': 36}
2021-06-20 16:17:35,366 : AssetManager : Loading assets: 96/270 (36%)
2021-06-20 16:17:35,883 : EventManager : Event: ======'loading_assets'====== Args={'total': 270, 'loaded': 101, 'remaining': 169, 'percent': 37}
2021-06-20 16:17:35,883 : AssetManager : Loading assets: 101/270 (37%)
2021-06-20 16:17:36,567 : EventManager : Event: ======'loading_assets'====== Args={'total': 270, 'loaded': 102, 'remaining': 168, 'percent': 38}
2021-06-20 16:17:36,567 : AssetManager : Loading assets: 102/270 (38%)
2021-06-20 16:17:37,183 : EventManager : Event: ======'loading_assets'====== Args={'total': 270, 'loaded': 104, 'remaining': 166, 'percent': 39}
2021-06-20 16:17:37,184 : AssetManager : Loading assets: 104/270 (39%)
2021-06-20 16:17:37,900 : EventManager : Event: ======'loading_assets'====== Args={'total': 270, 'loaded': 105, 'remaining': 165, 'percent': 39}
2021-06-20 16:17:37,900 : AssetManager : Loading assets: 105/270 (39%)
2021-06-20 16:17:38,484 : EventManager : Event: ======'loading_assets'====== Args={'total': 270, 'loaded': 106, 'remaining': 164, 'percent': 39}
2021-06-20 16:17:38,484 : AssetManager : Loading assets: 106/270 (39%)
2021-06-20 16:17:39,050 : EventManager : Event: ======'loading_assets'====== Args={'total': 270, 'loaded': 107, 'remaining': 163, 'percent': 40}
2021-06-20 16:17:39,050 : AssetManager : Loading assets: 107/270 (40%)
2021-06-20 16:17:39,416 : EventManager : Event: ======'loading_assets'====== Args={'total': 270, 'loaded': 111, 'remaining': 159, 'percent': 41}
2021-06-20 16:17:39,417 : AssetManager : Loading assets: 111/270 (41%)
2021-06-20 16:17:39,634 : EventManager : Event: ======'loading_assets'====== Args={'total': 270, 'loaded': 112, 'remaining': 158, 'percent': 41}
2021-06-20 16:17:39,634 : AssetManager : Loading assets: 112/270 (41%)
2021-06-20 16:17:39,950 : EventManager : Event: ======'loading_assets'====== Args={'total': 270, 'loaded': 116, 'remaining': 154, 'percent': 43}
2021-06-20 16:17:39,950 : AssetManager : Loading assets: 116/270 (43%)
2021-06-20 16:17:40,384 : EventManager : Event: ======'loading_assets'====== Args={'total': 270, 'loaded': 118, 'remaining': 152, 'percent': 44}
2021-06-20 16:17:40,384 : AssetManager : Loading assets: 118/270 (44%)
2021-06-20 16:17:40,634 : EventManager : Event: ======'loading_assets'====== Args={'total': 270, 'loaded': 119, 'remaining': 151, 'percent': 44}
2021-06-20 16:17:40,634 : AssetManager : Loading assets: 119/270 (44%)
2021-06-20 16:17:40,867 : EventManager : Event: ======'loading_assets'====== Args={'total': 270, 'loaded': 120, 'remaining': 150, 'percent': 44}
2021-06-20 16:17:40,867 : AssetManager : Loading assets: 120/270 (44%)
2021-06-20 16:17:41,117 : EventManager : Event: ======'loading_assets'====== Args={'total': 270, 'loaded': 121, 'remaining': 149, 'percent': 45}
2021-06-20 16:17:41,117 : AssetManager : Loading assets: 121/270 (45%)
2021-06-20 16:17:41,501 : EventManager : Event: ======'loading_assets'====== Args={'total': 270, 'loaded': 123, 'remaining': 147, 'percent': 46}
2021-06-20 16:17:41,501 : AssetManager : Loading assets: 123/270 (46%)
2021-06-20 16:17:41,950 : EventManager : Event: ======'loading_assets'====== Args={'total': 270, 'loaded': 125, 'remaining': 145, 'percent': 46}
2021-06-20 16:17:41,950 : AssetManager : Loading assets: 125/270 (46%)
2021-06-20 16:17:42,367 : EventManager : Event: ======'loading_assets'====== Args={'total': 270, 'loaded': 127, 'remaining': 143, 'percent': 47}
2021-06-20 16:17:42,367 : AssetManager : Loading assets: 127/270 (47%)
2021-06-20 16:17:42,617 : EventManager : Event: ======'loading_assets'====== Args={'total': 270, 'loaded': 128, 'remaining': 142, 'percent': 47}
2021-06-20 16:17:42,617 : AssetManager : Loading assets: 128/270 (47%)
2021-06-20 16:17:42,950 : EventManager : Event: ======'loading_assets'====== Args={'total': 270, 'loaded': 130, 'remaining': 140, 'percent': 48}
2021-06-20 16:17:42,950 : AssetManager : Loading assets: 130/270 (48%)
2021-06-20 16:17:43,334 : EventManager : Event: ======'loading_assets'====== Args={'total': 270, 'loaded': 134, 'remaining': 136, 'percent': 50}
2021-06-20 16:17:43,334 : AssetManager : Loading assets: 134/270 (50%)
2021-06-20 16:17:43,634 : EventManager : Event: ======'loading_assets'====== Args={'total': 270, 'loaded': 135, 'remaining': 135, 'percent': 50}
2021-06-20 16:17:43,634 : AssetManager : Loading assets: 135/270 (50%)
2021-06-20 16:17:43,850 : EventManager : Event: ======'loading_assets'====== Args={'total': 270, 'loaded': 136, 'remaining': 134, 'percent': 50}
2021-06-20 16:17:43,850 : AssetManager : Loading assets: 136/270 (50%)
2021-06-20 16:17:44,067 : EventManager : Event: ======'loading_assets'====== Args={'total': 270, 'loaded': 140, 'remaining': 130, 'percent': 52}
2021-06-20 16:17:44,067 : AssetManager : Loading assets: 140/270 (52%)
2021-06-20 16:17:44,266 : EventManager : Event: ======'loading_assets'====== Args={'total': 270, 'loaded': 145, 'remaining': 125, 'percent': 54}
2021-06-20 16:17:44,266 : AssetManager : Loading assets: 145/270 (54%)
2021-06-20 16:17:45,034 : EventManager : Event: ======'loading_assets'====== Args={'total': 270, 'loaded': 150, 'remaining': 120, 'percent': 56}
2021-06-20 16:17:45,034 : AssetManager : Loading assets: 150/270 (56%)
2021-06-20 16:17:45,383 : EventManager : Event: ======'loading_assets'====== Args={'total': 270, 'loaded': 152, 'remaining': 118, 'percent': 56}
2021-06-20 16:17:45,383 : AssetManager : Loading assets: 152/270 (56%)
2021-06-20 16:17:45,700 : EventManager : Event: ======'loading_assets'====== Args={'total': 270, 'loaded': 156, 'remaining': 114, 'percent': 58}
2021-06-20 16:17:45,701 : AssetManager : Loading assets: 156/270 (58%)
2021-06-20 16:17:46,133 : EventManager : Event: ======'loading_assets'====== Args={'total': 270, 'loaded': 160, 'remaining': 110, 'percent': 59}
2021-06-20 16:17:46,133 : AssetManager : Loading assets: 160/270 (59%)
2021-06-20 16:17:46,400 : EventManager : Event: ======'loading_assets'====== Args={'total': 270, 'loaded': 162, 'remaining': 108, 'percent': 60}
2021-06-20 16:17:46,400 : AssetManager : Loading assets: 162/270 (60%)
2021-06-20 16:17:46,801 : EventManager : Event: ======'loading_assets'====== Args={'total': 270, 'loaded': 164, 'remaining': 106, 'percent': 61}
2021-06-20 16:17:46,801 : AssetManager : Loading assets: 164/270 (61%)
