2021-06-21 17:34:24,904 : kivy : Factory: 186 symbols loaded
2021-06-21 17:34:25,247 : kivy : ImageLoaderFFPy: Using ffpyplayer 4.3.2
2021-06-21 17:34:25,247 : kivy : Image: Providers: img_tex, img_dds, img_sdl2, img_pil, img_ffpyplayer 
2021-06-21 17:34:25,443 : kivy : VideoGstplayer: Using Gstreamer 1.18.0.0
2021-06-21 17:34:25,469 : kivy : Video: Provider: gstplayer
2021-06-21 17:34:25,646 : kivy : Loading MPF-MC controller
2021-06-21 17:34:26,002 : ConfigProcessor : Config spec file cache created: C:\Users\SCHOLT~1\AppData\Local\Temp\config_spec.mpf_cache
2021-06-21 17:34:26,002 : YamlMultifileConfigLoader : Machine config file #1: config
2021-06-21 17:34:26,002 : ConfigProcessor : Config file in cache changed: c:\users\scholtz_balint\appdata\local\programs\python\python36\lib\site-packages\mpfmc\mcconfig.yaml
2021-06-21 17:34:26,003 : ConfigProcessor : Loading config from file c:\users\scholtz_balint\appdata\local\programs\python\python36\lib\site-packages\mpfmc\mcconfig.yaml.
2021-06-21 17:34:26,044 : ConfigProcessor : Loading config: c:\users\scholtz_balint\appdata\local\programs\python\python36\lib\site-packages\mpfmc\mcconfig.yaml
2021-06-21 17:34:26,044 : ConfigProcessor : Loading config from file E:\MPF\wows\wows\config\config.
2021-06-21 17:34:26,257 : ConfigProcessor : Loading config: E:\MPF\wows\wows\config\config
2021-06-21 17:34:26,296 : ConfigProcessor : Loading config: E:\MPF\wows\wows\config\config_mode_support.yaml
2021-06-21 17:34:26,325 : ConfigProcessor : Loading config: E:\MPF\wows\wows\config\config_hc_support.yaml
2021-06-21 17:34:26,334 : ConfigProcessor : Loading config: E:\MPF\wows\wows\config\config_capture_support.yaml
2021-06-21 17:34:26,352 : ConfigProcessor : Loading config: E:\MPF\wows\wows\config\config_commander_support.yaml
2021-06-21 17:34:26,358 : ConfigProcessor : Config file cache created: C:\Users\SCHOLT~1\AppData\Local\Temp\31cdb3616eadb192a937c9afde929487.mpf_cache
2021-06-21 17:34:26,359 : ConfigProcessor : Loading config from cache: C:\Users\SCHOLT~1\AppData\Local\Temp\3dd0efc3fc2458bb25a941f6d23e6a9c.mpf_cache
2021-06-21 17:34:26,364 : ConfigProcessor : Loading config from cache: C:\Users\SCHOLT~1\AppData\Local\Temp\c7e3f646a6ae875a07a0c3d1323c1c71.mpf_cache
2021-06-21 17:34:26,373 : ConfigProcessor : Loading config from cache: C:\Users\SCHOLT~1\AppData\Local\Temp\3dd0efc3fc2458bb25a941f6d23e6a9c.mpf_cache
2021-06-21 17:34:26,373 : ConfigProcessor : Loading config from cache: C:\Users\SCHOLT~1\AppData\Local\Temp\3a8cfb4ac342a25cc8f91711ea4bafc2.mpf_cache
2021-06-21 17:34:26,378 : ConfigProcessor : Loading config from cache: C:\Users\SCHOLT~1\AppData\Local\Temp\479d7318d211ad46f9f0d828c96341f2.mpf_cache
2021-06-21 17:34:26,383 : ConfigProcessor : Loading config from cache: C:\Users\SCHOLT~1\AppData\Local\Temp\c96ee90647ae5b034e2dd42c348c42ad.mpf_cache
2021-06-21 17:34:26,389 : ConfigProcessor : Loading config from cache: C:\Users\SCHOLT~1\AppData\Local\Temp\ca0415bb38fd20ce1ae72b2592ece46e.mpf_cache
2021-06-21 17:34:26,393 : ConfigProcessor : Loading config from cache: C:\Users\SCHOLT~1\AppData\Local\Temp\72e9fea1cb562e40024eb5e8538ccaf2.mpf_cache
2021-06-21 17:34:26,398 : ConfigProcessor : Loading config from cache: C:\Users\SCHOLT~1\AppData\Local\Temp\c22c03646c3330fed25ec0d2c1900176.mpf_cache
2021-06-21 17:34:26,404 : ConfigProcessor : Loading config from cache: C:\Users\SCHOLT~1\AppData\Local\Temp\4f40b51a2a6ab6b3327b174347355c6f.mpf_cache
2021-06-21 17:34:26,409 : ConfigProcessor : Loading config from cache: C:\Users\SCHOLT~1\AppData\Local\Temp\39fabcdae38f081491893b3f9bf3922e.mpf_cache
2021-06-21 17:34:26,414 : ConfigProcessor : Loading config from cache: C:\Users\SCHOLT~1\AppData\Local\Temp\943ecf72a5798e3efec3d4f70c6ce1d2.mpf_cache
2021-06-21 17:34:26,420 : ConfigProcessor : Loading config from cache: C:\Users\SCHOLT~1\AppData\Local\Temp\04d9c03061fa17a1f6b23081f79db9ab.mpf_cache
2021-06-21 17:34:26,425 : ConfigProcessor : Loading config from cache: C:\Users\SCHOLT~1\AppData\Local\Temp\1ff29be1d22fb14fe5fd1c82a6918df4.mpf_cache
2021-06-21 17:34:26,430 : ConfigProcessor : Loading config from cache: C:\Users\SCHOLT~1\AppData\Local\Temp\f0ffd5ecaddfe34035bf3b1779215a88.mpf_cache
2021-06-21 17:34:26,436 : ConfigProcessor : Loading config from cache: C:\Users\SCHOLT~1\AppData\Local\Temp\b0de444617e3bf30a07f755a6d4831cc.mpf_cache
2021-06-21 17:34:26,440 : ConfigProcessor : Loading config from cache: C:\Users\SCHOLT~1\AppData\Local\Temp\200a9b2dddbe7706ffb4c4426b6d54a8.mpf_cache
2021-06-21 17:34:26,445 : ConfigProcessor : Loading config from cache: C:\Users\SCHOLT~1\AppData\Local\Temp\5ab98d4be1e8de85bea62364890eb2e9.mpf_cache
2021-06-21 17:34:26,450 : ConfigProcessor : Loading config from cache: C:\Users\SCHOLT~1\AppData\Local\Temp\4303dca7489148da2d256fc831cf8c96.mpf_cache
2021-06-21 17:34:26,455 : ConfigProcessor : Loading config from cache: C:\Users\SCHOLT~1\AppData\Local\Temp\e8fceecd8f65a6a7269e98c7961bbf6a.mpf_cache
2021-06-21 17:34:26,460 : ConfigProcessor : Loading config from cache: C:\Users\SCHOLT~1\AppData\Local\Temp\c84d6d08bf6f923cbcccfeeea02d2c8a.mpf_cache
2021-06-21 17:34:26,465 : ConfigProcessor : Loading config from cache: C:\Users\SCHOLT~1\AppData\Local\Temp\159a0b7ffc6de2ed1a8cdcd57b7df3c0.mpf_cache
2021-06-21 17:34:26,470 : ConfigProcessor : Loading config from cache: C:\Users\SCHOLT~1\AppData\Local\Temp\47da5935da57327449007069e0d0551c.mpf_cache
2021-06-21 17:34:26,475 : ConfigProcessor : Loading config from cache: C:\Users\SCHOLT~1\AppData\Local\Temp\b1234e2c44a33609dc2af4760c4a3f89.mpf_cache
2021-06-21 17:34:26,481 : ConfigProcessor : Loading config from cache: C:\Users\SCHOLT~1\AppData\Local\Temp\466eddfec572894d9eb472ce07aa5fba.mpf_cache
2021-06-21 17:34:26,486 : ConfigProcessor : Loading config from cache: C:\Users\SCHOLT~1\AppData\Local\Temp\93429a2a8e0859f6546b68f40c2a4656.mpf_cache
2021-06-21 17:34:26,491 : ConfigProcessor : Loading config from cache: C:\Users\SCHOLT~1\AppData\Local\Temp\95ae88fb094583fa2b4097c6df179650.mpf_cache
2021-06-21 17:34:26,496 : ConfigProcessor : Loading config from cache: C:\Users\SCHOLT~1\AppData\Local\Temp\de2d3fc178b15ce3807fa4ab35b9c965.mpf_cache
2021-06-21 17:34:26,501 : ConfigProcessor : Loading config from cache: C:\Users\SCHOLT~1\AppData\Local\Temp\0c80ca2179989d09b86c78c19ec87d9b.mpf_cache
2021-06-21 17:34:26,507 : ConfigProcessor : Loading config from cache: C:\Users\SCHOLT~1\AppData\Local\Temp\95e265efe14e4eb05d8d5c5689c9ae6b.mpf_cache
2021-06-21 17:34:26,512 : ConfigProcessor : Loading config from cache: C:\Users\SCHOLT~1\AppData\Local\Temp\ba047bbdc168fca96d58d351c4240916.mpf_cache
2021-06-21 17:34:26,517 : ConfigProcessor : Loading config from cache: C:\Users\SCHOLT~1\AppData\Local\Temp\7c1900736275ba8a713cfe77e991e929.mpf_cache
2021-06-21 17:34:26,523 : ConfigProcessor : Loading config from cache: C:\Users\SCHOLT~1\AppData\Local\Temp\db3d1ab92e5d5c563b40d82372434517.mpf_cache
2021-06-21 17:34:26,527 : ConfigProcessor : Loading config from cache: C:\Users\SCHOLT~1\AppData\Local\Temp\78980531363184480bbd7075661ced33.mpf_cache
2021-06-21 17:34:26,532 : ConfigProcessor : Loading config from cache: C:\Users\SCHOLT~1\AppData\Local\Temp\efcf079e5af2b94e88dae4e07273acc8.mpf_cache
2021-06-21 17:34:26,537 : ConfigProcessor : Loading config from cache: C:\Users\SCHOLT~1\AppData\Local\Temp\44231afd4be159e8c99041e8eb88670e.mpf_cache
2021-06-21 17:34:26,543 : mpfmc : Mission Pinball Framework Media Controller v0.55.0-dev.11
2021-06-21 17:34:26,543 : mpfmc : Mission Pinball Framework Game Engine v0.55.0-dev.58
2021-06-21 17:34:26,543 : mpfmc : Machine path: E:\MPF\wows\wows
2021-06-21 17:34:26,543 : mpfmc : Starting clock at 60.0Hz
2021-06-21 17:34:26,610 : kivy : Text: Provider: sdl2
2021-06-21 17:34:26,673 : kivy : Window: Provider: sdl2
2021-06-21 17:34:27,022 : kivy : GL: Using the "OpenGL" graphics system
2021-06-21 17:34:27,029 : kivy : GL: GLEW initialization succeeded
2021-06-21 17:34:27,029 : kivy : GL: Backend used <glew>
2021-06-21 17:34:27,029 : kivy : GL: OpenGL version <b'4.6.0 NVIDIA 391.35'>
2021-06-21 17:34:27,029 : kivy : GL: OpenGL vendor <b'NVIDIA Corporation'>
2021-06-21 17:34:27,029 : kivy : GL: OpenGL renderer <b'GeForce GTX 1060 6GB/PCIe/SSE2'>
2021-06-21 17:34:27,029 : kivy : GL: OpenGL parsed version: 4, 6
2021-06-21 17:34:27,029 : kivy : GL: Shading version <b'4.60 NVIDIA'>
2021-06-21 17:34:27,029 : kivy : GL: Texture max size <32768>
2021-06-21 17:34:27,030 : kivy : GL: Texture max units <32>
2021-06-21 17:34:27,069 : kivy : Window: auto add sdl2 input provider
2021-06-21 17:34:27,069 : kivy : Window: virtual keyboard not allowed, single mode, not docked
2021-06-21 17:34:35,058 : AudioInterface : Initialized
2021-06-21 17:34:35,058 : AudioInterface : Loaded SDL 2.0.12
2021-06-21 17:34:35,058 : AudioInterface : Loaded SDL_Mixer 2.0.4
2021-06-21 17:34:35,058 : AudioInterface : Loaded GStreamer 1.18.0.0
2021-06-21 17:34:35,058 : AudioInterface : Loaded GLib 2.62.6
2021-06-21 17:34:35,058 : AudioInterface : Settings requested - rate: 44100, channels: 1, buffer: 2048 samples
2021-06-21 17:34:35,058 : AudioInterface : Settings in use - rate: 44100, channels: 1, buffer: 2048 samples (4096 bytes @ 2 bytes per sample)
2021-06-21 17:34:35,059 : AudioInterface : Enabling audio playback
2021-06-21 17:34:35,061 : kivy : Base: Start application main loop
2021-06-21 17:34:35,061 : EventManager : Event: ======'display_dmd_initialized'====== Args={}
2021-06-21 17:34:35,073 : mpfmc : Display: Setting 'dmd' as default display
2021-06-21 17:34:35,123 : kivy : GL: NPOT texture support is available
2021-06-21 17:34:35,133 : EventManager : Event: ======'displays_initialized'====== Args={}
2021-06-21 17:34:35,134 : EventManager : Event: ======'slide_dmd_blank_created'====== Args={}
2021-06-21 17:34:35,134 : EventManager : Event: ======'display_dmd_ready'====== Args={}
2021-06-21 17:34:35,142 : EventManager : Event: ======'init_phase_1'====== Args={}
2021-06-21 17:34:35,149 : EventManager : Event: ======'mc_ready'====== Args={}
2021-06-21 17:34:35,149 : EventManager : Event: ======'init_phase_2'====== Args={}
2021-06-21 17:34:35,236 : EventManager : Event: ======'init_phase_3'====== Args={}
2021-06-21 17:34:35,258 : EventManager : Event: ======'init_phase_4'====== Args={}
2021-06-21 17:34:35,258 : EventManager : Event: ======'init_phase_5'====== Args={}
2021-06-21 17:34:35,268 : EventManager : Event: ======'loading_assets'====== Args={'total': 270, 'loaded': 1, 'remaining': 269, 'percent': 0}
2021-06-21 17:34:35,268 : AssetManager : Loading assets: 1/270 (0%)
2021-06-21 17:34:37,342 : EventManager : Event: ======'loading_assets'====== Args={'total': 270, 'loaded': 3, 'remaining': 267, 'percent': 1}
2021-06-21 17:34:37,342 : AssetManager : Loading assets: 3/270 (1%)
2021-06-21 17:34:37,776 : EventManager : Event: ======'loading_assets'====== Args={'total': 270, 'loaded': 5, 'remaining': 265, 'percent': 2}
2021-06-21 17:34:37,776 : AssetManager : Loading assets: 5/270 (2%)
2021-06-21 17:34:38,542 : EventManager : Event: ======'loading_assets'====== Args={'total': 270, 'loaded': 6, 'remaining': 264, 'percent': 2}
2021-06-21 17:34:38,542 : AssetManager : Loading assets: 6/270 (2%)
2021-06-21 17:34:39,443 : EventManager : Event: ======'loading_assets'====== Args={'total': 270, 'loaded': 8, 'remaining': 262, 'percent': 3}
2021-06-21 17:34:39,443 : AssetManager : Loading assets: 8/270 (3%)
2021-06-21 17:34:40,293 : EventManager : Event: ======'loading_assets'====== Args={'total': 270, 'loaded': 10, 'remaining': 260, 'percent': 4}
2021-06-21 17:34:40,293 : AssetManager : Loading assets: 10/270 (4%)
2021-06-21 17:34:41,260 : EventManager : Event: ======'loading_assets'====== Args={'total': 270, 'loaded': 13, 'remaining': 257, 'percent': 5}
2021-06-21 17:34:41,260 : AssetManager : Loading assets: 13/270 (5%)
2021-06-21 17:34:41,493 : EventManager : Event: ======'loading_assets'====== Args={'total': 270, 'loaded': 15, 'remaining': 255, 'percent': 6}
2021-06-21 17:34:41,493 : AssetManager : Loading assets: 15/270 (6%)
2021-06-21 17:34:42,092 : EventManager : Event: ======'loading_assets'====== Args={'total': 270, 'loaded': 23, 'remaining': 247, 'percent': 9}
2021-06-21 17:34:42,092 : AssetManager : Loading assets: 23/270 (9%)
2021-06-21 17:34:42,476 : EventManager : Event: ======'loading_assets'====== Args={'total': 270, 'loaded': 26, 'remaining': 244, 'percent': 10}
2021-06-21 17:34:42,476 : AssetManager : Loading assets: 26/270 (10%)
2021-06-21 17:34:42,793 : EventManager : Event: ======'loading_assets'====== Args={'total': 270, 'loaded': 27, 'remaining': 243, 'percent': 10}
2021-06-21 17:34:42,793 : AssetManager : Loading assets: 27/270 (10%)
2021-06-21 17:34:43,010 : EventManager : Event: ======'loading_assets'====== Args={'total': 270, 'loaded': 28, 'remaining': 242, 'percent': 10}
2021-06-21 17:34:43,010 : AssetManager : Loading assets: 28/270 (10%)
2021-06-21 17:34:43,259 : EventManager : Event: ======'loading_assets'====== Args={'total': 270, 'loaded': 30, 'remaining': 240, 'percent': 11}
2021-06-21 17:34:43,259 : AssetManager : Loading assets: 30/270 (11%)
2021-06-21 17:34:43,543 : EventManager : Event: ======'loading_assets'====== Args={'total': 270, 'loaded': 34, 'remaining': 236, 'percent': 13}
2021-06-21 17:34:43,543 : AssetManager : Loading assets: 34/270 (13%)
2021-06-21 17:34:43,793 : EventManager : Event: ======'loading_assets'====== Args={'total': 270, 'loaded': 40, 'remaining': 230, 'percent': 15}
2021-06-21 17:34:43,793 : AssetManager : Loading assets: 40/270 (15%)
2021-06-21 17:34:44,009 : EventManager : Event: ======'loading_assets'====== Args={'total': 270, 'loaded': 44, 'remaining': 226, 'percent': 16}
2021-06-21 17:34:44,009 : AssetManager : Loading assets: 44/270 (16%)
2021-06-21 17:34:44,226 : EventManager : Event: ======'loading_assets'====== Args={'total': 270, 'loaded': 50, 'remaining': 220, 'percent': 19}
2021-06-21 17:34:44,226 : AssetManager : Loading assets: 50/270 (19%)
2021-06-21 17:34:44,492 : EventManager : Event: ======'loading_assets'====== Args={'total': 270, 'loaded': 54, 'remaining': 216, 'percent': 20}
2021-06-21 17:34:44,493 : AssetManager : Loading assets: 54/270 (20%)
2021-06-21 17:34:45,010 : EventManager : Event: ======'loading_assets'====== Args={'total': 270, 'loaded': 55, 'remaining': 215, 'percent': 20}
2021-06-21 17:34:45,010 : AssetManager : Loading assets: 55/270 (20%)
2021-06-21 17:34:45,259 : EventManager : Event: ======'loading_assets'====== Args={'total': 270, 'loaded': 58, 'remaining': 212, 'percent': 21}
2021-06-21 17:34:45,259 : AssetManager : Loading assets: 58/270 (21%)
2021-06-21 17:34:45,509 : EventManager : Event: ======'loading_assets'====== Args={'total': 270, 'loaded': 61, 'remaining': 209, 'percent': 23}
2021-06-21 17:34:45,510 : AssetManager : Loading assets: 61/270 (23%)
2021-06-21 17:34:45,743 : EventManager : Event: ======'loading_assets'====== Args={'total': 270, 'loaded': 64, 'remaining': 206, 'percent': 24}
2021-06-21 17:34:45,743 : AssetManager : Loading assets: 64/270 (24%)
2021-06-21 17:34:46,110 : EventManager : Event: ======'loading_assets'====== Args={'total': 270, 'loaded': 66, 'remaining': 204, 'percent': 24}
2021-06-21 17:34:46,110 : AssetManager : Loading assets: 66/270 (24%)
2021-06-21 17:34:46,328 : EventManager : Event: ======'loading_assets'====== Args={'total': 270, 'loaded': 71, 'remaining': 199, 'percent': 26}
2021-06-21 17:34:46,329 : AssetManager : Loading assets: 71/270 (26%)
2021-06-21 17:34:46,610 : EventManager : Event: ======'loading_assets'====== Args={'total': 270, 'loaded': 75, 'remaining': 195, 'percent': 28}
2021-06-21 17:34:46,610 : AssetManager : Loading assets: 75/270 (28%)
2021-06-21 17:34:46,827 : EventManager : Event: ======'loading_assets'====== Args={'total': 270, 'loaded': 76, 'remaining': 194, 'percent': 28}
2021-06-21 17:34:46,827 : AssetManager : Loading assets: 76/270 (28%)
2021-06-21 17:34:48,043 : EventManager : Event: ======'loading_assets'====== Args={'total': 270, 'loaded': 78, 'remaining': 192, 'percent': 29}
2021-06-21 17:34:48,043 : AssetManager : Loading assets: 78/270 (29%)
2021-06-21 17:34:48,380 : EventManager : Event: ======'loading_assets'====== Args={'total': 270, 'loaded': 79, 'remaining': 191, 'percent': 29}
2021-06-21 17:34:48,381 : AssetManager : Loading assets: 79/270 (29%)
2021-06-21 17:34:48,859 : EventManager : Event: ======'loading_assets'====== Args={'total': 270, 'loaded': 91, 'remaining': 179, 'percent': 34}
2021-06-21 17:34:48,859 : AssetManager : Loading assets: 91/270 (34%)
2021-06-21 17:34:49,176 : EventManager : Event: ======'loading_assets'====== Args={'total': 270, 'loaded': 92, 'remaining': 178, 'percent': 34}
2021-06-21 17:34:49,176 : AssetManager : Loading assets: 92/270 (34%)
2021-06-21 17:34:49,576 : EventManager : Event: ======'loading_assets'====== Args={'total': 270, 'loaded': 93, 'remaining': 177, 'percent': 34}
2021-06-21 17:34:49,577 : AssetManager : Loading assets: 93/270 (34%)
2021-06-21 17:34:49,843 : EventManager : Event: ======'loading_assets'====== Args={'total': 270, 'loaded': 97, 'remaining': 173, 'percent': 36}
2021-06-21 17:34:49,843 : AssetManager : Loading assets: 97/270 (36%)
2021-06-21 17:34:50,059 : EventManager : Event: ======'loading_assets'====== Args={'total': 270, 'loaded': 100, 'remaining': 170, 'percent': 37}
2021-06-21 17:34:50,059 : AssetManager : Loading assets: 100/270 (37%)
2021-06-21 17:34:50,643 : EventManager : Event: ======'loading_assets'====== Args={'total': 270, 'loaded': 101, 'remaining': 169, 'percent': 37}
2021-06-21 17:34:50,643 : AssetManager : Loading assets: 101/270 (37%)
2021-06-21 17:34:51,560 : EventManager : Event: ======'loading_assets'====== Args={'total': 270, 'loaded': 102, 'remaining': 168, 'percent': 38}
2021-06-21 17:34:51,561 : AssetManager : Loading assets: 102/270 (38%)
2021-06-21 17:34:52,460 : EventManager : Event: ======'loading_assets'====== Args={'total': 270, 'loaded': 104, 'remaining': 166, 'percent': 39}
2021-06-21 17:34:52,460 : AssetManager : Loading assets: 104/270 (39%)
2021-06-21 17:34:53,877 : EventManager : Event: ======'loading_assets'====== Args={'total': 270, 'loaded': 105, 'remaining': 165, 'percent': 39}
2021-06-21 17:34:53,877 : AssetManager : Loading assets: 105/270 (39%)
2021-06-21 17:34:54,810 : EventManager : Event: ======'loading_assets'====== Args={'total': 270, 'loaded': 106, 'remaining': 164, 'percent': 39}
2021-06-21 17:34:54,811 : AssetManager : Loading assets: 106/270 (39%)
2021-06-21 17:34:55,977 : EventManager : Event: ======'loading_assets'====== Args={'total': 270, 'loaded': 107, 'remaining': 163, 'percent': 40}
2021-06-21 17:34:55,977 : AssetManager : Loading assets: 107/270 (40%)
2021-06-21 17:34:56,210 : EventManager : Event: ======'loading_assets'====== Args={'total': 270, 'loaded': 110, 'remaining': 160, 'percent': 41}
2021-06-21 17:34:56,210 : AssetManager : Loading assets: 110/270 (41%)
2021-06-21 17:34:56,494 : EventManager : Event: ======'loading_assets'====== Args={'total': 270, 'loaded': 111, 'remaining': 159, 'percent': 41}
2021-06-21 17:34:56,494 : AssetManager : Loading assets: 111/270 (41%)
2021-06-21 17:34:57,010 : EventManager : Event: ======'loading_assets'====== Args={'total': 270, 'loaded': 112, 'remaining': 158, 'percent': 41}
2021-06-21 17:34:57,010 : AssetManager : Loading assets: 112/270 (41%)
2021-06-21 17:34:57,210 : EventManager : Event: ======'loading_assets'====== Args={'total': 270, 'loaded': 115, 'remaining': 155, 'percent': 43}
2021-06-21 17:34:57,210 : AssetManager : Loading assets: 115/270 (43%)
2021-06-21 17:34:57,594 : EventManager : Event: ======'loading_assets'====== Args={'total': 270, 'loaded': 116, 'remaining': 154, 'percent': 43}
2021-06-21 17:34:57,594 : AssetManager : Loading assets: 116/270 (43%)
2021-06-21 17:34:57,911 : EventManager : Event: ======'loading_assets'====== Args={'total': 270, 'loaded': 117, 'remaining': 153, 'percent': 43}
2021-06-21 17:34:57,911 : AssetManager : Loading assets: 117/270 (43%)
2021-06-21 17:34:58,477 : EventManager : Event: ======'loading_assets'====== Args={'total': 270, 'loaded': 118, 'remaining': 152, 'percent': 44}
2021-06-21 17:34:58,478 : AssetManager : Loading assets: 118/270 (44%)
2021-06-21 17:34:58,844 : EventManager : Event: ======'loading_assets'====== Args={'total': 270, 'loaded': 119, 'remaining': 151, 'percent': 44}
2021-06-21 17:34:58,844 : AssetManager : Loading assets: 119/270 (44%)
2021-06-21 17:34:59,161 : EventManager : Event: ======'loading_assets'====== Args={'total': 270, 'loaded': 120, 'remaining': 150, 'percent': 44}
2021-06-21 17:34:59,161 : AssetManager : Loading assets: 120/270 (44%)
2021-06-21 17:34:59,627 : EventManager : Event: ======'loading_assets'====== Args={'total': 270, 'loaded': 121, 'remaining': 149, 'percent': 45}
2021-06-21 17:34:59,627 : AssetManager : Loading assets: 121/270 (45%)
2021-06-21 17:35:00,044 : EventManager : Event: ======'loading_assets'====== Args={'total': 270, 'loaded': 122, 'remaining': 148, 'percent': 45}
2021-06-21 17:35:00,044 : AssetManager : Loading assets: 122/270 (45%)
2021-06-21 17:35:00,377 : EventManager : Event: ======'loading_assets'====== Args={'total': 270, 'loaded': 123, 'remaining': 147, 'percent': 46}
2021-06-21 17:35:00,377 : AssetManager : Loading assets: 123/270 (46%)
2021-06-21 17:35:00,927 : EventManager : Event: ======'loading_assets'====== Args={'total': 270, 'loaded': 124, 'remaining': 146, 'percent': 46}
2021-06-21 17:35:00,927 : AssetManager : Loading assets: 124/270 (46%)
2021-06-21 17:35:01,444 : EventManager : Event: ======'loading_assets'====== Args={'total': 270, 'loaded': 125, 'remaining': 145, 'percent': 46}
2021-06-21 17:35:01,444 : AssetManager : Loading assets: 125/270 (46%)
2021-06-21 17:35:01,910 : EventManager : Event: ======'loading_assets'====== Args={'total': 270, 'loaded': 134, 'remaining': 136, 'percent': 50}
2021-06-21 17:35:01,910 : AssetManager : Loading assets: 134/270 (50%)
2021-06-21 17:35:02,294 : EventManager : Event: ======'loading_assets'====== Args={'total': 270, 'loaded': 135, 'remaining': 135, 'percent': 50}
2021-06-21 17:35:02,294 : AssetManager : Loading assets: 135/270 (50%)
2021-06-21 17:35:02,660 : EventManager : Event: ======'loading_assets'====== Args={'total': 270, 'loaded': 136, 'remaining': 134, 'percent': 50}
2021-06-21 17:35:02,660 : AssetManager : Loading assets: 136/270 (50%)
2021-06-21 17:35:02,894 : EventManager : Event: ======'loading_assets'====== Args={'total': 270, 'loaded': 139, 'remaining': 131, 'percent': 51}
2021-06-21 17:35:02,894 : AssetManager : Loading assets: 139/270 (51%)
2021-06-21 17:35:03,110 : EventManager : Event: ======'loading_assets'====== Args={'total': 270, 'loaded': 143, 'remaining': 127, 'percent': 53}
2021-06-21 17:35:03,110 : AssetManager : Loading assets: 143/270 (53%)
2021-06-21 17:35:03,377 : EventManager : Event: ======'loading_assets'====== Args={'total': 270, 'loaded': 147, 'remaining': 123, 'percent': 54}
2021-06-21 17:35:03,377 : AssetManager : Loading assets: 147/270 (54%)
2021-06-21 17:35:04,327 : EventManager : Event: ======'loading_assets'====== Args={'total': 270, 'loaded': 150, 'remaining': 120, 'percent': 56}
2021-06-21 17:35:04,327 : AssetManager : Loading assets: 150/270 (56%)
2021-06-21 17:35:05,377 : EventManager : Event: ======'loading_assets'====== Args={'total': 270, 'loaded': 152, 'remaining': 118, 'percent': 56}
2021-06-21 17:35:05,377 : AssetManager : Loading assets: 152/270 (56%)
2021-06-21 17:35:06,644 : EventManager : Event: ======'loading_assets'====== Args={'total': 270, 'loaded': 154, 'remaining': 116, 'percent': 57}
2021-06-21 17:35:06,644 : AssetManager : Loading assets: 154/270 (57%)
2021-06-21 17:35:07,728 : EventManager : Event: ======'loading_assets'====== Args={'total': 270, 'loaded': 156, 'remaining': 114, 'percent': 58}
2021-06-21 17:35:07,728 : AssetManager : Loading assets: 156/270 (58%)
2021-06-21 17:35:08,295 : EventManager : Event: ======'loading_assets'====== Args={'total': 270, 'loaded': 158, 'remaining': 112, 'percent': 59}
2021-06-21 17:35:08,295 : AssetManager : Loading assets: 158/270 (59%)
2021-06-21 17:35:08,595 : EventManager : Event: ======'loading_assets'====== Args={'total': 270, 'loaded': 159, 'remaining': 111, 'percent': 59}
2021-06-21 17:35:08,595 : AssetManager : Loading assets: 159/270 (59%)
2021-06-21 17:35:09,378 : EventManager : Event: ======'loading_assets'====== Args={'total': 270, 'loaded': 160, 'remaining': 110, 'percent': 59}
2021-06-21 17:35:09,378 : AssetManager : Loading assets: 160/270 (59%)
2021-06-21 17:35:10,111 : EventManager : Event: ======'loading_assets'====== Args={'total': 270, 'loaded': 162, 'remaining': 108, 'percent': 60}
2021-06-21 17:35:10,111 : AssetManager : Loading assets: 162/270 (60%)
2021-06-21 17:35:11,261 : EventManager : Event: ======'loading_assets'====== Args={'total': 270, 'loaded': 164, 'remaining': 106, 'percent': 61}
2021-06-21 17:35:11,262 : AssetManager : Loading assets: 164/270 (61%)
2021-06-21 17:35:12,028 : EventManager : Event: ======'loading_assets'====== Args={'total': 270, 'loaded': 166, 'remaining': 104, 'percent': 61}
2021-06-21 17:35:12,028 : AssetManager : Loading assets: 166/270 (61%)
2021-06-21 17:35:12,661 : EventManager : Event: ======'loading_assets'====== Args={'total': 270, 'loaded': 168, 'remaining': 102, 'percent': 62}
2021-06-21 17:35:12,662 : AssetManager : Loading assets: 168/270 (62%)
2021-06-21 17:35:12,927 : EventManager : Event: ======'loading_assets'====== Args={'total': 270, 'loaded': 170, 'remaining': 100, 'percent': 63}
2021-06-21 17:35:12,928 : AssetManager : Loading assets: 170/270 (63%)
2021-06-21 17:35:13,578 : EventManager : Event: ======'loading_assets'====== Args={'total': 270, 'loaded': 173, 'remaining': 97, 'percent': 64}
2021-06-21 17:35:13,578 : AssetManager : Loading assets: 173/270 (64%)
2021-06-21 17:35:13,944 : EventManager : Event: ======'loading_assets'====== Args={'total': 270, 'loaded': 176, 'remaining': 94, 'percent': 65}
2021-06-21 17:35:13,945 : AssetManager : Loading assets: 176/270 (65%)
2021-06-21 17:35:14,328 : EventManager : Event: ======'loading_assets'====== Args={'total': 270, 'loaded': 177, 'remaining': 93, 'percent': 66}
2021-06-21 17:35:14,328 : AssetManager : Loading assets: 177/270 (66%)
2021-06-21 17:35:14,711 : EventManager : Event: ======'loading_assets'====== Args={'total': 270, 'loaded': 179, 'remaining': 91, 'percent': 66}
2021-06-21 17:35:14,711 : AssetManager : Loading assets: 179/270 (66%)
2021-06-21 17:35:15,044 : EventManager : Event: ======'loading_assets'====== Args={'total': 270, 'loaded': 181, 'remaining': 89, 'percent': 67}
2021-06-21 17:35:15,044 : AssetManager : Loading assets: 181/270 (67%)
2021-06-21 17:35:15,294 : EventManager : Event: ======'loading_assets'====== Args={'total': 270, 'loaded': 184, 'remaining': 86, 'percent': 68}
2021-06-21 17:35:15,295 : AssetManager : Loading assets: 184/270 (68%)
2021-06-21 17:35:15,528 : EventManager : Event: ======'loading_assets'====== Args={'total': 270, 'loaded': 185, 'remaining': 85, 'percent': 69}
2021-06-21 17:35:15,528 : AssetManager : Loading assets: 185/270 (69%)
2021-06-21 17:35:15,745 : EventManager : Event: ======'loading_assets'====== Args={'total': 270, 'loaded': 186, 'remaining': 84, 'percent': 69}
2021-06-21 17:35:15,745 : AssetManager : Loading assets: 186/270 (69%)
2021-06-21 17:35:16,278 : EventManager : Event: ======'loading_assets'====== Args={'total': 270, 'loaded': 189, 'remaining': 81, 'percent': 70}
2021-06-21 17:35:16,278 : AssetManager : Loading assets: 189/270 (70%)
2021-06-21 17:35:16,512 : EventManager : Event: ======'loading_assets'====== Args={'total': 270, 'loaded': 190, 'remaining': 80, 'percent': 70}
2021-06-21 17:35:16,512 : AssetManager : Loading assets: 190/270 (70%)
2021-06-21 17:35:17,062 : EventManager : Event: ======'loading_assets'====== Args={'total': 270, 'loaded': 191, 'remaining': 79, 'percent': 71}
2021-06-21 17:35:17,062 : AssetManager : Loading assets: 191/270 (71%)
2021-06-21 17:35:17,461 : EventManager : Event: ======'loading_assets'====== Args={'total': 270, 'loaded': 193, 'remaining': 77, 'percent': 71}
2021-06-21 17:35:17,461 : AssetManager : Loading assets: 193/270 (71%)
2021-06-21 17:35:17,661 : EventManager : Event: ======'loading_assets'====== Args={'total': 270, 'loaded': 194, 'remaining': 76, 'percent': 72}
2021-06-21 17:35:17,661 : AssetManager : Loading assets: 194/270 (72%)
2021-06-21 17:35:17,911 : EventManager : Event: ======'loading_assets'====== Args={'total': 270, 'loaded': 196, 'remaining': 74, 'percent': 73}
2021-06-21 17:35:17,912 : AssetManager : Loading assets: 196/270 (73%)
2021-06-21 17:35:18,429 : EventManager : Event: ======'loading_assets'====== Args={'total': 270, 'loaded': 198, 'remaining': 72, 'percent': 73}
2021-06-21 17:35:18,429 : AssetManager : Loading assets: 198/270 (73%)
2021-06-21 17:35:18,879 : EventManager : Event: ======'loading_assets'====== Args={'total': 270, 'loaded': 199, 'remaining': 71, 'percent': 74}
2021-06-21 17:35:18,879 : AssetManager : Loading assets: 199/270 (74%)
2021-06-21 17:35:19,362 : EventManager : Event: ======'loading_assets'====== Args={'total': 270, 'loaded': 202, 'remaining': 68, 'percent': 75}
2021-06-21 17:35:19,362 : AssetManager : Loading assets: 202/270 (75%)
2021-06-21 17:35:19,628 : EventManager : Event: ======'loading_assets'====== Args={'total': 270, 'loaded': 203, 'remaining': 67, 'percent': 75}
2021-06-21 17:35:19,629 : AssetManager : Loading assets: 203/270 (75%)
2021-06-21 17:35:20,079 : EventManager : Event: ======'loading_assets'====== Args={'total': 270, 'loaded': 204, 'remaining': 66, 'percent': 76}
2021-06-21 17:35:20,079 : AssetManager : Loading assets: 204/270 (76%)
2021-06-21 17:35:20,428 : EventManager : Event: ======'loading_assets'====== Args={'total': 270, 'loaded': 207, 'remaining': 63, 'percent': 77}
2021-06-21 17:35:20,428 : AssetManager : Loading assets: 207/270 (77%)
2021-06-21 17:35:20,828 : EventManager : Event: ======'loading_assets'====== Args={'total': 270, 'loaded': 209, 'remaining': 61, 'percent': 77}
2021-06-21 17:35:20,828 : AssetManager : Loading assets: 209/270 (77%)
2021-06-21 17:35:22,329 : EventManager : Event: ======'loading_assets'====== Args={'total': 270, 'loaded': 212, 'remaining': 58, 'percent': 79}
2021-06-21 17:35:22,329 : AssetManager : Loading assets: 212/270 (79%)
2021-06-21 17:35:22,729 : EventManager : Event: ======'loading_assets'====== Args={'total': 270, 'loaded': 214, 'remaining': 56, 'percent': 79}
2021-06-21 17:35:22,729 : AssetManager : Loading assets: 214/270 (79%)
2021-06-21 17:35:22,961 : EventManager : Event: ======'loading_assets'====== Args={'total': 270, 'loaded': 218, 'remaining': 52, 'percent': 81}
2021-06-21 17:35:22,961 : AssetManager : Loading assets: 218/270 (81%)
2021-06-21 17:35:23,161 : EventManager : Event: ======'loading_assets'====== Args={'total': 270, 'loaded': 221, 'remaining': 49, 'percent': 82}
2021-06-21 17:35:23,162 : AssetManager : Loading assets: 221/270 (82%)
2021-06-21 17:35:23,412 : EventManager : Event: ======'loading_assets'====== Args={'total': 270, 'loaded': 224, 'remaining': 46, 'percent': 83}
2021-06-21 17:35:23,412 : AssetManager : Loading assets: 224/270 (83%)
2021-06-21 17:35:23,678 : EventManager : Event: ======'loading_assets'====== Args={'total': 270, 'loaded': 228, 'remaining': 42, 'percent': 84}
2021-06-21 17:35:23,678 : AssetManager : Loading assets: 228/270 (84%)
2021-06-21 17:35:23,895 : EventManager : Event: ======'loading_assets'====== Args={'total': 270, 'loaded': 231, 'remaining': 39, 'percent': 86}
2021-06-21 17:35:23,895 : AssetManager : Loading assets: 231/270 (86%)
2021-06-21 17:35:24,095 : EventManager : Event: ======'loading_assets'====== Args={'total': 270, 'loaded': 234, 'remaining': 36, 'percent': 87}
2021-06-21 17:35:24,095 : AssetManager : Loading assets: 234/270 (87%)
2021-06-21 17:35:24,378 : EventManager : Event: ======'loading_assets'====== Args={'total': 270, 'loaded': 238, 'remaining': 32, 'percent': 88}
2021-06-21 17:35:24,378 : AssetManager : Loading assets: 238/270 (88%)
2021-06-21 17:35:24,628 : EventManager : Event: ======'loading_assets'====== Args={'total': 270, 'loaded': 243, 'remaining': 27, 'percent': 90}
2021-06-21 17:35:24,628 : AssetManager : Loading assets: 243/270 (90%)
2021-06-21 17:35:25,129 : EventManager : Event: ======'loading_assets'====== Args={'total': 270, 'loaded': 247, 'remaining': 23, 'percent': 91}
2021-06-21 17:35:25,129 : AssetManager : Loading assets: 247/270 (91%)
2021-06-21 17:35:25,495 : EventManager : Event: ======'loading_assets'====== Args={'total': 270, 'loaded': 249, 'remaining': 21, 'percent': 92}
2021-06-21 17:35:25,495 : AssetManager : Loading assets: 249/270 (92%)
2021-06-21 17:35:25,729 : EventManager : Event: ======'loading_assets'====== Args={'total': 270, 'loaded': 250, 'remaining': 20, 'percent': 93}
2021-06-21 17:35:25,729 : AssetManager : Loading assets: 250/270 (93%)
2021-06-21 17:35:25,945 : EventManager : Event: ======'loading_assets'====== Args={'total': 270, 'loaded': 251, 'remaining': 19, 'percent': 93}
2021-06-21 17:35:25,945 : AssetManager : Loading assets: 251/270 (93%)
2021-06-21 17:35:26,396 : EventManager : Event: ======'loading_assets'====== Args={'total': 270, 'loaded': 253, 'remaining': 17, 'percent': 94}
2021-06-21 17:35:26,396 : AssetManager : Loading assets: 253/270 (94%)
2021-06-21 17:35:26,779 : EventManager : Event: ======'loading_assets'====== Args={'total': 270, 'loaded': 254, 'remaining': 16, 'percent': 94}
2021-06-21 17:35:26,779 : AssetManager : Loading assets: 254/270 (94%)
2021-06-21 17:35:27,395 : EventManager : Event: ======'loading_assets'====== Args={'total': 270, 'loaded': 258, 'remaining': 12, 'percent': 96}
2021-06-21 17:35:27,396 : AssetManager : Loading assets: 258/270 (96%)
2021-06-21 17:35:27,645 : EventManager : Event: ======'loading_assets'====== Args={'total': 270, 'loaded': 261, 'remaining': 9, 'percent': 97}
2021-06-21 17:35:27,646 : AssetManager : Loading assets: 261/270 (97%)
2021-06-21 17:35:27,862 : EventManager : Event: ======'loading_assets'====== Args={'total': 270, 'loaded': 265, 'remaining': 5, 'percent': 98}
2021-06-21 17:35:27,862 : AssetManager : Loading assets: 265/270 (98%)
2021-06-21 17:35:28,095 : EventManager : Event: ======'loading_assets'====== Args={'total': 270, 'loaded': 270, 'remaining': 0, 'percent': 100}
2021-06-21 17:35:28,095 : AssetManager : Asset loading took: 53.035998821258545
2021-06-21 17:35:28,095 : EventManager : Event: ======'asset_loading_complete'====== Args={}
2021-06-21 17:35:28,095 : AssetManager : Loading assets: 270/270 (100%)
2021-06-21 17:35:28,095 : EventManager : Event: ======'init_done'====== Args={}
2021-06-21 17:35:28,096 : MPF-MC BCP Server : Starting up on localhost port 5050
2021-06-21 17:35:28,098 : MPF-MC BCP Server : Waiting for a connection...
2021-06-21 17:35:28,099 : EventManager : Event: ======'client_disconnected'====== Args={'host': '127.0.0.1', 'port': 5050}
