2021-01-22 17:22:55,973 : kivy : Factory: 184 symbols loaded
2021-01-22 17:22:56,076 : kivy : ImageLoaderFFPy: Using ffpyplayer 4.3.1
2021-01-22 17:22:56,077 : kivy : Image: Providers: img_tex, img_dds, img_sdl2, img_pil, img_ffpyplayer, img_gif 
2021-01-22 17:22:56,121 : kivy : VideoGstplayer: Using Gstreamer 1.16.0.0
2021-01-22 17:22:56,121 : kivy : Video: Provider: gstplayer
2021-01-22 17:22:56,191 : kivy : Loading MPF-MC controller
2021-01-22 17:22:56,193 : YamlMultifileConfigLoader : Machine config file #1: config
2021-01-22 17:22:56,193 : ConfigProcessor : Config file in cache changed: E:\MPF\wows\wows\config\config
2021-01-22 17:22:56,194 : ConfigProcessor : Loading config from file c:\users\schol\appdata\local\programs\python\python36\lib\site-packages\mpfmc\mcconfig.yaml.
2021-01-22 17:22:56,282 : ConfigProcessor : Loading config: c:\users\schol\appdata\local\programs\python\python36\lib\site-packages\mpfmc\mcconfig.yaml
2021-01-22 17:22:56,283 : ConfigProcessor : Loading config from file E:\MPF\wows\wows\config\config.
2021-01-22 17:22:56,531 : ConfigProcessor : Loading config: E:\MPF\wows\wows\config\config
2021-01-22 17:22:56,569 : ConfigProcessor : Loading config: E:\MPF\wows\wows\config\config_mode_support.yaml
2021-01-22 17:22:56,595 : ConfigProcessor : Loading config: E:\MPF\wows\wows\config\config_hc_support.yaml
2021-01-22 17:22:56,601 : ConfigProcessor : Config file cache created: C:\Users\schol\AppData\Local\Temp\051200dc57c22661ccd061bb2017f3a6.mpf_cache
2021-01-22 17:22:56,601 : ConfigProcessor : Loading config from cache: C:\Users\schol\AppData\Local\Temp\d7d60495530237b374578b281bb65f31.mpf_cache
2021-01-22 17:22:56,602 : ConfigProcessor : Loading config from cache: C:\Users\schol\AppData\Local\Temp\cd9adc04f71a18563c8a43d82180f6f2.mpf_cache
2021-01-22 17:22:56,602 : ConfigProcessor : Loading config from cache: C:\Users\schol\AppData\Local\Temp\d7d60495530237b374578b281bb65f31.mpf_cache
2021-01-22 17:22:56,603 : ConfigProcessor : Loading config from cache: C:\Users\schol\AppData\Local\Temp\4bea832e3562a43fbe38f9764d71c298.mpf_cache
2021-01-22 17:22:56,603 : ConfigProcessor : Loading config from cache: C:\Users\schol\AppData\Local\Temp\45b3b9aa5591eaef8a230445e70fa468.mpf_cache
2021-01-22 17:22:56,604 : ConfigProcessor : Loading config from cache: C:\Users\schol\AppData\Local\Temp\c96ee90647ae5b034e2dd42c348c42ad.mpf_cache
2021-01-22 17:22:56,604 : ConfigProcessor : Loading config from cache: C:\Users\schol\AppData\Local\Temp\ca0415bb38fd20ce1ae72b2592ece46e.mpf_cache
2021-01-22 17:22:56,604 : ConfigProcessor : Loading config from cache: C:\Users\schol\AppData\Local\Temp\72e9fea1cb562e40024eb5e8538ccaf2.mpf_cache
2021-01-22 17:22:56,605 : ConfigProcessor : Loading config from cache: C:\Users\schol\AppData\Local\Temp\c22c03646c3330fed25ec0d2c1900176.mpf_cache
2021-01-22 17:22:56,605 : ConfigProcessor : Config file in cache changed: E:\MPF\wows\wows\modes\capture_hurryup\config\capture_hurryup.yaml
2021-01-22 17:22:56,605 : ConfigProcessor : Loading config from file E:\MPF\wows\wows\modes\capture_hurryup\config\capture_hurryup.yaml.
