2021-06-20 16:52:01,662 : kivy : Factory: 186 symbols loaded
2021-06-20 16:52:02,258 : kivy : ImageLoaderFFPy: Using ffpyplayer 4.3.2
2021-06-20 16:52:02,258 : kivy : Image: Providers: img_tex, img_dds, img_sdl2, img_pil, img_ffpyplayer 
2021-06-20 16:52:02,544 : kivy : VideoGstplayer: Using Gstreamer 1.18.0.0
2021-06-20 16:52:02,544 : kivy : Video: Provider: gstplayer
2021-06-20 16:52:02,777 : kivy : Loading MPF-MC controller
2021-06-20 16:52:03,137 : ConfigProcessor : Config spec file cache created: C:\Users\SCHOLT~1\AppData\Local\Temp\config_spec.mpf_cache
2021-06-20 16:52:03,137 : YamlMultifileConfigLoader : Machine config file #1: config
2021-06-20 16:52:03,139 : ConfigProcessor : Config file in cache changed: E:\MPF\wows\wows\config\config
2021-06-20 16:52:03,139 : ConfigProcessor : Loading config from file c:\users\scholtz_balint\appdata\local\programs\python\python36\lib\site-packages\mpfmc\mcconfig.yaml.
2021-06-20 16:52:03,180 : ConfigProcessor : Loading config: c:\users\scholtz_balint\appdata\local\programs\python\python36\lib\site-packages\mpfmc\mcconfig.yaml
2021-06-20 16:52:03,180 : ConfigProcessor : Loading config from file E:\MPF\wows\wows\config\config.
2021-06-20 16:52:03,396 : ConfigProcessor : Loading config: E:\MPF\wows\wows\config\config
2021-06-20 16:52:03,452 : ConfigProcessor : Loading config: E:\MPF\wows\wows\config\config_mode_support.yaml
2021-06-20 16:52:03,491 : ConfigProcessor : Loading config: E:\MPF\wows\wows\config\config_hc_support.yaml
2021-06-20 16:52:03,500 : ConfigProcessor : Loading config: E:\MPF\wows\wows\config\config_capture_support.yaml
2021-06-20 16:52:03,518 : ConfigProcessor : Loading config: E:\MPF\wows\wows\config\config_commander_support.yaml
2021-06-20 16:52:03,524 : ConfigProcessor : Config file cache created: C:\Users\SCHOLT~1\AppData\Local\Temp\31cdb3616eadb192a937c9afde929487.mpf_cache
2021-06-20 16:52:03,537 : ConfigProcessor : Loading config from cache: C:\Users\SCHOLT~1\AppData\Local\Temp\3dd0efc3fc2458bb25a941f6d23e6a9c.mpf_cache
2021-06-20 16:52:03,561 : ConfigProcessor : Loading config from cache: C:\Users\SCHOLT~1\AppData\Local\Temp\c7e3f646a6ae875a07a0c3d1323c1c71.mpf_cache
2021-06-20 16:52:03,566 : ConfigProcessor : Loading config from cache: C:\Users\SCHOLT~1\AppData\Local\Temp\3dd0efc3fc2458bb25a941f6d23e6a9c.mpf_cache
2021-06-20 16:52:03,571 : ConfigProcessor : Loading config from cache: C:\Users\SCHOLT~1\AppData\Local\Temp\3a8cfb4ac342a25cc8f91711ea4bafc2.mpf_cache
2021-06-20 16:52:03,578 : ConfigProcessor : Loading config from cache: C:\Users\SCHOLT~1\AppData\Local\Temp\479d7318d211ad46f9f0d828c96341f2.mpf_cache
2021-06-20 16:52:03,592 : ConfigProcessor : Loading config from cache: C:\Users\SCHOLT~1\AppData\Local\Temp\c96ee90647ae5b034e2dd42c348c42ad.mpf_cache
2021-06-20 16:52:03,598 : ConfigProcessor : Loading config from cache: C:\Users\SCHOLT~1\AppData\Local\Temp\ca0415bb38fd20ce1ae72b2592ece46e.mpf_cache
2021-06-20 16:52:03,604 : ConfigProcessor : Loading config from cache: C:\Users\SCHOLT~1\AppData\Local\Temp\72e9fea1cb562e40024eb5e8538ccaf2.mpf_cache
2021-06-20 16:52:03,618 : ConfigProcessor : Loading config from cache: C:\Users\SCHOLT~1\AppData\Local\Temp\c22c03646c3330fed25ec0d2c1900176.mpf_cache
2021-06-20 16:52:03,624 : ConfigProcessor : Loading config from cache: C:\Users\SCHOLT~1\AppData\Local\Temp\4f40b51a2a6ab6b3327b174347355c6f.mpf_cache
2021-06-20 16:52:03,630 : ConfigProcessor : Loading config from cache: C:\Users\SCHOLT~1\AppData\Local\Temp\39fabcdae38f081491893b3f9bf3922e.mpf_cache
2021-06-20 16:52:03,637 : ConfigProcessor : Loading config from cache: C:\Users\SCHOLT~1\AppData\Local\Temp\943ecf72a5798e3efec3d4f70c6ce1d2.mpf_cache
2021-06-20 16:52:03,644 : ConfigProcessor : Loading config from cache: C:\Users\SCHOLT~1\AppData\Local\Temp\04d9c03061fa17a1f6b23081f79db9ab.mpf_cache
2021-06-20 16:52:03,652 : ConfigProcessor : Loading config from cache: C:\Users\SCHOLT~1\AppData\Local\Temp\1ff29be1d22fb14fe5fd1c82a6918df4.mpf_cache
2021-06-20 16:52:03,659 : ConfigProcessor : Loading config from cache: C:\Users\SCHOLT~1\AppData\Local\Temp\f0ffd5ecaddfe34035bf3b1779215a88.mpf_cache
2021-06-20 16:52:03,666 : ConfigProcessor : Loading config from cache: C:\Users\SCHOLT~1\AppData\Local\Temp\b0de444617e3bf30a07f755a6d4831cc.mpf_cache
2021-06-20 16:52:03,672 : ConfigProcessor : Loading config from cache: C:\Users\SCHOLT~1\AppData\Local\Temp\200a9b2dddbe7706ffb4c4426b6d54a8.mpf_cache
2021-06-20 16:52:03,678 : ConfigProcessor : Loading config from cache: C:\Users\SCHOLT~1\AppData\Local\Temp\5ab98d4be1e8de85bea62364890eb2e9.mpf_cache
2021-06-20 16:52:03,684 : ConfigProcessor : Loading config from cache: C:\Users\SCHOLT~1\AppData\Local\Temp\4303dca7489148da2d256fc831cf8c96.mpf_cache
2021-06-20 16:52:03,690 : ConfigProcessor : Loading config from cache: C:\Users\SCHOLT~1\AppData\Local\Temp\e8fceecd8f65a6a7269e98c7961bbf6a.mpf_cache
2021-06-20 16:52:03,696 : ConfigProcessor : Loading config from cache: C:\Users\SCHOLT~1\AppData\Local\Temp\c84d6d08bf6f923cbcccfeeea02d2c8a.mpf_cache
2021-06-20 16:52:03,701 : ConfigProcessor : Loading config from cache: C:\Users\SCHOLT~1\AppData\Local\Temp\159a0b7ffc6de2ed1a8cdcd57b7df3c0.mpf_cache
2021-06-20 16:52:03,708 : ConfigProcessor : Loading config from cache: C:\Users\SCHOLT~1\AppData\Local\Temp\47da5935da57327449007069e0d0551c.mpf_cache
2021-06-20 16:52:03,727 : ConfigProcessor : Loading config from cache: C:\Users\SCHOLT~1\AppData\Local\Temp\b1234e2c44a33609dc2af4760c4a3f89.mpf_cache
2021-06-20 16:52:03,734 : ConfigProcessor : Loading config from cache: C:\Users\SCHOLT~1\AppData\Local\Temp\466eddfec572894d9eb472ce07aa5fba.mpf_cache
2021-06-20 16:52:03,740 : ConfigProcessor : Loading config from cache: C:\Users\SCHOLT~1\AppData\Local\Temp\93429a2a8e0859f6546b68f40c2a4656.mpf_cache
2021-06-20 16:52:03,746 : ConfigProcessor : Loading config from cache: C:\Users\SCHOLT~1\AppData\Local\Temp\95ae88fb094583fa2b4097c6df179650.mpf_cache
2021-06-20 16:52:03,758 : ConfigProcessor : Loading config from cache: C:\Users\SCHOLT~1\AppData\Local\Temp\de2d3fc178b15ce3807fa4ab35b9c965.mpf_cache
2021-06-20 16:52:03,771 : ConfigProcessor : Loading config from cache: C:\Users\SCHOLT~1\AppData\Local\Temp\0c80ca2179989d09b86c78c19ec87d9b.mpf_cache
2021-06-20 16:52:03,779 : ConfigProcessor : Loading config from cache: C:\Users\SCHOLT~1\AppData\Local\Temp\95e265efe14e4eb05d8d5c5689c9ae6b.mpf_cache
2021-06-20 16:52:03,785 : ConfigProcessor : Loading config from cache: C:\Users\SCHOLT~1\AppData\Local\Temp\ba047bbdc168fca96d58d351c4240916.mpf_cache
2021-06-20 16:52:03,801 : ConfigProcessor : Loading config from cache: C:\Users\SCHOLT~1\AppData\Local\Temp\7c1900736275ba8a713cfe77e991e929.mpf_cache
2021-06-20 16:52:03,818 : ConfigProcessor : Loading config from cache: C:\Users\SCHOLT~1\AppData\Local\Temp\db3d1ab92e5d5c563b40d82372434517.mpf_cache
2021-06-20 16:52:03,824 : ConfigProcessor : Loading config from cache: C:\Users\SCHOLT~1\AppData\Local\Temp\78980531363184480bbd7075661ced33.mpf_cache
2021-06-20 16:52:03,831 : ConfigProcessor : Loading config from cache: C:\Users\SCHOLT~1\AppData\Local\Temp\efcf079e5af2b94e88dae4e07273acc8.mpf_cache
2021-06-20 16:52:03,838 : ConfigProcessor : Loading config from cache: C:\Users\SCHOLT~1\AppData\Local\Temp\44231afd4be159e8c99041e8eb88670e.mpf_cache
2021-06-20 16:52:03,843 : mpfmc : Mission Pinball Framework Media Controller v0.55.0-dev.11
2021-06-20 16:52:03,843 : mpfmc : Mission Pinball Framework Game Engine v0.55.0-dev.58
2021-06-20 16:52:03,843 : mpfmc : Machine path: E:\MPF\wows\wows
2021-06-20 16:52:03,843 : mpfmc : Starting clock at 60.0Hz
2021-06-20 16:52:03,946 : kivy : Text: Provider: sdl2
2021-06-20 16:52:04,080 : kivy : Window: Provider: sdl2
2021-06-20 16:52:04,681 : kivy : GL: Using the "OpenGL" graphics system
2021-06-20 16:52:04,694 : kivy : GL: GLEW initialization succeeded
2021-06-20 16:52:04,694 : kivy : GL: Backend used <glew>
2021-06-20 16:52:04,695 : kivy : GL: OpenGL version <b'4.6.0 NVIDIA 391.35'>
2021-06-20 16:52:04,695 : kivy : GL: OpenGL vendor <b'NVIDIA Corporation'>
2021-06-20 16:52:04,695 : kivy : GL: OpenGL renderer <b'GeForce GTX 1060 6GB/PCIe/SSE2'>
2021-06-20 16:52:04,695 : kivy : GL: OpenGL parsed version: 4, 6
2021-06-20 16:52:04,697 : kivy : GL: Shading version <b'4.60 NVIDIA'>
2021-06-20 16:52:04,697 : kivy : GL: Texture max size <32768>
2021-06-20 16:52:04,697 : kivy : GL: Texture max units <32>
2021-06-20 16:52:04,772 : kivy : Window: auto add sdl2 input provider
2021-06-20 16:52:04,772 : kivy : Window: virtual keyboard not allowed, single mode, not docked
2021-06-20 16:52:14,649 : AudioInterface : Initialized
2021-06-20 16:52:14,649 : AudioInterface : Loaded SDL 2.0.12
2021-06-20 16:52:14,649 : AudioInterface : Loaded SDL_Mixer 2.0.4
2021-06-20 16:52:14,649 : AudioInterface : Loaded GStreamer 1.18.0.0
2021-06-20 16:52:14,649 : AudioInterface : Loaded GLib 2.62.6
2021-06-20 16:52:14,649 : AudioInterface : Settings requested - rate: 44100, channels: 1, buffer: 2048 samples
2021-06-20 16:52:14,649 : AudioInterface : Settings in use - rate: 44100, channels: 1, buffer: 2048 samples (4096 bytes @ 2 bytes per sample)
2021-06-20 16:52:14,651 : AudioInterface : Enabling audio playback
2021-06-20 16:52:14,653 : kivy : Base: Start application main loop
2021-06-20 16:52:14,654 : EventManager : Event: ======'display_dmd_initialized'====== Args={}
2021-06-20 16:52:14,666 : mpfmc : Display: Setting 'dmd' as default display
2021-06-20 16:52:14,688 : kivy : GL: NPOT texture support is available
2021-06-20 16:52:14,701 : EventManager : Event: ======'displays_initialized'====== Args={}
2021-06-20 16:52:14,702 : EventManager : Event: ======'slide_dmd_blank_created'====== Args={}
2021-06-20 16:52:14,702 : EventManager : Event: ======'display_dmd_ready'====== Args={}
2021-06-20 16:52:14,722 : EventManager : Event: ======'init_phase_1'====== Args={}
2021-06-20 16:52:14,728 : EventManager : Event: ======'mc_ready'====== Args={}
2021-06-20 16:52:14,728 : EventManager : Event: ======'init_phase_2'====== Args={}
2021-06-20 16:52:14,818 : EventManager : Event: ======'init_phase_3'====== Args={}
2021-06-20 16:52:14,885 : EventManager : Event: ======'init_phase_4'====== Args={}
2021-06-20 16:52:14,885 : EventManager : Event: ======'init_phase_5'====== Args={}
2021-06-20 16:52:14,910 : EventManager : Event: ======'loading_assets'====== Args={'total': 270, 'loaded': 1, 'remaining': 269, 'percent': 0}
2021-06-20 16:52:14,910 : AssetManager : Loading assets: 1/270 (0%)
2021-06-20 16:52:27,961 : EventManager : Event: ======'loading_assets'====== Args={'total': 270, 'loaded': 3, 'remaining': 267, 'percent': 1}
2021-06-20 16:52:27,961 : AssetManager : Loading assets: 3/270 (1%)
2021-06-20 16:52:29,495 : EventManager : Event: ======'loading_assets'====== Args={'total': 270, 'loaded': 5, 'remaining': 265, 'percent': 2}
2021-06-20 16:52:29,495 : AssetManager : Loading assets: 5/270 (2%)
2021-06-20 16:52:30,745 : EventManager : Event: ======'loading_assets'====== Args={'total': 270, 'loaded': 6, 'remaining': 264, 'percent': 2}
2021-06-20 16:52:30,745 : AssetManager : Loading assets: 6/270 (2%)
2021-06-20 16:52:30,961 : EventManager : Event: ======'loading_assets'====== Args={'total': 270, 'loaded': 7, 'remaining': 263, 'percent': 3}
2021-06-20 16:52:30,961 : AssetManager : Loading assets: 7/270 (3%)
2021-06-20 16:52:31,429 : EventManager : Event: ======'loading_assets'====== Args={'total': 270, 'loaded': 8, 'remaining': 262, 'percent': 3}
2021-06-20 16:52:31,429 : AssetManager : Loading assets: 8/270 (3%)
2021-06-20 16:52:31,678 : EventManager : Event: ======'loading_assets'====== Args={'total': 270, 'loaded': 9, 'remaining': 261, 'percent': 3}
2021-06-20 16:52:31,678 : AssetManager : Loading assets: 9/270 (3%)
2021-06-20 16:52:32,812 : EventManager : Event: ======'loading_assets'====== Args={'total': 270, 'loaded': 10, 'remaining': 260, 'percent': 4}
2021-06-20 16:52:32,812 : AssetManager : Loading assets: 10/270 (4%)
2021-06-20 16:52:34,096 : EventManager : Event: ======'loading_assets'====== Args={'total': 270, 'loaded': 13, 'remaining': 257, 'percent': 5}
2021-06-20 16:52:34,096 : AssetManager : Loading assets: 13/270 (5%)
2021-06-20 16:52:35,195 : EventManager : Event: ======'loading_assets'====== Args={'total': 270, 'loaded': 15, 'remaining': 255, 'percent': 6}
2021-06-20 16:52:35,195 : AssetManager : Loading assets: 15/270 (6%)
2021-06-20 16:52:35,445 : EventManager : Event: ======'loading_assets'====== Args={'total': 270, 'loaded': 18, 'remaining': 252, 'percent': 7}
2021-06-20 16:52:35,445 : AssetManager : Loading assets: 18/270 (7%)
2021-06-20 16:52:36,097 : EventManager : Event: ======'loading_assets'====== Args={'total': 270, 'loaded': 19, 'remaining': 251, 'percent': 7}
2021-06-20 16:52:36,097 : AssetManager : Loading assets: 19/270 (7%)
2021-06-20 16:52:36,361 : EventManager : Event: ======'loading_assets'====== Args={'total': 270, 'loaded': 22, 'remaining': 248, 'percent': 8}
2021-06-20 16:52:36,362 : AssetManager : Loading assets: 22/270 (8%)
2021-06-20 16:52:37,145 : EventManager : Event: ======'loading_assets'====== Args={'total': 270, 'loaded': 23, 'remaining': 247, 'percent': 9}
2021-06-20 16:52:37,145 : AssetManager : Loading assets: 23/270 (9%)
2021-06-20 16:52:37,428 : EventManager : Event: ======'loading_assets'====== Args={'total': 270, 'loaded': 26, 'remaining': 244, 'percent': 10}
2021-06-20 16:52:37,428 : AssetManager : Loading assets: 26/270 (10%)
2021-06-20 16:52:37,762 : EventManager : Event: ======'loading_assets'====== Args={'total': 270, 'loaded': 27, 'remaining': 243, 'percent': 10}
2021-06-20 16:52:37,762 : AssetManager : Loading assets: 27/270 (10%)
2021-06-20 16:52:38,145 : EventManager : Event: ======'loading_assets'====== Args={'total': 270, 'loaded': 28, 'remaining': 242, 'percent': 10}
2021-06-20 16:52:38,146 : AssetManager : Loading assets: 28/270 (10%)
2021-06-20 16:52:38,479 : EventManager : Event: ======'loading_assets'====== Args={'total': 270, 'loaded': 30, 'remaining': 240, 'percent': 11}
2021-06-20 16:52:38,479 : AssetManager : Loading assets: 30/270 (11%)
2021-06-20 16:52:38,745 : EventManager : Event: ======'loading_assets'====== Args={'total': 270, 'loaded': 33, 'remaining': 237, 'percent': 12}
2021-06-20 16:52:38,745 : AssetManager : Loading assets: 33/270 (12%)
2021-06-20 16:52:38,945 : EventManager : Event: ======'loading_assets'====== Args={'total': 270, 'loaded': 41, 'remaining': 229, 'percent': 15}
2021-06-20 16:52:38,945 : AssetManager : Loading assets: 41/270 (15%)
2021-06-20 16:52:39,178 : EventManager : Event: ======'loading_assets'====== Args={'total': 270, 'loaded': 47, 'remaining': 223, 'percent': 17}
2021-06-20 16:52:39,178 : AssetManager : Loading assets: 47/270 (17%)
2021-06-20 16:52:39,395 : EventManager : Event: ======'loading_assets'====== Args={'total': 270, 'loaded': 52, 'remaining': 218, 'percent': 19}
2021-06-20 16:52:39,395 : AssetManager : Loading assets: 52/270 (19%)
2021-06-20 16:52:39,813 : EventManager : Event: ======'loading_assets'====== Args={'total': 270, 'loaded': 55, 'remaining': 215, 'percent': 20}
2021-06-20 16:52:39,813 : AssetManager : Loading assets: 55/270 (20%)
2021-06-20 16:52:40,059 : EventManager : Event: ======'loading_assets'====== Args={'total': 270, 'loaded': 61, 'remaining': 209, 'percent': 23}
2021-06-20 16:52:40,060 : AssetManager : Loading assets: 61/270 (23%)
2021-06-20 16:52:40,263 : EventManager : Event: ======'loading_assets'====== Args={'total': 270, 'loaded': 70, 'remaining': 200, 'percent': 26}
2021-06-20 16:52:40,263 : AssetManager : Loading assets: 70/270 (26%)
2021-06-20 16:52:40,513 : EventManager : Event: ======'loading_assets'====== Args={'total': 270, 'loaded': 83, 'remaining': 187, 'percent': 31}
2021-06-20 16:52:40,514 : AssetManager : Loading assets: 83/270 (31%)
2021-06-20 16:52:40,756 : EventManager : Event: ======'loading_assets'====== Args={'total': 270, 'loaded': 97, 'remaining': 173, 'percent': 36}
2021-06-20 16:52:40,757 : AssetManager : Loading assets: 97/270 (36%)
2021-06-20 16:52:40,967 : EventManager : Event: ======'loading_assets'====== Args={'total': 270, 'loaded': 104, 'remaining': 166, 'percent': 39}
2021-06-20 16:52:40,967 : AssetManager : Loading assets: 104/270 (39%)
2021-06-20 16:52:41,553 : EventManager : Event: ======'loading_assets'====== Args={'total': 270, 'loaded': 105, 'remaining': 165, 'percent': 39}
2021-06-20 16:52:41,554 : AssetManager : Loading assets: 105/270 (39%)
2021-06-20 16:52:41,706 : EventManager : Event: ======'loading_assets'====== Args={'total': 270, 'loaded': 108, 'remaining': 162, 'percent': 40}
2021-06-20 16:52:41,706 : AssetManager : Loading assets: 108/270 (40%)
2021-06-20 16:52:41,958 : EventManager : Event: ======'loading_assets'====== Args={'total': 270, 'loaded': 116, 'remaining': 154, 'percent': 43}
2021-06-20 16:52:41,958 : AssetManager : Loading assets: 116/270 (43%)
2021-06-20 16:52:42,186 : EventManager : Event: ======'loading_assets'====== Args={'total': 270, 'loaded': 121, 'remaining': 149, 'percent': 45}
2021-06-20 16:52:42,186 : AssetManager : Loading assets: 121/270 (45%)
2021-06-20 16:52:42,401 : EventManager : Event: ======'loading_assets'====== Args={'total': 270, 'loaded': 129, 'remaining': 141, 'percent': 48}
2021-06-20 16:52:42,401 : AssetManager : Loading assets: 129/270 (48%)
2021-06-20 16:52:42,613 : EventManager : Event: ======'loading_assets'====== Args={'total': 270, 'loaded': 141, 'remaining': 129, 'percent': 52}
2021-06-20 16:52:42,613 : AssetManager : Loading assets: 141/270 (52%)
2021-06-20 16:52:42,847 : EventManager : Event: ======'loading_assets'====== Args={'total': 270, 'loaded': 149, 'remaining': 121, 'percent': 55}
2021-06-20 16:52:42,847 : AssetManager : Loading assets: 149/270 (55%)
2021-06-20 16:52:43,262 : EventManager : Event: ======'loading_assets'====== Args={'total': 270, 'loaded': 154, 'remaining': 116, 'percent': 57}
2021-06-20 16:52:43,263 : AssetManager : Loading assets: 154/270 (57%)
2021-06-20 16:52:43,614 : EventManager : Event: ======'loading_assets'====== Args={'total': 270, 'loaded': 156, 'remaining': 114, 'percent': 58}
2021-06-20 16:52:43,614 : AssetManager : Loading assets: 156/270 (58%)
2021-06-20 16:52:43,818 : EventManager : Event: ======'loading_assets'====== Args={'total': 270, 'loaded': 161, 'remaining': 109, 'percent': 60}
2021-06-20 16:52:43,819 : AssetManager : Loading assets: 161/270 (60%)
2021-06-20 16:52:44,029 : EventManager : Event: ======'loading_assets'====== Args={'total': 270, 'loaded': 167, 'remaining': 103, 'percent': 62}
2021-06-20 16:52:44,030 : AssetManager : Loading assets: 167/270 (62%)
2021-06-20 16:52:44,234 : EventManager : Event: ======'loading_assets'====== Args={'total': 270, 'loaded': 168, 'remaining': 102, 'percent': 62}
2021-06-20 16:52:44,234 : AssetManager : Loading assets: 168/270 (62%)
2021-06-20 16:52:44,439 : EventManager : Event: ======'loading_assets'====== Args={'total': 270, 'loaded': 176, 'remaining': 94, 'percent': 65}
2021-06-20 16:52:44,439 : AssetManager : Loading assets: 176/270 (65%)
2021-06-20 16:52:44,680 : EventManager : Event: ======'loading_assets'====== Args={'total': 270, 'loaded': 191, 'remaining': 79, 'percent': 71}
2021-06-20 16:52:44,681 : AssetManager : Loading assets: 191/270 (71%)
2021-06-20 16:52:45,049 : EventManager : Event: ======'loading_assets'====== Args={'total': 270, 'loaded': 203, 'remaining': 67, 'percent': 75}
2021-06-20 16:52:45,049 : AssetManager : Loading assets: 203/270 (75%)
2021-06-20 16:52:45,291 : EventManager : Event: ======'loading_assets'====== Args={'total': 270, 'loaded': 207, 'remaining': 63, 'percent': 77}
2021-06-20 16:52:45,291 : AssetManager : Loading assets: 207/270 (77%)
2021-06-20 16:52:45,564 : EventManager : Event: ======'loading_assets'====== Args={'total': 270, 'loaded': 222, 'remaining': 48, 'percent': 82}
2021-06-20 16:52:45,564 : AssetManager : Loading assets: 222/270 (82%)
2021-06-20 16:52:45,769 : EventManager : Event: ======'loading_assets'====== Args={'total': 270, 'loaded': 235, 'remaining': 35, 'percent': 87}
2021-06-20 16:52:45,770 : AssetManager : Loading assets: 235/270 (87%)
2021-06-20 16:52:45,985 : EventManager : Event: ======'loading_assets'====== Args={'total': 270, 'loaded': 248, 'remaining': 22, 'percent': 92}
2021-06-20 16:52:45,986 : AssetManager : Loading assets: 248/270 (92%)
2021-06-20 16:52:46,353 : EventManager : Event: ======'loading_assets'====== Args={'total': 270, 'loaded': 252, 'remaining': 18, 'percent': 93}
2021-06-20 16:52:46,382 : AssetManager : Loading assets: 252/270 (93%)
2021-06-20 16:52:46,544 : EventManager : Event: ======'loading_assets'====== Args={'total': 270, 'loaded': 260, 'remaining': 10, 'percent': 96}
2021-06-20 16:52:46,544 : AssetManager : Loading assets: 260/270 (96%)
2021-06-20 16:52:46,733 : EventManager : Event: ======'loading_assets'====== Args={'total': 270, 'loaded': 270, 'remaining': 0, 'percent': 100}
2021-06-20 16:52:46,733 : AssetManager : Asset loading took: 32.081286668777466
2021-06-20 16:52:46,734 : EventManager : Event: ======'asset_loading_complete'====== Args={}
2021-06-20 16:52:46,734 : AssetManager : Loading assets: 270/270 (100%)
2021-06-20 16:52:46,734 : EventManager : Event: ======'init_done'====== Args={}
2021-06-20 16:52:46,734 : MPF-MC BCP Server : Starting up on localhost port 5050
2021-06-20 16:52:46,741 : MPF-MC BCP Server : Waiting for a connection...
2021-06-20 16:52:46,744 : EventManager : Event: ======'client_disconnected'====== Args={'host': '127.0.0.1', 'port': 5050}
