2021-06-21 17:37:24,681 : kivy : Factory: 186 symbols loaded
2021-06-21 17:37:24,803 : kivy : ImageLoaderFFPy: Using ffpyplayer 4.3.2
2021-06-21 17:37:24,803 : kivy : Image: Providers: img_tex, img_dds, img_sdl2, img_pil, img_ffpyplayer 
2021-06-21 17:37:24,839 : kivy : VideoGstplayer: Using Gstreamer 1.18.0.0
2021-06-21 17:37:24,839 : kivy : Video: Provider: gstplayer
2021-06-21 17:37:24,901 : kivy : Loading MPF-MC controller
2021-06-21 17:37:25,267 : ConfigProcessor : Config spec file cache created: C:\Users\SCHOLT~1\AppData\Local\Temp\config_spec.mpf_cache
2021-06-21 17:37:25,267 : YamlMultifileConfigLoader : Machine config file #1: config
2021-06-21 17:37:25,267 : ConfigProcessor : Config file in cache changed: E:\MPF\wows\wows\config\config
2021-06-21 17:37:25,268 : ConfigProcessor : Loading config from file c:\users\scholtz_balint\appdata\local\programs\python\python36\lib\site-packages\mpfmc\mcconfig.yaml.
2021-06-21 17:37:25,305 : ConfigProcessor : Loading config: c:\users\scholtz_balint\appdata\local\programs\python\python36\lib\site-packages\mpfmc\mcconfig.yaml
2021-06-21 17:37:25,305 : ConfigProcessor : Loading config from file E:\MPF\wows\wows\config\config.
2021-06-21 17:37:25,515 : ConfigProcessor : Loading config: E:\MPF\wows\wows\config\config
2021-06-21 17:37:25,552 : ConfigProcessor : Loading config: E:\MPF\wows\wows\config\config_mode_support.yaml
2021-06-21 17:37:25,577 : ConfigProcessor : Loading config: E:\MPF\wows\wows\config\config_hc_support.yaml
2021-06-21 17:37:25,581 : ConfigProcessor : Loading config: E:\MPF\wows\wows\config\config_capture_support.yaml
2021-06-21 17:37:25,595 : ConfigProcessor : Loading config: E:\MPF\wows\wows\config\config_commander_support.yaml
2021-06-21 17:37:25,600 : ConfigProcessor : Config file cache created: C:\Users\SCHOLT~1\AppData\Local\Temp\31cdb3616eadb192a937c9afde929487.mpf_cache
2021-06-21 17:37:25,601 : ConfigProcessor : Loading config from cache: C:\Users\SCHOLT~1\AppData\Local\Temp\3dd0efc3fc2458bb25a941f6d23e6a9c.mpf_cache
2021-06-21 17:37:25,602 : ConfigProcessor : Loading config from cache: C:\Users\SCHOLT~1\AppData\Local\Temp\c7e3f646a6ae875a07a0c3d1323c1c71.mpf_cache
2021-06-21 17:37:25,602 : ConfigProcessor : Loading config from cache: C:\Users\SCHOLT~1\AppData\Local\Temp\3dd0efc3fc2458bb25a941f6d23e6a9c.mpf_cache
2021-06-21 17:37:25,603 : ConfigProcessor : Loading config from cache: C:\Users\SCHOLT~1\AppData\Local\Temp\3a8cfb4ac342a25cc8f91711ea4bafc2.mpf_cache
2021-06-21 17:37:25,603 : ConfigProcessor : Loading config from cache: C:\Users\SCHOLT~1\AppData\Local\Temp\479d7318d211ad46f9f0d828c96341f2.mpf_cache
2021-06-21 17:37:25,604 : ConfigProcessor : Loading config from cache: C:\Users\SCHOLT~1\AppData\Local\Temp\c96ee90647ae5b034e2dd42c348c42ad.mpf_cache
2021-06-21 17:37:25,604 : ConfigProcessor : Loading config from cache: C:\Users\SCHOLT~1\AppData\Local\Temp\ca0415bb38fd20ce1ae72b2592ece46e.mpf_cache
2021-06-21 17:37:25,605 : ConfigProcessor : Loading config from cache: C:\Users\SCHOLT~1\AppData\Local\Temp\72e9fea1cb562e40024eb5e8538ccaf2.mpf_cache
2021-06-21 17:37:25,605 : ConfigProcessor : Loading config from cache: C:\Users\SCHOLT~1\AppData\Local\Temp\c22c03646c3330fed25ec0d2c1900176.mpf_cache
2021-06-21 17:37:25,606 : ConfigProcessor : Loading config from cache: C:\Users\SCHOLT~1\AppData\Local\Temp\4f40b51a2a6ab6b3327b174347355c6f.mpf_cache
2021-06-21 17:37:25,606 : ConfigProcessor : Loading config from cache: C:\Users\SCHOLT~1\AppData\Local\Temp\39fabcdae38f081491893b3f9bf3922e.mpf_cache
2021-06-21 17:37:25,607 : ConfigProcessor : Loading config from cache: C:\Users\SCHOLT~1\AppData\Local\Temp\943ecf72a5798e3efec3d4f70c6ce1d2.mpf_cache
2021-06-21 17:37:25,609 : ConfigProcessor : Loading config from cache: C:\Users\SCHOLT~1\AppData\Local\Temp\04d9c03061fa17a1f6b23081f79db9ab.mpf_cache
2021-06-21 17:37:25,609 : ConfigProcessor : Loading config from cache: C:\Users\SCHOLT~1\AppData\Local\Temp\1ff29be1d22fb14fe5fd1c82a6918df4.mpf_cache
2021-06-21 17:37:25,610 : ConfigProcessor : Loading config from cache: C:\Users\SCHOLT~1\AppData\Local\Temp\f0ffd5ecaddfe34035bf3b1779215a88.mpf_cache
2021-06-21 17:37:25,610 : ConfigProcessor : Loading config from cache: C:\Users\SCHOLT~1\AppData\Local\Temp\b0de444617e3bf30a07f755a6d4831cc.mpf_cache
2021-06-21 17:37:25,611 : ConfigProcessor : Loading config from cache: C:\Users\SCHOLT~1\AppData\Local\Temp\200a9b2dddbe7706ffb4c4426b6d54a8.mpf_cache
2021-06-21 17:37:25,611 : ConfigProcessor : Loading config from cache: C:\Users\SCHOLT~1\AppData\Local\Temp\5ab98d4be1e8de85bea62364890eb2e9.mpf_cache
2021-06-21 17:37:25,612 : ConfigProcessor : Loading config from cache: C:\Users\SCHOLT~1\AppData\Local\Temp\4303dca7489148da2d256fc831cf8c96.mpf_cache
2021-06-21 17:37:25,612 : ConfigProcessor : Loading config from cache: C:\Users\SCHOLT~1\AppData\Local\Temp\e8fceecd8f65a6a7269e98c7961bbf6a.mpf_cache
2021-06-21 17:37:25,612 : ConfigProcessor : Loading config from cache: C:\Users\SCHOLT~1\AppData\Local\Temp\c84d6d08bf6f923cbcccfeeea02d2c8a.mpf_cache
2021-06-21 17:37:25,613 : ConfigProcessor : Loading config from cache: C:\Users\SCHOLT~1\AppData\Local\Temp\159a0b7ffc6de2ed1a8cdcd57b7df3c0.mpf_cache
2021-06-21 17:37:25,613 : ConfigProcessor : Loading config from cache: C:\Users\SCHOLT~1\AppData\Local\Temp\47da5935da57327449007069e0d0551c.mpf_cache
2021-06-21 17:37:25,614 : ConfigProcessor : Loading config from cache: C:\Users\SCHOLT~1\AppData\Local\Temp\b1234e2c44a33609dc2af4760c4a3f89.mpf_cache
2021-06-21 17:37:25,615 : ConfigProcessor : Loading config from cache: C:\Users\SCHOLT~1\AppData\Local\Temp\466eddfec572894d9eb472ce07aa5fba.mpf_cache
2021-06-21 17:37:25,615 : ConfigProcessor : Loading config from cache: C:\Users\SCHOLT~1\AppData\Local\Temp\93429a2a8e0859f6546b68f40c2a4656.mpf_cache
2021-06-21 17:37:25,616 : ConfigProcessor : Loading config from cache: C:\Users\SCHOLT~1\AppData\Local\Temp\95ae88fb094583fa2b4097c6df179650.mpf_cache
2021-06-21 17:37:25,616 : ConfigProcessor : Loading config from cache: C:\Users\SCHOLT~1\AppData\Local\Temp\de2d3fc178b15ce3807fa4ab35b9c965.mpf_cache
2021-06-21 17:37:25,617 : ConfigProcessor : Loading config from cache: C:\Users\SCHOLT~1\AppData\Local\Temp\0c80ca2179989d09b86c78c19ec87d9b.mpf_cache
2021-06-21 17:37:25,618 : ConfigProcessor : Loading config from cache: C:\Users\SCHOLT~1\AppData\Local\Temp\95e265efe14e4eb05d8d5c5689c9ae6b.mpf_cache
2021-06-21 17:37:25,618 : ConfigProcessor : Loading config from cache: C:\Users\SCHOLT~1\AppData\Local\Temp\ba047bbdc168fca96d58d351c4240916.mpf_cache
2021-06-21 17:37:25,619 : ConfigProcessor : Loading config from cache: C:\Users\SCHOLT~1\AppData\Local\Temp\7c1900736275ba8a713cfe77e991e929.mpf_cache
2021-06-21 17:37:25,619 : ConfigProcessor : Loading config from cache: C:\Users\SCHOLT~1\AppData\Local\Temp\db3d1ab92e5d5c563b40d82372434517.mpf_cache
2021-06-21 17:37:25,620 : ConfigProcessor : Loading config from cache: C:\Users\SCHOLT~1\AppData\Local\Temp\78980531363184480bbd7075661ced33.mpf_cache
2021-06-21 17:37:25,620 : ConfigProcessor : Loading config from cache: C:\Users\SCHOLT~1\AppData\Local\Temp\efcf079e5af2b94e88dae4e07273acc8.mpf_cache
2021-06-21 17:37:25,621 : ConfigProcessor : Loading config from cache: C:\Users\SCHOLT~1\AppData\Local\Temp\44231afd4be159e8c99041e8eb88670e.mpf_cache
2021-06-21 17:37:25,621 : mpfmc : Mission Pinball Framework Media Controller v0.55.0-dev.11
2021-06-21 17:37:25,621 : mpfmc : Mission Pinball Framework Game Engine v0.55.0-dev.58
2021-06-21 17:37:25,621 : mpfmc : Machine path: E:\MPF\wows\wows
2021-06-21 17:37:25,621 : mpfmc : Starting clock at 60.0Hz
2021-06-21 17:37:25,633 : kivy : Text: Provider: sdl2
2021-06-21 17:37:25,670 : kivy : Window: Provider: sdl2
2021-06-21 17:37:25,980 : kivy : GL: Using the "OpenGL" graphics system
2021-06-21 17:37:25,987 : kivy : GL: GLEW initialization succeeded
2021-06-21 17:37:25,987 : kivy : GL: Backend used <glew>
2021-06-21 17:37:25,987 : kivy : GL: OpenGL version <b'4.6.0 NVIDIA 391.35'>
2021-06-21 17:37:25,987 : kivy : GL: OpenGL vendor <b'NVIDIA Corporation'>
2021-06-21 17:37:25,987 : kivy : GL: OpenGL renderer <b'GeForce GTX 1060 6GB/PCIe/SSE2'>
2021-06-21 17:37:25,987 : kivy : GL: OpenGL parsed version: 4, 6
2021-06-21 17:37:25,987 : kivy : GL: Shading version <b'4.60 NVIDIA'>
2021-06-21 17:37:25,987 : kivy : GL: Texture max size <32768>
2021-06-21 17:37:25,988 : kivy : GL: Texture max units <32>
2021-06-21 17:37:26,002 : kivy : Window: auto add sdl2 input provider
2021-06-21 17:37:26,002 : kivy : Window: virtual keyboard not allowed, single mode, not docked
2021-06-21 17:37:26,174 : AudioInterface : Initialized
2021-06-21 17:37:26,174 : AudioInterface : Loaded SDL 2.0.12
2021-06-21 17:37:26,174 : AudioInterface : Loaded SDL_Mixer 2.0.4
2021-06-21 17:37:26,174 : AudioInterface : Loaded GStreamer 1.18.0.0
2021-06-21 17:37:26,175 : AudioInterface : Loaded GLib 2.62.6
2021-06-21 17:37:26,175 : AudioInterface : Settings requested - rate: 44100, channels: 1, buffer: 2048 samples
2021-06-21 17:37:26,175 : AudioInterface : Settings in use - rate: 44100, channels: 1, buffer: 2048 samples (4096 bytes @ 2 bytes per sample)
2021-06-21 17:37:26,175 : AudioInterface : Enabling audio playback
2021-06-21 17:37:26,177 : kivy : Base: Start application main loop
2021-06-21 17:37:26,177 : EventManager : Event: ======'display_dmd_initialized'====== Args={}
2021-06-21 17:37:26,190 : mpfmc : Display: Setting 'dmd' as default display
2021-06-21 17:37:26,234 : kivy : GL: NPOT texture support is available
2021-06-21 17:37:26,242 : EventManager : Event: ======'displays_initialized'====== Args={}
2021-06-21 17:37:26,243 : EventManager : Event: ======'slide_dmd_blank_created'====== Args={}
2021-06-21 17:37:26,243 : EventManager : Event: ======'display_dmd_ready'====== Args={}
2021-06-21 17:37:26,252 : EventManager : Event: ======'init_phase_1'====== Args={}
2021-06-21 17:37:26,259 : EventManager : Event: ======'mc_ready'====== Args={}
2021-06-21 17:37:26,259 : EventManager : Event: ======'init_phase_2'====== Args={}
2021-06-21 17:37:26,346 : EventManager : Event: ======'init_phase_3'====== Args={}
2021-06-21 17:37:26,368 : EventManager : Event: ======'init_phase_4'====== Args={}
2021-06-21 17:37:26,368 : EventManager : Event: ======'init_phase_5'====== Args={}
2021-06-21 17:37:26,379 : EventManager : Event: ======'loading_assets'====== Args={'total': 270, 'loaded': 1, 'remaining': 269, 'percent': 0}
2021-06-21 17:37:26,379 : AssetManager : Loading assets: 1/270 (0%)
2021-06-21 17:37:28,436 : EventManager : Event: ======'loading_assets'====== Args={'total': 270, 'loaded': 3, 'remaining': 267, 'percent': 1}
2021-06-21 17:37:28,436 : AssetManager : Loading assets: 3/270 (1%)
2021-06-21 17:37:29,703 : EventManager : Event: ======'loading_assets'====== Args={'total': 270, 'loaded': 5, 'remaining': 265, 'percent': 2}
2021-06-21 17:37:29,703 : AssetManager : Loading assets: 5/270 (2%)
2021-06-21 17:37:30,470 : EventManager : Event: ======'loading_assets'====== Args={'total': 270, 'loaded': 6, 'remaining': 264, 'percent': 2}
2021-06-21 17:37:30,470 : AssetManager : Loading assets: 6/270 (2%)
2021-06-21 17:37:31,586 : EventManager : Event: ======'loading_assets'====== Args={'total': 270, 'loaded': 8, 'remaining': 262, 'percent': 3}
2021-06-21 17:37:31,587 : AssetManager : Loading assets: 8/270 (3%)
2021-06-21 17:37:32,753 : EventManager : Event: ======'loading_assets'====== Args={'total': 270, 'loaded': 10, 'remaining': 260, 'percent': 4}
2021-06-21 17:37:32,753 : AssetManager : Loading assets: 10/270 (4%)
2021-06-21 17:37:33,971 : EventManager : Event: ======'loading_assets'====== Args={'total': 270, 'loaded': 13, 'remaining': 257, 'percent': 5}
2021-06-21 17:37:33,971 : AssetManager : Loading assets: 13/270 (5%)
2021-06-21 17:37:34,554 : EventManager : Event: ======'loading_assets'====== Args={'total': 270, 'loaded': 15, 'remaining': 255, 'percent': 6}
2021-06-21 17:37:34,554 : AssetManager : Loading assets: 15/270 (6%)
2021-06-21 17:37:34,786 : EventManager : Event: ======'loading_assets'====== Args={'total': 270, 'loaded': 46, 'remaining': 224, 'percent': 17}
2021-06-21 17:37:34,787 : AssetManager : Loading assets: 46/270 (17%)
2021-06-21 17:37:35,003 : EventManager : Event: ======'loading_assets'====== Args={'total': 270, 'loaded': 50, 'remaining': 220, 'percent': 19}
2021-06-21 17:37:35,003 : AssetManager : Loading assets: 50/270 (19%)
2021-06-21 17:37:35,253 : EventManager : Event: ======'loading_assets'====== Args={'total': 270, 'loaded': 54, 'remaining': 216, 'percent': 20}
2021-06-21 17:37:35,253 : AssetManager : Loading assets: 54/270 (20%)
2021-06-21 17:37:35,587 : EventManager : Event: ======'loading_assets'====== Args={'total': 270, 'loaded': 55, 'remaining': 215, 'percent': 20}
2021-06-21 17:37:35,587 : AssetManager : Loading assets: 55/270 (20%)
2021-06-21 17:37:35,803 : EventManager : Event: ======'loading_assets'====== Args={'total': 270, 'loaded': 59, 'remaining': 211, 'percent': 22}
2021-06-21 17:37:35,803 : AssetManager : Loading assets: 59/270 (22%)
2021-06-21 17:37:36,020 : EventManager : Event: ======'loading_assets'====== Args={'total': 270, 'loaded': 63, 'remaining': 207, 'percent': 23}
2021-06-21 17:37:36,020 : AssetManager : Loading assets: 63/270 (23%)
2021-06-21 17:37:36,687 : EventManager : Event: ======'loading_assets'====== Args={'total': 270, 'loaded': 66, 'remaining': 204, 'percent': 24}
2021-06-21 17:37:36,687 : AssetManager : Loading assets: 66/270 (24%)
2021-06-21 17:37:36,920 : EventManager : Event: ======'loading_assets'====== Args={'total': 270, 'loaded': 70, 'remaining': 200, 'percent': 26}
2021-06-21 17:37:36,920 : AssetManager : Loading assets: 70/270 (26%)
2021-06-21 17:37:37,136 : EventManager : Event: ======'loading_assets'====== Args={'total': 270, 'loaded': 74, 'remaining': 196, 'percent': 27}
2021-06-21 17:37:37,136 : AssetManager : Loading assets: 74/270 (27%)
2021-06-21 17:37:37,422 : EventManager : Event: ======'loading_assets'====== Args={'total': 270, 'loaded': 75, 'remaining': 195, 'percent': 28}
2021-06-21 17:37:37,423 : AssetManager : Loading assets: 75/270 (28%)
2021-06-21 17:37:37,803 : EventManager : Event: ======'loading_assets'====== Args={'total': 270, 'loaded': 76, 'remaining': 194, 'percent': 28}
2021-06-21 17:37:37,804 : AssetManager : Loading assets: 76/270 (28%)
2021-06-21 17:37:38,138 : EventManager : Event: ======'loading_assets'====== Args={'total': 270, 'loaded': 77, 'remaining': 193, 'percent': 29}
2021-06-21 17:37:38,138 : AssetManager : Loading assets: 77/270 (29%)
2021-06-21 17:37:38,920 : EventManager : Event: ======'loading_assets'====== Args={'total': 270, 'loaded': 78, 'remaining': 192, 'percent': 29}
2021-06-21 17:37:38,920 : AssetManager : Loading assets: 78/270 (29%)
2021-06-21 17:37:40,055 : EventManager : Event: ======'loading_assets'====== Args={'total': 270, 'loaded': 79, 'remaining': 191, 'percent': 29}
2021-06-21 17:37:40,055 : AssetManager : Loading assets: 79/270 (29%)
2021-06-21 17:37:40,387 : EventManager : Event: ======'loading_assets'====== Args={'total': 270, 'loaded': 84, 'remaining': 186, 'percent': 31}
2021-06-21 17:37:40,387 : AssetManager : Loading assets: 84/270 (31%)
2021-06-21 17:37:40,888 : EventManager : Event: ======'loading_assets'====== Args={'total': 270, 'loaded': 85, 'remaining': 185, 'percent': 31}
2021-06-21 17:37:40,888 : AssetManager : Loading assets: 85/270 (31%)
2021-06-21 17:37:41,437 : EventManager : Event: ======'loading_assets'====== Args={'total': 270, 'loaded': 86, 'remaining': 184, 'percent': 32}
2021-06-21 17:37:41,437 : AssetManager : Loading assets: 86/270 (32%)
2021-06-21 17:37:41,837 : EventManager : Event: ======'loading_assets'====== Args={'total': 270, 'loaded': 87, 'remaining': 183, 'percent': 32}
2021-06-21 17:37:41,837 : AssetManager : Loading assets: 87/270 (32%)
2021-06-21 17:37:42,437 : EventManager : Event: ======'loading_assets'====== Args={'total': 270, 'loaded': 89, 'remaining': 181, 'percent': 33}
2021-06-21 17:37:42,437 : AssetManager : Loading assets: 89/270 (33%)
2021-06-21 17:37:42,687 : EventManager : Event: ======'loading_assets'====== Args={'total': 270, 'loaded': 91, 'remaining': 179, 'percent': 34}
2021-06-21 17:37:42,687 : AssetManager : Loading assets: 91/270 (34%)
2021-06-21 17:37:42,904 : EventManager : Event: ======'loading_assets'====== Args={'total': 270, 'loaded': 92, 'remaining': 178, 'percent': 34}
2021-06-21 17:37:42,904 : AssetManager : Loading assets: 92/270 (34%)
2021-06-21 17:37:43,104 : EventManager : Event: ======'loading_assets'====== Args={'total': 270, 'loaded': 93, 'remaining': 177, 'percent': 34}
2021-06-21 17:37:43,104 : AssetManager : Loading assets: 93/270 (34%)
2021-06-21 17:37:43,353 : EventManager : Event: ======'loading_assets'====== Args={'total': 270, 'loaded': 97, 'remaining': 173, 'percent': 36}
2021-06-21 17:37:43,354 : AssetManager : Loading assets: 97/270 (36%)
2021-06-21 17:37:44,488 : EventManager : Event: ======'loading_assets'====== Args={'total': 270, 'loaded': 107, 'remaining': 163, 'percent': 40}
2021-06-21 17:37:44,488 : AssetManager : Loading assets: 107/270 (40%)
2021-06-21 17:37:45,038 : EventManager : Event: ======'loading_assets'====== Args={'total': 270, 'loaded': 111, 'remaining': 159, 'percent': 41}
2021-06-21 17:37:45,038 : AssetManager : Loading assets: 111/270 (41%)
2021-06-21 17:37:45,288 : EventManager : Event: ======'loading_assets'====== Args={'total': 270, 'loaded': 112, 'remaining': 158, 'percent': 41}
2021-06-21 17:37:45,288 : AssetManager : Loading assets: 112/270 (41%)
2021-06-21 17:37:45,755 : EventManager : Event: ======'loading_assets'====== Args={'total': 270, 'loaded': 116, 'remaining': 154, 'percent': 43}
2021-06-21 17:37:45,755 : AssetManager : Loading assets: 116/270 (43%)
2021-06-21 17:37:46,055 : EventManager : Event: ======'loading_assets'====== Args={'total': 270, 'loaded': 117, 'remaining': 153, 'percent': 43}
2021-06-21 17:37:46,055 : AssetManager : Loading assets: 117/270 (43%)
2021-06-21 17:37:46,288 : EventManager : Event: ======'loading_assets'====== Args={'total': 270, 'loaded': 118, 'remaining': 152, 'percent': 44}
2021-06-21 17:37:46,288 : AssetManager : Loading assets: 118/270 (44%)
2021-06-21 17:37:46,538 : EventManager : Event: ======'loading_assets'====== Args={'total': 270, 'loaded': 119, 'remaining': 151, 'percent': 44}
2021-06-21 17:37:46,538 : AssetManager : Loading assets: 119/270 (44%)
