2021-06-20 16:21:08,403 : kivy : Factory: 186 symbols loaded
2021-06-20 16:21:08,513 : kivy : ImageLoaderFFPy: Using ffpyplayer 4.3.2
2021-06-20 16:21:08,513 : kivy : Image: Providers: img_tex, img_dds, img_sdl2, img_pil, img_ffpyplayer 
2021-06-20 16:21:08,551 : kivy : VideoGstplayer: Using Gstreamer 1.18.0.0
2021-06-20 16:21:08,551 : kivy : Video: Provider: gstplayer
2021-06-20 16:21:08,612 : kivy : Loading MPF-MC controller
2021-06-20 16:21:08,989 : ConfigProcessor : Config spec file cache created: C:\Users\SCHOLT~1\AppData\Local\Temp\config_spec.mpf_cache
2021-06-20 16:21:08,990 : YamlMultifileConfigLoader : Machine config file #1: config
2021-06-20 16:21:08,990 : ConfigProcessor : Config file in cache changed: E:\MPF\wows\wows\config\config
2021-06-20 16:21:08,990 : ConfigProcessor : Loading config from file c:\users\scholtz_balint\appdata\local\programs\python\python36\lib\site-packages\mpfmc\mcconfig.yaml.
2021-06-20 16:21:09,027 : ConfigProcessor : Loading config: c:\users\scholtz_balint\appdata\local\programs\python\python36\lib\site-packages\mpfmc\mcconfig.yaml
2021-06-20 16:21:09,028 : ConfigProcessor : Loading config from file E:\MPF\wows\wows\config\config.
2021-06-20 16:21:09,243 : ConfigProcessor : Loading config: E:\MPF\wows\wows\config\config
2021-06-20 16:21:09,281 : ConfigProcessor : Loading config: E:\MPF\wows\wows\config\config_mode_support.yaml
2021-06-20 16:21:09,307 : ConfigProcessor : Loading config: E:\MPF\wows\wows\config\config_hc_support.yaml
2021-06-20 16:21:09,311 : ConfigProcessor : Loading config: E:\MPF\wows\wows\config\config_capture_support.yaml
2021-06-20 16:21:09,324 : ConfigProcessor : Loading config: E:\MPF\wows\wows\config\config_commander_support.yaml
2021-06-20 16:21:09,330 : ConfigProcessor : Config file cache created: C:\Users\SCHOLT~1\AppData\Local\Temp\31cdb3616eadb192a937c9afde929487.mpf_cache
2021-06-20 16:21:09,331 : ConfigProcessor : Loading config from cache: C:\Users\SCHOLT~1\AppData\Local\Temp\3dd0efc3fc2458bb25a941f6d23e6a9c.mpf_cache
2021-06-20 16:21:09,331 : ConfigProcessor : Loading config from cache: C:\Users\SCHOLT~1\AppData\Local\Temp\c7e3f646a6ae875a07a0c3d1323c1c71.mpf_cache
2021-06-20 16:21:09,332 : ConfigProcessor : Loading config from cache: C:\Users\SCHOLT~1\AppData\Local\Temp\3dd0efc3fc2458bb25a941f6d23e6a9c.mpf_cache
2021-06-20 16:21:09,333 : ConfigProcessor : Loading config from cache: C:\Users\SCHOLT~1\AppData\Local\Temp\3a8cfb4ac342a25cc8f91711ea4bafc2.mpf_cache
2021-06-20 16:21:09,333 : ConfigProcessor : Loading config from cache: C:\Users\SCHOLT~1\AppData\Local\Temp\479d7318d211ad46f9f0d828c96341f2.mpf_cache
2021-06-20 16:21:09,334 : ConfigProcessor : Loading config from cache: C:\Users\SCHOLT~1\AppData\Local\Temp\c96ee90647ae5b034e2dd42c348c42ad.mpf_cache
2021-06-20 16:21:09,334 : ConfigProcessor : Loading config from cache: C:\Users\SCHOLT~1\AppData\Local\Temp\ca0415bb38fd20ce1ae72b2592ece46e.mpf_cache
2021-06-20 16:21:09,335 : ConfigProcessor : Loading config from cache: C:\Users\SCHOLT~1\AppData\Local\Temp\72e9fea1cb562e40024eb5e8538ccaf2.mpf_cache
2021-06-20 16:21:09,335 : ConfigProcessor : Loading config from cache: C:\Users\SCHOLT~1\AppData\Local\Temp\c22c03646c3330fed25ec0d2c1900176.mpf_cache
2021-06-20 16:21:09,336 : ConfigProcessor : Loading config from cache: C:\Users\SCHOLT~1\AppData\Local\Temp\4f40b51a2a6ab6b3327b174347355c6f.mpf_cache
2021-06-20 16:21:09,336 : ConfigProcessor : Loading config from cache: C:\Users\SCHOLT~1\AppData\Local\Temp\39fabcdae38f081491893b3f9bf3922e.mpf_cache
2021-06-20 16:21:09,337 : ConfigProcessor : Loading config from cache: C:\Users\SCHOLT~1\AppData\Local\Temp\943ecf72a5798e3efec3d4f70c6ce1d2.mpf_cache
2021-06-20 16:21:09,338 : ConfigProcessor : Loading config from cache: C:\Users\SCHOLT~1\AppData\Local\Temp\04d9c03061fa17a1f6b23081f79db9ab.mpf_cache
2021-06-20 16:21:09,338 : ConfigProcessor : Loading config from cache: C:\Users\SCHOLT~1\AppData\Local\Temp\1ff29be1d22fb14fe5fd1c82a6918df4.mpf_cache
2021-06-20 16:21:09,339 : ConfigProcessor : Loading config from cache: C:\Users\SCHOLT~1\AppData\Local\Temp\f0ffd5ecaddfe34035bf3b1779215a88.mpf_cache
2021-06-20 16:21:09,339 : ConfigProcessor : Loading config from cache: C:\Users\SCHOLT~1\AppData\Local\Temp\b0de444617e3bf30a07f755a6d4831cc.mpf_cache
2021-06-20 16:21:09,340 : ConfigProcessor : Loading config from cache: C:\Users\SCHOLT~1\AppData\Local\Temp\200a9b2dddbe7706ffb4c4426b6d54a8.mpf_cache
2021-06-20 16:21:09,340 : ConfigProcessor : Loading config from cache: C:\Users\SCHOLT~1\AppData\Local\Temp\5ab98d4be1e8de85bea62364890eb2e9.mpf_cache
2021-06-20 16:21:09,341 : ConfigProcessor : Loading config from cache: C:\Users\SCHOLT~1\AppData\Local\Temp\4303dca7489148da2d256fc831cf8c96.mpf_cache
2021-06-20 16:21:09,341 : ConfigProcessor : Loading config from cache: C:\Users\SCHOLT~1\AppData\Local\Temp\e8fceecd8f65a6a7269e98c7961bbf6a.mpf_cache
2021-06-20 16:21:09,342 : ConfigProcessor : Loading config from cache: C:\Users\SCHOLT~1\AppData\Local\Temp\c84d6d08bf6f923cbcccfeeea02d2c8a.mpf_cache
2021-06-20 16:21:09,342 : ConfigProcessor : Loading config from cache: C:\Users\SCHOLT~1\AppData\Local\Temp\159a0b7ffc6de2ed1a8cdcd57b7df3c0.mpf_cache
2021-06-20 16:21:09,342 : ConfigProcessor : Loading config from cache: C:\Users\SCHOLT~1\AppData\Local\Temp\47da5935da57327449007069e0d0551c.mpf_cache
2021-06-20 16:21:09,343 : ConfigProcessor : Loading config from cache: C:\Users\SCHOLT~1\AppData\Local\Temp\b1234e2c44a33609dc2af4760c4a3f89.mpf_cache
2021-06-20 16:21:09,344 : ConfigProcessor : Loading config from cache: C:\Users\SCHOLT~1\AppData\Local\Temp\466eddfec572894d9eb472ce07aa5fba.mpf_cache
2021-06-20 16:21:09,344 : ConfigProcessor : Loading config from cache: C:\Users\SCHOLT~1\AppData\Local\Temp\93429a2a8e0859f6546b68f40c2a4656.mpf_cache
2021-06-20 16:21:09,345 : ConfigProcessor : Loading config from cache: C:\Users\SCHOLT~1\AppData\Local\Temp\95ae88fb094583fa2b4097c6df179650.mpf_cache
2021-06-20 16:21:09,345 : ConfigProcessor : Loading config from cache: C:\Users\SCHOLT~1\AppData\Local\Temp\de2d3fc178b15ce3807fa4ab35b9c965.mpf_cache
2021-06-20 16:21:09,346 : ConfigProcessor : Loading config from cache: C:\Users\SCHOLT~1\AppData\Local\Temp\0c80ca2179989d09b86c78c19ec87d9b.mpf_cache
2021-06-20 16:21:09,347 : ConfigProcessor : Loading config from cache: C:\Users\SCHOLT~1\AppData\Local\Temp\95e265efe14e4eb05d8d5c5689c9ae6b.mpf_cache
2021-06-20 16:21:09,347 : ConfigProcessor : Loading config from cache: C:\Users\SCHOLT~1\AppData\Local\Temp\ba047bbdc168fca96d58d351c4240916.mpf_cache
2021-06-20 16:21:09,348 : ConfigProcessor : Loading config from cache: C:\Users\SCHOLT~1\AppData\Local\Temp\7c1900736275ba8a713cfe77e991e929.mpf_cache
2021-06-20 16:21:09,348 : ConfigProcessor : Loading config from cache: C:\Users\SCHOLT~1\AppData\Local\Temp\db3d1ab92e5d5c563b40d82372434517.mpf_cache
2021-06-20 16:21:09,349 : ConfigProcessor : Loading config from cache: C:\Users\SCHOLT~1\AppData\Local\Temp\78980531363184480bbd7075661ced33.mpf_cache
2021-06-20 16:21:09,349 : ConfigProcessor : Loading config from cache: C:\Users\SCHOLT~1\AppData\Local\Temp\efcf079e5af2b94e88dae4e07273acc8.mpf_cache
2021-06-20 16:21:09,350 : ConfigProcessor : Loading config from cache: C:\Users\SCHOLT~1\AppData\Local\Temp\44231afd4be159e8c99041e8eb88670e.mpf_cache
2021-06-20 16:21:09,350 : mpfmc : Mission Pinball Framework Media Controller v0.55.0-dev.11
2021-06-20 16:21:09,350 : mpfmc : Mission Pinball Framework Game Engine v0.55.0-dev.58
2021-06-20 16:21:09,350 : mpfmc : Machine path: E:\MPF\wows\wows
2021-06-20 16:21:09,350 : mpfmc : Starting clock at 60.0Hz
2021-06-20 16:21:09,364 : kivy : Text: Provider: sdl2
2021-06-20 16:21:09,404 : kivy : Window: Provider: sdl2
2021-06-20 16:21:09,705 : kivy : GL: Using the "OpenGL" graphics system
2021-06-20 16:21:09,711 : kivy : GL: GLEW initialization succeeded
2021-06-20 16:21:09,711 : kivy : GL: Backend used <glew>
2021-06-20 16:21:09,711 : kivy : GL: OpenGL version <b'4.6.0 NVIDIA 391.35'>
2021-06-20 16:21:09,711 : kivy : GL: OpenGL vendor <b'NVIDIA Corporation'>
2021-06-20 16:21:09,711 : kivy : GL: OpenGL renderer <b'GeForce GTX 1060 6GB/PCIe/SSE2'>
2021-06-20 16:21:09,711 : kivy : GL: OpenGL parsed version: 4, 6
2021-06-20 16:21:09,711 : kivy : GL: Shading version <b'4.60 NVIDIA'>
2021-06-20 16:21:09,711 : kivy : GL: Texture max size <32768>
2021-06-20 16:21:09,712 : kivy : GL: Texture max units <32>
2021-06-20 16:21:09,726 : kivy : Window: auto add sdl2 input provider
2021-06-20 16:21:09,726 : kivy : Window: virtual keyboard not allowed, single mode, not docked
2021-06-20 16:21:09,901 : AudioInterface : Initialized
2021-06-20 16:21:09,902 : AudioInterface : Loaded SDL 2.0.12
2021-06-20 16:21:09,902 : AudioInterface : Loaded SDL_Mixer 2.0.4
2021-06-20 16:21:09,902 : AudioInterface : Loaded GStreamer 1.18.0.0
2021-06-20 16:21:09,902 : AudioInterface : Loaded GLib 2.62.6
2021-06-20 16:21:09,902 : AudioInterface : Settings requested - rate: 44100, channels: 1, buffer: 2048 samples
2021-06-20 16:21:09,902 : AudioInterface : Settings in use - rate: 44100, channels: 1, buffer: 2048 samples (4096 bytes @ 2 bytes per sample)
2021-06-20 16:21:09,902 : AudioInterface : Enabling audio playback
2021-06-20 16:21:09,904 : kivy : Base: Start application main loop
2021-06-20 16:21:09,904 : EventManager : Event: ======'display_dmd_initialized'====== Args={}
2021-06-20 16:21:09,917 : mpfmc : Display: Setting 'dmd' as default display
2021-06-20 16:21:09,955 : kivy : GL: NPOT texture support is available
2021-06-20 16:21:09,965 : EventManager : Event: ======'displays_initialized'====== Args={}
2021-06-20 16:21:09,966 : EventManager : Event: ======'slide_dmd_blank_created'====== Args={}
2021-06-20 16:21:09,966 : EventManager : Event: ======'display_dmd_ready'====== Args={}
2021-06-20 16:21:09,975 : EventManager : Event: ======'init_phase_1'====== Args={}
2021-06-20 16:21:09,982 : EventManager : Event: ======'mc_ready'====== Args={}
2021-06-20 16:21:09,982 : EventManager : Event: ======'init_phase_2'====== Args={}
2021-06-20 16:21:10,072 : EventManager : Event: ======'init_phase_3'====== Args={}
2021-06-20 16:21:10,093 : EventManager : Event: ======'init_phase_4'====== Args={}
2021-06-20 16:21:10,094 : EventManager : Event: ======'init_phase_5'====== Args={}
2021-06-20 16:21:10,103 : EventManager : Event: ======'loading_assets'====== Args={'total': 270, 'loaded': 1, 'remaining': 269, 'percent': 0}
2021-06-20 16:21:10,103 : AssetManager : Loading assets: 1/270 (0%)
2021-06-20 16:21:12,013 : EventManager : Event: ======'loading_assets'====== Args={'total': 270, 'loaded': 3, 'remaining': 267, 'percent': 1}
2021-06-20 16:21:12,013 : AssetManager : Loading assets: 3/270 (1%)
2021-06-20 16:21:12,364 : EventManager : Event: ======'loading_assets'====== Args={'total': 270, 'loaded': 5, 'remaining': 265, 'percent': 2}
2021-06-20 16:21:12,364 : AssetManager : Loading assets: 5/270 (2%)
2021-06-20 16:21:12,630 : EventManager : Event: ======'loading_assets'====== Args={'total': 270, 'loaded': 6, 'remaining': 264, 'percent': 2}
2021-06-20 16:21:12,631 : AssetManager : Loading assets: 6/270 (2%)
2021-06-20 16:21:13,364 : EventManager : Event: ======'loading_assets'====== Args={'total': 270, 'loaded': 8, 'remaining': 262, 'percent': 3}
2021-06-20 16:21:13,364 : AssetManager : Loading assets: 8/270 (3%)
2021-06-20 16:21:13,864 : EventManager : Event: ======'loading_assets'====== Args={'total': 270, 'loaded': 10, 'remaining': 260, 'percent': 4}
2021-06-20 16:21:13,864 : AssetManager : Loading assets: 10/270 (4%)
2021-06-20 16:21:14,647 : EventManager : Event: ======'loading_assets'====== Args={'total': 270, 'loaded': 13, 'remaining': 257, 'percent': 5}
2021-06-20 16:21:14,648 : AssetManager : Loading assets: 13/270 (5%)
2021-06-20 16:21:15,297 : EventManager : Event: ======'loading_assets'====== Args={'total': 270, 'loaded': 15, 'remaining': 255, 'percent': 6}
2021-06-20 16:21:15,297 : AssetManager : Loading assets: 15/270 (6%)
2021-06-20 16:21:15,981 : EventManager : Event: ======'loading_assets'====== Args={'total': 270, 'loaded': 19, 'remaining': 251, 'percent': 7}
2021-06-20 16:21:15,981 : AssetManager : Loading assets: 19/270 (7%)
2021-06-20 16:21:16,348 : EventManager : Event: ======'loading_assets'====== Args={'total': 270, 'loaded': 23, 'remaining': 247, 'percent': 9}
2021-06-20 16:21:16,348 : AssetManager : Loading assets: 23/270 (9%)
2021-06-20 16:21:16,596 : EventManager : Event: ======'loading_assets'====== Args={'total': 270, 'loaded': 72, 'remaining': 198, 'percent': 27}
2021-06-20 16:21:16,596 : AssetManager : Loading assets: 72/270 (27%)
2021-06-20 16:21:16,997 : EventManager : Event: ======'loading_assets'====== Args={'total': 270, 'loaded': 75, 'remaining': 195, 'percent': 28}
2021-06-20 16:21:16,997 : AssetManager : Loading assets: 75/270 (28%)
2021-06-20 16:21:17,231 : EventManager : Event: ======'loading_assets'====== Args={'total': 270, 'loaded': 76, 'remaining': 194, 'percent': 28}
2021-06-20 16:21:17,231 : AssetManager : Loading assets: 76/270 (28%)
2021-06-20 16:21:17,497 : EventManager : Event: ======'loading_assets'====== Args={'total': 270, 'loaded': 77, 'remaining': 193, 'percent': 29}
2021-06-20 16:21:17,497 : AssetManager : Loading assets: 77/270 (29%)
2021-06-20 16:21:18,047 : EventManager : Event: ======'loading_assets'====== Args={'total': 270, 'loaded': 78, 'remaining': 192, 'percent': 29}
2021-06-20 16:21:18,047 : AssetManager : Loading assets: 78/270 (29%)
2021-06-20 16:21:18,681 : EventManager : Event: ======'loading_assets'====== Args={'total': 270, 'loaded': 79, 'remaining': 191, 'percent': 29}
2021-06-20 16:21:18,681 : AssetManager : Loading assets: 79/270 (29%)
2021-06-20 16:21:19,047 : EventManager : Event: ======'loading_assets'====== Args={'total': 270, 'loaded': 80, 'remaining': 190, 'percent': 30}
2021-06-20 16:21:19,048 : AssetManager : Loading assets: 80/270 (30%)
2021-06-20 16:21:19,364 : EventManager : Event: ======'loading_assets'====== Args={'total': 270, 'loaded': 84, 'remaining': 186, 'percent': 31}
2021-06-20 16:21:19,364 : AssetManager : Loading assets: 84/270 (31%)
2021-06-20 16:21:19,964 : EventManager : Event: ======'loading_assets'====== Args={'total': 270, 'loaded': 86, 'remaining': 184, 'percent': 32}
2021-06-20 16:21:19,964 : AssetManager : Loading assets: 86/270 (32%)
2021-06-20 16:21:20,898 : EventManager : Event: ======'loading_assets'====== Args={'total': 270, 'loaded': 87, 'remaining': 183, 'percent': 32}
2021-06-20 16:21:20,898 : AssetManager : Loading assets: 87/270 (32%)
2021-06-20 16:21:21,397 : EventManager : Event: ======'loading_assets'====== Args={'total': 270, 'loaded': 88, 'remaining': 182, 'percent': 33}
2021-06-20 16:21:21,397 : AssetManager : Loading assets: 88/270 (33%)
2021-06-20 16:21:21,814 : EventManager : Event: ======'loading_assets'====== Args={'total': 270, 'loaded': 89, 'remaining': 181, 'percent': 33}
2021-06-20 16:21:21,814 : AssetManager : Loading assets: 89/270 (33%)
2021-06-20 16:21:22,231 : EventManager : Event: ======'loading_assets'====== Args={'total': 270, 'loaded': 90, 'remaining': 180, 'percent': 33}
2021-06-20 16:21:22,231 : AssetManager : Loading assets: 90/270 (33%)
2021-06-20 16:21:22,448 : EventManager : Event: ======'loading_assets'====== Args={'total': 270, 'loaded': 91, 'remaining': 179, 'percent': 34}
2021-06-20 16:21:22,448 : AssetManager : Loading assets: 91/270 (34%)
2021-06-20 16:21:22,831 : EventManager : Event: ======'loading_assets'====== Args={'total': 270, 'loaded': 93, 'remaining': 177, 'percent': 34}
2021-06-20 16:21:22,831 : AssetManager : Loading assets: 93/270 (34%)
2021-06-20 16:21:23,080 : EventManager : Event: ======'loading_assets'====== Args={'total': 270, 'loaded': 99, 'remaining': 171, 'percent': 37}
2021-06-20 16:21:23,081 : AssetManager : Loading assets: 99/270 (37%)
2021-06-20 16:21:23,748 : EventManager : Event: ======'loading_assets'====== Args={'total': 270, 'loaded': 101, 'remaining': 169, 'percent': 37}
2021-06-20 16:21:23,748 : AssetManager : Loading assets: 101/270 (37%)
2021-06-20 16:21:24,465 : EventManager : Event: ======'loading_assets'====== Args={'total': 270, 'loaded': 102, 'remaining': 168, 'percent': 38}
2021-06-20 16:21:24,465 : AssetManager : Loading assets: 102/270 (38%)
2021-06-20 16:21:25,181 : EventManager : Event: ======'loading_assets'====== Args={'total': 270, 'loaded': 104, 'remaining': 166, 'percent': 39}
2021-06-20 16:21:25,181 : AssetManager : Loading assets: 104/270 (39%)
2021-06-20 16:21:25,998 : EventManager : Event: ======'loading_assets'====== Args={'total': 270, 'loaded': 105, 'remaining': 165, 'percent': 39}
2021-06-20 16:21:25,998 : AssetManager : Loading assets: 105/270 (39%)
2021-06-20 16:21:26,715 : EventManager : Event: ======'loading_assets'====== Args={'total': 270, 'loaded': 106, 'remaining': 164, 'percent': 39}
2021-06-20 16:21:26,715 : AssetManager : Loading assets: 106/270 (39%)
2021-06-20 16:21:27,631 : EventManager : Event: ======'loading_assets'====== Args={'total': 270, 'loaded': 107, 'remaining': 163, 'percent': 40}
2021-06-20 16:21:27,631 : AssetManager : Loading assets: 107/270 (40%)
2021-06-20 16:21:27,981 : EventManager : Event: ======'loading_assets'====== Args={'total': 270, 'loaded': 111, 'remaining': 159, 'percent': 41}
2021-06-20 16:21:27,981 : AssetManager : Loading assets: 111/270 (41%)
2021-06-20 16:21:28,181 : EventManager : Event: ======'loading_assets'====== Args={'total': 270, 'loaded': 114, 'remaining': 156, 'percent': 42}
2021-06-20 16:21:28,181 : AssetManager : Loading assets: 114/270 (42%)
2021-06-20 16:21:28,515 : EventManager : Event: ======'loading_assets'====== Args={'total': 270, 'loaded': 116, 'remaining': 154, 'percent': 43}
2021-06-20 16:21:28,515 : AssetManager : Loading assets: 116/270 (43%)
2021-06-20 16:21:28,832 : EventManager : Event: ======'loading_assets'====== Args={'total': 270, 'loaded': 117, 'remaining': 153, 'percent': 43}
2021-06-20 16:21:28,832 : AssetManager : Loading assets: 117/270 (43%)
2021-06-20 16:21:29,098 : EventManager : Event: ======'loading_assets'====== Args={'total': 270, 'loaded': 118, 'remaining': 152, 'percent': 44}
2021-06-20 16:21:29,098 : AssetManager : Loading assets: 118/270 (44%)
2021-06-20 16:21:29,465 : EventManager : Event: ======'loading_assets'====== Args={'total': 270, 'loaded': 119, 'remaining': 151, 'percent': 44}
2021-06-20 16:21:29,465 : AssetManager : Loading assets: 119/270 (44%)
2021-06-20 16:21:29,731 : EventManager : Event: ======'loading_assets'====== Args={'total': 270, 'loaded': 120, 'remaining': 150, 'percent': 44}
2021-06-20 16:21:29,731 : AssetManager : Loading assets: 120/270 (44%)
2021-06-20 16:21:29,999 : EventManager : Event: ======'loading_assets'====== Args={'total': 270, 'loaded': 121, 'remaining': 149, 'percent': 45}
2021-06-20 16:21:29,999 : AssetManager : Loading assets: 121/270 (45%)
2021-06-20 16:21:30,298 : EventManager : Event: ======'loading_assets'====== Args={'total': 270, 'loaded': 122, 'remaining': 148, 'percent': 45}
2021-06-20 16:21:30,298 : AssetManager : Loading assets: 122/270 (45%)
2021-06-20 16:21:30,615 : EventManager : Event: ======'loading_assets'====== Args={'total': 270, 'loaded': 123, 'remaining': 147, 'percent': 46}
2021-06-20 16:21:30,615 : AssetManager : Loading assets: 123/270 (46%)
2021-06-20 16:21:30,915 : EventManager : Event: ======'loading_assets'====== Args={'total': 270, 'loaded': 124, 'remaining': 146, 'percent': 46}
2021-06-20 16:21:30,915 : AssetManager : Loading assets: 124/270 (46%)
2021-06-20 16:21:31,131 : EventManager : Event: ======'loading_assets'====== Args={'total': 270, 'loaded': 125, 'remaining': 145, 'percent': 46}
2021-06-20 16:21:31,131 : AssetManager : Loading assets: 125/270 (46%)
2021-06-20 16:21:31,465 : EventManager : Event: ======'loading_assets'====== Args={'total': 270, 'loaded': 126, 'remaining': 144, 'percent': 47}
2021-06-20 16:21:31,465 : AssetManager : Loading assets: 126/270 (47%)
2021-06-20 16:21:31,765 : EventManager : Event: ======'loading_assets'====== Args={'total': 270, 'loaded': 127, 'remaining': 143, 'percent': 47}
2021-06-20 16:21:31,765 : AssetManager : Loading assets: 127/270 (47%)
2021-06-20 16:21:32,015 : EventManager : Event: ======'loading_assets'====== Args={'total': 270, 'loaded': 128, 'remaining': 142, 'percent': 47}
2021-06-20 16:21:32,015 : AssetManager : Loading assets: 128/270 (47%)
2021-06-20 16:21:32,282 : EventManager : Event: ======'loading_assets'====== Args={'total': 270, 'loaded': 129, 'remaining': 141, 'percent': 48}
2021-06-20 16:21:32,282 : AssetManager : Loading assets: 129/270 (48%)
2021-06-20 16:21:32,515 : EventManager : Event: ======'loading_assets'====== Args={'total': 270, 'loaded': 130, 'remaining': 140, 'percent': 48}
2021-06-20 16:21:32,515 : AssetManager : Loading assets: 130/270 (48%)
2021-06-20 16:21:32,865 : EventManager : Event: ======'loading_assets'====== Args={'total': 270, 'loaded': 134, 'remaining': 136, 'percent': 50}
2021-06-20 16:21:32,865 : AssetManager : Loading assets: 134/270 (50%)
2021-06-20 16:21:33,298 : EventManager : Event: ======'loading_assets'====== Args={'total': 270, 'loaded': 135, 'remaining': 135, 'percent': 50}
2021-06-20 16:21:33,298 : AssetManager : Loading assets: 135/270 (50%)
2021-06-20 16:21:33,515 : EventManager : Event: ======'loading_assets'====== Args={'total': 270, 'loaded': 137, 'remaining': 133, 'percent': 51}
2021-06-20 16:21:33,515 : AssetManager : Loading assets: 137/270 (51%)
2021-06-20 16:21:33,731 : EventManager : Event: ======'loading_assets'====== Args={'total': 270, 'loaded': 141, 'remaining': 129, 'percent': 52}
2021-06-20 16:21:33,731 : AssetManager : Loading assets: 141/270 (52%)
2021-06-20 16:21:33,965 : EventManager : Event: ======'loading_assets'====== Args={'total': 270, 'loaded': 145, 'remaining': 125, 'percent': 54}
2021-06-20 16:21:33,965 : AssetManager : Loading assets: 145/270 (54%)
2021-06-20 16:21:34,181 : EventManager : Event: ======'loading_assets'====== Args={'total': 270, 'loaded': 149, 'remaining': 121, 'percent': 55}
2021-06-20 16:21:34,181 : AssetManager : Loading assets: 149/270 (55%)
2021-06-20 16:21:34,982 : EventManager : Event: ======'loading_assets'====== Args={'total': 270, 'loaded': 150, 'remaining': 120, 'percent': 56}
2021-06-20 16:21:34,982 : AssetManager : Loading assets: 150/270 (56%)
2021-06-20 16:21:35,632 : EventManager : Event: ======'loading_assets'====== Args={'total': 270, 'loaded': 152, 'remaining': 118, 'percent': 56}
2021-06-20 16:21:35,632 : AssetManager : Loading assets: 152/270 (56%)
2021-06-20 16:21:36,149 : EventManager : Event: ======'loading_assets'====== Args={'total': 270, 'loaded': 154, 'remaining': 116, 'percent': 57}
2021-06-20 16:21:36,149 : AssetManager : Loading assets: 154/270 (57%)
2021-06-20 16:21:36,831 : EventManager : Event: ======'loading_assets'====== Args={'total': 270, 'loaded': 156, 'remaining': 114, 'percent': 58}
2021-06-20 16:21:36,832 : AssetManager : Loading assets: 156/270 (58%)
2021-06-20 16:21:37,232 : EventManager : Event: ======'loading_assets'====== Args={'total': 270, 'loaded': 158, 'remaining': 112, 'percent': 59}
2021-06-20 16:21:37,232 : AssetManager : Loading assets: 158/270 (59%)
2021-06-20 16:21:37,532 : EventManager : Event: ======'loading_assets'====== Args={'total': 270, 'loaded': 159, 'remaining': 111, 'percent': 59}
2021-06-20 16:21:37,532 : AssetManager : Loading assets: 159/270 (59%)
2021-06-20 16:21:38,199 : EventManager : Event: ======'loading_assets'====== Args={'total': 270, 'loaded': 160, 'remaining': 110, 'percent': 59}
2021-06-20 16:21:38,199 : AssetManager : Loading assets: 160/270 (59%)
2021-06-20 16:21:38,732 : EventManager : Event: ======'loading_assets'====== Args={'total': 270, 'loaded': 162, 'remaining': 108, 'percent': 60}
2021-06-20 16:21:38,732 : AssetManager : Loading assets: 162/270 (60%)
2021-06-20 16:21:39,365 : EventManager : Event: ======'loading_assets'====== Args={'total': 270, 'loaded': 164, 'remaining': 106, 'percent': 61}
2021-06-20 16:21:39,366 : AssetManager : Loading assets: 164/270 (61%)
2021-06-20 16:21:39,949 : EventManager : Event: ======'loading_assets'====== Args={'total': 270, 'loaded': 166, 'remaining': 104, 'percent': 61}
2021-06-20 16:21:39,949 : AssetManager : Loading assets: 166/270 (61%)
2021-06-20 16:21:40,582 : EventManager : Event: ======'loading_assets'====== Args={'total': 270, 'loaded': 168, 'remaining': 102, 'percent': 62}
2021-06-20 16:21:40,582 : AssetManager : Loading assets: 168/270 (62%)
2021-06-20 16:21:40,815 : EventManager : Event: ======'loading_assets'====== Args={'total': 270, 'loaded': 170, 'remaining': 100, 'percent': 63}
2021-06-20 16:21:40,815 : AssetManager : Loading assets: 170/270 (63%)
2021-06-20 16:21:41,216 : EventManager : Event: ======'loading_assets'====== Args={'total': 270, 'loaded': 173, 'remaining': 97, 'percent': 64}
2021-06-20 16:21:41,216 : AssetManager : Loading assets: 173/270 (64%)
2021-06-20 16:21:41,415 : EventManager : Event: ======'loading_assets'====== Args={'total': 270, 'loaded': 176, 'remaining': 94, 'percent': 65}
2021-06-20 16:21:41,415 : AssetManager : Loading assets: 176/270 (65%)
2021-06-20 16:21:41,665 : EventManager : Event: ======'loading_assets'====== Args={'total': 270, 'loaded': 177, 'remaining': 93, 'percent': 66}
2021-06-20 16:21:41,665 : AssetManager : Loading assets: 177/270 (66%)
2021-06-20 16:21:41,882 : EventManager : Event: ======'loading_assets'====== Args={'total': 270, 'loaded': 180, 'remaining': 90, 'percent': 67}
2021-06-20 16:21:41,882 : AssetManager : Loading assets: 180/270 (67%)
2021-06-20 16:21:42,099 : EventManager : Event: ======'loading_assets'====== Args={'total': 270, 'loaded': 183, 'remaining': 87, 'percent': 68}
2021-06-20 16:21:42,099 : AssetManager : Loading assets: 183/270 (68%)
2021-06-20 16:21:42,332 : EventManager : Event: ======'loading_assets'====== Args={'total': 270, 'loaded': 185, 'remaining': 85, 'percent': 69}
2021-06-20 16:21:42,333 : AssetManager : Loading assets: 185/270 (69%)
2021-06-20 16:21:42,532 : EventManager : Event: ======'loading_assets'====== Args={'total': 270, 'loaded': 186, 'remaining': 84, 'percent': 69}
2021-06-20 16:21:42,533 : AssetManager : Loading assets: 186/270 (69%)
2021-06-20 16:21:42,866 : EventManager : Event: ======'loading_assets'====== Args={'total': 270, 'loaded': 189, 'remaining': 81, 'percent': 70}
2021-06-20 16:21:42,866 : AssetManager : Loading assets: 189/270 (70%)
2021-06-20 16:21:43,349 : EventManager : Event: ======'loading_assets'====== Args={'total': 270, 'loaded': 191, 'remaining': 79, 'percent': 71}
2021-06-20 16:21:43,349 : AssetManager : Loading assets: 191/270 (71%)
2021-06-20 16:21:43,666 : EventManager : Event: ======'loading_assets'====== Args={'total': 270, 'loaded': 193, 'remaining': 77, 'percent': 71}
2021-06-20 16:21:43,666 : AssetManager : Loading assets: 193/270 (71%)
2021-06-20 16:21:43,882 : EventManager : Event: ======'loading_assets'====== Args={'total': 270, 'loaded': 195, 'remaining': 75, 'percent': 72}
2021-06-20 16:21:43,882 : AssetManager : Loading assets: 195/270 (72%)
2021-06-20 16:21:44,150 : EventManager : Event: ======'loading_assets'====== Args={'total': 270, 'loaded': 198, 'remaining': 72, 'percent': 73}
2021-06-20 16:21:44,150 : AssetManager : Loading assets: 198/270 (73%)
2021-06-20 16:21:44,533 : EventManager : Event: ======'loading_assets'====== Args={'total': 270, 'loaded': 202, 'remaining': 68, 'percent': 75}
2021-06-20 16:21:44,533 : AssetManager : Loading assets: 202/270 (75%)
2021-06-20 16:21:44,832 : EventManager : Event: ======'loading_assets'====== Args={'total': 270, 'loaded': 204, 'remaining': 66, 'percent': 76}
2021-06-20 16:21:44,832 : AssetManager : Loading assets: 204/270 (76%)
2021-06-20 16:21:45,049 : EventManager : Event: ======'loading_assets'====== Args={'total': 270, 'loaded': 207, 'remaining': 63, 'percent': 77}
2021-06-20 16:21:45,049 : AssetManager : Loading assets: 207/270 (77%)
2021-06-20 16:21:45,299 : EventManager : Event: ======'loading_assets'====== Args={'total': 270, 'loaded': 209, 'remaining': 61, 'percent': 77}
2021-06-20 16:21:45,299 : AssetManager : Loading assets: 209/270 (77%)
2021-06-20 16:21:46,500 : EventManager : Event: ======'loading_assets'====== Args={'total': 270, 'loaded': 212, 'remaining': 58, 'percent': 79}
2021-06-20 16:21:46,501 : AssetManager : Loading assets: 212/270 (79%)
2021-06-20 16:21:46,699 : EventManager : Event: ======'loading_assets'====== Args={'total': 270, 'loaded': 215, 'remaining': 55, 'percent': 80}
2021-06-20 16:21:46,699 : AssetManager : Loading assets: 215/270 (80%)
2021-06-20 16:21:46,932 : EventManager : Event: ======'loading_assets'====== Args={'total': 270, 'loaded': 220, 'remaining': 50, 'percent': 81}
2021-06-20 16:21:46,932 : AssetManager : Loading assets: 220/270 (81%)
2021-06-20 16:21:47,199 : EventManager : Event: ======'loading_assets'====== Args={'total': 270, 'loaded': 225, 'remaining': 45, 'percent': 83}
2021-06-20 16:21:47,199 : AssetManager : Loading assets: 225/270 (83%)
2021-06-20 16:21:47,432 : EventManager : Event: ======'loading_assets'====== Args={'total': 270, 'loaded': 230, 'remaining': 40, 'percent': 85}
2021-06-20 16:21:47,432 : AssetManager : Loading assets: 230/270 (85%)
2021-06-20 16:21:47,649 : EventManager : Event: ======'loading_assets'====== Args={'total': 270, 'loaded': 236, 'remaining': 34, 'percent': 87}
2021-06-20 16:21:47,649 : AssetManager : Loading assets: 236/270 (87%)
2021-06-20 16:21:47,848 : EventManager : Event: ======'loading_assets'====== Args={'total': 270, 'loaded': 240, 'remaining': 30, 'percent': 89}
2021-06-20 16:21:47,849 : AssetManager : Loading assets: 240/270 (89%)
2021-06-20 16:21:48,099 : EventManager : Event: ======'loading_assets'====== Args={'total': 270, 'loaded': 245, 'remaining': 25, 'percent': 91}
2021-06-20 16:21:48,099 : AssetManager : Loading assets: 245/270 (91%)
2021-06-20 16:21:48,466 : EventManager : Event: ======'loading_assets'====== Args={'total': 270, 'loaded': 247, 'remaining': 23, 'percent': 91}
2021-06-20 16:21:48,466 : AssetManager : Loading assets: 247/270 (91%)
2021-06-20 16:21:48,699 : EventManager : Event: ======'loading_assets'====== Args={'total': 270, 'loaded': 249, 'remaining': 21, 'percent': 92}
2021-06-20 16:21:48,699 : AssetManager : Loading assets: 249/270 (92%)
2021-06-20 16:21:48,899 : EventManager : Event: ======'loading_assets'====== Args={'total': 270, 'loaded': 251, 'remaining': 19, 'percent': 93}
2021-06-20 16:21:48,899 : AssetManager : Loading assets: 251/270 (93%)
2021-06-20 16:21:49,233 : EventManager : Event: ======'loading_assets'====== Args={'total': 270, 'loaded': 253, 'remaining': 17, 'percent': 94}
2021-06-20 16:21:49,233 : AssetManager : Loading assets: 253/270 (94%)
2021-06-20 16:21:49,533 : EventManager : Event: ======'loading_assets'====== Args={'total': 270, 'loaded': 254, 'remaining': 16, 'percent': 94}
2021-06-20 16:21:49,533 : AssetManager : Loading assets: 254/270 (94%)
2021-06-20 16:21:50,016 : EventManager : Event: ======'loading_assets'====== Args={'total': 270, 'loaded': 258, 'remaining': 12, 'percent': 96}
2021-06-20 16:21:50,016 : AssetManager : Loading assets: 258/270 (96%)
2021-06-20 16:21:50,265 : EventManager : Event: ======'loading_assets'====== Args={'total': 270, 'loaded': 264, 'remaining': 6, 'percent': 98}
2021-06-20 16:21:50,266 : AssetManager : Loading assets: 264/270 (98%)
2021-06-20 16:21:50,499 : EventManager : Event: ======'loading_assets'====== Args={'total': 270, 'loaded': 269, 'remaining': 1, 'percent': 100}
2021-06-20 16:21:50,499 : AssetManager : Loading assets: 269/270 (100%)
2021-06-20 16:21:50,532 : EventManager : Event: ======'loading_assets'====== Args={'total': 270, 'loaded': 270, 'remaining': 0, 'percent': 100}
2021-06-20 16:21:50,533 : AssetManager : Asset loading took: 40.63036918640137
2021-06-20 16:21:50,533 : EventManager : Event: ======'asset_loading_complete'====== Args={}
2021-06-20 16:21:50,533 : AssetManager : Loading assets: 270/270 (100%)
2021-06-20 16:21:50,533 : EventManager : Event: ======'init_done'====== Args={}
2021-06-20 16:21:50,533 : MPF-MC BCP Server : Starting up on localhost port 5050
2021-06-20 16:21:50,536 : MPF-MC BCP Server : Waiting for a connection...
2021-06-20 16:21:50,566 : EventManager : Event: ======'client_disconnected'====== Args={'host': '127.0.0.1', 'port': 5050}
