2021-01-23 18:09:06,999 : kivy : Factory: 184 symbols loaded
2021-01-23 18:09:07,102 : kivy : ImageLoaderFFPy: Using ffpyplayer 4.3.1
2021-01-23 18:09:07,103 : kivy : Image: Providers: img_tex, img_dds, img_sdl2, img_pil, img_ffpyplayer, img_gif 
2021-01-23 18:09:07,146 : kivy : VideoGstplayer: Using Gstreamer 1.16.0.0
2021-01-23 18:09:07,146 : kivy : Video: Provider: gstplayer
2021-01-23 18:09:07,212 : kivy : Loading MPF-MC controller
2021-01-23 18:09:07,214 : YamlMultifileConfigLoader : Machine config file #1: config
2021-01-23 18:09:07,215 : ConfigProcessor : Config file in cache changed: E:\MPF\wows\wows\config\config
2021-01-23 18:09:07,215 : ConfigProcessor : Loading config from file c:\users\schol\appdata\local\programs\python\python36\lib\site-packages\mpfmc\mcconfig.yaml.
2021-01-23 18:09:07,253 : ConfigProcessor : Loading config: c:\users\schol\appdata\local\programs\python\python36\lib\site-packages\mpfmc\mcconfig.yaml
2021-01-23 18:09:07,253 : ConfigProcessor : Loading config from file E:\MPF\wows\wows\config\config.
2021-01-23 18:09:07,449 : ConfigProcessor : Loading config: E:\MPF\wows\wows\config\config
2021-01-23 18:09:07,484 : ConfigProcessor : Loading config: E:\MPF\wows\wows\config\config_mode_support.yaml
2021-01-23 18:09:07,511 : ConfigProcessor : Loading config: E:\MPF\wows\wows\config\config_hc_support.yaml
2021-01-23 18:09:07,516 : ConfigProcessor : Loading config: E:\MPF\wows\wows\config\config_capture_support.yaml
2021-01-23 18:09:07,521 : ConfigProcessor : Config file cache created: C:\Users\schol\AppData\Local\Temp\051200dc57c22661ccd061bb2017f3a6.mpf_cache
2021-01-23 18:09:07,522 : ConfigProcessor : Loading config from cache: C:\Users\schol\AppData\Local\Temp\d7d60495530237b374578b281bb65f31.mpf_cache
2021-01-23 18:09:07,522 : ConfigProcessor : Loading config from cache: C:\Users\schol\AppData\Local\Temp\cd9adc04f71a18563c8a43d82180f6f2.mpf_cache
2021-01-23 18:09:07,523 : ConfigProcessor : Loading config from cache: C:\Users\schol\AppData\Local\Temp\d7d60495530237b374578b281bb65f31.mpf_cache
2021-01-23 18:09:07,523 : ConfigProcessor : Loading config from cache: C:\Users\schol\AppData\Local\Temp\4bea832e3562a43fbe38f9764d71c298.mpf_cache
2021-01-23 18:09:07,523 : ConfigProcessor : Loading config from cache: C:\Users\schol\AppData\Local\Temp\45b3b9aa5591eaef8a230445e70fa468.mpf_cache
2021-01-23 18:09:07,524 : ConfigProcessor : Loading config from cache: C:\Users\schol\AppData\Local\Temp\c96ee90647ae5b034e2dd42c348c42ad.mpf_cache
2021-01-23 18:09:07,524 : ConfigProcessor : Loading config from cache: C:\Users\schol\AppData\Local\Temp\ca0415bb38fd20ce1ae72b2592ece46e.mpf_cache
2021-01-23 18:09:07,525 : ConfigProcessor : Loading config from cache: C:\Users\schol\AppData\Local\Temp\72e9fea1cb562e40024eb5e8538ccaf2.mpf_cache
2021-01-23 18:09:07,525 : ConfigProcessor : Loading config from cache: C:\Users\schol\AppData\Local\Temp\c22c03646c3330fed25ec0d2c1900176.mpf_cache
2021-01-23 18:09:07,526 : ConfigProcessor : Config file in cache changed: E:\MPF\wows\wows\modes\capture_hurryup\config\capture_hurryup.yaml
2021-01-23 18:09:07,526 : ConfigProcessor : Loading config from file E:\MPF\wows\wows\modes\capture_hurryup\config\capture_hurryup.yaml.
