2021-06-20 16:39:33,409 : kivy : Factory: 186 symbols loaded
2021-06-20 16:39:33,919 : kivy : ImageLoaderFFPy: Using ffpyplayer 4.3.2
2021-06-20 16:39:33,919 : kivy : Image: Providers: img_tex, img_dds, img_sdl2, img_pil, img_ffpyplayer 
2021-06-20 16:39:34,200 : kivy : VideoGstplayer: Using Gstreamer 1.18.0.0
2021-06-20 16:39:34,200 : kivy : Video: Provider: gstplayer
2021-06-20 16:39:34,407 : kivy : Loading MPF-MC controller
2021-06-20 16:39:34,769 : ConfigProcessor : Config spec file cache created: C:\Users\SCHOLT~1\AppData\Local\Temp\config_spec.mpf_cache
2021-06-20 16:39:34,769 : YamlMultifileConfigLoader : Machine config file #1: config
2021-06-20 16:39:34,770 : ConfigProcessor : Config file in cache changed: E:\MPF\wows\wows\config\config
2021-06-20 16:39:34,770 : ConfigProcessor : Loading config from file c:\users\scholtz_balint\appdata\local\programs\python\python36\lib\site-packages\mpfmc\mcconfig.yaml.
2021-06-20 16:39:34,814 : ConfigProcessor : Loading config: c:\users\scholtz_balint\appdata\local\programs\python\python36\lib\site-packages\mpfmc\mcconfig.yaml
2021-06-20 16:39:34,814 : ConfigProcessor : Loading config from file E:\MPF\wows\wows\config\config.
2021-06-20 16:39:35,029 : ConfigProcessor : Loading config: E:\MPF\wows\wows\config\config
2021-06-20 16:39:35,084 : ConfigProcessor : Loading config: E:\MPF\wows\wows\config\config_mode_support.yaml
2021-06-20 16:39:35,128 : ConfigProcessor : Loading config: E:\MPF\wows\wows\config\config_hc_support.yaml
2021-06-20 16:39:35,138 : ConfigProcessor : Loading config: E:\MPF\wows\wows\config\config_capture_support.yaml
2021-06-20 16:39:35,155 : ConfigProcessor : Loading config: E:\MPF\wows\wows\config\config_commander_support.yaml
2021-06-20 16:39:35,161 : ConfigProcessor : Config file cache created: C:\Users\SCHOLT~1\AppData\Local\Temp\31cdb3616eadb192a937c9afde929487.mpf_cache
2021-06-20 16:39:35,174 : ConfigProcessor : Loading config from cache: C:\Users\SCHOLT~1\AppData\Local\Temp\3dd0efc3fc2458bb25a941f6d23e6a9c.mpf_cache
2021-06-20 16:39:35,191 : ConfigProcessor : Loading config from cache: C:\Users\SCHOLT~1\AppData\Local\Temp\c7e3f646a6ae875a07a0c3d1323c1c71.mpf_cache
2021-06-20 16:39:35,204 : ConfigProcessor : Loading config from cache: C:\Users\SCHOLT~1\AppData\Local\Temp\3dd0efc3fc2458bb25a941f6d23e6a9c.mpf_cache
2021-06-20 16:39:35,208 : ConfigProcessor : Loading config from cache: C:\Users\SCHOLT~1\AppData\Local\Temp\3a8cfb4ac342a25cc8f91711ea4bafc2.mpf_cache
2021-06-20 16:39:35,214 : ConfigProcessor : Loading config from cache: C:\Users\SCHOLT~1\AppData\Local\Temp\479d7318d211ad46f9f0d828c96341f2.mpf_cache
2021-06-20 16:39:35,222 : ConfigProcessor : Loading config from cache: C:\Users\SCHOLT~1\AppData\Local\Temp\c96ee90647ae5b034e2dd42c348c42ad.mpf_cache
2021-06-20 16:39:35,227 : ConfigProcessor : Loading config from cache: C:\Users\SCHOLT~1\AppData\Local\Temp\ca0415bb38fd20ce1ae72b2592ece46e.mpf_cache
2021-06-20 16:39:35,232 : ConfigProcessor : Loading config from cache: C:\Users\SCHOLT~1\AppData\Local\Temp\72e9fea1cb562e40024eb5e8538ccaf2.mpf_cache
2021-06-20 16:39:35,247 : ConfigProcessor : Loading config from cache: C:\Users\SCHOLT~1\AppData\Local\Temp\c22c03646c3330fed25ec0d2c1900176.mpf_cache
2021-06-20 16:39:35,267 : ConfigProcessor : Loading config from cache: C:\Users\SCHOLT~1\AppData\Local\Temp\4f40b51a2a6ab6b3327b174347355c6f.mpf_cache
2021-06-20 16:39:35,281 : ConfigProcessor : Loading config from cache: C:\Users\SCHOLT~1\AppData\Local\Temp\39fabcdae38f081491893b3f9bf3922e.mpf_cache
2021-06-20 16:39:35,291 : ConfigProcessor : Loading config from cache: C:\Users\SCHOLT~1\AppData\Local\Temp\943ecf72a5798e3efec3d4f70c6ce1d2.mpf_cache
2021-06-20 16:39:35,298 : ConfigProcessor : Loading config from cache: C:\Users\SCHOLT~1\AppData\Local\Temp\04d9c03061fa17a1f6b23081f79db9ab.mpf_cache
2021-06-20 16:39:35,304 : ConfigProcessor : Loading config from cache: C:\Users\SCHOLT~1\AppData\Local\Temp\1ff29be1d22fb14fe5fd1c82a6918df4.mpf_cache
2021-06-20 16:39:35,310 : ConfigProcessor : Loading config from cache: C:\Users\SCHOLT~1\AppData\Local\Temp\f0ffd5ecaddfe34035bf3b1779215a88.mpf_cache
2021-06-20 16:39:35,317 : ConfigProcessor : Loading config from cache: C:\Users\SCHOLT~1\AppData\Local\Temp\b0de444617e3bf30a07f755a6d4831cc.mpf_cache
2021-06-20 16:39:35,322 : ConfigProcessor : Loading config from cache: C:\Users\SCHOLT~1\AppData\Local\Temp\200a9b2dddbe7706ffb4c4426b6d54a8.mpf_cache
2021-06-20 16:39:35,327 : ConfigProcessor : Loading config from cache: C:\Users\SCHOLT~1\AppData\Local\Temp\5ab98d4be1e8de85bea62364890eb2e9.mpf_cache
2021-06-20 16:39:35,332 : ConfigProcessor : Loading config from cache: C:\Users\SCHOLT~1\AppData\Local\Temp\4303dca7489148da2d256fc831cf8c96.mpf_cache
2021-06-20 16:39:35,337 : ConfigProcessor : Loading config from cache: C:\Users\SCHOLT~1\AppData\Local\Temp\e8fceecd8f65a6a7269e98c7961bbf6a.mpf_cache
2021-06-20 16:39:35,343 : ConfigProcessor : Loading config from cache: C:\Users\SCHOLT~1\AppData\Local\Temp\c84d6d08bf6f923cbcccfeeea02d2c8a.mpf_cache
2021-06-20 16:39:35,348 : ConfigProcessor : Loading config from cache: C:\Users\SCHOLT~1\AppData\Local\Temp\159a0b7ffc6de2ed1a8cdcd57b7df3c0.mpf_cache
2021-06-20 16:39:35,388 : ConfigProcessor : Loading config from cache: C:\Users\SCHOLT~1\AppData\Local\Temp\47da5935da57327449007069e0d0551c.mpf_cache
2021-06-20 16:39:35,405 : ConfigProcessor : Loading config from cache: C:\Users\SCHOLT~1\AppData\Local\Temp\b1234e2c44a33609dc2af4760c4a3f89.mpf_cache
2021-06-20 16:39:35,414 : ConfigProcessor : Loading config from cache: C:\Users\SCHOLT~1\AppData\Local\Temp\466eddfec572894d9eb472ce07aa5fba.mpf_cache
2021-06-20 16:39:35,421 : ConfigProcessor : Loading config from cache: C:\Users\SCHOLT~1\AppData\Local\Temp\93429a2a8e0859f6546b68f40c2a4656.mpf_cache
2021-06-20 16:39:35,428 : ConfigProcessor : Loading config from cache: C:\Users\SCHOLT~1\AppData\Local\Temp\95ae88fb094583fa2b4097c6df179650.mpf_cache
2021-06-20 16:39:35,436 : ConfigProcessor : Loading config from cache: C:\Users\SCHOLT~1\AppData\Local\Temp\de2d3fc178b15ce3807fa4ab35b9c965.mpf_cache
2021-06-20 16:39:35,450 : ConfigProcessor : Loading config from cache: C:\Users\SCHOLT~1\AppData\Local\Temp\0c80ca2179989d09b86c78c19ec87d9b.mpf_cache
2021-06-20 16:39:35,459 : ConfigProcessor : Loading config from cache: C:\Users\SCHOLT~1\AppData\Local\Temp\95e265efe14e4eb05d8d5c5689c9ae6b.mpf_cache
2021-06-20 16:39:35,467 : ConfigProcessor : Loading config from cache: C:\Users\SCHOLT~1\AppData\Local\Temp\ba047bbdc168fca96d58d351c4240916.mpf_cache
2021-06-20 16:39:35,480 : ConfigProcessor : Loading config from cache: C:\Users\SCHOLT~1\AppData\Local\Temp\7c1900736275ba8a713cfe77e991e929.mpf_cache
2021-06-20 16:39:35,497 : ConfigProcessor : Loading config from cache: C:\Users\SCHOLT~1\AppData\Local\Temp\db3d1ab92e5d5c563b40d82372434517.mpf_cache
2021-06-20 16:39:35,504 : ConfigProcessor : Loading config from cache: C:\Users\SCHOLT~1\AppData\Local\Temp\78980531363184480bbd7075661ced33.mpf_cache
2021-06-20 16:39:35,511 : ConfigProcessor : Loading config from cache: C:\Users\SCHOLT~1\AppData\Local\Temp\efcf079e5af2b94e88dae4e07273acc8.mpf_cache
2021-06-20 16:39:35,518 : ConfigProcessor : Loading config from cache: C:\Users\SCHOLT~1\AppData\Local\Temp\44231afd4be159e8c99041e8eb88670e.mpf_cache
2021-06-20 16:39:35,524 : mpfmc : Mission Pinball Framework Media Controller v0.55.0-dev.11
2021-06-20 16:39:35,524 : mpfmc : Mission Pinball Framework Game Engine v0.55.0-dev.58
2021-06-20 16:39:35,524 : mpfmc : Machine path: E:\MPF\wows\wows
2021-06-20 16:39:35,524 : mpfmc : Starting clock at 60.0Hz
2021-06-20 16:39:35,622 : kivy : Text: Provider: sdl2
2021-06-20 16:39:35,749 : kivy : Window: Provider: sdl2
2021-06-20 16:39:36,360 : kivy : GL: Using the "OpenGL" graphics system
2021-06-20 16:39:36,376 : kivy : GL: GLEW initialization succeeded
2021-06-20 16:39:36,378 : kivy : GL: Backend used <glew>
2021-06-20 16:39:36,379 : kivy : GL: OpenGL version <b'4.6.0 NVIDIA 391.35'>
2021-06-20 16:39:36,379 : kivy : GL: OpenGL vendor <b'NVIDIA Corporation'>
2021-06-20 16:39:36,379 : kivy : GL: OpenGL renderer <b'GeForce GTX 1060 6GB/PCIe/SSE2'>
2021-06-20 16:39:36,379 : kivy : GL: OpenGL parsed version: 4, 6
2021-06-20 16:39:36,380 : kivy : GL: Shading version <b'4.60 NVIDIA'>
2021-06-20 16:39:36,380 : kivy : GL: Texture max size <32768>
2021-06-20 16:39:36,380 : kivy : GL: Texture max units <32>
2021-06-20 16:39:36,453 : kivy : Window: auto add sdl2 input provider
2021-06-20 16:39:36,453 : kivy : Window: virtual keyboard not allowed, single mode, not docked
2021-06-20 16:39:38,738 : AudioInterface : Initialized
2021-06-20 16:39:38,738 : AudioInterface : Loaded SDL 2.0.12
2021-06-20 16:39:38,738 : AudioInterface : Loaded SDL_Mixer 2.0.4
2021-06-20 16:39:38,738 : AudioInterface : Loaded GStreamer 1.18.0.0
2021-06-20 16:39:38,738 : AudioInterface : Loaded GLib 2.62.6
2021-06-20 16:39:38,738 : AudioInterface : Settings requested - rate: 44100, channels: 1, buffer: 2048 samples
2021-06-20 16:39:38,738 : AudioInterface : Settings in use - rate: 44100, channels: 1, buffer: 2048 samples (4096 bytes @ 2 bytes per sample)
2021-06-20 16:39:38,740 : AudioInterface : Enabling audio playback
2021-06-20 16:39:38,742 : kivy : Base: Start application main loop
2021-06-20 16:39:38,742 : EventManager : Event: ======'display_dmd_initialized'====== Args={}
2021-06-20 16:39:38,755 : mpfmc : Display: Setting 'dmd' as default display
2021-06-20 16:39:38,807 : kivy : GL: NPOT texture support is available
2021-06-20 16:39:38,819 : EventManager : Event: ======'displays_initialized'====== Args={}
2021-06-20 16:39:38,820 : EventManager : Event: ======'slide_dmd_blank_created'====== Args={}
2021-06-20 16:39:38,820 : EventManager : Event: ======'display_dmd_ready'====== Args={}
2021-06-20 16:39:38,839 : EventManager : Event: ======'init_phase_1'====== Args={}
2021-06-20 16:39:38,845 : EventManager : Event: ======'mc_ready'====== Args={}
2021-06-20 16:39:38,845 : EventManager : Event: ======'init_phase_2'====== Args={}
2021-06-20 16:39:38,934 : EventManager : Event: ======'init_phase_3'====== Args={}
2021-06-20 16:39:39,022 : EventManager : Event: ======'init_phase_4'====== Args={}
2021-06-20 16:39:39,022 : EventManager : Event: ======'init_phase_5'====== Args={}
2021-06-20 16:39:39,055 : EventManager : Event: ======'loading_assets'====== Args={'total': 270, 'loaded': 1, 'remaining': 269, 'percent': 0}
2021-06-20 16:39:39,055 : AssetManager : Loading assets: 1/270 (0%)
2021-06-20 16:39:42,914 : kivy : Base: Leaving application in progress...
2021-06-20 16:39:42,914 : mpfmc : Stopping...
2021-06-20 16:39:42,914 : EventManager : Event: ======'shutdown'====== Args={}
2021-06-20 16:39:42,914 : AudioInterface : Disabling audio playback
2021-06-20 16:39:43,040 : mpfmc : Loop rate 53.97 Hz
2021-06-20 16:39:43,041 : kivy : MC run loop ended.
2021-06-20 16:39:43,041 : kivy : Stopping child threads... (1 remaining)
2021-06-20 16:39:43,141 : kivy : All child threads stopped.
