2021-01-27 16:14:14,913 : INFO : root : Loading config.
2021-01-27 16:14:14,916 : INFO : YamlMultifileConfigLoader : Machine config file #1: config.yaml
2021-01-27 16:14:14,917 : WARNING : ConfigProcessor : Config file in cache changed: E:\MPF\wows\wows\config\config.yaml
2021-01-27 16:14:14,917 : INFO : ConfigProcessor : Loading config from file c:\users\schol\appdata\local\programs\python\python36\lib\site-packages\mpf\mpfconfig.yaml.
2021-01-27 16:14:14,982 : INFO : ConfigProcessor : Loading config: c:\users\schol\appdata\local\programs\python\python36\lib\site-packages\mpf\mpfconfig.yaml
2021-01-27 16:14:14,983 : INFO : ConfigProcessor : Loading config from file E:\MPF\wows\wows\config\config.yaml.
2021-01-27 16:14:15,198 : INFO : ConfigProcessor : Loading config: E:\MPF\wows\wows\config\config.yaml
2021-01-27 16:14:15,243 : INFO : ConfigProcessor : Loading config: E:\MPF\wows\wows\config\config_mode_support.yaml
2021-01-27 16:14:15,269 : INFO : ConfigProcessor : Loading config: E:\MPF\wows\wows\config\config_hc_support.yaml
2021-01-27 16:14:15,274 : INFO : ConfigProcessor : Loading config: E:\MPF\wows\wows\config\config_capture_support.yaml
2021-01-27 16:14:15,280 : INFO : ConfigProcessor : Config file cache created: C:\Users\schol\AppData\Local\Temp\1ed54315bc874a19390ba34e1a0f1800.mpf_cache
2021-01-27 16:14:15,345 : INFO : ConfigProcessor : Loading config from cache: C:\Users\schol\AppData\Local\Temp\d7d60495530237b374578b281bb65f31.mpf_cache
2021-01-27 16:14:15,346 : INFO : ConfigProcessor : Loading config from cache: C:\Users\schol\AppData\Local\Temp\cd9adc04f71a18563c8a43d82180f6f2.mpf_cache
2021-01-27 16:14:15,346 : INFO : ConfigProcessor : Loading config from cache: C:\Users\schol\AppData\Local\Temp\d7d60495530237b374578b281bb65f31.mpf_cache
2021-01-27 16:14:15,347 : INFO : ConfigProcessor : Loading config from cache: C:\Users\schol\AppData\Local\Temp\4bea832e3562a43fbe38f9764d71c298.mpf_cache
2021-01-27 16:14:15,347 : INFO : ConfigProcessor : Loading config from cache: C:\Users\schol\AppData\Local\Temp\45b3b9aa5591eaef8a230445e70fa468.mpf_cache
2021-01-27 16:14:15,348 : INFO : ConfigProcessor : Loading config from cache: C:\Users\schol\AppData\Local\Temp\c96ee90647ae5b034e2dd42c348c42ad.mpf_cache
2021-01-27 16:14:15,349 : INFO : ConfigProcessor : Loading config from cache: C:\Users\schol\AppData\Local\Temp\ca0415bb38fd20ce1ae72b2592ece46e.mpf_cache
2021-01-27 16:14:15,349 : INFO : ConfigProcessor : Loading config from cache: C:\Users\schol\AppData\Local\Temp\72e9fea1cb562e40024eb5e8538ccaf2.mpf_cache
2021-01-27 16:14:15,350 : INFO : ConfigProcessor : Loading config from cache: C:\Users\schol\AppData\Local\Temp\c22c03646c3330fed25ec0d2c1900176.mpf_cache
2021-01-27 16:14:15,350 : INFO : ConfigProcessor : Loading config from cache: C:\Users\schol\AppData\Local\Temp\4f40b51a2a6ab6b3327b174347355c6f.mpf_cache
2021-01-27 16:14:15,351 : INFO : ConfigProcessor : Loading config from cache: C:\Users\schol\AppData\Local\Temp\39fabcdae38f081491893b3f9bf3922e.mpf_cache
2021-01-27 16:14:15,351 : INFO : ConfigProcessor : Loading config from cache: C:\Users\schol\AppData\Local\Temp\943ecf72a5798e3efec3d4f70c6ce1d2.mpf_cache
