2022-07-29 00:18:02,004 : kivy : Factory: 184 symbols loaded
2022-07-29 00:18:02,114 : kivy : ImageLoaderFFPy: Using ffpyplayer 4.3.1
2022-07-29 00:18:02,115 : kivy : Image: Providers: img_tex, img_dds, img_sdl2, img_pil, img_ffpyplayer, img_gif 
2022-07-29 00:18:02,157 : kivy : VideoGstplayer: Using Gstreamer 1.16.0.0
2022-07-29 00:18:02,157 : kivy : Video: Provider: gstplayer
2022-07-29 00:18:02,224 : kivy : Loading MPF-MC controller
2022-07-29 00:18:02,227 : YamlMultifileConfigLoader : Machine config file #1: config
2022-07-29 00:18:02,228 : ConfigProcessor : Config file in cache changed: E:\MPF\wows\wows\config\config
2022-07-29 00:18:02,228 : ConfigProcessor : Loading config from file c:\users\dell\appdata\local\programs\python\python36\lib\site-packages\mpfmc\mcconfig.yaml.
2022-07-29 00:18:02,263 : ConfigProcessor : Loading config: c:\users\dell\appdata\local\programs\python\python36\lib\site-packages\mpfmc\mcconfig.yaml
2022-07-29 00:18:02,264 : ConfigProcessor : Loading config from file E:\MPF\wows\wows\config\config.
2022-07-29 00:18:02,466 : ConfigProcessor : Loading config: E:\MPF\wows\wows\config\config
2022-07-29 00:18:02,487 : ConfigProcessor : Loading config: E:\MPF\wows\wows\config\config_hc_support.yaml
2022-07-29 00:18:02,490 : ConfigProcessor : Loading config: E:\MPF\wows\wows\config\config_capture_support.yaml
2022-07-29 00:18:02,501 : ConfigProcessor : Loading config: E:\MPF\wows\wows\config\config_commander_support.yaml
2022-07-29 00:18:02,506 : ConfigProcessor : Config file cache created: C:\Users\dell\AppData\Local\Temp\6d82fd4a30091e02690fac5de20c7449.mpf_cache
2022-07-29 00:18:02,507 : ConfigProcessor : Loading config from cache: C:\Users\dell\AppData\Local\Temp\59a64183768b31a5bf2b8a1c5fa05afc.mpf_cache
2022-07-29 00:18:02,507 : ConfigProcessor : Loading config from cache: C:\Users\dell\AppData\Local\Temp\e4aaedaa0a5d6d283bdf8896bd678b71.mpf_cache
2022-07-29 00:18:02,508 : ConfigProcessor : Loading config from cache: C:\Users\dell\AppData\Local\Temp\59a64183768b31a5bf2b8a1c5fa05afc.mpf_cache
2022-07-29 00:18:02,508 : ConfigProcessor : Loading config from cache: C:\Users\dell\AppData\Local\Temp\d05889abdb32f5a85db64ac2e197f4ff.mpf_cache
2022-07-29 00:18:02,509 : ConfigProcessor : Loading config from cache: C:\Users\dell\AppData\Local\Temp\434c2e3a52e1507818428e1c584a9ae0.mpf_cache
2022-07-29 00:18:02,509 : ConfigProcessor : Loading config from cache: C:\Users\dell\AppData\Local\Temp\c96ee90647ae5b034e2dd42c348c42ad.mpf_cache
2022-07-29 00:18:02,509 : ConfigProcessor : Loading config from cache: C:\Users\dell\AppData\Local\Temp\ca0415bb38fd20ce1ae72b2592ece46e.mpf_cache
2022-07-29 00:18:02,510 : ConfigProcessor : Loading config from cache: C:\Users\dell\AppData\Local\Temp\72e9fea1cb562e40024eb5e8538ccaf2.mpf_cache
2022-07-29 00:18:02,510 : ConfigProcessor : Loading config from cache: C:\Users\dell\AppData\Local\Temp\c22c03646c3330fed25ec0d2c1900176.mpf_cache
2022-07-29 00:18:02,511 : ConfigProcessor : Loading config from cache: C:\Users\dell\AppData\Local\Temp\4f40b51a2a6ab6b3327b174347355c6f.mpf_cache
2022-07-29 00:18:02,511 : ConfigProcessor : Loading config from cache: C:\Users\dell\AppData\Local\Temp\39fabcdae38f081491893b3f9bf3922e.mpf_cache
2022-07-29 00:18:02,512 : ConfigProcessor : Loading config from cache: C:\Users\dell\AppData\Local\Temp\943ecf72a5798e3efec3d4f70c6ce1d2.mpf_cache
2022-07-29 00:18:02,512 : ConfigProcessor : Loading config from cache: C:\Users\dell\AppData\Local\Temp\04d9c03061fa17a1f6b23081f79db9ab.mpf_cache
2022-07-29 00:18:02,513 : ConfigProcessor : Loading config from cache: C:\Users\dell\AppData\Local\Temp\1ff29be1d22fb14fe5fd1c82a6918df4.mpf_cache
2022-07-29 00:18:02,513 : ConfigProcessor : Loading config from cache: C:\Users\dell\AppData\Local\Temp\f0ffd5ecaddfe34035bf3b1779215a88.mpf_cache
2022-07-29 00:18:02,514 : ConfigProcessor : Loading config from cache: C:\Users\dell\AppData\Local\Temp\b0de444617e3bf30a07f755a6d4831cc.mpf_cache
2022-07-29 00:18:02,514 : ConfigProcessor : Loading config from cache: C:\Users\dell\AppData\Local\Temp\200a9b2dddbe7706ffb4c4426b6d54a8.mpf_cache
2022-07-29 00:18:02,514 : ConfigProcessor : Loading config from cache: C:\Users\dell\AppData\Local\Temp\5ab98d4be1e8de85bea62364890eb2e9.mpf_cache
2022-07-29 00:18:02,515 : ConfigProcessor : Loading config from cache: C:\Users\dell\AppData\Local\Temp\4303dca7489148da2d256fc831cf8c96.mpf_cache
2022-07-29 00:18:02,515 : ConfigProcessor : Loading config from cache: C:\Users\dell\AppData\Local\Temp\e8fceecd8f65a6a7269e98c7961bbf6a.mpf_cache
2022-07-29 00:18:02,515 : ConfigProcessor : Loading config from cache: C:\Users\dell\AppData\Local\Temp\c84d6d08bf6f923cbcccfeeea02d2c8a.mpf_cache
2022-07-29 00:18:02,516 : ConfigProcessor : Loading config from cache: C:\Users\dell\AppData\Local\Temp\159a0b7ffc6de2ed1a8cdcd57b7df3c0.mpf_cache
2022-07-29 00:18:02,516 : ConfigProcessor : Loading config from cache: C:\Users\dell\AppData\Local\Temp\47da5935da57327449007069e0d0551c.mpf_cache
2022-07-29 00:18:02,517 : ConfigProcessor : Loading config from cache: C:\Users\dell\AppData\Local\Temp\b1234e2c44a33609dc2af4760c4a3f89.mpf_cache
2022-07-29 00:18:02,521 : ConfigProcessor : Loading config from cache: C:\Users\dell\AppData\Local\Temp\7ab9985e2a62b75a325504808417b1e7.mpf_cache
2022-07-29 00:18:02,522 : ConfigProcessor : Loading config from cache: C:\Users\dell\AppData\Local\Temp\466eddfec572894d9eb472ce07aa5fba.mpf_cache
2022-07-29 00:18:02,522 : ConfigProcessor : Loading config from cache: C:\Users\dell\AppData\Local\Temp\93429a2a8e0859f6546b68f40c2a4656.mpf_cache
2022-07-29 00:18:02,522 : ConfigProcessor : Loading config from cache: C:\Users\dell\AppData\Local\Temp\95ae88fb094583fa2b4097c6df179650.mpf_cache
2022-07-29 00:18:02,523 : ConfigProcessor : Loading config from cache: C:\Users\dell\AppData\Local\Temp\de2d3fc178b15ce3807fa4ab35b9c965.mpf_cache
2022-07-29 00:18:02,523 : ConfigProcessor : Loading config from cache: C:\Users\dell\AppData\Local\Temp\0c80ca2179989d09b86c78c19ec87d9b.mpf_cache
2022-07-29 00:18:02,524 : ConfigProcessor : Loading config from cache: C:\Users\dell\AppData\Local\Temp\95e265efe14e4eb05d8d5c5689c9ae6b.mpf_cache
2022-07-29 00:18:02,524 : ConfigProcessor : Loading config from cache: C:\Users\dell\AppData\Local\Temp\ba047bbdc168fca96d58d351c4240916.mpf_cache
2022-07-29 00:18:02,524 : ConfigProcessor : Loading config from cache: C:\Users\dell\AppData\Local\Temp\7c1900736275ba8a713cfe77e991e929.mpf_cache
2022-07-29 00:18:02,525 : ConfigProcessor : Loading config from cache: C:\Users\dell\AppData\Local\Temp\db3d1ab92e5d5c563b40d82372434517.mpf_cache
2022-07-29 00:18:02,525 : ConfigProcessor : Loading config from cache: C:\Users\dell\AppData\Local\Temp\78980531363184480bbd7075661ced33.mpf_cache
2022-07-29 00:18:02,526 : ConfigProcessor : Loading config from cache: C:\Users\dell\AppData\Local\Temp\efcf079e5af2b94e88dae4e07273acc8.mpf_cache
2022-07-29 00:18:02,526 : ConfigProcessor : Loading config from cache: C:\Users\dell\AppData\Local\Temp\44231afd4be159e8c99041e8eb88670e.mpf_cache
2022-07-29 00:18:02,526 : ConfigProcessor : Loading config from cache: C:\Users\dell\AppData\Local\Temp\2b5357265150b67996b1d26df60329cf.mpf_cache
2022-07-29 00:18:02,527 : mpfmc : Mission Pinball Framework Media Controller v0.54.2
2022-07-29 00:18:02,527 : mpfmc : Mission Pinball Framework Game Engine v0.54.6
2022-07-29 00:18:02,527 : mpfmc : Machine path: E:\MPF\wows\wows
2022-07-29 00:18:02,527 : mpfmc : Starting clock at 60.0Hz
2022-07-29 00:18:02,541 : kivy : Text: Provider: sdl2
2022-07-29 00:18:02,574 : kivy : Window: Provider: sdl2
2022-07-29 00:18:02,765 : kivy : GL: Using the "OpenGL" graphics system
2022-07-29 00:18:02,771 : kivy : GL: GLEW initialization succeeded
2022-07-29 00:18:02,771 : kivy : GL: Backend used <glew>
2022-07-29 00:18:02,771 : kivy : GL: OpenGL version <b'4.6.0 NVIDIA 461.09'>
2022-07-29 00:18:02,771 : kivy : GL: OpenGL vendor <b'NVIDIA Corporation'>
2022-07-29 00:18:02,771 : kivy : GL: OpenGL renderer <b'GeForce GTX 1060 6GB/PCIe/SSE2'>
2022-07-29 00:18:02,772 : kivy : GL: OpenGL parsed version: 4, 6
2022-07-29 00:18:02,772 : kivy : GL: Shading version <b'4.60 NVIDIA'>
2022-07-29 00:18:02,772 : kivy : GL: Texture max size <32768>
2022-07-29 00:18:02,772 : kivy : GL: Texture max units <32>
2022-07-29 00:18:02,788 : kivy : Window: auto add sdl2 input provider
2022-07-29 00:18:02,789 : kivy : Window: virtual keyboard not allowed, single mode, not docked
2022-07-29 00:18:03,005 : AudioInterface : Initialized
2022-07-29 00:18:03,007 : kivy : Base: Start application main loop
2022-07-29 00:18:03,008 : EventManager : Event: ======'display_dmd_initialized'====== Args={}
2022-07-29 00:18:03,066 : mpfmc : Display: Setting 'dmd' as default display
2022-07-29 00:18:03,071 : kivy : GL: NPOT texture support is available
2022-07-29 00:18:03,081 : EventManager : Event: ======'displays_initialized'====== Args={}
2022-07-29 00:18:03,081 : EventManager : Event: ======'slide_dmd_blank_created'====== Args={}
2022-07-29 00:18:03,081 : EventManager : Event: ======'display_dmd_ready'====== Args={}
2022-07-29 00:18:03,089 : EventManager : Event: ======'init_phase_1'====== Args={}
2022-07-29 00:18:03,092 : EventManager : Event: ======'mc_ready'====== Args={}
2022-07-29 00:18:03,092 : EventManager : Event: ======'init_phase_2'====== Args={}
2022-07-29 00:18:03,172 : ConfigValidator : Your config contains a value for the setting "widget_player:widget", but this is not a valid setting name.
2022-07-29 00:18:03,172 : kivy : Base: Leaving application in progress...
2022-07-29 00:18:03,172 : kivy : Exception while processing RegisteredHandler(callback=<bound method ModeController._load_modes of <mpfmc.core.mode_controller.ModeController object at 0x00000203E5663748>>, priority=1, kwargs={}, key=UUID('1ba3e3bb-9f07-4cc7-9e15-86eb7de56645'), condition=None, blocking_facility=None) for event init_phase_2. Config File Error in ConfigValidator: Error while loading mode 'mode_manager' >> Failed to load config player mode_8_end_desc_slide_remove:widgets with settings {'end_mode_8_description': None, 'slide': 'mode_end_completed_slide', 'action': 'remove'} >> Your config contains a value for the setting "widget_player:widget", but this is not a valid setting name. Error Code: CFE-ConfigValidator-2 (https://docs.missionpinball.org/en/0.54/logs/CFE-ConfigValidator-2.html)
Traceback (most recent call last):
  File "c:\users\dell\appdata\local\programs\python\python36\lib\site-packages\mpf\core\events.py", line 683, in _run_handlers
    result = handler.callback(**merged_kwargs)
  File "c:\users\dell\appdata\local\programs\python\python36\lib\site-packages\mpfmc\core\mode_controller.py", line 76, in _load_modes
    raise e
  File "c:\users\dell\appdata\local\programs\python\python36\lib\site-packages\mpfmc\core\mode_controller.py", line 73, in _load_modes
    **item.kwargs)
  File "c:\users\dell\appdata\local\programs\python\python36\lib\site-packages\mpf\core\config_player.py", line 133, in process_mode_config
    config = self.validate_config(config)
  File "c:\users\dell\appdata\local\programs\python\python36\lib\site-packages\mpf\core\config_player.py", line 105, in validate_config
    validated_config[event] = self.validate_config_entry(settings, event)
  File "c:\users\dell\appdata\local\programs\python\python36\lib\site-packages\mpf\config_players\device_config_player.py", line 55, in validate_config_entry
    raise e
  File "c:\users\dell\appdata\local\programs\python\python36\lib\site-packages\mpf\config_players\device_config_player.py", line 51, in validate_config_entry
    self._validate_config_item(device, device_settings))
  File "c:\users\dell\appdata\local\programs\python\python36\lib\site-packages\mpfmc\config_players\widget_player.py", line 110, in _validate_config_item
    validated_dict = super()._validate_config_item(device, device_settings)
  File "c:\users\dell\appdata\local\programs\python\python36\lib\site-packages\mpf\config_players\device_config_player.py", line 78, in _validate_config_item
    device_settings = self._parse_config(device_settings, device)
  File "c:\users\dell\appdata\local\programs\python\python36\lib\site-packages\mpf\core\config_player.py", line 127, in _parse_config
    return self.get_full_config(config)
  File "c:\users\dell\appdata\local\programs\python\python36\lib\site-packages\mpf\core\config_player.py", line 199, in get_full_config
    self.config_file_section, value, base_spec='config_player_common')
  File "c:\users\dell\appdata\local\programs\python\python36\lib\site-packages\mpf\core\config_validator.py", line 176, in validate_config
    validation_failure_info=validation_failure_info)
  File "c:\users\dell\appdata\local\programs\python\python36\lib\site-packages\mpf\core\config_validator.py", line 188, in _validate_config
    self.check_for_invalid_sections(this_spec, source, validation_failure_info)
  File "c:\users\dell\appdata\local\programs\python\python36\lib\site-packages\mpf\core\config_validator.py", line 355, in check_for_invalid_sections
    'setting name.', 2, self.log.name)
mpf.exceptions.config_file_error.ConfigFileError: Config File Error in ConfigValidator: Error while loading mode 'mode_manager' >> Failed to load config player mode_8_end_desc_slide_remove:widgets with settings {'end_mode_8_description': None, 'slide': 'mode_end_completed_slide', 'action': 'remove'} >> Your config contains a value for the setting "widget_player:widget", but this is not a valid setting name. Error Code: CFE-ConfigValidator-2 (https://docs.missionpinball.org/en/0.54/logs/CFE-ConfigValidator-2.html)

The above exception was the direct cause of the following exception:

Traceback (most recent call last):
  File "c:\users\dell\appdata\local\programs\python\python36\lib\site-packages\mpfmc\commands\mc.py", line 224, in __init__
    thread_stopper=thread_stopper).run()
  File "c:\users\dell\appdata\local\programs\python\python36\lib\site-packages\kivy\app.py", line 855, in run
    runTouchApp()
  File "c:\users\dell\appdata\local\programs\python\python36\lib\site-packages\kivy\base.py", line 504, in runTouchApp
    EventLoop.window.mainloop()
  File "c:\users\dell\appdata\local\programs\python\python36\lib\site-packages\kivy\core\window\window_sdl2.py", line 747, in mainloop
    self._mainloop()
  File "c:\users\dell\appdata\local\programs\python\python36\lib\site-packages\kivy\core\window\window_sdl2.py", line 479, in _mainloop
    EventLoop.idle()
  File "c:\users\dell\appdata\local\programs\python\python36\lib\site-packages\kivy\base.py", line 339, in idle
    Clock.tick()
  File "c:\users\dell\appdata\local\programs\python\python36\lib\site-packages\kivy\clock.py", line 591, in tick
    self._process_events()
  File "kivy\_clock.pyx", line 384, in kivy._clock.CyClockBase._process_events
  File "kivy\_clock.pyx", line 414, in kivy._clock.CyClockBase._process_events
  File "kivy\_clock.pyx", line 412, in kivy._clock.CyClockBase._process_events
  File "kivy\_clock.pyx", line 167, in kivy._clock.ClockEvent.tick
  File "c:\users\dell\appdata\local\programs\python\python36\lib\site-packages\mpfmc\uix\display.py", line 208, in _displays_initialized
    self.mc.displays_initialized()
  File "c:\users\dell\appdata\local\programs\python\python36\lib\site-packages\mpfmc\core\mc.py", line 348, in displays_initialized
    self._init()
  File "c:\users\dell\appdata\local\programs\python\python36\lib\site-packages\mpfmc\core\mc.py", line 393, in _init
    self.events.process_event_queue()
  File "c:\users\dell\appdata\local\programs\python\python36\lib\site-packages\mpf\core\events.py", line 770, in process_event_queue
    **event[3])
  File "c:\users\dell\appdata\local\programs\python\python36\lib\site-packages\mpf\core\events.py", line 729, in _process_event
    result = self._run_handlers(event, ev_type, kwargs)
  File "c:\users\dell\appdata\local\programs\python\python36\lib\site-packages\mpf\core\events.py", line 685, in _run_handlers
    raise Exception("Exception while processing {} for event {}. {}".format(handler, event, e)) from e
Exception: Exception while processing RegisteredHandler(callback=<bound method ModeController._load_modes of <mpfmc.core.mode_controller.ModeController object at 0x00000203E5663748>>, priority=1, kwargs={}, key=UUID('1ba3e3bb-9f07-4cc7-9e15-86eb7de56645'), condition=None, blocking_facility=None) for event init_phase_2. Config File Error in ConfigValidator: Error while loading mode 'mode_manager' >> Failed to load config player mode_8_end_desc_slide_remove:widgets with settings {'end_mode_8_description': None, 'slide': 'mode_end_completed_slide', 'action': 'remove'} >> Your config contains a value for the setting "widget_player:widget", but this is not a valid setting name. Error Code: CFE-ConfigValidator-2 (https://docs.missionpinball.org/en/0.54/logs/CFE-ConfigValidator-2.html)
2022-07-29 00:18:03,194 : kivy : Stopping child threads... (1 remaining)
2022-07-29 00:18:04,098 : kivy : All child threads stopped.
